Using structure file: /home/pkas7/Research/SCOP/pdbstyle-1.75B/a6/d1a6ca3.ent
Number of residues: 165
Doing a BEZIER segmentation ...

Bounding box volume: 44331.2
Null Model Fit: 7434.68 bits.
Bits per residue: 45.3334

Bezier model fit: 6879.82 bits.
Bits per residue: 41.9501

# of segments: 18
Internal segmentation:
0-->1-->19-->30-->39-->46-->56-->59-->73-->93-->102-->114-->118-->122-->135-->139-->151-->158-->164

CPU time used: 1.56 secs.
Wall clock time elapsed: 1 secs.

        SEGMENT          START            END   NUM_RESIDUES MESSAGE_LENGTH                    END_POINTS        INTERMEDIATE_CONTROL_POINTS
              1          A 349          A 350              2        48.3705         (-20.61, 51.906, 112.925)
                                                                                    (-19.045, 53.227, 109.72)

              2          A 350          A 368             19        748.375         (-19.045, 53.227, 109.72)
                                                                                    (6.073, 58.158, 145.29)

              3          A 368          A 379             12        443.449         (6.073, 58.158, 145.29)
                                                                                    (-2.896, 39.257, 122.229)

              4          A 379          A 388             10        387.379         (-2.896, 39.257, 122.229)
                                                                                    (-6.855, 52.293, 136.687)

              5          A 388          A 395              8        295.892         (-6.855, 52.293, 136.687)
                                                                                    (-17.796, 45.549, 118.519)

              6          A 395          A 405             11        418.187         (-17.796, 45.549, 118.519)
                                                                                    (-9.5, 30.126, 118.953)

              7          A 405          A 408              4        141.287         (-9.5, 30.126, 118.953)
                                                                                    (-2.465, 36.493, 114.359)

              8          A 408          A 422             15         560.25         (-2.465, 36.493, 114.359)
                                                                                    (-6.334, 74.707, 133.005)

              9          A 422          A 442             21        845.568         (-6.334, 74.707, 133.005)
                                                                                    (14.698, 45.058, 123.714)

             10          A 442          A 451             10        384.238         (14.698, 45.058, 123.714)
                                                                                    (1.276, 65.747, 121.707)

             11          A 451          A 463             13        489.421         (1.276, 65.747, 121.707)
                                                                                    (2.087, 32.102, 115.978)

             12          A 463          A 467              5        183.165         (2.087, 32.102, 115.978)
                                                                                    (-4.534, 35.18, 125.87)

             13          A 467          A 471              5        180.822         (-4.534, 35.18, 125.87)
                                                                                    (5.504, 32.153, 125.855)

             14          A 471          A 484             14        529.964         (5.504, 32.153, 125.855)
                                                                                    (3.249, 62.992, 134.5)

             15          A 484          A 488              5        180.784         (3.249, 62.992, 134.5)
                                                                                    (-5.225, 64.856, 138.986)

             16          A 488          A 500             13        489.346         (-5.225, 64.856, 138.986)
                                                                                    (-7.199, 45.856, 112.317)

             17          A 500          A 507              8        294.601         (-7.199, 45.856, 112.317)
                                                                                    (-10.992, 28.052, 114.877)

             18          A 507          A 513              7        258.718         (-10.992, 28.052, 114.877)
                                                                                    (-20.096, 34.41, 129.857)

