Using structure file: /home/pkas7/Research/SCOP/pdbstyle-1.75B/ae/d1ae9a_.ent
Number of residues: 171
Doing a BEZIER segmentation ...

Bounding box volume: 57071.3
Null Model Fit: 7768.63 bits.
Bits per residue: 45.6978

Bezier model fit: 7158.06 bits.
Bits per residue: 42.1062

# of segments: 17
Internal segmentation:
0-->4-->18-->33-->35-->43-->49-->58-->65-->72-->90-->106-->120-->124-->129-->143-->165-->170

CPU time used: 1.62 secs.
Wall clock time elapsed: 1 secs.

        SEGMENT          START            END   NUM_RESIDUES MESSAGE_LENGTH                    END_POINTS        INTERMEDIATE_CONTROL_POINTS
              1          A 177          A 181              5        180.823         (41.872, 22.38, 7.25)
                                                                                    (29.67, 22.702, 11.987)

              2          A 181          A 195             15        575.878         (29.67, 22.702, 11.987)
                                                                                    (37.779, 21.309, 30.912)

              3          A 195          A 210             16         620.93         (37.779, 21.309, 30.912)
                                                                                    (33.136, 36.404, 15.713)

              4          A 210          A 212              3        95.4327         (33.136, 36.404, 15.713)
                                                                                    (39.884, 36.255, 16.555)

              5          A 212          A 220              9        340.768         (39.884, 36.255, 16.555)
                                                                                    (38.18, 43.701, 29.278)

              6          A 220          A 226              7        262.424         (38.18, 43.701, 29.278)
                                                                                    (26.331, 51.532, 27.14)

              7          A 226          A 235             10        369.677         (26.331, 51.532, 27.14)
                                                                                    (46.231, 42.401, 13.85)

              8          A 235          A 242              8        298.074         (46.231, 42.401, 13.85)
                                                                                    (29.638, 45.215, 19.044)

              9          A 242          A 249              8        305.123         (29.638, 45.215, 19.044)
                                                                                    (20.055, 31.481, 17.32)

             10          A 249          A 267             19        734.684         (20.055, 31.481, 17.32)
                                                                                    (35.445, 37.458, 37.378)

             11          A 267          A 283             17        683.395         (35.445, 37.458, 37.378)
                                                                                    (47.877, 29.38, 22.846)

             12          A 283          A 297             15        566.675         (47.877, 29.38, 22.846)
                                                                                    (35.764, 11.572, 19.499)

             13          A 297          A 301              5        178.549         (35.764, 11.572, 19.499)
                                                                                    (38.191, 14.993, 6.717)

             14          A 301          A 306              6        224.422         (38.191, 14.993, 6.717)
                                                                                    (41.167, 24.475, 15.712)

             15          A 306          A 320             15          569.2         (41.167, 24.475, 15.712)
                                                                                    (22.189, 32.854, 7.48)

             16          A 320          A 350             23        936.639         (22.189, 32.854, 7.48)
                                                                                    (34.545, 53.298, 15.62)

             17          A 350          A 355              6        215.362         (34.545, 53.298, 15.62)
                                                                                    (20.814, 44.798, 13.792)

