Using structure file: /home/pkas7/Research/SCOP/pdbstyle-1.75B/az/d1azsa_.ent
Number of residues: 190
Doing a BEZIER segmentation ...

Bounding box volume: 81212.3
Null Model Fit: 8733.08 bits.
Bits per residue: 46.2068

Bezier model fit: 7871.24 bits.
Bits per residue: 41.6468

# of segments: 18
Internal segmentation:
0-->1-->14-->23-->32-->55-->63-->72-->78-->102-->114-->124-->134-->147-->155-->162-->174-->181-->189

CPU time used: 1.85 secs.
Wall clock time elapsed: 1 secs.

        SEGMENT          START            END   NUM_RESIDUES MESSAGE_LENGTH                    END_POINTS        INTERMEDIATE_CONTROL_POINTS
              1          A 376          A 377              2        49.2438         (29.201, -27.067, 36.874)
                                                                                    (28.821, -26.517, 33.101)

              2          A 377          A 390             14        536.995         (28.821, -26.517, 33.101)
                                                                                    (33.362, -14.878, 62.123)

              3          A 390          A 399             10        369.285         (33.362, -14.878, 62.123)
                                                                                    (61.995, -7.989, 64.014)

              4          A 399          A 408             10        385.728         (61.995, -7.989, 64.014)
                                                                                    (71.909, -20.097, 59.5)

              5          A 408          A 431             24        912.867         (71.909, -20.097, 59.5)
                                                                                    (38.906, -23.085, 68.619)

              6          A 431          A 439              9        348.664         (38.906, -23.085, 68.619)
                                                                                    (56.533, -16.545, 55.483)

              7          A 439          A 448             10        370.371         (56.533, -16.545, 55.483)
                                                                                    (34.76, -21.911, 61.239)

              8          A 448          A 454              7        270.216         (34.76, -21.911, 61.239)
                                                                                    (32.614, -17.157, 71.391)

              9          A 454          A 478             25        942.136         (32.614, -17.157, 71.391)
                                                                                    (68.346, -14.398, 72.48)

             10          A 478          A 490             13        493.634         (68.346, -14.398, 72.48)
                                                                                    (32.363, -9.846, 59.904)

             11          A 490          A 500             11        426.728         (32.363, -9.846, 59.904)
                                                                                    (45.84, -27.81, 41.529)

             12          A 500          A 510             11        424.579         (45.84, -27.81, 41.529)
                                                                                    (36.681, -7.962, 56.291)

             13          A 510          A 523             14        540.805         (36.681, -7.962, 56.291)
                                                                                    (54.298, -4.753, 68.9)

             14          A 523          A 531              9         338.31         (54.298, -4.753, 68.9)
                                                                                    (33.106, -4.827, 65.161)

             15          A 531          A 538              8        309.287         (33.106, -4.827, 65.161)
                                                                                    (33.22, -5.938, 76.905)

             16          A 538          A 550             13        507.517         (33.22, -5.938, 76.905)
                                                                                    (49.647, 3.603, 61.619)

             17          A 550          A 557              8        310.415         (49.647, 3.603, 61.619)
                                                                                    (38.15, 4.201, 56.096)

             18          A 557          A 565              9         334.46         (38.15, 4.201, 56.096)
                                                                                    (45.025, -4.51, 78.076)

