Using structure file: /home/pkas7/Research/SCOP/pdbstyle-1.75B/b3/d1b3ta_.ent
Number of residues: 147
Doing a BEZIER segmentation ...

Bounding box volume: 90127.1
Null Model Fit: 6768.13 bits.
Bits per residue: 46.357

Bezier model fit: 6079.76 bits.
Bits per residue: 41.6422

# of segments: 16
Internal segmentation:
0-->10-->15-->30-->39-->50-->52-->68-->74-->85-->94-->96-->106-->107-->126-->140-->146

CPU time used: 1.36 secs.
Wall clock time elapsed: 1 secs.

        SEGMENT          START            END   NUM_RESIDUES MESSAGE_LENGTH                    END_POINTS        INTERMEDIATE_CONTROL_POINTS
              1          A 461          A 471             11        434.358         (25.318, -8.009, -3.4)
                                                                                    (23.397, 9.15, 5.361)

              2          A 471          A 476              6         221.53         (23.397, 9.15, 5.361)
                                                                                    (18.865, 7.381, -10.455)

              3          A 476          A 491             16        604.416         (18.865, 7.381, -10.455)
                                                                                    (1.528, 22.683, -9.448)

              4          A 491          A 500             10        381.668         (1.528, 22.683, -9.448)
                                                                                    (10.004, 31.604, 12.996)

              5          A 500          A 511             12        456.868         (10.004, 31.604, 12.996)
                                                                                    (1.212, 1.31, 4.09)

              6          A 511          A 513              3        96.7511         (1.212, 1.31, 4.09)
                                                                                    (5.173, -2.297, 1.402)

              7          A 513          A 529             17        650.466         (5.173, -2.297, 1.402)
                                                                                    (15.41, 20.196, 0.973)

              8          A 529          A 535              7        256.902         (15.41, 20.196, 0.973)
                                                                                    (13.416, 6.625, 9.73)

              9          A 535          A 546             12        449.798         (13.416, 6.625, 9.73)
                                                                                    (-16.377, -7.391, 18.096)

             10          A 546          A 555             10        387.013         (-16.377, -7.391, 18.096)
                                                                                    (1.615, -4.834, 19.754)

             11          A 555          A 557              3        96.7511         (1.615, -4.834, 19.754)
                                                                                    (2.13, -4.975, 12.883)

             12          A 557          A 567             11        402.723         (2.13, -4.975, 12.883)
                                                                                    (7.208, 24.516, 8.521)

             13          A 567          A 568              2        49.3941         (7.208, 24.516, 8.521)
                                                                                    (3.845, 25.383, 7.029)

             14          A 568          A 587             20        761.073         (3.845, 25.383, 7.029)
                                                                                    (0.372, -0.784, -9.43)

             15          A 587          A 601             15        571.646         (0.372, -0.784, -9.43)
                                                                                    (-0.676, 21.834, 18.421)

             16          A 601          A 607              7        258.398         (-0.676, 21.834, 18.421)
                                                                                    (17.261, 18.828, 17.738)

