Using structure file: /home/pkas7/Research/SCOP/pdbstyle-1.75B/b5/d1b5ea_.ent
Number of residues: 241
Doing a BEZIER segmentation ...

Bounding box volume: 93164.9
Null Model Fit: 11137.2 bits.
Bits per residue: 46.4049

Bezier model fit: 10064.2 bits.
Bits per residue: 41.9343

# of segments: 23
Internal segmentation:
0-->6-->20-->25-->40-->52-->66-->77-->78-->86-->100-->101-->118-->138-->157-->167-->171-->197-->198-->211-->218-->231-->239-->240

CPU time used: 2.42 secs.
Wall clock time elapsed: 2 secs.

        SEGMENT          START            END   NUM_RESIDUES MESSAGE_LENGTH                    END_POINTS        INTERMEDIATE_CONTROL_POINTS
              1            A 1            A 7              7        265.476         (15.166, 10.851, -4.93)
                                                                                    (5.361, 9.713, 8.678)

              2            A 7           A 21             15        568.319         (5.361, 9.713, 8.678)
                                                                                    (-3.246, -6.78, 19.546)

              3           A 21           A 26              6        215.857         (-3.246, -6.78, 19.546)
                                                                                    (9.624, -8.283, 27.655)

              4           A 26           A 41             16        644.838         (9.624, -8.283, 27.655)
                                                                                    (9.97, 7.08, 8.897)

              5           A 41           A 53             13        525.186         (9.97, 7.08, 8.897)
                                                                                    (9.634, 19.772, 27.62)

              6           A 53           A 67             15        568.332         (9.634, 19.772, 27.62)
                                                                                    (31.12, 16.906, 26.226)

              7           A 67           A 78             12        480.271         (31.12, 16.906, 26.226)
                                                                                    (20.443, 15.134, 37.265)

              8           A 78           A 79              2        49.4419         (20.443, 15.134, 37.265)
                                                                                    (17.366, 13.145, 36.106)

              9           A 79           A 87              9        342.459         (17.366, 13.145, 36.106)
                                                                                    (28.714, 3.897, 36.583)

             10           A 87          A 101             15        590.098         (28.714, 3.897, 36.583)
                                                                                    (32.753, 17.057, 19)

             11          A 101          A 102              2        49.4419         (32.753, 17.057, 19)
                                                                                    (35.418, 15.255, 21.031)

             12          A 102          A 119             18        696.771         (35.418, 15.255, 21.031)
                                                                                    (32.355, 17.231, -2.185)

             13          A 119          A 139             21         833.94         (32.355, 17.231, -2.185)
                                                                                    (28.977, -1.728, 31.307)

             14          A 139          A 158             20        787.311         (28.977, -1.728, 31.307)
                                                                                    (18.949, 19.814, -4.427)

             15          A 158          A 168             11        405.853         (18.949, 19.814, -4.427)
                                                                                    (19.7, 0.621, 17.485)

             16          A 168          A 172              5        184.716         (19.7, 0.621, 17.485)
                                                                                    (9.074, 6.487, 21.653)

             17          A 172          A 198             27        1015.13         (9.074, 6.487, 21.653)
                                                                                    (30.467, 29.894, 1.036)

             18          A 198          A 199              2        49.4419         (30.467, 29.894, 1.036)
                                                                                    (27.622, 32.374, 0.57)

             19          A 199          A 212             14         549.81         (27.622, 32.374, 0.57)
                                                                                    (15.345, 2.304, 14.325)

             20          A 212          A 219              8        297.674         (15.345, 2.304, 14.325)
                                                                                    (4.323, -0.269, 29.679)

             21          A 219          A 232             14        543.436         (4.323, -0.269, 29.679)
                                                                                    (-6.548, 11.221, 18.721)

             22          A 232          A 240              9        350.989         (-6.548, 11.221, 18.721)
                                                                                    (-6.66, 12.813, 33.757)

             23          A 240          A 241              2        49.4419         (-6.66, 12.813, 33.757)
                                                                                    (-6.321, 9.489, 31.928)

