Using structure file: /home/pkas7/Research/SCOP/pdbstyle-1.75B/bd/d1bdfa1.ent
Number of residues: 105
Doing a BEZIER segmentation ...

Bounding box volume: 28065.3
Null Model Fit: 4646.08 bits.
Bits per residue: 44.6739

Bezier model fit: 4320.55 bits.
Bits per residue: 41.5438

# of segments: 11
Internal segmentation:
0-->4-->18-->30-->47-->49-->54-->68-->80-->86-->102-->104

CPU time used: 0.91 secs.
Wall clock time elapsed: 0 secs.

        SEGMENT          START            END   NUM_RESIDUES MESSAGE_LENGTH                    END_POINTS        INTERMEDIATE_CONTROL_POINTS
              1            A 2            A 6              5        178.741         (36.764, 12.686, 26.809)
                                                                                    (28.637, 9.916, 18.543)

              2            A 6           A 20             15        577.707         (28.637, 9.916, 18.543)
                                                                                    (25.332, 20.387, -17.02)

              3           A 20           A 32             13        497.011         (25.332, 20.387, -17.02)
                                                                                    (24.809, 20.894, 13.056)

              4           A 32           A 49             18        686.472         (24.809, 20.894, 13.056)
                                                                                    (43.971, 22.857, -5.124)

              5           A 49           A 51              3        93.3848         (43.971, 22.857, -5.124)
                                                                                    (42.613, 17.348, -6.608)

              6           A 51          A 182              6        217.307         (42.613, 17.348, -6.608)
                                                                                    (35.881, 26.444, -9.644)

              7          A 182          A 196             15        594.095         (35.881, 26.444, -9.644)
                                                                                    (15.274, 22.292, 13.699)

              8          A 196          A 208             13        485.934         (15.274, 22.292, 13.699)
                                                                                    (36.226, 19.479, -16.472)

              9          A 208          A 214              7        262.371         (36.226, 19.479, -16.472)
                                                                                    (30.364, 12.877, -5.532)

             10          A 214          A 230             17        634.146         (30.364, 12.877, -5.532)
                                                                                    (48.196, 11.725, 13.578)

             11          A 230          A 232              3        93.3848         (48.196, 11.725, 13.578)
                                                                                    (42.856, 10.604, 15.712)

