Using structure file: /home/pkas7/Research/SCOP/pdbstyle-1.75B/by/d1by2a_.ent
Number of residues: 112
Doing a BEZIER segmentation ...

Bounding box volume: 31539.1
Null Model Fit: 4977.48 bits.
Bits per residue: 44.8422

Bezier model fit: 4749.4 bits.
Bits per residue: 42.7874

# of segments: 15
Internal segmentation:
0-->2-->11-->27-->33-->37-->48-->54-->60-->67-->76-->78-->92-->96-->108-->111

CPU time used: 0.98 secs.
Wall clock time elapsed: 0 secs.

        SEGMENT          START            END   NUM_RESIDUES MESSAGE_LENGTH                    END_POINTS        INTERMEDIATE_CONTROL_POINTS
              1            A 0            A 2              3        93.7215         (9.126, 14.936, 29.377)
                                                                                    (7.947, 15.44, 22.704)

              2            A 2           A 11             10        377.887         (7.947, 15.44, 22.704)
                                                                                    (27.879, 26.227, 21.705)

              3           A 11           A 27             17        683.564         (27.879, 26.227, 21.705)
                                                                                    (17.712, 13.141, 19.066)

              4           A 27           A 33              7        258.315         (17.712, 13.141, 19.066)
                                                                                    (20.803, 22.718, 2.921)

              5           A 33           A 37              5        175.523         (20.803, 22.718, 2.921)
                                                                                    (17.824, 33.105, 9.128)

              6           A 37           A 48             12        448.438         (17.824, 33.105, 9.128)
                                                                                    (13.004, 31.514, 24.456)

              7           A 48           A 54              7        262.479         (13.004, 31.514, 24.456)
                                                                                    (23.034, 34.006, 12.57)

              8           A 54           A 60              7        267.432         (23.034, 34.006, 12.57)
                                                                                    (30.095, 25.338, 12.719)

              9           A 60           A 67              8        299.603         (30.095, 25.338, 12.719)
                                                                                    (20.355, 10.411, 12.419)

             10           A 67           A 76             10        385.938         (20.355, 10.411, 12.419)
                                                                                    (7.681, 31.003, 7.332)

             11           A 76           A 78              3        93.7215         (7.681, 31.003, 7.332)
                                                                                    (5.682, 31.763, 12.657)

             12           A 78           A 92             15        592.619         (5.682, 31.763, 12.657)
                                                                                    (14.785, 12.12, 4.789)

             13           A 92           A 96              5        183.595         (14.785, 12.12, 4.789)
                                                                                    (26.356, 13.735, 6.59)

             14           A 96          A 108             13        486.747         (26.356, 13.735, 6.59)
                                                                                    (18.043, 38.829, 25.066)

             15          A 108          A 115              4        139.813         (18.043, 38.829, 25.066)
                                                                                    (23.274, 27.845, 2.55)

