Using structure file: /home/pkas7/Research/SCOP/pdbstyle-1.75B/c0/d1c0aa2.ent
Number of residues: 133
Doing a BEZIER segmentation ...

Bounding box volume: 33980
Null Model Fit: 5933.37 bits.
Bits per residue: 44.9498

Bezier model fit: 5472.34 bits.
Bits per residue: 41.4572

# of segments: 14
Internal segmentation:
0-->9-->16-->26-->37-->42-->57-->68-->83-->85-->96-->100-->110-->130-->132

CPU time used: 1.24 secs.
Wall clock time elapsed: 1 secs.

        SEGMENT          START            END   NUM_RESIDUES MESSAGE_LENGTH                    END_POINTS        INTERMEDIATE_CONTROL_POINTS
              1          A 288          A 297             10        367.451         (75.979, 29.519, -14.271)
                                                                                    (70.784, 17.505, -36.586)

              2          A 297          A 304              8        306.004         (70.784, 17.505, -36.586)
                                                                                    (67.987, 4.68, -31.394)

              3          A 304          A 314             11        415.584         (67.987, 4.68, -31.394)
                                                                                    (60.393, 19.69, -35.517)

              4          A 314          A 325             12        436.115         (60.393, 19.69, -35.517)
                                                                                    (84.57, 17.804, -14.92)

              5          A 325          A 330              6        221.054         (84.57, 17.804, -14.92)
                                                                                    (79.482, 8.473, -9.463)

              6          A 330          A 345             16        604.466         (79.482, 8.473, -9.463)
                                                                                    (59.015, 14.884, -17.69)

              7          A 345          A 356             12        449.716         (59.015, 14.884, -17.69)
                                                                                    (89.998, 10.824, -23.474)

              8          A 356          A 371             16        642.346         (89.998, 10.824, -23.474)
                                                                                    (73.539, 3.478, -30.493)

              9          A 371          A 373              3        93.9366         (73.539, 3.478, -30.493)
                                                                                    (79.293, 5.741, -33.673)

             10          A 373          A 384             12        453.748         (79.293, 5.741, -33.673)
                                                                                    (79.681, 20.937, -27.058)

             11          A 384          A 388              5         177.09         (79.681, 20.937, -27.058)
                                                                                    (88.703, 15.333, -21.152)

             12          A 388          A 398             11        412.391         (88.703, 15.333, -21.152)
                                                                                    (59.295, 17.541, -27.265)

             13          A 398          A 418             21        798.504         (59.295, 17.541, -27.265)
                                                                                    (80.127, 24.718, -7.63)

             14          A 418          A 420              3        93.9366         (80.127, 24.718, -7.63)
                                                                                    (77.977, 28.783, -10.663)

