Using structure file: /home/pkas7/Research/SCOP/pdbstyle-1.75B/c6/d1c6wa_.ent
Number of residues: 33
Doing a BEZIER segmentation ...

Bounding box volume: 6134.1
Null Model Fit: 1359.36 bits.
Bits per residue: 42.48

Bezier model fit: 1353.71 bits.
Bits per residue: 42.3036

# of segments: 5
Internal segmentation:
0-->5-->10-->16-->25-->32

CPU time used: 0.14 secs.
Wall clock time elapsed: 0 secs.

        SEGMENT          START            END   NUM_RESIDUES MESSAGE_LENGTH                    END_POINTS        INTERMEDIATE_CONTROL_POINTS
              1            A 1            A 6              6        213.556         (2.158, -0.419, -1.809)
                                                                                    (10.689, 11.707, 1.335)

              2            A 6           A 11              6        211.679         (10.689, 11.707, 1.335)
                                                                                    (-4.078, 13.43, 4.071)

              3           A 11           A 17              7        260.435         (-4.078, 13.43, 4.071)
                                                                                    (3.845, 2.083, 3.772)

              4           A 17           A 26             10        372.124         (3.845, 2.083, 3.772)
                                                                                    (-1.262, 24.818, 9.59)

              5           A 26           A 33              8         295.92         (-1.262, 24.818, 9.59)
                                                                                    (7.21, 9.301, 8.251)

