Using structure file: /home/pkas7/Research/SCOP/pdbstyle-1.75B/cc/d1ccwa_.ent
Number of residues: 137
Doing a BEZIER segmentation ...

Bounding box volume: 31225.6
Null Model Fit: 6096.58 bits.
Bits per residue: 44.8278

Bezier model fit: 5697.97 bits.
Bits per residue: 41.8968

# of segments: 15
Internal segmentation:
0-->11-->17-->30-->40-->53-->63-->65-->81-->82-->97-->99-->111-->119-->134-->136

CPU time used: 1.28 secs.
Wall clock time elapsed: 1 secs.

        SEGMENT          START            END   NUM_RESIDUES MESSAGE_LENGTH                    END_POINTS        INTERMEDIATE_CONTROL_POINTS
              1            A 1           A 12             12        457.316         (15.575, -9.831, 47.032)
                                                                                    (13.657, -17.341, 77.703)

              2           A 12           A 18              7        260.172         (13.657, -17.341, 77.703)
                                                                                    (3.481, -8.029, 69.38)

              3           A 18           A 31             14        529.371         (3.481, -8.029, 69.38)
                                                                                    (11.183, -11.742, 50.884)

              4           A 31           A 41             11        425.757         (11.183, -11.742, 50.884)
                                                                                    (11.564, -20.115, 73.491)

              5           A 41           A 54             14        543.916         (11.564, -20.115, 73.491)
                                                                                    (18.801, -24.73, 56.919)

              6           A 54           A 64             11         406.15         (18.801, -24.73, 56.919)
                                                                                    (11.599, -8.341, 79.026)

              7           A 64           A 66              3        93.6927         (11.599, -8.341, 79.026)
                                                                                    (16.657, -10.826, 81.171)

              8           A 66           A 82             17        655.544         (16.657, -10.826, 81.171)
                                                                                    (27.318, -27.642, 63.501)

              9           A 82           A 83              2        47.8649         (27.318, -27.642, 63.501)
                                                                                    (25.95, -24.193, 62.615)

             10           A 83           A 98             16        637.097         (25.95, -24.193, 62.615)
                                                                                    (18.626, 2.306, 80.366)

             11           A 98          A 100              3        93.6927         (18.626, 2.306, 80.366)
                                                                                    (25.29, 3.094, 77.99)

             12          A 100          A 112             13        494.255         (25.29, 3.094, 77.99)
                                                                                    (29.094, -14.21, 70.098)

             13          A 112          A 120              9        341.308         (29.094, -14.21, 70.098)
                                                                                    (12.995, 0.799, 69.252)

             14          A 120          A 135             16        618.138         (12.995, 0.799, 69.252)
                                                                                    (25.188, -10.284, 49.964)

             15          A 135          A 137              3        93.6927         (25.188, -10.284, 49.964)
                                                                                    (21.843, -5.999, 48.639)

