Using structure file: /home/pkas7/Research/SCOP/pdbstyle-1.75B/ck/d1ckma2.ent
Number of residues: 228
Doing a BEZIER segmentation ...

Bounding box volume: 73244.5
Null Model Fit: 10455.1 bits.
Bits per residue: 46.0578

Bezier model fit: 9615.82 bits.
Bits per residue: 42.3604

# of segments: 24
Internal segmentation:
0-->18-->22-->37-->43-->45-->55-->63-->71-->86-->93-->106-->114-->123-->124-->144-->149-->163-->169-->184-->199-->201-->209-->214-->227

CPU time used: 2.14 secs.
Wall clock time elapsed: 2 secs.

        SEGMENT          START            END   NUM_RESIDUES MESSAGE_LENGTH                    END_POINTS        INTERMEDIATE_CONTROL_POINTS
              1           A 11           A 29             19        756.693         (28.52, 32.176, -3.13)
                                                                                    (25.6, 31.713, 9.439)

              2           A 29           A 33              5        180.199         (25.6, 31.713, 9.439)
                                                                                    (37.242, 33.303, 4.675)

              3           A 33           A 48             16        604.795         (37.242, 33.303, 4.675)
                                                                                    (36.28, 55.819, 5.615)

              4           A 48           A 54              7        269.268         (36.28, 55.819, 5.615)
                                                                                    (40.502, 46.257, 12.018)

              5           A 54           A 56              3        96.1526         (40.502, 46.257, 12.018)
                                                                                    (34.012, 48.535, 14.126)

              6           A 56           A 66             11        411.491         (34.012, 48.535, 14.126)
                                                                                    (34.17, 62.339, 39.322)

              7           A 66           A 74              9        343.421         (34.17, 62.339, 39.322)
                                                                                    (28.353, 72.318, 30.774)

              8           A 74           A 82              9        347.475         (28.353, 72.318, 30.774)
                                                                                    (23.285, 50.132, 28.945)

              9           A 82           A 97             16        625.674         (23.285, 50.132, 28.945)
                                                                                    (25.37, 40.894, -6.649)

             10           A 97          A 104              8        305.718         (25.37, 40.894, -6.649)
                                                                                    (29.843, 42.398, 12.825)

             11          A 104          A 117             14        557.327         (29.843, 42.398, 12.825)
                                                                                    (11.432, 43.428, 4.193)

             12          A 117          A 125              9        349.275         (11.432, 43.428, 4.193)
                                                                                    (25.534, 51.102, 2.15)

             13          A 125          A 134             10        393.129         (25.534, 51.102, 2.15)
                                                                                    (16.864, 39.384, 24.343)

             14          A 134          A 135              2        49.0949         (16.864, 39.384, 24.343)
                                                                                    (13.404, 40.792, 25.079)

             15          A 135          A 155             21        834.342         (13.404, 40.792, 25.079)
                                                                                    (27.783, 59.533, 5.283)

             16          A 155          A 160              6        226.498         (27.783, 59.533, 5.283)
                                                                                    (24.82, 65.701, 15.16)

             17          A 160          A 174             15        569.632         (24.82, 65.701, 15.16)
                                                                                    (8.602, 51.603, 5.519)

             18          A 174          A 180              7        263.551         (8.602, 51.603, 5.519)
                                                                                    (10.081, 34.796, 10.96)

             19          A 180          A 195             16        611.454         (10.081, 34.796, 10.96)
                                                                                    (15.398, 65.343, 32.408)

             20          A 195          A 210             16          607.9         (15.398, 65.343, 32.408)
                                                                                    (15.778, 44.289, 28.646)

             21          A 210          A 212              3        96.1526         (15.778, 44.289, 28.646)
                                                                                    (20.626, 46.394, 31.444)

             22          A 212          A 220              9        339.408         (20.626, 46.394, 31.444)
                                                                                    (24.09, 65.209, 21.607)

             23          A 220          A 225              6        227.653         (24.09, 65.209, 21.607)
                                                                                    (33.934, 58.437, 17.175)

             24          A 225          A 238             14        549.516         (33.934, 58.437, 17.175)
                                                                                    (26.549, 50.297, 42.513)

