Using structure file: /home/pkas7/Research/SCOP/pdbstyle-1.75B/co/d1coza_.ent
Number of residues: 126
Doing a BEZIER segmentation ...

Bounding box volume: 34490.9
Null Model Fit: 5621.41 bits.
Bits per residue: 44.9713

Bezier model fit: 5238.73 bits.
Bits per residue: 41.9099

# of segments: 13
Internal segmentation:
0-->8-->13-->27-->37-->43-->50-->62-->72-->84-->93-->103-->112-->125

CPU time used: 1.17 secs.
Wall clock time elapsed: 1 secs.

        SEGMENT          START            END   NUM_RESIDUES MESSAGE_LENGTH                    END_POINTS        INTERMEDIATE_CONTROL_POINTS
              1            A 1            A 9              9        340.439         (44.03, 20.637, -10.623)
                                                                                    (18.895, 17.628, -15.759)

              2            A 9           A 14              6        223.893         (18.895, 17.628, -15.759)
                                                                                    (19.556, 25.6, -24.519)

              3           A 14           A 28             15        567.155         (19.556, 25.6, -24.519)
                                                                                    (38.456, 25.645, -12.381)

              4           A 28           A 38             11        399.224         (38.456, 25.645, -12.381)
                                                                                    (15.747, 8.541, -15.445)

              5           A 38           A 44              7        264.782         (15.747, 8.541, -15.445)
                                                                                    (11.054, 13.495, -8.671)

              6           A 44           A 51              8        303.149         (11.054, 13.495, -8.671)
                                                                                    (16.892, 9.782, -21.817)

              7           A 51           A 63             13        486.976         (16.892, 9.782, -21.817)
                                                                                    (33.753, 21.798, -24.962)

              8           A 63           A 73             11        427.887         (33.753, 21.798, -24.962)
                                                                                    (19.5, 10.757, -5.272)

              9           A 73           A 85             13        504.383         (19.5, 10.757, -5.272)
                                                                                    (38.026, 15.543, -5.116)

             10           A 85           A 94             10        378.534         (38.026, 15.543, -5.116)
                                                                                    (17.719, 29.498, -7.201)

             11           A 94          A 104             11        425.886         (17.719, 29.498, -7.201)
                                                                                    (33.756, 23.117, 5.011)

             12          A 104          A 113             10        373.043         (33.756, 23.117, 5.011)
                                                                                    (20.396, 31.937, -14.038)

             13          A 113          A 126             14        543.383         (20.396, 31.937, -14.038)
                                                                                    (5.53, 23.761, -27.912)

