Using structure file: /home/pkas7/Research/SCOP/pdbstyle-1.75B/cs/d1cs6a2.ent
Number of residues: 105
Doing a BEZIER segmentation ...

Bounding box volume: 23356.1
Null Model Fit: 4618.52 bits.
Bits per residue: 44.4089

Bezier model fit: 4350.84 bits.
Bits per residue: 41.835

# of segments: 13
Internal segmentation:
0-->8-->16-->31-->38-->42-->51-->58-->69-->77-->84-->93-->101-->104

CPU time used: 0.92 secs.
Wall clock time elapsed: 0 secs.

        SEGMENT          START            END   NUM_RESIDUES MESSAGE_LENGTH                    END_POINTS        INTERMEDIATE_CONTROL_POINTS
              1          A 104          A 112              9        337.616         (-9.61, -11.554, 21.183)
                                                                                    (-32.46, -13.242, 13.163)

              2          A 112          A 120              9        326.227         (-32.46, -13.242, 13.163)
                                                                                    (-33.92, -2.2, -10.423)

              3          A 120          A 135             16        620.854         (-33.92, -2.2, -10.423)
                                                                                    (-11.909, -7.778, 18.685)

              4          A 135          A 142              8        290.916         (-11.909, -7.778, 18.685)
                                                                                    (-19.462, -12.483, 1.057)

              5          A 142          A 146              5        183.418         (-19.462, -12.483, 1.057)
                                                                                    (-23.964, -21.204, 0.26)

              6          A 146          A 155             10        374.785         (-23.964, -21.204, 0.26)
                                                                                    (-14.291, -5.078, -10.403)

              7          A 155          A 162              8        296.763         (-14.291, -5.078, -10.403)
                                                                                    (-13.745, -1.35, 6.98)

              8          A 162          A 173             12        466.358         (-13.745, -1.35, 6.98)
                                                                                    (-29.534, -10.888, -13.767)

              9          A 173          A 181              9        336.744         (-29.534, -10.888, -13.767)
                                                                                    (-21.508, -11.75, 5.178)

             10          A 181          A 188              8         290.11         (-21.508, -11.75, 5.178)
                                                                                    (-1.289, -15.622, 15.754)

             11          A 188          A 197             10        362.835         (-1.289, -15.622, 15.754)
                                                                                    (-27.858, -15.872, 7.449)

             12          A 197          A 205              9        325.703         (-27.858, -15.872, 7.449)
                                                                                    (-37.5, -4.584, -14.553)

             13          A 205          A 208              4        138.513         (-37.5, -4.584, -14.553)
                                                                                    (-30.636, -0.322, -19.565)

