Using structure file: /home/pkas7/Research/SCOP/pdbstyle-1.75B/d8/d1d8wa_.ent
Number of residues: 402
Doing a BEZIER segmentation ...

Bounding box volume: 136758
Null Model Fit: 18830.4 bits.
Bits per residue: 46.9586

Bezier model fit: 16722 bits.
Bits per residue: 41.7007

# of segments: 36
Internal segmentation:
0-->14-->30-->40-->46-->47-->55-->70-->71-->88-->109-->124-->133-->134-->159-->177-->197-->202-->218-->235-->244-->250-->251-->262-->263-->271-->272-->296-->302-->314-->316-->339-->350-->364-->379-->383-->401

CPU time used: 4.15 secs.
Wall clock time elapsed: 4 secs.

        SEGMENT          START            END   NUM_RESIDUES MESSAGE_LENGTH                    END_POINTS        INTERMEDIATE_CONTROL_POINTS
              1           A 11           A 25             15        571.647         (55.535, -11.187, 64.27)
                                                                                    (63.308, 2.184, 49.69)

              2           A 25           A 41             17        654.208         (63.308, 2.184, 49.69)
                                                                                    (52.696, 16.558, 63.276)

              3           A 41           A 51             11        422.928         (52.696, 16.558, 63.276)
                                                                                    (29.953, 15.965, 75.955)

              4           A 51           A 57              7        256.746         (29.953, 15.965, 75.955)
                                                                                    (28.689, 26.31, 82.765)

              5           A 57           A 72              2        49.9957         (28.689, 26.31, 82.765)
                                                                                    (21.455, 9.467, 70.082)

              6           A 72           A 80              9        350.892         (21.455, 9.467, 70.082)
                                                                                    (35.738, 17.879, 83.674)

              7           A 80           A 95             16        611.467         (35.738, 17.879, 83.674)
                                                                                    (49.594, 7.027, 68.294)

              8           A 95           A 96              2        49.9957         (49.594, 7.027, 68.294)
                                                                                    (51.864, 9.974, 68.376)

              9           A 96          A 113             18        726.153         (51.864, 9.974, 68.376)
                                                                                    (31.37, 32.947, 85.739)

             10          A 113          A 134             22        883.337         (31.37, 32.947, 85.739)
                                                                                    (52.524, 15.852, 77.439)

             11          A 134          A 149             16        632.896         (52.524, 15.852, 77.439)
                                                                                    (23.797, 35.282, 71.3)

             12          A 149          A 158             10        396.737         (23.797, 35.282, 71.3)
                                                                                    (24.228, 46.327, 66.524)

             13          A 158          A 159              2        49.9957         (24.228, 46.327, 66.524)
                                                                                    (23.563, 46.754, 70.236)

             14          A 159          A 184             26        980.218         (23.563, 46.754, 70.236)
                                                                                    (52.91, 24.533, 78.383)

             15          A 184          A 202             19        729.529         (52.91, 24.533, 78.383)
                                                                                    (18.929, 40.236, 54.097)

             16          A 202          A 222             21         810.29         (18.929, 40.236, 54.097)
                                                                                    (46.334, 43.763, 73.24)

             17          A 222          A 227              6        224.043         (46.334, 43.763, 73.24)
                                                                                    (55.349, 32.26, 71.29)

             18          A 227          A 243             17        668.479         (55.349, 32.26, 71.29)
                                                                                    (21.402, 30.044, 56.003)

             19          A 243          A 260             18        707.962         (21.402, 30.044, 56.003)
                                                                                    (45.812, 42.095, 60.088)

             20          A 260          A 269             10        378.443         (45.812, 42.095, 60.088)
                                                                                    (32.93, 21.285, 56.367)

             21          A 269          A 275              7        273.467         (32.93, 21.285, 56.367)
                                                                                    (34.636, 23.404, 47.329)

             22          A 275          A 276              2        49.9957         (34.636, 23.404, 47.329)
                                                                                    (37.858, 22.078, 49.015)

             23          A 276          A 287             12        460.481         (37.858, 22.078, 49.015)
                                                                                    (49.343, 35.895, 52.38)

             24          A 287          A 288              2        49.9957         (49.343, 35.895, 52.38)
                                                                                    (48.805, 34.837, 55.951)

             25          A 288          A 296              9        329.754         (48.805, 34.837, 55.951)
                                                                                    (35.681, 17.225, 59.317)

             26          A 296          A 297              2        49.9957         (35.681, 17.225, 59.317)
                                                                                    (33.363, 15.536, 56.882)

             27          A 297          A 321             25        1019.73         (33.363, 15.536, 56.882)
                                                                                    (53.532, 17.633, 53.726)

             28          A 321          A 327              7        260.166         (53.532, 17.633, 53.726)
                                                                                    (55.66, 25.057, 61.408)

             29          A 327          A 339             13        492.397         (55.66, 25.057, 61.408)
                                                                                    (25.042, 8.954, 67.346)

             30          A 339          A 341              3        97.9543         (25.042, 8.954, 67.346)
                                                                                    (30.499, 6.085, 70.93)

             31          A 341          A 364             24         903.19         (30.499, 6.085, 70.93)
                                                                                    (57.965, 10.324, 46.347)

             32          A 364          A 375             12        458.724         (57.965, 10.324, 46.347)
                                                                                    (55.133, 17.827, 31.477)

             33          A 375          A 389             15        579.153         (55.133, 17.827, 31.477)
                                                                                    (48.658, 0.097, 46.351)

             34          A 389          A 404             16        616.694         (48.658, 0.097, 46.351)
                                                                                    (52.56, 1.371, 72.16)

             35          A 404          A 408              5        184.713         (52.56, 1.371, 72.16)
                                                                                    (44.511, -2.643, 63.951)

             36          A 408          A 426             19         739.62         (44.511, -2.643, 63.951)
                                                                                    (26.157, 6.986, 82.886)

