Using structure file: /home/pkas7/Research/SCOP/pdbstyle-1.75B/dc/d1dcfa_.ent
Number of residues: 133
Doing a BEZIER segmentation ...

Bounding box volume: 36809.3
Null Model Fit: 5948.6 bits.
Bits per residue: 45.0651

Bezier model fit: 5490.09 bits.
Bits per residue: 41.5916

# of segments: 13
Internal segmentation:
0-->6-->15-->30-->38-->49-->59-->77-->90-->101-->112-->113-->127-->132

CPU time used: 1.23 secs.
Wall clock time elapsed: 1 secs.

        SEGMENT          START            END   NUM_RESIDUES MESSAGE_LENGTH                    END_POINTS        INTERMEDIATE_CONTROL_POINTS
              1            A 1            A 7              7        259.409         (10.519, -19.368, 14.649)
                                                                                    (0.785, -6.738, 7.893)

              2            A 7           A 16             10        380.544         (0.785, -6.738, 7.893)
                                                                                    (20.32, 8.648, 7.005)

              3           A 16           A 31             16        605.036         (20.32, 8.648, 7.005)
                                                                                    (5.517, -8.126, 4.762)

              4           A 31           A 39              9        340.772         (5.517, -8.126, 4.762)
                                                                                    (14.26, 13.259, 12.759)

              5           A 39           A 50             12        465.219         (14.26, 13.259, 12.759)
                                                                                    (-0.709, 1.751, 14.91)

              6           A 50           A 60             11         408.81         (-0.709, 1.751, 14.91)
                                                                                    (25.565, 8.564, 17.197)

              7           A 60           A 79             19        725.355         (25.565, 8.564, 17.197)
                                                                                    (-2.399, 7.823, 26.366)

              8           A 79           A 92             14        538.277         (-2.399, 7.823, 26.366)
                                                                                    (27.772, -3.132, 17.857)

              9           A 92          A 103             12         467.86         (27.772, -3.132, 17.857)
                                                                                    (18.299, 2.076, 30.924)

             10          A 103          A 114             12         463.46         (18.299, 2.076, 30.924)
                                                                                    (20.908, -5.463, 8.968)

             11          A 114          A 115              2        48.1022         (20.908, -5.463, 8.968)
                                                                                    (19.61, -8.541, 7.193)

             12          A 115          A 129             15        567.865         (19.61, -8.541, 7.193)
                                                                                    (4.735, -15.385, 23.494)

             13          A 129          A 134              6        219.383         (4.735, -15.385, 23.494)
                                                                                    (10.165, -21.111, 37.831)

