Using structure file: /home/pkas7/Research/SCOP/pdbstyle-1.75B/de/d1de4c3.ent
Number of residues: 294
Doing a BEZIER segmentation ...

Bounding box volume: 81683.4
Null Model Fit: 13541 bits.
Bits per residue: 46.2151

Bezier model fit: 12158.8 bits.
Bits per residue: 41.4977

# of segments: 27
Internal segmentation:
0-->1-->17-->31-->35-->37-->55-->56-->68-->81-->83-->98-->100-->126-->128-->140-->160-->175-->185-->204-->212-->222-->235-->244-->253-->266-->290-->293

CPU time used: 3.01 secs.
Wall clock time elapsed: 3 secs.

        SEGMENT          START            END   NUM_RESIDUES MESSAGE_LENGTH                    END_POINTS        INTERMEDIATE_CONTROL_POINTS
              1          C 122          C 123              2        49.2522         (91.817, 94.936, 275.914)
                                                                                    (91.232, 93.056, 272.63)

              2          C 123          C 139             17         645.33         (91.232, 93.056, 272.63)
                                                                                    (113.067, 107.096, 267.94)

              3          C 139          C 153             15        584.317         (113.067, 107.096, 267.94)
                                                                                    (132.464, 100.557, 267.181)

              4          C 153          C 157              5        166.221         (132.464, 100.557, 267.181)
                                                                                    (132.3, 88.42, 269.596)

              5          C 157          C 159              3        96.4673         (132.3, 88.42, 269.596)
                                                                                    (135.71, 91.628, 272.663)

              6          C 159          C 177             19        715.126         (135.71, 91.628, 272.663)
                                                                                    (111.668, 96.831, 284.576)

              7          C 177          C 178              2        49.2522         (111.668, 96.831, 284.576)
                                                                                    (110.97, 93.435, 282.993)

              8          C 178          C 383             13        497.101         (110.97, 93.435, 282.993)
                                                                                    (138.743, 80.533, 273.022)

              9          C 383          C 396             14        535.441         (138.743, 80.533, 273.022)
                                                                                    (99.396, 86.398, 282.963)

             10          C 396          C 398              3        96.4673         (99.396, 86.398, 282.963)
                                                                                    (100.435, 80.457, 281.171)

             11          C 398          C 413             16        606.795         (100.435, 80.457, 281.171)
                                                                                    (133.317, 95.83, 261.741)

             12          C 413          C 415              3        96.4673         (133.317, 95.83, 261.741)
                                                                                    (127.987, 96.141, 261.908)

             13          C 415          C 441             27         1025.5         (127.987, 96.141, 261.908)
                                                                                    (97.4, 97.49, 281.084)

             14          C 441          C 443              3        96.4673         (97.4, 97.49, 281.084)
                                                                                    (98.015, 91.37, 279.723)

             15          C 443          C 455             13        496.591         (98.015, 91.37, 279.723)
                                                                                    (129.075, 85.172, 268.139)

             16          C 455          C 475             21        837.235         (129.075, 85.172, 268.139)
                                                                                    (110.686, 71.558, 274.721)

             17          C 475          C 490             16        627.803         (110.686, 71.558, 274.721)
                                                                                    (116.323, 98.648, 251.825)

             18          C 490          C 500             11        421.251         (116.323, 98.648, 251.825)
                                                                                    (104.505, 77.486, 257.382)

             19          C 500          C 519             20        789.364         (104.505, 77.486, 257.382)
                                                                                    (101.989, 104.002, 252.402)

             20          C 519          C 527              9         344.56         (101.989, 104.002, 252.402)
                                                                                    (100.519, 84.239, 246.168)

             21          C 527          C 537             11        416.389         (100.519, 84.239, 246.168)
                                                                                    (122.28, 78.465, 257.77)

             22          C 537          C 550             14        554.751         (122.28, 78.465, 257.77)
                                                                                    (110.31, 75.901, 267.343)

             23          C 550          C 559             10        379.687         (110.31, 75.901, 267.343)
                                                                                    (116.197, 95.27, 248.08)

             24          C 559          C 568             10        382.759         (116.197, 95.27, 248.08)
                                                                                    (132.727, 94.957, 255.687)

             25          C 568          C 581             14        551.363         (132.727, 94.957, 255.687)
                                                                                    (117.334, 108.201, 254.665)

             26          C 581          C 605             25        952.921         (117.334, 108.201, 254.665)
                                                                                    (93.406, 81.975, 274.133)

             27          C 605          C 608              4        143.932         (93.406, 81.975, 274.133)
                                                                                    (97.998, 82.076, 265.906)

