Using structure file: /home/pkas7/Research/SCOP/pdbstyle-1.75B/df/d1dfca3.ent
Number of residues: 120
Doing a BEZIER segmentation ...

Bounding box volume: 28015.4
Null Model Fit: 5315.88 bits.
Bits per residue: 44.6713

Bezier model fit: 4993.83 bits.
Bits per residue: 41.965

# of segments: 13
Internal segmentation:
0-->9-->20-->26-->38-->39-->48-->62-->68-->79-->88-->102-->108-->119

CPU time used: 1.09 secs.
Wall clock time elapsed: 1 secs.

        SEGMENT          START            END   NUM_RESIDUES MESSAGE_LENGTH                    END_POINTS        INTERMEDIATE_CONTROL_POINTS
              1         A 1260         A 1269             10        369.758         (24.566, 102.078, 34.129)
                                                                                    (12.819, 77.901, 35.873)

              2         A 1269         A 1283             12        468.652         (12.819, 77.901, 35.873)
                                                                                    (14.717, 82.713, 40.901)

              3         A 1283         A 1289              7         268.67         (14.717, 82.713, 40.901)
                                                                                    (10.515, 95.483, 40.927)

              4         A 1289         A 1301             13        478.674         (10.515, 95.483, 40.927)
                                                                                    (40.6, 95.804, 33.112)

              5         A 1301         A 1302              2        47.7084         (40.6, 95.804, 33.112)
                                                                                    (39.375, 92.336, 34.071)

              6         A 1302         A 1311             10        373.485         (39.375, 92.336, 34.071)
                                                                                    (20.549, 98.108, 48.757)

              7         A 1311         A 1325             15        592.678         (20.549, 98.108, 48.757)
                                                                                    (23.906, 89.832, 48.211)

              8         A 1325         A 1331              7        269.639         (23.906, 89.832, 48.211)
                                                                                    (36.452, 91.535, 45.581)

              9         A 1331         A 1342             12        447.565         (36.452, 91.535, 45.581)
                                                                                    (22.922, 85.534, 22.09)

             10         A 1342         A 1351             10         365.32         (22.922, 85.534, 22.09)
                                                                                    (35.093, 79.256, 41.826)

             11         A 1351         A 1365             15        593.328         (35.093, 79.256, 41.826)
                                                                                    (28.12, 78.093, 41.7)

             12         A 1365         A 1371              7        269.736         (28.12, 78.093, 41.7)
                                                                                    (24.159, 73.052, 30.915)

             13         A 1371         A 1382             12         448.62         (24.159, 73.052, 30.915)
                                                                                    (16.555, 101.179, 32.241)

