Using structure file: /home/pkas7/Research/SCOP/pdbstyle-1.75B/df/d1dfca4.ent
Number of residues: 111
Doing a BEZIER segmentation ...

Bounding box volume: 28168
Null Model Fit: 4914.7 bits.
Bits per residue: 44.6791

Bezier model fit: 4678.33 bits.
Bits per residue: 42.5303

# of segments: 15
Internal segmentation:
0-->10-->17-->24-->25-->30-->37-->46-->60-->64-->74-->75-->83-->97-->103-->110

CPU time used: 0.97 secs.
Wall clock time elapsed: 0 secs.

        SEGMENT          START            END   NUM_RESIDUES MESSAGE_LENGTH                    END_POINTS        INTERMEDIATE_CONTROL_POINTS
              1         A 1383         A 1393             11        413.647         (16.836, 101.997, 28.568)
                                                                                    (29.947, 110.419, 16.389)

              2         A 1393         A 1400              8        300.576         (29.947, 110.419, 16.389)
                                                                                    (13.356, 109.009, 4.472)

              3         A 1400         A 1407              8        294.411         (13.356, 109.009, 4.472)
                                                                                    (29.019, 109.534, 12.65)

              4         A 1407         A 1408              2        47.7162         (29.019, 109.534, 12.65)
                                                                                    (26.259, 112.053, 12.901)

              5         A 1408         A 1413              6        214.995         (26.259, 112.053, 12.901)
                                                                                    (16.641, 108.733, 19.743)

              6         A 1413         A 1420              8         297.05         (16.641, 108.733, 19.743)
                                                                                    (13.122, 86.798, 24.185)

              7         A 1420         A 1429             10        370.884         (13.122, 86.798, 24.185)
                                                                                    (8.436, 107.204, 12.664)

              8         A 1429         A 1443             15        595.287         (8.436, 107.204, 12.664)
                                                                                    (15.5, 101.845, 9.525)

              9         A 1443         A 1447              5        183.086         (15.5, 101.845, 9.525)
                                                                                    (8.605, 93.891, 10.837)

             10         A 1447         A 1457             11        422.576         (8.605, 93.891, 10.837)
                                                                                    (32.906, 97.211, 28.216)

             11         A 1457         A 1458              2        47.7162         (32.906, 97.211, 28.216)
                                                                                    (32.244, 99.398, 31.207)

             12         A 1458         A 1466              9        329.051         (32.244, 99.398, 31.207)
                                                                                    (23.429, 87.716, 11.44)

             13         A 1466         A 1480             15        593.314         (23.429, 87.716, 11.44)
                                                                                    (26.865, 94.421, 9.947)

             14         A 1480         A 1486              7        269.905         (26.865, 94.421, 9.947)
                                                                                    (36.956, 96.661, 18.146)

             15         A 1486         A 1493              8        298.118         (36.956, 96.661, 18.146)
                                                                                    (24.593, 103.414, 25.244)

