Using structure file: /home/pkas7/Research/SCOP/pdbstyle-1.75B/dl/d1dlja3.ent
Number of residues: 108
Doing a BEZIER segmentation ...

Bounding box volume: 29051.3
Null Model Fit: 4785.43 bits.
Bits per residue: 44.7237

Bezier model fit: 4506.46 bits.
Bits per residue: 42.1164

# of segments: 13
Internal segmentation:
0-->11-->12-->28-->45-->46-->55-->64-->71-->80-->84-->89-->96-->107

CPU time used: 0.95 secs.
Wall clock time elapsed: 1 secs.

        SEGMENT          START            END   NUM_RESIDUES MESSAGE_LENGTH                    END_POINTS        INTERMEDIATE_CONTROL_POINTS
              1          A 295          A 306             12        451.739         (7.567, 16.045, 54.154)
                                                                                    (22.512, 27.448, 58.393)

              2          A 306          A 307              2        47.7607         (22.512, 27.448, 58.393)
                                                                                    (21.543, 26.86, 61.997)

              3          A 307          A 323             17         654.35         (21.543, 26.86, 61.997)
                                                                                    (-12.171, 21.868, 63.504)

              4          A 323          A 340             18        704.236         (-12.171, 21.868, 63.504)
                                                                                    (12.882, 10.117, 61.506)

              5          A 340          A 341              2        47.7607         (12.882, 10.117, 61.506)
                                                                                    (15.254, 12.958, 60.693)

              6          A 341          A 350             10        371.196         (15.254, 12.958, 60.693)
                                                                                    (-4.004, 25.911, 72.046)

              7          A 350          A 359             10        387.235         (-4.004, 25.911, 72.046)
                                                                                    (6.284, 12.319, 72.328)

              8          A 359          A 366              8        293.333         (6.284, 12.319, 72.328)
                                                                                    (3.141, 30.818, 73.739)

              9          A 366          A 375             10         378.24         (3.141, 30.818, 73.739)
                                                                                    (13.356, 27.975, 61.648)

             10          A 375          A 379              5        177.697         (13.356, 27.975, 61.648)
                                                                                    (0.771, 24.678, 58.737)

             11          A 379          A 384              6        212.597         (0.771, 24.678, 58.737)
                                                                                    (-3.358, 36.069, 59.71)

             12          A 384          A 391              8        306.318         (-3.358, 36.069, 59.71)
                                                                                    (8.362, 34.55, 55.001)

             13          A 391          A 402             12        473.997         (8.362, 34.55, 55.001)
                                                                                    (-11.909, 23.268, 54.268)

