Using structure file: /home/pkas7/Research/SCOP/pdbstyle-1.75B/eg/d1egfa_.ent
Number of residues: 53
Doing a BEZIER segmentation ...

Bounding box volume: 10415.7
Null Model Fit: 2248.68 bits.
Bits per residue: 43.2438

Bezier model fit: 2206.5 bits.
Bits per residue: 42.4326

# of segments: 5
Internal segmentation:
0-->7-->15-->23-->44-->52

CPU time used: 0.33 secs.
Wall clock time elapsed: 0 secs.

        SEGMENT          START            END   NUM_RESIDUES MESSAGE_LENGTH                    END_POINTS        INTERMEDIATE_CONTROL_POINTS
              1            A 1            A 8              8        301.384         (-3.42, 16.141, 1.806)
                                                                                    (-10.298, 1.318, -11.822)

              2            A 8           A 16              9         337.92         (-10.298, 1.318, -11.822)
                                                                                    (-1.03, -8.89, -1.494)

              3           A 16           A 24              9        340.008         (-1.03, -8.89, -1.494)
                                                                                    (-3.523, 15.255, -2.578)

              4           A 24           A 45             22        883.702         (-3.523, 15.255, -2.578)
                                                                                    (7.272, -6.84, 0.756)

              5           A 45           A 53              9        343.482         (7.272, -6.84, 0.756)
                                                                                    (1.523, 4.965, 18.344)

