Using structure file: /home/pkas7/Research/SCOP/pdbstyle-1.75B/es/d1es9a_.ent
Number of residues: 212
Doing a BEZIER segmentation ...

Bounding box volume: 75481.8
Null Model Fit: 9727.35 bits.
Bits per residue: 46.1012

Bezier model fit: 8782.02 bits.
Bits per residue: 41.621

# of segments: 19
Internal segmentation:
0-->14-->33-->41-->49-->59-->70-->71-->85-->89-->99-->104-->124-->139-->141-->160-->162-->175-->186-->211

CPU time used: 1.97 secs.
Wall clock time elapsed: 1 secs.

        SEGMENT          START            END   NUM_RESIDUES MESSAGE_LENGTH                    END_POINTS        INTERMEDIATE_CONTROL_POINTS
              1            A 5           A 19             15        600.526         (33.698, -19.91, 19.588)
                                                                                    (43.33, 5.695, 11.563)

              2           A 19           A 38             20        771.466         (43.33, 5.695, 11.563)
                                                                                    (65.301, -17.531, 4.846)

              3           A 38           A 46              9        344.205         (65.301, -17.531, 4.846)
                                                                                    (53.433, -9.388, 21.665)

              4           A 46           A 54              9        344.059         (53.433, -9.388, 21.665)
                                                                                    (65.543, -3.233, 20.38)

              5           A 54           A 64             11        425.427         (65.543, -3.233, 20.38)
                                                                                    (73.597, -15.207, 14.622)

              6           A 64           A 75             12         460.05         (73.597, -15.207, 14.622)
                                                                                    (48.617, -8.499, 20.304)

              7           A 75           A 76              2        49.1383         (48.617, -8.499, 20.304)
                                                                                    (46.492, -11.248, 21.755)

              8           A 76           A 90             15        581.622         (46.492, -11.248, 21.755)
                                                                                    (54.867, -18.153, 3.625)

              9           A 90           A 94              5        184.359         (54.867, -18.153, 3.625)
                                                                                    (62.306, -22.332, 9.754)

             10           A 94          A 104             11        404.923         (62.306, -22.332, 9.754)
                                                                                    (47.143, -9.156, 26.564)

             11          A 104          A 109              6        227.827         (47.143, -9.156, 26.564)
                                                                                    (39.569, -16.846, 30.781)

             12          A 109          A 129             21        799.009         (39.569, -16.846, 30.781)
                                                                                    (55.493, -29.234, 10.132)

             13          A 129          A 144             16        603.976         (55.493, -29.234, 10.132)
                                                                                    (51.825, -6.356, 43.813)

             14          A 144          A 146              3        96.2395         (51.825, -6.356, 43.813)
                                                                                    (46.777, -9.279, 41.545)

             15          A 146          A 165             20        752.763         (46.777, -9.279, 41.545)
                                                                                    (52.813, -34.867, 25.252)

             16          A 165          A 167              3        96.2395         (52.813, -34.867, 25.252)
                                                                                    (57.91, -34.156, 21.237)

             17          A 167          A 180             14        538.225         (57.91, -34.156, 21.237)
                                                                                    (60.198, -11.209, 45.125)

             18          A 180          A 191             12        473.493         (60.198, -11.209, 45.125)
                                                                                    (59.807, -0.511, 34.28)

             19          A 191          A 216             26        1028.47         (59.807, -0.511, 34.28)
                                                                                    (69.582, -26.253, 16.96)

