Using structure file: /home/pkas7/Research/SCOP/pdbstyle-1.75B/et/d1et9a1.ent
Number of residues: 86
Doing a BEZIER segmentation ...

Bounding box volume: 27424.5
Null Model Fit: 3794.45 bits.
Bits per residue: 44.6405

Bezier model fit: 3600.84 bits.
Bits per residue: 42.3628

# of segments: 9
Internal segmentation:
0-->18-->24-->31-->35-->42-->51-->61-->65-->85

CPU time used: 0.7 secs.
Wall clock time elapsed: 0 secs.

        SEGMENT          START            END   NUM_RESIDUES MESSAGE_LENGTH                    END_POINTS        INTERMEDIATE_CONTROL_POINTS
              1            A 1           A 19             19        745.093         (-0.573, 21.567, 23.996)
                                                                                    (-6.937, -4.715, 18.089)

              2           A 19           A 25              7        256.072         (-6.937, -4.715, 18.089)
                                                                                    (4.986, -14.17, 11.05)

              3           A 25           A 32              8        294.165         (4.986, -14.17, 11.05)
                                                                                    (-1.019, -7.667, -6.874)

              4           A 32           A 36              5        180.948         (-1.019, -7.667, -6.874)
                                                                                    (6.846, 1.837, -5.863)

              5           A 36           A 43              8        294.143         (6.846, 1.837, -5.863)
                                                                                    (-3.398, -10.915, 7.272)

              6           A 43           A 54             10        378.283         (-3.398, -10.915, 7.272)
                                                                                    (11.739, 5.312, 0.019)

              7           A 54           A 64             11         419.15         (11.739, 5.312, 0.019)
                                                                                    (9.87, -12.958, 0.356)

              8           A 64           A 68              5        181.128         (9.87, -12.958, 0.356)
                                                                                    (5.042, -8.044, 10.401)

              9           A 68           A 95             21        851.854         (5.042, -8.044, 10.401)
                                                                                    (14.236, -19.044, 12.391)

