Using structure file: /home/pkas7/Research/SCOP/pdbstyle-1.75B/eu/d1eucb2.ent
Number of residues: 246
Doing a BEZIER segmentation ...

Bounding box volume: 85287.3
Null Model Fit: 11338 bits.
Bits per residue: 46.2774

Bezier model fit: 10340.7 bits.
Bits per residue: 42.2071

# of segments: 24
Internal segmentation:
0-->4-->16-->28-->40-->52-->63-->65-->72-->83-->94-->101-->110-->126-->134-->139-->147-->159-->177-->199-->200-->212-->227-->234-->245

CPU time used: 2.43 secs.
Wall clock time elapsed: 2 secs.

        SEGMENT          START            END   NUM_RESIDUES MESSAGE_LENGTH                    END_POINTS        INTERMEDIATE_CONTROL_POINTS
              1            B 0            B 4              5        180.504         (1.274, -7.465, 19.383)
                                                                                    (-11.865, -7.024, 19.008)

              2            B 4           B 16             13        496.135         (-11.865, -7.024, 19.008)
                                                                                    (-14.182, 10.216, 11.59)

              3           B 16           B 28             13        506.684         (-14.182, 10.216, 11.59)
                                                                                    (-29.26, -10.566, 25.57)

              4           B 28           B 40             13        500.257         (-29.26, -10.566, 25.57)
                                                                                    (-31.807, -0.283, 10.638)

              5           B 40           B 52             13        513.393         (-31.807, -0.283, 10.638)
                                                                                    (-11.585, -16.295, 12.656)

              6           B 52           B 63             12        475.632         (-11.585, -16.295, 12.656)
                                                                                    (-26.63, -22.268, 18.161)

              7           B 63           B 65              3        96.5919         (-26.63, -22.268, 18.161)
                                                                                    (-23.144, -19.418, 13.309)

              8           B 65           B 72              8        298.149         (-23.144, -19.418, 13.309)
                                                                                    (-36.166, -8.318, 13.697)

              9           B 72           B 83             12         457.45         (-36.166, -8.318, 13.697)
                                                                                    (-24.502, -16.613, 22.502)

             10           B 83           B 94             12        477.403         (-24.502, -16.613, 22.502)
                                                                                    (-8.986, -24.427, 20.491)

             11           B 94          B 101              8        297.098         (-8.986, -24.427, 20.491)
                                                                                    (-18.75, -12.203, 26.562)

             12          B 101          B 110             10        390.309         (-18.75, -12.203, 26.562)
                                                                                    (-24.729, -4.156, 1.333)

             13          B 110          B 126             17        671.253         (-24.729, -4.156, 1.333)
                                                                                    (11.481, 5.328, 4.326)

             14          B 126          B 134              9        337.372         (11.481, 5.328, 4.326)
                                                                                    (-9.464, -2.092, -7.141)

             15          B 134          B 139              6        226.925         (-9.464, -2.092, -7.141)
                                                                                    (-5.572, -11.129, 0.331)

             16          B 139          B 147              9         344.53         (-5.572, -11.129, 0.331)
                                                                                    (-1.949, -8.9, -11.047)

             17          B 147          B 159             13          489.8         (-1.949, -8.9, -11.047)
                                                                                    (6.466, 15.955, 7.05)

             18          B 159          B 177             19        760.457         (6.466, 15.955, 7.05)
                                                                                    (-16.38, 7.673, -9.354)

             19          B 177          B 199             23        868.437         (-16.38, 7.673, -9.354)
                                                                                    (1.105, 4.815, 16.136)

             20          B 199          B 200              2        49.3145         (1.105, 4.815, 16.136)
                                                                                    (0.051, 2.132, 13.729)

             21          B 200          B 212             13        507.053         (0.051, 2.132, 13.729)
                                                                                    (-25.625, 0.727, -3.004)

             22          B 212          B 227             16        623.294         (-25.625, 0.727, -3.004)
                                                                                    (4.775, -1.811, 20.28)

             23          B 227          B 234              8        308.924         (4.775, -1.811, 20.28)
                                                                                    (-1.775, 3.623, 26.911)

             24          B 234          B 245             12        463.761         (-1.775, 3.623, 26.911)
                                                                                    (-3.139, -15.871, 23.597)

