Using structure file: /home/pkas7/Research/SCOP/pdbstyle-1.75B/ew/d1ew4a_.ent
Number of residues: 106
Doing a BEZIER segmentation ...

Bounding box volume: 30303.6
Null Model Fit: 4702.38 bits.
Bits per residue: 44.7846

Bezier model fit: 4292.27 bits.
Bits per residue: 40.8788

# of segments: 10
Internal segmentation:
0-->1-->24-->25-->35-->43-->56-->64-->73-->99-->105

CPU time used: 0.92 secs.
Wall clock time elapsed: 0 secs.

        SEGMENT          START            END   NUM_RESIDUES MESSAGE_LENGTH                    END_POINTS        INTERMEDIATE_CONTROL_POINTS
              1            A 1            A 2              2        47.8216         (15.118, 17.969, 3.246)
                                                                                    (16.899, 14.736, 4.185)

              2            A 2           A 25             24        896.324         (16.899, 14.736, 4.185)
                                                                                    (16.264, 35.614, 34.43)

              3           A 25           A 26              2        47.8216         (16.264, 35.614, 34.43)
                                                                                    (13.077, 37.658, 34.182)

              4           A 26           A 36             11        408.084         (13.077, 37.658, 34.182)
                                                                                    (9.613, 11.969, 25.079)

              5           A 36           A 44              9        333.341         (9.613, 11.969, 25.079)
                                                                                    (2.629, 30.983, 36.086)

              6           A 44           A 57             14        516.822         (2.629, 30.983, 36.086)
                                                                                    (7.216, 15.845, 7.47)

              7           A 57           A 65              9        326.173         (7.216, 15.845, 7.47)
                                                                                    (-2.662, 28.978, 24.136)

              8           A 65           A 74             10        378.984         (-2.662, 28.978, 24.136)
                                                                                    (13.459, 27.809, 4.616)

              9           A 74          A 100             27        1078.06         (13.459, 27.809, 4.616)
                                                                                    (2.768, 38.768, 30.706)

             10          A 100          A 106              7        258.843         (2.768, 38.768, 30.706)
                                                                                    (17.403, 38.787, 20.129)

