Using structure file: /home/pkas7/Research/SCOP/pdbstyle-1.75B/f3/d1f35a_.ent
Number of residues: 162
Doing a BEZIER segmentation ...

Bounding box volume: 69119.2
Null Model Fit: 7401.84 bits.
Bits per residue: 45.9742

Bezier model fit: 6700.65 bits.
Bits per residue: 41.6189

# of segments: 17
Internal segmentation:
0-->4-->18-->33-->40-->46-->57-->62-->72-->82-->88-->95-->110-->119-->134-->145-->150-->161

CPU time used: 1.51 secs.
Wall clock time elapsed: 1 secs.

        SEGMENT          START            END   NUM_RESIDUES MESSAGE_LENGTH                    END_POINTS        INTERMEDIATE_CONTROL_POINTS
              1            A 2            A 6              5        184.695         (3.306, 30.152, 56.27)
                                                                                    (11.3, 38.828, 53.249)

              2            A 6           A 20             15        564.477         (11.3, 38.828, 53.249)
                                                                                    (46.007, 24.516, 49.824)

              3           A 20           A 35             16        606.089         (46.007, 24.516, 49.824)
                                                                                    (56.969, 9.438, 38.497)

              4           A 35           A 42              8        299.863         (56.969, 9.438, 38.497)
                                                                                    (38.817, 4.929, 41.048)

              5           A 42           A 48              7        261.033         (38.817, 4.929, 41.048)
                                                                                    (43.259, 22.317, 35.777)

              6           A 48           A 59             12        442.803         (43.259, 22.317, 35.777)
                                                                                    (25.133, 26.525, 62.036)

              7           A 59           A 64              6        227.669         (25.133, 26.525, 62.036)
                                                                                    (16.471, 25.027, 55.304)

              8           A 64           A 74             11        410.291         (16.471, 25.027, 55.304)
                                                                                    (31.934, 38.091, 33.11)

              9           A 74           A 84             11        410.071         (31.934, 38.091, 33.11)
                                                                                    (30.716, 13.236, 50.043)

             10           A 84           A 90              7        261.008         (30.716, 13.236, 50.043)
                                                                                    (43.433, 15.322, 55.145)

             11           A 90           A 97              8        306.346         (43.433, 15.322, 55.145)
                                                                                    (32.202, 8.043, 43.343)

             12           A 97          A 112             16        618.408         (32.202, 8.043, 43.343)
                                                                                    (22.444, 39.945, 29.419)

             13          A 112          A 121             10        380.475         (22.444, 39.945, 29.419)
                                                                                    (19.137, 20.04, 39.607)

             14          A 121          A 136             16        617.433         (19.137, 20.04, 39.607)
                                                                                    (30.024, 17.808, 59.596)

             15          A 136          A 147             12        441.131         (30.024, 17.808, 59.596)
                                                                                    (36.463, 29.131, 29.097)

             16          A 147          A 152              6        221.654         (36.463, 29.131, 29.097)
                                                                                    (38.253, 35.779, 40.617)

             17          A 152          A 163             12        447.205         (38.253, 35.779, 40.617)
                                                                                    (14.204, 27.267, 61.376)

