Using structure file: /home/pkas7/Research/SCOP/pdbstyle-1.75B/fc/d1fc6a3.ent
Number of residues: 92
Doing a BEZIER segmentation ...

Bounding box volume: 20759.2
Null Model Fit: 4025.73 bits.
Bits per residue: 44.2388

Bezier model fit: 3846.95 bits.
Bits per residue: 42.2742

# of segments: 10
Internal segmentation:
0-->6-->16-->29-->39-->44-->54-->67-->79-->81-->91

CPU time used: 0.77 secs.
Wall clock time elapsed: 0 secs.

        SEGMENT          START            END   NUM_RESIDUES MESSAGE_LENGTH                    END_POINTS        INTERMEDIATE_CONTROL_POINTS
              1          A 157          A 163              7        262.872         (54.58, 27.397, 37.474)
                                                                                    (45.957, 36.751, 33.734)

              2          A 163          A 173             11        419.073         (45.957, 36.751, 33.734)
                                                                                    (53.789, 56.738, 42.695)

              3          A 173          A 186             14        540.423         (53.789, 56.738, 42.695)
                                                                                    (47.738, 36.568, 27.571)

              4          A 186          A 196             11        437.348         (47.738, 36.568, 27.571)
                                                                                    (50.288, 52.122, 31.695)

              5          A 196          A 201              6        213.663         (50.288, 52.122, 31.695)
                                                                                    (40.123, 47.025, 41.751)

              6          A 201          A 211             11        432.886         (40.123, 47.025, 41.751)
                                                                                    (51.892, 45.402, 48.367)

              7          A 211          A 224             14         530.55         (51.892, 45.402, 48.367)
                                                                                    (39.835, 28.507, 34.332)

              8          A 224          A 236             13        499.139         (39.835, 28.507, 34.332)
                                                                                    (41.881, 59.272, 32.762)

              9          A 236          A 238              3        92.5147         (41.881, 59.272, 32.762)
                                                                                    (36.911, 58.239, 34.321)

             10          A 238          A 248             11        418.481         (36.911, 58.239, 34.321)
                                                                                    (45.298, 30.567, 32.243)

