Using structure file: /home/pkas7/Research/SCOP/pdbstyle-1.75B/fc/d1fcqa_.ent
Number of residues: 314
Doing a BEZIER segmentation ...

Bounding box volume: 104249
Null Model Fit: 14575.5 bits.
Bits per residue: 46.567

Bezier model fit: 12982.2 bits.
Bits per residue: 41.4768

# of segments: 25
Internal segmentation:
0-->8-->14-->27-->32-->60-->67-->82-->87-->105-->107-->124-->130-->159-->180-->194-->202-->214-->216-->239-->252-->263-->277-->287-->294-->313

CPU time used: 3.2 secs.
Wall clock time elapsed: 3 secs.

        SEGMENT          START            END   NUM_RESIDUES MESSAGE_LENGTH                    END_POINTS        INTERMEDIATE_CONTROL_POINTS
              1           A 10           A 18              9        335.986         (12.368, 20.496, 12.387)
                                                                                    (-4.566, 3.42, 18.994)

              2           A 18           A 24              7         264.88         (-4.566, 3.42, 18.994)
                                                                                    (-14.594, 4.696, 26.498)

              3           A 24           A 37             14        542.699         (-14.594, 4.696, 26.498)
                                                                                    (5.364, 17.4, 22.8)

              4           A 37           A 42              6        226.041         (5.364, 17.4, 22.8)
                                                                                    (-7.371, 16.119, 17.161)

              5           A 42           A 77             29        1168.92         (-7.371, 16.119, 17.161)
                                                                                    (-1.937, -14.461, -4.916)

              6           A 77           A 84              8        315.407         (-1.937, -14.461, -4.916)
                                                                                    (-5.564, -4.163, -10.632)

              7           A 84           A 99             16         605.61         (-5.564, -4.163, -10.632)
                                                                                    (-9.716, 9.703, 5.389)

              8           A 99          A 104              6        228.917         (-9.716, 9.703, 5.389)
                                                                                    (-5.813, 15.727, 4.762)

              9          A 104          A 122             19        760.521         (-5.813, 15.727, 4.762)
                                                                                    (10.617, -12.659, -0.779)

             10          A 122          A 124              3        97.1711         (10.617, -12.659, -0.779)
                                                                                    (11.654, -17.34, 4.337)

             11          A 124          A 141             18        686.415         (11.654, -17.34, 4.337)
                                                                                    (5.25, -22.665, -20.95)

             12          A 141          A 147              7        267.904         (5.25, -22.665, -20.95)
                                                                                    (16.716, -20.179, -17.229)

             13          A 147          A 176             30        1124.02         (16.716, -20.179, -17.229)
                                                                                    (-5.232, 13.305, -0.96)

             14          A 176          A 197             22        868.749         (-5.232, 13.305, -0.96)
                                                                                    (24.717, -10.556, 10.914)

             15          A 197          A 211             15        582.576         (24.717, -10.556, 10.914)
                                                                                    (17.082, 0.982, -8.465)

             16          A 211          A 219              9        348.237         (17.082, 0.982, -8.465)
                                                                                    (6.889, 8.714, -1.984)

             17          A 219          A 231             13        480.692         (6.889, 8.714, -1.984)
                                                                                    (17.562, -11.216, 21.528)

             18          A 231          A 233              3        97.1711         (17.562, -11.216, 21.528)
                                                                                    (22.921, -6.803, 22.703)

             19          A 233          A 256             24        902.953         (22.921, -6.803, 22.703)
                                                                                    (16.799, 12.817, -8.343)

             20          A 256          A 269             14        535.625         (16.799, 12.817, -8.343)
                                                                                    (7.333, -3.447, 22.435)

             21          A 269          A 280             12        484.225         (7.333, -3.447, 22.435)
                                                                                    (14.488, 2.832, 29.49)

             22          A 280          A 294             15        569.721         (14.488, 2.832, 29.49)
                                                                                    (19.235, 13.504, 11.145)

             23          A 294          A 304             11        412.633         (19.235, 13.504, 11.145)
                                                                                    (-4.831, -2.635, 19.04)

             24          A 304          A 311              8        307.204         (-4.831, -2.635, 19.04)
                                                                                    (-6.516, -2.444, 32.511)

             25          A 311          A 330             20        767.949         (-6.516, -2.444, 32.511)
                                                                                    (14.039, 14.565, 26.468)

