Using structure file: /home/pkas7/Research/SCOP/pdbstyle-1.75B/fc/d1fc3a_.ent
Number of residues: 119
Doing a BEZIER segmentation ...

Bounding box volume: 35253.3
Null Model Fit: 5310.33 bits.
Bits per residue: 45.0028

Bezier model fit: 4865.7 bits.
Bits per residue: 41.2348

# of segments: 12
Internal segmentation:
0-->17-->21-->38-->45-->57-->60-->79-->89-->98-->100-->116-->118

CPU time used: 1.08 secs.
Wall clock time elapsed: 1 secs.

        SEGMENT          START            END   NUM_RESIDUES MESSAGE_LENGTH                    END_POINTS        INTERMEDIATE_CONTROL_POINTS
              1          A 140          A 157             18        683.748         (-11.727, 43.668, 14.375)
                                                                                    (-9.482, 26.376, -5.102)

              2          A 157          A 161              5        177.099         (-9.482, 26.376, -5.102)
                                                                                    (-13.416, 20.223, 4.149)

              3          A 161          A 178             18        692.166         (-13.416, 20.223, 4.149)
                                                                                    (5.841, 37.23, 11.367)

              4          A 178          A 185              8         303.76         (5.841, 37.23, 11.367)
                                                                                    (8.842, 26.225, 8.883)

              5          A 185          A 197             13        480.897         (8.842, 26.225, 8.883)
                                                                                    (-4.464, 19.876, 16.096)

              6          A 197          A 200              4        140.295         (-4.464, 19.876, 16.096)
                                                                                    (2.385, 15.562, 13.584)

              7          A 200          A 219             20        745.736         (2.385, 15.562, 13.584)
                                                                                    (-8.199, 24.175, -13.459)

              8          A 219          A 229             11        427.001         (-8.199, 24.175, -13.459)
                                                                                    (-0.484, 37.217, -12.381)

              9          A 229          A 238             10        386.817         (-0.484, 37.217, -12.381)
                                                                                    (3.205, 24.185, -8.64)

             10          A 238          A 240              3        94.0427         (3.205, 24.185, -8.64)
                                                                                    (6.179, 24.506, -2.729)

             11          A 240          A 256             17        640.101         (6.179, 24.506, -2.729)
                                                                                    (-5.364, 47.821, 1.126)

             12          A 256          A 258              3        94.0427         (-5.364, 47.821, 1.126)
                                                                                    (-7.887, 49.515, 7.76)

