Using structure file: /home/pkas7/Research/SCOP/pdbstyle-1.75B/g6/d1g6oa_.ent
Number of residues: 323
Doing a BEZIER segmentation ...

Bounding box volume: 160605
Null Model Fit: 15195.3 bits.
Bits per residue: 47.1905

Bezier model fit: 13570.1 bits.
Bits per residue: 42.1432

# of segments: 29
Internal segmentation:
0-->10-->29-->38-->46-->56-->66-->87-->93-->105-->118-->133-->151-->165-->174-->192-->200-->208-->209-->220-->235-->244-->258-->265-->270-->286-->292-->303-->313-->322

CPU time used: 3.32 secs.
Wall clock time elapsed: 3 secs.

        SEGMENT          START            END   NUM_RESIDUES MESSAGE_LENGTH                    END_POINTS        INTERMEDIATE_CONTROL_POINTS
              1            A 6           A 16             11        420.096         (-36.443, 27.734, 50.848)
                                                                                    (-32.145, 43.23, 56.773)

              2           A 16           A 35             20        769.036         (-32.145, 43.23, 56.773)
                                                                                    (-47.804, 65.111, 43.84)

              3           A 35           A 44             10        388.362         (-47.804, 65.111, 43.84)
                                                                                    (-49.278, 57.215, 26.32)

              4           A 44           A 52              9        340.118         (-49.278, 57.215, 26.32)
                                                                                    (-42.64, 75.994, 39.158)

              5           A 52           A 62             11        426.473         (-42.64, 75.994, 39.158)
                                                                                    (-48.437, 62.232, 19.759)

              6           A 62           A 72             11        417.063         (-48.437, 62.232, 19.759)
                                                                                    (-55.533, 74.536, 44.35)

              7           A 72           A 93             22        869.262         (-55.533, 74.536, 44.35)
                                                                                    (-27.665, 59.199, 48.753)

              8           A 93           A 99              7        265.153         (-27.665, 59.199, 48.753)
                                                                                    (-26.037, 76.502, 47.562)

              9           A 99          A 111             13        506.693         (-26.037, 76.502, 47.562)
                                                                                    (-36.792, 53.704, 38.159)

             10          A 111          A 124             14        557.759         (-36.792, 53.704, 38.159)
                                                                                    (-36.486, 83.016, 41.452)

             11          A 124          A 139             16        606.542         (-36.486, 83.016, 41.452)
                                                                                    (-44.074, 46.292, 23.619)

             12          A 139          A 157             19        775.047         (-44.074, 46.292, 23.619)
                                                                                    (-39.875, 49.254, 1.563)

             13          A 157          A 171             15        577.614         (-39.875, 49.254, 1.563)
                                                                                    (-26.52, 38.506, 13.774)

             14          A 171          A 180             10        382.329         (-26.52, 38.506, 13.774)
                                                                                    (-35.361, 61.725, 22.022)

             15          A 180          A 198             19         754.91         (-35.361, 61.725, 22.022)
                                                                                    (-31.835, 29.7, 21.309)

             16          A 198          A 206              9        343.986         (-31.835, 29.7, 21.309)
                                                                                    (-30.113, 52.316, 32.999)

             17          A 206          A 214              9        345.726         (-30.113, 52.316, 32.999)
                                                                                    (-39.149, 35.058, 22.897)

             18          A 214          A 215              2        50.2276         (-39.149, 35.058, 22.897)
                                                                                    (-36.104, 34.109, 24.982)

             19          A 215          A 226             12        454.776         (-36.104, 34.109, 24.982)
                                                                                    (-20.817, 54.027, 41.288)

             20          A 226          A 241             16        641.032         (-20.817, 54.027, 41.288)
                                                                                    (-23.468, 36.158, 25.485)

             21          A 241          A 250             10        388.918         (-23.468, 36.158, 25.485)
                                                                                    (-23.495, 57.886, 25.486)

             22          A 250          A 264             15        580.517         (-23.495, 57.886, 25.486)
                                                                                    (-15.423, 40.286, 15.604)

             23          A 264          A 271              8        309.807         (-15.423, 40.286, 15.604)
                                                                                    (-29.632, 52.948, 20.306)

             24          A 271          A 276              6        229.394         (-29.632, 52.948, 20.306)
                                                                                    (-28.579, 60.583, 10.312)

             25          A 276          A 292             17        645.585         (-28.579, 60.583, 10.312)
                                                                                    (-8.547, 57.545, 27.593)

             26          A 292          A 298              7        269.012         (-8.547, 57.545, 27.593)
                                                                                    (-6.753, 58.803, 14.802)

             27          A 298          A 309             12         459.47         (-6.753, 58.803, 14.802)
                                                                                    (-18.132, 46.998, 11.601)

             28          A 309          A 319             11        412.048         (-18.132, 46.998, 11.601)
                                                                                    (-43.094, 61.534, 13.384)

             29          A 319          A 328             10        383.151         (-43.094, 61.534, 13.384)
                                                                                    (-23.368, 47.934, 4.108)

