Using structure file: /home/pkas7/Research/SCOP/pdbstyle-1.75B/g7/d1g7sa1.ent
Number of residues: 97
Doing a BEZIER segmentation ...

Bounding box volume: 27306.2
Null Model Fit: 4284.89 bits.
Bits per residue: 44.6343

Bezier model fit: 4093.73 bits.
Bits per residue: 42.6431

# of segments: 13
Internal segmentation:
0-->8-->15-->27-->31-->43-->48-->58-->59-->67-->73-->81-->88-->96

CPU time used: 0.79 secs.
Wall clock time elapsed: 0 secs.

        SEGMENT          START            END   NUM_RESIDUES MESSAGE_LENGTH                    END_POINTS        INTERMEDIATE_CONTROL_POINTS
              1          A 228          A 236              9        343.341         (31.919, 43.893, 46.972)
                                                                                    (28.147, 46.086, 28.072)

              2          A 236          A 243              8        302.251         (28.147, 46.086, 28.072)
                                                                                    (13.319, 58.308, 24.989)

              3          A 243          A 255             13        507.331         (13.319, 58.308, 24.989)
                                                                                    (32.244, 41.852, 40.291)

              4          A 255          A 259              5        178.984         (32.244, 41.852, 40.291)
                                                                                    (28.418, 54.069, 41.795)

              5          A 259          A 271             13        498.975         (28.418, 54.069, 41.795)
                                                                                    (39.966, 53.216, 20.966)

              6          A 271          A 276              6        213.788         (39.966, 53.216, 20.966)
                                                                                    (31.722, 60.054, 33.877)

              7          A 276          A 286             11        414.901         (31.722, 60.054, 33.877)
                                                                                    (7.389, 45.879, 42.122)

              8          A 286          A 291              2        47.6714         (7.389, 45.879, 42.122)
                                                                                    (1.327, 54.953, 40.416)

              9          A 291          A 299              9        350.949         (1.327, 54.953, 40.416)
                                                                                    (19.888, 54.322, 42.127)

             10          A 299          A 305              7        248.288         (19.888, 54.322, 42.127)
                                                                                    (25.161, 40.436, 40.514)

             11          A 305          A 313              9        341.902         (25.161, 40.436, 40.514)
                                                                                    (27.899, 61.411, 27.542)

             12          A 313          A 320              8        307.237         (27.899, 61.411, 27.542)
                                                                                    (28.327, 45.765, 22.552)

             13          A 320          A 328              9        338.115         (28.327, 45.765, 22.552)
                                                                                    (41.142, 53.954, 39.385)

