Using structure file: /home/pkas7/Research/SCOP/pdbstyle-1.75B/g8/d1g86a_.ent
Number of residues: 141
Doing a BEZIER segmentation ...

Bounding box volume: 37496.1
Null Model Fit: 6312.85 bits.
Bits per residue: 45.0918

Bezier model fit: 5907.93 bits.
Bits per residue: 42.1995

# of segments: 17
Internal segmentation:
0-->3-->13-->21-->29-->41-->60-->67-->76-->85-->95-->104-->105-->111-->118-->128-->129-->140

CPU time used: 1.3 secs.
Wall clock time elapsed: 1 secs.

        SEGMENT          START            END   NUM_RESIDUES MESSAGE_LENGTH                    END_POINTS        INTERMEDIATE_CONTROL_POINTS
              1            A 2            A 5              4        140.562         (-6.548, 45.611, 70.047)
                                                                                    (0.156, 44.219, 72.378)

              2            A 5           A 15             11        420.378         (0.156, 44.219, 72.378)
                                                                                    (-0.283, 32.662, 95.588)

              3           A 15           A 23              9        335.658         (-0.283, 32.662, 95.588)
                                                                                    (-10.401, 39.099, 77.892)

              4           A 23           A 31              9        346.068         (-10.401, 39.099, 77.892)
                                                                                    (-12.258, 26.86, 60.554)

              5           A 31           A 43             13        486.514         (-12.258, 26.86, 60.554)
                                                                                    (11.721, 34.166, 85.131)

              6           A 43           A 62             20        805.209         (11.721, 34.166, 85.131)
                                                                                    (-6.668, 22.156, 74.86)

              7           A 62           A 69              8        293.283         (-6.668, 22.156, 74.86)
                                                                                    (14.732, 22.381, 83.556)

              8           A 69           A 78             10        380.746         (14.732, 22.381, 83.556)
                                                                                    (-8.86, 17.937, 77.102)

              9           A 78           A 87             10        381.591         (-8.86, 17.937, 77.102)
                                                                                    (-16.855, 35.603, 69.959)

             10           A 87           A 97             11        411.481         (-16.855, 35.603, 69.959)
                                                                                    (-4.213, 25.226, 97.153)

             11           A 97          A 106             10        373.483         (-4.213, 25.226, 97.153)
                                                                                    (-17.946, 31.93, 83.867)

             12          A 106          A 107              2        48.1289         (-17.946, 31.93, 83.867)
                                                                                    (-17.974, 28.145, 83.643)

             13          A 107          A 113              7        256.149         (-17.974, 28.145, 83.643)
                                                                                    (-2.743, 20.152, 89.745)

             14          A 113          A 120              8        307.343         (-2.743, 20.152, 89.745)
                                                                                    (7.78, 30.251, 91.623)

             15          A 120          A 130             11         418.73         (7.78, 30.251, 91.623)
                                                                                    (-5.771, 36.645, 69.48)

             16          A 130          A 131              2        48.1289         (-5.771, 36.645, 69.48)
                                                                                    (-6.377, 40.317, 70.139)

             17          A 131          A 142             12        454.477         (-6.377, 40.317, 70.139)
                                                                                    (-1.509, 37.836, 101.544)

