Using structure file: /home/pkas7/Research/SCOP/pdbstyle-1.75B/go/d1goia2.ent
Number of residues: 356
Doing a BEZIER segmentation ...

Bounding box volume: 116096
Null Model Fit: 16586.4 bits.
Bits per residue: 46.7223

Bezier model fit: 14806.6 bits.
Bits per residue: 41.7087

# of segments: 28
Internal segmentation:
0-->13-->22-->40-->53-->65-->82-->101-->113-->132-->144-->145-->170-->185-->193-->203-->214-->227-->232-->244-->249-->261-->276-->290-->305-->316-->334-->345-->355

CPU time used: 3.66 secs.
Wall clock time elapsed: 3 secs.

        SEGMENT          START            END   NUM_RESIDUES MESSAGE_LENGTH                    END_POINTS        INTERMEDIATE_CONTROL_POINTS
              1            A 3           A 16             14        531.637         (29.683, 64.742, 115.035)
                                                                                    (4.126, 35.706, 111.216)

              2           A 16           A 25             10          396.1         (4.126, 35.706, 111.216)
                                                                                    (9.863, 31.747, 123.109)

              3           A 25           A 43             19        760.683         (9.863, 31.747, 123.109)
                                                                                    (24.845, 51.964, 120.974)

              4           A 43           A 56             14        525.126         (24.845, 51.964, 120.974)
                                                                                    (-2.025, 48.691, 94.959)

              5           A 56           A 68             13        522.096         (-2.025, 48.691, 94.959)
                                                                                    (-2.397, 45.621, 113.423)

              6           A 68           A 85             18        681.714         (-2.397, 45.621, 113.423)
                                                                                    (18.752, 56.996, 124.414)

              7           A 85          A 104             20        783.147         (18.752, 56.996, 124.414)
                                                                                    (9.179, 41.503, 92.774)

              8          A 104          A 116             13        496.477         (9.179, 41.503, 92.774)
                                                                                    (2.657, 61.625, 88.552)

              9          A 116          A 135             20        750.613         (2.657, 61.625, 88.552)
                                                                                    (5.028, 56.75, 116.153)

             10          A 135          A 147             13        508.722         (5.028, 56.75, 116.153)
                                                                                    (15.589, 52.317, 86.625)

             11          A 147          A 148              2        49.7594         (15.589, 52.317, 86.625)
                                                                                    (16.727, 55.339, 84.636)

             12          A 148          A 173             26         995.31         (16.727, 55.339, 84.636)
                                                                                    (8.428, 70.812, 117.927)

             13          A 173          A 188             16        620.591         (8.428, 70.812, 117.927)
                                                                                    (27.785, 47.839, 93.695)

             14          A 188          A 196              9        343.118         (27.785, 47.839, 93.695)
                                                                                    (24.173, 57.149, 89.256)

             15          A 196          A 206             11         421.64         (24.173, 57.149, 89.256)
                                                                                    (18.238, 62.752, 102.389)

             16          A 206          A 217             12        453.255         (18.238, 62.752, 102.389)
                                                                                    (29.618, 37.973, 96.138)

             17          A 217          A 230             14        565.724         (29.618, 37.973, 96.138)
                                                                                    (36.972, 46.633, 102.092)

             18          A 230          A 235              6         224.64         (36.972, 46.633, 102.092)
                                                                                    (44.075, 37.485, 93.039)

             19          A 235          A 247             13        500.681         (44.075, 37.485, 93.039)
                                                                                    (23.885, 58.289, 81.018)

             20          A 247          A 252              6        225.775         (23.885, 58.289, 81.018)
                                                                                    (35.728, 59.111, 76.651)

             21          A 252          A 264             13        497.435         (35.728, 59.111, 76.651)
                                                                                    (37.498, 45.157, 92.173)

             22          A 264          A 279             16         633.02         (37.498, 45.157, 92.173)
                                                                                    (26.983, 67.375, 95.309)

             23          A 279          A 381             15        599.449         (26.983, 67.375, 95.309)
                                                                                    (33.402, 40.2, 112.36)

             24          A 381          A 396             16         605.79         (33.402, 40.2, 112.36)
                                                                                    (34.462, 61.46, 106.905)

             25          A 396          A 407             12        468.701         (34.462, 61.46, 106.905)
                                                                                    (22.029, 38.175, 113.59)

             26          A 407          A 425             19        749.293         (22.029, 38.175, 113.59)
                                                                                    (37.74, 56.963, 124.857)

             27          A 425          A 436             12        466.192         (37.74, 56.963, 124.857)
                                                                                    (47.982, 47.34, 100.531)

             28          A 436          A 446             11        429.905         (47.982, 47.34, 100.531)
                                                                                    (33.348, 65.466, 92.801)

