Using structure file: /home/pkas7/Research/SCOP/pdbstyle-1.75B/h3/d1h3ga3.ent
Number of residues: 422
Doing a BEZIER segmentation ...

Bounding box volume: 160330
Null Model Fit: 19866.2 bits.
Bits per residue: 47.188

Bezier model fit: 17762.9 bits.
Bits per residue: 42.1922

# of segments: 38
Internal segmentation:
0-->9-->23-->32-->42-->52-->65-->77-->93-->100-->101-->115-->127-->129-->138-->154-->163-->180-->188-->208-->216-->221-->236-->247-->259-->263-->270-->289-->309-->310-->321-->333-->348-->356-->366-->381-->396-->414-->421

CPU time used: 4.31 secs.
Wall clock time elapsed: 4 secs.

        SEGMENT          START            END   NUM_RESIDUES MESSAGE_LENGTH                    END_POINTS        INTERMEDIATE_CONTROL_POINTS
              1           A 96          A 105             10        384.687         (38.015, -13.382, 13.596)
                                                                                    (45.61, 5.728, 16.964)

              2          A 105          A 119             15        596.558         (45.61, 5.728, 16.964)
                                                                                    (15.33, 11.041, 15.874)

              3          A 119          A 128             10        389.979         (15.33, 11.041, 15.874)
                                                                                    (4.278, 1.995, 26.694)

              4          A 128          A 138             11        422.646         (4.278, 1.995, 26.694)
                                                                                    (13.285, 19.844, 28.722)

              5          A 138          A 148             11        423.253         (13.285, 19.844, 28.722)
                                                                                    (17.398, 4.538, 13.415)

              6          A 148          A 161             14        546.196         (17.398, 4.538, 13.415)
                                                                                    (36.455, 11.213, 8.428)

              7          A 161          A 173             13        504.833         (36.455, 11.213, 8.428)
                                                                                    (17.253, 3.391, 31.687)

              8          A 173          A 189             17        688.059         (17.253, 3.391, 31.687)
                                                                                    (20.85, -6.936, 28.734)

              9          A 189          A 196              8        316.205         (20.85, -6.936, 28.734)
                                                                                    (15.418, 0.578, 19.463)

             10          A 196          A 197              2        50.2251         (15.418, 0.578, 19.463)
                                                                                    (15.78, -3.13, 19.978)

             11          A 197          A 211             15        569.023         (15.78, -3.13, 19.978)
                                                                                    (31.102, 2.328, 6.252)

             12          A 211          A 223             13         485.73         (31.102, 2.328, 6.252)
                                                                                    (26.211, 1.471, 39.739)

             13          A 223          A 225              3        98.4132         (26.211, 1.471, 39.739)
                                                                                    (19.498, 2.826, 38.307)

             14          A 225          A 234             10        392.208         (19.498, 2.826, 38.307)
                                                                                    (17.548, -7.861, 45.743)

             15          A 234          A 250             17        690.717         (17.548, -7.861, 45.743)
                                                                                    (32.662, 12.076, 48.576)

             16          A 250          A 259             10        394.244         (32.662, 12.076, 48.576)
                                                                                    (50.107, 6.076, 50.83)

             17          A 259          A 276             18        718.722         (50.107, 6.076, 50.83)
                                                                                    (20.248, 8.359, 45.715)

             18          A 276          A 284              9         333.35         (20.248, 8.359, 45.715)
                                                                                    (33.441, -7.503, 45.939)

             19          A 284          A 304             21        800.387         (33.441, -7.503, 45.939)
                                                                                    (30.477, -6.896, 17.17)

             20          A 304          A 312              9        341.027         (30.477, -6.896, 17.17)
                                                                                    (33.533, 6.413, 36.199)

             21          A 312          A 317              6        227.863         (33.533, 6.413, 36.199)
                                                                                    (36.279, -1.874, 43.333)

             22          A 317          A 332             16        608.043         (36.279, -1.874, 43.333)
                                                                                    (39.812, -9.898, 22.969)

             23          A 332          A 343             12        461.915         (39.812, -9.898, 22.969)
                                                                                    (41.296, 13.701, 37.083)

             24          A 343          A 355             13        514.074         (41.296, 13.701, 37.083)
                                                                                    (51.635, -2.251, 32.395)

             25          A 355          A 359              5        182.323         (51.635, -2.251, 32.395)
                                                                                    (53.892, 1.637, 44.149)

             26          A 359          A 366              8        302.505         (53.892, 1.637, 44.149)
                                                                                    (43.06, -1.39, 30.895)

             27          A 366          A 385             20        760.323         (43.06, -1.39, 30.895)
                                                                                    (43.839, 34.865, 27.741)

             28          A 385          A 405             21        832.195         (43.839, 34.865, 27.741)
                                                                                    (53.02, 2.873, 30.135)

             29          A 405          A 406              2        50.2251         (53.02, 2.873, 30.135)
                                                                                    (51.348, 3.616, 26.756)

             30          A 406          A 417             12        472.201         (51.348, 3.616, 26.756)
                                                                                    (28.884, 15.526, 27.044)

             31          A 417          A 429             13        507.588         (28.884, 15.526, 27.044)
                                                                                    (36.779, 32.178, 18.885)

             32          A 429          A 444             16        610.933         (36.779, 32.178, 18.885)
                                                                                    (50.087, 11.072, 19.521)

             33          A 444          A 452              9        343.738         (50.087, 11.072, 19.521)
                                                                                    (28.058, 19.103, 17.443)

             34          A 452          A 462             11        438.007         (28.058, 19.103, 17.443)
                                                                                    (30.505, 27.933, 34.44)

             35          A 462          A 477             16        635.023         (30.505, 27.933, 34.44)
                                                                                    (14.691, 16.112, 14.047)

             36          A 477          A 492             16        641.904         (14.691, 16.112, 14.047)
                                                                                    (29.276, 30.448, 7.113)

             37          A 492          A 510             19        715.923         (29.276, 30.448, 7.113)
                                                                                    (46.057, 9.013, 5.61)

             38          A 510          A 517              8        311.673         (46.057, 9.013, 5.61)
                                                                                    (55.093, 8.667, 14.394)

