Using structure file: /home/pkas7/Research/SCOP/pdbstyle-1.75B/h6/d1h6ga1.ent
Number of residues: 131
Doing a BEZIER segmentation ...

Bounding box volume: 41006.7
Null Model Fit: 5878.72 bits.
Bits per residue: 45.2209

Bezier model fit: 5170.86 bits.
Bits per residue: 39.7759

# of segments: 8
Internal segmentation:
0-->14-->34-->35-->63-->67-->96-->101-->130

CPU time used: 1.19 secs.
Wall clock time elapsed: 1 secs.

        SEGMENT          START            END   NUM_RESIDUES MESSAGE_LENGTH                    END_POINTS        INTERMEDIATE_CONTROL_POINTS
              1          A 377          A 391             15        564.153         (9.903, 24.949, 44.137)
                                                                                    (19.705, 11.957, 25.909)

              2          A 391          A 411             21        807.866         (19.705, 11.957, 25.909)
                                                                                    (17.145, -10.924, 9.022)

              3          A 411          A 412              2         48.258         (17.145, -10.924, 9.022)
                                                                                    (16.664, -11.855, 12.65)

              4          A 412          A 440             29        1086.58         (16.664, -11.855, 12.65)
                                                                                    (3.873, 22.017, 35.068)

              5          A 440          A 444              5        184.746         (3.873, 22.017, 35.068)
                                                                                    (-0.124, 27.037, 26.829)

              6          A 444          A 473             30        1129.61         (-0.124, 27.037, 26.829)
                                                                                    (11.462, -11.435, 7.331)

              7          A 473          A 478              6         226.29         (11.462, -11.435, 7.331)
                                                                                    (15.207, -3.522, -1.268)

              8          A 478          A 507             30        1123.36         (15.207, -3.522, -1.268)
                                                                                    (14.076, 26.203, 30.369)

