Using structure file: /home/pkas7/Research/SCOP/pdbstyle-1.75B/h8/d1h8ba_.ent
Number of residues: 73
Doing a BEZIER segmentation ...

Bounding box volume: 26617.2
Null Model Fit: 3211.01 bits.
Bits per residue: 44.5974

Bezier model fit: 3021.88 bits.
Bits per residue: 41.9705

# of segments: 9
Internal segmentation:
0-->4-->18-->20-->26-->33-->45-->52-->53-->72

CPU time used: 0.56 secs.
Wall clock time elapsed: 0 secs.

        SEGMENT          START            END   NUM_RESIDUES MESSAGE_LENGTH                    END_POINTS        INTERMEDIATE_CONTROL_POINTS
              1            A 1            A 5              5         178.21         (2.069, -0.806, 0.228)
                                                                                    (-0.635, -8.64, 6.923)

              2            A 5           A 19             15        565.322         (-0.635, -8.64, 6.923)
                                                                                    (16.6, -7.374, -4.177)

              3           A 19           A 21              3        93.2319         (16.6, -7.374, -4.177)
                                                                                    (14.711, -12.524, -4.32)

              4           A 21           A 27              7        251.292         (14.711, -12.524, -4.32)
                                                                                    (26.269, -10.702, 3.924)

              5           A 27           A 34              8        306.032         (26.269, -10.702, 3.924)
                                                                                    (22.36, -3.497, 11.584)

              6           A 34           A 46             13        489.736         (22.36, -3.497, 11.584)
                                                                                    (16.481, -21.748, 8.02)

              7           A 46           A 53              8        305.419         (16.481, -21.748, 8.02)
                                                                                    (18.79, -21.423, -4.83)

              8           A 53           A 54              2        47.6345         (18.79, -21.423, -4.83)
                                                                                    (22.423, -20.437, -4.179)

              9           A 54           A 73             20        784.999         (22.423, -20.437, -4.179)
                                                                                    (-0.106, -21.294, 23.491)

