Using structure file: /home/pkas7/Research/SCOP/pdbstyle-1.75B/h9/d1h9ra1.ent
Number of residues: 77
Doing a BEZIER segmentation ...

Bounding box volume: 30539.6
Null Model Fit: 3404.48 bits.
Bits per residue: 44.7957

Bezier model fit: 3223.21 bits.
Bits per residue: 42.4107

# of segments: 10
Internal segmentation:
0-->5-->12-->19-->30-->38-->40-->53-->61-->69-->76

CPU time used: 0.62 secs.
Wall clock time elapsed: 0 secs.

        SEGMENT          START            END   NUM_RESIDUES MESSAGE_LENGTH                    END_POINTS        INTERMEDIATE_CONTROL_POINTS
              1          A 123          A 128              6        224.511         (10.271, 19.769, 25.719)
                                                                                    (13.988, 8.784, 31.1)

              2          A 128          A 135              8        302.973         (13.988, 8.784, 31.1)
                                                                                    (22.147, 25.477, 41.063)

              3          A 135          A 142              8         292.73         (22.147, 25.477, 41.063)
                                                                                    (37.9, 28.217, 31.198)

              4          A 142          A 153             12        445.574         (37.9, 28.217, 31.198)
                                                                                    (13.627, 16.862, 47.619)

              5          A 153          A 161              9        339.073         (13.627, 16.862, 47.619)
                                                                                    (30, 19.281, 34.243)

              6          A 161          A 163              3        93.6286         (30, 19.281, 34.243)
                                                                                    (31.432, 23.658, 28.925)

              7          A 163          A 176             14        550.323         (31.432, 23.658, 28.925)
                                                                                    (19.176, 29.189, 38.895)

              8          A 176          A 184              9         336.68         (19.176, 29.189, 38.895)
                                                                                    (18.978, 5.735, 31.022)

              9          A 184          A 192              9        334.916         (18.978, 5.735, 31.022)
                                                                                    (29.584, -1.776, 46.314)

             10          A 192          A 199              8          302.8         (29.584, -1.776, 46.314)
                                                                                    (31.408, 8.011, 41.122)

