Using structure file: /home/pkas7/Research/SCOP/pdbstyle-1.75B/hd/d1hdma1.ent
Number of residues: 103
Doing a BEZIER segmentation ...

Bounding box volume: 35535.2
Null Model Fit: 4591.46 bits.
Bits per residue: 45.0143

Bezier model fit: 4228.82 bits.
Bits per residue: 41.459

# of segments: 10
Internal segmentation:
0-->15-->31-->41-->47-->58-->70-->72-->86-->97-->102

CPU time used: 0.9 secs.
Wall clock time elapsed: 0 secs.

        SEGMENT          START            END   NUM_RESIDUES MESSAGE_LENGTH                    END_POINTS        INTERMEDIATE_CONTROL_POINTS
              1           A 94          A 109             16         619.96         (59.89, 46.31, 31.483)
                                                                                    (31.362, 77.34, 31.341)

              2          A 109          A 125             17        672.288         (31.362, 77.34, 31.341)
                                                                                    (56.404, 50.636, 36.843)

              3          A 125          A 135             11        414.051         (56.404, 50.636, 36.843)
                                                                                    (50.229, 79.628, 34.643)

              4          A 135          A 141              7        261.862         (50.229, 79.628, 34.643)
                                                                                    (45.228, 73.178, 46.804)

              5          A 141          A 152             12        460.347         (45.228, 73.178, 46.804)
                                                                                    (47.238, 43.251, 30.624)

              6          A 152          A 164             13        481.719         (47.238, 43.251, 30.624)
                                                                                    (36.418, 77.415, 38.463)

              7          A 164          A 166              3        94.0657         (36.418, 77.415, 38.463)
                                                                                    (38.28, 81.746, 33.772)

              8          A 166          A 180             15        574.244         (38.28, 81.746, 33.772)
                                                                                    (62.968, 61.011, 37.976)

              9          A 180          A 191             12        429.365         (62.968, 61.011, 37.976)
                                                                                    (38.301, 76.708, 24.422)

             10          A 191          A 196              6        220.919         (38.301, 76.708, 24.422)
                                                                                    (25.686, 81.64, 30.431)

