Using structure file: /home/pkas7/Research/SCOP/pdbstyle-1.75B/hw/d1hwmb2.ent
Number of residues: 131
Doing a BEZIER segmentation ...

Bounding box volume: 28510.6
Null Model Fit: 5810.55 bits.
Bits per residue: 44.6966

Bezier model fit: 5485.86 bits.
Bits per residue: 42.1989

# of segments: 15
Internal segmentation:
0-->13-->22-->28-->34-->44-->52-->63-->70-->74-->86-->92-->105-->112-->118-->130

CPU time used: 1.19 secs.
Wall clock time elapsed: 1 secs.

        SEGMENT          START            END   NUM_RESIDUES MESSAGE_LENGTH                    END_POINTS        INTERMEDIATE_CONTROL_POINTS
              1          B 136          B 149             14        539.859         (38.852, 5.297, 103.298)
                                                                                    (29.503, -22.804, 101.901)

              2          B 149          B 158             10        375.759         (29.503, -22.804, 101.901)
                                                                                    (33.943, -13.008, 82.908)

              3          B 158          B 164              7        255.496         (33.943, -13.008, 82.908)
                                                                                    (31.651, -23.348, 93.363)

              4          B 164          B 170              7        264.226         (31.651, -23.348, 93.363)
                                                                                    (41.277, -18.373, 93.194)

              5          B 170          B 180             11        412.715         (41.277, -18.373, 93.194)
                                                                                    (29.425, 3.43, 94.048)

              6          B 180          B 188              9        348.484         (29.425, 3.43, 94.048)
                                                                                    (38.991, -6.526, 86.208)

              7          B 188          B 199             12        447.812         (38.991, -6.526, 86.208)
                                                                                    (11.871, -9.866, 87.269)

              8          B 199          B 206              8        302.405         (11.871, -9.866, 87.269)
                                                                                    (28.839, -10.106, 84.281)

              9          B 206          B 210              5        182.856         (28.839, -10.106, 84.281)
                                                                                    (27.802, 1.494, 83.23)

             10          B 210          B 222             13        500.393         (27.802, 1.494, 83.23)
                                                                                    (19.695, -9.195, 107.265)

             11          B 222          B 228              7        258.695         (19.695, -9.195, 107.265)
                                                                                    (17.209, -1.54, 94.981)

             12          B 228          B 241             14        540.152         (17.209, -1.54, 94.981)
                                                                                    (23.76, -30.093, 90.966)

             13          B 241          B 248              8        296.111         (23.76, -30.093, 90.966)
                                                                                    (17.083, -12.442, 91.42)

             14          B 248          B 254              7        266.641         (17.083, -12.442, 91.42)
                                                                                    (15.653, -19.166, 102.95)

             15          B 254          B 266             13        494.256         (15.653, -19.166, 102.95)
                                                                                    (40.019, -5.566, 103.725)

