Using structure file: /home/pkas7/Research/SCOP/pdbstyle-1.75B/i0/d1i0ra_.ent
Number of residues: 161
Doing a BEZIER segmentation ...

Bounding box volume: 49349.1
Null Model Fit: 7278.09 bits.
Bits per residue: 45.4881

Bezier model fit: 6731.16 bits.
Bits per residue: 42.0698

# of segments: 17
Internal segmentation:
0-->11-->20-->28-->37-->46-->58-->69-->82-->92-->100-->108-->115-->123-->132-->137-->154-->160

CPU time used: 1.51 secs.
Wall clock time elapsed: 1 secs.

        SEGMENT          START            END   NUM_RESIDUES MESSAGE_LENGTH                    END_POINTS        INTERMEDIATE_CONTROL_POINTS
              1            A 1           A 12             12        468.189         (28.426, -3.808, 50.984)
                                                                                    (25.065, 2.667, 74.827)

              2           A 12           A 21             10        374.023         (25.065, 2.667, 74.827)
                                                                                    (11.982, -20.489, 87.467)

              3           A 21           A 29              9         334.24         (11.982, -20.489, 87.467)
                                                                                    (23.679, -5.713, 75.345)

              4           A 29           A 38             10        378.924         (23.679, -5.713, 75.345)
                                                                                    (2.976, 7.233, 75.081)

              5           A 38           A 47             10        367.561         (2.976, 7.233, 75.081)
                                                                                    (20.004, -13.491, 70.517)

              6           A 47           A 59             13        509.883         (20.004, -13.491, 70.517)
                                                                                    (8.747, -14.501, 82.288)

              7           A 59           A 70             12        448.978         (8.747, -14.501, 82.288)
                                                                                    (34.222, 3.581, 84.715)

              8           A 70           A 83             14        546.882         (34.222, 3.581, 84.715)
                                                                                    (26.171, -18.143, 79.994)

              9           A 83           A 93             11         430.61         (26.171, -18.143, 79.994)
                                                                                    (27.569, -8.383, 92.522)

             10           A 93          A 101              9        348.061         (27.569, -8.383, 92.522)
                                                                                    (10.482, -9.687, 89.875)

             11          A 101          A 109              9        342.354         (10.482, -9.687, 89.875)
                                                                                    (24.773, 1.425, 87.003)

             12          A 109          A 116              8        290.533         (24.773, 1.425, 87.003)
                                                                                    (6.933, -5.873, 81.221)

             13          A 116          A 124              9         340.47         (6.933, -5.873, 81.221)
                                                                                    (15.406, -14.472, 62.872)

             14          A 124          A 133             10        366.252         (15.406, -14.472, 62.872)
                                                                                    (8.381, 0.628, 81.44)

             15          A 133          A 138              6        210.636         (8.381, 0.628, 81.44)
                                                                                    (18.695, 7.304, 88.341)

             16          A 138          A 155             18        717.233         (18.695, 7.304, 88.341)
                                                                                    (42.141, -1.232, 72.05)

             17          A 155          A 161              7        256.336         (42.141, -1.232, 72.05)
                                                                                    (38.308, 11.555, 85.319)

