Using structure file: /home/pkas7/Research/SCOP/pdbstyle-1.75B/i1/d1i1ja_.ent
Number of residues: 106
Doing a BEZIER segmentation ...

Bounding box volume: 30553.2
Null Model Fit: 4703.62 bits.
Bits per residue: 44.7964

Bezier model fit: 4461.44 bits.
Bits per residue: 42.4899

# of segments: 12
Internal segmentation:
0-->13-->25-->33-->43-->46-->55-->67-->74-->81-->88-->97-->105

CPU time used: 0.92 secs.
Wall clock time elapsed: 0 secs.

        SEGMENT          START            END   NUM_RESIDUES MESSAGE_LENGTH                    END_POINTS        INTERMEDIATE_CONTROL_POINTS
              1            A 1           A 14             14        553.106         (42.221, 31.445, -5.196)
                                                                                    (14.536, 30.396, 11.022)

              2           A 14           A 26             13        513.078         (14.536, 30.396, 11.022)
                                                                                    (14.966, 11.985, -4.488)

              3           A 26           A 34              9         340.97         (14.966, 11.985, -4.488)
                                                                                    (33.36, 17.365, -3.367)

              4           A 34           A 44             11        419.863         (33.36, 17.365, -3.367)
                                                                                    (15.971, 8.439, -0.508)

              5           A 44           A 47              4        139.676         (15.971, 8.439, -0.508)
                                                                                    (15.054, 16.942, 4.843)

              6           A 47           A 56             10        383.736         (15.054, 16.942, 4.843)
                                                                                    (23.983, 29.374, -5.779)

              7           A 56           A 68             13        482.201         (23.983, 29.374, -5.779)
                                                                                    (15.427, 3.171, 11.028)

              8           A 68           A 75              8        296.098         (15.427, 3.171, 11.028)
                                                                                    (25.775, 15.845, 8.333)

              9           A 75           A 82              8        305.856         (25.775, 15.845, 8.333)
                                                                                    (16.085, 19.51, -9.205)

             10           A 82           A 89              8        302.609         (16.085, 19.51, -9.205)
                                                                                    (6.278, 21.898, 3.452)

             11           A 89           A 98             10        379.251         (6.278, 21.898, 3.452)
                                                                                    (23.69, 35.695, 4.973)

             12           A 98          A 106              9        345.001         (23.69, 35.695, 4.973)
                                                                                    (32.96, 20.577, 5.239)

