Using structure file: /home/pkas7/Research/SCOP/pdbstyle-1.75B/i4/d1i4na_.ent
Number of residues: 251
Doing a BEZIER segmentation ...

Bounding box volume: 79068
Null Model Fit: 11542 bits.
Bits per residue: 46.1682

Bezier model fit: 10529.4 bits.
Bits per residue: 42.1177

# of segments: 26
Internal segmentation:
0-->17-->26-->37-->48-->62-->73-->82-->99-->110-->111-->123-->132-->134-->149-->158-->169-->171-->178-->182-->189-->199-->211-->221-->230-->237-->250

CPU time used: 2.5 secs.
Wall clock time elapsed: 2 secs.

        SEGMENT          START            END   NUM_RESIDUES MESSAGE_LENGTH                    END_POINTS        INTERMEDIATE_CONTROL_POINTS
              1            A 2           A 19             18        698.173         (30.074, -2.8, 11.372)
                                                                                    (59.04, 2.932, 0.37)

              2           A 19           A 28             10        384.585         (59.04, 2.932, 0.37)
                                                                                    (51.673, 23.167, -5.094)

              3           A 28           A 39             12        459.935         (51.673, 23.167, -5.094)
                                                                                    (29.294, 31.61, -0.462)

              4           A 39           A 50             12        450.926         (29.294, 31.61, -0.462)
                                                                                    (33.751, 1.955, -8.946)

              5           A 50           A 64             15        605.841         (33.751, 1.955, -8.946)
                                                                                    (37.976, 6.877, -15.926)

              6           A 64           A 75             12        459.043         (37.976, 6.877, -15.926)
                                                                                    (32.302, 20.274, -12.227)

              7           A 75           A 84             10        365.934         (32.302, 20.274, -12.227)
                                                                                    (42.323, -0.488, -3.071)

              8           A 84          A 101             18        713.611         (42.323, -0.488, -3.071)
                                                                                    (42.402, 18.379, -16.195)

              9          A 101          A 112             12        468.487         (42.402, 18.379, -16.195)
                                                                                    (46.894, 7.353, 9.2)

             10          A 112          A 113              2        49.2052         (46.894, 7.353, 9.2)
                                                                                    (50.669, 8.009, 8.59)

             11          A 113          A 125             13        506.773         (50.669, 8.009, 8.59)
                                                                                    (46.998, 15.55, -5.889)

             12          A 125          A 134             10        373.674         (46.998, 15.55, -5.889)
                                                                                    (39.852, 7.47, 13.706)

             13          A 134          A 136              3        96.3734         (39.852, 7.47, 13.706)
                                                                                    (44.191, 10.862, 18.033)

             14          A 136          A 151             16        606.556         (44.191, 10.862, 18.033)
                                                                                    (51.372, 23.454, -0.505)

             15          A 151          A 160             10        376.477         (51.372, 23.454, -0.505)
                                                                                    (29.825, 14.478, 15.803)

             16          A 160          A 171             12        458.774         (29.825, 14.478, 15.803)
                                                                                    (44.482, 23.34, 15.069)

             17          A 171          A 173              3        96.3734         (44.482, 23.34, 15.069)
                                                                                    (41.336, 24.309, 10.016)

             18          A 173          A 180              8         292.98         (41.336, 24.309, 10.016)
                                                                                    (26.144, 12.702, 7.21)

             19          A 180          A 184              5         181.34         (26.144, 12.702, 7.21)
                                                                                    (31.028, 2.144, 10.557)

             20          A 184          A 191              8        295.964         (31.028, 2.144, 10.557)
                                                                                    (19.797, 16.152, 10.438)

             21          A 191          A 201             11        421.421         (19.797, 16.152, 10.438)
                                                                                    (33.293, 29.54, 12.474)

             22          A 201          A 213             13        514.813         (33.293, 29.54, 12.474)
                                                                                    (19.905, 11.792, -4.475)

             23          A 213          A 223             11        428.441         (19.905, 11.792, -4.475)
                                                                                    (24.138, 30.71, 1.146)

             24          A 223          A 232             10        385.208         (24.138, 30.71, 1.146)
                                                                                    (27.105, 7.408, -6.121)

             25          A 232          A 239              8        307.314         (27.105, 7.408, -6.121)
                                                                                    (22.242, 9.956, -17.994)

             26          A 239          A 252             14        531.208         (22.242, 9.956, -17.994)
                                                                                    (22.932, 29.458, -7.456)

