Using structure file: /home/pkas7/Research/SCOP/pdbstyle-1.75B/i7/d1i7qb_.ent
Number of residues: 192
Doing a BEZIER segmentation ...

Bounding box volume: 45021.1
Null Model Fit: 8662.93 bits.
Bits per residue: 45.3557

Bezier model fit: 8059.94 bits.
Bits per residue: 42.1986

# of segments: 20
Internal segmentation:
0-->9-->22-->33-->34-->46-->56-->61-->75-->82-->93-->98-->106-->115-->122-->131-->140-->148-->160-->173-->191

CPU time used: 1.86 secs.
Wall clock time elapsed: 1 secs.

        SEGMENT          START            END   NUM_RESIDUES MESSAGE_LENGTH                    END_POINTS        INTERMEDIATE_CONTROL_POINTS
              1            B 2           B 11             10        388.362         (40.618, -1.446, -12.123)
                                                                                    (22.485, -7.861, 0.161)

              2           B 11           B 24             14        532.986         (22.485, -7.861, 0.161)
                                                                                    (42.586, 0.804, -2.867)

              3           B 24           B 35             12        455.559         (42.586, 0.804, -2.867)
                                                                                    (18.211, -4.354, -13.547)

              4           B 35           B 36              2        48.3927         (18.211, -4.354, -13.547)
                                                                                    (17.975, -6.166, -16.856)

              5           B 36           B 49             13         493.21         (17.975, -6.166, -16.856)
                                                                                    (38.152, -0.238, -19.717)

              6           B 49           B 59             11        416.671         (38.152, -0.238, -19.717)
                                                                                    (19.391, -14.293, 0.068)

              7           B 59           B 64              6        227.897         (19.391, -14.293, 0.068)
                                                                                    (16.427, -16.918, -8.437)

              8           B 64           B 78             15        584.763         (16.427, -16.918, -8.437)
                                                                                    (34.368, -12.314, -21.799)

              9           B 78           B 85              8        299.794         (34.368, -12.314, -21.799)
                                                                                    (28.827, -16.766, -1.561)

             10           B 85           B 96             12        452.757         (28.827, -16.766, -1.561)
                                                                                    (26.804, -27.322, -14.697)

             11           B 96          B 101              6        216.362         (26.804, -27.322, -14.697)
                                                                                    (21.242, -27.411, 1.288)

             12          B 101          B 109              9        346.847         (21.242, -27.411, 1.288)
                                                                                    (30.59, -18.113, 12.649)

             13          B 109          B 118             10        392.427         (30.59, -18.113, 12.649)
                                                                                    (47.583, -21.487, -5.075)

             14          B 118          B 125              8        308.662         (47.583, -21.487, -5.075)
                                                                                    (47.51, -19.123, 6.399)

             15          B 125          B 134             10        380.864         (47.51, -19.123, 6.399)
                                                                                    (25.455, -19.802, 3.996)

             16          B 134          B 143             10         377.51         (25.455, -19.802, 3.996)
                                                                                    (36.136, -30.651, -14.615)

             17          B 143          B 152              9        345.417         (36.136, -30.651, -14.615)
                                                                                    (36.027, -27.578, 4.767)

             18          B 152          B 164             13         504.97         (36.027, -27.578, 4.767)
                                                                                    (38.403, -17.943, -18.095)

             19          B 164          B 177             14        550.002         (38.403, -17.943, -18.095)
                                                                                    (35.347, -12.805, 10.924)

             20          B 177          B 195             19        736.483         (35.347, -12.805, 10.924)
                                                                                    (46.212, -12.853, -17.474)

