Using structure file: /home/pkas7/Research/SCOP/pdbstyle-1.75B/if/d1ifqa_.ent
Number of residues: 127
Doing a BEZIER segmentation ...

Bounding box volume: 39140.2
Null Model Fit: 5689.37 bits.
Bits per residue: 45.1537

Bezier model fit: 5233 bits.
Bits per residue: 41.5318

# of segments: 13
Internal segmentation:
0-->8-->24-->25-->44-->48-->56-->66-->75-->79-->98-->106-->112-->126

CPU time used: 1.16 secs.
Wall clock time elapsed: 1 secs.

        SEGMENT          START            END   NUM_RESIDUES MESSAGE_LENGTH                    END_POINTS        INTERMEDIATE_CONTROL_POINTS
              1            A 1            A 9              9        336.826         (24.791, 31.608, 26.074)
                                                                                    (41.431, 14.704, 14.647)

              2            A 9           A 25             17        683.779         (41.431, 14.704, 14.647)
                                                                                    (31.82, 37.755, 18.829)

              3           A 25           A 26              2        48.1908         (31.82, 37.755, 18.829)
                                                                                    (34.955, 39.671, 19.874)

              4           A 26           A 45             20        745.679         (34.955, 39.671, 19.874)
                                                                                    (47.148, 11.324, 23.551)

              5           A 45           A 49              5        183.458         (47.148, 11.324, 23.551)
                                                                                    (40.496, 11.355, 29.454)

              6           A 49           A 57              9        336.488         (40.496, 11.355, 29.454)
                                                                                    (36.804, 31.679, 34.396)

              7           A 57           A 67             11         402.77         (36.804, 31.679, 34.396)
                                                                                    (37.239, 7.15, 17.546)

              8           A 67           A 76             10         373.31         (37.239, 7.15, 17.546)
                                                                                    (29.552, 30.16, 29.79)

              9           A 76           A 80              5        182.741         (29.552, 30.16, 29.79)
                                                                                    (24.791, 22.922, 32.542)

             10           A 80           A 99             20        757.399         (24.791, 22.922, 32.542)
                                                                                    (32.358, 10.257, 8.346)

             11           A 99          A 107              9        344.446         (32.358, 10.257, 8.346)
                                                                                    (44.833, 15.59, 4.998)

             12          A 107          A 113              7        265.771         (44.833, 15.59, 4.998)
                                                                                    (32.74, 21.843, 6.362)

             13          A 113          A 127             15        572.143         (32.74, 21.843, 6.362)
                                                                                    (20.795, 26.953, 23.505)

