Using structure file: /home/pkas7/Research/SCOP/pdbstyle-1.75B/iq/d1iq8a4.ent
Number of residues: 145
Doing a BEZIER segmentation ...

Bounding box volume: 40954
Null Model Fit: 6511.55 bits.
Bits per residue: 45.2191

Bezier model fit: 6066.35 bits.
Bits per residue: 42.1275

# of segments: 16
Internal segmentation:
0-->3-->11-->18-->33-->46-->53-->62-->72-->88-->96-->105-->115-->125-->132-->143-->144

CPU time used: 1.35 secs.
Wall clock time elapsed: 1 secs.

        SEGMENT          START            END   NUM_RESIDUES MESSAGE_LENGTH                    END_POINTS        INTERMEDIATE_CONTROL_POINTS
              1          A 361          A 364              4        140.944         (9.823, 51.837, 84.191)
                                                                                    (8.951, 57.762, 81.124)

              2          A 364          A 372              9        341.393         (8.951, 57.762, 81.124)
                                                                                    (6.695, 50.302, 63.475)

              3          A 372          A 379              8         301.97         (6.695, 50.302, 63.475)
                                                                                    (6.875, 46.072, 77.025)

              4          A 379          A 394             16        607.898         (6.875, 46.072, 77.025)
                                                                                    (-15.703, 48.481, 85.119)

              5          A 394          A 407             14        561.807         (-15.703, 48.481, 85.119)
                                                                                    (-9.589, 52.676, 76.177)

              6          A 407          A 414              8        310.017         (-9.589, 52.676, 76.177)
                                                                                    (-2.692, 58.717, 81.597)

              7          A 414          A 423             10         384.42         (-2.692, 58.717, 81.597)
                                                                                    (0.022, 58.037, 62.502)

              8          A 423          A 433             11        403.748         (0.022, 58.037, 62.502)
                                                                                    (-16.952, 68.174, 87.382)

              9          A 433          A 449             17         649.28         (-16.952, 68.174, 87.382)
                                                                                    (-3.934, 47.606, 91.18)

             10          A 449          A 457              9        346.769         (-3.934, 47.606, 91.18)
                                                                                    (-13.735, 56.926, 96.68)

             11          A 457          A 466             10        372.527         (-13.735, 56.926, 96.68)
                                                                                    (-7.684, 73.589, 81.859)

             12          A 466          A 476             11        422.637         (-7.684, 73.589, 81.859)
                                                                                    (-8.797, 67.941, 105.239)

             13          A 476          A 486             11        421.366         (-8.797, 67.941, 105.239)
                                                                                    (2.108, 61.542, 82.817)

             14          A 486          A 493              8        296.458         (2.108, 61.542, 82.817)
                                                                                    (1.396, 61.202, 102.914)

             15          A 493          A 504             12        456.866         (1.396, 61.202, 102.914)
                                                                                    (-3.164, 44.179, 101.998)

             16          A 504          A 505              2        48.2561         (-3.164, 44.179, 101.998)
                                                                                    (0.492, 43.726, 102.954)

