Using structure file: /home/pkas7/Research/SCOP/pdbstyle-1.75B/ir/d1ir6a_.ent
Number of residues: 385
Doing a BEZIER segmentation ...

Bounding box volume: 129864
Null Model Fit: 18003.5 bits.
Bits per residue: 46.884

Bezier model fit: 16084.3 bits.
Bits per residue: 41.8861

# of segments: 38
Internal segmentation:
0-->8-->22-->33-->51-->61-->70-->80-->87-->91-->102-->111-->116-->121-->133-->137-->154-->159-->173-->179-->194-->205-->211-->230-->242-->243-->272-->280-->290-->291-->307-->315-->324-->339-->345-->355-->372-->373-->384

CPU time used: 4 secs.
Wall clock time elapsed: 4 secs.

        SEGMENT          START            END   NUM_RESIDUES MESSAGE_LENGTH                    END_POINTS        INTERMEDIATE_CONTROL_POINTS
              1           A 49           A 57              9        345.262         (3.41, 47.307, -22.885)
                                                                                    (-0.035, 35.283, -4.814)

              2           A 57           A 71             15        571.665         (-0.035, 35.283, -4.814)
                                                                                    (4.95, 47.203, 11.979)

              3           A 71           A 82             12         456.36         (4.95, 47.203, 11.979)
                                                                                    (23.269, 33.407, -9.824)

              4           A 82          A 100             19        720.276         (23.269, 33.407, -9.824)
                                                                                    (11.584, 52.676, 4.631)

              5          A 100          A 110             11        417.683         (11.584, 52.676, 4.631)
                                                                                    (27.638, 28.347, -3.552)

              6          A 110          A 119             10        392.741         (27.638, 28.347, -3.552)
                                                                                    (18.534, 23.86, 7.108)

              7          A 119          A 129             11        424.901         (18.534, 23.86, 7.108)
                                                                                    (13.845, 37.985, 10.948)

              8          A 129          A 136              8        294.638         (13.845, 37.985, 10.948)
                                                                                    (14.899, 32.719, -6.753)

              9          A 136          A 140              5        187.447         (14.899, 32.719, -6.753)
                                                                                    (11.293, 22.617, -2.671)

             10          A 140          A 151             12        463.091         (11.293, 22.617, -2.671)
                                                                                    (8.773, 30.778, 15.727)

             11          A 151          A 160             10         380.97         (8.773, 30.778, 15.727)
                                                                                    (10.069, 30.102, -10.994)

             12          A 160          A 165              6        225.531         (10.069, 30.102, -10.994)
                                                                                    (4.668, 17.412, -5.712)

             13          A 165          A 170              6        224.143         (4.668, 17.412, -5.712)
                                                                                    (4.064, 29.74, 3.302)

             14          A 170          A 182             13        515.789         (4.064, 29.74, 3.302)
                                                                                    (2.059, 31.041, -19.867)

             15          A 182          A 186              5        182.877         (2.059, 31.041, -19.867)
                                                                                    (12.126, 34.661, -14.072)

             16          A 186          A 203             18        685.326         (12.126, 34.661, -14.072)
                                                                                    (-0.465, 53.973, -4.372)

             17          A 203          A 208              6         225.45         (-0.465, 53.973, -4.372)
                                                                                    (9.953, 51.076, -13.953)

             18          A 208          A 222             15        574.148         (9.953, 51.076, -13.953)
                                                                                    (17.671, 32.887, -20.867)

             19          A 222          A 228              7        269.113         (17.671, 32.887, -20.867)
                                                                                    (5.807, 39.81, -21.09)

             20          A 228          A 243             16         617.19         (5.807, 39.81, -21.09)
                                                                                    (20.171, 53.713, -14.733)

             21          A 243          A 254             12        472.997         (20.171, 53.713, -14.733)
                                                                                    (32.991, 48.815, -18.653)

             22          A 254          A 260              7        266.297         (32.991, 48.815, -18.653)
                                                                                    (22, 45.127, -27.249)

             23          A 260          A 279             20        762.938         (22, 45.127, -27.249)
                                                                                    (33.149, 32.314, -3.576)

             24          A 279          A 291             13        502.244         (33.149, 32.314, -3.576)
                                                                                    (25.097, 53.419, -5.328)

             25          A 291          A 292              2        49.9211         (25.097, 53.419, -5.328)
                                                                                    (28.518, 54.947, -4.392)

             26          A 292          A 321             30        1133.06         (28.518, 54.947, -4.392)
                                                                                    (40.068, 16.855, -19.454)

             27          A 321          A 329              9        342.872         (40.068, 16.855, -19.454)
                                                                                    (33.161, 4.842, -23.019)

             28          A 329          A 339             11        416.257         (33.161, 4.842, -23.019)
                                                                                    (40.535, 21.514, -10.291)

             29          A 339          A 340              2        49.9211         (40.535, 21.514, -10.291)
                                                                                    (38.333, 24.305, -9.007)

             30          A 340          A 356             17        661.684         (38.333, 24.305, -9.007)
                                                                                    (27.018, 12.581, -25.919)

             31          A 356          A 364              9         340.75         (27.018, 12.581, -25.919)
                                                                                    (39.274, 18.02, -4.7)

             32          A 364          A 373             10         371.13         (39.274, 18.02, -4.7)
                                                                                    (18.952, 9.953, -22.625)

             33          A 373          A 388             16        636.466         (18.952, 9.953, -22.625)
                                                                                    (30.445, 8.078, -1.687)

             34          A 388          A 394              7        254.283         (30.445, 8.078, -1.687)
                                                                                    (18.246, 14.518, -10.695)

             35          A 394          A 404             11        430.491         (18.246, 14.518, -10.695)
                                                                                    (39.473, 10.303, -4.102)

             36          A 404          A 421             18        687.934         (39.473, 10.303, -4.102)
                                                                                    (20.997, 0.845, -20.983)

             37          A 421          A 422              2        49.9211         (20.997, 0.845, -20.983)
                                                                                    (20.97, 1.772, -24.719)

             38          A 422          A 433             12        480.516         (20.97, 1.772, -24.719)
                                                                                    (23.466, 21.035, -28.681)

