Using structure file: /home/pkas7/Research/SCOP/pdbstyle-1.75B/iw/d1iwga3.ent
Number of residues: 107
Doing a BEZIER segmentation ...

Bounding box volume: 29951.4
Null Model Fit: 4745.38 bits.
Bits per residue: 44.7677

Bezier model fit: 4368.93 bits.
Bits per residue: 41.2163

# of segments: 12
Internal segmentation:
0-->1-->15-->16-->36-->53-->55-->66-->75-->76-->92-->104-->106

CPU time used: 0.94 secs.
Wall clock time elapsed: 0 secs.

        SEGMENT          START            END   NUM_RESIDUES MESSAGE_LENGTH                    END_POINTS        INTERMEDIATE_CONTROL_POINTS
              1          A 567          A 568              2        47.8048         (34.967, 42.244, 311.723)
                                                                                    (33.443, 39.268, 313.535)

              2          A 568          A 582             15        569.027         (33.443, 39.268, 313.535)
                                                                                    (34.271, 47.213, 345.952)

              3          A 582          A 583              2        47.8048         (34.271, 47.213, 345.952)
                                                                                    (35.111, 43.792, 347.377)

              4          A 583          A 603             21        798.152         (35.111, 43.792, 347.377)
                                                                                    (22.705, 30.175, 323.7)

              5          A 603          A 620             18        715.899         (22.705, 30.175, 323.7)
                                                                                    (44.51, 44.644, 338.984)

              6          A 620          A 622              3        93.5724         (44.51, 44.644, 338.984)
                                                                                    (38.815, 43.724, 343.324)

              7          A 622          A 633             12        436.366         (38.815, 43.724, 343.324)
                                                                                    (31.172, 28.752, 314.745)

              8          A 633          A 642             10        388.054         (31.172, 28.752, 314.745)
                                                                                    (24.295, 36.67, 315.641)

              9          A 642          A 643              2        47.8048         (24.295, 36.67, 315.641)
                                                                                    (27.416, 38.589, 314.62)

             10          A 643          A 659             17        644.877         (27.416, 38.589, 314.62)
                                                                                    (23.797, 46.704, 336.713)

             11          A 659          A 671             13        485.998         (23.797, 46.704, 336.713)
                                                                                    (43.412, 46.161, 313.412)

             12          A 671          A 673              3        93.5724         (43.412, 46.161, 313.412)
                                                                                    (45.694, 48.03, 319.779)

