Using structure file: /home/pkas7/Research/SCOP/pdbstyle-1.75B/iy/d1iyjb5.ent
Number of residues: 138
Doing a BEZIER segmentation ...

Bounding box volume: 61292.3
Null Model Fit: 6274.71 bits.
Bits per residue: 45.8008

Bezier model fit: 5769.09 bits.
Bits per residue: 42.1102

# of segments: 16
Internal segmentation:
0-->10-->17-->25-->33-->44-->45-->55-->65-->71-->80-->89-->97-->99-->117-->136-->137

CPU time used: 1.27 secs.
Wall clock time elapsed: 1 secs.

        SEGMENT          START            END   NUM_RESIDUES MESSAGE_LENGTH                    END_POINTS        INTERMEDIATE_CONTROL_POINTS
              1         B 2980         B 2990             11        441.084         (17.73, 91.652, 23.572)
                                                                                    (1.236, 83.858, 18.5)

              2         B 2990         B 2997              8        301.398         (1.236, 83.858, 18.5)
                                                                                    (17.02, 88.201, 13.917)

              3         B 2997         B 3005              9        334.962         (17.02, 88.201, 13.917)
                                                                                    (12.628, 74.331, 33.624)

              4         B 3005         B 3013              9         335.56         (12.628, 74.331, 33.624)
                                                                                    (20.011, 57.259, 18.51)

              5         B 3013         B 3024             12        452.396         (20.011, 57.259, 18.51)
                                                                                    (5.728, 78.39, 35.698)

              6         B 3024         B 3025              2        48.8378         (5.728, 78.39, 35.698)
                                                                                    (2.543, 78.149, 33.662)

              7         B 3025         B 3035             11        415.482         (2.543, 78.149, 33.662)
                                                                                    (25.659, 71.399, 19.424)

              8         B 3035         B 3045             11        435.107         (25.659, 71.399, 19.424)
                                                                                    (17.627, 72.297, 36.173)

              9         B 3045         B 3051              7        260.002         (17.627, 72.297, 36.173)
                                                                                    (20.885, 82.789, 20.978)

             10         B 3051         B 3060             10         389.31         (20.885, 82.789, 20.978)
                                                                                    (2.777, 73.356, 17.093)

             11         B 3060         B 3069             10        370.649         (2.777, 73.356, 17.093)
                                                                                    (26.525, 77.033, 17.284)

             12         B 3069         B 3077              9        343.021         (26.525, 77.033, 17.284)
                                                                                    (24.049, 82.22, 34.024)

             13         B 3077         B 3079              3        95.6386         (24.049, 82.22, 34.024)
                                                                                    (24.193, 87.4, 32.985)

             14         B 3079         B 3097             19        730.257         (24.193, 87.4, 32.985)
                                                                                    (6.201, 72.267, 43.444)

             15         B 3097         B 3116             20        766.552         (6.201, 72.267, 43.444)
                                                                                    (-5.389, 57.254, 15.681)

             16         B 3116         B 3117              2        48.8378         (-5.389, 57.254, 15.681)
                                                                                    (-8.751, 55.645, 16.588)

