Using structure file: /home/pkas7/Research/SCOP/pdbstyle-1.75B/j0/d1j0pa_.ent
Number of residues: 108
Doing a BEZIER segmentation ...

Bounding box volume: 28650.3
Null Model Fit: 4783.29 bits.
Bits per residue: 44.7036

Bezier model fit: 4511.82 bits.
Bits per residue: 42.1665

# of segments: 9
Internal segmentation:
0-->7-->14-->23-->41-->42-->56-->77-->90-->107

CPU time used: 0.96 secs.
Wall clock time elapsed: 0 secs.

        SEGMENT          START            END   NUM_RESIDUES MESSAGE_LENGTH                    END_POINTS        INTERMEDIATE_CONTROL_POINTS
              1            A 0            A 7              8        296.437         (41.625, 66.076, 33.455)
                                                                                    (29.176, 50.619, 39.327)

              2            A 7           A 14              8        296.464         (29.176, 50.619, 39.327)
                                                                                    (17.171, 46.042, 24.668)

              3           A 14           A 23             10        371.535         (17.171, 46.042, 24.668)
                                                                                    (35.28, 48.101, 39.153)

              4           A 23           A 41             19        764.102         (35.28, 48.101, 39.153)
                                                                                    (39.081, 57.476, 22.119)

              5           A 41           A 42              2        47.7407         (39.081, 57.476, 22.119)
                                                                                    (35.322, 57.963, 22.164)

              6           A 42           A 56             15        597.094         (35.322, 57.963, 22.164)
                                                                                    (18.7, 44.408, 14.546)

              7           A 56           A 77             22        883.398         (18.7, 44.408, 14.546)
                                                                                    (37.094, 42.75, 21.859)

              8           A 77           A 90             14        543.306         (37.094, 42.75, 21.859)
                                                                                    (36.858, 26.449, 33.006)

              9           A 90          A 107             18        711.738         (36.858, 26.449, 33.006)
                                                                                    (20.999, 36.939, 35.252)

