Using structure file: /home/pkas7/Research/SCOP/pdbstyle-1.75B/j5/d1j5ya2.ent
Number of residues: 107
Doing a BEZIER segmentation ...

Bounding box volume: 30062.6
Null Model Fit: 4745.94 bits.
Bits per residue: 44.773

Bezier model fit: 4385.45 bits.
Bits per residue: 41.3721

# of segments: 12
Internal segmentation:
0-->1-->6-->12-->27-->40-->51-->66-->74-->85-->86-->101-->106

CPU time used: 0.93 secs.
Wall clock time elapsed: 0 secs.

        SEGMENT          START            END   NUM_RESIDUES MESSAGE_LENGTH                    END_POINTS        INTERMEDIATE_CONTROL_POINTS
              1           A 68           A 69              2        47.8101         (48.869, 11.383, 16.019)
                                                                                    (47.386, 9.67, 12.953)

              2           A 69           A 74              6        214.392         (47.386, 9.67, 12.953)
                                                                                    (53.513, 13.19, 1.651)

              3           A 74           A 80              7        264.031         (53.513, 13.19, 1.651)
                                                                                    (71.911, 14.357, 3.869)

              4           A 80           A 95             16        615.274         (71.911, 14.357, 3.869)
                                                                                    (53.3, 17.106, 17.204)

              5           A 95          A 108             14        544.736         (53.3, 17.106, 17.204)
                                                                                    (64.368, -0.732, -8.072)

              6          A 108          A 119             12        445.434         (64.368, -0.732, -8.072)
                                                                                    (58.294, 10.754, 20.115)

              7          A 119          A 134             16        601.659         (58.294, 10.754, 20.115)
                                                                                    (76.705, -1.012, 8.839)

              8          A 134          A 142              9        341.957         (76.705, -1.012, 8.839)
                                                                                    (69.022, 10.792, -5.521)

              9          A 142          A 153             12        440.607         (69.022, 10.792, -5.521)
                                                                                    (46.538, 14.825, 14.956)

             10          A 153          A 154              2        47.8101         (46.538, 14.825, 14.956)
                                                                                    (45.056, 17.64, 12.823)

             11          A 154          A 169             16         600.83         (45.056, 17.64, 12.823)
                                                                                    (65.469, 24.442, 4.957)

             12          A 169          A 174              6        220.905         (65.469, 24.442, 4.957)
                                                                                    (58.826, 24.969, -6.632)

