Using structure file: /home/pkas7/Research/SCOP/pdbstyle-1.75B/jd/d1jd5a_.ent
Number of residues: 105
Doing a BEZIER segmentation ...

Bounding box volume: 21232.8
Null Model Fit: 4604.22 bits.
Bits per residue: 44.2714

Bezier model fit: 4384.15 bits.
Bits per residue: 42.1553

# of segments: 12
Internal segmentation:
0-->20-->25-->35-->43-->51-->59-->61-->75-->76-->84-->95-->104

CPU time used: 0.93 secs.
Wall clock time elapsed: 0 secs.

        SEGMENT          START            END   NUM_RESIDUES MESSAGE_LENGTH                    END_POINTS        INTERMEDIATE_CONTROL_POINTS
              1          A 214          A 234             21        832.821         (-5.083, 71.262, 13.304)
                                                                                    (7.714, 47.132, 33.634)

              2          A 234          A 239              6        220.463         (7.714, 47.132, 33.634)
                                                                                    (14.5, 37.819, 27.334)

              3          A 239          A 249             11        423.551         (14.5, 37.819, 27.334)
                                                                                    (12.362, 56.335, 22.809)

              4          A 249          A 257              9        337.787         (12.362, 56.335, 22.809)
                                                                                    (1.108, 40.817, 25.841)

              5          A 257          A 265              9        335.113         (1.108, 40.817, 25.841)
                                                                                    (1.522, 58.586, 17.7)

              6          A 265          A 273              9        336.078         (1.522, 58.586, 17.7)
                                                                                    (11.06, 41.232, 17.229)

              7          A 273          A 275              3        92.5798         (11.06, 41.232, 17.229)
                                                                                    (17.556, 39.771, 17.673)

              8          A 275          A 289             15        587.141         (17.556, 39.771, 17.673)
                                                                                    (3.767, 57.807, 7.59)

              9          A 289          A 290              2        47.3084         (3.767, 57.807, 7.59)
                                                                                    (4.194, 58.207, 11.349)

             10          A 290          A 298              9        340.793         (4.194, 58.207, 11.349)
                                                                                    (13.296, 63.038, 9.641)

             11          A 298          A 309             12        453.226         (13.296, 63.038, 9.641)
                                                                                    (18.703, 45.521, 1.459)

             12          A 309          A 318             10        377.291         (18.703, 45.521, 1.459)
                                                                                    (4.872, 40.373, 4.021)

