Using structure file: /home/pkas7/Research/SCOP/pdbstyle-1.75B/jl/d1jlya2.ent
Number of residues: 146
Doing a BEZIER segmentation ...

Bounding box volume: 37560.1
Null Model Fit: 6538.67 bits.
Bits per residue: 45.0943

Bezier model fit: 6141.89 bits.
Bits per residue: 42.3579

# of segments: 17
Internal segmentation:
0-->8-->17-->33-->39-->41-->53-->63-->77-->84-->88-->99-->109-->115-->116-->134-->135-->145

CPU time used: 1.37 secs.
Wall clock time elapsed: 1 secs.

        SEGMENT          START            END   NUM_RESIDUES MESSAGE_LENGTH                    END_POINTS        INTERMEDIATE_CONTROL_POINTS
              1          A 154          A 162              9        344.951         (67.602, 83.542, -0.576)
                                                                                    (79.928, 83.406, 12.812)

              2          A 162          A 171             10        367.598         (79.928, 83.406, 12.812)
                                                                                    (76.729, 107.565, 14.108)

              3          A 171          A 187             17        686.868         (76.729, 107.565, 14.108)
                                                                                    (78.938, 101.639, 23.384)

              4          A 187          A 193              7        261.403         (78.938, 101.639, 23.384)
                                                                                    (87.888, 97.72, 13.841)

              5          A 193          A 195              3        94.2256         (87.888, 97.72, 13.841)
                                                                                    (90.296, 97.303, 19.093)

              6          A 195          A 207             13        485.781         (90.296, 97.303, 19.093)
                                                                                    (64.818, 78.026, 16.477)

              7          A 207          A 217             11         419.17         (64.818, 78.026, 16.477)
                                                                                    (84.477, 89.927, 28.066)

              8          A 217          A 231             15        595.199         (84.477, 89.927, 28.066)
                                                                                    (77.784, 92.008, 28.982)

              9          A 231          A 238              8        301.858         (77.784, 92.008, 28.982)
                                                                                    (71.78, 76.338, 28.011)

             10          A 238          A 242              5        181.238         (71.78, 76.338, 28.011)
                                                                                    (64.961, 85.204, 27.118)

             11          A 242          A 253             12        453.398         (64.961, 85.204, 27.118)
                                                                                    (72.542, 91.891, 3.558)

             12          A 253          A 263             11        412.587         (72.542, 91.891, 3.558)
                                                                                    (61.423, 93.119, 26.602)

             13          A 263          A 269              7        259.351         (61.423, 93.119, 26.602)
                                                                                    (72.111, 103.503, 20.359)

             14          A 269          A 270              2        48.1313         (72.111, 103.503, 20.359)
                                                                                    (70.872, 105.435, 23.41)

             15          A 270          A 288             19        770.464         (70.872, 105.435, 23.41)
                                                                                    (62.665, 100.074, 14.387)

             16          A 288          A 289              2        48.1313         (62.665, 100.074, 14.387)
                                                                                    (64.138, 103.591, 14.305)

             17          A 289          A 299             11        411.535         (64.138, 103.591, 14.305)
                                                                                    (86.414, 90.48, 11.209)

