Using structure file: /home/pkas7/Research/SCOP/pdbstyle-1.75B/jm/d1jm1a_.ent
Number of residues: 202
Doing a BEZIER segmentation ...

Bounding box volume: 52201.4
Null Model Fit: 9159.4 bits.
Bits per residue: 45.5692

Bezier model fit: 8472.04 bits.
Bits per residue: 42.1495

# of segments: 21
Internal segmentation:
0-->1-->24-->25-->36-->51-->66-->82-->95-->99-->111-->115-->123-->132-->140-->155-->170-->171-->177-->186-->196-->201

CPU time used: 1.92 secs.
Wall clock time elapsed: 1 secs.

        SEGMENT          START            END   NUM_RESIDUES MESSAGE_LENGTH                    END_POINTS        INTERMEDIATE_CONTROL_POINTS
              1           A 49           A 50              2        48.6062         (4.636, 23.378, 52.323)
                                                                                    (1.365, 23.709, 50.491)

              2           A 50           A 73             24        959.878         (1.365, 23.709, 50.491)
                                                                                    (23.212, 49.589, 41.358)

              3           A 73           A 74              2        48.6062         (23.212, 49.589, 41.358)
                                                                                    (23.575, 47.475, 38.226)

              4           A 74           A 85             12        451.997         (23.575, 47.475, 38.226)
                                                                                    (11.657, 22.76, 42.877)

              5           A 85          A 100             16         621.87         (11.657, 22.76, 42.877)
                                                                                    (10.065, 52.257, 30.7)

              6          A 100          A 115             16        635.976         (10.065, 52.257, 30.7)
                                                                                    (-8.721, 23.282, 36.422)

              7          A 115          A 131             17        664.143         (-8.721, 23.282, 36.422)
                                                                                    (2.806, 46.997, 40.836)

              8          A 131          A 144             14         535.22         (2.806, 46.997, 40.836)
                                                                                    (13.464, 23.008, 26.661)

              9          A 144          A 148              5        181.392         (13.464, 23.008, 26.661)
                                                                                    (18.772, 33.959, 28.186)

             10          A 148          A 160             13        518.966         (18.772, 33.959, 28.186)
                                                                                    (17.902, 37.447, 24.706)

             11          A 160          A 164              5        181.431         (17.902, 37.447, 24.706)
                                                                                    (12.024, 47.949, 24.796)

             12          A 164          A 172              9        340.168         (12.024, 47.949, 24.796)
                                                                                    (17.707, 27.442, 19.944)

             13          A 172          A 181             10        379.869         (17.707, 27.442, 19.944)
                                                                                    (1.275, 40.203, 26.724)

             14          A 181          A 189              9        344.406         (1.275, 40.203, 26.724)
                                                                                    (7.825, 27.383, 16.893)

             15          A 189          A 204             16        607.887         (7.825, 27.383, 16.893)
                                                                                    (4.027, 44.011, 55.973)

             16          A 204          A 219             16        626.227         (4.027, 44.011, 55.973)
                                                                                    (7.774, 18.388, 29.587)

             17          A 219          A 220              2        48.6062         (7.774, 18.388, 29.587)
                                                                                    (11.209, 16.799, 29.356)

             18          A 220          A 226              7        258.226         (11.209, 16.799, 29.356)
                                                                                    (-1.34, 20.54, 34.906)

             19          A 226          A 235             10        386.457         (-1.34, 20.54, 34.906)
                                                                                    (15.992, 14.283, 36.557)

             20          A 235          A 245             11        411.638         (15.992, 14.283, 36.557)
                                                                                    (22.895, 40.303, 39.109)

             21          A 245          A 250              6         220.47         (22.895, 40.303, 39.109)
                                                                                    (24.128, 41.608, 24.023)

