Using structure file: /home/pkas7/Research/SCOP/pdbstyle-1.75B/jv/d1jvna2.ent
Number of residues: 231
Doing a BEZIER segmentation ...

Bounding box volume: 56070.3
Null Model Fit: 10504.6 bits.
Bits per residue: 45.6723

Bezier model fit: 9720.77 bits.
Bits per residue: 42.2642

# of segments: 25
Internal segmentation:
0-->1-->13-->27-->35-->44-->53-->64-->78-->82-->98-->104-->116-->124-->132-->136-->141-->148-->155-->166-->175-->185-->198-->212-->221-->230

CPU time used: 2.29 secs.
Wall clock time elapsed: 2 secs.

        SEGMENT          START            END   NUM_RESIDUES MESSAGE_LENGTH                    END_POINTS        INTERMEDIATE_CONTROL_POINTS
              1           A -3           A -2              2        48.7094         (82.414, 49.145, 3.203)
                                                                                    (80.163, 51.783, 4.79)

              2           A -2           A 11             13        508.872         (80.163, 51.783, 4.79)
                                                                                    (93.453, 29.202, 14.559)

              3           A 11           A 25             15        581.484         (93.453, 29.202, 14.559)
                                                                                    (73.413, 42.912, 9.724)

              4           A 25           A 33              9        338.272         (73.413, 42.912, 9.724)
                                                                                    (97.853, 41.765, 11.596)

              5           A 33           A 42             10        391.239         (97.853, 41.765, 11.596)
                                                                                    (87.613, 50.873, 14.445)

              6           A 42           A 51             10        363.484         (87.613, 50.873, 14.445)
                                                                                    (92.165, 26.549, 22.658)

              7           A 51           A 62             12        468.013         (92.165, 26.549, 22.658)
                                                                                    (103.801, 37.509, 18.541)

              8           A 62           A 76             15        572.113         (103.801, 37.509, 18.541)
                                                                                    (87.275, 54.178, 25.261)

              9           A 76           A 80              5        183.147         (87.275, 54.178, 25.261)
                                                                                    (84.401, 42.21, 23.335)

             10           A 80           A 97             17        680.161         (84.401, 42.21, 23.335)
                                                                                    (102.111, 28.852, 33.343)

             11           A 97          A 103              7        261.846         (102.111, 28.852, 33.343)
                                                                                    (96.552, 41.742, 33.322)

             12          A 103          A 115             13        494.132         (96.552, 41.742, 33.322)
                                                                                    (87.226, 15.432, 42.126)

             13          A 115          A 123              9        346.022         (87.226, 15.432, 42.126)
                                                                                    (77.507, 22.274, 28.22)

             14          A 123          A 131              9        337.067         (77.507, 22.274, 28.22)
                                                                                    (71.43, 43.378, 40.118)

             15          A 131          A 135              5        181.539         (71.43, 43.378, 40.118)
                                                                                    (74.384, 43.304, 27.766)

             16          A 135          A 140              6         220.38         (74.384, 43.304, 27.766)
                                                                                    (66.813, 32.172, 32.797)

             17          A 140          A 147              8        301.805         (66.813, 32.172, 32.797)
                                                                                    (86.54, 24.854, 29.033)

             18          A 147          A 154              8        299.919         (86.54, 24.854, 29.033)
                                                                                    (85.9, 33.391, 46.242)

             19          A 154          A 165             12        455.871         (85.9, 33.391, 46.242)
                                                                                    (84.737, 48.917, 39.336)

             20          A 165          A 174             10        384.998         (84.737, 48.917, 39.336)
                                                                                    (79.499, 21.911, 40.846)

             21          A 174          A 184             11        420.157         (79.499, 21.911, 40.846)
                                                                                    (84.139, 47.553, 33.066)

             22          A 184          A 197             14        551.696         (84.139, 47.553, 33.066)
                                                                                    (74.695, 29.667, 22.214)

             23          A 197          A 211             15         575.69         (74.695, 29.667, 22.214)
                                                                                    (75.927, 48.929, 23.092)

             24          A 211          A 220             10        375.473         (75.927, 48.929, 23.092)
                                                                                    (56.444, 34.877, 35.953)

             25          A 220          A 229             10        378.676         (56.444, 34.877, 35.953)
                                                                                    (69.296, 26.538, 37.441)

