Using structure file: /home/pkas7/Research/SCOP/pdbstyle-1.75B/k6/d1k6ya1.ent
Number of residues: 46
Doing a BEZIER segmentation ...

Bounding box volume: 9480.44
Null Model Fit: 1939.86 bits.
Bits per residue: 43.1081

Bezier model fit: 1865.18 bits.
Bits per residue: 41.4485

# of segments: 4
Internal segmentation:
0-->14-->28-->40-->45

CPU time used: 0.28 secs.
Wall clock time elapsed: 0 secs.

        SEGMENT          START            END   NUM_RESIDUES MESSAGE_LENGTH                    END_POINTS        INTERMEDIATE_CONTROL_POINTS
              1            A 1           A 15             15        565.086         (114.736, 50.13, 56.129)
                                                                                    (115.447, 66.964, 45.199)

              2           A 15           A 29             15        601.819         (115.447, 66.964, 45.199)
                                                                                    (107.264, 53.986, 57.645)

              3           A 29           A 41             13        485.175         (107.264, 53.986, 57.645)
                                                                                    (116.366, 73.307, 56.788)

              4           A 41           A 46              6        213.101         (116.366, 73.307, 56.788)
                                                                                    (102.322, 68.941, 55.132)

