Using structure file: /home/pkas7/Research/SCOP/pdbstyle-1.75B/k6/d1k66a_.ent
Number of residues: 149
Doing a BEZIER segmentation ...

Bounding box volume: 39792.6
Null Model Fit: 6686.28 bits.
Bits per residue: 45.1776

Bezier model fit: 6198.86 bits.
Bits per residue: 41.8842

# of segments: 16
Internal segmentation:
0-->4-->12-->14-->29-->41-->56-->62-->70-->86-->93-->100-->102-->113-->123-->143-->148

CPU time used: 1.4 secs.
Wall clock time elapsed: 1 secs.

        SEGMENT          START            END   NUM_RESIDUES MESSAGE_LENGTH                    END_POINTS        INTERMEDIATE_CONTROL_POINTS
              1            A 1            A 5              5        183.468         (-2.668, 15.683, 24.305)
                                                                                    (-3.048, 19.143, 33.994)

              2            A 5           A 13              9        328.271         (-3.048, 19.143, 33.994)
                                                                                    (9.434, 35.961, 30.528)

              3           A 13           A 15              3        94.3922         (9.434, 35.961, 30.528)
                                                                                    (9.053, 39.65, 26.167)

              4           A 15           A 30             16        604.018         (9.053, 39.65, 26.167)
                                                                                    (-1.768, 19.927, 22.912)

              5           A 30           A 42             13        505.135         (-1.768, 19.927, 22.912)
                                                                                    (9.75, 40.619, 41.766)

              6           A 42           A 57             16        641.075         (9.75, 40.619, 41.766)
                                                                                    (-1.15, 33.634, 46.448)

              7           A 57           A 63              7        258.439         (-1.15, 33.634, 46.448)
                                                                                    (4.937, 25.061, 39.796)

              8           A 63           A 71              9        337.453         (4.937, 25.061, 39.796)
                                                                                    (17.212, 39.026, 31.867)

              9           A 71           A 87             17        669.444         (17.212, 39.026, 31.867)
                                                                                    (15.196, 27.83, 49.994)

             10           A 87           A 94              8        301.064         (15.196, 27.83, 49.994)
                                                                                    (13.536, 22.003, 38.313)

             11           A 94          A 101              8        298.729         (13.536, 22.003, 38.313)
                                                                                    (22.415, 35.388, 26.993)

             12          A 101          A 103              3        94.3922         (22.415, 35.388, 26.993)
                                                                                    (27.767, 34.72, 28.073)

             13          A 103          A 114             12        454.506         (27.767, 34.72, 28.073)
                                                                                    (22.601, 23.421, 39.718)

             14          A 114          A 124             11        407.523         (22.601, 23.421, 39.718)
                                                                                    (15.213, 30.762, 13.807)

             15          A 124          A 144             21        794.434         (15.213, 30.762, 13.807)
                                                                                    (9.518, 12.336, 36.869)

             16          A 144          A 149              6        226.519         (9.518, 12.336, 36.869)
                                                                                    (8.882, 20.63, 44.156)

