Using structure file: /home/pkas7/Research/SCOP/pdbstyle-1.75B/k8/d1k81a_.ent
Number of residues: 36
Doing a BEZIER segmentation ...

Bounding box volume: 6450.63
Null Model Fit: 1489.34 bits.
Bits per residue: 42.5526

Bezier model fit: 1442.18 bits.
Bits per residue: 41.2051

# of segments: 4
Internal segmentation:
0-->6-->16-->25-->35

CPU time used: 0.17 secs.
Wall clock time elapsed: 0 secs.

        SEGMENT          START            END   NUM_RESIDUES MESSAGE_LENGTH                    END_POINTS        INTERMEDIATE_CONTROL_POINTS
              1          A 108          A 114              7        262.098         (-4.301, -0.816, -4.002)
                                                                                    (2.796, -1.639, -12.223)

              2          A 114          A 124             11        405.631         (2.796, -1.639, -12.223)
                                                                                    (11.237, -6.355, 17.802)

              3          A 124          A 133             10          363.1         (11.237, -6.355, 17.802)
                                                                                    (10.432, 0.406, -8.237)

              4          A 133          A 143             11         411.35         (10.432, 0.406, -8.237)
                                                                                    (1.407, -4.777, 18.537)

