Using structure file: /home/pkas7/Research/SCOP/pdbstyle-1.75B/kc/d1kcfa2.ent
Number of residues: 204
Doing a BEZIER segmentation ...

Bounding box volume: 90681.8
Null Model Fit: 9412.27 bits.
Bits per residue: 46.3659

Bezier model fit: 8382.57 bits.
Bits per residue: 41.2934

# of segments: 18
Internal segmentation:
0-->10-->22-->40-->51-->70-->74-->84-->88-->113-->114-->121-->134-->137-->149-->155-->167-->196-->203

CPU time used: 1.89 secs.
Wall clock time elapsed: 1 secs.

        SEGMENT          START            END   NUM_RESIDUES MESSAGE_LENGTH                    END_POINTS        INTERMEDIATE_CONTROL_POINTS
              1           A 39           A 49             11        415.096         (4.592, 42.578, -5.55)
                                                                                    (22.293, 56.504, 8.832)

              2           A 49           A 61             13        483.489         (22.293, 56.504, 8.832)
                                                                                    (3.775, 32.194, -7.592)

              3           A 61           A 79             19        758.703         (3.775, 32.194, -7.592)
                                                                                    (29.681, 49.772, 3.228)

              4           A 79           A 90             12        474.225         (29.681, 49.772, 3.228)
                                                                                    (24.471, 69.947, 7.539)

              5           A 90          A 109             20        754.543         (24.471, 69.947, 7.539)
                                                                                    (17.888, 47.321, -7.613)

              6          A 109          A 113              5        184.881         (17.888, 47.321, -7.613)
                                                                                    (8.036, 49.52, -5.345)

              7          A 113          A 123             11        418.265         (8.036, 49.52, -5.345)
                                                                                    (19.283, 55.169, 22.77)

              8          A 123          A 127              5        187.782         (19.283, 55.169, 22.77)
                                                                                    (20.087, 61.427, 21.139)

              9          A 127          A 152             26        971.561         (20.087, 61.427, 21.139)
                                                                                    (10.611, 64.085, -15.465)

             10          A 152          A 160              2        49.4029         (10.611, 64.085, -15.465)
                                                                                    (7.386, 54.919, -12.431)

             11          A 160          A 167              8        290.794         (7.386, 54.919, -12.431)
                                                                                    (3.718, 52.901, 9.851)

             12          A 167          A 180             14        540.112         (3.718, 52.901, 9.851)
                                                                                    (1.88, 35.059, 18.439)

             13          A 180          A 190              4        144.384         (1.88, 35.059, 18.439)
                                                                                    (11.288, 39.113, 18.967)

             14          A 190          A 202             13        495.485         (11.288, 39.113, 18.967)
                                                                                    (9.757, 28.238, 4.228)

             15          A 202          A 208              7        260.164         (9.757, 28.238, 4.228)
                                                                                    (20.919, 33.584, -3.752)

             16          A 208          A 220             13        500.452         (20.919, 33.584, -3.752)
                                                                                    (28.014, 39.338, 15.775)

             17          A 220          A 249             30        1154.49         (28.014, 39.338, 15.775)
                                                                                    (-11.318, 43.276, -1.991)

             18          A 249          A 256              8        298.735         (-11.318, 43.276, -1.991)
                                                                                    (-21.947, 47.004, -0.913)

