Using structure file: /home/pkas7/Research/SCOP/pdbstyle-1.75B/kq/d1kqpa_.ent
Number of residues: 271
Doing a BEZIER segmentation ...

Bounding box volume: 105763
Null Model Fit: 12578.7 bits.
Bits per residue: 46.5878

Bezier model fit: 11208.7 bits.
Bits per residue: 41.5137

# of segments: 22
Internal segmentation:
0-->18-->36-->46-->47-->68-->82-->83-->97-->119-->126-->149-->160-->168-->177-->184-->196-->214-->237-->241-->261-->263-->270

CPU time used: 2.68 secs.
Wall clock time elapsed: 2 secs.

        SEGMENT          START            END   NUM_RESIDUES MESSAGE_LENGTH                    END_POINTS        INTERMEDIATE_CONTROL_POINTS
              1            A 1           A 19             19        762.861         (35.397, 76.694, 33.841)
                                                                                    (15.46, 83.257, 55.504)

              2           A 19           A 37             19        721.279         (15.46, 83.257, 55.504)
                                                                                    (-5.753, 78.762, 39.526)

              3           A 37           A 47             11        420.391         (-5.753, 78.762, 39.526)
                                                                                    (11.332, 60.545, 55.713)

              4           A 47           A 48              2        49.6249         (11.332, 60.545, 55.713)
                                                                                    (14.342, 61.96, 53.887)

              5           A 48           A 69             22        833.672         (14.342, 61.96, 53.887)
                                                                                    (-8.096, 85.104, 51.951)

              6           A 69           A 83             15        571.181         (-8.096, 85.104, 51.951)
                                                                                    (7.143, 47.832, 55.134)

              7           A 83           A 84              2        49.6249         (7.143, 47.832, 55.134)
                                                                                    (9.451, 50.83, 54.952)

              8           A 84           A 98             15        575.505         (9.451, 50.83, 54.952)
                                                                                    (2.043, 69.424, 59.885)

              9           A 98          A 120             23        899.353         (2.043, 69.424, 59.885)
                                                                                    (4.629, 36.183, 32.533)

             10          A 120          A 127              8        309.445         (4.629, 36.183, 32.533)
                                                                                    (16.569, 43.014, 37.635)

             11          A 127          A 150             24        902.743         (16.569, 43.014, 37.635)
                                                                                    (-8.225, 66.163, 44.108)

             12          A 150          A 161             12        445.439         (-8.225, 66.163, 44.108)
                                                                                    (22.909, 68.072, 44.377)

             13          A 161          A 169              9        354.283         (22.909, 68.072, 44.377)
                                                                                    (14.432, 58.28, 37.925)

             14          A 169          A 178             10        390.055         (14.432, 58.28, 37.925)
                                                                                    (6.891, 72.325, 40.063)

             15          A 178          A 185              8        309.375         (6.891, 72.325, 40.063)
                                                                                    (22.955, 72.103, 47.444)

             16          A 185          A 197             13        497.392         (22.955, 72.103, 47.444)
                                                                                    (13.085, 74.131, 63.082)

             17          A 197          A 215             19        760.303         (13.085, 74.131, 63.082)
                                                                                    (20.15, 46.27, 49.012)

             18          A 215          A 238             24         950.18         (20.15, 46.27, 49.012)
                                                                                    (34.982, 75.856, 46.201)

             19          A 238          A 242              5         180.67         (34.982, 75.856, 46.201)
                                                                                    (40.384, 67.29, 40.351)

             20          A 242          A 262             21        816.062         (40.384, 67.29, 40.351)
                                                                                    (12.626, 64.591, 25.019)

             21          A 262          A 264              3        97.2127         (12.626, 64.591, 25.019)
                                                                                    (14.13, 66.072, 18.699)

             22          A 264          A 271              8        312.043         (14.13, 66.072, 18.699)
                                                                                    (24.89, 66.781, 19.285)

