Using structure file: /home/pkas7/Research/SCOP/pdbstyle-1.75B/kw/d1kwga3.ent
Number of residues: 197
Doing a BEZIER segmentation ...

Bounding box volume: 54301.9
Null Model Fit: 8942.71 bits.
Bits per residue: 45.6261

Bezier model fit: 8289.3 bits.
Bits per residue: 42.2923

# of segments: 23
Internal segmentation:
0-->4-->14-->22-->44-->51-->59-->66-->71-->82-->89-->97-->114-->116-->125-->134-->141-->149-->153-->168-->176-->178-->194-->196

CPU time used: 1.92 secs.
Wall clock time elapsed: 1 secs.

        SEGMENT          START            END   NUM_RESIDUES MESSAGE_LENGTH                    END_POINTS        INTERMEDIATE_CONTROL_POINTS
              1          A 394          A 398              5        182.579         (48.157, -5.731, 40.64)
                                                                                    (39.327, -13.31, 43.996)

              2          A 398          A 408             11        407.475         (39.327, -13.31, 43.996)
                                                                                    (20.381, -17.708, 31.255)

              3          A 408          A 416              9        343.731         (20.381, -17.708, 31.255)
                                                                                    (9.783, -16.753, 34.144)

              4          A 416          A 438             23        889.988         (9.783, -16.753, 34.144)
                                                                                    (33.809, -8.795, 52.914)

              5          A 438          A 445              8         300.18         (33.809, -8.795, 52.914)
                                                                                    (31.283, -17.152, 32.198)

              6          A 445          A 453              9         348.88         (31.283, -17.152, 32.198)
                                                                                    (38.827, -20.362, 43.755)

              7          A 453          A 460              8        292.481         (38.827, -20.362, 43.755)
                                                                                    (21.416, -20.259, 38.003)

              8          A 460          A 465              6        226.409         (21.416, -20.259, 38.003)
                                                                                    (27.105, -27.552, 28.279)

              9          A 465          A 476             12        455.426         (27.105, -27.552, 28.279)
                                                                                    (39.208, -27.373, 43.41)

             10          A 476          A 483              8        298.092         (39.208, -27.373, 43.41)
                                                                                    (17.513, -23.187, 41.494)

             11          A 483          A 491              9        345.116         (17.513, -23.187, 41.494)
                                                                                    (16.882, -26.246, 22.474)

             12          A 491          A 508             18        717.487         (16.882, -26.246, 22.474)
                                                                                    (22.253, -37.65, 42.498)

             13          A 508          A 510              3        95.2892         (22.253, -37.65, 42.498)
                                                                                    (16.052, -34.894, 40.303)

             14          A 510          A 519             10         376.41         (16.052, -34.894, 40.303)
                                                                                    (4.398, -12.818, 47.322)

             15          A 519          A 528             10        379.436         (4.398, -12.818, 47.322)
                                                                                    (22.002, -26.991, 60.99)

             16          A 528          A 535              8        300.303         (22.002, -26.991, 60.99)
                                                                                    (9.05, -18.312, 49.135)

             17          A 535          A 543              9        336.867         (9.05, -18.312, 49.135)
                                                                                    (16.845, -37.946, 45.869)

             18          A 543          A 547              5        182.425         (16.845, -37.946, 45.869)
                                                                                    (18.75, -32.476, 52.665)

             19          A 547          A 562             16        638.818         (18.75, -32.476, 52.665)
                                                                                    (30.886, -34.044, 47.655)

             20          A 562          A 570              9        338.552         (30.886, -34.044, 47.655)
                                                                                    (14.63, -18.977, 45.953)

             21          A 570          A 572              3        95.2892         (14.63, -18.977, 45.953)
                                                                                    (16.443, -15.105, 51.144)

             22          A 572          A 588             17        642.774         (16.443, -15.105, 51.144)
                                                                                    (39.5, -21.683, 55.379)

             23          A 588          A 590              3        95.2892         (39.5, -21.683, 55.379)
                                                                                    (38.034, -15.494, 56.845)

