Using structure file: /home/pkas7/Research/SCOP/pdbstyle-1.75B/kx/d1kxla_.ent
Number of residues: 187
Doing a BEZIER segmentation ...

Bounding box volume: 55801.9
Null Model Fit: 8493.76 bits.
Bits per residue: 45.6654

Bezier model fit: 7886.76 bits.
Bits per residue: 42.402

# of segments: 25
Internal segmentation:
0-->4-->10-->19-->28-->29-->37-->46-->53-->54-->63-->64-->72-->80-->93-->106-->114-->120-->127-->134-->141-->151-->169-->178-->185-->186

CPU time used: 1.82 secs.
Wall clock time elapsed: 1 secs.

        SEGMENT          START            END   NUM_RESIDUES MESSAGE_LENGTH                    END_POINTS        INTERMEDIATE_CONTROL_POINTS
              1            A 5            A 9              5        180.094         (-20.213, 20.432, -8.05)
                                                                                    (-18.629, 8.388, -6.425)

              2            A 9           A 15              7        262.722         (-18.629, 8.388, -6.425)
                                                                                    (-4.567, 13.166, 2.984)

              3           A 15           A 24             10        378.836         (-4.567, 13.166, 2.984)
                                                                                    (-19.662, 16.493, 2.838)

              4           A 24           A 33             10         383.86         (-19.662, 16.493, 2.838)
                                                                                    (1.573, 0.941, 3.386)

              5           A 33           A 34              2        48.7024         (1.573, 0.941, 3.386)
                                                                                    (-0.067, 0.418, 6.798)

              6           A 34           A 42              9        343.905         (-0.067, 0.418, 6.798)
                                                                                    (-14.362, -8.532, 17.924)

              7           A 42           A 51             10        365.777         (-14.362, -8.532, 17.924)
                                                                                    (2.398, 8.645, 4.085)

              8           A 51           A 58              8        305.275         (2.398, 8.645, 4.085)
                                                                                    (-8.807, 17.805, 12.522)

              9           A 58           A 59              2        48.7024         (-8.807, 17.805, 12.522)
                                                                                    (-9.833, 14.158, 12.788)

             10           A 59           A 68             10        380.229         (-9.833, 14.158, 12.788)
                                                                                    (11.219, 2.381, 11.584)

             11           A 68           A 69              2        48.7024         (11.219, 2.381, 11.584)
                                                                                    (13.142, 5.667, 11.12)

             12           A 69           A 77              9        340.606         (13.142, 5.667, 11.12)
                                                                                    (-1.113, 15.023, 9.963)

             13           A 77           A 85              9        329.514         (-1.113, 15.023, 9.963)
                                                                                    (-15.337, -6.263, 9.026)

             14           A 85           A 98             14        532.078         (-15.337, -6.263, 9.026)
                                                                                    (0.336, -14.241, -1.172)

             15           A 98          A 111             14        542.994         (0.336, -14.241, -1.172)
                                                                                    (2.18, -8.24, 21.145)

             16          A 111          A 119              9         344.56         (2.18, -8.24, 21.145)
                                                                                    (5.8, -2.028, 2.372)

             17          A 119          A 125              7        256.159         (5.8, -2.028, 2.372)
                                                                                    (-12.622, 2.645, -0.274)

             18          A 125          A 132              8        304.172         (-12.622, 2.645, -0.274)
                                                                                    (-18.22, 15.142, 16.566)

             19          A 132          A 139              8        298.627         (-18.22, 15.142, 16.566)
                                                                                    (-12.688, 1.397, 5.119)

             20          A 139          A 146              8        293.317         (-12.688, 1.397, 5.119)
                                                                                    (3.341, -5.387, -5.283)

             21          A 146          A 156             11        433.659         (3.341, -5.387, -5.283)
                                                                                    (-3.457, 5.496, -14.174)

             22          A 156          A 174             19        719.914         (-3.457, 5.496, -14.174)
                                                                                    (16.991, 6.328, 4.81)

             23          A 174          A 183             10        383.769         (16.991, 6.328, 4.81)
                                                                                    (15.145, -8.566, 2.383)

             24          A 183          A 190              8        311.887         (15.145, -8.566, 2.383)
                                                                                    (18.937, -3.599, -6.276)

             25          A 190          A 191              2        48.7024         (18.937, -3.599, -6.276)
                                                                                    (20.166, -2.433, -2.849)

