Using structure file: /home/pkas7/Research/SCOP/pdbstyle-1.75B/ll/d1llaa2.ent
Number of residues: 260
Doing a BEZIER segmentation ...

Bounding box volume: 124757
Null Model Fit: 12128 bits.
Bits per residue: 46.8261

Bezier model fit: 10828.3 bits.
Bits per residue: 41.808

# of segments: 24
Internal segmentation:
0-->12-->22-->35-->46-->67-->68-->75-->97-->108-->117-->124-->135-->141-->161-->169-->177-->190-->191-->196-->215-->216-->232-->239-->259

CPU time used: 2.57 secs.
Wall clock time elapsed: 2 secs.

        SEGMENT          START            END   NUM_RESIDUES MESSAGE_LENGTH                    END_POINTS        INTERMEDIATE_CONTROL_POINTS
              1          A 110          A 122             13        512.466         (41.391, -26.302, -6.535)
                                                                                    (22.424, -31.335, -6.775)

              2          A 122          A 140             11        432.243         (22.424, -31.335, -6.775)
                                                                                    (35.4, -49.829, -10.386)

              3          A 140          A 155             14        559.199         (35.4, -49.829, -10.386)
                                                                                    (13.574, -17.109, -16.485)

              4          A 155          A 166             12         467.96         (13.574, -17.109, -16.485)
                                                                                    (30.929, -20.562, -14.421)

              5          A 166          A 187             22        843.271         (30.929, -20.562, -14.421)
                                                                                    (50.051, -5.176, 12.96)

              6          A 187          A 188              2        49.8632         (50.051, -5.176, 12.96)
                                                                                    (49.608, -8.931, 13.633)

              7          A 188          A 195              8        303.492         (49.608, -8.931, 13.633)
                                                                                    (45.908, -0.612, -1.546)

              8          A 195          A 217             23        864.032         (45.908, -0.612, -1.546)
                                                                                    (25.838, -9.303, -25.384)

              9          A 217          A 228             12        459.877         (25.838, -9.303, -25.384)
                                                                                    (16.426, 1.182, -2.241)

             10          A 228          A 237             10        383.354         (16.426, 1.182, -2.241)
                                                                                    (17.049, -21.038, -6.704)

             11          A 237          A 244              8        301.604         (17.049, -21.038, -6.704)
                                                                                    (28.245, -32.681, 4.474)

             12          A 244          A 255             12        447.163         (28.245, -32.681, 4.474)
                                                                                    (8.983, -10.997, -3.971)

             13          A 255          A 261              7        266.734         (8.983, -10.997, -3.971)
                                                                                    (18.037, -10.019, 11.568)

             14          A 261          A 281             21        803.576         (18.037, -10.019, 11.568)
                                                                                    (30.383, 15.179, 0.016)

             15          A 281          A 289              9        340.211         (30.383, 15.179, 0.016)
                                                                                    (39.186, 9.813, 18.017)

             16          A 289          A 297              9        341.189         (39.186, 9.813, 18.017)
                                                                                    (43.337, 12.029, -4.361)

             17          A 297          A 310             14        536.234         (43.337, 12.029, -4.361)
                                                                                    (34.3, -2.937, 5.899)

             18          A 310          A 311              2        49.8632         (34.3, -2.937, 5.899)
                                                                                    (37.746, -4.278, 6.772)

             19          A 311          A 316              6         225.53         (37.746, -4.278, 6.772)
                                                                                    (35.86, 4.15, 12.319)

             20          A 316          A 335             20        781.501         (35.86, 4.15, 12.319)
                                                                                    (14.078, -16.545, 3.764)

             21          A 335          A 336              2        49.8632         (14.078, -16.545, 3.764)
                                                                                    (14.615, -17.058, 7.472)

             22          A 336          A 352             17        686.153         (14.615, -17.058, 7.472)
                                                                                    (32.628, -19.502, -3.791)

             23          A 352          A 359              8        311.738         (32.628, -19.502, -3.791)
                                                                                    (21.29, -10.066, -6.835)

             24          A 359          A 379             21        811.147         (21.29, -10.066, -6.835)
                                                                                    (38.748, 16.856, -11.292)

