Using structure file: /home/pkas7/Research/SCOP/pdbstyle-1.75B/lm/d1lmra_.ent
Number of residues: 35
Doing a BEZIER segmentation ...

Bounding box volume: 6246.71
Null Model Fit: 1445.21 bits.
Bits per residue: 42.5062

Bezier model fit: 1437.88 bits.
Bits per residue: 42.2906

# of segments: 5
Internal segmentation:
0-->7-->13-->20-->27-->34

CPU time used: 0.16 secs.
Wall clock time elapsed: 0 secs.

        SEGMENT          START            END   NUM_RESIDUES MESSAGE_LENGTH                    END_POINTS        INTERMEDIATE_CONTROL_POINTS
              1            A 1            A 8              8        293.671         (-2.875, -11.912, -4.863)
                                                                                    (1.31, 7.32, -3.515)

              2            A 8           A 14              7        255.766         (1.31, 7.32, -3.515)
                                                                                    (-8.526, -4.479, 3.201)

              3           A 14           A 21              8        297.251         (-8.526, -4.479, 3.201)
                                                                                    (10.167, -2.824, -2.374)

              4           A 21           A 28              8        288.032         (10.167, -2.824, -2.374)
                                                                                    (-6.055, 3.333, 8.76)

              5           A 28           A 35              8        303.161         (-6.055, 3.333, 8.76)
                                                                                    (9.612, 5.286, 3.811)

