Using structure file: /home/pkas7/Research/SCOP/pdbstyle-1.75B/ln/d1lnqa2.ent
Number of residues: 80
Doing a BEZIER segmentation ...

Bounding box volume: 14059.3
Null Model Fit: 3450.45 bits.
Bits per residue: 43.6766

Bezier model fit: 3217.05 bits.
Bits per residue: 40.7221

# of segments: 7
Internal segmentation:
0-->23-->26-->40-->44-->51-->77-->79

CPU time used: 0.63 secs.
Wall clock time elapsed: 0 secs.

        SEGMENT          START            END   NUM_RESIDUES MESSAGE_LENGTH                    END_POINTS        INTERMEDIATE_CONTROL_POINTS
              1           A 19           A 42             24        901.479         (16.282, 27.21, 84.315)
                                                                                    (-7.077, 1.931, 78.371)

              2           A 42           A 45              4        136.316         (-7.077, 1.931, 78.371)
                                                                                    (-0.224, -1.896, 81.799)

              3           A 45           A 59             15        573.064         (-0.224, -1.896, 81.799)
                                                                                    (5.507, 10.767, 66.107)

              4           A 59           A 63              5        176.509         (5.507, 10.767, 66.107)
                                                                                    (0.424, 0.612, 66.579)

              5           A 63           A 70              8        294.416         (0.424, 0.612, 66.579)
                                                                                    (-13.023, 8.088, 72.933)

              6           A 70           A 96             27        1043.87         (-13.023, 8.088, 72.933)
                                                                                    (23.728, 20.311, 75.158)

              7           A 96           A 98              3        91.3903         (23.728, 20.311, 75.158)
                                                                                    (26.826, 15.216, 73.793)

