Using structure file: /home/pkas7/Research/SCOP/pdbstyle-1.75B/lu/d1luaa2.ent
Number of residues: 96
Doing a BEZIER segmentation ...

Bounding box volume: 24457
Null Model Fit: 4225.15 bits.
Bits per residue: 44.4753

Bezier model fit: 3923.67 bits.
Bits per residue: 41.3018

# of segments: 11
Internal segmentation:
0-->10-->23-->26-->34-->36-->52-->57-->67-->83-->84-->95

CPU time used: 0.81 secs.
Wall clock time elapsed: 0 secs.

        SEGMENT          START            END   NUM_RESIDUES MESSAGE_LENGTH                    END_POINTS        INTERMEDIATE_CONTROL_POINTS
              1            A 2           A 12             11        410.183         (9.211, 23.229, 71.896)
                                                                                    (33.926, 35.79, 60.898)

              2           A 12           A 25             14        540.587         (33.926, 35.79, 60.898)
                                                                                    (12.259, 31.958, 56.3)

              3           A 25           A 28              4        138.712         (12.259, 31.958, 56.3)
                                                                                    (13.519, 28.674, 62.725)

              4           A 28           A 36              9        328.571         (13.519, 28.674, 62.725)
                                                                                    (34.712, 34.378, 66.116)

              5           A 36           A 38              3        92.9877         (34.712, 34.378, 66.116)
                                                                                    (36.88, 28.359, 66.387)

              6           A 38           A 54             17        647.897         (36.88, 28.359, 66.387)
                                                                                    (15.684, 15.23, 75.534)

              7           A 54           A 59              6        225.231         (15.684, 15.23, 75.534)
                                                                                    (15.119, 17.775, 67.269)

              8           A 59           A 69             11        399.068         (15.119, 17.775, 67.269)
                                                                                    (36.262, 31.118, 54.565)

              9           A 69           A 85             17        639.085         (36.262, 31.118, 54.565)
                                                                                    (28.649, 11.265, 71.382)

             10           A 85           A 86              2        47.5124         (28.649, 11.265, 71.382)
                                                                                    (26.14, 8.458, 71.651)

             11           A 86           A 97             12        453.838         (26.14, 8.458, 71.651)
                                                                                    (29.13, 31.894, 52.093)

