Using structure file: /home/pkas7/Research/SCOP/pdbstyle-1.75B/mo/d1mo9a2.ent
Number of residues: 121
Doing a BEZIER segmentation ...

Bounding box volume: 40335.6
Null Model Fit: 5423.65 bits.
Bits per residue: 45.1971

Bezier model fit: 5029.29 bits.
Bits per residue: 41.9107

# of segments: 13
Internal segmentation:
0-->13-->14-->21-->30-->44-->51-->61-->76-->82-->93-->104-->112-->120

CPU time used: 1.08 secs.
Wall clock time elapsed: 1 secs.

        SEGMENT          START            END   NUM_RESIDUES MESSAGE_LENGTH                    END_POINTS        INTERMEDIATE_CONTROL_POINTS
              1          A 193          A 206             14        552.113         (9.968, 21.424, 32.426)
                                                                                    (21.224, 12.52, 17.62)

              2          A 206          A 207              2        48.2342         (21.224, 12.52, 17.62)
                                                                                    (18.234, 14.171, 15.943)

              3          A 207          A 214              8        308.664         (18.234, 14.171, 15.943)
                                                                                    (27.306, 25.155, 27.894)

              4          A 214          A 223             10        379.906         (27.306, 25.155, 27.894)
                                                                                    (22.277, 3.31, 34.193)

              5          A 223          A 237             15        566.888         (22.277, 3.31, 34.193)
                                                                                    (35.657, 19.374, 29.253)

              6          A 237          A 244              8        301.208         (35.657, 19.374, 29.253)
                                                                                    (21.583, 8.69, 40.403)

              7          A 244          A 254             11        421.718         (21.583, 8.69, 40.403)
                                                                                    (32.585, -6.643, 43.208)

              8          A 254          A 269             16        604.316         (32.585, -6.643, 43.208)
                                                                                    (36.05, 15.646, 37.785)

              9          A 269          A 275              7        251.949         (36.05, 15.646, 37.785)
                                                                                    (19.67, 8.833, 46.115)

             10          A 275          A 286             12        466.335         (19.67, 8.833, 46.115)
                                                                                    (13.311, 31.451, 25.865)

             11          A 286          A 297             12        452.234         (13.311, 31.451, 25.865)
                                                                                    (20.115, 12.694, 50.842)

             12          A 297          A 305              9        342.733         (20.115, 12.694, 50.842)
                                                                                    (22.873, 24.149, 33.127)

             13          A 305          A 313              9        332.989         (22.873, 24.149, 33.127)
                                                                                    (15.267, 2.883, 31.418)

