Using structure file: /home/pkas7/Research/SCOP/pdbstyle-1.75B/mp/d1mpga2.ent
Number of residues: 99
Doing a BEZIER segmentation ...

Bounding box volume: 29425.8
Null Model Fit: 4384.73 bits.
Bits per residue: 44.7421

Bezier model fit: 4091.89 bits.
Bits per residue: 41.754

# of segments: 11
Internal segmentation:
0-->7-->20-->25-->31-->42-->46-->54-->65-->67-->95-->98

CPU time used: 0.84 secs.
Wall clock time elapsed: 0 secs.

        SEGMENT          START            END   NUM_RESIDUES MESSAGE_LENGTH                    END_POINTS        INTERMEDIATE_CONTROL_POINTS
              1            A 1            A 8              8        299.351         (11.632, -2.128, 5.549)
                                                                                    (32.82, 2.479, 6.808)

              2            A 8           A 21             14        538.601         (32.82, 2.479, 6.808)
                                                                                    (22.009, 14.269, 24.752)

              3           A 21           A 26              6        221.247         (22.009, 14.269, 24.752)
                                                                                    (7.997, 12.962, 23.495)

              4           A 26           A 32              7        253.872         (7.997, 12.962, 23.495)
                                                                                    (22.058, 2.089, 21.987)

              5           A 32           A 43             12        452.624         (22.058, 2.089, 21.987)
                                                                                    (-0.248, 16.026, 6.169)

              6           A 43           A 47              5        176.116         (-0.248, 16.026, 6.169)
                                                                                    (7.089, 7.384, 13.579)

              7           A 47           A 55              9        329.119         (7.089, 7.384, 13.579)
                                                                                    (28.773, -5.188, 10.085)

              8           A 55           A 66             12        444.986         (28.773, -5.188, 10.085)
                                                                                    (0.995, 7.117, 8.157)

              9           A 66           A 68              3        93.5214         (0.995, 7.117, 8.157)
                                                                                    (4.384, 5.193, 3.879)

             10           A 68           A 96             29        1142.94         (4.384, 5.193, 3.879)
                                                                                    (44.854, 14.163, 9.51)

             11           A 96           A 99              4        139.513         (44.854, 14.163, 9.51)
                                                                                    (40.326, 13.026, 13.13)

