Using structure file: /home/pkas7/Research/SCOP/pdbstyle-1.75B/mr/d1mrza1.ent
Number of residues: 109
Doing a BEZIER segmentation ...

Bounding box volume: 39521.9
Null Model Fit: 4878.11 bits.
Bits per residue: 45.1677

Bezier model fit: 4522.22 bits.
Bits per residue: 41.8724

# of segments: 13
Internal segmentation:
0-->6-->8-->18-->25-->37-->41-->50-->60-->67-->76-->83-->85-->108

CPU time used: 0.95 secs.
Wall clock time elapsed: 0 secs.

        SEGMENT          START            END   NUM_RESIDUES MESSAGE_LENGTH                    END_POINTS        INTERMEDIATE_CONTROL_POINTS
              1          A 159          A 165              7        258.139         (20.529, -7.899, 8.187)
                                                                                    (31.141, 8.225, 10.082)

              2          A 165          A 178              3        94.3725         (31.141, 8.225, 10.082)
                                                                                    (43.474, -3.319, 16.525)

              3          A 178          A 188             11         413.43         (43.474, -3.319, 16.525)
                                                                                    (19.593, 10.386, 16.843)

              4          A 188          A 195              8        303.134         (19.593, 10.386, 16.843)
                                                                                    (27.179, -5.576, 24.372)

              5          A 195          A 207             13         507.67         (27.179, -5.576, 24.372)
                                                                                    (31.872, -0.695, -3.522)

              6          A 207          A 211              5        178.549         (31.872, -0.695, -3.522)
                                                                                    (34.504, -8.69, 6.847)

              7          A 211          A 226             10        386.577         (34.504, -8.69, 6.847)
                                                                                    (25.406, 4.982, 29.575)

              8          A 226          A 236             11        404.664         (25.406, 4.982, 29.575)
                                                                                    (42.299, -7.502, 5.115)

              9          A 236          A 243              8        305.424         (42.299, -7.502, 5.115)
                                                                                    (36.265, 10.542, 8.276)

             10          A 243          A 252             10        384.055         (36.265, 10.542, 8.276)
                                                                                    (26.452, -13.03, 13.924)

             11          A 252          A 259              8        300.935         (26.452, -13.03, 13.924)
                                                                                    (36.84, -8.63, 31.513)

             12          A 259          A 265              3        94.3725         (36.84, -8.63, 31.513)
                                                                                    (45.309, -11.11, 27.5)

             13          A 265          A 288             24        890.899         (45.309, -11.11, 27.5)
                                                                                    (29.929, -22.136, -2.635)

