Using structure file: /home/pkas7/Research/SCOP/pdbstyle-1.75B/mu/d1muwa_.ent
Number of residues: 386
Doing a BEZIER segmentation ...

Bounding box volume: 217068
Null Model Fit: 18335.7 bits.
Bits per residue: 47.6251

Bezier model fit: 16054.7 bits.
Bits per residue: 41.7006

# of segments: 30
Internal segmentation:
0-->5-->25-->33-->45-->54-->62-->81-->91-->92-->107-->128-->143-->149-->171-->183-->207-->220-->237-->238-->246-->247-->263-->277-->290-->295-->321-->346-->361-->383-->385

CPU time used: 3.83 secs.
Wall clock time elapsed: 3 secs.

        SEGMENT          START            END   NUM_RESIDUES MESSAGE_LENGTH                    END_POINTS        INTERMEDIATE_CONTROL_POINTS
              1            A 1            A 6              6        224.445         (10.759, 39.938, 35.619)
                                                                                    (18.378, 28.988, 28.347)

              2            A 6           A 26             21        838.495         (18.378, 28.988, 28.347)
                                                                                    (23.687, 52.544, 2.566)

              3           A 26           A 34              9        351.533         (23.687, 52.544, 2.566)
                                                                                    (33.523, 37.712, 15.57)

              4           A 34           A 46             13        498.067         (33.523, 37.712, 15.57)
                                                                                    (20.154, 34.409, 28.381)

              5           A 46           A 55             10        383.846         (20.154, 34.409, 28.381)
                                                                                    (29.337, 31.792, 4.981)

              6           A 55           A 63              9        352.682         (29.337, 31.792, 4.981)
                                                                                    (41.004, 27.267, 2.478)

              7           A 63           A 82             20        758.688         (41.004, 27.267, 2.478)
                                                                                    (26.659, 25.875, 26.819)

              8           A 82           A 92             11        423.574         (26.659, 25.875, 26.819)
                                                                                    (22.562, 30.577, -1.704)

              9           A 92           A 93              2        50.6622         (22.562, 30.577, -1.704)
                                                                                    (21.947, 34.3, -2.203)

             10           A 93          A 108             16        643.269         (21.947, 34.3, -2.203)
                                                                                    (22.728, 23.817, -14.734)

             11          A 108          A 129             22         842.59         (22.728, 23.817, -14.734)
                                                                                    (23.871, 19.5, 16.66)

             12          A 129          A 144             16        611.917         (23.871, 19.5, 16.66)
                                                                                    (10.16, 39.247, -15.746)

             13          A 144          A 150              7        272.514         (10.16, 39.247, -15.746)
                                                                                    (7.844, 28.26, -13.094)

             14          A 150          A 172             23        859.927         (7.844, 28.26, -13.094)
                                                                                    (21.605, 8.116, 8.436)

             15          A 172          A 184             13        497.163         (21.605, 8.116, 8.436)
                                                                                    (9.533, 38.909, -2.882)

             16          A 184          A 208             25        1017.16         (9.533, 38.909, -2.882)
                                                                                    (7.499, 14.522, 2.458)

             17          A 208          A 221             14        565.233         (7.499, 14.522, 2.458)
                                                                                    (3.204, 40.106, 6.44)

             18          A 221          A 238             18        716.096         (3.204, 40.106, 6.44)
                                                                                    (2.299, 18.863, 11.429)

             19          A 238          A 239              2        50.6622         (2.299, 18.863, 11.429)
                                                                                    (4.915, 20.933, 9.637)

             20          A 239          A 247              9        346.183         (4.915, 20.933, 9.637)
                                                                                    (8.578, 42.477, 13.366)

             21          A 247          A 248              2        50.6622         (8.578, 42.477, 13.366)
                                                                                    (7.35, 44.146, 10.2)

             22          A 248          A 264             17        693.705         (7.35, 44.146, 10.2)
                                                                                    (2.102, 43.93, 18.142)

             23          A 264          A 278             15        572.222         (2.102, 43.93, 18.142)
                                                                                    (2.838, 23.27, 22.906)

             24          A 278          A 291             14        545.169         (2.838, 23.27, 22.906)
                                                                                    (21.567, 50.442, 11.319)

             25          A 291          A 296              6        227.796         (21.567, 50.442, 11.319)
                                                                                    (25.28, 48.612, 22.584)

             26          A 296          A 322             27        1020.68         (25.28, 48.612, 22.584)
                                                                                    (-9.145, 34.3, 33.154)

             27          A 322          A 347             26        1031.49         (-9.145, 34.3, 33.154)
                                                                                    (-27.249, 9.83, 5.573)

             28          A 347          A 362             16        634.577         (-27.249, 9.83, 5.573)
                                                                                    (-33.504, 33.954, 11.077)

             29          A 362          A 384             23        874.425         (-33.504, 33.954, 11.077)
                                                                                    (-2.252, 44.959, 31.43)

             30          A 384          A 386              3        99.2873         (-2.252, 44.959, 31.43)
                                                                                    (-6.449, 43.104, 33.418)

