Using structure file: /home/pkas7/Research/SCOP/pdbstyle-1.75B/n1/d1n13.1.ent
Number of residues: 158
Doing a BEZIER segmentation ...

Bounding box volume: 66279
Null Model Fit: 7208.44 bits.
Bits per residue: 45.9136

Bezier model fit: 6586.61 bits.
Bits per residue: 41.9529

# of segments: 20
Internal segmentation:
0-->7-->16-->22-->35-->37-->44-->49-->55-->60-->68-->77-->92-->93-->105-->107-->127-->130-->143-->152-->157

CPU time used: 1.48 secs.
Wall clock time elapsed: 1 secs.

        SEGMENT          START            END   NUM_RESIDUES MESSAGE_LENGTH                    END_POINTS        INTERMEDIATE_CONTROL_POINTS
              1            A 7           A 14              8        303.356         (14.691, 28.297, -7.081)
                                                                                    (9.339, 13.395, -12.037)

              2           A 14           A 23             10        380.147         (9.339, 13.395, -12.037)
                                                                                    (26.75, -5.863, -7.5)

              3           A 23           A 29              7         269.02         (26.75, -5.863, -7.5)
                                                                                    (22.352, -13.83, 6.497)

              4           A 29           A 42             14        532.759         (22.352, -13.83, 6.497)
                                                                                    (27.32, 1.73, -4.949)

              5           A 42           A 44              3        95.8643         (27.32, 1.73, -4.949)
                                                                                    (24.278, 0.708, -0.018)

              6           A 44           A 51              8        303.301         (24.278, 0.708, -0.018)
                                                                                    (9.167, 0.494, -8.009)

              7           A 51           B 57              6        226.177         (9.167, 0.494, -8.009)
                                                                                    (9.94, 10.823, -20.865)

              8           B 57           B 63              7        259.248         (9.94, 10.823, -20.865)
                                                                                    (26.269, 7.445, -14.255)

              9           B 63           B 68              6        221.523         (26.269, 7.445, -14.255)
                                                                                    (22.73, 11.924, -0.085)

             10           B 68           B 76              9        346.397         (22.73, 11.924, -0.085)
                                                                                    (13.633, -0.884, -10.013)

             11           B 76           B 85             10        383.153         (13.633, -0.884, -10.013)
                                                                                    (27.878, -23.651, -2.344)

             12           B 85          B 100             16        583.609         (27.878, -23.651, -2.344)
                                                                                    (9.45, 8.796, -29.919)

             13          B 100          B 101              2        48.9507         (9.45, 8.796, -29.919)
                                                                                    (10.805, 10.913, -27.046)

             14          B 101          B 113             13         483.94         (10.805, 10.913, -27.046)
                                                                                    (20.247, -19.492, -11.19)

             15          B 113          B 115              3        95.8643         (20.247, -19.492, -11.19)
                                                                                    (25.13, -17.006, -15.88)

             16          B 115          B 135             21        791.994         (25.13, -17.006, -15.88)
                                                                                    (3.222, -1.231, -30.181)

             17          B 135          B 138              4        143.027         (3.222, -1.231, -30.181)
                                                                                    (12.072, 0.746, -30.045)

             18          B 138          B 151             14        524.348         (12.072, 0.746, -30.045)
                                                                                    (30.697, -19.695, -1.378)

             19          B 151          B 160             10        368.259         (30.697, -19.695, -1.378)
                                                                                    (17.948, 1.094, -12.223)

             20          B 160          B 165              6         225.67         (17.948, 1.094, -12.223)
                                                                                    (19.648, 16.212, -11.84)

