Using structure file: /home/pkas7/Research/SCOP/pdbstyle-1.75B/n1/d1n1ba1.ent
Number of residues: 201
Doing a BEZIER segmentation ...

Bounding box volume: 115260
Null Model Fit: 9342.38 bits.
Bits per residue: 46.7119

Bezier model fit: 8307.54 bits.
Bits per residue: 41.5377

# of segments: 18
Internal segmentation:
0-->16-->36-->38-->53-->58-->74-->85-->100-->115-->126-->141-->144-->163-->164-->177-->185-->199-->200

CPU time used: 1.89 secs.
Wall clock time elapsed: 1 secs.

        SEGMENT          START            END   NUM_RESIDUES MESSAGE_LENGTH                    END_POINTS        INTERMEDIATE_CONTROL_POINTS
              1           A 64           A 80             17        674.414         (61.287, 40.132, 40.904)
                                                                                    (48.502, 11.701, 32.585)

              2           A 80          A 100             21        786.905         (48.502, 11.701, 32.585)
                                                                                    (33.579, 0.747, 60.22)

              3          A 100          A 102              3        97.4608         (33.579, 0.747, 60.22)
                                                                                    (34.042, 5.15, 65.874)

              4          A 102          A 117             16        607.652         (34.042, 5.15, 65.874)
                                                                                    (42.095, 20.281, 50.54)

              5          A 117          A 122              6        228.378         (42.095, 20.281, 50.54)
                                                                                    (34.265, 13.021, 48.954)

              6          A 122          A 138             17        644.908         (34.265, 13.021, 48.954)
                                                                                    (21.213, 13.129, 71.43)

              7          A 138          A 149             12        483.368         (21.213, 13.129, 71.43)
                                                                                    (33.205, 14.366, 75.869)

              8          A 149          A 164             16        607.272         (33.205, 14.366, 75.869)
                                                                                    (24.737, 23.111, 57.205)

              9          A 164          A 179             16        630.209         (24.737, 23.111, 57.205)
                                                                                    (25.611, 26.84, 88.785)

             10          A 179          A 190             12        464.858         (25.611, 26.84, 88.785)
                                                                                    (41.925, 18.665, 78.803)

             11          A 190          A 205             16        609.171         (41.925, 18.665, 78.803)
                                                                                    (26.228, 33.966, 65.501)

             12          A 205          A 208              4        145.422         (26.228, 33.966, 65.501)
                                                                                    (25.042, 33.044, 71.071)

             13          A 208          A 227             20        760.027         (25.042, 33.044, 71.071)
                                                                                    (53.578, 29.773, 78.604)

             14          A 227          A 234              2         49.749         (53.578, 29.773, 78.604)
                                                                                    (52.962, 17.291, 72.676)

             15          A 234          A 247             14        536.013         (52.962, 17.291, 72.676)
                                                                                    (44.334, 33.092, 63.944)

             16          A 247          A 255              9        354.291         (44.334, 33.092, 63.944)
                                                                                    (44.208, 27.077, 49.701)

             17          A 255          A 269             15        577.692         (44.208, 27.077, 49.701)
                                                                                    (52.712, 9.151, 63.766)

             18          A 269          A 270              2         49.749         (52.712, 9.151, 63.766)
                                                                                    (49.233, 7.975, 62.746)

