Using structure file: /home/pkas7/Research/SCOP/pdbstyle-1.75B/n4/d1n4wa2.ent
Number of residues: 132
Doing a BEZIER segmentation ...

Bounding box volume: 58828.7
Null Model Fit: 5992.15 bits.
Bits per residue: 45.7416

Bezier model fit: 5417.92 bits.
Bits per residue: 41.3582

# of segments: 12
Internal segmentation:
0-->13-->22-->35-->49-->50-->62-->74-->75-->86-->104-->112-->131

CPU time used: 1.19 secs.
Wall clock time elapsed: 1 secs.

        SEGMENT          START            END   NUM_RESIDUES MESSAGE_LENGTH                    END_POINTS        INTERMEDIATE_CONTROL_POINTS
              1          A 319          A 332             14        521.852         (28.314, 10.071, 12.933)
                                                                                    (1.139, -0.022, -11.071)

              2          A 332          A 341             10        382.802         (1.139, -0.022, -11.071)
                                                                                    (6.772, -8.73, 7.175)

              3          A 341          A 354             14        543.094         (6.772, -8.73, 7.175)
                                                                                    (34.682, 4.063, -2)

              4          A 354          A 368             15        565.782         (34.682, 4.063, -2)
                                                                                    (-1.449, -2.903, 5.491)

              5          A 368          A 369              2        48.7787         (-1.449, -2.903, 5.491)
                                                                                    (-2.931, -1.822, 2.185)

              6          A 369          A 381             13        491.616         (-2.931, -1.822, 2.185)
                                                                                    (30.26, 6.554, 3.661)

              7          A 381          A 393             13        494.386         (30.26, 6.554, 3.661)
                                                                                    (22.846, 25.599, 31.763)

              8          A 393          A 394              2        48.7787         (22.846, 25.599, 31.763)
                                                                                    (20.461, 22.719, 30.958)

              9          A 394          A 405             12        454.003         (20.461, 22.719, 30.958)
                                                                                    (26.744, 17.639, 7.05)

             10          A 405          A 423             19        725.086         (26.744, 17.639, 7.05)
                                                                                    (16.777, 1.622, -15.452)

             11          A 423          A 431              9        335.866         (16.777, 1.622, -15.452)
                                                                                    (5.778, 13.296, 0.213)

             12          A 431          A 450             20         805.88         (5.778, 13.296, 0.213)
                                                                                    (30.883, 7.567, 18.156)

