Using structure file: /home/pkas7/Research/SCOP/pdbstyle-1.75B/n7/d1n7oa2.ent
Number of residues: 76
Doing a BEZIER segmentation ...

Bounding box volume: 20875.5
Null Model Fit: 3318.52 bits.
Bits per residue: 44.2469

Bezier model fit: 3146 bits.
Bits per residue: 41.9466

# of segments: 11
Internal segmentation:
0-->7-->16-->17-->26-->34-->41-->42-->50-->61-->66-->75

CPU time used: 0.6 secs.
Wall clock time elapsed: 0 secs.

        SEGMENT          START            END   NUM_RESIDUES MESSAGE_LENGTH                    END_POINTS        INTERMEDIATE_CONTROL_POINTS
              1          A 815          A 822              8        296.439         (-9.732, -34.614, 71.395)
                                                                                    (9.483, -33.789, 67.776)

              2          A 822          A 831             10        367.703         (9.483, -33.789, 67.776)
                                                                                    (-16.884, -37.607, 62.02)

              3          A 831          A 832              2        47.2839         (-16.884, -37.607, 62.02)
                                                                                    (-15.134, -38.617, 58.792)

              4          A 832          A 841             10        363.302         (-15.134, -38.617, 58.792)
                                                                                    (11.411, -41.237, 62.111)

              5          A 841          A 849              9        340.073         (11.411, -41.237, 62.111)
                                                                                    (-5.477, -48.027, 69.55)

              6          A 849          A 856              8        301.015         (-5.477, -48.027, 69.55)
                                                                                    (9.163, -41.688, 58.254)

              7          A 856          A 857              2        47.2839         (9.163, -41.688, 58.254)
                                                                                    (6.879, -39.774, 55.895)

              8          A 857          A 865              9        334.703         (6.879, -39.774, 55.895)
                                                                                    (-16.166, -50.102, 58.523)

              9          A 865          A 876             12        445.408         (-16.166, -50.102, 58.523)
                                                                                    (12.457, -37.084, 50.242)

             10          A 876          A 881              6        219.229         (12.457, -37.084, 50.242)
                                                                                    (5.328, -47.506, 49.335)

             11          A 881          A 890             10        383.554         (5.328, -47.506, 49.335)
                                                                                    (-3.971, -53.961, 65.214)

