Using structure file: /home/pkas7/Research/SCOP/pdbstyle-1.75B/n8/d1n8yc3.ent
Number of residues: 152
Doing a BEZIER segmentation ...

Bounding box volume: 72650.2
Null Model Fit: 6952.95 bits.
Bits per residue: 46.046

Bezier model fit: 6497.04 bits.
Bits per residue: 43.0268

# of segments: 17
Internal segmentation:
0-->1-->11-->13-->19-->20-->37-->47-->68-->90-->103-->110-->115-->120-->125-->137-->144-->151

CPU time used: 1.43 secs.
Wall clock time elapsed: 1 secs.

        SEGMENT          START            END   NUM_RESIDUES MESSAGE_LENGTH                    END_POINTS        INTERMEDIATE_CONTROL_POINTS
              1          C 166          C 167              2        49.0831         (-20.322, 88.679, 74.317)
                                                                                    (-19.67, 91.471, 71.819)

              2          C 167          C 177             11        412.765         (-19.67, 91.471, 71.819)
                                                                                    (-4.813, 82.638, 53.407)

              3          C 177          C 179              3        96.1291         (-4.813, 82.638, 53.407)
                                                                                    (-4.543, 77.319, 55.903)

              4          C 179          C 185              7        265.672         (-4.543, 77.319, 55.903)
                                                                                    (-6.787, 88.548, 64.383)

              5          C 185          C 186              2        49.0831         (-6.787, 88.548, 64.383)
                                                                                    (-8.034, 89.52, 60.938)

              6          C 186          C 203             18        709.045         (-8.034, 89.52, 60.938)
                                                                                    (6.049, 64.07, 69.188)

              7          C 203          C 213             11        440.668         (6.049, 64.07, 69.188)
                                                                                    (9.714, 67.931, 61.454)

              8          C 213          C 234             22        899.555         (9.714, 67.931, 61.454)
                                                                                    (13.568, 75.605, 76.27)

              9          C 234          C 261             23        926.287         (13.568, 75.605, 76.27)
                                                                                    (35.069, 66.365, 92.836)

             10          C 261          C 274             14        555.808         (35.069, 66.365, 92.836)
                                                                                    (22.179, 77.832, 83.33)

             11          C 274          C 281              8        306.295         (22.179, 77.832, 83.33)
                                                                                    (21.139, 90.673, 94.392)

             12          C 281          C 286              6        218.783         (21.139, 90.673, 94.392)
                                                                                    (24.962, 74.711, 97.99)

             13          C 286          C 291              6        224.857         (24.962, 74.711, 97.99)
                                                                                    (17.344, 82.585, 95.195)

             14          C 291          C 296              6        221.882         (17.344, 82.585, 95.195)
                                                                                    (14.614, 77.346, 106.064)

             15          C 296          C 308             13        510.289         (14.614, 77.346, 106.064)
                                                                                    (26.133, 86.262, 99.089)

             16          C 308          C 315              8        305.088         (26.133, 86.262, 99.089)
                                                                                    (23.399, 73.958, 115.008)

             17          C 315          C 322              8        305.757         (23.399, 73.958, 115.008)
                                                                                    (12.253, 89.496, 110.507)

