Using structure file: /home/pkas7/Research/SCOP/pdbstyle-1.75B/nc/d1nc5a_.ent
Number of residues: 363
Doing a BEZIER segmentation ...

Bounding box volume: 118493
Null Model Fit: 16924.1 bits.
Bits per residue: 46.7518

Bezier model fit: 15128.1 bits.
Bits per residue: 41.7904

# of segments: 29
Internal segmentation:
0-->18-->29-->46-->64-->74-->75-->92-->112-->113-->125-->131-->149-->167-->173-->195-->202-->220-->224-->244-->253-->259-->266-->283-->286-->302-->310-->336-->340-->362

CPU time used: 3.72 secs.
Wall clock time elapsed: 3 secs.

        SEGMENT          START            END   NUM_RESIDUES MESSAGE_LENGTH                    END_POINTS        INTERMEDIATE_CONTROL_POINTS
              1           A 11           A 29             19        735.796         (10.654, 32.969, 28.875)
                                                                                    (27.867, 45.228, 10.616)

              2           A 29           A 40             12        479.699         (27.867, 45.228, 10.616)
                                                                                    (18.435, 40.208, -1.03)

              3           A 40           A 57             18        689.967         (18.435, 40.208, -1.03)
                                                                                    (9.831, 47.382, 21.948)

              4           A 57           A 75             19        749.344         (9.831, 47.382, 21.948)
                                                                                    (21.766, 56.176, -2.579)

              5           A 75           A 85             11        421.559         (21.766, 56.176, -2.579)
                                                                                    (15.057, 39.032, -12.89)

              6           A 85           A 86              2        49.7889         (15.057, 39.032, -12.89)
                                                                                    (14.322, 37.615, -9.434)

              7           A 86          A 103             18        698.401         (14.322, 37.615, -9.434)
                                                                                    (11.249, 59.303, 8.069)

              8          A 103          A 123             21        817.221         (11.249, 59.303, 8.069)
                                                                                    (8.532, 36.516, -17.837)

              9          A 123          A 124              2        49.7889         (8.532, 36.516, -17.837)
                                                                                    (5.424, 34.421, -17.12)

             10          A 124          A 136             13         522.79         (5.424, 34.421, -17.12)
                                                                                    (14.021, 28.992, -13.843)

             11          A 136          A 142              7        264.693         (14.021, 28.992, -13.843)
                                                                                    (5.981, 28.544, -3.387)

             12          A 142          A 160             19         736.75         (5.981, 28.544, -3.387)
                                                                                    (-3.698, 53.244, -4.478)

             13          A 160          A 178             19        729.857         (-3.698, 53.244, -4.478)
                                                                                    (-1.005, 23.562, -9.574)

             14          A 178          A 184              7        266.667         (-1.005, 23.562, -9.574)
                                                                                    (-2.65, 15.611, 2.361)

             15          A 184          A 206             23        940.298         (-2.65, 15.611, 2.361)
                                                                                    (5.103, 19.415, -9.749)

             16          A 206          A 213              8        307.479         (5.103, 19.415, -9.749)
                                                                                    (10.063, 26.312, 4.603)

             17          A 213          A 231             19        732.335         (10.063, 26.312, 4.603)
                                                                                    (-12.925, 45.654, 2.827)

             18          A 231          A 235              5        186.094         (-12.925, 45.654, 2.827)
                                                                                    (-10.18, 37.042, -1.298)

             19          A 235          A 255             21        796.948         (-10.18, 37.042, -1.298)
                                                                                    (6.111, 16.13, 15.924)

             20          A 255          A 264             10        396.401         (6.111, 16.13, 15.924)
                                                                                    (10.191, 17.056, 4.529)

             21          A 264          A 270              7        269.486         (10.191, 17.056, 4.529)
                                                                                    (12.466, 8.354, 7.85)

             22          A 270          A 277              8        298.266         (12.466, 8.354, 7.85)
                                                                                    (13.819, 25.376, 12.449)

             23          A 277          A 294             18        684.665         (13.819, 25.376, 12.449)
                                                                                    (-9.438, 35.7, 14.065)

             24          A 294          A 297              4        145.542         (-9.438, 35.7, 14.065)
                                                                                    (-9.845, 28.974, 16.049)

             25          A 297          A 313             17        648.945         (-9.845, 28.974, 16.049)
                                                                                    (14.351, 23.459, 24.253)

             26          A 313          A 321              9        338.806         (14.351, 23.459, 24.253)
                                                                                    (30.286, 33.796, 25.106)

             27          A 321          A 347             27        1101.72         (30.286, 33.796, 25.106)
                                                                                    (23.161, 25.99, 9.782)

             28          A 347          A 351              5        182.619         (23.161, 25.99, 9.782)
                                                                                    (19.24, 35.143, 8.257)

             29          A 351          A 373             23        886.208         (19.24, 35.143, 8.257)
                                                                                    (-7.565, 34.257, 30.496)

