Using structure file: /home/pkas7/Research/SCOP/pdbstyle-1.75B/nj/d1njha_.ent
Number of residues: 108
Doing a BEZIER segmentation ...

Bounding box volume: 28521.1
Null Model Fit: 4782.59 bits.
Bits per residue: 44.6971

Bezier model fit: 4431.05 bits.
Bits per residue: 41.4117

# of segments: 13
Internal segmentation:
0-->7-->20-->31-->41-->45-->54-->63-->71-->72-->80-->91-->102-->107

CPU time used: 0.94 secs.
Wall clock time elapsed: 0 secs.

        SEGMENT          START            END   NUM_RESIDUES MESSAGE_LENGTH                    END_POINTS        INTERMEDIATE_CONTROL_POINTS
              1           A -1            A 6              8        297.525         (-0.396, 37.96, 26.919)
                                                                                    (3.592, 35.618, 8.453)

              2            A 6           A 19             14        533.102         (3.592, 35.618, 8.453)
                                                                                    (5.018, 14.009, 13.304)

              3           A 19           A 30             12        450.164         (5.018, 14.009, 13.304)
                                                                                    (-20.656, 37.051, 22.84)

              4           A 30           A 50             11        423.622         (-20.656, 37.051, 22.84)
                                                                                    (-7.049, 16.088, 18.879)

              5           A 50           A 54              5        179.978         (-7.049, 16.088, 18.879)
                                                                                    (-0.166, 17.011, 9.059)

              6           A 54           A 63             10        371.266         (-0.166, 17.011, 9.059)
                                                                                    (-4.051, 40.352, 8.038)

              7           A 63           A 72             10        357.793         (-4.051, 40.352, 8.038)
                                                                                    (-3.511, 12.262, 7.131)

              8           A 72           A 80              9        328.085         (-3.511, 12.262, 7.131)
                                                                                    (-9.335, 35.411, 11.452)

              9           A 80           A 81              2        47.7342         (-9.335, 35.411, 11.452)
                                                                                    (-5.981, 34.874, 13.162)

             10           A 81           A 89              9         334.17         (-5.981, 34.874, 13.162)
                                                                                    (7.108, 24.797, 25.964)

             11           A 89          A 100             12        452.614         (7.108, 24.797, 25.964)
                                                                                    (-17.116, 44.296, 16.346)

             12          A 100          A 111             12        431.313         (-17.116, 44.296, 16.346)
                                                                                    (4.049, 18.116, 20.737)

             13          A 111          A 116              6        223.684         (4.049, 18.116, 20.737)
                                                                                    (-3.595, 23.808, 32.367)

