Using structure file: /home/pkas7/Research/SCOP/pdbstyle-1.75B/nn/d1nnva_.ent
Number of residues: 107
Doing a BEZIER segmentation ...

Bounding box volume: 40509
Null Model Fit: 4791.55 bits.
Bits per residue: 45.2033

Bezier model fit: 4459.58 bits.
Bits per residue: 42.0715

# of segments: 13
Internal segmentation:
0-->2-->8-->25-->29-->41-->52-->60-->66-->75-->76-->85-->96-->106

CPU time used: 0.94 secs.
Wall clock time elapsed: 0 secs.

        SEGMENT          START            END   NUM_RESIDUES MESSAGE_LENGTH                    END_POINTS        INTERMEDIATE_CONTROL_POINTS
              1            A 1            A 3              3        94.4437         (190.818, -12.854, -2.692)
                                                                                    (191.753, -11.013, 2.685)

              2            A 3            A 9              7        254.519         (191.753, -11.013, 2.685)
                                                                                    (181.471, -1.272, -4.354)

              3            A 9           A 26             18         683.47         (181.471, -1.272, -4.354)
                                                                                    (155.003, -3.637, -2.616)

              4           A 26           A 30              5         183.51         (155.003, -3.637, -2.616)
                                                                                    (152.574, 1.237, 3.238)

              5           A 30           A 42             13        495.381         (152.574, 1.237, 3.238)
                                                                                    (162.513, 10.385, -10.534)

              6           A 42           A 53             12        454.745         (162.513, 10.385, -10.534)
                                                                                    (175.362, 1.258, 13.187)

              7           A 53           A 61              9        346.195         (175.362, 1.258, 13.187)
                                                                                    (164.709, -6.221, 16.087)

              8           A 61           A 67              7         263.55         (164.709, -6.221, 16.087)
                                                                                    (181.458, -2.099, 9.661)

              9           A 67           A 76             10        366.634         (181.458, -2.099, 9.661)
                                                                                    (163.102, 10.841, -1.659)

             10           A 76           A 77              2        48.2404         (163.102, 10.841, -1.659)
                                                                                    (165.366, 13.885, -2.017)

             11           A 77           A 86             10        396.393         (165.366, 13.885, -2.017)
                                                                                    (163.937, 7.596, 3.793)

             12           A 86           A 97             12        457.359         (163.937, 7.596, 3.793)
                                                                                    (179.03, -16.647, 2.319)

             13           A 97          A 107             11        415.144         (179.03, -16.647, 2.319)
                                                                                    (159.374, 2.297, 10.78)

