Using structure file: /home/pkas7/Research/SCOP/pdbstyle-1.75B/no/d1noga_.ent
Number of residues: 149
Doing a BEZIER segmentation ...

Bounding box volume: 37390.6
Null Model Fit: 6672.99 bits.
Bits per residue: 45.0877

Bezier model fit: 5935.1 bits.
Bits per residue: 40.102

# of segments: 11
Internal segmentation:
0-->24-->25-->48-->56-->74-->80-->86-->112-->117-->142-->148

CPU time used: 1.4 secs.
Wall clock time elapsed: 1 secs.

        SEGMENT          START            END   NUM_RESIDUES MESSAGE_LENGTH                    END_POINTS        INTERMEDIATE_CONTROL_POINTS
              1           A 23           A 47             25         941.58         (66.328, 73.77, 8.396)
                                                                                    (44.519, 63.281, 36.965)

              2           A 47           A 48              2        48.1248         (44.519, 63.281, 36.965)
                                                                                    (42.63, 66.589, 36.71)

              3           A 48           A 71             24        903.513         (42.63, 66.589, 36.71)
                                                                                    (53.41, 78.404, 5.647)

              4           A 71           A 79              9        348.916         (53.41, 78.404, 5.647)
                                                                                    (46.215, 84.086, 17.502)

              5           A 79           A 97             19        718.634         (46.215, 84.086, 17.502)
                                                                                    (49.904, 77.915, 44.393)

              6           A 97          A 103              7        256.679         (49.904, 77.915, 44.393)
                                                                                    (64.842, 77.168, 42.056)

              7          A 103          A 109              7        262.793         (64.842, 77.168, 42.056)
                                                                                    (55.465, 62.83, 41.278)

              8          A 109          A 135             27        1004.27         (55.465, 62.83, 41.278)
                                                                                    (67.212, 83.261, 8.975)

              9          A 135          A 140              6        223.289         (67.212, 83.261, 8.975)
                                                                                    (55.919, 87.113, 16.598)

             10          A 140          A 165             26        973.806         (55.919, 87.113, 16.598)
                                                                                    (50.204, 66.269, 48.729)

             11          A 165          A 171              7        253.496         (50.204, 66.269, 48.729)
                                                                                    (67.679, 74.429, 45.707)

