Using structure file: /home/pkas7/Research/SCOP/pdbstyle-1.75B/no/d1nowa1.ent
Number of residues: 349
Doing a BEZIER segmentation ...

Bounding box volume: 134266
Null Model Fit: 16332.4 bits.
Bits per residue: 46.9321

Bezier model fit: 14623.8 bits.
Bits per residue: 42.0225

# of segments: 31
Internal segmentation:
0-->10-->15-->30-->41-->49-->56-->80-->93-->102-->112-->123-->141-->151-->160-->171-->176-->194-->203-->213-->222-->236-->237-->252-->271-->290-->291-->314-->318-->336-->343-->348

CPU time used: 3.6 secs.
Wall clock time elapsed: 3 secs.

        SEGMENT          START            END   NUM_RESIDUES MESSAGE_LENGTH                    END_POINTS        INTERMEDIATE_CONTROL_POINTS
              1          A 200          A 210             11         418.97         (8.639, 27.42, 12.225)
                                                                                    (15.233, 29.424, 40.03)

              2          A 210          A 215              6         220.71         (15.233, 29.424, 40.03)
                                                                                    (26.203, 30.433, 36.329)

              3          A 215          A 230             16        610.204         (26.203, 30.433, 36.329)
                                                                                    (19.597, 26.642, 14.855)

              4          A 230          A 241             12        464.547         (19.597, 26.642, 14.855)
                                                                                    (9.169, 29.657, 44.188)

              5          A 241          A 249              9         347.75         (9.169, 29.657, 44.188)
                                                                                    (17.061, 47.936, 40.008)

              6          A 249          A 256              8        311.216         (17.061, 47.936, 40.008)
                                                                                    (18.583, 40.607, 48.241)

              7          A 256          A 280             25        996.913         (18.583, 40.607, 48.241)
                                                                                    (25.171, 37.874, 18.206)

              8          A 280          A 293             14        529.411         (25.171, 37.874, 18.206)
                                                                                    (1.555, 31.262, 41.296)

              9          A 293          A 302             10        392.798         (1.555, 31.262, 41.296)
                                                                                    (8.024, 42.518, 48.518)

             10          A 302          A 316             11        436.385         (8.024, 42.518, 48.518)
                                                                                    (-1.907, 24.297, 54.187)

             11          A 316          A 327             12          472.7         (-1.907, 24.297, 54.187)
                                                                                    (-4.007, 47.907, 44.587)

             12          A 327          A 345             19        730.669         (-4.007, 47.907, 44.587)
                                                                                    (14.4, 44.117, 24.287)

             13          A 345          A 355             11        419.393         (14.4, 44.117, 24.287)
                                                                                    (-0.55, 25.809, 38.273)

             14          A 355          A 364             10        389.169         (-0.55, 25.809, 38.273)
                                                                                    (-8.486, 33.846, 53.184)

             15          A 364          A 375             12        461.301         (-8.486, 33.846, 53.184)
                                                                                    (-20.052, 38.234, 42.104)

             16          A 375          A 380              6        227.807         (-20.052, 38.234, 42.104)
                                                                                    (-11.65, 31.158, 41.784)

             17          A 380          A 398             19        714.435         (-11.65, 31.158, 41.784)
                                                                                    (3.976, 49.336, 27.784)

             18          A 398          A 407             10        383.754         (3.976, 49.336, 27.784)
                                                                                    (-4.133, 27.444, 32.124)

             19          A 407          A 417             11        445.119         (-4.133, 27.444, 32.124)
                                                                                    (-5.761, 39.335, 20.051)

             20          A 417          A 426             10        382.244         (-5.761, 39.335, 20.051)
                                                                                    (0.651, 16.351, 27.788)

             21          A 426          A 440             15        584.017         (0.651, 16.351, 27.788)
                                                                                    (-7.807, 32.845, 16.932)

             22          A 440          A 441              2        49.9692         (-7.807, 32.845, 16.932)
                                                                                    (-4.698, 32.775, 19.153)

             23          A 441          A 456             16        628.929         (-4.698, 32.775, 19.153)
                                                                                    (15.801, 5.014, 29.746)

             24          A 456          A 475             20        795.425         (15.801, 5.014, 29.746)
                                                                                    (-5.235, 25.826, 7.357)

             25          A 475          A 494             20        787.089         (-5.235, 25.826, 7.357)
                                                                                    (22.075, 22.406, 37.655)

             26          A 494          A 495              2        49.9692         (22.075, 22.406, 37.655)
                                                                                    (25.568, 23.051, 36.216)

             27          A 495          A 518             24        941.359         (25.568, 23.051, 36.216)
                                                                                    (8.616, 14.932, 5.579)

             28          A 518          A 522              5         178.52         (8.616, 14.932, 5.579)
                                                                                    (14.911, 7.291, 11.582)

             29          A 522          A 540             19        722.582         (14.911, 7.291, 11.582)
                                                                                    (33.191, 22.016, 23.887)

             30          A 540          A 547              8        305.818         (33.191, 22.016, 23.887)
                                                                                    (23.993, 4.733, 21.893)

             31          A 547          A 552              6        224.659         (23.993, 4.733, 21.893)
                                                                                    (36.798, 10.675, 16.16)

