Using structure file: /home/pkas7/Research/SCOP/pdbstyle-1.75B/o9/d1o9ya_.ent
Number of residues: 71
Doing a BEZIER segmentation ...

Bounding box volume: 39919.2
Null Model Fit: 3162.75 bits.
Bits per residue: 45.1821

Bezier model fit: 2981.52 bits.
Bits per residue: 42.5932

# of segments: 7
Internal segmentation:
0-->12-->18-->26-->37-->43-->57-->70

CPU time used: 0.53 secs.
Wall clock time elapsed: 0 secs.

        SEGMENT          START            END   NUM_RESIDUES MESSAGE_LENGTH                    END_POINTS        INTERMEDIATE_CONTROL_POINTS
              1           A 11           A 23             13        497.529         (-16.24, -25.452, 30.742)
                                                                                    (-22.161, -6.031, 56.359)

              2           A 23           A 29              7        262.374         (-22.161, -6.031, 56.359)
                                                                                    (-5.951, 3.623, 62.872)

              3           A 29           A 37              9        339.034         (-5.951, 3.623, 62.872)
                                                                                    (-10.999, -4.519, 74.31)

              4           A 37           A 48             12        467.127         (-10.999, -4.519, 74.31)
                                                                                    (-28.941, -0.445, 57.29)

              5           A 48           A 54              7        261.154         (-28.941, -0.445, 57.29)
                                                                                    (-22.111, -10.172, 48.528)

              6           A 54           A 68             15        599.809         (-22.111, -10.172, 48.528)
                                                                                    (-32.99, -16.635, 59.858)

              7           A 68           A 81             14        554.494         (-32.99, -16.635, 59.858)
                                                                                    (-25.393, -6.28, 40.748)

