Using structure file: /home/pkas7/Research/SCOP/pdbstyle-1.75B/od/d1od5a2.ent
Number of residues: 173
Doing a BEZIER segmentation ...

Bounding box volume: 94334.1
Null Model Fit: 7984.73 bits.
Bits per residue: 46.4228

Bezier model fit: 7243.97 bits.
Bits per residue: 42.1161

# of segments: 13
Internal segmentation:
0-->26-->43-->56-->66-->75-->86-->97-->106-->115-->127-->153-->167-->172

CPU time used: 1.67 secs.
Wall clock time elapsed: 1 secs.

        SEGMENT          START            END   NUM_RESIDUES MESSAGE_LENGTH                    END_POINTS        INTERMEDIATE_CONTROL_POINTS
              1          A 321          A 347             27        1094.61         (12.537, 41.274, -96.217)
                                                                                    (37.492, 84.495, -82.691)

              2          A 347          A 364             18        716.861         (37.492, 84.495, -82.691)
                                                                                    (8.029, 61.661, -81.961)

              3          A 364          A 377             14        525.367         (8.029, 61.661, -81.961)
                                                                                    (37.187, 84.216, -73.453)

              4          A 377          A 387             11        423.953         (37.187, 84.216, -73.453)
                                                                                    (9.903, 76.545, -75.646)

              5          A 387          A 396             10        385.276         (9.903, 76.545, -75.646)
                                                                                    (35.665, 69.773, -71.804)

              6          A 396          A 407             12        454.579         (35.665, 69.773, -71.804)
                                                                                    (12.796, 88.61, -60.989)

              7          A 407          A 418             12        473.027         (12.796, 88.61, -60.989)
                                                                                    (34.011, 69.386, -67.133)

              8          A 418          A 427             10        377.028         (34.011, 69.386, -67.133)
                                                                                    (12.763, 81.273, -70.595)

              9          A 427          A 436             10        373.364         (12.763, 81.273, -70.595)
                                                                                    (41.619, 79.834, -69.821)

             10          A 436          A 448             13        504.662         (41.619, 79.834, -69.821)
                                                                                    (11.917, 68.36, -80.835)

             11          A 448          A 474             27        1106.22         (11.917, 68.36, -80.835)
                                                                                    (20.107, 108.538, -76.397)

             12          A 474          A 488             15         585.24         (20.107, 108.538, -76.397)
                                                                                    (25.532, 86.733, -84.061)

             13          A 488          A 493              6        223.783         (25.532, 86.733, -84.061)
                                                                                    (35.889, 90.316, -76.391)

