Using structure file: /home/pkas7/Research/SCOP/pdbstyle-1.75B/oh/d1ohla_.ent
Number of residues: 340
Doing a BEZIER segmentation ...

Bounding box volume: 205603
Null Model Fit: 16118.4 bits.
Bits per residue: 47.5469

Bezier model fit: 14240 bits.
Bits per residue: 42.0058

# of segments: 27
Internal segmentation:
0-->10-->36-->49-->59-->68-->81-->96-->98-->123-->149-->153-->171-->180-->195-->199-->212-->221-->227-->240-->255-->265-->279-->289-->302-->321-->328-->339

CPU time used: 3.46 secs.
Wall clock time elapsed: 3 secs.

        SEGMENT          START            END   NUM_RESIDUES MESSAGE_LENGTH                    END_POINTS        INTERMEDIATE_CONTROL_POINTS
              1            A 1           A 11             11        422.373         (31.501, 16.928, -45.139)
                                                                                    (4.633, 9.991, -33.959)

              2           A 11           A 37             27        1094.09         (4.633, 9.991, -33.959)
                                                                                    (3.582, 33.053, 2.411)

              3           A 37           A 50             14         545.19         (3.582, 33.053, 2.411)
                                                                                    (22.345, 42.561, 28.965)

              4           A 50           A 60             11        433.811         (22.345, 42.561, 28.965)
                                                                                    (26.1, 35.338, 11.405)

              5           A 60           A 69             10        377.807         (26.1, 35.338, 11.405)
                                                                                    (15.546, 47.209, 25.953)

              6           A 69           A 82             14        547.734         (15.546, 47.209, 25.953)
                                                                                    (4.159, 40.853, 8.435)

              7           A 82           A 97             16        625.424         (4.159, 40.853, 8.435)
                                                                                    (25.342, 31.653, 35.424)

              8           A 97           A 99              3        99.1308         (25.342, 31.653, 35.424)
                                                                                    (26.354, 25.118, 35.74)

              9           A 99          A 124             26        1026.49         (26.354, 25.118, 35.74)
                                                                                    (0.62, 40.554, 21.9)

             10          A 124          A 150             27        1093.12         (0.62, 40.554, 21.9)
                                                                                    (30.707, 12.543, 30.439)

             11          A 150          A 154              5        185.487         (30.707, 12.543, 30.439)
                                                                                    (18.69, 10.446, 29.931)

             12          A 154          A 172             19        715.621         (18.69, 10.446, 29.931)
                                                                                    (3.716, 32.68, 28.504)

             13          A 172          A 181             10        384.409         (3.716, 32.68, 28.504)
                                                                                    (17.622, 15.226, 20.826)

             14          A 181          A 196             16        627.298         (17.622, 15.226, 20.826)
                                                                                    (0.585, 21.882, 34.601)

             15          A 196          A 200              5        186.935         (0.585, 21.882, 34.601)
                                                                                    (-4.205, 22.484, 25.543)

             16          A 200          A 213             14        541.677         (-4.205, 22.484, 25.543)
                                                                                    (27.11, 18.014, 11.111)

             17          A 213          A 222             10        387.651         (27.11, 18.014, 11.111)
                                                                                    (25.716, 33.842, 18.594)

             18          A 222          A 228              7        266.124         (25.716, 33.842, 18.594)
                                                                                    (33.179, 20.714, 25.841)

             19          A 228          A 241             14        547.746         (33.179, 20.714, 25.841)
                                                                                    (21.192, 7.593, 9.554)

             20          A 241          A 256             16        609.403         (21.192, 7.593, 9.554)
                                                                                    (2.823, 13.937, 21.695)

             21          A 256          A 266             11        427.068         (2.823, 13.937, 21.695)
                                                                                    (18.665, 21.949, 2.479)

             22          A 266          A 280             15          583.8         (18.665, 21.949, 2.479)
                                                                                    (1.554, 13.469, 7.225)

             23          A 280          A 290             11        415.411         (1.554, 13.469, 7.225)
                                                                                    (23.454, 29.161, 10.53)

             24          A 290          A 303             14        534.946         (23.454, 29.161, 10.53)
                                                                                    (29.474, 35.723, -7.012)

             25          A 303          A 322             20        790.048         (29.474, 35.723, -7.012)
                                                                                    (6.798, 18.888, 2.332)

             26          A 322          A 329              8         306.44         (6.798, 18.888, 2.332)
                                                                                    (17.486, 34.055, 9.358)

             27          A 329          A 340             12        464.745         (17.486, 34.055, 9.358)
                                                                                    (6.859, 42.316, -4.639)

