Using structure file: /home/pkas7/Research/SCOP/pdbstyle-1.75B/oh/d1ohpa_.ent
Number of residues: 125
Doing a BEZIER segmentation ...

Bounding box volume: 32510.6
Null Model Fit: 5565.86 bits.
Bits per residue: 44.886

Bezier model fit: 5134.11 bits.
Bits per residue: 41.4041

# of segments: 13
Internal segmentation:
0-->2-->20-->30-->41-->46-->60-->68-->74-->89-->96-->104-->117-->124

CPU time used: 1.12 secs.
Wall clock time elapsed: 1 secs.

        SEGMENT          START            END   NUM_RESIDUES MESSAGE_LENGTH                    END_POINTS        INTERMEDIATE_CONTROL_POINTS
              1            A 1            A 3              3         93.809         (24.636, 9.747, -0.928)
                                                                                    (18.365, 10.017, -2.096)

              2            A 3           A 21             19        717.817         (18.365, 10.017, -2.096)
                                                                                    (13.56, -13.485, -13.401)

              3           A 21           A 31             11        424.476         (13.56, -13.485, -13.401)
                                                                                    (24.229, -4.893, 0.534)

              4           A 31           A 42             12        464.575         (24.229, -4.893, 0.534)
                                                                                    (9.392, -15.343, 9.724)

              5           A 42           A 47              6        215.135         (9.392, -15.343, 9.724)
                                                                                    (23.635, -12.505, 3.495)

              6           A 47           A 61             15        563.576         (23.635, -12.505, 3.495)
                                                                                    (7.386, -20.156, -11.039)

              7           A 61           A 69              9        338.147         (7.386, -20.156, -11.039)
                                                                                    (0.462, 2.847, -6.473)

              8           A 69           A 75              7        254.539         (0.462, 2.847, -6.473)
                                                                                    (15.14, 9.373, 4.549)

              9           A 75           A 90             16        603.201         (15.14, 9.373, 4.549)
                                                                                    (-5.169, -23.959, -13.46)

             10           A 90           A 97              8        291.434         (-5.169, -23.959, -13.46)
                                                                                    (1.916, -7.216, -0.229)

             11           A 97          A 105              9        331.465         (1.916, -7.216, -0.229)
                                                                                    (24.563, 5.307, 2.802)

             12          A 105          A 118             14        537.895         (24.563, 5.307, 2.802)
                                                                                    (-3.384, -14.87, 4.211)

             13          A 118          A 125              8        298.042         (-3.384, -14.87, 4.211)
                                                                                    (-8.846, -15.407, -10.338)

