Using structure file: /home/pkas7/Research/SCOP/pdbstyle-1.75B/oj/d1oj7a_.ent
Number of residues: 390
Doing a BEZIER segmentation ...

Bounding box volume: 142884
Null Model Fit: 18291.5 bits.
Bits per residue: 47.0218

Bezier model fit: 16286.2 bits.
Bits per residue: 41.8669

# of segments: 36
Internal segmentation:
0-->6-->20-->30-->39-->46-->58-->71-->72-->87-->96-->113-->123-->131-->140-->141-->148-->159-->168-->178-->186-->210-->212-->235-->238-->261-->279-->281-->300-->315-->320-->339-->351-->364-->373-->378-->389

CPU time used: 4.08 secs.
Wall clock time elapsed: 4 secs.

        SEGMENT          START            END   NUM_RESIDUES MESSAGE_LENGTH                    END_POINTS        INTERMEDIATE_CONTROL_POINTS
              1           A -2            A 4              7        265.346         (86.553, -45.281, 35.737)
                                                                                    (97.753, -40.424, 22.421)

              2            A 4           A 18             15        572.472         (97.753, -40.424, 22.421)
                                                                                    (116.499, -15.307, 30.403)

              3           A 18           A 28             11        426.338         (116.499, -15.307, 30.403)
                                                                                    (121.748, -15.585, 12.171)

              4           A 28           A 37             10        373.653         (121.748, -15.585, 12.171)
                                                                                    (100.705, -5.338, 21.068)

              5           A 37           A 44              8        308.708         (100.705, -5.338, 21.068)
                                                                                    (108.276, -1.107, 30.112)

              6           A 44           A 56             13        503.593         (108.276, -1.107, 30.112)
                                                                                    (122.907, -6.131, 14.117)

              7           A 56           A 69             14        550.148         (122.907, -6.131, 14.117)
                                                                                    (93.607, -10.294, 17.985)

              8           A 69           A 70              2        50.0589         (93.607, -10.294, 17.985)
                                                                                    (91.756, -9.104, 14.902)

              9           A 70           A 85             16        606.496         (91.756, -9.104, 14.902)
                                                                                    (110.175, -11.978, 2.758)

             10           A 85           A 94             10        381.727         (110.175, -11.978, 2.758)
                                                                                    (100.655, -11.749, 25.827)

             11           A 94          A 111             18         689.34         (100.655, -11.749, 25.827)
                                                                                    (97.493, -20.61, -0.862)

             12          A 111          A 121             11        436.888         (97.493, -20.61, -0.862)
                                                                                    (86.59, -21.754, 9.209)

             13          A 121          A 129              9        350.813         (86.59, -21.754, 9.209)
                                                                                    (103.376, -25.164, 6.735)

             14          A 129          A 138             10         392.02         (103.376, -25.164, 6.735)
                                                                                    (104.789, -10.783, 29.067)

             15          A 138          A 139              2        50.0589         (104.789, -10.783, 29.067)
                                                                                    (101.47, -12.143, 30.392)

             16          A 139          A 146              8        313.048         (101.47, -12.143, 30.392)
                                                                                    (104.173, -23.705, 24.211)

             17          A 146          A 157             12        456.339         (104.173, -23.705, 24.211)
                                                                                    (81.351, -9.769, 11.607)

             18          A 157          A 166             10        383.655         (81.351, -9.769, 11.607)
                                                                                    (101.566, -28.244, 14.954)

             19          A 166          A 176             11        429.602         (101.566, -28.244, 14.954)
                                                                                    (110.921, -14.125, 32.527)

             20          A 176          A 184              9        342.344         (110.921, -14.125, 32.527)
                                                                                    (97.624, -4.393, 35.763)

             21          A 184          A 208             25        962.893         (97.624, -4.393, 35.763)
                                                                                    (89.394, -41.679, 33.84)

             22          A 208          A 210              3        98.0807         (89.394, -41.679, 33.84)
                                                                                    (94.79, -41.201, 34.903)

             23          A 210          A 233             24        914.143         (94.79, -41.201, 34.903)
                                                                                    (99.089, -8.391, 46.866)

             24          A 233          A 236              4        146.352         (99.089, -8.391, 46.866)
                                                                                    (107.144, -7.938, 42.526)

             25          A 236          A 259             24        936.321         (107.144, -7.938, 42.526)
                                                                                    (94.497, -39.138, 26.259)

             26          A 259          A 277             19        748.841         (94.497, -39.138, 26.259)
                                                                                    (80.033, -7.772, 24.182)

             27          A 277          A 279              3        98.0807         (80.033, -7.772, 24.182)
                                                                                    (84.387, -8.895, 27.722)

             28          A 279          A 298             20        783.977         (84.387, -8.895, 27.722)
                                                                                    (75.796, -35.189, 37.276)

             29          A 298          A 313             16        620.749         (75.796, -35.189, 37.276)
                                                                                    (89.326, -29.962, 51.157)

             30          A 313          A 318              6        227.035         (89.326, -29.962, 51.157)
                                                                                    (75.831, -35.309, 50.46)

             31          A 318          A 337             20        754.185         (75.831, -35.309, 50.46)
                                                                                    (90.644, -12.037, 42.336)

             32          A 337          A 349             13        509.512         (90.644, -12.037, 42.336)
                                                                                    (70.777, -8.232, 31.222)

             33          A 349          A 362             14        542.332         (70.777, -8.232, 31.222)
                                                                                    (76.662, -20.406, 13.041)

             34          A 362          A 371             10        384.607         (76.662, -20.406, 13.041)
                                                                                    (79.636, -35.818, 26.298)

             35          A 371          A 376              6        221.318         (79.636, -35.818, 26.298)
                                                                                    (71.432, -24.904, 22.149)

             36          A 376          A 387             12        455.167         (71.432, -24.904, 22.149)
                                                                                    (72.624, -13.637, 34.48)

