Using structure file: /home/pkas7/Research/SCOP/pdbstyle-1.75B/ol/d1olta_.ent
Number of residues: 434
Doing a BEZIER segmentation ...

Bounding box volume: 146600
Null Model Fit: 20376.5 bits.
Bits per residue: 47.0589

Bezier model fit: 18288.2 bits.
Bits per residue: 42.2361

# of segments: 43
Internal segmentation:
0-->7-->26-->38-->53-->59-->67-->87-->93-->102-->108-->124-->126-->136-->141-->152-->164-->172-->176-->191-->192-->203-->207-->222-->223-->235-->250-->251-->270-->276-->281-->289-->317-->322-->331-->340-->355-->370-->379-->390-->402-->410-->416-->433

CPU time used: 4.26 secs.
Wall clock time elapsed: 4 secs.

        SEGMENT          START            END   NUM_RESIDUES MESSAGE_LENGTH                    END_POINTS        INTERMEDIATE_CONTROL_POINTS
              1            A 4           A 11              8        299.203         (46.034, 46.714, 0.205)
                                                                                    (49.205, 39.565, 17.415)

              2           A 11           A 37             20        813.525         (49.205, 39.565, 17.415)
                                                                                    (29.837, 81.254, 27.787)

              3           A 37           A 49             13        501.039         (29.837, 81.254, 27.787)
                                                                                    (37.69, 86.894, 10.311)

              4           A 49           A 64             16        599.333         (37.69, 86.894, 10.311)
                                                                                    (11.522, 54.61, 13.41)

              5           A 64           A 70              7        275.134         (11.522, 54.61, 13.41)
                                                                                    (23.859, 55.695, 19.303)

              6           A 70           A 78              9        345.457         (23.859, 55.695, 19.303)
                                                                                    (4.526, 63.626, 15.047)

              7           A 78           A 98             21        802.014         (4.526, 63.626, 15.047)
                                                                                    (25.049, 88.42, 11.512)

              8           A 98          A 104              7        269.401         (25.049, 88.42, 11.512)
                                                                                    (32.105, 82.924, 2.679)

              9          A 104          A 113             10        375.466         (32.105, 82.924, 2.679)
                                                                                    (19.044, 61.901, 13.008)

             10          A 113          A 119              7        268.407         (19.044, 61.901, 13.008)
                                                                                    (9.611, 66.98, 3.542)

             11          A 119          A 135             17         652.79         (9.611, 66.98, 3.542)
                                                                                    (27.035, 83.985, 1.746)

             12          A 135          A 137              3        98.1548         (27.035, 83.985, 1.746)
                                                                                    (30.398, 80.076, -2.471)

             13          A 137          A 147             11        414.882         (30.398, 80.076, -2.471)
                                                                                    (17.642, 57.106, 5.332)

             14          A 147          A 152              6        227.939         (17.642, 57.106, 5.332)
                                                                                    (10.314, 58.857, -2.692)

             15          A 152          A 163             12        460.706         (10.314, 58.857, -2.692)
                                                                                    (21.944, 72.688, -4.574)

             16          A 163          A 175             13        505.432         (21.944, 72.688, -4.574)
                                                                                    (21.103, 40.714, 5.744)

             17          A 175          A 183              9         347.13         (21.103, 40.714, 5.744)
                                                                                    (14.371, 47.03, 13.561)

             18          A 183          A 187              5        180.063         (14.371, 47.03, 13.561)
                                                                                    (13.868, 47.147, 0.73)

             19          A 187          A 202             16         608.13         (13.868, 47.147, 0.73)
                                                                                    (24.691, 64.031, -10.792)

             20          A 202          A 203              2        50.0959         (24.691, 64.031, -10.792)
                                                                                    (25.394, 63.297, -7.099)

             21          A 203          A 214             12        448.922         (25.394, 63.297, -7.099)
                                                                                    (25.529, 43.654, 14.846)

             22          A 214          A 218              5        187.758         (25.529, 43.654, 14.846)
                                                                                    (29.336, 36.425, 11.048)

             23          A 218          A 233             16         608.23         (29.336, 36.425, 11.048)
                                                                                    (29.027, 50.523, -6.341)

             24          A 233          A 234              2        50.0959         (29.027, 50.523, -6.341)
                                                                                    (29.05, 53.464, -3.9)

             25          A 234          A 246             13        507.205         (29.05, 53.464, -3.9)
                                                                                    (22.743, 49.713, 26.41)

             26          A 246          A 261             16         652.04         (22.743, 49.713, 26.41)
                                                                                    (29.664, 38.154, 17.265)

             27          A 261          A 262              2        50.0959         (29.664, 38.154, 17.265)
                                                                                    (32.667, 36.909, 19.228)

             28          A 262          A 281             20        759.714         (32.667, 36.909, 19.228)
                                                                                    (38.961, 49.225, -5.999)

             29          A 281          A 287              7        265.605         (38.961, 49.225, -5.999)
                                                                                    (39.437, 54.554, 10.598)

             30          A 287          A 292              6        222.886         (39.437, 54.554, 10.598)
                                                                                    (38.436, 55.173, -4.547)

             31          A 292          A 300              9        351.016         (38.436, 55.173, -4.547)
                                                                                    (44.81, 64.7, -0.556)

             32          A 300          A 328             29        1191.97         (44.81, 64.7, -0.556)
                                                                                    (25.415, 70.852, 17.268)

             33          A 328          A 333              6        223.992         (25.415, 70.852, 17.268)
                                                                                    (38.754, 80.337, 16.531)

             34          A 333          A 342             10        374.586         (38.754, 80.337, 16.531)
                                                                                    (18.051, 68.025, 24.854)

             35          A 342          A 351             10        384.875         (18.051, 68.025, 24.854)
                                                                                    (13.426, 81.392, 22.629)

             36          A 351          A 366             16        618.929         (13.426, 81.392, 22.629)
                                                                                    (49.346, 73.039, 24.219)

             37          A 366          A 381             16        610.233         (49.346, 73.039, 24.219)
                                                                                    (49.611, 58.593, 8.887)

             38          A 381          A 390             10        391.842         (49.611, 58.593, 8.887)
                                                                                    (58.444, 76.347, 13.255)

             39          A 390          A 401             12        470.208         (58.444, 76.347, 13.255)
                                                                                    (59.673, 63.885, 25.795)

             40          A 401          A 413             13        500.574         (59.673, 63.885, 25.795)
                                                                                    (56.514, 46.719, 18.126)

             41          A 413          A 421              9        342.225         (56.514, 46.719, 18.126)
                                                                                    (63.051, 64.155, 12.286)

             42          A 421          A 427              7        264.763         (63.051, 64.155, 12.286)
                                                                                    (51.507, 49.36, 7.302)

             43          A 427          A 444             18        716.159         (51.507, 49.36, 7.302)
                                                                                    (44.027, 60.542, 30.131)

