Using structure file: /home/pkas7/Research/SCOP/pdbstyle-1.75B/on/d1on2a1.ent
Number of residues: 61
Doing a BEZIER segmentation ...

Bounding box volume: 13415.2
Null Model Fit: 2616.54 bits.
Bits per residue: 43.6089

Bezier model fit: 2470.81 bits.
Bits per residue: 41.1801

# of segments: 6
Internal segmentation:
0-->1-->18-->33-->48-->55-->60

CPU time used: 0.43 secs.
Wall clock time elapsed: 0 secs.

        SEGMENT          START            END   NUM_RESIDUES MESSAGE_LENGTH                    END_POINTS        INTERMEDIATE_CONTROL_POINTS
              1            A 2            A 3              2         46.646         (1.643, 0.35, 131.273)
                                                                                    (4.354, 2.983, 130.832)

              2            A 3           A 20             18          679.8         (4.354, 2.983, 130.832)
                                                                                    (7.852, -3.228, 155.252)

              3           A 20           A 35             16        637.174         (7.852, -3.228, 155.252)
                                                                                    (6.337, 15.26, 145.987)

              4           A 35           A 50             16        602.435         (6.337, 15.26, 145.987)
                                                                                    (-6.558, -2.094, 138.528)

              5           A 50           A 57              8        292.118         (-6.558, -2.094, 138.528)
                                                                                    (-6.098, 0.092, 157.389)

              6           A 57           A 62              6        212.635         (-6.098, 0.092, 157.389)
                                                                                    (-1.579, -4.597, 145.022)

