Using structure file: /home/pkas7/Research/SCOP/pdbstyle-1.75B/p5/d1p5dx1.ent
Number of residues: 145
Doing a BEZIER segmentation ...

Bounding box volume: 34991.8
Null Model Fit: 6478.86 bits.
Bits per residue: 44.9921

Bezier model fit: 5967.56 bits.
Bits per residue: 41.4414

# of segments: 15
Internal segmentation:
0-->7-->15-->38-->39-->49-->67-->76-->77-->89-->102-->113-->119-->130-->136-->144

CPU time used: 1.37 secs.
Wall clock time elapsed: 1 secs.

        SEGMENT          START            END   NUM_RESIDUES MESSAGE_LENGTH                    END_POINTS        INTERMEDIATE_CONTROL_POINTS
              1            X 9           X 16              8        306.194         (-49.953, 7.961, 8.981)
                                                                                    (-42.698, -6.603, 11.755)

              2           X 16           X 24              9        335.786         (-42.698, -6.603, 11.755)
                                                                                    (-61.683, 4.624, 12.727)

              3           X 24           X 47             24        926.964         (-61.683, 4.624, 12.727)
                                                                                    (-40.28, -4.646, -11.985)

              4           X 47           X 48              2        48.0292         (-40.28, -4.646, -11.985)
                                                                                    (-43.796, -5.939, -11.251)

              5           X 48           X 58             11        404.267         (-43.796, -5.939, -11.251)
                                                                                    (-64.694, -7.783, 7.907)

              6           X 58           X 76             19        726.953         (-64.694, -7.783, 7.907)
                                                                                    (-49.822, 2.657, -12.992)

              7           X 76           X 85             10        385.493         (-49.822, 2.657, -12.992)
                                                                                    (-61.361, -14.537, -0.214)

              8           X 85           X 86              2        48.0292         (-61.361, -14.537, -0.214)
                                                                                    (-59.262, -16.296, 2.426)

              9           X 86           X 98             13        495.914         (-59.262, -16.296, 2.426)
                                                                                    (-49.556, -12.816, -14.3)

             10           X 98          X 112             14        538.718         (-49.556, -12.816, -14.3)
                                                                                    (-64.218, -6.737, 14.358)

             11          X 112          X 123             12        444.718         (-64.218, -6.737, 14.358)
                                                                                    (-42.632, -13.063, -4.925)

             12          X 123          X 129              7         265.38         (-42.632, -13.063, -4.925)
                                                                                    (-37.445, -2.826, 7.343)

             13          X 129          X 140             12        452.833         (-37.445, -2.826, 7.343)
                                                                                    (-40.915, 11.156, 1.43)

             14          X 140          X 146              7        253.846         (-40.915, 11.156, 1.43)
                                                                                    (-49.494, 6.513, -13.508)

             15          X 146          X 154              9         334.43         (-49.494, 6.513, -13.508)
                                                                                    (-62.93, -15.02, -9.946)

