Using structure file: /home/pkas7/Research/SCOP/pdbstyle-1.75B/p6/d1p6qa_.ent
Number of residues: 129
Doing a BEZIER segmentation ...

Bounding box volume: 33577
Null Model Fit: 5751.36 bits.
Bits per residue: 44.9325

Bezier model fit: 5326.23 bits.
Bits per residue: 41.6112

# of segments: 13
Internal segmentation:
0-->4-->14-->29-->38-->50-->58-->74-->77-->90-->91-->102-->112-->128

CPU time used: 1.19 secs.
Wall clock time elapsed: 1 secs.

        SEGMENT          START            END   NUM_RESIDUES MESSAGE_LENGTH                    END_POINTS        INTERMEDIATE_CONTROL_POINTS
              1            A 1            A 5              5        182.072         (13.322, 17.527, 8.525)
                                                                                    (4.872, 13.287, 9.763)

              2            A 5           A 15             11        404.656         (4.872, 13.287, 9.763)
                                                                                    (-11.849, 0.891, -9.998)

              3           A 15           A 30             16        608.061         (-11.849, 0.891, -9.998)
                                                                                    (-7.807, 6.861, 10.213)

              4           A 30           A 39             10        373.126         (-7.807, 6.861, 10.213)
                                                                                    (-2.672, 4.09, -11.165)

              5           A 39           A 51             13        494.799         (-2.672, 4.09, -11.165)
                                                                                    (5.752, 11.66, 1.704)

              6           A 51           A 59              9        337.162         (5.752, 11.66, 1.704)
                                                                                    (-5.36, -5.685, -9.54)

              7           A 59           A 75             17        657.284         (-5.36, -5.685, -9.54)
                                                                                    (15.294, 2.514, -7.031)

              8           A 75           A 78              4        140.084         (15.294, 2.514, -7.031)
                                                                                    (12.466, 7.171, 0.017)

              9           A 78           A 91             14        551.048         (12.466, 7.171, 0.017)
                                                                                    (-3.55, -14.308, -0.533)

             10           A 91           A 92              2        47.9696         (-3.55, -14.308, -0.533)
                                                                                    (-0.501, -16.499, -0.056)

             11           A 92          A 103             12        452.545         (-0.501, -16.499, -0.056)
                                                                                    (13.137, -6.397, -1.634)

             12          A 103          A 113             11        413.567         (13.137, -6.397, -1.634)
                                                                                    (-12.869, -8.309, 6.797)

             13          A 113          A 129             17        663.855         (-12.869, -8.309, 6.797)
                                                                                    (11.153, -6.002, 14.902)

