Using structure file: /home/pkas7/Research/SCOP/pdbstyle-1.75B/p9/d1p9oa_.ent
Number of residues: 269
Doing a BEZIER segmentation ...

Bounding box volume: 113044
Null Model Fit: 12511.3 bits.
Bits per residue: 46.6839

Bezier model fit: 11173.5 bits.
Bits per residue: 41.6923

# of segments: 24
Internal segmentation:
0-->16-->26-->32-->46-->59-->66-->86-->94-->104-->122-->132-->150-->159-->168-->169-->178-->189-->202-->217-->228-->233-->245-->246-->268

CPU time used: 2.73 secs.
Wall clock time elapsed: 2 secs.

        SEGMENT          START            END   NUM_RESIDUES MESSAGE_LENGTH                    END_POINTS        INTERMEDIATE_CONTROL_POINTS
              1           A 18           A 34             17        645.479         (22.595, 27.467, -11.867)
                                                                                    (26.046, 37.464, 10.28)

              2           A 34           A 44             11        410.685         (26.046, 37.464, 10.28)
                                                                                    (0.206, 30.629, -6.456)

              3           A 44           A 50              7        260.914         (0.206, 30.629, -6.456)
                                                                                    (-2.472, 18.51, -20.845)

              4           A 50           A 64             15        591.478         (-2.472, 18.51, -20.845)
                                                                                    (0.425, 41.261, -2.417)

              5           A 64           A 77             14        533.117         (0.425, 41.261, -2.417)
                                                                                    (17.659, 44.19, 8.044)

              6           A 77           A 84              8         307.14         (17.659, 44.19, 8.044)
                                                                                    (7.428, 34.205, -6.551)

              7           A 84          A 104             21        838.696         (7.428, 34.205, -6.551)
                                                                                    (2.689, 60.021, -14.509)

              8          A 104          A 113              9        354.599         (2.689, 60.021, -14.509)
                                                                                    (24.059, 63.154, -21.649)

              9          A 113          A 123             11        416.507         (24.059, 63.154, -21.649)
                                                                                    (0.815, 63.042, -5.672)

             10          A 123          A 141             19        725.198         (0.815, 63.042, -5.672)
                                                                                    (23.854, 45.555, -0.741)

             11          A 141          A 151             11        402.658         (23.854, 45.555, -0.741)
                                                                                    (4.094, 25.712, -12.308)

             12          A 151          A 169             19        726.224         (4.094, 25.712, -12.308)
                                                                                    (22.777, 29.263, 8.072)

             13          A 169          A 178             10        386.372         (22.777, 29.263, 8.072)
                                                                                    (3.101, 32.502, 1.849)

             14          A 178          A 187             10        387.873         (3.101, 32.502, 1.849)
                                                                                    (0.586, 12.895, -13.744)

             15          A 187          A 202              2        49.7209         (0.586, 12.895, -13.744)
                                                                                    (-17.058, 17.917, -22.187)

             16          A 202          A 211             10        379.328         (-17.058, 17.917, -22.187)
                                                                                    (-0.814, 15.073, 1.141)

             17          A 211          A 222             12        469.917         (-0.814, 15.073, 1.141)
                                                                                    (17.074, 22.877, 6.181)

             18          A 222          A 235             14        549.018         (17.074, 22.877, 6.181)
                                                                                    (-11.996, 29.629, 11.795)

             19          A 235          A 250             16        610.045         (-11.996, 29.629, 11.795)
                                                                                    (6.262, 18.276, 10.579)

             20          A 250          A 267             12        464.902         (6.262, 18.276, 10.579)
                                                                                    (-4.042, 37.777, 11.845)

             21          A 267          A 272              6        218.278         (-4.042, 37.777, 11.845)
                                                                                    (2.999, 24.817, 19.839)

             22          A 272          A 284             13        502.214         (2.999, 24.817, 19.839)
                                                                                    (-2.093, 53.098, 12.292)

             23          A 284          A 285              2        49.7209         (-2.093, 53.098, 12.292)
                                                                                    (-4.47, 52.362, 9.398)

             24          A 285          A 307             23         893.45         (-4.47, 52.362, 9.398)
                                                                                    (18.276, 31.738, 17.377)

