Using structure file: /home/pkas7/Research/SCOP/pdbstyle-1.75B/pf/d1pfsa_.ent
Number of residues: 78
Doing a BEZIER segmentation ...

Bounding box volume: 34546.1
Null Model Fit: 3462.97 bits.
Bits per residue: 44.9736

Bezier model fit: 3288.59 bits.
Bits per residue: 42.709

# of segments: 9
Internal segmentation:
0-->7-->14-->40-->43-->49-->55-->63-->76-->77

CPU time used: 0.6 secs.
Wall clock time elapsed: 0 secs.

        SEGMENT          START            END   NUM_RESIDUES MESSAGE_LENGTH                    END_POINTS        INTERMEDIATE_CONTROL_POINTS
              1            A 1            A 8              8        304.047         (4.324, 19.646, 0.505)
                                                                                    (9.569, 7.58, 18.582)

              2            A 8           A 15              8        293.885         (9.569, 7.58, 18.582)
                                                                                    (12.912, -10.688, 8.431)

              3           A 15           A 41             27        1093.87         (12.912, -10.688, 8.431)
                                                                                    (5.029, 2.979, 11.183)

              4           A 41           A 44              4        140.207         (5.029, 2.979, 11.183)
                                                                                    (13.134, 3.546, 7.183)

              5           A 44           A 50              7        261.458         (13.134, 3.546, 7.183)
                                                                                    (12.663, 10.486, 18.398)

              6           A 50           A 56              7        261.973         (12.663, 10.486, 18.398)
                                                                                    (8.759, 17.063, 2.75)

              7           A 56           A 64              9        339.485         (8.759, 17.063, 2.75)
                                                                                    (0.581, 1.651, -10.827)

              8           A 64           A 77             14        545.657         (0.581, 1.651, -10.827)
                                                                                    (13.187, 19.278, 13.101)

              9           A 77           A 78              2        48.0107         (13.187, 19.278, 13.101)
                                                                                    (10.082, 20.859, 14.617)

