Using structure file: /home/pkas7/Research/SCOP/pdbstyle-1.75B/pp/d1ppjc2.ent
Number of residues: 246
Doing a BEZIER segmentation ...

Bounding box volume: 102305
Null Model Fit: 11402.3 bits.
Bits per residue: 46.5399

Bezier model fit: 9972.59 bits.
Bits per residue: 40.7044

# of segments: 16
Internal segmentation:
0-->12-->38-->44-->61-->87-->95-->120-->121-->139-->157-->186-->194-->199-->206-->231-->245

CPU time used: 2.44 secs.
Wall clock time elapsed: 2 secs.

        SEGMENT          START            END   NUM_RESIDUES MESSAGE_LENGTH                    END_POINTS        INTERMEDIATE_CONTROL_POINTS
              1           C 15           C 27             13        511.404         (52.013, 103.292, 92.189)
                                                                                    (66.761, 110.475, 80.821)

              2           C 27           C 53             27         1030.6         (66.761, 110.475, 80.821)
                                                                                    (35.139, 89.27, 65.896)

              3           C 53           C 59              7        262.884         (35.139, 89.27, 65.896)
                                                                                    (41.289, 78.944, 53.699)

              4           C 59           C 76             18        705.655         (41.289, 78.944, 53.699)
                                                                                    (36.228, 98.029, 59.781)

              5           C 76          C 102             27        1029.36         (36.228, 98.029, 59.781)
                                                                                    (72.981, 99.021, 73.138)

              6          C 102          C 110              9        346.126         (72.981, 99.021, 73.138)
                                                                                    (71.083, 91.17, 82.477)

              7          C 110          C 135             26        971.555         (71.083, 91.17, 82.477)
                                                                                    (45.904, 84.348, 53.178)

              8          C 135          C 136              2        49.5769         (45.904, 84.348, 53.178)
                                                                                    (47.322, 86.522, 50.405)

              9          C 136          C 154             19         720.86         (47.322, 86.522, 50.405)
                                                                                    (69.349, 67.661, 61.392)

             10          C 154          C 172             19        749.331         (69.349, 67.661, 61.392)
                                                                                    (43.83, 74.512, 56.011)

             11          C 172          C 201             30        1155.99         (43.83, 74.512, 56.011)
                                                                                    (62.207, 98.142, 88.956)

             12          C 201          C 209              9        338.015         (62.207, 98.142, 88.956)
                                                                                    (75.788, 109.213, 81.261)

             13          C 209          C 214              6        225.985         (75.788, 109.213, 81.261)
                                                                                    (70.868, 107.636, 92.847)

             14          C 214          C 221              8        300.174         (70.868, 107.636, 92.847)
                                                                                    (54.935, 111.543, 88.373)

             15          C 221          C 246             26        982.225         (54.935, 111.543, 88.373)
                                                                                    (49.018, 106.448, 53.357)

             16          C 246          C 260             15        592.856         (49.018, 106.448, 53.357)
                                                                                    (48.163, 80.598, 44.997)

