Using structure file: /home/pkas7/Research/SCOP/pdbstyle-1.75B/py/d1pyfa_.ent
Number of residues: 311
Doing a BEZIER segmentation ...

Bounding box volume: 106412
Null Model Fit: 14445 bits.
Bits per residue: 46.5967

Bezier model fit: 13039.8 bits.
Bits per residue: 42.064

# of segments: 29
Internal segmentation:
0-->3-->28-->33-->46-->56-->57-->71-->75-->88-->97-->113-->119-->127-->129-->145-->156-->168-->180-->194-->213-->214-->222-->234-->252-->256-->270-->280-->296-->310

CPU time used: 3.15 secs.
Wall clock time elapsed: 3 secs.

        SEGMENT          START            END   NUM_RESIDUES MESSAGE_LENGTH                    END_POINTS        INTERMEDIATE_CONTROL_POINTS
              1            A 2            A 5              4        145.076         (24.498, 41.396, 21.308)
                                                                                    (23.751, 31.452, 24.843)

              2            A 5           A 30             26        1055.07         (23.751, 31.452, 24.843)
                                                                                    (-10.735, 39.555, 17.964)

              3           A 30           A 35              6        221.288         (-10.735, 39.555, 17.964)
                                                                                    (-0.664, 41.763, 7.294)

              4           A 35           A 48             14        531.579         (-0.664, 41.763, 7.294)
                                                                                    (17.958, 42.328, 14.983)

              5           A 48           A 58             11         426.05         (17.958, 42.328, 14.983)
                                                                                    (-1.702, 30.581, 18.487)

              6           A 58           A 59              2        49.6337         (-1.702, 30.581, 18.487)
                                                                                    (-4.423, 30.678, 15.874)

              7           A 59           A 73             15        560.491         (-4.423, 30.678, 15.874)
                                                                                    (12.013, 36.625, 2.685)

              8           A 73           A 77              5        184.906         (12.013, 36.625, 2.685)
                                                                                    (19.834, 30.172, 9.523)

              9           A 77           A 90             14          542.9         (19.834, 30.172, 9.523)
                                                                                    (-11.508, 16.97, 21.653)

             10           A 90           A 99             10        399.548         (-11.508, 16.97, 21.653)
                                                                                    (2.404, 10.968, 24.285)

             11           A 99          A 115             17        646.761         (2.404, 10.968, 24.285)
                                                                                    (7.462, 25.457, 5.539)

             12          A 115          A 121              7        266.979         (7.462, 25.457, 5.539)
                                                                                    (13.662, 24.948, 19.966)

             13          A 121          A 129              9        344.015         (13.662, 24.948, 19.966)
                                                                                    (-1.713, 13.839, 33.185)

             14          A 129          A 131              3        97.2304         (-1.713, 13.839, 33.185)
                                                                                    (2.501, 10.363, 30.124)

             15          A 131          A 147             17        657.506         (2.501, 10.363, 30.124)
                                                                                    (17.922, 17.092, 12.964)

             16          A 147          A 158             12        471.486         (17.922, 17.092, 12.964)
                                                                                    (5.708, 21.834, 38.196)

             17          A 158          A 170             13        512.116         (5.708, 21.834, 38.196)
                                                                                    (17.721, 16.542, 27.911)

             18          A 170          A 182             13        507.745         (17.721, 16.542, 27.911)
                                                                                    (5.233, 36.829, 41.715)

             19          A 182          A 196             15        590.946         (5.233, 36.829, 41.715)
                                                                                    (21.609, 22.306, 35.527)

             20          A 196          A 215             20        795.517         (21.609, 22.306, 35.527)
                                                                                    (-1.865, 53.002, 35.144)

             21          A 215          A 216              2        49.6337         (-1.865, 53.002, 35.144)
                                                                                    (-2.664, 55.17, 38.193)

             22          A 216          A 224              9        339.841         (-2.664, 55.17, 38.193)
                                                                                    (-15.483, 41.884, 31.145)

             23          A 224          A 236             13        521.323         (-15.483, 41.884, 31.145)
                                                                                    (-5.314, 48.231, 48.391)

             24          A 236          A 254             19        717.265         (-5.314, 48.231, 48.391)
                                                                                    (18.676, 58.192, 34.839)

             25          A 254          A 258              5        185.249         (18.676, 58.192, 34.839)
                                                                                    (11.036, 54.042, 30.392)

             26          A 258          A 272             15        577.867         (11.036, 54.042, 30.392)
                                                                                    (19.086, 32.386, 35.51)

             27          A 272          A 282             11        416.354         (19.086, 32.386, 35.51)
                                                                                    (2.46, 45.922, 15.902)

             28          A 282          A 298             17        655.113         (2.46, 45.922, 15.902)
                                                                                    (24.372, 49.181, 38.444)

             29          A 298          A 312             15        570.362         (24.372, 49.181, 38.444)
                                                                                    (5.224, 40.295, 51.255)

