Using structure file: /home/pkas7/Research/SCOP/pdbstyle-1.75B/q1/d1q1fa_.ent
Number of residues: 148
Doing a BEZIER segmentation ...

Bounding box volume: 37220.7
Null Model Fit: 6626.93 bits.
Bits per residue: 45.0812

Bezier model fit: 5993.93 bits.
Bits per residue: 40.775

# of segments: 14
Internal segmentation:
0-->16-->17-->32-->42-->48-->56-->77-->80-->97-->99-->119-->123-->146-->147

CPU time used: 1.31 secs.
Wall clock time elapsed: 1 secs.

        SEGMENT          START            END   NUM_RESIDUES MESSAGE_LENGTH                    END_POINTS        INTERMEDIATE_CONTROL_POINTS
              1            A 3           A 19             17        654.237         (26.378, 29.822, 43.359)
                                                                                    (27.479, 45.036, 22.595)

              2           A 19           A 20              2        48.1182         (27.479, 45.036, 22.595)
                                                                                    (25.62, 46.769, 25.414)

              3           A 20           A 35             16        599.649         (25.62, 46.769, 25.414)
                                                                                    (4.557, 49.914, 28.848)

              4           A 35           A 45             11        416.036         (4.557, 49.914, 28.848)
                                                                                    (16.124, 69.169, 28.237)

              5           A 45           A 51              7        258.748         (16.124, 69.169, 28.237)
                                                                                    (7.199, 58.023, 20.275)

              6           A 51           A 59              9        339.009         (7.199, 58.023, 20.275)
                                                                                    (22.078, 60.701, 23.038)

              7           A 59           A 80             22        823.573         (22.078, 60.701, 23.038)
                                                                                    (27.854, 35.794, 44.055)

              8           A 80           A 83              4         140.53         (27.854, 35.794, 44.055)
                                                                                    (26.527, 43.357, 49.288)

              9           A 83          A 100             18        686.779         (26.527, 43.357, 49.288)
                                                                                    (8.918, 59.358, 38.819)

             10          A 100          A 102              3        94.1994         (8.918, 59.358, 38.819)
                                                                                    (7.008, 53.503, 39.95)

             11          A 102          A 122             21        791.805         (7.008, 53.503, 39.95)
                                                                                    (17.907, 31.637, 21.431)

             12          A 122          A 126              5        183.468         (17.907, 31.637, 21.431)
                                                                                    (17.495, 27.554, 28.865)

             13          A 126          A 149             24        909.656         (17.495, 27.554, 28.865)
                                                                                    (11.811, 53.649, 51.255)

             14          A 149          A 150              2        48.1182         (11.811, 53.649, 51.255)
                                                                                    (9.869, 50.504, 51.906)

