Using structure file: /home/pkas7/Research/SCOP/pdbstyle-1.75B/qj/d1qjpa_.ent
Number of residues: 137
Doing a BEZIER segmentation ...

Bounding box volume: 51470
Null Model Fit: 6194.64 bits.
Bits per residue: 45.5488

Bezier model fit: 5750.46 bits.
Bits per residue: 42.2828

# of segments: 17
Internal segmentation:
0-->5-->17-->26-->32-->41-->49-->50-->58-->67-->79-->89-->99-->104-->111-->125-->126-->136

CPU time used: 1.28 secs.
Wall clock time elapsed: 1 secs.

        SEGMENT          START            END   NUM_RESIDUES MESSAGE_LENGTH                    END_POINTS        INTERMEDIATE_CONTROL_POINTS
              1            A 1            A 6              6        228.343         (40.437, 10.616, 39.731)
                                                                                    (45.015, 19.031, 42.977)

              2            A 6           A 31             13        510.124         (45.015, 19.031, 42.977)
                                                                                    (7.247, 19.708, 22.939)

              3           A 31           A 40             10         377.95         (7.247, 19.708, 22.939)
                                                                                    (32.945, 23.413, 36.412)

              4           A 40           A 46              7        263.636         (32.945, 23.413, 36.412)
                                                                                    (41.774, 11.639, 47.465)

              5           A 46           A 55             10        378.402         (41.774, 11.639, 47.465)
                                                                                    (27.69, 26.892, 36.358)

              6           A 55           A 63              9        336.359         (27.69, 26.892, 36.358)
                                                                                    (9.676, 23.906, 17.93)

              7           A 63           A 71              2        48.5859         (9.676, 23.906, 17.93)
                                                                                    (13.401, 33.289, 25.856)

              8           A 71           A 79              9        322.806         (13.401, 33.289, 25.856)
                                                                                    (28.531, 23.548, 44.938)

              9           A 79           A 88             10        384.238         (28.531, 23.548, 44.938)
                                                                                    (38.669, 0.464, 36.104)

             10           A 88          A 100             13        496.458         (38.669, 0.464, 36.104)
                                                                                    (22.268, 24.995, 43.502)

             11          A 100          A 110             11         416.05         (22.268, 24.995, 43.502)
                                                                                    (1.504, 39.57, 26.834)

             12          A 110          A 120             11        415.675         (1.504, 39.57, 26.834)
                                                                                    (17.591, 23.608, 45.705)

             13          A 120          A 125              6        214.958         (17.591, 23.608, 45.705)
                                                                                    (25.481, 10.407, 38.802)

             14          A 125          A 132              8        300.789         (25.481, 10.407, 38.802)
                                                                                    (45.325, 11.042, 29.711)

             15          A 132          A 160             15        578.474         (45.325, 11.042, 29.711)
                                                                                    (16.909, 16.143, 34.962)

             16          A 160          A 161              2        48.5859         (16.909, 16.143, 34.962)
                                                                                    (19.821, 17.201, 32.758)

             17          A 161          A 171             11        429.032         (19.821, 17.201, 32.758)
                                                                                    (48.092, 18.04, 38.627)

