Using structure file: /home/pkas7/Research/SCOP/pdbstyle-1.75B/qm/d1qmga1.ent
Number of residues: 288
Doing a BEZIER segmentation ...

Bounding box volume: 126039
Null Model Fit: 13443.3 bits.
Bits per residue: 46.8409

Bezier model fit: 11787.8 bits.
Bits per residue: 41.0724

# of segments: 19
Internal segmentation:
0-->29-->36-->57-->69-->85-->101-->116-->134-->145-->154-->175-->177-->199-->211-->238-->245-->264-->285-->287

CPU time used: 2.89 secs.
Wall clock time elapsed: 2 secs.

        SEGMENT          START            END   NUM_RESIDUES MESSAGE_LENGTH                    END_POINTS        INTERMEDIATE_CONTROL_POINTS
              1          A 308          A 337             30        1154.77         (20.898, 9.613, 19.042)
                                                                                    (54.985, -7.765, 6.701)

              2          A 337          A 344              8        313.865         (54.985, -7.765, 6.701)
                                                                                    (58.88, -4.887, -3.391)

              3          A 344          A 365             22         842.47         (58.88, -4.887, -3.391)
                                                                                    (29.87, -2.37, -3.238)

              4          A 365          A 377             13        513.314         (29.87, -2.37, -3.238)
                                                                                    (41.19, -19.007, -7.1)

              5          A 377          A 393             17        643.249         (41.19, -19.007, -7.1)
                                                                                    (39.401, -12.701, 17.006)

              6          A 393          A 409             17        644.292         (39.401, -12.701, 17.006)
                                                                                    (31.531, 7.668, 27.994)

              7          A 409          A 424             16        613.409         (31.531, 7.668, 27.994)
                                                                                    (47.588, 26.453, 24.879)

              8          A 424          A 442             19        754.284         (47.588, 26.453, 24.879)
                                                                                    (52.525, 6.634, 1.912)

              9          A 442          A 453             12        461.092         (52.525, 6.634, 1.912)
                                                                                    (47.062, 4.67, -15.24)

             10          A 453          A 462             10        376.818         (47.062, 4.67, -15.24)
                                                                                    (44.021, -13.167, -1.122)

             11          A 462          A 483             22        830.375         (44.021, -13.167, -1.122)
                                                                                    (22.032, -4.312, 19.696)

             12          A 483          A 485              3        97.7188         (22.032, -4.312, 19.696)
                                                                                    (19.758, -2.639, 13.44)

             13          A 485          A 507             23        883.509         (19.758, -2.639, 13.44)
                                                                                    (42.712, 8.618, -5.027)

             14          A 507          A 519             13        514.134         (42.712, 8.618, -5.027)
                                                                                    (37.664, 16.016, 14.073)

             15          A 519          A 546             28         1076.5         (37.664, 16.016, 14.073)
                                                                                    (53.498, -20.618, 13.703)

             16          A 546          A 553              8        300.626         (53.498, -20.618, 13.703)
                                                                                    (34.078, -22.76, 11.786)

             17          A 553          A 572             20        771.313         (34.078, -22.76, 11.786)
                                                                                    (19.229, -2.59, -4.585)

             18          A 572          A 593             22         898.31         (19.229, -2.59, -4.585)
                                                                                    (43.628, 20.424, -1.815)

             19          A 593          A 595              3        97.7188         (43.628, 20.424, -1.815)
                                                                                    (47.33, 19.989, -7.735)

