Using structure file: /home/pkas7/Research/SCOP/pdbstyle-1.75B/qm/d1qmha1.ent
Number of residues: 95
Doing a BEZIER segmentation ...

Bounding box volume: 32263.4
Null Model Fit: 4218.25 bits.
Bits per residue: 44.875

Bezier model fit: 3860.06 bits.
Bits per residue: 41.0645

# of segments: 12
Internal segmentation:
0-->4-->15-->17-->32-->33-->44-->47-->59-->71-->74-->93-->94

CPU time used: 0.79 secs.
Wall clock time elapsed: 0 secs.

        SEGMENT          START            END   NUM_RESIDUES MESSAGE_LENGTH                    END_POINTS        INTERMEDIATE_CONTROL_POINTS
              1          A 185          A 189              5        181.197         (38.595, 132.874, 39.116)
                                                                                    (43.87, 138.161, 30.936)

              2          A 189          A 200             12         440.66         (43.87, 138.161, 30.936)
                                                                                    (66.953, 120.81, 13.113)

              3          A 200          A 202              3         93.787         (66.953, 120.81, 13.113)
                                                                                    (63.32, 124.802, 9.161)

              4          A 202          A 217             16         610.45         (63.32, 124.802, 9.161)
                                                                                    (45.215, 135.841, 19.638)

              5          A 217          A 218              2         47.912         (45.215, 135.841, 19.638)
                                                                                    (46.859, 139.107, 20.437)

              6          A 218          A 229             12        449.067         (46.859, 139.107, 20.437)
                                                                                    (70.549, 120.514, 15.502)

              7          A 229          A 232              4        139.911         (70.549, 120.514, 15.502)
                                                                                    (66.629, 117.477, 16.555)

              8          A 232          A 244             13        481.625         (66.629, 117.477, 16.555)
                                                                                    (45.562, 138.121, 37.163)

              9          A 244          A 256             13        475.833         (45.562, 138.121, 37.163)
                                                                                    (56.762, 113.735, 12.16)

             10          A 256          A 259              4        139.911         (56.762, 113.735, 12.16)
                                                                                    (52.15, 119.963, 9.359)

             11          A 259          A 278             20        751.798         (52.15, 119.963, 9.359)
                                                                                    (36.086, 130.535, 33.847)

             12          A 278          A 279              2         47.912         (36.086, 130.535, 33.847)
                                                                                    (38.21, 127.728, 35.428)

