Using structure file: /home/pkas7/Research/SCOP/pdbstyle-1.75B/qs/d1qsaa1.ent
Number of residues: 450
Doing a BEZIER segmentation ...

Bounding box volume: 248928
Null Model Fit: 21472.4 bits.
Bits per residue: 47.8227

Bezier model fit: 18785.2 bits.
Bits per residue: 41.838

# of segments: 42
Internal segmentation:
0-->1-->19-->20-->33-->50-->53-->66-->85-->95-->100-->115-->116-->131-->135-->149-->167-->168-->181-->196-->205-->210-->228-->244-->246-->263-->267-->282-->283-->299-->311-->317-->332-->333-->348-->359-->373-->381-->395-->411-->426-->439-->449

CPU time used: 4.7 secs.
Wall clock time elapsed: 5 secs.

        SEGMENT          START            END   NUM_RESIDUES MESSAGE_LENGTH                    END_POINTS        INTERMEDIATE_CONTROL_POINTS
              1            A 1            A 2              2        50.8598         (-13.204, 78.8, 72.674)
                                                                                    (-13.721, 75.643, 70.61)

              2            A 2           A 20             19        720.664         (-13.721, 75.643, 70.61)
                                                                                    (11.885, 81.202, 66.865)

              3           A 20           A 21              2        50.8598         (11.885, 81.202, 66.865)
                                                                                    (9.372, 83.995, 67.501)

              4           A 21           A 34             14         544.78         (9.372, 83.995, 67.501)
                                                                                    (-7.332, 72.489, 76.642)

              5           A 34           A 51             18        704.751         (-7.332, 72.489, 76.642)
                                                                                    (20.486, 70.41, 79.016)

              6           A 51           A 54              4        148.755         (20.486, 70.41, 79.016)
                                                                                    (15.886, 69.852, 86.479)

              7           A 54           A 67             14         540.46         (15.886, 69.852, 86.479)
                                                                                    (-0.022, 57.333, 77.362)

              8           A 67           A 86             20        779.228         (-0.022, 57.333, 77.362)
                                                                                    (27.85, 62.745, 84.705)

              9           A 86           A 96             11        434.345         (27.85, 62.745, 84.705)
                                                                                    (15.564, 53.644, 89.6)

             10           A 96          A 101              6        228.641         (15.564, 53.644, 89.6)
                                                                                    (16.523, 51.843, 75.216)

             11          A 101          A 116             16        608.407         (16.523, 51.843, 75.216)
                                                                                    (28.939, 51.361, 94.322)

             12          A 116          A 117              2        50.8598         (28.939, 51.361, 94.322)
                                                                                    (26.668, 48.691, 92.836)

             13          A 117          A 132             16        613.168         (26.668, 48.691, 92.836)
                                                                                    (27.096, 40.161, 67.763)

             14          A 132          A 136              5        185.944         (27.096, 40.161, 67.763)
                                                                                    (25.737, 52.163, 71.586)

             15          A 136          A 150             15        576.776         (25.737, 52.163, 71.586)
                                                                                    (38.423, 41.332, 86.809)

             16          A 150          A 168             19        753.576         (38.423, 41.332, 86.809)
                                                                                    (28.718, 39.264, 59.809)

             17          A 168          A 169              2        50.8598         (28.718, 39.264, 59.809)
                                                                                    (30.081, 42.027, 62.07)

             18          A 169          A 182             14        541.743         (30.081, 42.027, 62.07)
                                                                                    (45.894, 37.092, 77.377)

             19          A 182          A 197             16         623.42         (45.894, 37.092, 77.377)
                                                                                    (39.584, 37.873, 54.401)

             20          A 197          A 206             10        388.201         (39.584, 37.873, 54.401)
                                                                                    (45.199, 24.226, 60.134)

             21          A 206          A 211              6        228.771         (45.199, 24.226, 60.134)
                                                                                    (37.583, 23.397, 69.112)

             22          A 211          A 229             19        727.281         (37.583, 23.397, 69.112)
                                                                                    (33.296, 31.101, 44.637)

             23          A 229          A 245             17        669.632         (33.296, 31.101, 44.637)
                                                                                    (38.448, 16.633, 62.563)

             24          A 245          A 247              3        99.6825         (38.448, 16.633, 62.563)
                                                                                    (32.057, 15.138, 62.663)

             25          A 247          A 264             18        684.486         (32.057, 15.138, 62.663)
                                                                                    (22.232, 28.867, 39.518)

             26          A 264          A 268              5        187.868         (22.232, 28.867, 39.518)
                                                                                    (28.159, 22.08, 35.527)

             27          A 268          A 283             16        610.272         (28.159, 22.08, 35.527)
                                                                                    (18.438, 17.805, 57.179)

             28          A 283          A 284              2        50.8598         (18.438, 17.805, 57.179)
                                                                                    (17.854, 21.415, 56.083)

             29          A 284          A 300             17        660.738         (17.854, 21.415, 56.083)
                                                                                    (11.224, 19.242, 35.903)

             30          A 300          A 312             13        494.427         (11.224, 19.242, 35.903)
                                                                                    (10.038, 16.59, 56.176)

             31          A 312          A 318              7        268.818         (10.038, 16.59, 56.176)
                                                                                    (2.526, 24.418, 53.939)

             32          A 318          A 333             16        609.575         (2.526, 24.418, 53.939)
                                                                                    (-4.667, 10.71, 37.232)

             33          A 333          A 334              2        50.8598         (-4.667, 10.71, 37.232)
                                                                                    (-5.552, 10.647, 40.944)

             34          A 334          A 349             16        614.151         (-5.552, 10.647, 40.944)
                                                                                    (-7.42, 32.451, 53.092)

             35          A 349          A 360             12        469.334         (-7.42, 32.451, 53.092)
                                                                                    (-10.55, 23.507, 39.473)

             36          A 360          A 374             15        563.058         (-10.55, 23.507, 39.473)
                                                                                    (-21.5, 49.264, 67.9)

             37          A 374          A 382              9        349.974         (-21.5, 49.264, 67.9)
                                                                                    (-11.053, 59.214, 75.809)

             38          A 382          A 396             15        588.902         (-11.053, 59.214, 75.809)
                                                                                    (0.751, 63.562, 61.031)

             39          A 396          A 412             17        665.005         (0.751, 63.562, 61.031)
                                                                                    (-9.423, 42.296, 73.547)

             40          A 412          A 427             16        606.971         (-9.423, 42.296, 73.547)
                                                                                    (-11.283, 57.131, 56.74)

             41          A 427          A 440             14        547.531         (-11.283, 57.131, 56.74)
                                                                                    (-4.658, 39.443, 64.13)

             42          A 440          A 450             11        440.751         (-4.658, 39.443, 64.13)
                                                                                    (-10.006, 49.754, 52.656)

