Using structure file: /home/pkas7/Research/SCOP/pdbstyle-1.75B/qw/d1qw9a2.ent
Number of residues: 367
Doing a BEZIER segmentation ...

Bounding box volume: 141361
Null Model Fit: 17204.3 bits.
Bits per residue: 47.0064

Bezier model fit: 15266.1 bits.
Bits per residue: 41.7108

# of segments: 28
Internal segmentation:
0-->14-->29-->46-->59-->69-->83-->90-->101-->111-->135-->143-->151-->163-->168-->187-->201-->218-->234-->236-->265-->266-->282-->293-->306-->324-->345-->353-->366

CPU time used: 3.64 secs.
Wall clock time elapsed: 3 secs.

        SEGMENT          START            END   NUM_RESIDUES MESSAGE_LENGTH                    END_POINTS        INTERMEDIATE_CONTROL_POINTS
              1           A 18           A 32             15        583.613         (59.664, 22.874, 43.456)
                                                                                    (91.434, 22.761, 26.441)

              2           A 32           A 47             16        631.694         (91.434, 22.761, 26.441)
                                                                                    (80.158, 17.402, 11.92)

              3           A 47           A 64             18         710.36         (80.158, 17.402, 11.92)
                                                                                    (68.396, 17.381, 29.058)

              4           A 64           A 77             14        547.347         (68.396, 17.381, 29.058)
                                                                                    (88.525, 37.528, 33.054)

              5           A 77           A 87             11        426.083         (88.525, 37.528, 33.054)
                                                                                    (83.966, 38.102, 10.1)

              6           A 87          A 101             15        600.534         (83.966, 38.102, 10.1)
                                                                                    (96.953, 28.82, 25.357)

              7          A 101          A 108              8        313.384         (96.953, 28.82, 25.357)
                                                                                    (82.755, 33.244, 19.673)

              8          A 108          A 119             12        458.336         (82.755, 33.244, 19.673)
                                                                                    (71.117, 21.107, 22.239)

              9          A 119          A 129             11        414.126         (71.117, 21.107, 22.239)
                                                                                    (85.175, 42.004, 35.204)

             10          A 129          A 153             25        1008.73         (85.175, 42.004, 35.204)
                                                                                    (72.141, 45.839, 18.284)

             11          A 153          A 161              9        351.032         (72.141, 45.839, 18.284)
                                                                                    (71.837, 37.368, 13.885)

             12          A 161          A 169              9        335.683         (71.837, 37.368, 13.885)
                                                                                    (70.807, 35.046, 33.284)

             13          A 169          A 181             13        515.592         (70.807, 35.046, 33.284)
                                                                                    (92.813, 35.084, 38.481)

             14          A 181          A 186              6        222.153         (92.813, 35.084, 38.481)
                                                                                    (89.317, 42.257, 46.753)

             15          A 186          A 205             20        758.817         (89.317, 42.257, 46.753)
                                                                                    (67.412, 45.047, 29.66)

             16          A 205          A 219             15        576.926         (67.412, 45.047, 29.66)
                                                                                    (89.14, 26.894, 51.539)

             17          A 219          A 236             18        711.194         (89.14, 26.894, 51.539)
                                                                                    (69.62, 45.319, 45.646)

             18          A 236          A 252             17        658.129         (69.62, 45.319, 45.646)
                                                                                    (92.397, 6.467, 48.392)

             19          A 252          A 254              3        98.0498         (92.397, 6.467, 48.392)
                                                                                    (86.469, 5.682, 49.654)

             20          A 254          A 283             30        1133.08         (86.469, 5.682, 49.654)
                                                                                    (65.841, 45.224, 55.568)

             21          A 283          A 284              2        50.0434         (65.841, 45.224, 55.568)
                                                                                    (65.143, 43.83, 52.111)

             22          A 284          A 300             17        660.355         (65.143, 43.83, 52.111)
                                                                                    (92.767, 12.599, 38.06)

             23          A 300          A 311             12        476.517         (92.767, 12.599, 38.06)
                                                                                    (100.877, 28.622, 23.771)

             24          A 311          A 324             14        539.433         (100.877, 28.622, 23.771)
                                                                                    (82.662, 4.224, 39.549)

             25          A 324          A 342             19        716.389         (82.662, 4.224, 39.549)
                                                                                    (64.39, 25.77, 48.196)

             26          A 342          A 363             22        886.544         (64.39, 25.77, 48.196)
                                                                                    (89.826, 13.604, 17.284)

             27          A 363          A 371              9        345.604         (89.826, 13.604, 17.284)
                                                                                    (80.815, 6.926, 34.571)

             28          A 371          A 384             14        536.398         (80.815, 6.926, 34.571)
                                                                                    (61.751, 17.247, 37.786)

