Using structure file: /home/pkas7/Research/SCOP/pdbstyle-1.75B/r7/d1r7aa2.ent
Number of residues: 433
Doing a BEZIER segmentation ...

Bounding box volume: 142055
Null Model Fit: 20309.8 bits.
Bits per residue: 47.0134

Bezier model fit: 18192.1 bits.
Bits per residue: 42.1112

# of segments: 37
Internal segmentation:
0-->2-->16-->31-->51-->56-->62-->75-->86-->91-->105-->123-->133-->147-->155-->156-->166-->184-->202-->224-->235-->246-->263-->264-->278-->287-->305-->306-->326-->340-->355-->370-->378-->379-->399-->405-->416-->432

CPU time used: 4.68 secs.
Wall clock time elapsed: 6 secs.

        SEGMENT          START            END   NUM_RESIDUES MESSAGE_LENGTH                    END_POINTS        INTERMEDIATE_CONTROL_POINTS
              1            A 1            A 3              3        98.0639         (45.604, 73, 23.05)
                                                                                    (40.74, 76.093, 25.335)

              2            A 3           A 17             15        600.936         (40.74, 76.093, 25.335)
                                                                                    (47.628, 92.139, 2.963)

              3           A 17           A 32             16        635.027         (47.628, 92.139, 2.963)
                                                                                    (40.358, 88.972, 24.005)

              4           A 32           A 52             21        851.545         (40.358, 88.972, 24.005)
                                                                                    (48.608, 78.12, -0.581)

              5           A 52           A 57              6        223.176         (48.608, 78.12, -0.581)
                                                                                    (58.859, 75.708, -0.751)

              6           A 57           A 63              7        269.935         (58.859, 75.708, -0.751)
                                                                                    (58.188, 87.074, 1.036)

              7           A 63           A 76             14        534.658         (58.188, 87.074, 1.036)
                                                                                    (53.989, 86.589, 21.701)

              8           A 76           A 87             12        454.282         (53.989, 86.589, 21.701)
                                                                                    (50.146, 64.709, 0.915)

              9           A 87           A 92              6        225.416         (50.146, 64.709, 0.915)
                                                                                    (56.754, 73.796, -9.69)

             10           A 92          A 106             15        597.092         (56.754, 73.796, -9.69)
                                                                                    (66.532, 62.26, -10.66)

             11          A 106          A 124             19        768.184         (66.532, 62.26, -10.66)
                                                                                    (42.197, 46.435, -13.208)

             12          A 124          A 134             11        423.598         (42.197, 46.435, -13.208)
                                                                                    (35.827, 63.494, -3.524)

             13          A 134          A 148             15        593.343         (35.827, 63.494, -3.524)
                                                                                    (58.382, 60.169, -21.418)

             14          A 148          A 156              9        344.436         (58.382, 60.169, -21.418)
                                                                                    (43.48, 67.462, -5.9)

             15          A 156          A 157              2        50.0505         (43.48, 67.462, -5.9)
                                                                                    (44.486, 69.885, -8.664)

             16          A 157          A 167             11        420.127         (44.486, 69.885, -8.664)
                                                                                    (59.817, 57.082, 0.562)

             17          A 167          A 185             19        715.692         (59.817, 57.082, 0.562)
                                                                                    (56.993, 79.185, 17.596)

             18          A 185          A 203             19        756.827         (56.993, 79.185, 17.596)
                                                                                    (42.434, 49.603, -1.345)

             19          A 203          A 225             23        899.136         (42.434, 49.603, -1.345)
                                                                                    (59.1, 68.195, 18.753)

             20          A 225          A 236             12        461.466         (59.1, 68.195, 18.753)
                                                                                    (31.828, 59.112, 6.686)

             21          A 236          A 247             12        465.047         (31.828, 59.112, 6.686)
                                                                                    (45.303, 61.769, 17.603)

             22          A 247          A 264             18        688.435         (45.303, 61.769, 17.603)
                                                                                    (15.956, 75.076, 9.067)

             23          A 264          A 265              2        50.0505         (15.956, 75.076, 9.067)
                                                                                    (13.725, 72.264, 10.346)

             24          A 265          A 279             15        594.722         (13.725, 72.264, 10.346)
                                                                                    (34.779, 62.606, 19.621)

             25          A 279          A 288             10        393.628         (34.779, 62.606, 19.621)
                                                                                    (36.14, 76.704, 7.258)

             26          A 288          A 306             19        762.115         (36.14, 76.704, 7.258)
                                                                                    (26.079, 52.496, 6.217)

             27          A 306          A 307              2        50.0505         (26.079, 52.496, 6.217)
                                                                                    (23.781, 55.42, 7.021)

             28          A 307          A 327             21        815.989         (23.781, 55.42, 7.021)
                                                                                    (18.927, 82.576, -3.96)

             29          A 327          A 341             15        600.476         (18.927, 82.576, -3.96)
                                                                                    (38.018, 69.795, -5.916)

             30          A 341          A 357             16        632.419         (38.018, 69.795, -5.916)
                                                                                    (19.53, 85.359, 9.83)

             31          A 357          A 372             16        606.309         (19.53, 85.359, 9.83)
                                                                                    (33.389, 70.006, 24.048)

             32          A 372          A 380              9        344.176         (33.389, 70.006, 24.048)
                                                                                    (34.504, 85.513, 6.977)

             33          A 380          A 381              2        50.0505         (34.504, 85.513, 6.977)
                                                                                    (32.184, 84.222, 9.691)

             34          A 381          A 401             21        853.405         (32.184, 84.222, 9.691)
                                                                                    (32.507, 82.699, -2.697)

             35          A 401          A 407              7        262.929         (32.507, 82.699, -2.697)
                                                                                    (40.308, 95.598, 3.955)

             36          A 407          A 418             12        455.068         (40.308, 95.598, 3.955)
                                                                                    (24.918, 94.06, 15.993)

             37          A 418          A 434             17        644.198         (24.918, 94.06, 15.993)
                                                                                    (35.945, 79.323, 33.577)

