Using structure file: /home/pkas7/Research/SCOP/pdbstyle-1.75B/r8/d1r8ja2.ent
Number of residues: 129
Doing a BEZIER segmentation ...

Bounding box volume: 31720.8
Null Model Fit: 5740.86 bits.
Bits per residue: 44.8505

Bezier model fit: 5364.55 bits.
Bits per residue: 41.9105

# of segments: 16
Internal segmentation:
0-->11-->12-->25-->26-->35-->48-->49-->58-->72-->77-->83-->94-->102-->107-->122-->128

CPU time used: 1.18 secs.
Wall clock time elapsed: 1 secs.

        SEGMENT          START            END   NUM_RESIDUES MESSAGE_LENGTH                    END_POINTS        INTERMEDIATE_CONTROL_POINTS
              1            A 1           A 12             12        463.797         (0.193, -15.984, 7.013)
                                                                                    (15.266, -31.591, 32.522)

              2           A 12           A 13              2        47.8876         (15.266, -31.591, 32.522)
                                                                                    (11.844, -32.487, 33.945)

              3           A 13           A 26             14        527.258         (11.844, -32.487, 33.945)
                                                                                    (0.521, -26.387, 16.76)

              4           A 26           A 27              2        47.8876         (0.521, -26.387, 16.76)
                                                                                    (2.358, -26.746, 13.428)

              5           A 27           A 36             10        371.378         (2.358, -26.746, 13.428)
                                                                                    (21.5, -30.567, 29.461)

              6           A 36           A 49             14        531.417         (21.5, -30.567, 29.461)
                                                                                    (20.53, -17.375, 13.891)

              7           A 49           A 50              2        47.8876         (20.53, -17.375, 13.891)
                                                                                    (17.943, -20.16, 14.092)

              8           A 50           A 59             10        373.894         (17.943, -20.16, 14.092)
                                                                                    (15.689, -24.872, 38.533)

              9           A 59           A 73             15        584.408         (15.689, -24.872, 38.533)
                                                                                    (29.291, -16.513, 23.92)

             10           A 73           A 78              6         217.86         (29.291, -16.513, 23.92)
                                                                                    (13.944, -13.59, 23.172)

             11           A 78           A 84              7        264.279         (13.944, -13.59, 23.172)
                                                                                    (12.372, -20.327, 40.208)

             12           A 84          A 101             12        473.541         (12.372, -20.327, 40.208)
                                                                                    (15.992, -7.086, 30.322)

             13          A 101          A 109              9         333.04         (15.992, -7.086, 30.322)
                                                                                    (1.896, -24.265, 36.459)

             14          A 109          A 114              6        224.556         (1.896, -24.265, 36.459)
                                                                                    (2.811, -20.507, 26.224)

             15          A 114          A 129             16        600.128         (2.811, -20.507, 26.224)
                                                                                    (16.397, -4.413, 21.331)

             16          A 129          A 135              7         255.33         (16.397, -4.413, 21.331)
                                                                                    (25.563, -11.109, 33.315)

