Using structure file: /home/pkas7/Research/SCOP/pdbstyle-1.75B/ra/d1ra0a2.ent
Number of residues: 320
Doing a BEZIER segmentation ...

Bounding box volume: 104435
Null Model Fit: 14855.7 bits.
Bits per residue: 46.5696

Bezier model fit: 13290.8 bits.
Bits per residue: 41.6639

# of segments: 25
Internal segmentation:
0-->2-->17-->24-->39-->40-->59-->71-->89-->105-->120-->134-->152-->164-->181-->190-->199-->213-->219-->232-->249-->260-->286-->305-->314-->319

CPU time used: 3.3 secs.
Wall clock time elapsed: 3 secs.

        SEGMENT          START            END   NUM_RESIDUES MESSAGE_LENGTH                    END_POINTS        INTERMEDIATE_CONTROL_POINTS
              1           A 56           A 58              3        97.1763         (28.462, 30.449, 104.114)
                                                                                    (22.829, 27.738, 103.436)

              2           A 58           A 73             16        635.542         (22.829, 27.738, 103.436)
                                                                                    (-6.396, 36.85, 105.925)

              3           A 73           A 80              8        311.882         (-6.396, 36.85, 105.925)
                                                                                    (-1.449, 21.486, 110.786)

              4           A 80           A 95             16        611.066         (-1.449, 21.486, 110.786)
                                                                                    (-1.116, 38.01, 95.609)

              5           A 95           A 96              2        49.6067         (-1.116, 38.01, 95.609)
                                                                                    (0.388, 40.877, 93.645)

              6           A 96          A 115             20        767.061         (0.388, 40.877, 93.645)
                                                                                    (25.569, 34.897, 106.731)

              7          A 115          A 127             13        495.731         (25.569, 34.897, 106.731)
                                                                                    (-1.784, 29.048, 90.14)

              8          A 127          A 145             19        724.785         (-1.784, 29.048, 90.14)
                                                                                    (25.245, 40.018, 94.194)

              9          A 145          A 161             17        662.571         (25.245, 40.018, 94.194)
                                                                                    (-4.983, 16.622, 91.61)

             10          A 161          A 176             16        623.903         (-4.983, 16.622, 91.61)
                                                                                    (13.313, 29.372, 84.372)

             11          A 176          A 190             15        600.911         (13.313, 29.372, 84.372)
                                                                                    (-1.463, 6.719, 96.178)

             12          A 190          A 208             19        723.134         (-1.463, 6.719, 96.178)
                                                                                    (18.146, 19.246, 82.889)

             13          A 208          A 220             13        500.995         (18.146, 19.246, 82.889)
                                                                                    (1.13, 8.246, 108.04)

             14          A 220          A 237             18        682.933         (1.13, 8.246, 108.04)
                                                                                    (21.779, 7.816, 87.681)

             15          A 237          A 246             10        391.644         (21.779, 7.816, 87.681)
                                                                                    (10.649, 16.467, 105.08)

             16          A 246          A 255             10         387.84         (10.649, 16.467, 105.08)
                                                                                    (12.209, -0.495, 111.894)

             17          A 255          A 269             15        575.528         (12.209, -0.495, 111.894)
                                                                                    (22.771, 9.064, 96.583)

             18          A 269          A 275              7        257.145         (22.771, 9.064, 96.583)
                                                                                    (12.89, 21.279, 108.833)

             19          A 275          A 288             14        543.866         (12.89, 21.279, 108.833)
                                                                                    (-3.216, 13.067, 121.929)

             20          A 288          A 305             18        694.516         (-3.216, 13.067, 121.929)
                                                                                    (26.524, 8.296, 105.579)

             21          A 305          A 316             12        454.581         (26.524, 8.296, 105.579)
                                                                                    (6.197, 34.069, 109.724)

             22          A 316          A 342             27        1098.08         (6.197, 34.069, 109.724)
                                                                                    (26.656, 14.248, 122.474)

             23          A 342          A 361             20        782.206         (26.656, 14.248, 122.474)
                                                                                    (21.799, 22.328, 96.365)

             24          A 361          A 370             10        390.269         (21.799, 22.328, 96.365)
                                                                                    (42.111, 27.109, 96.994)

             25          A 370          A 375              6        227.821         (42.111, 27.109, 96.994)
                                                                                    (32.754, 33.305, 100.059)

