Using structure file: /home/pkas7/Research/SCOP/pdbstyle-1.75B/rj/d1rjja_.ent
Number of residues: 111
Doing a BEZIER segmentation ...

Bounding box volume: 43098.8
Null Model Fit: 4982.2 bits.
Bits per residue: 45.2927

Bezier model fit: 4564.77 bits.
Bits per residue: 41.4979

# of segments: 12
Internal segmentation:
0-->2-->14-->20-->35-->48-->55-->65-->76-->89-->97-->102-->110

CPU time used: 0.97 secs.
Wall clock time elapsed: 0 secs.

        SEGMENT          START            END   NUM_RESIDUES MESSAGE_LENGTH                    END_POINTS        INTERMEDIATE_CONTROL_POINTS
              1            A 1            A 3              3        94.6225         (-3.42, 7.252, -19.623)
                                                                                    (-1.764, 11.552, -22.349)

              2            A 3           A 15             13        485.092         (-1.764, 11.552, -22.349)
                                                                                    (24.594, -3.584, -0.655)

              3           A 15           A 21              7        259.635         (24.594, -3.584, -0.655)
                                                                                    (29.942, 4.756, -13.144)

              4           A 21           A 36             16        607.585         (29.942, 4.756, -13.144)
                                                                                    (14.394, 6.078, -32.479)

              5           A 36           A 49             14        528.031         (14.394, 6.078, -32.479)
                                                                                    (21.599, 15.876, 2.339)

              6           A 49           A 56              8        304.596         (21.599, 15.876, 2.339)
                                                                                    (18.709, 5.553, -1.42)

              7           A 56           A 66             11        409.321         (18.709, 5.553, -1.42)
                                                                                    (4.802, 7.815, -26.361)

              8           A 66           A 77             12        454.625         (4.802, 7.815, -26.361)
                                                                                    (17.681, -8.138, -25.932)

              9           A 77           A 90             14        536.263         (17.681, -8.138, -25.932)
                                                                                    (21.035, -3.712, -6.505)

             10           A 90           A 98              9        328.213         (21.035, -3.712, -6.505)
                                                                                    (2.7, 7.682, -14.459)

             11           A 98          A 103              6        221.548         (2.7, 7.682, -14.459)
                                                                                    (1.181, 21.379, -20.049)

             12          A 103          A 111              9        335.234         (1.181, 21.379, -20.049)
                                                                                    (-9.887, 34.461, -10.255)

