Using structure file: /home/pkas7/Research/SCOP/pdbstyle-1.75B/rm/d1rm6c2.ent
Number of residues: 81
Doing a BEZIER segmentation ...

Bounding box volume: 23196.7
Null Model Fit: 3551.92 bits.
Bits per residue: 44.399

Bezier model fit: 3418.85 bits.
Bits per residue: 42.7356

# of segments: 9
Internal segmentation:
0-->10-->17-->18-->34-->40-->56-->60-->67-->80

CPU time used: 0.62 secs.
Wall clock time elapsed: 0 secs.

        SEGMENT          START            END   NUM_RESIDUES MESSAGE_LENGTH                    END_POINTS        INTERMEDIATE_CONTROL_POINTS
              1            C 1           C 11             11        424.709         (18.98, 48.781, 111.456)
                                                                                    (41.446, 49.744, 126.931)

              2           C 11           C 18              8        303.761         (41.446, 49.744, 126.931)
                                                                                    (24.959, 47.802, 116.968)

              3           C 18           C 19              2        47.4361         (24.959, 47.802, 116.968)
                                                                                    (21.487, 49.238, 116.336)

              4           C 19           C 35             17        677.415         (21.487, 49.238, 116.336)
                                                                                    (26.663, 47.448, 134.892)

              5           C 35           C 41              7        254.989         (26.663, 47.448, 134.892)
                                                                                    (16.634, 59.524, 135.621)

              6           C 41           C 57             17         677.43         (16.634, 59.524, 135.621)
                                                                                    (32.768, 63.396, 130.607)

              7           C 57           C 61              5        174.496         (32.768, 63.396, 130.607)
                                                                                    (22.015, 58.055, 128.516)

              8           C 61           C 68              8        307.758         (22.015, 58.055, 128.516)
                                                                                    (31.478, 57.399, 119.894)

              9           C 68           C 81             14        550.851         (31.478, 57.399, 119.894)
                                                                                    (44.451, 48.045, 137.944)

