Using structure file: /home/pkas7/Research/SCOP/pdbstyle-1.75B/rq/d1rqba2.ent
Number of residues: 302
Doing a BEZIER segmentation ...

Bounding box volume: 98173.6
Null Model Fit: 13990.6 bits.
Bits per residue: 46.4804

Bezier model fit: 12656.9 bits.
Bits per residue: 42.0495

# of segments: 28
Internal segmentation:
0-->9-->26-->32-->45-->46-->62-->80-->98-->100-->115-->125-->141-->154-->159-->173-->180-->186-->202-->204-->214-->229-->240-->241-->259-->266-->282-->299-->301

CPU time used: 3.07 secs.
Wall clock time elapsed: 3 secs.

        SEGMENT          START            END   NUM_RESIDUES MESSAGE_LENGTH                    END_POINTS        INTERMEDIATE_CONTROL_POINTS
              1            A 4           A 13             10        390.589         (94.317, 53.233, -26.182)
                                                                                    (101.096, 41.372, -3.49)

              2           A 13           A 30             18        711.975         (101.096, 41.372, -3.49)
                                                                                    (86.046, 12.17, -8.355)

              3           A 30           A 36              7        259.865         (86.046, 12.17, -8.355)
                                                                                    (97.113, 8.843, 3.556)

              4           A 36           A 49             14        545.379         (97.113, 8.843, 3.556)
                                                                                    (102.787, 31.204, 2.059)

              5           A 49           A 50              2        49.5175         (102.787, 31.204, 2.059)
                                                                                    (99.191, 30.69, 0.869)

              6           A 50           A 66             17        672.805         (99.191, 30.69, 0.869)
                                                                                    (80.591, 6.786, 1.205)

              7           A 66           A 84             19        749.852         (80.591, 6.786, 1.205)
                                                                                    (98.747, 25.044, 12.479)

              8           A 84          A 102             19         770.38         (98.747, 25.044, 12.479)
                                                                                    (67.498, 22.723, 3.147)

              9          A 102          A 104              3        96.9979         (67.498, 22.723, 3.147)
                                                                                    (66.169, 24.109, 9.814)

             10          A 104          A 119             16        607.342         (66.169, 24.109, 9.814)
                                                                                    (89.429, 24.327, 13.282)

             11          A 119          A 129             11        416.594         (89.429, 24.327, 13.282)
                                                                                    (70.753, 29.799, -7.515)

             12          A 129          A 145             17        667.459         (70.753, 29.799, -7.515)
                                                                                    (81.816, 31.774, 15.743)

             13          A 145          A 158             14        534.655         (81.816, 31.774, 15.743)
                                                                                    (72.677, 34.206, -19.515)

             14          A 158          A 163              6        224.698         (72.677, 34.206, -19.515)
                                                                                    (77.798, 43.359, -14.399)

             15          A 163          A 177             15        567.144         (77.798, 43.359, -14.399)
                                                                                    (78.1, 40.624, 7.076)

             16          A 177          A 185              8        300.601         (78.1, 40.624, 7.076)
                                                                                    (83.256, 30.176, -11.853)

             17          A 185          A 191              7         267.21         (83.256, 30.176, -11.853)
                                                                                    (86.389, 35.504, -19.878)

             18          A 191          A 207             17        652.092         (86.389, 35.504, -19.878)
                                                                                    (85.642, 50.542, -2.187)

             19          A 207          A 209              3        96.9979         (85.642, 50.542, -2.187)
                                                                                    (88.891, 47.757, 0.915)

             20          A 209          A 219             11        414.133         (88.891, 47.757, 0.915)
                                                                                    (87.86, 23.704, -18.247)

             21          A 219          A 234             16        626.545         (87.86, 23.704, -18.247)
                                                                                    (92.408, 44.736, -8.233)

             22          A 234          A 245             12        465.848         (92.408, 44.736, -8.233)
                                                                                    (97.138, 18.395, -10.004)

             23          A 245          A 246              2        49.5175         (97.138, 18.395, -10.004)
                                                                                    (95.935, 21.158, -12.371)

             24          A 246          A 264             19        758.216         (95.935, 21.158, -12.371)
                                                                                    (104.458, 43.318, -13.949)

             25          A 264          A 271              8        306.076         (104.458, 43.318, -13.949)
                                                                                    (108.014, 29.983, -1.472)

             26          A 271          A 287             17        646.292         (108.014, 29.983, -1.472)
                                                                                    (99.065, 7.961, -11.255)

             27          A 287          A 304             18        711.136         (99.065, 7.961, -11.255)
                                                                                    (77.844, 28.336, -27.512)

             28          A 304          A 306              3        96.9979         (77.844, 28.336, -27.512)
                                                                                    (75.545, 26.86, -22.262)

