Using structure file: /home/pkas7/Research/SCOP/pdbstyle-1.75B/rt/d1rt8a_.ent
Number of residues: 467
Doing a BEZIER segmentation ...

Bounding box volume: 217163
Null Model Fit: 22193.6 bits.
Bits per residue: 47.6258

Bezier model fit: 19538.9 bits.
Bits per residue: 41.9289

# of segments: 41
Internal segmentation:
0-->1-->18-->32-->42-->54-->55-->68-->69-->88-->98-->105-->124-->125-->133-->150-->161-->177-->189-->204-->214-->239-->240-->257-->267-->284-->291-->299-->304-->319-->337-->359-->362-->377-->388-->389-->406-->419-->438-->450-->452-->466

CPU time used: 4.92 secs.
Wall clock time elapsed: 4 secs.

        SEGMENT          START            END   NUM_RESIDUES MESSAGE_LENGTH                    END_POINTS        INTERMEDIATE_CONTROL_POINTS
              1          A 110          A 111              2        50.6628         (15.577, 69.865, 25.903)
                                                                                    (16.115, 66.518, 27.636)

              2          A 111          A 128             18        690.818         (16.115, 66.518, 27.636)
                                                                                    (35.257, 56.897, 10.717)

              3          A 128          A 142             15        606.555         (35.257, 56.897, 10.717)
                                                                                    (27.263, 71.091, 24.663)

              4          A 142          A 152             11        424.289         (27.263, 71.091, 24.663)
                                                                                    (23.293, 69.14, 6.625)

              5          A 152          A 164             13        504.056         (23.293, 69.14, 6.625)
                                                                                    (20.383, 52.921, 3.291)

              6          A 164          A 165              2        50.6628         (20.383, 52.921, 3.291)
                                                                                    (20.575, 54.587, -0.139)

              7          A 165          A 181             14        560.187         (20.575, 54.587, -0.139)
                                                                                    (30.437, 76.103, 4.248)

              8          A 181          A 182              2        50.6628         (30.437, 76.103, 4.248)
                                                                                    (28.599, 79.202, 2.98)

              9          A 182          A 201             20        756.148         (28.599, 79.202, 2.98)
                                                                                    (7.859, 57.183, 6.211)

             10          A 201          A 211             11        434.905         (7.859, 57.183, 6.211)
                                                                                    (16.642, 77.438, 7.499)

             11          A 211          A 218              8        313.023         (16.642, 77.438, 7.499)
                                                                                    (17.914, 72.74, 19.061)

             12          A 218          A 237             20        766.857         (17.914, 72.74, 19.061)
                                                                                    (12.276, 42.527, 6.704)

             13          A 237          A 254              2        50.6628         (12.276, 42.527, 6.704)
                                                                                    (-1.279, 39.065, 7.937)

             14          A 254          A 262              9        343.233         (-1.279, 39.065, 7.937)
                                                                                    (5.273, 51.352, 13.469)

             15          A 262          A 279             18        690.497         (5.273, 51.352, 13.469)
                                                                                    (4.372, 33.119, 32.957)

             16          A 279          A 290             12        477.779         (4.372, 33.119, 32.957)
                                                                                    (5.354, 49.796, 32.107)

             17          A 290          A 306             17        671.572         (5.354, 49.796, 32.107)
                                                                                    (18.281, 32.094, 31.08)

             18          A 306          A 318             13            504         (18.281, 32.094, 31.08)
                                                                                    (16.039, 50.265, 45.4)

             19          A 318          A 333             16        607.247         (16.039, 50.265, 45.4)
                                                                                    (24.12, 40.265, 25.465)

             20          A 333          A 343             11        433.644         (24.12, 40.265, 25.465)
                                                                                    (16.321, 57.203, 31.92)

             21          A 343          A 368             26        1045.62         (16.321, 57.203, 31.92)
                                                                                    (12.463, 28.554, 13.693)

             22          A 368          A 382              2        50.6628         (12.463, 28.554, 13.693)
                                                                                    (4.239, 44.643, -7.999)

             23          A 382          A 399             18        684.871         (4.239, 44.643, -7.999)
                                                                                    (-1.419, 64.392, 8.23)

             24          A 399          A 409             11        440.595         (-1.419, 64.392, 8.23)
                                                                                    (-7.883, 48.316, 4.509)

             25          A 409          A 426             18        711.006         (-7.883, 48.316, 4.509)
                                                                                    (-10.533, 73.358, 3.73)

             26          A 426          A 433              8        304.291         (-10.533, 73.358, 3.73)
                                                                                    (-22.991, 64.155, 7.561)

             27          A 433          A 441              9        346.737         (-22.991, 64.155, 7.561)
                                                                                    (-12.832, 50.007, 18.589)

             28          A 441          A 446              6        226.065         (-12.832, 50.007, 18.589)
                                                                                    (-20.995, 48.538, 6.751)

             29          A 446          A 461             16        606.164         (-20.995, 48.538, 6.751)
                                                                                    (-16.841, 63.95, -8.873)

             30          A 461          A 479             19        773.913         (-16.841, 63.95, -8.873)
                                                                                    (-11.218, 47.067, -4.234)

             31          A 479          A 501             23        865.259         (-11.218, 47.067, -4.234)
                                                                                    (-1.547, 78.361, -8.417)

             32          A 501          A 510              4        148.164         (-1.547, 78.361, -8.417)
                                                                                    (-3.028, 67.347, -19.483)

             33          A 510          A 525             16        604.184         (-3.028, 67.347, -19.483)
                                                                                    (21.708, 69.683, -23.546)

             34          A 525          A 536             12        475.802         (21.708, 69.683, -23.546)
                                                                                    (7.853, 55.002, -22.697)

             35          A 536          A 537              2        50.6628         (7.853, 55.002, -22.697)
                                                                                    (10.266, 52.064, -22.027)

             36          A 537          A 554             18        714.548         (10.266, 52.064, -22.027)
                                                                                    (22.346, 72.521, -15.582)

             37          A 554          A 567             14        552.534         (22.346, 72.521, -15.582)
                                                                                    (21.996, 47.559, -16.672)

             38          A 567          A 586             20        757.365         (21.996, 47.559, -16.672)
                                                                                    (13.165, 71.435, -3.008)

             39          A 586          A 598             13        520.106         (13.165, 71.435, -3.008)
                                                                                    (10.4, 50.003, -13.922)

             40          A 598          A 600              3        99.2886         (10.4, 50.003, -13.922)
                                                                                    (5.474, 52.837, -13.492)

             41          A 600          A 614             15        573.574         (5.474, 52.837, -13.492)
                                                                                    (10.201, 73.629, -7.806)

