Using structure file: /home/pkas7/Research/SCOP/pdbstyle-1.75B/s7/d1s7ia_.ent
Number of residues: 124
Doing a BEZIER segmentation ...

Bounding box volume: 79991.3
Null Model Fit: 5680.74 bits.
Bits per residue: 46.1849

Bezier model fit: 5130.23 bits.
Bits per residue: 41.7092

# of segments: 10
Internal segmentation:
0-->17-->23-->45-->55-->68-->82-->91-->108-->119-->123

CPU time used: 1.11 secs.
Wall clock time elapsed: 1 secs.

        SEGMENT          START            END   NUM_RESIDUES MESSAGE_LENGTH                    END_POINTS        INTERMEDIATE_CONTROL_POINTS
              1            A 1           A 18             18         683.53         (-18.22, 30.905, -45.809)
                                                                                    (-11.117, 32.578, 5.131)

              2           A 18           A 24              7        264.819         (-11.117, 32.578, 5.131)
                                                                                    (-2.21, 22.76, 4.621)

              3           A 24           A 46             23        874.422         (-2.21, 22.76, 4.621)
                                                                                    (-3.389, 26.887, -28.06)

              4           A 46           A 56             11        418.483         (-3.389, 26.887, -28.06)
                                                                                    (-6.589, 39.258, -1.162)

              5           A 56           A 69             14        542.548         (-6.589, 39.258, -1.162)
                                                                                    (-18.645, 62.382, -8.326)

              6           A 69           A 83             15        605.686         (-18.645, 62.382, -8.326)
                                                                                    (-14.197, 36.137, -3.329)

              7           A 83           A 92             10        384.315         (-14.197, 36.137, -3.329)
                                                                                    (-11.932, 27.076, -26.997)

              8           A 92          A 109             18        715.452         (-11.932, 27.076, -26.997)
                                                                                    (-10.904, 22.956, -6.154)

              9          A 109          A 120             12        460.543         (-10.904, 22.956, -6.154)
                                                                                    (-15.715, 40.153, -28.379)

             10          A 120          A 124              5        180.435         (-15.715, 40.153, -28.379)
                                                                                    (-13.028, 36.996, -40.071)

