Using structure file: /home/pkas7/Research/SCOP/pdbstyle-1.75B/s9/d1s98a_.ent
Number of residues: 97
Doing a BEZIER segmentation ...

Bounding box volume: 29061.6
Null Model Fit: 4293.52 bits.
Bits per residue: 44.7242

Bezier model fit: 4056.47 bits.
Bits per residue: 42.2549

# of segments: 12
Internal segmentation:
0-->4-->19-->21-->33-->42-->48-->56-->63-->71-->80-->93-->96

CPU time used: 0.82 secs.
Wall clock time elapsed: 0 secs.

        SEGMENT          START            END   NUM_RESIDUES MESSAGE_LENGTH                    END_POINTS        INTERMEDIATE_CONTROL_POINTS
              1            A 2            A 6              5        180.627         (5.205, 34.863, 22.226)
                                                                                    (-0.198, 40.34, 12.913)

              2            A 6           A 21             16         603.03         (-0.198, 40.34, 12.913)
                                                                                    (-16.667, 26.523, 8.343)

              3           A 21           A 23              3        93.4854         (-16.667, 26.523, 8.343)
                                                                                    (-11.804, 23.575, 12.19)

              4           A 23           A 35             13        500.524         (-11.804, 23.575, 12.19)
                                                                                    (21.147, 19.986, 3.806)

              5           A 35           A 44             10        370.587         (21.147, 19.986, 3.806)
                                                                                    (-4.83, 23.929, 8.923)

              6           A 44           A 50              7        262.959         (-4.83, 23.929, 8.923)
                                                                                    (-0.947, 14.448, 22.04)

              7           A 50           A 58              9         336.93         (-0.947, 14.448, 22.04)
                                                                                    (-6.052, 37.371, 18.319)

              8           A 58           A 65              8        297.544         (-6.052, 37.371, 18.319)
                                                                                    (4.633, 20.54, 18.243)

              9           A 65           A 73              9        346.546         (4.633, 20.54, 18.243)
                                                                                    (8.873, 31.076, 20.289)

             10           A 73           A 82             10        367.381         (8.873, 31.076, 20.289)
                                                                                    (-1.111, 43.554, -1.864)

             11           A 82           A 95             14        557.395         (-1.111, 43.554, -1.864)
                                                                                    (16.872, 35.558, 13.203)

             12           A 95           A 98              4        139.459         (16.872, 35.558, 13.203)
                                                                                    (22.304, 38.734, 7.484)

