Using structure file: /home/pkas7/Research/SCOP/pdbstyle-1.75B/sa/d1saza1.ent
Number of residues: 172
Doing a BEZIER segmentation ...

Bounding box volume: 75856.6
Null Model Fit: 7884.53 bits.
Bits per residue: 46.1083

Bezier model fit: 7146.86 bits.
Bits per residue: 41.7945

# of segments: 18
Internal segmentation:
0-->10-->20-->22-->33-->41-->61-->67-->76-->82-->88-->102-->103-->119-->138-->144-->153-->169-->171

CPU time used: 1.55 secs.
Wall clock time elapsed: 1 secs.

        SEGMENT          START            END   NUM_RESIDUES MESSAGE_LENGTH                    END_POINTS        INTERMEDIATE_CONTROL_POINTS
              1            A 1           A 11             11         412.97         (31.424, 43.704, 45.547)
                                                                                    (53.369, 25.349, 29.832)

              2           A 11           A 21             11        414.917         (53.369, 25.349, 29.832)
                                                                                    (31.873, 39.792, 41.595)

              3           A 21           A 23              3        96.2538         (31.873, 39.792, 41.595)
                                                                                    (31.686, 40.295, 36.045)

              4           A 23           A 34             12        442.803         (31.686, 40.295, 36.045)
                                                                                    (60.296, 28.84, 22.977)

              5           A 34           A 42              9        346.476         (60.296, 28.84, 22.977)
                                                                                    (64.679, 24.665, 35.55)

              6           A 42           A 62             21        798.944         (64.679, 24.665, 35.55)
                                                                                    (45.332, 51.736, 38.423)

              7           A 62           A 68              7        272.741         (45.332, 51.736, 38.423)
                                                                                    (41.595, 42.903, 45.933)

              8           A 68           A 77             10        376.637         (41.595, 42.903, 45.933)
                                                                                    (51.413, 19.154, 41.386)

              9           A 77           A 83              7        264.996         (51.413, 19.154, 41.386)
                                                                                    (38.324, 18.539, 45.459)

             10           A 83           A 89              7        265.966         (38.324, 18.539, 45.459)
                                                                                    (49.801, 27.86, 53.112)

             11           A 89          A 103             15        590.946         (49.801, 27.86, 53.112)
                                                                                    (57.904, 20.311, 38.053)

             12          A 103          A 104              2        49.1454         (57.904, 20.311, 38.053)
                                                                                    (55.167, 22.034, 36.079)

             13          A 104          A 120             17        644.396         (55.167, 22.034, 36.079)
                                                                                    (48.694, 42.75, 51.194)

             14          A 120          A 139             20        785.723         (48.694, 42.75, 51.194)
                                                                                    (39.802, 1.64, 41.634)

             15          A 139          A 145              7        270.426         (39.802, 1.64, 41.634)
                                                                                    (51.685, -4.341, 43.971)

             16          A 145          A 154             10          368.6         (51.685, -4.341, 43.971)
                                                                                    (41.512, 18.272, 34.475)

             17          A 154          A 170             17        648.665         (41.512, 18.272, 34.475)
                                                                                    (18.083, 22.972, 39.456)

             18          A 170          A 172              3        96.2538         (18.083, 22.972, 39.456)
                                                                                    (22.359, 19.239, 43.288)

