Using structure file: /home/pkas7/Research/SCOP/pdbstyle-1.75B/se/d1se9a_.ent
Number of residues: 101
Doing a BEZIER segmentation ...

Bounding box volume: 31019.2
Null Model Fit: 4481.82 bits.
Bits per residue: 44.8182

Bezier model fit: 4214.31 bits.
Bits per residue: 42.1431

# of segments: 11
Internal segmentation:
0-->1-->14-->20-->28-->44-->63-->65-->79-->80-->93-->100

CPU time used: 0.91 secs.
Wall clock time elapsed: 0 secs.

        SEGMENT          START            END   NUM_RESIDUES MESSAGE_LENGTH                    END_POINTS        INTERMEDIATE_CONTROL_POINTS
              1            A 1            A 2              2        47.8553         (2.693, 0.413, 1.397)
                                                                                    (5.547, 0.352, -1.04)

              2            A 2           A 15             14        542.358         (5.547, 0.352, -1.04)
                                                                                    (18.251, -21.423, 20.231)

              3           A 15           A 21              7        253.848         (18.251, -21.423, 20.231)
                                                                                    (9.013, -17.958, 8.825)

              4           A 21           A 29              9        346.645         (9.013, -17.958, 8.825)
                                                                                    (13.074, -0.741, 10.656)

              5           A 29           A 45             17        656.657         (13.074, -0.741, 10.656)
                                                                                    (-0.481, -18.921, 24.86)

              6           A 45           A 64             20         805.61         (-0.481, -18.921, 24.86)
                                                                                    (22.235, -8.649, 20.964)

              7           A 64           A 66              3        93.6735         (22.235, -8.649, 20.964)
                                                                                    (19.257, -3.211, 21.335)

              8           A 66           A 80             15        590.291         (19.257, -3.211, 21.335)
                                                                                    (23.682, -5.246, -1.329)

              9           A 80           A 81              2        47.8553         (23.682, -5.246, -1.329)
                                                                                    (20.416, -6.113, -2.952)

             10           A 81           A 94             14        524.888         (20.416, -6.113, -2.952)
                                                                                    (13.174, -16.591, 31.035)

             11           A 94          A 101              8        304.625         (13.174, -16.591, 31.035)
                                                                                    (0.302, -9.848, 34.271)

