Using structure file: /home/pkas7/Research/SCOP/pdbstyle-1.75B/sl/d1slqa_.ent
Number of residues: 270
Doing a BEZIER segmentation ...

Bounding box volume: 137794
Null Model Fit: 12634.8 bits.
Bits per residue: 46.9695

Bezier model fit: 11259.8 bits.
Bits per residue: 41.8581

# of segments: 26
Internal segmentation:
0-->6-->18-->33-->42-->57-->67-->78-->81-->94-->105-->115-->122-->138-->150-->157-->164-->169-->179-->188-->196-->198-->205-->215-->224-->240-->269

CPU time used: 2.71 secs.
Wall clock time elapsed: 2 secs.

        SEGMENT          START            END   NUM_RESIDUES MESSAGE_LENGTH                    END_POINTS        INTERMEDIATE_CONTROL_POINTS
              1          A 253          A 259              7         269.87         (-3.38, 187.608, 6.408)
                                                                                    (-13.518, 173.645, 12.414)

              2          A 259          A 271             13        502.169         (-13.518, 173.645, 12.414)
                                                                                    (10.25, 191.309, 7.705)

              3          A 271          A 286             16        585.226         (10.25, 191.309, 7.705)
                                                                                    (53.617, 176.529, 25.144)

              4          A 286          A 295             10        387.897         (53.617, 176.529, 25.144)
                                                                                    (35.817, 177.782, 13.788)

              5          A 295          A 310             16         626.49         (35.817, 177.782, 13.788)
                                                                                    (4.113, 197.991, 16.907)

              6          A 310          A 320             11        422.357         (4.113, 197.991, 16.907)
                                                                                    (27.163, 178.022, 8.82)

              7          A 320          A 331             12        454.421         (27.163, 178.022, 8.82)
                                                                                    (57.554, 176.726, 10.913)

              8          A 331          A 334              4        146.195         (57.554, 176.726, 10.913)
                                                                                    (58.243, 177.269, 19.181)

              9          A 334          A 347             14        545.367         (58.243, 177.269, 19.181)
                                                                                    (30.77, 179.421, -2.878)

             10          A 347          A 358             12        440.217         (30.77, 179.421, -2.878)
                                                                                    (6.902, 187.882, 18.524)

             11          A 358          A 368             11        438.501         (6.902, 187.882, 18.524)
                                                                                    (3.147, 174.705, 8.088)

             12          A 368          A 375              8        301.993         (3.147, 174.705, 8.088)
                                                                                    (14.476, 187.771, -0.241)

             13          A 375          A 391             17        648.226         (14.476, 187.771, -0.241)
                                                                                    (57.874, 189.209, 22.105)

             14          A 391          A 403             13        491.685         (57.874, 189.209, 22.105)
                                                                                    (27.456, 188.089, -0.715)

             15          A 403          A 410              8        308.173         (27.456, 188.089, -0.715)
                                                                                    (12.395, 176.013, 5.728)

             16          A 410          A 417              8        296.697         (12.395, 176.013, 5.728)
                                                                                    (19.557, 178.558, 27.303)

             17          A 417          A 422              6        223.429         (19.557, 178.558, 27.303)
                                                                                    (10.151, 177.159, 15.96)

             18          A 422          A 432             11        427.286         (10.151, 177.159, 15.96)
                                                                                    (32.973, 185.482, -3.368)

             19          A 432          A 441             10        378.289         (32.973, 185.482, -3.368)
                                                                                    (53.811, 189.662, 8.899)

             20          A 441          A 449              9        350.938         (53.811, 189.662, 8.899)
                                                                                    (36.224, 183.873, 1.089)

             21          A 449          A 451              3        97.9761         (36.224, 183.873, 1.089)
                                                                                    (37.389, 183.584, 7.409)

             22          A 451          A 458              8        308.312         (37.389, 183.584, 7.409)
                                                                                    (32.672, 195.902, 14.115)

             23          A 458          A 468             11        422.168         (32.672, 195.902, 14.115)
                                                                                    (7.068, 185.416, 3.048)

             24          A 468          A 477             10        397.422         (7.068, 185.416, 3.048)
                                                                                    (-8.98, 180.075, 19.423)

             25          A 477          A 493             17         667.84         (-8.98, 180.075, 19.423)
                                                                                    (28.822, 164.795, 31.761)

             26          A 493          A 522             30        1120.68         (28.822, 164.795, 31.761)
                                                                                    (67.556, 181.629, 50.596)

