Using structure file: /home/pkas7/Research/SCOP/pdbstyle-1.75B/sq/d1sqra_.ent
Number of residues: 87
Doing a BEZIER segmentation ...

Bounding box volume: 19675.1
Null Model Fit: 3797.88 bits.
Bits per residue: 44.1614

Bezier model fit: 3610.45 bits.
Bits per residue: 41.982

# of segments: 11
Internal segmentation:
0-->5-->15-->27-->28-->36-->48-->57-->62-->72-->78-->86

CPU time used: 0.72 secs.
Wall clock time elapsed: 0 secs.

        SEGMENT          START            END   NUM_RESIDUES MESSAGE_LENGTH                    END_POINTS        INTERMEDIATE_CONTROL_POINTS
              1            A 1            A 6              6        210.023         (11.907, -7.229, -8.711)
                                                                                    (-0.599, 5.093, -6.842)

              2            A 6           A 16             11        418.714         (-0.599, 5.093, -6.842)
                                                                                    (-8.074, 10.525, 18.011)

              3           A 16           A 28             13        485.251         (-8.074, 10.525, 18.011)
                                                                                    (-2.622, -4.28, -11.026)

              4           A 28           A 29              2        47.1985         (-2.622, -4.28, -11.026)
                                                                                    (-2.839, -6.676, -8.067)

              5           A 29           A 37              9        348.123         (-2.839, -6.676, -8.067)
                                                                                    (-1.193, -12.589, 0.096)

              6           A 37           A 49             13        491.198         (-1.193, -12.589, 0.096)
                                                                                    (14.492, 15.725, 0.921)

              7           A 49           A 58             10        371.035         (14.492, 15.725, 0.921)
                                                                                    (-2.499, -3.616, 7.591)

              8           A 58           A 63              6         220.09         (-2.499, -3.616, 7.591)
                                                                                    (-10.492, -7.673, -2.453)

              9           A 63           A 73             11        408.893         (-10.492, -7.673, -2.453)
                                                                                    (5.887, 9.212, 10.349)

             10           A 73           A 79              7        264.922         (5.887, 9.212, 10.349)
                                                                                    (2.339, 14.544, -1.137)

             11           A 79           A 87              9        345.001         (2.339, 14.544, -1.137)
                                                                                    (11.565, -1.247, -2.429)

