Using structure file: /home/pkas7/Research/SCOP/pdbstyle-1.75B/sr/d1sr2a_.ent
Number of residues: 116
Doing a BEZIER segmentation ...

Bounding box volume: 71779.9
Null Model Fit: 5293.29 bits.
Bits per residue: 46.0286

Bezier model fit: 4690.93 bits.
Bits per residue: 40.7907

# of segments: 8
Internal segmentation:
0-->1-->23-->34-->56-->58-->77-->96-->115

CPU time used: 1.06 secs.
Wall clock time elapsed: 1 secs.

        SEGMENT          START            END   NUM_RESIDUES MESSAGE_LENGTH                    END_POINTS        INTERMEDIATE_CONTROL_POINTS
              1          A 775          A 776              2        49.0657         (-49.814, -0.292, 41.457)
                                                                                    (-51.744, 2.899, 40.734)

              2          A 776          A 798             23        906.648         (-51.744, 2.899, 40.734)
                                                                                    (-12.005, -7.614, 9.607)

              3          A 798          A 809             12        463.595         (-12.005, -7.614, 9.607)
                                                                                    (-7.788, -2.708, -8.66)

              4          A 809          A 831             23        882.968         (-7.788, -2.708, -8.66)
                                                                                    (23.74, -9.327, 3.089)

              5          A 831          A 833              3        96.0944         (23.74, -9.327, 3.089)
                                                                                    (22.084, -4.333, 4.343)

              6          A 833          A 852             20        752.945         (22.084, -4.333, 4.343)
                                                                                    (-5.171, 0.979, 4.135)

              7          A 852          A 871             20        782.602         (-5.171, 0.979, 4.135)
                                                                                    (17.543, -7.528, 16.044)

              8          A 871          A 890             20        757.012         (17.543, -7.528, 16.044)
                                                                                    (-2.38, -12.853, -2.755)

