Using structure file: /home/pkas7/Research/SCOP/pdbstyle-1.75B/t1/d1t1va_.ent
Number of residues: 93
Doing a BEZIER segmentation ...

Bounding box volume: 20041.4
Null Model Fit: 4065.3 bits.
Bits per residue: 44.188

Bezier model fit: 3842.6 bits.
Bits per residue: 41.7674

# of segments: 9
Internal segmentation:
0-->13-->30-->42-->54-->59-->66-->74-->81-->92

CPU time used: 0.78 secs.
Wall clock time elapsed: 0 secs.

        SEGMENT          START            END   NUM_RESIDUES MESSAGE_LENGTH                    END_POINTS        INTERMEDIATE_CONTROL_POINTS
              1            A 1           A 14             14        545.891         (-10.152, 4.583, 28.798)
                                                                                    (2.548, 7.214, 1.441)

              2           A 14           A 31             18        673.735         (2.548, 7.214, 1.441)
                                                                                    (2.706, -1.128, 26.434)

              3           A 31           A 43             13        500.629         (2.706, -1.128, 26.434)
                                                                                    (-14.024, 12.704, 6.688)

              4           A 43           A 55             13        492.941         (-14.024, 12.704, 6.688)
                                                                                    (-0.846, 23.638, 14.753)

              5           A 55           A 60              6        225.381         (-0.846, 23.638, 14.753)
                                                                                    (-0.178, 14.231, 8.255)

              6           A 60           A 67              8         298.65         (-0.178, 14.231, 8.255)
                                                                                    (-8.372, 15.034, 25.082)

              7           A 67           A 75              9         334.79         (-8.372, 15.034, 25.082)
                                                                                    (9.191, 12.123, 15.59)

              8           A 75           A 82              8        300.558         (9.191, 12.123, 15.59)
                                                                                    (14.046, 6.549, 23.181)

              9           A 82           A 93             12        470.023         (14.046, 6.549, 23.181)
                                                                                    (1.198, 11.492, 34.416)

