Using structure file: /home/pkas7/Research/SCOP/pdbstyle-1.75B/t5/d1t50a_.ent
Number of residues: 58
Doing a BEZIER segmentation ...

Bounding box volume: 13942.4
Null Model Fit: 2488.88 bits.
Bits per residue: 43.6645

Bezier model fit: 2411.71 bits.
Bits per residue: 42.3106

# of segments: 6
Internal segmentation:
0-->16-->18-->38-->40-->54-->57

CPU time used: 0.38 secs.
Wall clock time elapsed: 0 secs.

        SEGMENT          START            END   NUM_RESIDUES MESSAGE_LENGTH                    END_POINTS        INTERMEDIATE_CONTROL_POINTS
              1            A 1           A 17             17        654.365         (-13.459, -11.09, -8.985)
                                                                                    (-1.595, 12.522, 5.699)

              2           A 17           A 19              3        91.3662         (-1.595, 12.522, 5.699)
                                                                                    (1.205, 15.183, 0.249)

              3           A 19           A 39             21        846.332         (1.205, 15.183, 0.249)
                                                                                    (0.742, -7.376, 0.208)

              4           A 39           A 41              3        91.3662         (0.742, -7.376, 0.208)
                                                                                    (-2.239, -6.967, -4.126)

              5           A 41           A 55             15        591.996         (-2.239, -6.967, -4.126)
                                                                                    (14.149, -2.046, -5.524)

              6           A 55           A 58              4         136.28         (14.149, -2.046, -5.524)
                                                                                    (9.67, 0.764, -7.866)

