Using structure file: /home/pkas7/Research/SCOP/pdbstyle-1.75B/ts/d1ts9a_.ent
Number of residues: 98
Doing a BEZIER segmentation ...

Bounding box volume: 31469.9
Null Model Fit: 4349.39 bits.
Bits per residue: 44.839

Bezier model fit: 4118.06 bits.
Bits per residue: 42.4542

# of segments: 12
Internal segmentation:
0-->11-->13-->23-->31-->37-->46-->54-->64-->70-->77-->94-->97

CPU time used: 0.83 secs.
Wall clock time elapsed: 0 secs.

        SEGMENT          START            END   NUM_RESIDUES MESSAGE_LENGTH                    END_POINTS        INTERMEDIATE_CONTROL_POINTS
              1            A 5           A 16             12        469.604         (11.93, -3.336, -1.283)
                                                                                    (-0.116, 5.507, 11.537)

              2           A 16           A 18              3        93.7151         (-0.116, 5.507, 11.537)
                                                                                    (4.926, 3.604, 13.055)

              3           A 18           A 28             11        432.451         (4.926, 3.604, 13.055)
                                                                                    (14.562, 23.874, 11.72)

              4           A 28           A 36              9        343.559         (14.562, 23.874, 11.72)
                                                                                    (4.736, 7.237, 17.139)

              5           A 36           A 42              7        258.705         (4.736, 7.237, 17.139)
                                                                                    (-2.428, 14.059, 2.988)

              6           A 42           A 51             10        375.827         (-2.428, 14.059, 2.988)
                                                                                    (7.013, 14.304, 26.386)

              7           A 51           A 59              9         339.47         (7.013, 14.304, 26.386)
                                                                                    (6.572, 18.783, 2.51)

              8           A 59           A 69             11        420.357         (6.572, 18.783, 2.51)
                                                                                    (13.693, -4.65, 11.272)

              9           A 69           A 75              7        262.014         (13.693, -4.65, 11.272)
                                                                                    (11.175, 12.322, 2.06)

             10           A 75           A 82              8        299.705         (11.175, 12.322, 2.06)
                                                                                    (-4.143, 10.753, -0.481)

             11           A 82           A 99             18        682.851         (-4.143, 10.753, -0.481)
                                                                                    (14.429, -1.944, -13.17)

             12           A 99          A 102              4        139.804         (14.429, -1.944, -13.17)
                                                                                    (5.807, -2.345, -15.878)

