Using structure file: /home/pkas7/Research/SCOP/pdbstyle-1.75B/tu/d1tubb1.ent
Number of residues: 243
Doing a BEZIER segmentation ...

Bounding box volume: 76488.8
Null Model Fit: 11161.1 bits.
Bits per residue: 46.1203

Bezier model fit: 10108.7 bits.
Bits per residue: 41.7715

# of segments: 21
Internal segmentation:
0-->9-->26-->30-->38-->59-->67-->78-->86-->93-->99-->110-->127-->140-->159-->173-->177-->192-->215-->220-->239-->242

CPU time used: 2.4 secs.
Wall clock time elapsed: 2 secs.

        SEGMENT          START            END   NUM_RESIDUES MESSAGE_LENGTH                    END_POINTS        INTERMEDIATE_CONTROL_POINTS
              1            B 1           B 10             10        362.745         (-65.689, 53.044, -23.721)
                                                                                    (-92.388, 48.953, -32.001)

              2           B 10           B 27             18        686.546         (-92.388, 48.953, -32.001)
                                                                                    (-73.431, 40.819, -18.069)

              3           B 27           B 31              5        181.907         (-73.431, 40.819, -18.069)
                                                                                    (-70.254, 49.413, -22.437)

              4           B 31           B 39              9        347.897         (-70.254, 49.413, -22.437)
                                                                                    (-70.712, 35.998, -11.538)

              5           B 39           B 62             22        902.175         (-70.712, 35.998, -11.538)
                                                                                    (-78.451, 49.668, -14.094)

              6           B 62           B 70              9        342.942         (-78.451, 49.668, -14.094)
                                                                                    (-95.756, 53.276, -29.458)

              7           B 70           B 81             12        462.964         (-95.756, 53.276, -29.458)
                                                                                    (-93.752, 40.907, -13.555)

              8           B 81           B 89              9        345.144         (-93.752, 40.907, -13.555)
                                                                                    (-87.346, 56.95, -17.029)

              9           B 89           B 96              8        301.149         (-87.346, 56.95, -17.029)
                                                                                    (-102.539, 55.601, -26.6)

             10           B 96          B 102              7        257.718         (-102.539, 55.601, -26.6)
                                                                                    (-98.296, 52.568, -41.473)

             11          B 102          B 113             12          461.4         (-98.296, 52.568, -41.473)
                                                                                    (-94.531, 64.154, -31.346)

             12          B 113          B 130             18        686.557         (-94.531, 64.154, -31.346)
                                                                                    (-68.503, 57.614, -21.942)

             13          B 130          B 143             14         546.13         (-68.503, 57.614, -21.942)
                                                                                    (-94.06, 48.074, -38.132)

             14          B 143          B 162             20        768.481         (-94.06, 48.074, -38.132)
                                                                                    (-73.047, 61.508, -38.246)

             15          B 162          B 176             15        580.957         (-73.047, 61.508, -38.246)
                                                                                    (-95.492, 34.612, -45.357)

             16          B 176          B 180              5        185.316         (-95.492, 34.612, -45.357)
                                                                                    (-100.76, 43.464, -46.368)

             17          B 180          B 195             16        611.309         (-100.76, 43.464, -46.368)
                                                                                    (-79.689, 56.811, -46.895)

             18          B 195          B 218             24        949.718         (-79.689, 56.811, -46.895)
                                                                                    (-85.533, 20.684, -33.136)

             19          B 218          B 223              6        227.409         (-85.533, 20.684, -33.136)
                                                                                    (-92.364, 30.394, -30.567)

             20          B 223          B 242             20        756.589         (-92.364, 30.394, -30.567)
                                                                                    (-65.319, 42.453, -29.239)

             21          B 242          B 245              4        143.647         (-65.319, 42.453, -29.239)
                                                                                    (-62.481, 41.461, -23.915)

