Using structure file: /home/pkas7/Research/SCOP/pdbstyle-1.75B/ty/d1tyya_.ent
Number of residues: 297
Doing a BEZIER segmentation ...

Bounding box volume: 89025.3
Null Model Fit: 13716.4 bits.
Bits per residue: 46.3393

Bezier model fit: 12433.8 bits.
Bits per residue: 42.0062

# of segments: 31
Internal segmentation:
0-->5-->26-->39-->47-->51-->65-->67-->75-->85-->90-->102-->109-->118-->122-->140-->150-->156-->171-->177-->186-->189-->201-->211-->219-->229-->234-->254-->257-->279-->287-->296

CPU time used: 2.98 secs.
Wall clock time elapsed: 3 secs.

        SEGMENT          START            END   NUM_RESIDUES MESSAGE_LENGTH                    END_POINTS        INTERMEDIATE_CONTROL_POINTS
              1            A 5           A 10              6        216.854         (12.799, -27.871, 10.635)
                                                                                    (9.598, -19.116, -2.759)

              2           A 10           A 31             22        892.402         (9.598, -19.116, -2.759)
                                                                                    (17.088, -18.626, -9.919)

              3           A 31           A 44             14        531.055         (17.088, -18.626, -9.919)
                                                                                    (21.319, -32.383, 3.93)

              4           A 44           A 52              9        341.672         (21.319, -32.383, 3.93)
                                                                                    (5.529, -21.652, -10.924)

              5           A 52           A 56              5        185.258         (5.529, -21.652, -10.924)
                                                                                    (8.016, -26.556, -21.045)

              6           A 56           A 70             15        570.756         (8.016, -26.556, -21.045)
                                                                                    (16.392, -33.562, -2.646)

              7           A 70           A 72              3        96.7156         (16.392, -33.562, -2.646)
                                                                                    (10.576, -31.112, -2.371)

              8           A 72           A 80              9        344.515         (10.576, -31.112, -2.371)
                                                                                    (1.678, -24.809, -19.861)

              9           A 80           A 90             11         406.72         (1.678, -24.809, -19.861)
                                                                                    (27.31, -11.687, -19.81)

             10           A 90          A 102              6        222.764         (27.31, -11.687, -19.81)
                                                                                    (14.854, -12.896, -22.013)

             11          A 102          A 114             13        501.411         (14.854, -12.896, -22.013)
                                                                                    (-3.269, -20.42, -3.231)

             12          A 114          A 121              8        302.402         (-3.269, -20.42, -3.231)
                                                                                    (6.121, -23.853, 14.066)

             13          A 121          A 130             10         375.24         (6.121, -23.853, 14.066)
                                                                                    (12.838, -10.561, -6.94)

             14          A 130          A 134              5        185.678         (12.838, -10.561, -6.94)
                                                                                    (5.453, -8.562, -10.43)

             15          A 134          A 152             19        721.166         (5.453, -8.562, -10.43)
                                                                                    (5.19, -19.367, 14.917)

             16          A 152          A 162             11        426.292         (5.19, -19.367, 14.917)
                                                                                    (17.473, -5.94, -8.95)

             17          A 162          A 168              7        268.796         (17.473, -5.94, -8.95)
                                                                                    (8.449, 1.586, -11.57)

             18          A 168          A 183             16        615.517         (8.449, 1.586, -11.57)
                                                                                    (11.299, -10.448, 8.391)

             19          A 183          A 189              7        254.139         (11.299, -10.448, 8.391)
                                                                                    (24.845, -6.567, 0.482)

             20          A 189          A 198             10        383.193         (24.845, -6.567, 0.482)
                                                                                    (21.232, 6.877, -1.393)

             21          A 198          A 201              4        144.304         (21.232, 6.877, -1.393)
                                                                                    (29.303, 4.651, 2.24)

             22          A 201          A 213             13        500.902         (29.303, 4.651, 2.24)
                                                                                    (11.596, -2.89, 11.268)

             23          A 213          A 223             11        417.199         (11.596, -2.89, 11.268)
                                                                                    (35.732, -12.026, -0.234)

             24          A 223          A 231              9        331.584         (35.732, -12.026, -0.234)
                                                                                    (22.07, -5.468, 19.559)

             25          A 231          A 241             11        407.277         (22.07, -5.468, 19.559)
                                                                                    (40.845, -17.193, 0.465)

             26          A 241          A 246              6        223.803         (40.845, -17.193, 0.465)
                                                                                    (32.395, -17.283, -11.859)

             27          A 246          A 266             21        811.692         (32.395, -17.283, -11.859)
                                                                                    (13.847, -24.108, 16.944)

             28          A 266          A 269              4        144.304         (13.847, -24.108, 16.944)
                                                                                    (20.627, -16.468, 19.123)

             29          A 269          A 291             23        879.437         (20.627, -16.468, 19.123)
                                                                                    (31.385, -21.926, -13.417)

             30          A 291          A 299              9        348.845         (31.385, -21.926, -13.417)
                                                                                    (27.759, -31.638, 0.067)

             31          A 299          A 308             10        381.956         (27.759, -31.638, 0.067)
                                                                                    (39.687, -27.346, 7.041)

