Using structure file: /home/pkas7/Research/SCOP/pdbstyle-1.75B/u2/d1u2wa1.ent
Number of residues: 104
Doing a BEZIER segmentation ...

Bounding box volume: 44612.2
Null Model Fit: 4670.28 bits.
Bits per residue: 45.3425

Bezier model fit: 4252.58 bits.
Bits per residue: 41.2872

# of segments: 10
Internal segmentation:
0-->1-->16-->31-->42-->57-->71-->78-->87-->102-->103

CPU time used: 0.9 secs.
Wall clock time elapsed: 0 secs.

        SEGMENT          START            END   NUM_RESIDUES MESSAGE_LENGTH                    END_POINTS        INTERMEDIATE_CONTROL_POINTS
              1           A 12           A 13              2        48.3796         (47.512, 25.71, -21.406)
                                                                                    (43.722, 24.976, -21.29)

              2           A 13           A 28             16        605.374         (43.722, 24.976, -21.29)
                                                                                    (31.443, 44.685, -14.172)

              3           A 28           A 43             16        607.061         (31.443, 44.685, -14.172)
                                                                                    (34.227, 52.277, 9.702)

              4           A 43           A 54             12        455.179         (34.227, 52.277, 9.702)
                                                                                    (18.051, 51.115, 12.644)

              5           A 54           A 69             16        640.817         (18.051, 51.115, 12.644)
                                                                                    (34.687, 63.547, 13.734)

              6           A 69           A 83             15        564.414         (34.687, 63.547, 13.734)
                                                                                    (28.183, 53.179, -4.482)

              7           A 83           A 94              8        305.117         (28.183, 53.179, -4.482)
                                                                                    (18.433, 67.186, 8.519)

              8           A 94          A 103             10        377.043         (18.433, 67.186, 8.519)
                                                                                    (21.187, 43.658, -1.55)

              9          A 103          A 118             16        600.814         (21.187, 43.658, -1.55)
                                                                                    (34.629, 26.413, 11.617)

             10          A 118          A 119              2        48.3796         (34.629, 26.413, 11.617)
                                                                                    (37.802, 25.189, 9.87)

