Using structure file: /home/pkas7/Research/SCOP/pdbstyle-1.75B/ub/d1ub4a_.ent
Number of residues: 103
Doing a BEZIER segmentation ...

Bounding box volume: 33389.6
Null Model Fit: 4582.3 bits.
Bits per residue: 44.9245

Bezier model fit: 4318.12 bits.
Bits per residue: 42.3345

# of segments: 13
Internal segmentation:
0-->7-->16-->23-->33-->47-->49-->58-->67-->76-->84-->86-->101-->102

CPU time used: 0.9 secs.
Wall clock time elapsed: 0 secs.

        SEGMENT          START            END   NUM_RESIDUES MESSAGE_LENGTH                    END_POINTS        INTERMEDIATE_CONTROL_POINTS
              1            A 2            A 9              8        296.016         (29.611, 15.24, -10.604)
                                                                                    (14.646, 14.89, 6.17)

              2            A 9           A 18             10        381.479         (14.646, 14.89, 6.17)
                                                                                    (36.424, 26.819, 9.296)

              3           A 18           A 32              8        297.156         (36.424, 26.819, 9.296)
                                                                                    (19.605, 16.395, 12.301)

              4           A 32           A 42             11        433.704         (19.605, 16.395, 12.301)
                                                                                    (16.541, 23.8, -4.656)

              5           A 42           A 56             15        576.071         (16.541, 23.8, -4.656)
                                                                                    (21.959, 17.335, 30.775)

              6           A 56           A 58              3         93.886         (21.959, 17.335, 30.775)
                                                                                    (17.23, 19.459, 29.404)

              7           A 58           A 67             10        381.581         (17.23, 19.459, 29.404)
                                                                                    (24.616, 6.082, 16.525)

              8           A 67           A 76             10        386.215         (24.616, 6.082, 16.525)
                                                                                    (14.8, 24.115, 20.518)

              9           A 76           A 85             10        381.018         (14.8, 24.115, 20.518)
                                                                                    (27.916, 26.433, 0.683)

             10           A 85           A 93              9        343.242         (27.916, 26.433, 0.683)
                                                                                    (19.823, 8.909, 9.84)

             11           A 93           A 95              3         93.886         (19.823, 8.909, 9.84)
                                                                                    (14.818, 6.841, 13.661)

             12           A 95          A 110             16        605.901         (14.818, 6.841, 13.661)
                                                                                    (6.749, 27.679, 16.997)

             13          A 110          A 111              2        47.9615         (6.749, 27.679, 16.997)
                                                                                    (3.755, 25.543, 16.098)

