Using structure file: /home/pkas7/Research/SCOP/pdbstyle-1.75B/uo/d1uoka2.ent
Number of residues: 479
Doing a BEZIER segmentation ...

Bounding box volume: 173401
Null Model Fit: 22609.9 bits.
Bits per residue: 47.3011

Bezier model fit: 20146.5 bits.
Bits per residue: 42.1475

# of segments: 41
Internal segmentation:
0-->23-->43-->55-->78-->90-->102-->104-->119-->123-->132-->142-->154-->162-->163-->173-->191-->199-->207-->216-->232-->247-->257-->270-->295-->299-->316-->327-->342-->358-->366-->368-->378-->384-->399-->401-->414-->424-->434-->439-->455-->478

CPU time used: 5 secs.
Wall clock time elapsed: 5 secs.

        SEGMENT          START            END   NUM_RESIDUES MESSAGE_LENGTH                    END_POINTS        INTERMEDIATE_CONTROL_POINTS
              1            A 1           A 24             24        963.747         (39.145, 50.201, -5.723)
                                                                                    (59.262, 49.078, 38.53)

              2           A 24           A 44             21         844.26         (59.262, 49.078, 38.53)
                                                                                    (50.969, 61.048, 13.428)

              3           A 44           A 56             13        505.457         (50.969, 61.048, 13.428)
                                                                                    (49.701, 33.621, 29.09)

              4           A 56           A 79             24        984.365         (49.701, 33.621, 29.09)
                                                                                    (40.534, 48.177, 33.663)

              5           A 79           A 91             13        495.864         (40.534, 48.177, 33.663)
                                                                                    (42.477, 61.048, 20.54)

              6           A 91          A 103             13        484.437         (42.477, 61.048, 20.54)
                                                                                    (47.039, 27.522, 18.561)

              7          A 103          A 105              3        98.6393         (47.039, 27.522, 18.561)
                                                                                    (48.664, 27.65, 25.346)

              8          A 105          A 120             16        636.046         (48.664, 27.65, 25.346)
                                                                                    (36.342, 14.069, 26.143)

              9          A 120          A 124              5         188.32         (36.342, 14.069, 26.143)
                                                                                    (38.909, 17.19, 18.904)

             10          A 124          A 133             10        377.371         (38.909, 17.19, 18.904)
                                                                                    (55.787, 2.672, 14.05)

             11          A 133          A 143             11        428.455         (55.787, 2.672, 14.05)
                                                                                    (59.466, 26.072, 14.586)

             12          A 143          A 155             13        513.302         (59.466, 26.072, 14.586)
                                                                                    (45.948, 8.763, 26.019)

             13          A 155          A 163              9        342.526         (45.948, 8.763, 26.019)
                                                                                    (55.457, 26.006, 17.415)

             14          A 163          A 164              2        50.3382         (55.457, 26.006, 17.415)
                                                                                    (56.551, 25.032, 20.975)

             15          A 164          A 174             11        416.127         (56.551, 25.032, 20.975)
                                                                                    (35.835, 21.229, 13.769)

             16          A 174          A 192             19        722.576         (35.835, 21.229, 13.769)
                                                                                    (35.141, 48.623, 20.748)

             17          A 192          A 200              9        344.231         (35.141, 48.623, 20.748)
                                                                                    (49.942, 32.851, 11.072)

             18          A 200          A 208              9        342.371         (49.942, 32.851, 11.072)
                                                                                    (43.753, 15.842, 5.336)

             19          A 208          A 217             10        383.271         (43.753, 15.842, 5.336)
                                                                                    (66.503, 13.277, 5.26)

             20          A 217          A 233             17        666.364         (66.503, 13.277, 5.26)
                                                                                    (41.881, 28.151, 4.11)

             21          A 233          A 248             16        623.256         (41.881, 28.151, 4.11)
                                                                                    (32.049, 45.622, 12.446)

             22          A 248          A 258             11         419.83         (32.049, 45.622, 12.446)
                                                                                    (54.883, 31.635, 2.479)

             23          A 258          A 271             14        554.905         (54.883, 31.635, 2.479)
                                                                                    (35.101, 40.896, -3.551)

             24          A 271          A 296             26        1051.82         (35.101, 40.896, -3.551)
                                                                                    (72.438, 33.985, 6.111)

             25          A 296          A 300              5        184.027         (72.438, 33.985, 6.111)
                                                                                    (71.483, 42.881, -3.268)

             26          A 300          A 317             18        680.814         (71.483, 42.881, -3.268)
                                                                                    (44.174, 46.311, -9.519)

             27          A 317          A 328             12        467.088         (44.174, 46.311, -9.519)
                                                                                    (58.931, 41.666, 16.769)

             28          A 328          A 343             16        641.843         (58.931, 41.666, 16.769)
                                                                                    (75.343, 56.447, 7.922)

             29          A 343          A 359             17        641.977         (75.343, 56.447, 7.922)
                                                                                    (51.226, 51.839, -2.441)

             30          A 359          A 367              9        341.274         (51.226, 51.839, -2.441)
                                                                                    (61.979, 52.08, 17.746)

             31          A 367          A 369              3        98.6393         (61.979, 52.08, 17.746)
                                                                                    (61.221, 56.073, 14.073)

             32          A 369          A 379             11        414.962         (61.221, 56.073, 14.073)
                                                                                    (77.054, 35.839, 25.599)

             33          A 379          A 385              7        268.689         (77.054, 35.839, 25.599)
                                                                                    (63.968, 34.015, 22.938)

             34          A 385          A 400             16         612.67         (63.968, 34.015, 22.938)
                                                                                    (78.817, 20.584, 17.704)

             35          A 400          A 402              3        98.6393         (78.817, 20.584, 17.704)
                                                                                    (81.318, 26.744, 16.192)

             36          A 402          A 415             14        543.958         (81.318, 26.744, 16.192)
                                                                                    (64.359, 38.064, 17.231)

             37          A 415          A 425             11        422.706         (64.359, 38.064, 17.231)
                                                                                    (66.21, 58.894, 26.977)

             38          A 425          A 435             11        433.452         (66.21, 58.894, 26.977)
                                                                                    (63.951, 48.62, 38.122)

             39          A 435          A 440              6        230.748         (63.951, 48.62, 38.122)
                                                                                    (69.338, 44.399, 28.578)

             40          A 440          A 456             17        672.629         (69.338, 44.399, 28.578)
                                                                                    (67, 67.634, 17.036)

             41          A 456          A 479             24        954.536         (67, 67.634, 17.036)
                                                                                    (46.077, 55.854, -4.326)

