Using structure file: /home/pkas7/Research/SCOP/pdbstyle-1.75B/us/d1usub_.ent
Number of residues: 132
Doing a BEZIER segmentation ...

Bounding box volume: 39599.4
Null Model Fit: 5917.34 bits.
Bits per residue: 45.1705

Bezier model fit: 5422.76 bits.
Bits per residue: 41.3951

# of segments: 12
Internal segmentation:
0-->4-->22-->32-->44-->51-->64-->68-->78-->79-->95-->106-->131

CPU time used: 1.21 secs.
Wall clock time elapsed: 1 secs.

        SEGMENT          START            END   NUM_RESIDUES MESSAGE_LENGTH                    END_POINTS        INTERMEDIATE_CONTROL_POINTS
              1           B 12           B 16              5         182.34         (-5.648, 17.507, 4.38)
                                                                                    (-7.435, 13.031, 16.299)

              2           B 16           B 39             19        733.217         (-7.435, 13.031, 16.299)
                                                                                    (-11.301, -13.89, 45.48)

              3           B 39           B 49             11        422.545         (-11.301, -13.89, 45.48)
                                                                                    (-3.923, 10.855, 31.383)

              4           B 49           B 62             13        504.971         (-3.923, 10.855, 31.383)
                                                                                    (-1.318, 7.702, 1.524)

              5           B 62           B 69              8        292.518         (-1.318, 7.702, 1.524)
                                                                                    (0.987, 8.095, 23.091)

              6           B 69           B 86             14        531.339         (0.987, 8.095, 23.091)
                                                                                    (-10.002, -10.026, 51.894)

              7           B 86           B 90              5        177.569         (-10.002, -10.026, 51.894)
                                                                                    (-5.485, 1.058, 44.603)

              8           B 90          B 100             11        416.281         (-5.485, 1.058, 44.603)
                                                                                    (1.924, 3.37, 15.215)

              9          B 100          B 101              2        48.2076         (1.924, 3.37, 15.215)
                                                                                    (4.701, 0.818, 15.074)

             10          B 101          B 117             17        669.171         (4.701, 0.818, 15.074)
                                                                                    (2.477, -3.954, 52.113)

             11          B 117          B 128             12        458.161         (2.477, -3.954, 52.113)
                                                                                    (0.239, -9.051, 35.112)

             12          B 128          B 153             26        986.438         (0.239, -9.051, 35.112)
                                                                                    (-12.127, 8.588, 5.304)

