Using structure file: /home/pkas7/Research/SCOP/pdbstyle-1.75B/v0/d1v0wa1.ent
Number of residues: 256
Doing a BEZIER segmentation ...

Bounding box volume: 109125
Null Model Fit: 11891.4 bits.
Bits per residue: 46.633

Bezier model fit: 10653.6 bits.
Bits per residue: 41.7787

# of segments: 22
Internal segmentation:
0-->2-->17-->36-->44-->52-->76-->84-->89-->107-->120-->121-->138-->142-->156-->167-->188-->189-->202-->224-->232-->248-->255

CPU time used: 2.6 secs.
Wall clock time elapsed: 2 secs.

        SEGMENT          START            END   NUM_RESIDUES MESSAGE_LENGTH                    END_POINTS        INTERMEDIATE_CONTROL_POINTS
              1            A 6            A 8              3         97.303         (10.236, 21.819, 44.389)
                                                                                    (10.185, 24.218, 39.686)

              2            A 8           A 23             16        615.734         (10.185, 24.218, 39.686)
                                                                                    (26.963, 18.018, 29.848)

              3           A 23           A 42             20        792.772         (26.963, 18.018, 29.848)
                                                                                    (3.67, 48.676, 33.578)

              4           A 42           A 50              9        349.882         (3.67, 48.676, 33.578)
                                                                                    (5.513, 39.612, 21.591)

              5           A 50           A 58              9         344.84         (5.513, 39.612, 21.591)
                                                                                    (-10.896, 40.569, 13.145)

              6           A 58           A 82             25         951.94         (-10.896, 40.569, 13.145)
                                                                                    (25.555, 50.734, 25.882)

              7           A 82           A 90              9        336.647         (25.555, 50.734, 25.882)
                                                                                    (17.014, 33.287, 9.013)

              8           A 90           A 95              6        228.024         (17.014, 33.287, 9.013)
                                                                                    (13.856, 44.484, 5.951)

              9           A 95          A 113             19        718.546         (13.856, 44.484, 5.951)
                                                                                    (26.901, 58.678, 23.594)

             10          A 113          A 126             14        545.541         (26.901, 58.678, 23.594)
                                                                                    (24.493, 27.767, 0.336)

             11          A 126          A 129              2          49.67         (24.493, 27.767, 0.336)
                                                                                    (30.207, 31.988, -5.548)

             12          A 129          A 146             18        694.416         (30.207, 31.988, -5.548)
                                                                                    (24.086, 58.312, 9.179)

             13          A 146          A 150              5        186.783         (24.086, 58.312, 9.179)
                                                                                    (30.833, 56.413, 13.551)

             14          A 150          A 164             15        566.709         (30.833, 56.413, 13.551)
                                                                                    (23.772, 17.793, 2.653)

             15          A 164          A 175             12        460.733         (23.772, 17.793, 2.653)
                                                                                    (20.348, 40.378, 22.722)

             16          A 175          A 196             22        897.153         (20.348, 40.378, 22.722)
                                                                                    (0.061, 42.135, 3.98)

             17          A 196          A 197              2          49.67         (0.061, 42.135, 3.98)
                                                                                    (-3.63, 41.579, 4.74)

             18          A 197          A 210             14        545.576         (-3.63, 41.579, 4.74)
                                                                                    (21.118, 36.108, 33.294)

             19          A 210          A 232             23        881.735         (21.118, 36.108, 33.294)
                                                                                    (35.677, 29.109, 3.245)

             20          A 232          A 240              9        355.383         (35.677, 29.109, 3.245)
                                                                                    (32.61, 44.155, 8.546)

             21          A 240          A 256             17        686.479         (32.61, 44.155, 8.546)
                                                                                    (29.691, 40.137, 32.372)

             22          A 256          A 263              8        298.018         (29.691, 40.137, 32.372)
                                                                                    (13.537, 39.434, 38.774)

