Using structure file: /home/pkas7/Research/SCOP/pdbstyle-1.75B/v4/d1v4ra1.ent
Number of residues: 100
Doing a BEZIER segmentation ...

Bounding box volume: 32301.8
Null Model Fit: 4442.79 bits.
Bits per residue: 44.8767

Bezier model fit: 4181.2 bits.
Bits per residue: 42.2344

# of segments: 11
Internal segmentation:
0-->7-->27-->28-->35-->43-->45-->58-->68-->79-->90-->99

CPU time used: 0.86 secs.
Wall clock time elapsed: 0 secs.

        SEGMENT          START            END   NUM_RESIDUES MESSAGE_LENGTH                    END_POINTS        INTERMEDIATE_CONTROL_POINTS
              1            A 1            A 8              8        298.545         (9.011, -11.809, 9.326)
                                                                                    (0.085, -15.872, -8.952)

              2            A 8           A 28             21        836.515         (0.085, -15.872, -8.952)
                                                                                    (1.651, 6.352, 8.462)

              3           A 28           A 29              2        47.9137         (1.651, 6.352, 8.462)
                                                                                    (1.511, 9.377, 6.113)

              4           A 29           A 36              8        296.601         (1.511, 9.377, 6.113)
                                                                                    (11.864, -3.84, 0.229)

              5           A 36           A 44              9        342.135         (11.864, -3.84, 0.229)
                                                                                    (3.158, -11.906, 0.063)

              6           A 44           A 46              3        93.7904         (3.158, -11.906, 0.063)
                                                                                    (7.914, -10.59, -5.083)

              7           A 46           A 59             14        535.888         (7.914, -10.59, -5.083)
                                                                                    (-1.644, 8.498, -5.818)

              8           A 59           A 69             11        418.642         (-1.644, 8.498, -5.818)
                                                                                    (13.608, 13.508, 4.328)

              9           A 69           A 80             12        460.739         (13.608, 13.508, 4.328)
                                                                                    (-11.618, 9.838, -0.75)

             10           A 80           A 91             12        463.773         (-11.618, 9.838, -0.75)
                                                                                    (-19.155, -5.48, -3.034)

             11           A 91          A 100             10        386.659         (-19.155, -5.48, -3.034)
                                                                                    (-2.537, -3.182, 10.399)

