Using structure file: /home/pkas7/Research/SCOP/pdbstyle-1.75B/v7/d1v77a_.ent
Number of residues: 202
Doing a BEZIER segmentation ...

Bounding box volume: 50626.2
Null Model Fit: 9150.51 bits.
Bits per residue: 45.5249

Bezier model fit: 8368.71 bits.
Bits per residue: 41.6354

# of segments: 19
Internal segmentation:
0-->8-->9-->20-->32-->44-->55-->56-->68-->77-->78-->89-->98-->106-->117-->131-->153-->165-->184-->201

CPU time used: 2 secs.
Wall clock time elapsed: 2 secs.

        SEGMENT          START            END   NUM_RESIDUES MESSAGE_LENGTH                    END_POINTS        INTERMEDIATE_CONTROL_POINTS
              1            A 7           A 15              9        335.241         (19.211, 38.833, -8.123)
                                                                                    (8.378, 44.123, 12.589)

              2           A 15           A 16              2         48.562         (8.378, 44.123, 12.589)
                                                                                    (4.672, 44.081, 11.708)

              3           A 16           A 27             12        454.701         (4.672, 44.081, 11.708)
                                                                                    (11.293, 40.387, -1.82)

              4           A 27           A 39             13         483.99         (11.293, 40.387, -1.82)
                                                                                    (13.195, 37.597, 28.525)

              5           A 39           A 51             13        508.103         (13.195, 37.597, 28.525)
                                                                                    (4.343, 30.125, 10.55)

              6           A 51           A 62             12        464.784         (4.343, 30.125, 10.55)
                                                                                    (18.862, 44.499, 26.676)

              7           A 62           A 63              2         48.562         (18.862, 44.499, 26.676)
                                                                                    (21.12, 44.02, 29.688)

              8           A 63           A 75             13        494.915         (21.12, 44.02, 29.688)
                                                                                    (21.58, 29.096, 18.278)

              9           A 75           A 84             10        371.127         (21.58, 29.096, 18.278)
                                                                                    (21.768, 53.159, 22.646)

             10           A 84           A 85              2         48.562         (21.768, 53.159, 22.646)
                                                                                    (24.184, 52.019, 25.372)

             11           A 85           A 96             12        454.646         (24.184, 52.019, 25.372)
                                                                                    (28.773, 37.436, 18.323)

             12           A 96          A 105             10        389.266         (28.773, 37.436, 18.323)
                                                                                    (19.167, 56.194, 17.13)

             13          A 105          A 113              9        349.905         (19.167, 56.194, 17.13)
                                                                                    (33.763, 53.986, 15.569)

             14          A 113          A 124             12        454.331         (33.763, 53.986, 15.569)
                                                                                    (31.22, 38.596, 11.86)

             15          A 124          A 138             15        585.374         (31.22, 38.596, 11.86)
                                                                                    (10.696, 65.89, 11.325)

             16          A 138          A 160             23        876.324         (10.696, 65.89, 11.325)
                                                                                    (34.418, 45.77, 5.167)

             17          A 160          A 172             13        499.628         (34.418, 45.77, 5.167)
                                                                                    (2.511, 48.685, 6.075)

             18          A 172          A 191             20        800.244         (2.511, 48.685, 6.075)
                                                                                    (27.346, 53.558, -4.731)

             19          A 191          A 208             18        700.441         (27.346, 53.558, -4.731)
                                                                                    (24.662, 31.713, 5.786)

