Using structure file: /home/pkas7/Research/SCOP/pdbstyle-1.75B/v8/d1v8qa_.ent
Number of residues: 66
Doing a BEZIER segmentation ...

Bounding box volume: 19396.2
Null Model Fit: 2869.15 bits.
Bits per residue: 44.1408

Bezier model fit: 2759.38 bits.
Bits per residue: 42.452

# of segments: 10
Internal segmentation:
0-->9-->11-->21-->23-->29-->35-->45-->54-->64-->65

CPU time used: 0.46 secs.
Wall clock time elapsed: 0 secs.

        SEGMENT          START            END   NUM_RESIDUES MESSAGE_LENGTH                    END_POINTS        INTERMEDIATE_CONTROL_POINTS
              1           A 20           A 29             10        382.854         (19.814, 11.832, 23.284)
                                                                                    (29.101, 28.472, 29.204)

              2           A 29           A 31              3        92.3187         (29.101, 28.472, 29.204)
                                                                                    (30.464, 28.291, 23.054)

              3           A 31           A 41             11        422.645         (30.464, 28.291, 23.054)
                                                                                    (11.402, 17.237, 19.899)

              4           A 41           A 43              3        92.3187         (11.402, 17.237, 19.899)
                                                                                    (9.961, 24.123, 21.057)

              5           A 43           A 49              7        251.939         (9.961, 24.123, 21.057)
                                                                                    (19.816, 36.181, 20.086)

              6           A 49           A 55              7        254.289         (19.816, 36.181, 20.086)
                                                                                    (14.521, 21.485, 11.356)

              7           A 55           A 65             11         422.14         (14.521, 21.485, 11.356)
                                                                                    (29.85, 33.617, 22.857)

              8           A 65           A 74             10        378.289         (29.85, 33.617, 22.857)
                                                                                    (3.53, 32.767, 29.178)

              9           A 74           A 84             11        415.411         (3.53, 32.767, 29.178)
                                                                                    (32.107, 38.22, 23.962)

             10           A 84           A 85              2        47.1779         (32.107, 38.22, 23.962)
                                                                                    (34.579, 41.117, 24.225)

