Using structure file: /home/pkas7/Research/SCOP/pdbstyle-1.75B/ve/d1vema2.ent
Number of residues: 417
Doing a BEZIER segmentation ...

Bounding box volume: 157410
Null Model Fit: 19619.2 bits.
Bits per residue: 47.1615

Bezier model fit: 17422.3 bits.
Bits per residue: 41.8806

# of segments: 35
Internal segmentation:
0-->8-->17-->26-->41-->58-->78-->88-->89-->109-->120-->126-->133-->154-->156-->183-->185-->196-->211-->221-->226-->237-->246-->274-->279-->296-->322-->332-->339-->360-->370-->373-->388-->396-->403-->416

CPU time used: 4.14 secs.
Wall clock time elapsed: 4 secs.

        SEGMENT          START            END   NUM_RESIDUES MESSAGE_LENGTH                    END_POINTS        INTERMEDIATE_CONTROL_POINTS
              1            A 1            A 9              9        355.607         (35.157, 16.884, 21.971)
                                                                                    (46.227, 15.793, 16.912)

              2            A 9           A 18             10        367.567         (46.227, 15.793, 16.912)
                                                                                    (54.239, 43.218, 17.292)

              3           A 18           A 27             10        397.109         (54.239, 43.218, 17.292)
                                                                                    (66.873, 44.701, 19.593)

              4           A 27           A 42             16        608.015         (66.873, 44.701, 19.593)
                                                                                    (54.59, 25.646, 23.766)

              5           A 42           A 59             18        700.202         (54.59, 25.646, 23.766)
                                                                                    (56.853, 52.729, -6.604)

              6           A 59           A 79             21        815.445         (56.853, 52.729, -6.604)
                                                                                    (65.314, 27.706, 16.084)

              7           A 79           A 89             11        426.616         (65.314, 27.706, 16.084)
                                                                                    (45.986, 46.286, 4.038)

              8           A 89           A 90              2        50.1986         (45.986, 46.286, 4.038)
                                                                                    (46.676, 49.397, 6.105)

              9           A 90          A 110             21        854.877         (46.676, 49.397, 6.105)
                                                                                    (46.364, 53.436, -11.477)

             10          A 110          A 121             12        472.269         (46.364, 53.436, -11.477)
                                                                                    (25.738, 54.47, 2.465)

             11          A 121          A 127              7        263.746         (25.738, 54.47, 2.465)
                                                                                    (41.071, 53.389, 1.533)

             12          A 127          A 134              8        307.928         (41.071, 53.389, 1.533)
                                                                                    (38.85, 45.949, -9.055)

             13          A 134          A 155             22        828.694         (38.85, 45.949, -9.055)
                                                                                    (66.46, 31.083, 1.151)

             14          A 155          A 157              3        98.3601         (66.46, 31.083, 1.151)
                                                                                    (61.712, 28.298, 3.012)

             15          A 157          A 184             28        1131.36         (61.712, 28.298, 3.012)
                                                                                    (29.668, 52.372, 12.475)

             16          A 184          A 186              3        98.3601         (29.668, 52.372, 12.475)
                                                                                    (31.254, 48.712, 17.609)

             17          A 186          A 197             12        461.772         (31.254, 48.712, 17.609)
                                                                                    (29.835, 54.58, -9.059)

             18          A 197          A 212             16        610.042         (29.835, 54.58, -9.059)
                                                                                    (18.567, 39.467, -19.064)

             19          A 212          A 222             11        430.921         (18.567, 39.467, -19.064)
                                                                                    (7.867, 42.113, -8.153)

             20          A 222          A 227              6        228.766         (7.867, 42.113, -8.153)
                                                                                    (14.597, 52.037, -16.125)

             21          A 227          A 238             12        467.657         (14.597, 52.037, -16.125)
                                                                                    (18.559, 50.498, 8.128)

             22          A 238          A 247             10        390.465         (18.559, 50.498, 8.128)
                                                                                    (12.444, 40.262, -0.409)

             23          A 247          A 275             29        1092.47         (12.444, 40.262, -0.409)
                                                                                    (53.442, 31.754, -6.468)

             24          A 275          A 280              6        231.949         (53.442, 31.754, -6.468)
                                                                                    (57.391, 26.543, -0.154)

             25          A 280          A 297             18        696.392         (57.391, 26.543, -0.154)
                                                                                    (18.962, 42.389, 17.44)

             26          A 297          A 323             27        1088.11         (18.962, 42.389, 17.44)
                                                                                    (40.416, 28.05, -3.36)

             27          A 323          A 333             11        418.215         (40.416, 28.05, -3.36)
                                                                                    (37.866, 34.169, 23.878)

             28          A 333          A 340              8        310.223         (37.866, 34.169, 23.878)
                                                                                    (20.449, 45.25, 24.44)

             29          A 340          A 361             22        851.994         (20.449, 45.25, 24.44)
                                                                                    (36.522, 19.367, 5.897)

             30          A 361          A 371             11        417.273         (36.522, 19.367, 5.897)
                                                                                    (44.313, 41.093, 24.526)

             31          A 371          A 374              4        146.771         (44.313, 41.093, 24.526)
                                                                                    (43.128, 37.015, 32.791)

             32          A 374          A 389             16        611.537         (43.128, 37.015, 32.791)
                                                                                    (38.635, 20.478, 16.34)

             33          A 389          A 397              9        341.047         (38.635, 20.478, 16.34)
                                                                                    (49.824, 39.589, 20.991)

             34          A 397          A 404              8        309.188         (49.824, 39.589, 20.991)
                                                                                    (54.166, 38.891, 32.049)

             35          A 404          A 417             14        541.191         (54.166, 38.891, 32.049)
                                                                                    (50.179, 21.863, 24.796)

