Using structure file: /home/pkas7/Research/SCOP/pdbstyle-1.75B/vh/d1vhoa2.ent
Number of residues: 244
Doing a BEZIER segmentation ...

Bounding box volume: 58858.9
Null Model Fit: 11115.4 bits.
Bits per residue: 45.7423

Bezier model fit: 10167.2 bits.
Bits per residue: 41.8404

# of segments: 29
Internal segmentation:
0-->1-->15-->32-->34-->42-->52-->53-->66-->67-->75-->82-->103-->104-->116-->130-->132-->142-->146-->155-->166-->167-->182-->188-->194-->203-->212-->218-->226-->243

CPU time used: 2.45 secs.
Wall clock time elapsed: 2 secs.

        SEGMENT          START            END   NUM_RESIDUES MESSAGE_LENGTH                    END_POINTS        INTERMEDIATE_CONTROL_POINTS
              1            A 3            A 4              2        48.7794         (58.602, 13.592, -3.536)
                                                                                    (54.855, 14.228, -3.613)

              2            A 4           A 18             15        580.685         (54.855, 14.228, -3.613)
                                                                                    (60.108, 22.495, 19.413)

              3           A 18           A 35             18        694.804         (60.108, 22.495, 19.413)
                                                                                    (70.303, 18.426, -4.699)

              4           A 35           A 37              3        95.5217         (70.303, 18.426, -4.699)
                                                                                    (71.125, 24.381, -4.022)

              5           A 37           A 45              9        327.129         (71.125, 24.381, -4.022)
                                                                                    (71.625, 29.564, 16.301)

              6           A 45           A 55             11        415.708         (71.625, 29.564, 16.301)
                                                                                    (72.602, 35.24, -13.259)

              7           A 55           A 56              2        48.7794         (72.602, 35.24, -13.259)
                                                                                    (73.377, 37.831, -10.588)

              8           A 56           A 69             14        525.257         (73.377, 37.831, -10.588)
                                                                                    (55.175, 24.384, 20.298)

              9           A 69          A 153              2        48.7794         (55.175, 24.384, 20.298)
                                                                                    (52.326, 17.226, 20.549)

             10          A 153          A 161              9        346.803         (52.326, 17.226, 20.549)
                                                                                    (40.19, 14.162, 0.743)

             11          A 161          A 168              8        301.116         (40.19, 14.162, 0.743)
                                                                                    (52.92, 22.228, 13.3)

             12          A 168          A 189             22        839.733         (52.92, 22.228, 13.3)
                                                                                    (68.024, 29.724, -15.937)

             13          A 189          A 190              2        48.7794         (68.024, 29.724, -15.937)
                                                                                    (66.606, 32.258, -13.465)

             14          A 190          A 202             13        488.061         (66.606, 32.258, -13.465)
                                                                                    (66.43, 31.939, 18.739)

             15          A 202          A 216             15        597.015         (66.43, 31.939, 18.739)
                                                                                    (74.018, 40.456, 2.041)

             16          A 216          A 218              3        95.5217         (74.018, 40.456, 2.041)
                                                                                    (68.405, 41.338, -0.441)

             17          A 218          A 228             11        407.489         (68.405, 41.338, -0.441)
                                                                                    (42.51, 31.464, 7.538)

             18          A 228          A 232              5        181.087         (42.51, 31.464, 7.538)
                                                                                    (37.183, 42.242, 12.45)

             19          A 232          A 241             10        375.132         (37.183, 42.242, 12.45)
                                                                                    (42.421, 25.126, -2.291)

             20          A 241          A 252             12        463.078         (42.421, 25.126, -2.291)
                                                                                    (54.184, 45.417, 2.413)

             21          A 252          A 253              2        48.7794         (54.184, 45.417, 2.413)
                                                                                    (55.691, 47.108, -0.604)

             22          A 253          A 268             16        606.124         (55.691, 47.108, -0.604)
                                                                                    (47.403, 31.214, -14.148)

             23          A 268          A 274              7        257.208         (47.403, 31.214, -14.148)
                                                                                    (43.732, 39.624, 2.934)

             24          A 274          A 284              7          268.2         (43.732, 39.624, 2.934)
                                                                                    (57.197, 40.987, 13.993)

             25          A 284          A 293             10        384.212         (57.197, 40.987, 13.993)
                                                                                    (64.753, 49.246, 3.28)

             26          A 293          A 302             10        373.608         (64.753, 49.246, 3.28)
                                                                                    (45.416, 28.888, 3.993)

             27          A 302          A 308              7        268.512         (45.416, 28.888, 3.993)
                                                                                    (45.519, 22.475, 17.258)

             28          A 308          A 316              9        334.917         (45.519, 22.475, 17.258)
                                                                                    (47.857, 22.277, -3.994)

             29          A 316          A 333             18        696.393         (47.857, 22.277, -3.994)
                                                                                    (61.611, 43.132, -12.746)

