Using structure file: /home/pkas7/Research/SCOP/pdbstyle-1.75B/vi/d1vioa2.ent
Number of residues: 58
Doing a BEZIER segmentation ...

Bounding box volume: 8273.93
Null Model Fit: 2445.97 bits.
Bits per residue: 42.9117

Bezier model fit: 2399.37 bits.
Bits per residue: 42.0942

# of segments: 9
Internal segmentation:
0-->2-->12-->14-->25-->31-->36-->43-->50-->57

CPU time used: 0.41 secs.
Wall clock time elapsed: 0 secs.

        SEGMENT          START            END   NUM_RESIDUES MESSAGE_LENGTH                    END_POINTS        INTERMEDIATE_CONTROL_POINTS
              1            A 0            A 2              3        89.8605         (48.219, 22.618, 38.023)
                                                                                    (43.936, 19.041, 33.573)

              2            A 2           A 12             11         415.73         (43.936, 19.041, 33.573)
                                                                                    (33.524, 11.405, 41.318)

              3           A 12           A 14              3        89.8605         (33.524, 11.405, 41.318)
                                                                                    (34.957, 8.107, 35.384)

              4           A 14           A 25             12        447.699         (34.957, 8.107, 35.384)
                                                                                    (29.372, 22.42, 27.874)

              5           A 25           A 31              7        256.906         (29.372, 22.42, 27.874)
                                                                                    (32.489, 31.496, 34.741)

              6           A 31           A 36              6        218.878         (32.489, 31.496, 34.741)
                                                                                    (38.702, 21.111, 26.324)

              7           A 36           A 43              8        295.386         (38.702, 21.111, 26.324)
                                                                                    (43.95, 26.123, 42.792)

              8           A 43           A 50              8        290.207         (43.95, 26.123, 42.792)
                                                                                    (26.572, 22.415, 35.995)

              9           A 50           A 57              8        294.841         (26.572, 22.415, 35.995)
                                                                                    (41.299, 21.324, 48.447)

