Using structure file: /home/pkas7/Research/SCOP/pdbstyle-1.75B/vk/d1vkza1.ent
Number of residues: 86
Doing a BEZIER segmentation ...

Bounding box volume: 21144.9
Null Model Fit: 3762.56 bits.
Bits per residue: 44.2654

Bezier model fit: 3563.45 bits.
Bits per residue: 41.923

# of segments: 12
Internal segmentation:
0-->10-->11-->18-->27-->32-->39-->48-->57-->58-->74-->76-->85

CPU time used: 0.71 secs.
Wall clock time elapsed: 0 secs.

        SEGMENT          START            END   NUM_RESIDUES MESSAGE_LENGTH                    END_POINTS        INTERMEDIATE_CONTROL_POINTS
              1          A 314          A 324             11        406.948         (30.449, 20.652, 55.617)
                                                                                    (33.057, 50.01, 68.419)

              2          A 324          A 325              2        47.3024         (33.057, 50.01, 68.419)
                                                                                    (30.219, 52.344, 67.394)

              3          A 325          A 332              8        309.808         (30.219, 52.344, 67.394)
                                                                                    (38.148, 53.893, 62.516)

              4          A 332          A 341             10        375.335         (38.148, 53.893, 62.516)
                                                                                    (46.656, 31.488, 59.851)

              5          A 341          A 346              6        222.117         (46.656, 31.488, 59.851)
                                                                                    (38.457, 41.52, 55.092)

              6          A 346          A 353              8        292.452         (38.457, 41.52, 55.092)
                                                                                    (51.797, 53.789, 58.511)

              7          A 353          A 362             10        381.091         (51.797, 53.789, 58.511)
                                                                                    (32.421, 45.657, 59.748)

              8          A 362          A 371             10        365.904         (32.421, 45.657, 59.748)
                                                                                    (31.861, 18.522, 59.549)

              9          A 371          A 372              2        47.3024         (31.861, 18.522, 59.549)
                                                                                    (29.394, 19.798, 62.143)

             10          A 372          A 388             17        640.783         (29.394, 19.798, 62.143)
                                                                                    (42.542, 41.986, 67.947)

             11          A 388          A 390              3        92.5678         (42.542, 41.986, 67.947)
                                                                                    (40.556, 48.11, 70.069)

             12          A 390          A 399             10        381.843         (40.556, 48.11, 70.069)
                                                                                    (25.487, 29.263, 65.471)

