Using structure file: /home/pkas7/Research/SCOP/pdbstyle-1.75B/vp/d1vpya_.ent
Number of residues: 251
Doing a BEZIER segmentation ...

Bounding box volume: 70649.9
Null Model Fit: 11501.4 bits.
Bits per residue: 46.0058

Bezier model fit: 10442.3 bits.
Bits per residue: 41.7693

# of segments: 27
Internal segmentation:
0-->11-->15-->23-->33-->37-->49-->61-->73-->92-->104-->109-->124-->125-->134-->140-->154-->161-->166-->179-->189-->194-->195-->203-->221-->232-->248-->250

CPU time used: 2.53 secs.
Wall clock time elapsed: 2 secs.

        SEGMENT          START            END   NUM_RESIDUES MESSAGE_LENGTH                    END_POINTS        INTERMEDIATE_CONTROL_POINTS
              1           A -3            A 8             12        458.061         (30.368, 13.001, 48.53)
                                                                                    (16.803, 38.681, 32.634)

              2            A 8           A 22              5        185.334         (16.803, 38.681, 32.634)
                                                                                    (18.702, 43.664, 40.91)

              3           A 22           A 30              9        343.834         (18.702, 43.664, 40.91)
                                                                                    (20.039, 31.667, 41.833)

              4           A 30           A 40             11        418.065         (20.039, 31.667, 41.833)
                                                                                    (26.348, 45.856, 23.354)

              5           A 40           A 44              5        183.289         (26.348, 45.856, 23.354)
                                                                                    (34.488, 49.841, 32.383)

              6           A 44           A 56             13        495.038         (34.488, 49.841, 32.383)
                                                                                    (28.081, 35.263, 46.943)

              7           A 56           A 68             13        496.438         (28.081, 35.263, 46.943)
                                                                                    (32.4, 42.455, 17.562)

              8           A 68           A 80             13        519.166         (32.4, 42.455, 17.562)
                                                                                    (41.12, 50.301, 15.516)

              9           A 80           A 99             20        775.034         (41.12, 50.301, 15.516)
                                                                                    (37.697, 36.32, 40.849)

             10           A 99          A 111             13        488.933         (37.697, 36.32, 40.849)
                                                                                    (22.913, 32.026, 11.433)

             11          A 111          A 116              6         223.56         (22.913, 32.026, 11.433)
                                                                                    (33.718, 27.362, 6.402)

             12          A 116          A 131             16        602.415         (33.718, 27.362, 6.402)
                                                                                    (44.516, 32.061, 26.423)

             13          A 131          A 132              2        49.0428         (44.516, 32.061, 26.423)
                                                                                    (43.393, 29.42, 28.939)

             14          A 132          A 141             10        379.803         (43.393, 29.42, 28.939)
                                                                                    (23.873, 27.322, 11.621)

             15          A 141          A 147              7        265.738         (23.873, 27.322, 11.621)
                                                                                    (26.038, 14.258, 9.211)

             16          A 147          A 161             15        574.136         (26.038, 14.258, 9.211)
                                                                                    (38.634, 22.801, 25.037)

             17          A 161          A 168              8         294.04         (38.634, 22.801, 25.037)
                                                                                    (16.975, 24.259, 22.446)

             18          A 168          A 173              6        224.985         (16.975, 24.259, 22.446)
                                                                                    (12.964, 24.585, 8.111)

             19          A 173          A 186             14        536.582         (12.964, 24.585, 8.111)
                                                                                    (34.145, 17.594, 30.432)

             20          A 186          A 196             11        401.887         (34.145, 17.594, 30.432)
                                                                                    (10.477, 27.132, 20.427)

             21          A 196          A 201              6        226.991         (10.477, 27.132, 20.427)
                                                                                    (14.482, 33.791, 14.296)

             22          A 201          A 210              2        49.0428         (14.482, 33.791, 14.296)
                                                                                    (12.621, 38.952, 18.503)

             23          A 210          A 218              9        338.668         (12.621, 38.952, 18.503)
                                                                                    (5.331, 23.399, 29.449)

             24          A 218          A 236             19        724.766         (5.331, 23.399, 29.449)
                                                                                    (30.648, 16.825, 32.976)

             25          A 236          A 247             12        446.715         (30.648, 16.825, 32.976)
                                                                                    (9.681, 37.265, 29.29)

             26          A 247          A 263             17        644.701         (9.681, 37.265, 29.29)
                                                                                    (15.165, 18.751, 43.336)

             27          A 263          A 265              3        96.0486         (15.165, 18.751, 43.336)
                                                                                    (19.56, 22.609, 46.662)

