Using structure file: /home/pkas7/Research/SCOP/pdbstyle-1.75B/vp/d1vpta_.ent
Number of residues: 291
Doing a BEZIER segmentation ...

Bounding box volume: 105639
Null Model Fit: 13510 bits.
Bits per residue: 46.5861

Bezier model fit: 12172.3 bits.
Bits per residue: 41.9735

# of segments: 31
Internal segmentation:
0-->7-->14-->21-->22-->35-->56-->57-->69-->85-->95-->99-->105-->116-->129-->130-->142-->161-->162-->173-->178-->186-->196-->209-->219-->240-->264-->265-->270-->271-->288-->290

CPU time used: 2.94 secs.
Wall clock time elapsed: 2 secs.

        SEGMENT          START            END   NUM_RESIDUES MESSAGE_LENGTH                    END_POINTS        INTERMEDIATE_CONTROL_POINTS
              1            A 1            A 8              8        299.245         (19.715, 30.459, 41.874)
                                                                                    (7.566, 37.768, 27.401)

              2            A 8           A 15              8        315.457         (7.566, 37.768, 27.401)
                                                                                    (10.882, 33.009, 18.093)

              3           A 15           A 22              8         299.66         (10.882, 33.009, 18.093)
                                                                                    (22.305, 18.559, 21.64)

              4           A 22           A 23              2        49.6232         (22.305, 18.559, 21.64)
                                                                                    (23.802, 16.399, 24.391)

              5           A 23           A 36             14        551.253         (23.802, 16.399, 24.391)
                                                                                    (-0.466, 14.36, 35.675)

              6           A 36           A 57             22        840.815         (-0.466, 14.36, 35.675)
                                                                                    (-15.763, 33.209, 15.669)

              7           A 57           A 58              2        49.6232         (-15.763, 33.209, 15.669)
                                                                                    (-15.107, 29.737, 14.3)

              8           A 58           A 70             13         517.39         (-15.107, 29.737, 14.3)
                                                                                    (-7.775, 8.391, 25.487)

              9           A 70           A 86             17        664.047         (-7.775, 8.391, 25.487)
                                                                                    (-22.435, 29.193, 26.445)

             10           A 86           A 96             11        421.408         (-22.435, 29.193, 26.445)
                                                                                    (-8.836, 2.399, 20.297)

             11           A 96          A 100              5         183.22         (-8.836, 2.399, 20.297)
                                                                                    (-11.858, 8.318, 31.48)

             12          A 100          A 106              7         265.93         (-11.858, 8.318, 31.48)
                                                                                    (-22.832, 14.006, 28.542)

             13          A 106          A 117             12        465.219         (-22.832, 14.006, 28.542)
                                                                                    (-7.718, 4.555, 9.225)

             14          A 117          A 130             14        537.641         (-7.718, 4.555, 9.225)
                                                                                    (-22.545, 18.945, 7.016)

             15          A 130          A 131              2        49.6232         (-22.545, 18.945, 7.016)
                                                                                    (-21.079, 19.982, 10.377)

             16          A 131          A 149             13        515.782         (-21.079, 19.982, 10.377)
                                                                                    (11.055, 5.476, 15.73)

             17          A 149          A 168             20        752.544         (11.055, 5.476, 15.73)
                                                                                    (-11.326, 18.961, 5.523)

             18          A 168          A 169              2        49.6232         (-11.326, 18.961, 5.523)
                                                                                    (-11.415, 20.837, 8.904)

             19          A 169          A 180             12        462.767         (-11.415, 20.837, 8.904)
                                                                                    (16.381, 13.169, 14.9)

             20          A 180          A 185              6        220.028         (16.381, 13.169, 14.9)
                                                                                    (15.036, 8.402, 6.675)

             21          A 185          A 193              9        350.284         (15.036, 8.402, 6.675)
                                                                                    (0.886, 26.589, 10.675)

             22          A 193          A 203             11        438.993         (0.886, 26.589, 10.675)
                                                                                    (12.184, 18.388, 30.368)

             23          A 203          A 216             14        522.545         (12.184, 18.388, 30.368)
                                                                                    (-10.818, 27.972, 0.925)

             24          A 216          A 226             11        403.248         (-10.818, 27.972, 0.925)
                                                                                    (17.641, 16.76, 7.597)

             25          A 226          A 247             22        837.443         (17.641, 16.76, 7.597)
                                                                                    (13.439, 31.938, 37.336)

             26          A 247          A 271             25        1004.34         (13.439, 31.938, 37.336)
                                                                                    (-12.358, 33.958, 28.392)

             27          A 271          A 272              2        49.6232         (-12.358, 33.958, 28.392)
                                                                                    (-14.194, 33.72, 31.744)

             28          A 272          A 277              6        222.846         (-14.194, 33.72, 31.744)
                                                                                    (-9.817, 43.681, 38.083)

             29          A 277          A 278              2        49.6232         (-9.817, 43.681, 38.083)
                                                                                    (-6.452, 42.461, 36.74)

             30          A 278          A 295             18        685.249         (-6.452, 42.461, 36.74)
                                                                                    (-5.452, 16.959, 41.389)

             31          A 295          A 297              3        97.2093         (-5.452, 16.959, 41.389)
                                                                                    (-1.136, 20.484, 44.469)

