Using structure file: /home/pkas7/Research/SCOP/pdbstyle-1.75B/vq/d1vqza1.ent
Number of residues: 88
Doing a BEZIER segmentation ...

Bounding box volume: 23139.7
Null Model Fit: 3862.4 bits.
Bits per residue: 44.3954

Bezier model fit: 3666.83 bits.
Bits per residue: 42.1475

# of segments: 10
Internal segmentation:
0-->4-->13-->24-->38-->39-->52-->56-->68-->70-->87

CPU time used: 0.73 secs.
Wall clock time elapsed: 0 secs.

        SEGMENT          START            END   NUM_RESIDUES MESSAGE_LENGTH                    END_POINTS        INTERMEDIATE_CONTROL_POINTS
              1          A 242          A 246              5        180.097         (25.97, 20.181, 29.032)
                                                                                    (28.73, 24.623, 39.921)

              2          A 246          A 255             10        369.426         (28.73, 24.623, 39.921)
                                                                                    (6.627, 38.034, 36.9)

              3          A 255          A 266             12        459.845         (6.627, 38.034, 36.9)
                                                                                    (35.776, 29.436, 45.112)

              4          A 266          A 280             15        592.919         (35.776, 29.436, 45.112)
                                                                                    (13.5, 37.779, 27.553)

              5          A 280          A 281              2        47.4325         (13.5, 37.779, 27.553)
                                                                                    (16.405, 39.979, 26.601)

              6          A 281          A 294             14        536.887         (16.405, 39.979, 26.601)
                                                                                    (35.545, 37.241, 39.501)

              7          A 294          A 298              5        180.697         (35.545, 37.241, 39.501)
                                                                                    (27.997, 38.854, 48.157)

              8          A 298          A 310             13         494.95         (27.997, 38.854, 48.157)
                                                                                    (22.213, 48.031, 30.922)

              9          A 310          A 312              3        92.8279         (22.213, 48.031, 30.922)
                                                                                    (17.19, 45.966, 30.208)

             10          A 312          A 329             18        711.749         (17.19, 45.966, 30.208)
                                                                                    (21.336, 34.997, 48.962)

