Using structure file: /home/pkas7/Research/SCOP/pdbstyle-1.75B/vq/d1vqsa_.ent
Number of residues: 110
Doing a BEZIER segmentation ...

Bounding box volume: 43086.3
Null Model Fit: 4936.86 bits.
Bits per residue: 45.2923

Bezier model fit: 4562.16 bits.
Bits per residue: 41.8547

# of segments: 13
Internal segmentation:
0-->3-->16-->28-->39-->50-->53-->64-->79-->91-->92-->99-->105-->109

CPU time used: 0.97 secs.
Wall clock time elapsed: 1 secs.

        SEGMENT          START            END   NUM_RESIDUES MESSAGE_LENGTH                    END_POINTS        INTERMEDIATE_CONTROL_POINTS
              1           A -5           A -2              4        141.163         (3.356, 25.047, 80.091)
                                                                                    (2.054, 33.25, 75.849)

              2           A -2           A 11             14        516.539         (2.054, 33.25, 75.849)
                                                                                    (7.169, 4.869, 47.04)

              3           A 11           A 23             13         505.21         (7.169, 4.869, 47.04)
                                                                                    (13.954, 21.576, 45.314)

              4           A 23           A 34             12        459.862         (13.954, 21.576, 45.314)
                                                                                    (3.26, 29.271, 53.911)

              5           A 34           A 45             12        461.771         (3.26, 29.271, 53.911)
                                                                                    (17.751, 5.167, 60.364)

              6           A 45           A 48              4        141.163         (17.751, 5.167, 60.364)
                                                                                    (12.782, 4.062, 55.301)

              7           A 48           A 59             12        456.884         (12.782, 4.062, 55.301)
                                                                                    (-2.118, 30.762, 64.429)

              8           A 59           A 74             16        601.485         (-2.118, 30.762, 64.429)
                                                                                    (-1.845, 27.546, 39.467)

              9           A 74           A 86             13        498.276         (-1.845, 27.546, 39.467)
                                                                                    (5.563, 9.501, 44.864)

             10           A 86           A 87              2        48.3294         (5.563, 9.501, 44.864)
                                                                                    (3.79, 9.909, 48.22)

             11           A 87           A 94              8        285.608         (3.79, 9.909, 48.22)
                                                                                    (0.121, 20.359, 65.079)

             12           A 94          A 100              7         260.94         (0.121, 20.359, 65.079)
                                                                                    (12.566, 25.716, 76.761)

             13          A 100          A 104              5        184.931         (12.566, 25.716, 76.761)
                                                                                    (9.492, 29.086, 69.978)

