Using structure file: /home/pkas7/Research/SCOP/pdbstyle-1.75B/w0/d1w07a2.ent
Number of residues: 198
Doing a BEZIER segmentation ...

Bounding box volume: 166671
Null Model Fit: 9307.07 bits.
Bits per residue: 47.244

Bezier model fit: 8098.77 bits.
Bits per residue: 41.1105

# of segments: 14
Internal segmentation:
0-->11-->18-->44-->54-->79-->83-->105-->114-->116-->136-->151-->161-->179-->197

CPU time used: 1.93 secs.
Wall clock time elapsed: 1 secs.

        SEGMENT          START            END   NUM_RESIDUES MESSAGE_LENGTH                    END_POINTS        INTERMEDIATE_CONTROL_POINTS
              1          A 462          A 473             12        469.759         (12.753, 14.438, 17.402)
                                                                                    (24.242, 25.569, -2.872)

              2          A 473          A 480              8        305.492         (24.242, 25.569, -2.872)
                                                                                    (10.58, 27.27, 1.956)

              3          A 480          A 506             27        1011.52         (10.58, 27.27, 1.956)
                                                                                    (15.663, 24.731, 43.036)

              4          A 506          A 516             11        431.547         (15.663, 24.731, 43.036)
                                                                                    (15.138, 36.096, 31.73)

              5          A 516          A 541             26        971.032         (15.138, 36.096, 31.73)
                                                                                    (-2.08, 32.397, -2.177)

              6          A 541          A 545              5        184.004         (-2.08, 32.397, -2.177)
                                                                                    (-0.057, 40.843, -11.365)

              7          A 545          A 567             23        874.363         (-0.057, 40.843, -11.365)
                                                                                    (21.271, 35.807, 14.468)

              8          A 567          A 576             10        387.975         (21.271, 35.807, 14.468)
                                                                                    (21.701, 21.727, 11.881)

              9          A 576          A 578              3        98.5251         (21.701, 21.727, 11.881)
                                                                                    (27.099, 24.771, 9.152)

             10          A 578          A 598             21        787.257         (27.099, 24.771, 9.152)
                                                                                    (15.81, 47.86, -9.833)

             11          A 598          A 613             16         637.72         (15.81, 47.86, -9.833)
                                                                                    (1.214, 62.35, 4.172)

             12          A 613          A 623             11        438.762         (1.214, 62.35, 4.172)
                                                                                    (12.824, 63.256, -6.563)

             13          A 623          A 641             19        748.118         (12.824, 63.256, -6.563)
                                                                                    (15.633, 88.601, 10.011)

             14          A 641          A 659             19        752.693         (15.633, 88.601, 10.011)
                                                                                    (33.305, 92.538, 27.207)

