Using structure file: /home/pkas7/Research/SCOP/pdbstyle-1.75B/wf/d1wffa_.ent
Number of residues: 85
Doing a BEZIER segmentation ...

Bounding box volume: 84886.9
Null Model Fit: 3886.73 bits.
Bits per residue: 46.2706

Bezier model fit: 3530.81 bits.
Bits per residue: 42.0335

# of segments: 7
Internal segmentation:
0-->27-->37-->60-->66-->71-->78-->84

CPU time used: 0.69 secs.
Wall clock time elapsed: 0 secs.

        SEGMENT          START            END   NUM_RESIDUES MESSAGE_LENGTH                    END_POINTS        INTERMEDIATE_CONTROL_POINTS
              1            A 1           A 28             28        1056.63         (-76.063, 46.725, 19.254)
                                                                                    (-1.368, 3.688, -8.349)

              2           A 28           A 38             11        436.864         (-1.368, 3.688, -8.349)
                                                                                    (-10.332, -1.968, -4.805)

              3           A 38           A 61             24        982.644         (-10.332, -1.968, -4.805)
                                                                                    (11.291, 0.965, -5.261)

              4           A 61           A 67              7        264.969         (11.291, 0.965, -5.261)
                                                                                    (18.698, -4.148, 6.491)

              5           A 67           A 72              6        217.696         (18.698, -4.148, 6.491)
                                                                                    (20.046, -12.539, -2.557)

              6           A 72           A 79              8        303.753         (20.046, -12.539, -2.557)
                                                                                    (36.902, -17.624, 8.95)

              7           A 79           A 85              7        268.255         (36.902, -17.624, 8.95)
                                                                                    (34.916, -22.853, 21.899)

