Using structure file: /home/pkas7/Research/SCOP/pdbstyle-1.75B/wi/d1wiwa_.ent
Number of residues: 282
Doing a BEZIER segmentation ...

Bounding box volume: 104150
Null Model Fit: 13084.9 bits.
Bits per residue: 46.5657

Bezier model fit: 11753.7 bits.
Bits per residue: 41.828

# of segments: 28
Internal segmentation:
0-->6-->7-->32-->37-->44-->52-->61-->71-->73-->84-->92-->104-->120-->121-->143-->160-->169-->185-->194-->206-->212-->221-->235-->246-->247-->271-->272-->281

CPU time used: 2.84 secs.
Wall clock time elapsed: 2 secs.

        SEGMENT          START            END   NUM_RESIDUES MESSAGE_LENGTH                    END_POINTS        INTERMEDIATE_CONTROL_POINTS
              1            A 1            A 7              7         270.37         (36.197, 61.532, 23.454)
                                                                                    (27.581, 71.709, 28.626)

              2            A 7            A 8              2        49.6027         (27.581, 71.709, 28.626)
                                                                                    (26.241, 68.81, 26.542)

              3            A 8           A 33             26         1026.9         (26.241, 68.81, 26.542)
                                                                                    (22.187, 65.627, 72.797)

              4           A 33           A 38              6        222.142         (22.187, 65.627, 72.797)
                                                                                    (32.591, 55.702, 76.43)

              5           A 38           A 45              8        295.558         (32.591, 55.702, 76.43)
                                                                                    (27.666, 50.189, 53.885)

              6           A 45           A 53              9        344.725         (27.666, 50.189, 53.885)
                                                                                    (38.269, 56.693, 60.247)

              7           A 53           A 62             10         390.43         (38.269, 56.693, 60.247)
                                                                                    (28.675, 50.512, 78.424)

              8           A 62           A 72             11        413.576         (28.675, 50.512, 78.424)
                                                                                    (24.48, 50.236, 49.874)

              9           A 72           A 74              3        97.1684         (24.48, 50.236, 49.874)
                                                                                    (23.813, 44.635, 50.152)

             10           A 74           A 87             12        465.665         (23.813, 44.635, 50.152)
                                                                                    (25.568, 44.855, 78.067)

             11           A 87           A 95              9        335.739         (25.568, 44.855, 78.067)
                                                                                    (21.018, 54.744, 58.887)

             12           A 95          A 107             13        526.606         (21.018, 54.744, 58.887)
                                                                                    (24.08, 58.562, 48.914)

             13          A 107          A 123             17        647.115         (24.08, 58.562, 48.914)
                                                                                    (33.455, 65.965, 71.01)

             14          A 123          A 124              2        49.6027         (33.455, 65.965, 71.01)
                                                                                    (35.626, 66.42, 67.935)

             15          A 124          A 146             23        877.642         (35.626, 66.42, 67.935)
                                                                                    (36.358, 75.152, 36.251)

             16          A 146          A 163             18        715.909         (36.358, 75.152, 36.251)
                                                                                    (42.716, 52.781, 31.977)

             17          A 163          A 172             10        382.997         (42.716, 52.781, 31.977)
                                                                                    (45.181, 55.395, 55.826)

             18          A 172          A 188             17        654.031         (45.181, 55.395, 55.826)
                                                                                    (30.297, 52.585, 37.259)

             19          A 188          A 197             10        378.594         (30.297, 52.585, 37.259)
                                                                                    (51.67, 44.29, 51.844)

             20          A 197          A 209             13        501.668         (51.67, 44.29, 51.844)
                                                                                    (53.631, 39.692, 32.189)

             21          A 209          A 215              7        265.101         (53.631, 39.692, 32.189)
                                                                                    (46.408, 49.711, 31.018)

             22          A 215          A 224             10        382.084         (46.408, 49.711, 31.018)
                                                                                    (54.459, 59.414, 53.143)

             23          A 224          A 238             15        586.712         (54.459, 59.414, 53.143)
                                                                                    (52.716, 51.119, 34.659)

             24          A 238          A 249             12        443.489         (52.716, 51.119, 34.659)
                                                                                    (45.713, 70.412, 58.329)

             25          A 249          A 250              2        49.6027         (45.713, 70.412, 58.329)
                                                                                    (45.485, 66.951, 59.913)

             26          A 250          A 274             25        938.128         (45.485, 66.951, 59.913)
                                                                                    (28.649, 58.919, 29.091)

             27          A 274          A 275              2        49.6027         (28.649, 58.919, 29.091)
                                                                                    (26.929, 57.095, 31.956)

             28          A 275          A 284             10        392.911         (26.929, 57.095, 31.956)
                                                                                    (11.48, 50.156, 39.432)

