Using structure file: /home/pkas7/Research/SCOP/pdbstyle-1.75B/wo/d1woca_.ent
Number of residues: 99
Doing a BEZIER segmentation ...

Bounding box volume: 42752.2
Null Model Fit: 4437.54 bits.
Bits per residue: 45.2811

Bezier model fit: 4138.21 bits.
Bits per residue: 42.2266

# of segments: 10
Internal segmentation:
0-->8-->25-->40-->47-->54-->68-->74-->84-->92-->98

CPU time used: 0.84 secs.
Wall clock time elapsed: 0 secs.

        SEGMENT          START            END   NUM_RESIDUES MESSAGE_LENGTH                    END_POINTS        INTERMEDIATE_CONTROL_POINTS
              1            A 2           A 10              9        335.029         (-34.61, -10.884, 50.709)
                                                                                    (-13.362, -3.667, 63.577)

              2           A 10           A 27             18         717.46         (-13.362, -3.667, 63.577)
                                                                                    (-27.178, -2.241, 72.4)

              3           A 27           A 42             16        626.898         (-27.178, -2.241, 72.4)
                                                                                    (-10.133, -4.885, 38.893)

              4           A 42           A 49              8        293.559         (-10.133, -4.885, 38.893)
                                                                                    (-18.714, 2.61, 59.439)

              5           A 49           A 56              8        292.631         (-18.714, 2.61, 59.439)
                                                                                    (-32.942, -9.432, 72.641)

              6           A 56           A 70             15         588.83         (-32.942, -9.432, 72.641)
                                                                                    (-12.805, -5.997, 68.544)

              7           A 70           A 76              7        262.069         (-12.805, -5.997, 68.544)
                                                                                    (-28.441, -9.509, 59.775)

              8           A 76           A 86             11         423.18         (-28.441, -9.509, 59.775)
                                                                                    (-33.116, 14.269, 60.681)

              9           A 86           A 94              9        341.512         (-33.116, 14.269, 60.681)
                                                                                    (-27.785, -8.106, 63.956)

             10           A 94          A 100              7        257.039         (-27.785, -8.106, 63.956)
                                                                                    (-12.58, -12.453, 65.765)

