Using structure file: /home/pkas7/Research/SCOP/pdbstyle-1.75B/wv/d1wvka_.ent
Number of residues: 86
Doing a BEZIER segmentation ...

Bounding box volume: 27755.1
Null Model Fit: 3795.91 bits.
Bits per residue: 44.6578

Bezier model fit: 3630.71 bits.
Bits per residue: 42.7142

# of segments: 9
Internal segmentation:
0-->11-->18-->35-->42-->50-->56-->68-->84-->85

CPU time used: 0.71 secs.
Wall clock time elapsed: 0 secs.

        SEGMENT          START            END   NUM_RESIDUES MESSAGE_LENGTH                    END_POINTS        INTERMEDIATE_CONTROL_POINTS
              1            A 1           A 12             12        468.289         (38.465, 0.346, 12.58)
                                                                                    (25.881, 2.466, -4.048)

              2           A 12           A 19              8        311.942         (25.881, 2.466, -4.048)
                                                                                    (27.411, -6.609, 4.107)

              3           A 19           A 36             18        713.596         (27.411, -6.609, 4.107)
                                                                                    (2.953, 6.197, -8.144)

              4           A 36           A 43              8        299.728         (2.953, 6.197, -8.144)
                                                                                    (-1.596, 4.598, 6.848)

              5           A 43           A 51              9        340.746         (-1.596, 4.598, 6.848)
                                                                                    (-7.655, -12.499, 3.69)

              6           A 51           A 57              7        260.165         (-7.655, -12.499, 3.69)
                                                                                    (-9.057, 4.657, 1.492)

              7           A 57           A 69             13        506.426         (-9.057, 4.657, 1.492)
                                                                                    (-28.054, 1.201, 1.217)

              8           A 69           A 85             17        682.119         (-28.054, 1.201, 1.217)
                                                                                    (-22.931, -2.982, -0.133)

              9           A 85           A 86              2        47.6949         (-22.931, -2.982, -0.133)
                                                                                    (-25.872, -2.788, 2.415)

