Using structure file: /home/pkas7/Research/SCOP/pdbstyle-1.75B/wv/d1wv3a1.ent
Number of residues: 78
Doing a BEZIER segmentation ...

Bounding box volume: 18487.2
Null Model Fit: 3393.51 bits.
Bits per residue: 44.0716

Bezier model fit: 3225.55 bits.
Bits per residue: 41.8903

# of segments: 10
Internal segmentation:
0-->8-->16-->18-->30-->36-->48-->54-->59-->67-->77

CPU time used: 0.62 secs.
Wall clock time elapsed: 0 secs.

        SEGMENT          START            END   NUM_RESIDUES MESSAGE_LENGTH                    END_POINTS        INTERMEDIATE_CONTROL_POINTS
              1            A 1            A 9              9        322.738         (17.25, 64.949, 41.939)
                                                                                    (8.272, 45.26, 56.897)

              2            A 9           A 17              9        327.859         (8.272, 45.26, 56.897)
                                                                                    (15.471, 57.79, 39.943)

              3           A 17           A 19              3        92.1803         (15.471, 57.79, 39.943)
                                                                                    (15.268, 60.731, 33.803)

              4           A 19           A 31             13        509.417         (15.268, 60.731, 33.803)
                                                                                    (14.92, 43.48, 40.255)

              5           A 31           A 37              7        260.298         (14.92, 43.48, 40.255)
                                                                                    (7.649, 38.254, 50.69)

              6           A 37           A 49             13        490.965         (7.649, 38.254, 50.69)
                                                                                    (5.222, 64.873, 31.533)

              7           A 49           A 55              7        260.849         (5.222, 64.873, 31.533)
                                                                                    (2.218, 51.221, 38.594)

              8           A 55           A 60              6        219.972         (2.218, 51.221, 38.594)
                                                                                    (4.29, 62.865, 44.539)

              9           A 60           A 68              9        335.322         (4.29, 62.865, 44.539)
                                                                                    (1.767, 40.658, 52.071)

             10           A 68           A 78             11        405.951         (1.767, 40.658, 52.071)
                                                                                    (13.674, 66.229, 45.454)

