Using structure file: /home/pkas7/Research/SCOP/pdbstyle-1.75B/x3/d1x38a1.ent
Number of residues: 388
Doing a BEZIER segmentation ...

Bounding box volume: 136573
Null Model Fit: 18172.2 bits.
Bits per residue: 46.9567

Bezier model fit: 16291.2 bits.
Bits per residue: 42.096

# of segments: 33
Internal segmentation:
0-->10-->23-->36-->58-->65-->84-->97-->118-->119-->138-->152-->157-->165-->179-->187-->189-->196-->213-->228-->244-->259-->276-->278-->295-->296-->310-->318-->319-->334-->356-->365-->373-->387

CPU time used: 4.02 secs.
Wall clock time elapsed: 4 secs.

        SEGMENT          START            END   NUM_RESIDUES MESSAGE_LENGTH                    END_POINTS        INTERMEDIATE_CONTROL_POINTS
              1            A 1           A 11             11        441.638         (29.731, 3.884, -1.276)
                                                                                    (20.669, -0.142, 14.651)

              2           A 11           A 24             14        537.041         (20.669, -0.142, 14.651)
                                                                                    (39.219, 12.779, 12.225)

              3           A 24           A 37             14        559.478         (39.219, 12.779, 12.225)
                                                                                    (25.227, 30.523, 21.796)

              4           A 37           A 59             23        938.867         (25.227, 30.523, 21.796)
                                                                                    (20.998, 33.569, 27.264)

              5           A 59           A 66              8        317.267         (20.998, 33.569, 27.264)
                                                                                    (8.69, 34.235, 20.309)

              6           A 66           A 85             20        755.135         (8.69, 34.235, 20.309)
                                                                                    (31.874, 17.113, 5.946)

              7           A 85           A 98             14        530.732         (31.874, 17.113, 5.946)
                                                                                    (10.552, 24.261, 36.032)

              8           A 98          A 119             22        900.176         (10.552, 24.261, 36.032)
                                                                                    (4.223, 13.386, 47.031)

              9          A 119          A 120              2        49.9937         (4.223, 13.386, 47.031)
                                                                                    (2.775, 12.849, 43.534)

             10          A 120          A 139             20        763.759         (2.775, 12.849, 43.534)
                                                                                    (13.453, 23.998, 18.786)

             11          A 139          A 153             15        592.524         (13.453, 23.998, 18.786)
                                                                                    (21.187, 21.735, 54.669)

             12          A 153          A 158              6        226.462         (21.187, 21.735, 54.669)
                                                                                    (19.958, 25.35, 45.525)

             13          A 158          A 166              9        348.649         (19.958, 25.35, 45.525)
                                                                                    (14.769, 12.407, 52.053)

             14          A 166          A 180             15        575.448         (14.769, 12.407, 52.053)
                                                                                    (10.752, 14.506, 29.461)

             15          A 180          A 188              9        342.421         (10.752, 14.506, 29.461)
                                                                                    (15.057, -1.87, 28.409)

             16          A 188          A 190              3        97.9504         (15.057, -1.87, 28.409)
                                                                                    (19.276, -0.048, 32.859)

             17          A 190          A 197              8        302.631         (19.276, -0.048, 32.859)
                                                                                    (11.589, 10.935, 19.277)

             18          A 197          A 214             18        702.069         (11.589, 10.935, 19.277)
                                                                                    (28.195, 20.213, 51.149)

             19          A 214          A 229             16        642.213         (28.195, 20.213, 51.149)
                                                                                    (26.548, 7.637, 53.541)

             20          A 229          A 245             17        660.931         (26.548, 7.637, 53.541)
                                                                                    (17.113, 5.585, 30.662)

             21          A 245          A 260             16        648.416         (17.113, 5.585, 30.662)
                                                                                    (36.766, 17.45, 42.944)

             22          A 260          A 277             18        706.526         (36.766, 17.45, 42.944)
                                                                                    (26.568, 0.67, 33.403)

             23          A 277          A 279              3        97.9504         (26.568, 0.67, 33.403)
                                                                                    (25.907, 4.311, 28.475)

             24          A 279          A 296             18        710.615         (25.907, 4.311, 28.475)
                                                                                    (39.932, 28.435, 38.94)

             25          A 296          A 297              2        49.9937         (39.932, 28.435, 38.94)
                                                                                    (41.43, 28.255, 35.426)

             26          A 297          A 311             15        586.816         (41.43, 28.255, 35.426)
                                                                                    (35.711, 9.99, 32.274)

             27          A 311          A 319              9        345.778         (35.711, 9.99, 32.274)
                                                                                    (33.214, 30.237, 25.959)

             28          A 319          A 320              2        49.9937         (33.214, 30.237, 25.959)
                                                                                    (36.887, 29.531, 25.371)

             29          A 320          A 335             16        608.568         (36.887, 29.531, 25.371)
                                                                                    (49.845, 10.485, 24.014)

             30          A 335          A 357             23        890.144         (49.845, 10.485, 24.014)
                                                                                    (16.386, 10.684, 16.387)

             31          A 357          A 366             10        393.431         (16.386, 10.684, 16.387)
                                                                                    (7.153, 25, 13.327)

             32          A 366          A 374              9        345.462         (7.153, 25, 13.327)
                                                                                    (-0.403, 26.264, 26.261)

             33          A 374          A 388             15        572.071         (-0.403, 26.264, 26.261)
                                                                                    (2.544, 21.85, 46.679)

