Using structure file: /home/pkas7/Research/SCOP/pdbstyle-1.75B/x5/d1x58a1.ent
Number of residues: 49
Doing a BEZIER segmentation ...

Bounding box volume: 6913.02
Null Model Fit: 2047.32 bits.
Bits per residue: 42.6525

Bezier model fit: 2004.28 bits.
Bits per residue: 41.7559

# of segments: 5
Internal segmentation:
0-->4-->18-->33-->36-->48

CPU time used: 0.31 secs.
Wall clock time elapsed: 0 secs.

        SEGMENT          START            END   NUM_RESIDUES MESSAGE_LENGTH                    END_POINTS        INTERMEDIATE_CONTROL_POINTS
              1            A 8           A 12              5        177.801         (5.356, 14.376, -2.838)
                                                                                    (1.985, 6.345, -7.002)

              2           A 12           A 26             15        567.662         (1.985, 6.345, -7.002)
                                                                                    (-6.599, -10.931, -0.04)

              3           A 26           A 41             16        635.827         (-6.599, -10.931, -0.04)
                                                                                    (11.49, -0.45, -0.831)

              4           A 41           A 44              4        133.244         (11.49, -0.45, -0.831)
                                                                                    (6.008, -1.422, 6.19)

              5           A 44           A 56             13        489.751         (6.008, -1.422, 6.19)
                                                                                    (-11.7, 4.81, 2.436)

