Using structure file: /home/pkas7/Research/SCOP/pdbstyle-1.75B/xa/d1xa1a_.ent
Number of residues: 244
Doing a BEZIER segmentation ...

Bounding box volume: 86826.9
Null Model Fit: 11251.7 bits.
Bits per residue: 46.3032

Bezier model fit: 10249.2 bits.
Bits per residue: 42.1778

# of segments: 24
Internal segmentation:
0-->7-->19-->20-->31-->40-->49-->65-->69-->79-->80-->93-->100-->112-->124-->132-->146-->163-->175-->179-->185-->193-->209-->223-->243

CPU time used: 2.43 secs.
Wall clock time elapsed: 2 secs.

        SEGMENT          START            END   NUM_RESIDUES MESSAGE_LENGTH                    END_POINTS        INTERMEDIATE_CONTROL_POINTS
              1            A 8           A 15              8        305.687         (-18.259, 16.976, 36.18)
                                                                                    (0.229, 19.156, 33.843)

              2           A 15           A 27             13        509.376         (0.229, 19.156, 33.843)
                                                                                    (-14.836, 6.851, 13.99)

              3           A 27           A 28              2        49.3403         (-14.836, 6.851, 13.99)
                                                                                    (-18.549, 6.914, 14.693)

              4           A 28           A 39             12        458.258         (-18.549, 6.914, 14.693)
                                                                                    (8.848, 8.754, 32.854)

              5           A 39           A 48             10        378.168         (8.848, 8.754, 32.854)
                                                                                    (-10.632, 16.921, 27.362)

              6           A 48           A 57             10        388.243         (-10.632, 16.921, 27.362)
                                                                                    (-17.422, 2.581, 36.081)

              7           A 57           A 73             17        656.115         (-17.422, 2.581, 36.081)
                                                                                    (-7.59, -10.206, 53.599)

              8           A 73           A 77              5        178.829         (-7.59, -10.206, 53.599)
                                                                                    (-1.758, -14.722, 47.507)

              9           A 77           A 87             11        412.963         (-1.758, -14.722, 47.507)
                                                                                    (-26.002, -21.394, 40.23)

             10           A 87           A 88              2        49.3403         (-26.002, -21.394, 40.23)
                                                                                    (-26.165, -21.652, 36.432)

             11           A 88          A 101             14        563.297         (-26.165, -21.652, 36.432)
                                                                                    (-7.132, -14.329, 37.979)

             12          A 101          A 108              8         311.14         (-7.132, -14.329, 37.979)
                                                                                    (-17.204, -12.986, 37.047)

             13          A 108          A 120             13        496.549         (-17.204, -12.986, 37.047)
                                                                                    (-18.172, -2.512, 55.517)

             14          A 120          A 132             13        497.336         (-18.172, -2.512, 55.517)
                                                                                    (-10.364, 10.553, 45.214)

             15          A 132          A 140              9        342.666         (-10.364, 10.553, 45.214)
                                                                                    (-27.808, 2.253, 48.379)

             16          A 140          A 154             15        600.831         (-27.808, 2.253, 48.379)
                                                                                    (-12.118, 9.055, 32.156)

             17          A 154          A 173             18         715.01         (-12.118, 9.055, 32.156)
                                                                                    (3.249, -4.166, 47.476)

             18          A 173          A 185             13        490.574         (3.249, -4.166, 47.476)
                                                                                    (-3.865, -9.35, 29.026)

             19          A 185          A 189              5        181.238         (-3.865, -9.35, 29.026)
                                                                                    (9.1, -8.763, 23.695)

             20          A 189          A 195              7        259.984         (9.1, -8.763, 23.695)
                                                                                    (-6.469, -3.671, 31.818)

             21          A 195          A 203              9        327.693         (-6.469, -3.671, 31.818)
                                                                                    (-32.667, -1.968, 28.013)

             22          A 203          A 219             17        653.033         (-32.667, -1.968, 28.013)
                                                                                    (11.675, 1.945, 29.129)

             23          A 219          A 233             15        597.884         (11.675, 1.945, 29.129)
                                                                                    (-20.001, 2.115, 23.617)

             24          A 233          A 253             21        825.645         (-20.001, 2.115, 23.617)
                                                                                    (7.201, -0.685, 20.133)

