Using structure file: /home/pkas7/Research/SCOP/pdbstyle-1.75B/xc/d1xc3a2.ent
Number of residues: 176
Doing a BEZIER segmentation ...

Bounding box volume: 66364.7
Null Model Fit: 8035.21 bits.
Bits per residue: 45.9155

Bezier model fit: 7272.2 bits.
Bits per residue: 41.5554

# of segments: 15
Internal segmentation:
0-->12-->20-->27-->42-->51-->78-->79-->100-->103-->111-->116-->131-->137-->155-->175

CPU time used: 1.69 secs.
Wall clock time elapsed: 1 secs.

        SEGMENT          START            END   NUM_RESIDUES MESSAGE_LENGTH                    END_POINTS        INTERMEDIATE_CONTROL_POINTS
              1          A 119          A 131             13        497.274         (17.604, 37.937, -15.684)
                                                                                    (16.965, 63.799, -2.495)

              2          A 131          A 139              9        326.353         (16.965, 63.799, -2.495)
                                                                                    (21.272, 37.26, -4.653)

              3          A 139          A 146              8        301.584         (21.272, 37.26, -4.653)
                                                                                    (20.894, 46.772, 10.399)

              4          A 146          A 161             16        621.531         (20.894, 46.772, 10.399)
                                                                                    (36.542, 74.348, -8.124)

              5          A 161          A 170             10        386.392         (36.542, 74.348, -8.124)
                                                                                    (22.554, 66.504, 8.512)

              6          A 170          A 197             28        1140.46         (22.554, 66.504, 8.512)
                                                                                    (22.285, 74.482, -21.837)

              7          A 197          A 198              2        48.9526         (22.285, 74.482, -21.837)
                                                                                    (25.165, 75.136, -19.395)

              8          A 198          A 219             22        835.297         (25.165, 75.136, -19.395)
                                                                                    (31.717, 48.014, -1.81)

              9          A 219          A 222              4        143.033         (31.717, 48.014, -1.81)
                                                                                    (26.227, 45.455, -8.342)

             10          A 222          A 230              9        322.661         (26.227, 45.455, -8.342)
                                                                                    (14.166, 64.145, -12.003)

             11          A 230          A 235              6        224.308         (14.166, 64.145, -12.003)
                                                                                    (20.294, 62.684, -20.248)

             12          A 235          A 250             16        610.184         (20.294, 62.684, -20.248)
                                                                                    (41.871, 53.637, -12.942)

             13          A 250          A 256              7        267.931         (41.871, 53.637, -12.942)
                                                                                    (33.835, 45.284, -19.384)

             14          A 256          A 274             19         752.29         (33.835, 45.284, -19.384)
                                                                                    (7.235, 54.132, -13.194)

             15          A 274          A 294             21        793.952         (7.235, 54.132, -13.194)
                                                                                    (1.474, 31.164, 6.604)

