Using structure file: /home/pkas7/Research/SCOP/pdbstyle-1.75B/xe/d1xera_.ent
Number of residues: 102
Doing a BEZIER segmentation ...

Bounding box volume: 20645.6
Null Model Fit: 4467.32 bits.
Bits per residue: 44.2309

Bezier model fit: 4271.63 bits.
Bits per residue: 42.2934

# of segments: 10
Internal segmentation:
0-->7-->14-->28-->34-->44-->54-->65-->82-->93-->101

CPU time used: 0.9 secs.
Wall clock time elapsed: 0 secs.

        SEGMENT          START            END   NUM_RESIDUES MESSAGE_LENGTH                    END_POINTS        INTERMEDIATE_CONTROL_POINTS
              1            A 1            A 8              8        303.332         (5.175, 15.809, 10.981)
                                                                                    (1.15, 0.192, 14.28)

              2            A 8           A 15              8        299.384         (1.15, 0.192, 14.28)
                                                                                    (16.678, -1.385, 19.89)

              3           A 15           A 30             15        601.394         (16.678, -1.385, 19.89)
                                                                                    (17.121, 6.57, 6.704)

              4           A 30           A 36              7        257.654         (17.121, 6.57, 6.704)
                                                                                    (7.668, 4.156, 22.057)

              5           A 36           A 46             11        421.473         (7.668, 4.156, 22.057)
                                                                                    (16.61, 18.775, 12.093)

              6           A 46           A 56             11        418.348         (16.61, 18.775, 12.093)
                                                                                    (12.22, 19.403, 32.677)

              7           A 56           A 67             12        458.979         (12.22, 19.403, 32.677)
                                                                                    (25.587, 11.437, 6.937)

              8           A 67           A 84             18        719.959         (25.587, 11.437, 6.937)
                                                                                    (5.744, 13.122, 32.856)

              9           A 84           A 95             12        462.701         (5.744, 13.122, 32.856)
                                                                                    (8.989, 20.113, 12.405)

             10           A 95          A 103              9        328.408         (8.989, 20.113, 12.405)
                                                                                    (1.782, 3.603, 28.144)

