Using structure file: /home/pkas7/Research/SCOP/pdbstyle-1.75B/xe/d1xeoa_.ent
Number of residues: 165
Doing a BEZIER segmentation ...

Bounding box volume: 49450
Null Model Fit: 7460.53 bits.
Bits per residue: 45.491

Bezier model fit: 6843.61 bits.
Bits per residue: 41.7293

# of segments: 16
Internal segmentation:
0-->8-->18-->23-->41-->53-->64-->73-->81-->93-->100-->102-->114-->122-->137-->146-->164

CPU time used: 1.57 secs.
Wall clock time elapsed: 1 secs.

        SEGMENT          START            END   NUM_RESIDUES MESSAGE_LENGTH                    END_POINTS        INTERMEDIATE_CONTROL_POINTS
              1            A 1            A 9              9        332.315         (5.851, 1.618, 42.809)
                                                                                    (3.016, -6.614, 19.906)

              2            A 9           A 19             11        423.749         (3.016, -6.614, 19.906)
                                                                                    (20.082, 9.489, 26.439)

              3           A 19           A 24              6        225.073         (20.082, 9.489, 26.439)
                                                                                    (18.729, 13.784, 39.116)

              4           A 24           A 42             19        715.843         (18.729, 13.784, 39.116)
                                                                                    (10.535, -12.044, 38.957)

              5           A 42           A 54             13        513.994         (10.535, -12.044, 38.957)
                                                                                    (12.007, 6.169, 26.561)

              6           A 54           A 65             12        459.341         (12.007, 6.169, 26.561)
                                                                                    (20.647, -13.639, 46.686)

              7           A 65           A 74             10         365.32         (20.647, -13.639, 46.686)
                                                                                    (23.506, 5.771, 29.031)

              8           A 74           A 82              9        346.013         (23.506, 5.771, 29.031)
                                                                                    (33.23, -14.668, 21.603)

              9           A 82           A 94             13        514.376         (33.23, -14.668, 21.603)
                                                                                    (5.632, -13.655, 28.634)

             10           A 94          A 101              8        302.878         (5.632, -13.655, 28.634)
                                                                                    (23.288, -15.587, 19.592)

             11          A 101          A 103              3        95.0191         (23.288, -15.587, 19.592)
                                                                                    (28.728, -12.161, 22.542)

             12          A 103          A 115             13        500.673         (28.728, -12.161, 22.542)
                                                                                    (25.452, 9.683, 38.033)

             13          A 115          A 123              9        344.749         (25.452, 9.683, 38.033)
                                                                                    (30.915, -12.706, 30.982)

             14          A 123          A 138             16        603.951         (30.915, -12.706, 30.982)
                                                                                    (17.136, 0.572, 20.606)

             15          A 138          A 147             10         389.29         (17.136, 0.572, 20.606)
                                                                                    (13.118, -16.787, 11.896)

             16          A 147          A 165             19        711.024         (13.118, -16.787, 11.896)
                                                                                    (-6.038, -12.516, 30.852)

