Using structure file: /home/pkas7/Research/SCOP/pdbstyle-1.75B/xj/d1xjva2.ent
Number of residues: 151
Doing a BEZIER segmentation ...

Bounding box volume: 51057.2
Null Model Fit: 6830.58 bits.
Bits per residue: 45.5372

Bezier model fit: 6348.35 bits.
Bits per residue: 42.3224

# of segments: 18
Internal segmentation:
0-->4-->11-->18-->26-->27-->37-->42-->51-->57-->66-->75-->88-->94-->107-->109-->120-->133-->150

CPU time used: 1.42 secs.
Wall clock time elapsed: 1 secs.

        SEGMENT          START            END   NUM_RESIDUES MESSAGE_LENGTH                    END_POINTS        INTERMEDIATE_CONTROL_POINTS
              1          A 149          A 153              5        177.407         (46.821, 45.123, 28.977)
                                                                                    (41.765, 49.233, 17.526)

              2          A 153          A 160              8        304.861         (41.765, 49.233, 17.526)
                                                                                    (48.344, 39.623, 14.186)

              3          A 160          A 167              8        307.399         (48.344, 39.623, 14.186)
                                                                                    (30.558, 46.894, 21.572)

              4          A 167          A 175              9        343.712         (30.558, 46.894, 21.572)
                                                                                    (26.497, 33.333, 2.983)

              5          A 175          A 176              2        48.5743         (26.497, 33.333, 2.983)
                                                                                    (25.739, 30.9, 5.791)

              6          A 176          A 186             11        400.584         (25.739, 30.9, 5.791)
                                                                                    (35.99, 54.184, 20.338)

              7          A 186          A 191              6        222.915         (35.99, 54.184, 20.338)
                                                                                    (44.007, 51.644, 7.825)

              8          A 191          A 200             10        384.752         (44.007, 51.644, 7.825)
                                                                                    (19.647, 45.588, 1.522)

              9          A 200          A 206              7        262.733         (19.647, 45.588, 1.522)
                                                                                    (21.047, 51.324, 14.337)

             10          A 206          A 215             10        382.034         (21.047, 51.324, 14.337)
                                                                                    (35.494, 54.273, 10.096)

             11          A 215          A 224             10        357.138         (35.494, 54.273, 10.096)
                                                                                    (31.926, 28.07, 10.489)

             12          A 224          A 237             14        551.768         (31.926, 28.07, 10.489)
                                                                                    (26.009, 44.148, 24.007)

             13          A 237          A 243              7        260.226         (26.009, 44.148, 24.007)
                                                                                    (42.17, 35.57, 18.771)

             14          A 243          A 256             14        543.813         (42.17, 35.57, 18.771)
                                                                                    (43.729, 46.64, -8.077)

             15          A 256          A 258              3        95.1114         (43.729, 46.64, -8.077)
                                                                                    (44.852, 49.323, -2.363)

             16          A 258          A 269             12        466.748         (44.852, 49.323, -2.363)
                                                                                    (38.636, 26.756, 18.472)

             17          A 269          A 282             14        547.111         (38.636, 26.756, 18.472)
                                                                                    (32.781, 43.818, 34.031)

             18          A 282          A 299             18        691.467         (32.781, 43.818, 34.031)
                                                                                    (31.725, 62.177, 15.641)

