Using structure file: /home/pkas7/Research/SCOP/pdbstyle-1.75B/xl/d1xl4a1.ent
Number of residues: 161
Doing a BEZIER segmentation ...

Bounding box volume: 83993.1
Null Model Fit: 7400.85 bits.
Bits per residue: 46.2553

Bezier model fit: 6722.91 bits.
Bits per residue: 42.0182

# of segments: 16
Internal segmentation:
0-->6-->17-->28-->31-->50-->51-->63-->70-->81-->94-->113-->122-->128-->141-->151-->160

CPU time used: 1.54 secs.
Wall clock time elapsed: 1 secs.

        SEGMENT          START            END   NUM_RESIDUES MESSAGE_LENGTH                    END_POINTS        INTERMEDIATE_CONTROL_POINTS
              1          A 139          A 145              7        260.615         (59.958, -69.198, 202.005)
                                                                                    (65.212, -79.696, 214.94)

              2          A 145          A 156             12        469.596         (65.212, -79.696, 214.94)
                                                                                    (66.252, -75.859, 235.888)

              3          A 156          A 167             12        456.604         (66.252, -75.859, 235.888)
                                                                                    (70.333, -69.214, 203.707)

              4          A 167          A 170              4        144.052         (70.333, -69.214, 203.707)
                                                                                    (70.204, -63.111, 207.66)

              5          A 170          A 189             20        780.901         (70.204, -63.111, 207.66)
                                                                                    (32.988, -81.168, 233.212)

              6          A 189          A 190              2        49.2924         (32.988, -81.168, 233.212)
                                                                                    (33.687, -80.125, 229.636)

              7          A 190          A 202             13        495.466         (33.687, -80.125, 229.636)
                                                                                    (64.453, -65.285, 224.979)

              8          A 202          A 209              8        310.399         (64.453, -65.285, 224.979)
                                                                                    (72.049, -66.009, 210.943)

              9          A 209          A 220             12        452.436         (72.049, -66.009, 210.943)
                                                                                    (56.345, -73.074, 239.01)

             10          A 220          A 233             14        551.373         (56.345, -73.074, 239.01)
                                                                                    (50.573, -88.256, 226.808)

             11          A 233          A 252             20        788.749         (50.573, -88.256, 226.808)
                                                                                    (60.146, -58.741, 203.18)

             12          A 252          A 261             10        362.529         (60.146, -58.741, 203.18)
                                                                                    (54.165, -84.56, 219.78)

             13          A 261          A 267              7        266.819         (54.165, -84.56, 219.78)
                                                                                    (63.848, -86.206, 228.393)

             14          A 267          A 280             14        529.375         (63.848, -86.206, 228.393)
                                                                                    (92.351, -76.3, 206.82)

             15          A 280          A 290             11        430.509         (92.351, -76.3, 206.82)
                                                                                    (71.617, -80.195, 213.82)

             16          A 290          A 299             10        374.198         (71.617, -80.195, 213.82)
                                                                                    (74.957, -99.53, 233.051)

