Using structure file: /home/pkas7/Research/SCOP/pdbstyle-1.75B/xr/d1xrta1.ent
Number of residues: 112
Doing a BEZIER segmentation ...

Bounding box volume: 43753.5
Null Model Fit: 5029.91 bits.
Bits per residue: 45.3145

Bezier model fit: 4745.19 bits.
Bits per residue: 42.7495

# of segments: 15
Internal segmentation:
0-->8-->14-->19-->27-->34-->40-->49-->60-->70-->77-->82-->87-->93-->105-->111

CPU time used: 0.99 secs.
Wall clock time elapsed: 1 secs.

        SEGMENT          START            END   NUM_RESIDUES MESSAGE_LENGTH                    END_POINTS        INTERMEDIATE_CONTROL_POINTS
              1            A 1            A 9              9        337.064         (30.704, 9.353, 32.109)
                                                                                    (46.579, -0.238, 22.629)

              2            A 9           A 15              7        256.776         (46.579, -0.238, 22.629)
                                                                                    (59.102, 5.005, 34.24)

              3           A 15           A 20              6         221.55         (59.102, 5.005, 34.24)
                                                                                    (52.588, -4.53, 26.457)

              4           A 20           A 28              9        334.583         (52.588, -4.53, 26.457)
                                                                                    (38.629, 10.864, 38.784)

              5           A 28           A 35              8        304.595         (38.629, 10.864, 38.784)
                                                                                    (45.444, -4.659, 32.903)

              6           A 35           A 41              7         254.55         (45.444, -4.659, 32.903)
                                                                                    (30.054, 0.216, 33.397)

              7           A 41           A 50             10        373.832         (30.054, 0.216, 33.397)
                                                                                    (47.072, -0.279, 16.482)

              8           A 50          A 371             12        475.973         (47.072, -0.279, 16.482)
                                                                                    (48.955, 9.808, 38.777)

              9          A 371          A 381             11        418.223         (48.955, 9.808, 38.777)
                                                                                    (53.005, 5.267, 10.759)

             10          A 381          A 388              8        300.604         (53.005, 5.267, 10.759)
                                                                                    (47.246, 25.394, 5.739)

             11          A 388          A 393              6        221.663         (47.246, 25.394, 5.739)
                                                                                    (50.291, 28.067, 14.913)

             12          A 393          A 398              6        215.177         (50.291, 28.067, 14.913)
                                                                                    (59.624, 25.6, 9.757)

             13          A 398          A 404              7        263.282         (59.624, 25.6, 9.757)
                                                                                    (55.274, 14.466, 4.206)

             14          A 404          A 416             13        500.073         (55.274, 14.466, 4.206)
                                                                                    (41.278, 12.206, 32.011)

             15          A 416          A 422              7        267.245         (41.278, 12.206, 32.011)
                                                                                    (42.621, 13.71, 15.121)

