Using structure file: /home/pkas7/Research/SCOP/pdbstyle-1.75B/xr/d1xrta2.ent
Number of residues: 257
Doing a BEZIER segmentation ...

Bounding box volume: 67590.7
Null Model Fit: 11761.1 bits.
Bits per residue: 45.9419

Bezier model fit: 10755.1 bits.
Bits per residue: 42.012

# of segments: 25
Internal segmentation:
0-->5-->14-->30-->31-->39-->46-->61-->72-->88-->97-->104-->116-->130-->133-->148-->157-->159-->173-->182-->189-->199-->210-->230-->252-->256

CPU time used: 2.62 secs.
Wall clock time elapsed: 2 secs.

        SEGMENT          START            END   NUM_RESIDUES MESSAGE_LENGTH                    END_POINTS        INTERMEDIATE_CONTROL_POINTS
              1           A 56           A 61              6        219.516         (51.521, 12.668, 27.842)
                                                                                    (61.274, 24.747, 25.983)

              2           A 61           A 70             10         392.93         (61.274, 24.747, 25.983)
                                                                                    (50.704, 37.687, 20.47)

              3           A 70           A 86             17        655.188         (50.704, 37.687, 20.47)
                                                                                    (50.813, 15.036, 22.017)

              4           A 86           A 87              2         48.979         (50.813, 15.036, 22.017)
                                                                                    (52.035, 17.52, 24.712)

              5           A 87           A 95              9        332.018         (52.035, 17.52, 24.712)
                                                                                    (61.421, 36.436, 27.289)

              6           A 95          A 102              8        309.257         (61.421, 36.436, 27.289)
                                                                                    (57.157, 39.292, 38.739)

              7          A 102          A 117             16        605.657         (57.157, 39.292, 38.739)
                                                                                    (42.212, 24.512, 29.385)

              8          A 117          A 128             12        450.176         (42.212, 24.512, 29.385)
                                                                                    (67.898, 38.591, 36.451)

              9          A 128          A 144             17        672.995         (67.898, 38.591, 36.451)
                                                                                    (55.981, 30.167, 45.108)

             10          A 144          A 153             10        386.537         (55.981, 30.167, 45.108)
                                                                                    (66.675, 32.804, 27.792)

             11          A 153          A 160              8        294.857         (66.675, 32.804, 27.792)
                                                                                    (79.864, 34.017, 35.692)

             12          A 160          A 172             13         494.24         (79.864, 34.017, 35.692)
                                                                                    (68.214, 25.859, 47.736)

             13          A 172          A 186             15        588.644         (68.214, 25.859, 47.736)
                                                                                    (64.951, 36.94, 16.945)

             14          A 186          A 209              4        143.112         (64.951, 36.94, 16.945)
                                                                                    (82.143, 30.095, 22.846)

             15          A 209          A 224             16        606.141         (82.143, 30.095, 22.846)
                                                                                    (77.012, 24.804, 43.935)

             16          A 224          A 233             10        380.074         (77.012, 24.804, 43.935)
                                                                                    (74.139, 22.179, 22.055)

             17          A 233          A 235              3        95.9209         (74.139, 22.179, 22.055)
                                                                                    (79.124, 20.391, 18.586)

             18          A 235          A 249             15        568.254         (79.124, 20.391, 18.586)
                                                                                    (77.728, 13.126, 39.083)

             19          A 249          A 258             10        372.426         (77.728, 13.126, 39.083)
                                                                                    (64.025, 16.643, 16.867)

             20          A 258          A 287              8        315.559         (64.025, 16.643, 16.867)
                                                                                    (73.622, 17.322, 12.834)

             21          A 287          A 297             11        421.573         (73.622, 17.322, 12.834)
                                                                                    (72.002, 8.96, 25.743)

             22          A 297          A 308             12        460.735         (72.002, 8.96, 25.743)
                                                                                    (57.464, 31.529, 16.357)

             23          A 308          A 339             21        846.526         (57.464, 31.529, 16.357)
                                                                                    (62.749, 4.327, 11.896)

             24          A 339          A 361             23        907.542         (62.749, 4.327, 11.896)
                                                                                    (60.961, 17.943, 38.99)

             25          A 361          A 365              5        186.217         (60.961, 17.943, 38.99)
                                                                                    (55.59, 11.569, 32.489)

