Using structure file: /home/pkas7/Research/SCOP/pdbstyle-1.75B/y1/d1y14a_.ent
Number of residues: 133
Doing a BEZIER segmentation ...

Bounding box volume: 47375.7
Null Model Fit: 5996.66 bits.
Bits per residue: 45.4292

Bezier model fit: 5460.03 bits.
Bits per residue: 41.3639

# of segments: 13
Internal segmentation:
0-->5-->28-->29-->46-->62-->67-->82-->84-->95-->96-->107-->114-->132

CPU time used: 1.22 secs.
Wall clock time elapsed: 1 secs.

        SEGMENT          START            END   NUM_RESIDUES MESSAGE_LENGTH                    END_POINTS        INTERMEDIATE_CONTROL_POINTS
              1           A 46           A 51              6        216.578         (39.892, 17.637, 32.679)
                                                                                    (35.464, 3.47, 24.801)

              2           A 51           A 74             24        902.611         (35.464, 3.47, 24.801)
                                                                                    (31.506, -4.732, 58.704)

              3           A 74          A 118              2        48.4663         (31.506, -4.732, 58.704)
                                                                                    (29.093, -15.31, 28.241)

              4          A 118          A 135             18        700.079         (29.093, -15.31, 28.241)
                                                                                    (20.873, 1.285, 46.709)

              5          A 135          A 151             17        662.318         (20.873, 1.285, 46.709)
                                                                                    (27.752, -3.444, 23.046)

              6          A 151          A 156              6        224.843         (27.752, -3.444, 23.046)
                                                                                    (38.646, -8.978, 28.747)

              7          A 156          A 171             16        602.558         (38.646, -8.978, 28.747)
                                                                                    (48.378, 10.58, 18.124)

              8          A 171          A 173              3        94.8955         (48.378, 10.58, 18.124)
                                                                                    (42.485, 13.086, 20.159)

              9          A 173          A 184             12        457.603         (42.485, 13.086, 20.159)
                                                                                    (33.171, -1.049, 14.683)

             10          A 184          A 185              2        48.4663         (33.171, -1.049, 14.683)
                                                                                    (33.903, 0.206, 11.158)

             11          A 185          A 196             12        471.334         (33.903, 0.206, 11.158)
                                                                                    (34.806, 13.465, 10.48)

             12          A 196          A 203              8        308.064         (34.806, 13.465, 10.48)
                                                                                    (45.525, 8.575, 5.877)

             13          A 203          A 221             19        722.214         (45.525, 8.575, 5.877)
                                                                                    (32.577, -15.184, 23.036)

