Using structure file: /home/pkas7/Research/SCOP/pdbstyle-1.75B/yc/d1ycsb2.ent
Number of residues: 63
Doing a BEZIER segmentation ...

Bounding box volume: 16155.4
Null Model Fit: 2720.38 bits.
Bits per residue: 43.8771

Bezier model fit: 2643.7 bits.
Bits per residue: 42.6403

# of segments: 11
Internal segmentation:
0-->2-->11-->16-->26-->27-->36-->39-->47-->52-->54-->62

CPU time used: 0.46 secs.
Wall clock time elapsed: 0 secs.

        SEGMENT          START            END   NUM_RESIDUES MESSAGE_LENGTH                    END_POINTS        INTERMEDIATE_CONTROL_POINTS
              1          B 457          B 459              3        91.7912         (37.198, -13.223, 82.606)
                                                                                    (34.229, -18.382, 85.448)

              2          B 459          B 468             10          371.3         (34.229, -18.382, 85.448)
                                                                                    (21.51, -14.915, 68.521)

              3          B 468          B 473              6        219.142         (21.51, -14.915, 68.521)
                                                                                    (31.767, -7.941, 59.626)

              4          B 473          B 483             11         419.66         (31.767, -7.941, 59.626)
                                                                                    (25.901, -20.652, 73.392)

              5          B 483          B 484              2        46.9142         (25.901, -20.652, 73.392)
                                                                                    (28.756, -21.237, 75.811)

              6          B 484          B 493             10         385.82         (28.756, -21.237, 75.811)
                                                                                    (42.446, -1.566, 72.052)

              7          B 493          B 496              4        136.918         (42.446, -1.566, 72.052)
                                                                                    (34.907, -1.74, 74.337)

              8          B 496          B 504              9        329.436         (34.907, -1.74, 74.337)
                                                                                    (33.511, -24.176, 69.995)

              9          B 504          B 509              6        216.469         (33.511, -24.176, 69.995)
                                                                                    (34.056, -10.55, 67.889)

             10          B 509          B 511              3        91.7912         (34.056, -10.55, 67.889)
                                                                                    (28.727, -7.889, 71.275)

             11          B 511          B 519              9        334.457         (28.727, -7.889, 71.275)
                                                                                    (26.285, -18.756, 86.256)

