Using structure file: /home/pkas7/Research/SCOP/pdbstyle-1.75B/ye/d1yeza1.ent
Number of residues: 68
Doing a BEZIER segmentation ...

Bounding box volume: 20842.2
Null Model Fit: 2964.39 bits.
Bits per residue: 44.2446

Bezier model fit: 2847.59 bits.
Bits per residue: 42.5013

# of segments: 9
Internal segmentation:
0-->14-->20-->26-->34-->42-->46-->52-->58-->67

CPU time used: 0.51 secs.
Wall clock time elapsed: 0 secs.

        SEGMENT          START            END   NUM_RESIDUES MESSAGE_LENGTH                    END_POINTS        INTERMEDIATE_CONTROL_POINTS
              1            A 1           A 15             15        581.793         (-15.915, 16.915, -12.587)
                                                                                    (-0.862, 5.597, 8.452)

              2           A 15           A 21              7        266.289         (-0.862, 5.597, 8.452)
                                                                                    (-0.59, -7.596, -1.748)

              3           A 21           A 27              7        250.747         (-0.59, -7.596, -1.748)
                                                                                    (9.649, -3.947, -10.742)

              4           A 27           A 35              9        334.245         (9.649, -3.947, -10.742)
                                                                                    (-11.477, 0.495, -3.68)

              5           A 35           A 43              9        339.376         (-11.477, 0.495, -3.68)
                                                                                    (9.515, -5.046, -2.148)

              6           A 43           A 47              5        180.823         (9.515, -5.046, -2.148)
                                                                                    (-0.502, -12.739, -1.52)

              7           A 47           A 53              7        263.865         (-0.502, -12.739, -1.52)
                                                                                    (3.134, 2.12, 6.727)

              8           A 53           A 59              7         255.22         (3.134, 2.12, 6.727)
                                                                                    (-2.95, 12.674, -5.921)

              9           A 59           A 68             10        375.227         (-2.95, 12.674, -5.921)
                                                                                    (6.338, -6.17, 9.523)

