Using structure file: /home/pkas7/Research/SCOP/pdbstyle-1.75B/yg/d1ygya3.ent
Number of residues: 78
Doing a BEZIER segmentation ...

Bounding box volume: 17337.5
Null Model Fit: 3386.38 bits.
Bits per residue: 43.979

Bezier model fit: 3192.17 bits.
Bits per residue: 41.4568

# of segments: 10
Internal segmentation:
0-->1-->10-->12-->27-->30-->40-->51-->56-->67-->77

CPU time used: 0.62 secs.
Wall clock time elapsed: 0 secs.

        SEGMENT          START            END   NUM_RESIDUES MESSAGE_LENGTH                    END_POINTS        INTERMEDIATE_CONTROL_POINTS
              1          A 452          A 453              2         47.016         (28.274, 62.938, 44.162)
                                                                                    (25.974, 59.913, 43.859)

              2          A 453          A 462             10        373.776         (25.974, 59.913, 43.859)
                                                                                    (11.799, 81.509, 36.512)

              3          A 462          A 464              3         91.995         (11.799, 81.509, 36.512)
                                                                                    (10.044, 81.652, 42.321)

              4          A 464          A 479             16        610.477         (10.044, 81.652, 42.321)
                                                                                    (6.034, 58.63, 45.557)

              5          A 479          A 482              4        137.223         (6.034, 58.63, 45.557)
                                                                                    (14.083, 63.363, 48.321)

              6          A 482          A 492             11        408.189         (14.083, 63.363, 48.321)
                                                                                    (21.248, 88.46, 38.789)

              7          A 492          A 503             12        434.591         (21.248, 88.46, 38.789)
                                                                                    (15.639, 57.731, 45.428)

              8          A 503          A 508              6          218.5         (15.639, 57.731, 45.428)
                                                                                    (7.854, 62.004, 32.184)

              9          A 508          A 519             12        453.217         (7.854, 62.004, 32.184)
                                                                                    (8.097, 77.557, 34.771)

             10          A 519          A 529             11        417.186         (8.097, 77.557, 34.771)
                                                                                    (26.572, 56.598, 40.025)

