Using structure file: /home/pkas7/Research/SCOP/pdbstyle-1.75B/yi/d1yixa1.ent
Number of residues: 265
Doing a BEZIER segmentation ...

Bounding box volume: 76325.2
Null Model Fit: 12174.9 bits.
Bits per residue: 46.1172

Bezier model fit: 11101.6 bits.
Bits per residue: 42.0513

# of segments: 28
Internal segmentation:
0-->6-->15-->32-->42-->53-->57-->70-->75-->86-->98-->104-->123-->132-->134-->148-->155-->159-->170-->177-->184-->197-->206-->214-->219-->235-->237-->254-->264

CPU time used: 2.66 secs.
Wall clock time elapsed: 2 secs.

        SEGMENT          START            END   NUM_RESIDUES MESSAGE_LENGTH                    END_POINTS        INTERMEDIATE_CONTROL_POINTS
              1            A 1            A 7              7        258.478         (-3.943, 17.201, 112.21)
                                                                                    (4.671, 33.815, 113.409)

              2            A 7           A 16             10        388.415         (4.671, 33.815, 113.409)
                                                                                    (-8.281, 44.526, 99.6)

              3           A 16           A 33             18        717.854         (-8.281, 44.526, 99.6)
                                                                                    (-5.486, 22.14, 109.246)

              4           A 33           A 43             11        409.865         (-5.486, 22.14, 109.246)
                                                                                    (5.671, 48.618, 117.071)

              5           A 43           A 54             12        456.594         (5.671, 48.618, 117.071)
                                                                                    (-8.21, 40.849, 115.175)

              6           A 54           A 58              5        183.214         (-8.21, 40.849, 115.175)
                                                                                    (-10.02, 31.478, 120.431)

              7           A 58           A 71             14        549.275         (-10.02, 31.478, 120.431)
                                                                                    (14.108, 51.662, 116.11)

              8           A 71           A 76              6        219.461         (14.108, 51.662, 116.11)
                                                                                    (8.723, 54.099, 126.368)

              9           A 76           A 87             12        453.201         (8.723, 54.099, 126.368)
                                                                                    (-4.319, 38.99, 128.246)

             10           A 87           A 99             13        497.454         (-4.319, 38.99, 128.246)
                                                                                    (22.173, 44.784, 110.695)

             11           A 99          A 105              7        269.642         (22.173, 44.784, 110.695)
                                                                                    (20.924, 51.994, 114.867)

             12          A 105          A 124             20        752.658         (20.924, 51.994, 114.867)
                                                                                    (7.462, 34.816, 132.376)

             13          A 124          A 133             10        376.655         (7.462, 34.816, 132.376)
                                                                                    (23.661, 39.515, 109.812)

             14          A 133          A 135              3        96.2715         (23.661, 39.515, 109.812)
                                                                                    (25.002, 36.467, 114.798)

             15          A 135          A 149             15        586.736         (25.002, 36.467, 114.798)
                                                                                    (14.851, 32.875, 132.464)

             16          A 149          A 156              8        297.252         (14.851, 32.875, 132.464)
                                                                                    (12.333, 32.512, 110.686)

             17          A 156          A 160              5        184.397         (12.333, 32.512, 110.686)
                                                                                    (23.515, 27.808, 110.109)

             18          A 160          A 171             12        454.497         (23.515, 27.808, 110.109)
                                                                                    (16.86, 26.195, 125.667)

             19          A 171          A 178              8        290.694         (16.86, 26.195, 125.667)
                                                                                    (9.089, 29.045, 103.739)

             20          A 178          A 185              8        309.987         (9.089, 29.045, 103.739)
                                                                                    (18.608, 27.526, 101.079)

             21          A 185          A 198             14        544.361         (18.608, 27.526, 101.079)
                                                                                    (11.283, 18.689, 120.35)

             22          A 198          A 207             10        368.333         (11.283, 18.689, 120.35)
                                                                                    (2.873, 38.022, 104.138)

             23          A 207          A 215              9        357.101         (2.873, 38.022, 104.138)
                                                                                    (6.691, 31.495, 95.423)

             24          A 215          A 220              6        225.176         (6.691, 31.495, 95.423)
                                                                                    (-0.768, 33.496, 104.189)

             25          A 220          A 236             17        645.885         (-0.768, 33.496, 104.189)
                                                                                    (11.899, 11.939, 107.534)

             26          A 236          A 238              3        96.2715         (11.899, 11.939, 107.534)
                                                                                    (4.932, 12.061, 108.655)

             27          A 238          A 255             18        681.526         (4.932, 12.061, 108.655)
                                                                                    (2.499, 28.539, 128.131)

             28          A 255          A 265             11        430.295         (2.499, 28.539, 128.131)
                                                                                    (-15.526, 18.853, 120.754)

