Using structure file: /home/pkas7/Research/SCOP/pdbstyle-1.75B/yk/d1ykwa1.ent
Number of residues: 283
Doing a BEZIER segmentation ...

Bounding box volume: 87283.7
Null Model Fit: 13059.6 bits.
Bits per residue: 46.3108

Bezier model fit: 11777.1 bits.
Bits per residue: 41.7626

# of segments: 26
Internal segmentation:
0-->15-->16-->27-->32-->47-->56-->64-->83-->97-->111-->123-->135-->151-->152-->169-->180-->201-->214-->215-->227-->229-->237-->245-->263-->274-->282

CPU time used: 2.74 secs.
Wall clock time elapsed: 2 secs.

        SEGMENT          START            END   NUM_RESIDUES MESSAGE_LENGTH                    END_POINTS        INTERMEDIATE_CONTROL_POINTS
              1          A 146          A 161             16        630.868         (49.573, 16.013, 83.582)
                                                                                    (67.098, -0.703, 78.816)

              2          A 161          A 162              2        49.3478         (67.098, -0.703, 78.816)
                                                                                    (69.259, 2.05, 77.28)

              3          A 162          A 173             12        449.074         (69.259, 2.05, 77.28)
                                                                                    (47.927, -18.72, 71.646)

              4          A 173          A 178              6        228.856         (47.927, -18.72, 71.646)
                                                                                    (45.136, -21.512, 81.409)

              5          A 178          A 193             16        604.342         (45.136, -21.512, 81.409)
                                                                                    (65.719, -11.634, 76.193)

              6          A 193          A 202             10        383.272         (65.719, -11.634, 76.193)
                                                                                    (40.926, -9.053, 73.682)

              7          A 202          A 210              9        355.519         (40.926, -9.053, 73.682)
                                                                                    (40.315, -13.894, 85.817)

              8          A 210          A 229             20        757.757         (40.315, -13.894, 85.817)
                                                                                    (68.471, -13.483, 83.917)

              9          A 229          A 243             15        569.039         (68.471, -13.483, 83.917)
                                                                                    (35.243, 2.789, 83.834)

             10          A 243          A 257             15        574.356         (35.243, 2.789, 83.834)
                                                                                    (52.961, -8.641, 89.977)

             11          A 257          A 269             13        518.261         (52.961, -8.641, 89.977)
                                                                                    (37.346, 6.602, 76.473)

             12          A 269          A 281             13        497.497         (37.346, 6.602, 76.473)
                                                                                    (51.335, 3.244, 90.293)

             13          A 281          A 297             17        677.097         (51.335, 3.244, 90.293)
                                                                                    (39.31, 7.386, 54.932)

             14          A 297          A 298              2        49.3478         (39.31, 7.386, 54.932)
                                                                                    (42.036, 9.496, 53.361)

             15          A 298          A 315             18        695.861         (42.036, 9.496, 53.361)
                                                                                    (48.806, 10.113, 80.041)

             16          A 315          A 326             12        458.838         (48.806, 10.113, 80.041)
                                                                                    (53.297, -3.98, 52.981)

             17          A 326          A 347             22        866.725         (53.297, -3.98, 52.981)
                                                                                    (55.144, 21.706, 76.498)

             18          A 347          A 360             14        537.914         (55.144, 21.706, 76.498)
                                                                                    (57.682, -7.876, 62.21)

             19          A 360          A 361              2        49.3478         (57.682, -7.876, 62.21)
                                                                                    (60.412, -10.398, 63.041)

             20          A 361          A 373             13        500.722         (60.412, -10.398, 63.041)
                                                                                    (65.978, 6.946, 62.947)

             21          A 373          A 375              3        96.6586         (65.978, 6.946, 62.947)
                                                                                    (66.21, 3.578, 69.271)

             22          A 375          A 383              9         332.16         (66.21, 3.578, 69.271)
                                                                                    (56.169, -14.049, 63.74)

             23          A 383          A 391              9        350.769         (56.169, -14.049, 63.74)
                                                                                    (60.245, -22.42, 70.783)

             24          A 391          A 409             19        721.511         (60.245, -22.42, 70.783)
                                                                                    (76.922, -2.765, 61.698)

             25          A 409          A 420             12          477.4         (76.922, -2.765, 61.698)
                                                                                    (71.886, -20.69, 65.416)

             26          A 420          A 428              9        344.517         (71.886, -20.69, 65.416)
                                                                                    (62.137, -20.252, 57.206)

