Using structure file: /home/pkas7/Research/SCOP/pdbstyle-1.75B/yo/d1yo5c1.ent
Number of residues: 88
Doing a BEZIER segmentation ...

Bounding box volume: 21540
Null Model Fit: 3853.41 bits.
Bits per residue: 44.2921

Bezier model fit: 3656.84 bits.
Bits per residue: 42.0326

# of segments: 10
Internal segmentation:
0-->19-->29-->36-->49-->54-->68-->75-->79-->86-->87

CPU time used: 0.72 secs.
Wall clock time elapsed: 0 secs.

        SEGMENT          START            END   NUM_RESIDUES MESSAGE_LENGTH                    END_POINTS        INTERMEDIATE_CONTROL_POINTS
              1          C 247          C 266             20        804.598         (4.186, -2.508, 30.445)
                                                                                    (-11.873, -13.237, 11.676)

              2          C 266          C 276             11        427.414         (-11.873, -13.237, 11.676)
                                                                                    (4.684, -15.678, 5.118)

              3          C 276          C 283              8         291.24         (4.684, -15.678, 5.118)
                                                                                    (-12.62, -4.074, 9.24)

              4          C 283          C 296             14        532.996         (-12.62, -4.074, 9.24)
                                                                                    (-7.816, 3.263, 26.79)

              5          C 296          C 301              6        224.496         (-7.816, 3.263, 26.79)
                                                                                    (-8.924, 5.371, 14.724)

              6          C 301          C 315             15        566.369         (-8.924, 5.371, 14.724)
                                                                                    (12.386, -1.399, 12.904)

              7          C 315          C 322              8        293.216         (12.386, -1.399, 12.904)
                                                                                    (6.512, -7.224, -2.132)

              8          C 322          C 326              5        178.498         (6.512, -7.224, -2.132)
                                                                                    (-4.305, -1.628, 0.776)

              9          C 326          C 333              8        290.681         (-4.305, -1.628, 0.776)
                                                                                    (9.767, -12.389, 11.646)

             10          C 333          C 334              2        47.3292         (9.767, -12.389, 11.646)
                                                                                    (7.921, -15.47, 13.175)

