Using structure file: /home/pkas7/Research/SCOP/pdbstyle-1.75B/yr/d1yrka_.ent
Number of residues: 126
Doing a BEZIER segmentation ...

Bounding box volume: 62014.4
Null Model Fit: 5727.21 bits.
Bits per residue: 45.8177

Bezier model fit: 5228.78 bits.
Bits per residue: 41.8302

# of segments: 14
Internal segmentation:
0-->1-->19-->23-->36-->41-->56-->57-->67-->77-->89-->101-->113-->117-->125

CPU time used: 1.08 secs.
Wall clock time elapsed: 1 secs.

        SEGMENT          START            END   NUM_RESIDUES MESSAGE_LENGTH                    END_POINTS        INTERMEDIATE_CONTROL_POINTS
              1           A -2           A -1              2        48.8547         (32.612, 46.405, 8.757)
                                                                                    (33.166, 48.836, 11.638)

              2           A -1           A 17             19         732.47         (33.166, 48.836, 11.638)
                                                                                    (11.227, 16.046, 39.677)

              3           A 17           A 21              5        183.533         (11.227, 16.046, 39.677)
                                                                                    (1.4, 24.158, 40.177)

              4           A 21           A 34             14        520.052         (1.4, 24.158, 40.177)
                                                                                    (38.424, 37.876, 33.028)

              5           A 34           A 39              6        216.776         (38.424, 37.876, 33.028)
                                                                                    (53.835, 37.764, 39.48)

              6           A 39           A 54             16          625.1         (53.835, 37.764, 39.48)
                                                                                    (15.293, 35.408, 30.745)

              7           A 54           A 55              2        48.8547         (15.293, 35.408, 30.745)
                                                                                    (14.992, 32.062, 28.959)

              8           A 55           A 65             11        425.682         (14.992, 32.062, 28.959)
                                                                                    (41.853, 36.165, 25.505)

              9           A 65           A 75             11        399.777         (41.853, 36.165, 25.505)
                                                                                    (16.549, 26.938, 41.825)

             10           A 75           A 87             13        520.314         (16.549, 26.938, 41.825)
                                                                                    (36.106, 29.8, 27.87)

             11           A 87           A 99             13        497.521         (36.106, 29.8, 27.87)
                                                                                    (29.068, 28.712, 9.675)

             12           A 99          A 111             13        493.952         (29.068, 28.712, 9.675)
                                                                                    (23.366, 17.838, 37.522)

             13          A 111          A 115              5        176.584         (23.366, 17.838, 37.522)
                                                                                    (20.444, 24.267, 25.652)

             14          A 115          A 123              9        339.307         (20.444, 24.267, 25.652)
                                                                                    (31.026, 44.44, 14.078)

