Using structure file: /home/pkas7/Research/SCOP/pdbstyle-1.75B/yt/d1ytda2.ent
Number of residues: 119
Doing a BEZIER segmentation ...

Bounding box volume: 37244.7
Null Model Fit: 5319.69 bits.
Bits per residue: 45.0821

Bezier model fit: 4984.3 bits.
Bits per residue: 42.2398

# of segments: 12
Internal segmentation:
0-->1-->11-->27-->34-->49-->57-->66-->73-->75-->84-->99-->118

CPU time used: 1.06 secs.
Wall clock time elapsed: 1 secs.

        SEGMENT          START            END   NUM_RESIDUES MESSAGE_LENGTH                    END_POINTS        INTERMEDIATE_CONTROL_POINTS
              1            A 1            A 2              2        48.1192         (114.262, 60.946, 37.882)
                                                                                    (112.647, 64.307, 37.044)

              2            A 2           A 12             11         434.37         (112.647, 64.307, 37.044)
                                                                                    (113.225, 54.614, 28.805)

              3           A 12           A 28             17        672.229         (113.225, 54.614, 28.805)
                                                                                    (121.635, 35.756, 35.796)

              4           A 28           A 35              8        306.535         (121.635, 35.756, 35.796)
                                                                                    (125.206, 32.62, 22.577)

              5           A 35           A 50             16        617.162         (125.206, 32.62, 22.577)
                                                                                    (87.456, 43.82, 16.739)

              6           A 50           A 58              9         339.14         (87.456, 43.82, 16.739)
                                                                                    (107.39, 54.884, 15.338)

              7           A 58           A 67             10        383.567         (107.39, 54.884, 15.338)
                                                                                    (121.078, 48.102, 18.88)

              8           A 67           A 74              8        292.563         (121.078, 48.102, 18.88)
                                                                                    (103.329, 46.028, 10.017)

              9           A 74           A 76              3        94.2013         (103.329, 46.028, 10.017)
                                                                                    (101.346, 52.036, 11.424)

             10           A 76           A 85             10        391.814         (101.346, 52.036, 11.424)
                                                                                    (91.509, 34.26, 8.028)

             11           A 85          A 100             16        636.504         (91.509, 34.26, 8.028)
                                                                                    (120.327, 40.283, 26.292)

             12          A 100          A 119             20        768.096         (120.327, 40.283, 26.292)
                                                                                    (93.499, 55.035, 20.85)

