Using structure file: /home/pkas7/Research/SCOP/pdbstyle-1.75B/yt/d1yt3a1.ent
Number of residues: 101
Doing a BEZIER segmentation ...

Bounding box volume: 23202.1
Null Model Fit: 4439.93 bits.
Bits per residue: 44.3993

Bezier model fit: 4145.52 bits.
Bits per residue: 41.4552

# of segments: 10
Internal segmentation:
0-->14-->16-->38-->39-->55-->60-->68-->75-->92-->100

CPU time used: 0.87 secs.
Wall clock time elapsed: 0 secs.

        SEGMENT          START            END   NUM_RESIDUES MESSAGE_LENGTH                    END_POINTS        INTERMEDIATE_CONTROL_POINTS
              1          A 194          A 208             15        586.522         (25.427, 28.384, 54.504)
                                                                                    (41.592, 26.936, 40.319)

              2          A 208          A 210              3        92.8357         (41.592, 26.936, 40.319)
                                                                                    (37.356, 27.117, 34.99)

              3          A 210          A 232             23         867.44         (37.356, 27.117, 34.99)
                                                                                    (23.417, 13.828, 59.81)

              4          A 232          A 233              2        47.4364         (23.417, 13.828, 59.81)
                                                                                    (26.93, 13.049, 58.6)

              5          A 233          A 249             17        670.468         (26.93, 13.049, 58.6)
                                                                                    (37.828, 19.158, 37.867)

              6          A 249          A 254              6        214.265         (37.828, 19.158, 37.867)
                                                                                    (31.483, 6.656, 34.04)

              7          A 254          A 262              9        339.266         (31.483, 6.656, 34.04)
                                                                                    (40.17, 7.642, 43.747)

              8          A 262          A 269              8        308.253         (40.17, 7.642, 43.747)
                                                                                    (28.043, 2.453, 45.249)

              9          A 269          A 286             18        680.651         (28.043, 2.453, 45.249)
                                                                                    (23.472, 26.99, 29.299)

             10          A 286          A 294              9        338.382         (23.472, 26.99, 29.299)
                                                                                    (36.61, 33.211, 41.175)

