Using structure file: /home/pkas7/Research/SCOP/pdbstyle-1.75B/yv/d1yvua2.ent
Number of residues: 377
Doing a BEZIER segmentation ...

Bounding box volume: 156110
Null Model Fit: 17728.2 bits.
Bits per residue: 47.1496

Bezier model fit: 15810.2 bits.
Bits per residue: 42.0485

# of segments: 39
Internal segmentation:
0-->11-->18-->26-->34-->46-->47-->63-->69-->79-->96-->105-->106-->119-->133-->134-->153-->163-->164-->178-->197-->208-->209-->230-->231-->243-->245-->260-->272-->280-->292-->303-->305-->317-->321-->339-->345-->363-->370-->376

CPU time used: 3.92 secs.
Wall clock time elapsed: 3 secs.

        SEGMENT          START            END   NUM_RESIDUES MESSAGE_LENGTH                    END_POINTS        INTERMEDIATE_CONTROL_POINTS
              1          A 315          A 326             12         461.06         (66.219, 51.999, 36.772)
                                                                                    (81.216, 47.34, 9.623)

              2          A 326          A 333              8        308.364         (81.216, 47.34, 9.623)
                                                                                    (74.825, 57.213, 26.704)

              3          A 333          A 341              9        347.193         (74.825, 57.213, 26.704)
                                                                                    (83.561, 59.908, 13.331)

              4          A 341          A 349              9        347.581         (83.561, 59.908, 13.331)
                                                                                    (71.403, 55.998, -1.684)

              5          A 349          A 361             13        488.351         (71.403, 55.998, -1.684)
                                                                                    (72.125, 89.887, 6.419)

              6          A 361          A 367              2        50.1866         (72.125, 89.887, 6.419)
                                                                                    (81.954, 82.395, 3.863)

              7          A 367          A 383             17        645.567         (81.954, 82.395, 3.863)
                                                                                    (81.509, 57.869, 4.482)

              8          A 383          A 389              7        262.165         (81.509, 57.869, 4.482)
                                                                                    (74.192, 70.226, -5.205)

              9          A 389          A 399             11        418.976         (74.192, 70.226, -5.205)
                                                                                    (63.932, 91.107, 8.997)

             10          A 399          A 416             18        710.639         (63.932, 91.107, 8.997)
                                                                                    (63.117, 65.941, -6.897)

             11          A 416          A 425             10         376.01         (63.117, 65.941, -6.897)
                                                                                    (70.478, 83.945, 10.255)

             12          A 425          A 436              2        50.1866         (70.478, 83.945, 10.255)
                                                                                    (62.674, 80.453, 16.498)

             13          A 436          A 449             14        531.798         (62.674, 80.453, 16.498)
                                                                                    (56.235, 68.149, 0.703)

             14          A 449          A 463             15        586.408         (56.235, 68.149, 0.703)
                                                                                    (78.402, 79.422, 19.399)

             15          A 463          A 464              2        50.1866         (78.402, 79.422, 19.399)
                                                                                    (79.261, 75.678, 19.274)

             16          A 464          A 483             20         781.51         (79.261, 75.678, 19.274)
                                                                                    (71.823, 56.091, 5.108)

             17          A 483          A 493             11        433.432         (71.823, 56.091, 5.108)
                                                                                    (62.428, 40.407, 23.597)

             18          A 493          A 494              2        50.1866         (62.428, 40.407, 23.597)
                                                                                    (62.043, 38.399, 20.321)

             19          A 494          A 508             15        575.299         (62.043, 38.399, 20.321)
                                                                                    (32.627, 68.606, 12.333)

             20          A 508          A 527             20        808.653         (32.627, 68.606, 12.333)
                                                                                    (65.536, 49.989, 11.587)

             21          A 527          A 538             12        460.528         (65.536, 49.989, 11.587)
                                                                                    (34.003, 59.877, 5.603)

             22          A 538          A 539              2        50.1866         (34.003, 59.877, 5.603)
                                                                                    (32.513, 56.562, 6.833)

             23          A 539          A 560             22        855.997         (32.513, 56.562, 6.833)
                                                                                    (55.304, 38.584, 7.916)

             24          A 560          A 561              2        50.1866         (55.304, 38.584, 7.916)
                                                                                    (54.293, 34.951, 8.255)

             25          A 561          A 573             13        507.499         (54.293, 34.951, 8.255)
                                                                                    (44.789, 56.389, 23.897)

             26          A 573          A 575              3        98.3362         (44.789, 56.389, 23.897)
                                                                                    (39.832, 53.836, 21.406)

             27          A 575          A 590             16        609.144         (39.832, 53.836, 21.406)
                                                                                    (47.29, 34.87, 12.719)

             28          A 590          A 602             13        498.805         (47.29, 34.87, 12.719)
                                                                                    (49.467, 65.007, 32.156)

             29          A 602          A 610              9        348.347         (49.467, 65.007, 32.156)
                                                                                    (69.886, 62.54, 39.786)

             30          A 610          A 622             13        512.306         (69.886, 62.54, 39.786)
                                                                                    (46.577, 47.223, 34.891)

             31          A 622          A 633             12        460.828         (46.577, 47.223, 34.891)
                                                                                    (68.763, 68.275, 30.39)

             32          A 633          A 635              3        98.3362         (68.763, 68.275, 30.39)
                                                                                    (65.388, 72.662, 34.143)

             33          A 635          A 647             13        479.969         (65.388, 72.662, 34.143)
                                                                                    (46.584, 43.766, 25.268)

             34          A 647          A 651              5        188.224         (46.584, 43.766, 25.268)
                                                                                    (55.458, 41.936, 30.689)

             35          A 651          A 669             19         739.14         (55.458, 41.936, 30.689)
                                                                                    (72.68, 61.956, 20.18)

             36          A 669          A 675              7        262.915         (72.68, 61.956, 20.18)
                                                                                    (59.376, 59.471, 22.366)

             37          A 675          A 693             19        729.558         (59.376, 59.471, 22.366)
                                                                                    (43.455, 70.056, 0.54)

             38          A 693          A 700              8        309.754         (43.455, 70.056, 0.54)
                                                                                    (58.265, 55.035, 2.151)

             39          A 700          A 706              7        266.422         (58.265, 55.035, 2.151)
                                                                                    (63.969, 64.085, 11.675)

