Using structure file: /home/pkas7/Research/SCOP/pdbstyle-1.75B/z7/d1z7ua1.ent
Number of residues: 108
Doing a BEZIER segmentation ...

Bounding box volume: 63636.6
Null Model Fit: 4906.48 bits.
Bits per residue: 45.8549

Bezier model fit: 4391.52 bits.
Bits per residue: 41.0423

# of segments: 9
Internal segmentation:
0-->18-->30-->31-->43-->45-->60-->70-->81-->107

CPU time used: 0.95 secs.
Wall clock time elapsed: 0 secs.

        SEGMENT          START            END   NUM_RESIDUES MESSAGE_LENGTH                    END_POINTS        INTERMEDIATE_CONTROL_POINTS
              1            A 1           A 19             19        738.819         (35.29, 3.986, 34.066)
                                                                                    (24.287, -15.856, 10.546)

              2           A 19           A 31             13        499.498         (24.287, -15.856, 10.546)
                                                                                    (9.181, -1.735, 9.723)

              3           A 31           A 32              2         48.892         (9.181, -1.735, 9.723)
                                                                                    (7.081, -4.466, 11.35)

              4           A 32           A 44             13        517.476         (7.081, -4.466, 11.35)
                                                                                    (17.864, -19.027, 0.897)

              5           A 44           A 46              3        95.7469         (17.864, -19.027, 0.897)
                                                                                    (14.934, -21.878, 5.768)

              6           A 46           A 61             16        603.212         (14.934, -21.878, 5.768)
                                                                                    (16.114, -8.318, 23.905)

              7           A 61           A 71             11        412.918         (16.114, -8.318, 23.905)
                                                                                    (-8.944, -14.912, 12.562)

              8           A 71           A 82             12        460.097         (-8.944, -14.912, 12.562)
                                                                                    (17.563, -1.665, 22.481)

              9           A 82          A 108             27        1014.86         (17.563, -1.665, 22.481)
                                                                                    (46.174, 2.703, -3.233)

