Using structure file: /home/pkas7/Research/SCOP/pdbstyle-1.75B/z9/d1z9ha1.ent
Number of residues: 161
Doing a BEZIER segmentation ...

Bounding box volume: 54662.7
Null Model Fit: 7301.7 bits.
Bits per residue: 45.6356

Bezier model fit: 6605.81 bits.
Bits per residue: 41.2863

# of segments: 14
Internal segmentation:
0-->1-->10-->11-->26-->40-->55-->60-->82-->91-->108-->119-->134-->145-->160

CPU time used: 1.51 secs.
Wall clock time elapsed: 1 secs.

        SEGMENT          START            END   NUM_RESIDUES MESSAGE_LENGTH                    END_POINTS        INTERMEDIATE_CONTROL_POINTS
              1          A 213          A 214              2        48.6727         (-38.269, 40.098, 34.816)
                                                                                    (-40.482, 37.951, 37.057)

              2          A 214          A 223             10        385.169         (-40.482, 37.951, 37.057)
                                                                                    (-48.578, 39.709, 25.25)

              3          A 223          A 224              2        48.6727         (-48.578, 39.709, 25.25)
                                                                                    (-47.606, 36.19, 26.235)

              4          A 224          A 239             16        606.369         (-47.606, 36.19, 26.235)
                                                                                    (-28.007, 44.166, 14.825)

              5          A 239          A 253             15        564.986         (-28.007, 44.166, 14.825)
                                                                                    (-21.495, 55.028, -4.54)

              6          A 253          A 268             16        603.849         (-21.495, 55.028, -4.54)
                                                                                    (-20.452, 64.044, 14.962)

              7          A 268          A 273              6        225.697         (-20.452, 64.044, 14.962)
                                                                                    (-8.997, 69.947, 10.615)

              8          A 273          A 295             23        891.393         (-8.997, 69.947, 10.615)
                                                                                    (-18.904, 40.548, -0.001)

              9          A 295          A 304             10        391.937         (-18.904, 40.548, -0.001)
                                                                                    (-30.369, 48.082, -2.219)

             10          A 304          A 321             18        681.955         (-30.369, 48.082, -2.219)
                                                                                    (-53.069, 42.866, 12.703)

             11          A 321          A 332             12        477.024         (-53.069, 42.866, 12.703)
                                                                                    (-37.598, 46.625, 22.145)

             12          A 332          A 347             16        613.279         (-37.598, 46.625, 22.145)
                                                                                    (-29.368, 59.893, 2.773)

             13          A 347          A 358             12        459.585         (-29.368, 59.893, 2.773)
                                                                                    (-43.892, 49.821, 2.294)

             14          A 358          A 373             16        607.223         (-43.892, 49.821, 2.294)
                                                                                    (-42.958, 61.277, 24.596)

