Using structure file: /home/pkas7/Research/SCOP/pdbstyle-1.75B/zq/d1zq1a2.ent
Number of residues: 363
Doing a BEZIER segmentation ...

Bounding box volume: 172689
Null Model Fit: 17120.9 bits.
Bits per residue: 47.2952

Bezier model fit: 15299.3 bits.
Bits per residue: 42.2632

# of segments: 34
Internal segmentation:
0-->13-->23-->30-->58-->64-->72-->74-->92-->102-->117-->118-->134-->152-->157-->166-->176-->185-->194-->203-->210-->218-->228-->238-->252-->262-->268-->280-->292-->299-->308-->318-->333-->356-->362

CPU time used: 3.78 secs.
Wall clock time elapsed: 3 secs.

        SEGMENT          START            END   NUM_RESIDUES MESSAGE_LENGTH                    END_POINTS        INTERMEDIATE_CONTROL_POINTS
              1           A 76           A 89             14        544.651         (-29.342, -34.958, 14.121)
                                                                                    (-29.898, -18.089, -20.266)

              2           A 89           A 99             11        417.097         (-29.898, -18.089, -20.266)
                                                                                    (-8.724, -30.979, -6.698)

              3           A 99          A 106              8        309.197         (-8.724, -30.979, -6.698)
                                                                                    (-20.184, -24.212, 6.358)

              4          A 106          A 134             29        1184.09         (-20.184, -24.212, 6.358)
                                                                                    (-21.292, -17.908, -15.782)

              5          A 134          A 140              7        262.349         (-21.292, -17.908, -15.782)
                                                                                    (-15.452, -33.409, -7.705)

              6          A 140          A 148              9        350.482         (-15.452, -33.409, -7.705)
                                                                                    (0.852, -34.777, -1.046)

              7          A 148          A 150              3        98.6274         (0.852, -34.777, -1.046)
                                                                                    (1.924, -36.668, -7.251)

              8          A 150          A 168             19        719.968         (1.924, -36.668, -7.251)
                                                                                    (-18.532, -27.451, -24.691)

              9          A 168          A 178             11        418.321         (-18.532, -27.451, -24.691)
                                                                                    (-1.911, -23.655, -2.331)

             10          A 178          A 193             16        615.998         (-1.911, -23.655, -2.331)
                                                                                    (-1.276, -29.276, -25.818)

             11          A 193          A 194              2        50.3322         (-1.276, -29.276, -25.818)
                                                                                    (-2.93, -26.946, -28.334)

             12          A 194          A 210             17        669.315         (-2.93, -26.946, -28.334)
                                                                                    (-12.787, -17.119, 8.102)

             13          A 210          A 228             19        721.544         (-12.787, -17.119, 8.102)
                                                                                    (-11.521, -14.43, -20.849)

             14          A 228          A 233              6        226.459         (-11.521, -14.43, -20.849)
                                                                                    (-3.064, -22.236, -18.111)

             15          A 233          A 242             10        387.726         (-3.064, -22.236, -18.111)
                                                                                    (-5.542, -5.945, 0.346)

             16          A 242          A 252             11        433.914         (-5.542, -5.945, 0.346)
                                                                                    (5.124, -21.802, -15.91)

             17          A 252          A 261             10        391.857         (5.124, -21.802, -15.91)
                                                                                    (0.492, -14.041, 2.436)

             18          A 261          A 270             10        383.856         (0.492, -14.041, 2.436)
                                                                                    (8.473, -12.813, -16.793)

             19          A 270          A 279             10        381.904         (8.473, -12.813, -16.793)
                                                                                    (-15.595, -6.036, -10.092)

             20          A 279          A 286              8        302.497         (-15.595, -6.036, -10.092)
                                                                                    (1.268, -8.053, -21.809)

             21          A 286          A 294              9        339.135         (1.268, -8.053, -21.809)
                                                                                    (-11.779, -23.284, -31.539)

             22          A 294          A 304             11        416.273         (-11.779, -23.284, -31.539)
                                                                                    (8.893, -40.262, -16.64)

             23          A 304          A 314             11        413.191         (8.893, -40.262, -16.64)
                                                                                    (28.28, -25.631, 0.402)

             24          A 314          A 328             15        589.917         (28.28, -25.631, 0.402)
                                                                                    (17.82, -45.679, -11.223)

             25          A 328          A 338             11        421.618         (17.82, -45.679, -11.223)
                                                                                    (24.443, -18.362, -8.994)

             26          A 338          A 344              7        262.587         (24.443, -18.362, -8.994)
                                                                                    (33.781, -28.717, -8.13)

             27          A 344          A 356             13        496.898         (33.781, -28.717, -8.13)
                                                                                    (24.944, -43.373, -17.204)

             28          A 356          A 368             13        501.681         (24.944, -43.373, -17.204)
                                                                                    (15.029, -14.933, -10.38)

             29          A 368          A 375              8        309.879         (15.029, -14.933, -10.38)
                                                                                    (31.119, -17.246, -18.045)

             30          A 375          A 384             10        394.708         (31.119, -17.246, -18.045)
                                                                                    (31.726, -30.546, -20.544)

             31          A 384          A 394             11        430.107         (31.726, -30.546, -20.544)
                                                                                    (11.949, -21.881, -12.733)

             32          A 394          A 409             16        611.974         (11.949, -21.881, -12.733)
                                                                                    (12.695, -39.548, -24.988)

             33          A 409          A 432             24        972.609         (12.695, -39.548, -24.988)
                                                                                    (13.157, -7.639, -18.807)

             34          A 432          A 438              7        268.504         (13.157, -7.639, -18.807)
                                                                                    (7.682, -8.193, -8.443)

