Using structure file: /home/pkas7/Research/SCOP/pdbstyle-1.75B/zv/d1zvfa1.ent
Number of residues: 175
Doing a BEZIER segmentation ...

Bounding box volume: 71898.4
Null Model Fit: 8009.4 bits.
Bits per residue: 46.031

Bezier model fit: 7336.79 bits.
Bits per residue: 42.1655

# of segments: 18
Internal segmentation:
0-->7-->20-->31-->40-->45-->51-->60-->73-->84-->92-->93-->103-->114-->128-->141-->156-->163-->174

CPU time used: 1.69 secs.
Wall clock time elapsed: 1 secs.

        SEGMENT          START            END   NUM_RESIDUES MESSAGE_LENGTH                    END_POINTS        INTERMEDIATE_CONTROL_POINTS
              1            A 1            A 8              8        301.084         (53.138, 32.946, 34.05)
                                                                                    (48.456, 49.344, 22.202)

              2            A 8           A 21             14        556.561         (48.456, 49.344, 22.202)
                                                                                    (58.783, 47.059, 6.13)

              3           A 21           A 32             12        461.721         (58.783, 47.059, 6.13)
                                                                                    (50.254, 30.365, 21.737)

              4           A 32           A 41             10        374.726         (50.254, 30.365, 21.737)
                                                                                    (53.281, 46.321, 2.893)

              5           A 41           A 46              6        212.673         (53.281, 46.321, 2.893)
                                                                                    (52.68, 34.665, -6.817)

              6           A 46           A 52              7        253.601         (52.68, 34.665, -6.817)
                                                                                    (43.642, 23.53, 6.865)

              7           A 52           A 61             10         381.76         (43.642, 23.53, 6.865)
                                                                                    (44.842, 51.21, 8.025)

              8           A 61           A 74             14        543.652         (44.842, 51.21, 8.025)
                                                                                    (33.889, 22.053, -11.781)

              9           A 74           A 85             12        453.279         (33.889, 22.053, -11.781)
                                                                                    (40.066, 49.868, 5.995)

             10           A 85           A 93              9        341.243         (40.066, 49.868, 5.995)
                                                                                    (40.201, 26.387, 5.905)

             11           A 93           A 94              2        49.0681         (40.201, 26.387, 5.905)
                                                                                    (41.395, 24.881, 2.601)

             12           A 94          A 104             11        417.782         (41.395, 24.881, 2.601)
                                                                                    (51.685, 52.18, 4.153)

             13          A 104          A 115             12        466.318         (51.685, 52.18, 4.153)
                                                                                    (45.834, 19.924, 14.626)

             14          A 115          A 129             15        584.022         (45.834, 19.924, 14.626)
                                                                                    (46.373, 29.871, -18.291)

             15          A 129          A 142             14        546.313         (46.373, 29.871, -18.291)
                                                                                    (58.824, 23.773, 11.279)

             16          A 142          A 157             16        614.464         (58.824, 23.773, 11.279)
                                                                                    (64, 25.333, -10.404)

             17          A 157          A 164              8        307.764         (64, 25.333, -10.404)
                                                                                    (53.476, 22.059, -18.483)

             18          A 164          A 175             12         470.76         (53.476, 22.059, -18.483)
                                                                                    (58.387, 40.414, -12.741)

