Using structure file: /home/pkas7/Research/SCOP/pdbstyle-1.75B/zx/d1zxta_.ent
Number of residues: 69
Doing a BEZIER segmentation ...

Bounding box volume: 15600.9
Null Model Fit: 2980.22 bits.
Bits per residue: 43.8267

Bezier model fit: 2855.71 bits.
Bits per residue: 41.9958

# of segments: 8
Internal segmentation:
0-->13-->19-->30-->32-->42-->52-->63-->68

CPU time used: 0.53 secs.
Wall clock time elapsed: 0 secs.

        SEGMENT          START            END   NUM_RESIDUES MESSAGE_LENGTH                    END_POINTS        INTERMEDIATE_CONTROL_POINTS
              1            A 5           A 18             14        535.851         (1.096, 17.438, 60.835)
                                                                                    (-23.248, 0.946, 75.52)

              2           A 18           A 24              7        256.688         (-23.248, 0.946, 75.52)
                                                                                    (-12.452, 0.772, 89.514)

              3           A 24           A 35             12        458.108         (-12.452, 0.772, 89.514)
                                                                                    (-12.592, 15.933, 62.955)

              4           A 35           A 37              3        91.6905         (-12.592, 15.933, 62.955)
                                                                                    (-18.201, 12.475, 62.552)

              5           A 37           A 47             11         417.68         (-18.201, 12.475, 62.552)
                                                                                    (-4.307, -1.516, 81.975)

              6           A 47           A 57             11        424.595         (-4.307, -1.516, 81.975)
                                                                                    (-24.999, 10.022, 77.303)

              7           A 57           A 68             12        454.883         (-24.999, 10.022, 77.303)
                                                                                    (-9.075, 13.333, 85.336)

              8           A 68           A 73              6        216.219         (-9.075, 13.333, 85.336)
                                                                                    (-0.655, 12.745, 72.822)

