Using structure file: /home/pkas7/Research/SCOP/pdbstyle-1.75B/a5/d2a5yb1.ent
Number of residues: 118
Doing a BEZIER segmentation ...

Bounding box volume: 29389.3
Null Model Fit: 5234.62 bits.
Bits per residue: 44.7404

Bezier model fit: 4888.67 bits.
Bits per residue: 41.7835

# of segments: 13
Internal segmentation:
0-->14-->20-->29-->31-->49-->57-->66-->76-->94-->95-->101-->116-->117

CPU time used: 1.05 secs.
Wall clock time elapsed: 1 secs.

        SEGMENT          START            END   NUM_RESIDUES MESSAGE_LENGTH                    END_POINTS        INTERMEDIATE_CONTROL_POINTS
              1          B 386          B 400             15        573.204         (93.494, 44.602, 101.539)
                                                                                    (109.162, 61.2, 94.241)

              2          B 400          B 406              7        267.937         (109.162, 61.2, 94.241)
                                                                                    (115.033, 51.958, 99.829)

              3          B 406          B 415             10        385.596         (115.033, 51.958, 99.829)
                                                                                    (101.922, 52.921, 108.225)

              4          B 415          B 424              3        93.5178         (101.922, 52.921, 108.225)
                                                                                    (111.11, 39.407, 117.006)

              5          B 424          B 442             19        739.455         (111.11, 39.407, 117.006)
                                                                                    (101.673, 46.809, 89.47)

              6          B 442          B 450              9        331.059         (101.673, 46.809, 89.47)
                                                                                    (122.388, 46.008, 95.258)

              7          B 450          B 459             10         377.16         (122.388, 46.008, 95.258)
                                                                                    (101.112, 57.994, 86.103)

              8          B 459          B 469             11        415.681         (101.112, 57.994, 86.103)
                                                                                    (91.686, 63.923, 101.085)

              9          B 469          B 487             19        720.255         (91.686, 63.923, 101.085)
                                                                                    (118.047, 60.44, 112.208)

             10          B 487          B 521              2        47.7774         (118.047, 60.44, 112.208)
                                                                                    (121.214, 60.765, 90.772)

             11          B 521          B 527              7        258.175         (121.214, 60.765, 90.772)
                                                                                    (122.153, 54.56, 104.708)

             12          B 527          B 542             16        631.072         (122.153, 54.56, 104.708)
                                                                                    (106.094, 71.475, 94.958)

             13          B 542          B 543              2        47.7774         (106.094, 71.475, 94.958)
                                                                                    (102.887, 70.419, 96.73)

