Using structure file: /home/pkas7/Research/SCOP/pdbstyle-1.75B/a8/d2a84a_.ent
Number of residues: 277
Doing a BEZIER segmentation ...

Bounding box volume: 112083
Null Model Fit: 12881.4 bits.
Bits per residue: 46.6716

Bezier model fit: 11531.4 bits.
Bits per residue: 41.7806

# of segments: 27
Internal segmentation:
0-->7-->13-->28-->37-->41-->55-->65-->72-->73-->84-->100-->109-->119-->138-->139-->148-->163-->177-->183-->190-->212-->214-->230-->244-->250-->263-->276

CPU time used: 2.83 secs.
Wall clock time elapsed: 2 secs.

        SEGMENT          START            END   NUM_RESIDUES MESSAGE_LENGTH                    END_POINTS        INTERMEDIATE_CONTROL_POINTS
              1            A 3           A 10              8        306.545         (-13.221, 19.961, 46.542)
                                                                                    (-0.361, 21.348, 35.545)

              2           A 10           A 16              7        262.462         (-0.361, 21.348, 35.545)
                                                                                    (-9.827, 8.23, 44.944)

              3           A 16           A 31             16        608.828         (-9.827, 8.23, 44.944)
                                                                                    (-17.234, 24.993, 29.957)

              4           A 31           A 40             10        375.149         (-17.234, 24.993, 29.957)
                                                                                    (-2.861, 0.369, 31.882)

              5           A 40           A 44              5        187.309         (-2.861, 0.369, 31.882)
                                                                                    (4.38, 4.579, 24.869)

              6           A 44           A 58             15         568.35         (4.38, 4.579, 24.869)
                                                                                    (-9.914, 23.143, 22.43)

              7           A 58           A 68             11        412.793         (-9.914, 23.143, 22.43)
                                                                                    (-4.732, -2.777, 35.753)

              8           A 68           A 75              8        309.702         (-4.732, -2.777, 35.753)
                                                                                    (-8.264, -16.681, 34.067)

              9           A 75           A 86              2        49.7086         (-8.264, -16.681, 34.067)
                                                                                    (9.218, 3.192, 39.478)

             10           A 86           A 97             12        465.336         (9.218, 3.192, 39.478)
                                                                                    (-0.075, 18.732, 29.004)

             11           A 97          A 113             17        675.139         (-0.075, 18.732, 29.004)
                                                                                    (-15.455, -6.695, 45.726)

             12          A 113          A 122             10         380.26         (-15.455, -6.695, 45.726)
                                                                                    (-22.007, -12.543, 22.474)

             13          A 122          A 132             11        438.623         (-22.007, -12.543, 22.474)
                                                                                    (-10.338, -15.321, 27.653)

             14          A 132          A 151             20        768.379         (-10.338, -15.321, 27.653)
                                                                                    (-18.182, 11.908, 32.991)

             15          A 151          A 152              2        49.7086         (-18.182, 11.908, 32.991)
                                                                                    (-16.15, 12.833, 29.902)

             16          A 152          A 161             10        379.277         (-16.15, 12.833, 29.902)
                                                                                    (-7.761, -3.353, 19.987)

             17          A 161          A 176             16        609.672         (-7.761, -3.353, 19.987)
                                                                                    (-27.562, 4.936, 26.505)

             18          A 176          A 190             15        571.231         (-27.562, 4.936, 26.505)
                                                                                    (8.724, 2.34, 11.05)

             19          A 190          A 196              7        267.249         (8.724, 2.34, 11.05)
                                                                                    (2.165, -2.211, 22.349)

             20          A 196          A 203              8        304.177         (2.165, -2.211, 22.349)
                                                                                    (13.819, -10.471, 22.114)

             21          A 203          A 225             23        861.348         (13.819, -10.471, 22.114)
                                                                                    (-8.787, -5.671, -5.117)

             22          A 225          A 227              3        97.3802         (-8.787, -5.671, -5.117)
                                                                                    (-11.431, -10.207, -3.562)

             23          A 227          A 243             17        644.785         (-11.431, -10.207, -3.562)
                                                                                    (8.602, -19.639, 11.103)

             24          A 243          A 257             15        591.926         (8.602, -19.639, 11.103)
                                                                                    (-17.405, -7.8, 13.586)

             25          A 257          A 263              7        266.872         (-17.405, -7.8, 13.586)
                                                                                    (-19.108, -6.591, -1.336)

             26          A 263          A 276             14        534.912         (-19.108, -6.591, -1.336)
                                                                                    (5.36, -16.628, 25.099)

             27          A 276          A 289             14        544.324         (5.36, -16.628, 25.099)
                                                                                    (-14.159, -1.639, -4.886)

