Using structure file: /home/pkas7/Research/SCOP/pdbstyle-1.75B/ab/d2abwa1.ent
Number of residues: 214
Doing a BEZIER segmentation ...

Bounding box volume: 61058.3
Null Model Fit: 9754.39 bits.
Bits per residue: 45.7953

Bezier model fit: 8949.06 bits.
Bits per residue: 42.0144

# of segments: 25
Internal segmentation:
0-->10-->25-->35-->42-->50-->61-->78-->85-->93-->97-->104-->113-->121-->122-->134-->135-->140-->147-->157-->161-->169-->181-->193-->194-->213

CPU time used: 2.12 secs.
Wall clock time elapsed: 2 secs.

        SEGMENT          START            END   NUM_RESIDUES MESSAGE_LENGTH                    END_POINTS        INTERMEDIATE_CONTROL_POINTS
              1            A 2           A 12             11        409.578         (10.616, 62.922, 43.672)
                                                                                    (22.981, 73.321, 18.047)

              2           A 12           A 27             16        629.443         (22.981, 73.321, 18.047)
                                                                                    (7.613, 73.101, 39.656)

              3           A 27           A 37             11        413.549         (7.613, 73.101, 39.656)
                                                                                    (26.694, 64.024, 25.251)

              4           A 37           A 44              8         303.76         (26.694, 64.024, 25.251)
                                                                                    (17.548, 62.449, 31.826)

              5           A 44           A 52              9        327.806         (17.548, 62.449, 31.826)
                                                                                    (15.776, 75.599, 13.662)

              6           A 52           A 63             12        466.033         (15.776, 75.599, 13.662)
                                                                                    (30.436, 62.916, 16.382)

              7           A 63           A 80             18        684.874         (30.436, 62.916, 16.382)
                                                                                    (11.009, 54.323, 25.574)

              8           A 80           A 87              8        300.843         (11.009, 54.323, 25.574)
                                                                                    (10.502, 72.181, 14.97)

              9           A 87           A 95              9        341.051         (10.502, 72.181, 14.97)
                                                                                    (9.657, 58.437, 9.596)

             10           A 95           A 99              5         178.25         (9.657, 58.437, 9.596)
                                                                                    (12.451, 68.536, 1.137)

             11           A 99          A 106              8        303.886         (12.451, 68.536, 1.137)
                                                                                    (23.906, 59.721, 7.128)

             12          A 106          A 115             10        385.896         (23.906, 59.721, 7.128)
                                                                                    (6.687, 59.468, 15.008)

             13          A 115          A 123              9        336.571         (6.687, 59.468, 15.008)
                                                                                    (12.061, 74.898, 3.631)

             14          A 123          A 128              2        48.8323         (12.061, 74.898, 3.631)
                                                                                    (3.313, 84.369, 5.019)

             15          A 128          A 140             13        494.498         (3.313, 84.369, 5.019)
                                                                                    (-8.353, 66.102, 28.439)

             16          A 140          A 141              2        48.8323         (-8.353, 66.102, 28.439)
                                                                                    (-5.075, 67.399, 30.053)

             17          A 141          A 146              6        221.411         (-5.075, 67.399, 30.053)
                                                                                    (-9.235, 76.962, 25.992)

             18          A 146          A 153              8        290.096         (-9.235, 76.962, 25.992)
                                                                                    (7.792, 80.287, 12.064)

             19          A 153          A 163             11        427.356         (7.792, 80.287, 12.064)
                                                                                    (-0.128, 54.664, 11.799)

             20          A 163          A 167              5        183.763         (-0.128, 54.664, 11.799)
                                                                                    (-2.612, 60.653, 17.926)

             21          A 167          A 175              9        330.366         (-2.612, 60.653, 17.926)
                                                                                    (-6.604, 81.189, 5.798)

             22          A 175          A 187             13        507.073         (-6.604, 81.189, 5.798)
                                                                                    (2.853, 58.445, 19.536)

             23          A 187          A 199             13        504.307         (2.853, 58.445, 19.536)
                                                                                    (8.231, 81.956, 21.7)

             24          A 199          A 200              2        48.8323         (8.231, 81.956, 21.7)
                                                                                    (4.758, 82.509, 23.324)

             25          A 200          A 219             20        762.155         (4.758, 82.509, 23.324)
                                                                                    (5.276, 53.727, 35.683)

