Using structure file: /home/pkas7/Research/SCOP/pdbstyle-1.75B/at/d2atza1.ent
Number of residues: 176
Doing a BEZIER segmentation ...

Bounding box volume: 74235.4
Null Model Fit: 8063.51 bits.
Bits per residue: 46.0772

Bezier model fit: 7328.03 bits.
Bits per residue: 41.8744

# of segments: 18
Internal segmentation:
0-->5-->10-->18-->32-->41-->43-->53-->65-->80-->95-->105-->106-->116-->120-->138-->152-->164-->175

CPU time used: 1.68 secs.
Wall clock time elapsed: 1 secs.

        SEGMENT          START            END   NUM_RESIDUES MESSAGE_LENGTH                    END_POINTS        INTERMEDIATE_CONTROL_POINTS
              1            A 3            A 8              6        224.419         (8.098, 11.024, -3.005)
                                                                                    (-2.338, 15.584, 7.015)

              2            A 8           A 13              6        222.036         (-2.338, 15.584, 7.015)
                                                                                    (-11.598, 18.383, 0.311)

              3           A 13           A 21              9        329.107         (-11.598, 18.383, 0.311)
                                                                                    (-4.022, 30.437, -17.988)

              4           A 21           A 35             15        596.434         (-4.022, 30.437, -17.988)
                                                                                    (-5.481, 39.478, -10.586)

              5           A 35           A 44             10        383.137         (-5.481, 39.478, -10.586)
                                                                                    (-14.579, 17.36, -4.239)

              6           A 44           A 46              3        96.1914         (-14.579, 17.36, -4.239)
                                                                                    (-10.426, 13.571, -4.998)

              7           A 46           A 56             11        418.606         (-10.426, 13.571, -4.998)
                                                                                    (1.842, 18.291, -13.109)

              8           A 56           A 68             13        492.688         (1.842, 18.291, -13.109)
                                                                                    (-16.705, 29.173, 10.427)

              9           A 68           A 83             16        633.601         (-16.705, 29.173, 10.427)
                                                                                    (15.411, 27.035, 1.868)

             10           A 83           A 98             16          603.7         (15.411, 27.035, 1.868)
                                                                                    (5.999, 27.03, 21.645)

             11           A 98          A 108             11        424.128         (5.999, 27.03, 21.645)
                                                                                    (6.674, 24.251, -7.747)

             12          A 108          A 109              2        49.1142         (6.674, 24.251, -7.747)
                                                                                    (9.824, 26.485, -7.959)

             13          A 109          A 119             11         413.76         (9.824, 26.485, -7.959)
                                                                                    (-1.461, 24.566, 15.373)

             14          A 119          A 123              5        182.255         (-1.461, 24.566, 15.373)
                                                                                    (-9.952, 31.722, 14.764)

             15          A 123          A 141             19        716.973         (-9.952, 31.722, 14.764)
                                                                                    (17.284, 37.626, 11.662)

             16          A 141          A 155             15        599.935         (17.284, 37.626, 11.662)
                                                                                    (-8.719, 38.76, -0.861)

             17          A 155          A 167             13        496.524         (-8.719, 38.76, -0.861)
                                                                                    (8.306, 16.804, 2.121)

             18          A 167          A 178             12        445.419         (8.306, 16.804, 2.121)
                                                                                    (5.723, 22.422, 36.197)

