Using structure file: /home/pkas7/Research/SCOP/pdbstyle-1.75B/ba/d2ba0a2.ent
Number of residues: 51
Doing a BEZIER segmentation ...

Bounding box volume: 10656.7
Null Model Fit: 2163.84 bits.
Bits per residue: 43.2768

Bezier model fit: 2122.21 bits.
Bits per residue: 42.4442

# of segments: 8
Internal segmentation:
0-->4-->12-->18-->24-->33-->39-->48-->50

CPU time used: 0.31 secs.
Wall clock time elapsed: 0 secs.

        SEGMENT          START            END   NUM_RESIDUES MESSAGE_LENGTH                    END_POINTS        INTERMEDIATE_CONTROL_POINTS
              1            A 2            A 6              5        174.508         (34.257, 93.624, -13.758)
                                                                                    (47.199, 93.14, -9.757)

              2            A 6           A 14              9        341.156         (47.199, 93.14, -9.757)
                                                                                    (45.647, 109.332, -19.1)

              3           A 14           A 20              7        258.326         (45.647, 109.332, -19.1)
                                                                                    (42.361, 105.46, -5.349)

              4           A 20           A 26              7         253.67         (42.361, 105.46, -5.349)
                                                                                    (55.796, 108.212, -17.162)

              5           A 26           A 35             10        377.842         (55.796, 108.212, -17.162)
                                                                                    (41.311, 94.706, -6.579)

              6           A 35           A 41              7        253.699         (41.311, 94.706, -6.579)
                                                                                    (34.436, 108.595, -18.02)

              7           A 41           A 50             10         372.42         (34.436, 108.595, -18.02)
                                                                                    (42.156, 93.532, 1.305)

              8           A 50           A 52              3        90.5907         (42.156, 93.532, 1.305)
                                                                                    (44.01, 97.717, 6.687)

