Using structure file: /home/pkas7/Research/SCOP/pdbstyle-1.75B/by/d2byca1.ent
Number of residues: 136
Doing a BEZIER segmentation ...

Bounding box volume: 32993.9
Null Model Fit: 6062.48 bits.
Bits per residue: 44.9073

Bezier model fit: 5611.45 bits.
Bits per residue: 41.5663

# of segments: 14
Internal segmentation:
0-->1-->9-->16-->35-->44-->45-->55-->70-->77-->84-->91-->99-->115-->135

CPU time used: 1.25 secs.
Wall clock time elapsed: 1 secs.

        SEGMENT          START            END   NUM_RESIDUES MESSAGE_LENGTH                    END_POINTS        INTERMEDIATE_CONTROL_POINTS
              1            A 1            A 2              2        47.9443         (1.176, 45.527, 3.699)
                                                                                    (-1.162, 46.486, 6.508)

              2            A 2           A 10              9        338.131         (-1.162, 46.486, 6.508)
                                                                                    (4.317, 23.512, 12.315)

              3           A 10           A 17              8        302.515         (4.317, 23.512, 12.315)
                                                                                    (16.698, 22.25, 27.281)

              4           A 17           A 36             20        763.189         (16.698, 22.25, 27.281)
                                                                                    (5.189, 44.588, 16.083)

              5           A 36           A 45             10        370.249         (5.189, 44.588, 16.083)
                                                                                    (3.785, 18.99, 22.858)

              6           A 45           A 46              2        47.9443         (3.785, 18.99, 22.858)
                                                                                    (7.382, 18.087, 23.303)

              7           A 46           A 56             11        411.707         (7.382, 18.087, 23.303)
                                                                                    (-0.227, 43.234, 9.87)

              8           A 56           A 71             16        600.433         (-0.227, 43.234, 9.87)
                                                                                    (17.838, 26.871, 15.385)

              9           A 71           A 78              8        304.285         (17.838, 26.871, 15.385)
                                                                                    (3.362, 26.728, 7.027)

             10           A 78           A 85              8        297.259         (3.362, 26.728, 7.027)
                                                                                    (-11.287, 40.545, 9.759)

             11           A 85           A 92              8        306.894         (-11.287, 40.545, 9.759)
                                                                                    (-2.044, 37.574, 23.829)

             12           A 92          A 100              9        334.161         (-2.044, 37.574, 23.829)
                                                                                    (-0.712, 19.297, 29.755)

             13          A 100          A 116             17        682.018         (-0.712, 19.297, 29.755)
                                                                                    (-6.787, 16.419, 9.55)

             14          A 116          A 136             21        804.719         (-6.787, 16.419, 9.55)
                                                                                    (-14.51, 40.785, 30.651)

