Using structure file: /home/pkas7/Research/SCOP/pdbstyle-1.75B/cc/d2cc0a1.ent
Number of residues: 192
Doing a BEZIER segmentation ...

Bounding box volume: 44074.9
Null Model Fit: 8657.08 bits.
Bits per residue: 45.325

Bezier model fit: 8015.29 bits.
Bits per residue: 41.9649

# of segments: 20
Internal segmentation:
0-->11-->15-->29-->38-->39-->53-->70-->72-->91-->96-->102-->106-->117-->133-->134-->147-->157-->172-->188-->191

CPU time used: 1.87 secs.
Wall clock time elapsed: 1 secs.

        SEGMENT          START            END   NUM_RESIDUES MESSAGE_LENGTH                    END_POINTS        INTERMEDIATE_CONTROL_POINTS
              1            A 1           A 12             12        456.167         (11.776, 15.566, -23.139)
                                                                                    (23.127, -3.866, -3.122)

              2           A 12           A 16              5        180.142         (23.127, -3.866, -3.122)
                                                                                    (33.636, -3.078, -1.595)

              3           A 16           A 30             15        569.338         (33.636, -3.078, -1.595)
                                                                                    (25.539, 10.218, -16.553)

              4           A 30           A 39             10        384.789         (25.539, 10.218, -16.553)
                                                                                    (26.344, -1.482, 7.813)

              5           A 39           A 40              2        48.3621         (26.344, -1.482, 7.813)
                                                                                    (29.434, -3.667, 8.384)

              6           A 40           A 54             15        593.069         (29.434, -3.667, 8.384)
                                                                                    (30.452, 12.454, -4.242)

              7           A 54           A 71             18         707.08         (30.452, 12.454, -4.242)
                                                                                    (14.384, -15.417, 11.236)

              8           A 71           A 73              3        94.6871         (14.384, -15.417, 11.236)
                                                                                    (13.6, -11.562, 16.958)

              9           A 73           A 92             20        751.991         (13.6, -11.562, 16.958)
                                                                                    (29.142, 10.792, 5.812)

             10           A 92           A 97              6        220.629         (29.142, 10.792, 5.812)
                                                                                    (15.313, 6.975, 4.516)

             11           A 97          A 103              7        258.792         (15.313, 6.975, 4.516)
                                                                                    (16.602, -11.515, 0.208)

             12          A 103          A 107              5          176.7         (16.602, -11.515, 0.208)
                                                                                    (7.123, -9.49, 7.868)

             13          A 107          A 118             12        453.477         (7.123, -9.49, 7.868)
                                                                                    (11.691, 6.249, 9.614)

             14          A 118          A 134             17        682.646         (11.691, 6.249, 9.614)
                                                                                    (23.432, -13.245, -15.503)

             15          A 134          A 135              2        48.3621         (23.432, -13.245, -15.503)
                                                                                    (25.338, -12.215, -18.612)

             16          A 135          A 148             14        534.177         (25.338, -12.215, -18.612)
                                                                                    (8.53, 4.96, -15.419)

             17          A 148          A 158             11        422.707         (8.53, 4.96, -15.419)
                                                                                    (29.438, -8.46, -10.285)

             18          A 158          A 173             16        621.181         (29.438, -8.46, -10.285)
                                                                                    (18.329, 7.112, -23.279)

             19          A 173          A 189             17        669.734         (18.329, 7.112, -23.279)
                                                                                    (11.503, 6.201, -8.877)

             20          A 189          A 192              4        141.262         (11.503, 6.201, -8.877)
                                                                                    (15.988, 13.704, -8.364)

