Using structure file: /home/pkas7/Research/SCOP/pdbstyle-1.75B/ch/d2ch5a2.ent
Number of residues: 117
Doing a BEZIER segmentation ...

Bounding box volume: 25543.7
Null Model Fit: 5166.41 bits.
Bits per residue: 44.538

Bezier model fit: 4842.81 bits.
Bits per residue: 41.7483

# of segments: 12
Internal segmentation:
0-->11-->20-->28-->39-->40-->60-->62-->77-->79-->95-->108-->116

CPU time used: 1.03 secs.
Wall clock time elapsed: 1 secs.

        SEGMENT          START            END   NUM_RESIDUES MESSAGE_LENGTH                    END_POINTS        INTERMEDIATE_CONTROL_POINTS
              1            A 1           A 12             12        452.824         (37.533, 54.156, 98.808)
                                                                                    (51.605, 83.841, 87.158)

              2           A 12           A 21             10        368.988         (51.605, 83.841, 87.158)
                                                                                    (40.709, 63.647, 100.227)

              3           A 21           A 29              9        350.638         (40.709, 63.647, 100.227)
                                                                                    (51.088, 68.327, 95.318)

              4           A 29           A 40             12        468.409         (51.088, 68.327, 95.318)
                                                                                    (49.338, 80.781, 75.806)

              5           A 40           A 41              2        47.5751         (49.338, 80.781, 75.806)
                                                                                    (45.908, 79.85, 74.415)

              6           A 41           A 61             21         794.13         (45.908, 79.85, 74.415)
                                                                                    (48.865, 56.325, 94.25)

              7           A 61           A 63              3        93.1131         (48.865, 56.325, 94.25)
                                                                                    (44.88, 53.672, 90.383)

              8           A 63           A 78             16        629.753         (44.88, 53.672, 90.383)
                                                                                    (39.107, 82.072, 84.453)

              9           A 78           A 80              3        93.1131         (39.107, 82.072, 84.453)
                                                                                    (36.127, 84.605, 80.643)

             10           A 80           A 96             17        647.179         (36.127, 84.605, 80.643)
                                                                                    (38.26, 61.376, 79.503)

             11           A 96          A 109             14        550.055         (38.26, 61.376, 79.503)
                                                                                    (38.615, 83.322, 93.852)

             12          A 109          A 117              9        347.028         (38.615, 83.322, 93.852)
                                                                                    (34.398, 81.113, 103.354)

