Using structure file: /home/pkas7/Research/SCOP/pdbstyle-1.75B/cx/d2cxya_.ent
Number of residues: 114
Doing a BEZIER segmentation ...

Bounding box volume: 38601.9
Null Model Fit: 5100.11 bits.
Bits per residue: 45.1337

Bezier model fit: 4713.56 bits.
Bits per residue: 41.7129

# of segments: 10
Internal segmentation:
0-->12-->28-->41-->47-->64-->76-->80-->101-->102-->113

CPU time used: 1.01 secs.
Wall clock time elapsed: 1 secs.

        SEGMENT          START            END   NUM_RESIDUES MESSAGE_LENGTH                    END_POINTS        INTERMEDIATE_CONTROL_POINTS
              1            A 1           A 13             13        512.859         (64.286, 28.606, 10.616)
                                                                                    (50.583, 31.609, -8.438)

              2           A 13           A 29             17        645.003         (50.583, 31.609, -8.438)
                                                                                    (72.856, 42.794, -4.948)

              3           A 29           A 42             14        542.434         (72.856, 42.794, -4.948)
                                                                                    (56.727, 30.979, 15.157)

              4           A 42           A 48              7        257.533         (56.727, 30.979, 15.157)
                                                                                    (55.215, 37.125, -1.771)

              5           A 48           A 65             18        715.869         (55.215, 37.125, -1.771)
                                                                                    (47.484, 55.83, 6.917)

              6           A 65           A 77             13        497.968         (47.484, 55.83, 6.917)
                                                                                    (47.105, 34.264, 10.341)

              7           A 77           A 81              5        179.776         (47.105, 34.264, 10.341)
                                                                                    (47.059, 41.254, 18.67)

              8           A 81          A 102             22        856.988         (47.059, 41.254, 18.67)
                                                                                    (62.101, 49.951, -6.644)

              9          A 102          A 103              2        48.1708         (62.101, 49.951, -6.644)
                                                                                    (59.21, 47.971, -8.18)

             10          A 103          A 114             12        456.958         (59.21, 47.971, -8.18)
                                                                                    (77.618, 61.415, -1.16)

