Using structure file: /home/pkas7/Research/SCOP/pdbstyle-1.75B/d0/d2d0oa2.ent
Number of residues: 241
Doing a BEZIER segmentation ...

Bounding box volume: 159437
Null Model Fit: 11323.2 bits.
Bits per residue: 47.18

Bezier model fit: 10018.8 bits.
Bits per residue: 41.7451

# of segments: 23
Internal segmentation:
0-->10-->22-->28-->35-->42-->58-->67-->76-->91-->107-->115-->129-->130-->140-->158-->160-->170-->184-->191-->203-->219-->227-->240

CPU time used: 2.31 secs.
Wall clock time elapsed: 2 secs.

        SEGMENT          START            END   NUM_RESIDUES MESSAGE_LENGTH                    END_POINTS        INTERMEDIATE_CONTROL_POINTS
              1            A 1           A 11             11        416.386         (25.786, 68.062, 92.355)
                                                                                    (34.7, 47.438, 68.765)

              2           A 11           A 23             13        488.477         (34.7, 47.438, 68.765)
                                                                                    (19.52, 67.375, 95.151)

              3           A 23           A 29              7        261.688         (19.52, 67.375, 95.151)
                                                                                    (23.137, 64.871, 80.567)

              4           A 29           A 36              8        296.592         (23.137, 64.871, 80.567)
                                                                                    (39.412, 54.728, 70.439)

              5           A 36           A 43              8        313.935         (39.412, 54.728, 70.439)
                                                                                    (39.175, 42.402, 77.355)

              6           A 43           A 59             17        646.913         (39.175, 42.402, 77.355)
                                                                                    (38.166, 68.191, 81.017)

              7           A 59           A 68             10        394.566         (38.166, 68.191, 81.017)
                                                                                    (32.187, 61.146, 89.255)

              8           A 68           A 77             10        373.627         (32.187, 61.146, 89.255)
                                                                                    (26.977, 42.954, 72.835)

              9           A 77           A 92             16        601.722         (26.977, 42.954, 72.835)
                                                                                    (44.928, 33.075, 31.165)

             10           A 92          A 270             17        657.608         (44.928, 33.075, 31.165)
                                                                                    (19.412, 20.555, 62.189)

             11          A 270          A 278              9        340.631         (19.412, 20.555, 62.189)
                                                                                    (32.402, 30.604, 43.054)

             12          A 278          A 292             15        590.827         (32.402, 30.604, 43.054)
                                                                                    (15.706, 29.09, 58.752)

             13          A 292          A 293              2        50.2171         (15.706, 29.09, 58.752)
                                                                                    (18.3, 30.748, 60.928)

             14          A 293          A 303             11        418.428         (18.3, 30.748, 60.928)
                                                                                    (40.928, 29.549, 51.543)

             15          A 303          A 321             19        722.703         (40.928, 29.549, 51.543)
                                                                                    (36.949, 31.295, 77.853)

             16          A 321          A 323              3         98.397         (36.949, 31.295, 77.853)
                                                                                    (36.371, 25.88, 73.474)

             17          A 323          A 333             11        429.234         (36.371, 25.88, 73.474)
                                                                                    (26.901, 38.601, 54.284)

             18          A 333          A 347             15        589.909         (26.901, 38.601, 54.284)
                                                                                    (53.89, 39.143, 27.87)

             19          A 347          A 354              8        302.813         (53.89, 39.143, 27.87)
                                                                                    (38.34, 39.362, 38.117)

             20          A 354          A 366             13        480.735         (38.34, 39.362, 38.117)
                                                                                    (26.038, 34.493, 75.559)

             21          A 366          A 382             17        669.982         (26.038, 34.493, 75.559)
                                                                                    (37.858, 54.388, 93.224)

             22          A 382          A 390              9        342.815         (37.858, 54.388, 93.224)
                                                                                    (20.96, 45.094, 77.105)

             23          A 390          A 403             14        530.622         (20.96, 45.094, 77.105)
                                                                                    (13.66, 65.229, 68.175)

