Using structure file: /home/pkas7/Research/SCOP/pdbstyle-1.75B/d1/d2d1pc1.ent
Number of residues: 95
Doing a BEZIER segmentation ...

Bounding box volume: 19080.9
Null Model Fit: 4147.02 bits.
Bits per residue: 44.1172

Bezier model fit: 3962.72 bits.
Bits per residue: 42.1566

# of segments: 11
Internal segmentation:
0-->7-->12-->22-->31-->40-->50-->62-->71-->77-->88-->94

CPU time used: 0.8 secs.
Wall clock time elapsed: 0 secs.

        SEGMENT          START            END   NUM_RESIDUES MESSAGE_LENGTH                    END_POINTS        INTERMEDIATE_CONTROL_POINTS
              1            C 1            C 8              8        301.738         (54.675, 55.687, 39.317)
                                                                                    (70.042, 69.41, 41.11)

              2            C 8           C 13              6        221.234         (70.042, 69.41, 41.11)
                                                                                    (64.865, 69.565, 32.508)

              3           C 13           C 23             11        419.474         (64.865, 69.565, 32.508)
                                                                                    (47.808, 62.355, 40.294)

              4           C 23           C 32             10        366.626         (47.808, 62.355, 40.294)
                                                                                    (71.723, 66.346, 44.731)

              5           C 32           C 41             10        383.392         (71.723, 66.346, 44.731)
                                                                                    (64.114, 77.811, 46.761)

              6           C 41           C 51             11        416.511         (64.114, 77.811, 46.761)
                                                                                    (49.259, 66.684, 42.268)

              7           C 51           C 63             13         507.15         (49.259, 66.684, 42.268)
                                                                                    (75.34, 64.821, 53.9)

              8           C 63           C 72             10        385.786         (75.34, 64.821, 53.9)
                                                                                    (57.117, 71.297, 55.874)

              9           C 72           C 78              7        254.851         (57.117, 71.297, 55.874)
                                                                                    (65.384, 56.968, 55.082)

             10           C 78           C 89             12        452.507         (65.384, 56.968, 55.082)
                                                                                    (54.917, 51.692, 43.043)

             11           C 89           C 95              7        253.455         (54.917, 51.692, 43.043)
                                                                                    (65.717, 61.551, 36.568)

