Using structure file: /home/pkas7/Research/SCOP/pdbstyle-1.75B/de/d2dewx1.ent
Number of residues: 165
Doing a BEZIER segmentation ...

Bounding box volume: 69353.5
Null Model Fit: 7540.56 bits.
Bits per residue: 45.979

Bezier model fit: 6991.07 bits.
Bits per residue: 42.6285

# of segments: 20
Internal segmentation:
0-->7-->14-->23-->39-->47-->51-->59-->68-->73-->85-->94-->103-->113-->121-->129-->142-->148-->154-->163-->164

CPU time used: 1.57 secs.
Wall clock time elapsed: 1 secs.

        SEGMENT          START            END   NUM_RESIDUES MESSAGE_LENGTH                    END_POINTS        INTERMEDIATE_CONTROL_POINTS
              1          X 113          X 120              8        301.032         (5.516, 25.585, -37.051)
                                                                                    (16.182, 26.534, -17.221)

              2          X 120          X 136              8        315.108         (16.182, 26.534, -17.221)
                                                                                    (3.69, 22.099, -17.411)

              3          X 136          X 145             10        393.979         (3.69, 22.099, -17.411)
                                                                                    (9.851, 19.938, -9.136)

              4          X 145          X 161             17        663.037         (9.851, 19.938, -9.136)
                                                                                    (28.406, 54.259, -9.887)

              5          X 161          X 169              9        355.639         (28.406, 54.259, -9.887)
                                                                                    (16.715, 49.966, -18.166)

              6          X 169          X 173              5        183.413         (16.715, 49.966, -18.166)
                                                                                    (28.355, 45.793, -18.283)

              7          X 173          X 181              9        342.734         (28.355, 45.793, -18.283)
                                                                                    (18.377, 34.411, -16.383)

              8          X 181          X 190             10        372.052         (18.377, 34.411, -16.383)
                                                                                    (8.394, 28.688, -43.602)

              9          X 190          X 195              6        225.428         (8.394, 28.688, -43.602)
                                                                                    (4.387, 38.048, -43.546)

             10          X 195          X 207             13         493.78         (4.387, 38.048, -43.546)
                                                                                    (3.91, 41.764, -12.7)

             11          X 207          X 216             10        384.869         (3.91, 41.764, -12.7)
                                                                                    (20.332, 39.919, -27.08)

             12          X 216          X 232             10        383.395         (20.332, 39.919, -27.08)
                                                                                    (6.822, 50.695, -18.537)

             13          X 232          X 242             11        415.202         (6.822, 50.695, -18.537)
                                                                                    (11.054, 32.892, -41.2)

             14          X 242          X 250              9        333.586         (11.054, 32.892, -41.2)
                                                                                    (18.071, 38.013, -20.45)

             15          X 250          X 258              9        344.664         (18.071, 38.013, -20.45)
                                                                                    (7.137, 40.099, -0.028)

             16          X 258          X 271             14        537.923         (7.137, 40.099, -0.028)
                                                                                    (1.496, 33.975, -31.979)

             17          X 271          X 277              7        265.264         (1.496, 33.975, -31.979)
                                                                                    (-5.815, 43.842, -43.045)

             18          X 277          X 283              7        262.394         (-5.815, 43.842, -43.045)
                                                                                    (-4.298, 34.865, -31.17)

             19          X 283          X 292             10        368.557         (-4.298, 34.865, -31.17)
                                                                                    (10.411, 32.169, -9.204)

             20          X 292          X 293              2        49.0161         (10.411, 32.169, -9.204)
                                                                                    (12.375, 35.035, -7.721)

