Using structure file: /home/pkas7/Research/SCOP/pdbstyle-1.75B/dv/d2dvta1.ent
Number of residues: 325
Doing a BEZIER segmentation ...

Bounding box volume: 109651
Null Model Fit: 15111.3 bits.
Bits per residue: 46.6399

Bezier model fit: 13528 bits.
Bits per residue: 41.7532

# of segments: 28
Internal segmentation:
0-->14-->24-->38-->50-->68-->90-->92-->104-->120-->128-->135-->143-->156-->176-->184-->203-->208-->217-->235-->240-->254-->264-->265-->277-->288-->303-->323-->324

CPU time used: 3.3 secs.
Wall clock time elapsed: 3 secs.

        SEGMENT          START            END   NUM_RESIDUES MESSAGE_LENGTH                    END_POINTS        INTERMEDIATE_CONTROL_POINTS
              1            A 1           A 15             15        584.706         (83.386, 45.795, 23.3)
                                                                                    (55.065, 24.1, 17.707)

              2           A 15           A 25             11        431.051         (55.065, 24.1, 17.707)
                                                                                    (49.59, 43.156, 18.606)

              3           A 25           A 39             15          580.2         (49.59, 43.156, 18.606)
                                                                                    (68.961, 32.023, 13.626)

              4           A 39           A 51             13        495.386         (68.961, 32.023, 13.626)
                                                                                    (80.307, 42.667, 19.074)

              5           A 51           A 69             19        743.014         (80.307, 42.667, 19.074)
                                                                                    (50.881, 15.741, 28.995)

              6           A 69           A 91             23        860.565         (50.881, 15.741, 28.995)
                                                                                    (77.871, 27.719, 12.687)

              7           A 91           A 93              3        97.3169         (77.871, 27.719, 12.687)
                                                                                    (81.894, 28.841, 16.049)

              8           A 93          A 105             13         493.59         (81.894, 28.841, 16.049)
                                                                                    (58.56, 13.749, 34.055)

              9          A 105          A 121             17        650.814         (58.56, 13.749, 34.055)
                                                                                    (77.191, 18.889, 23.183)

             10          A 121          A 129              9        339.923         (77.191, 18.889, 23.183)
                                                                                    (59.872, 28.138, 35.847)

             11          A 129          A 136              8         307.41         (59.872, 28.138, 35.847)
                                                                                    (48.059, 20.942, 34.89)

             12          A 136          A 144              9        346.128         (48.059, 20.942, 34.89)
                                                                                    (60.276, 19.197, 45.549)

             13          A 144          A 157             14        541.725         (60.276, 19.197, 45.549)
                                                                                    (77.184, 16.575, 34.273)

             14          A 157          A 177             21        844.788         (77.184, 16.575, 34.273)
                                                                                    (43.302, 40.702, 38.156)

             15          A 177          A 185              9        347.394         (43.302, 40.702, 38.156)
                                                                                    (58.222, 41.177, 31.886)

             16          A 185          A 204             20        752.164         (58.222, 41.177, 31.886)
                                                                                    (68.751, 22.831, 51.249)

             17          A 204          A 209              6        228.732         (68.751, 22.831, 51.249)
                                                                                    (74.627, 19.653, 45.733)

             18          A 209          A 218             10        377.529         (74.627, 19.653, 45.733)
                                                                                    (66.905, 40.316, 34.342)

             19          A 218          A 236             19        735.499         (66.905, 40.316, 34.342)
                                                                                    (66.782, 41.196, 67.114)

             20          A 236          A 241              6        226.626         (66.782, 41.196, 67.114)
                                                                                    (65.622, 30.228, 60.593)

             21          A 241          A 255             15        589.256         (65.622, 30.228, 60.593)
                                                                                    (77.903, 30.814, 45.914)

             22          A 255          A 265             11        430.936         (77.903, 30.814, 45.914)
                                                                                    (69.852, 47.683, 30.788)

             23          A 265          A 266              2         49.677         (69.852, 47.683, 30.788)
                                                                                    (70.071, 49.914, 33.848)

             24          A 266          A 278             13        500.541         (70.071, 49.914, 33.848)
                                                                                    (80.037, 40.92, 42.611)

             25          A 278          A 289             12        455.841         (80.037, 40.92, 42.611)
                                                                                    (64.278, 38.795, 20.183)

             26          A 289          A 304             16        630.129         (64.278, 38.795, 20.183)
                                                                                    (79.688, 52.921, 34.32)

             27          A 304          A 324             21        837.428         (79.688, 52.921, 34.32)
                                                                                    (85.016, 27.471, 26.701)

             28          A 324          A 325              2         49.677         (85.016, 27.471, 26.701)
                                                                                    (88.729, 28.045, 27.321)

