Using structure file: /home/pkas7/Research/SCOP/pdbstyle-1.75B/eu/d2euca1.ent
Number of residues: 108
Doing a BEZIER segmentation ...

Bounding box volume: 37728.6
Null Model Fit: 4825.78 bits.
Bits per residue: 45.1007

Bezier model fit: 4424.52 bits.
Bits per residue: 41.3507

# of segments: 11
Internal segmentation:
0-->4-->26-->31-->42-->56-->61-->65-->82-->84-->100-->107

CPU time used: 0.94 secs.
Wall clock time elapsed: 0 secs.

        SEGMENT          START            END   NUM_RESIDUES MESSAGE_LENGTH                    END_POINTS        INTERMEDIATE_CONTROL_POINTS
              1            A 1            A 5              5        180.412         (42.933, 58.885, 23.241)
                                                                                    (31.17, 56.465, 18.844)

              2            A 5           A 27             23        863.868         (31.17, 56.465, 18.844)
                                                                                    (31.316, 25.677, 30.546)

              3           A 27           A 32              6        220.869         (31.316, 25.677, 30.546)
                                                                                    (37.009, 35.568, 33.466)

              4           A 32           A 43             12        452.883         (37.009, 35.568, 33.466)
                                                                                    (38.635, 29.502, 19.481)

              5           A 43           A 57             15         580.47         (38.635, 29.502, 19.481)
                                                                                    (38.749, 53.652, 24.782)

              6           A 57           A 62              6        220.446         (38.749, 53.652, 24.782)
                                                                                    (46.482, 50.816, 13.979)

              7           A 62           A 66              5        180.107         (46.482, 50.816, 13.979)
                                                                                    (35.552, 53.693, 10.644)

              8           A 66           A 83             18         681.73         (35.552, 53.693, 10.644)
                                                                                    (27.035, 29.459, 17.178)

              9           A 83           A 85              3        94.2385         (27.035, 29.459, 17.178)
                                                                                    (20.754, 31.437, 19.292)

             10           A 85          A 101             17        643.095         (20.754, 31.437, 19.292)
                                                                                    (22.88, 54.391, 29.506)

             11          A 101          A 113              8        306.406         (22.88, 54.391, 29.506)
                                                                                    (26.317, 43.903, 8.937)

