Using structure file: /home/pkas7/Research/SCOP/pdbstyle-1.75B/ew/d2ewla1.ent
Number of residues: 52
Doing a BEZIER segmentation ...

Bounding box volume: 14383.6
Null Model Fit: 2229.18 bits.
Bits per residue: 43.7095

Bezier model fit: 2124.89 bits.
Bits per residue: 41.6645

# of segments: 7
Internal segmentation:
0-->1-->14-->23-->25-->38-->45-->51

CPU time used: 0.34 secs.
Wall clock time elapsed: 0 secs.

        SEGMENT          START            END   NUM_RESIDUES MESSAGE_LENGTH                    END_POINTS        INTERMEDIATE_CONTROL_POINTS
              1            A 5            A 6              2        46.7466         (10.168, 3.832, -7.043)
                                                                                    (11.353, 1.309, -4.472)

              2            A 6           A 19             14        529.778         (11.353, 1.309, -4.472)
                                                                                    (-18.577, 6.172, -0.133)

              3           A 19           A 28             10         373.85         (-18.577, 6.172, -0.133)
                                                                                    (5.25, -1.913, 2.062)

              4           A 28           A 30              3        91.4561         (5.25, -1.913, 2.062)
                                                                                    (6.545, -7.598, -1.721)

              5           A 30           A 43             14         528.69         (6.545, -7.598, -1.721)
                                                                                    (-12.421, -11.143, -5.254)

              6           A 43           A 50              8        291.285         (-12.421, -11.143, -5.254)
                                                                                    (-11.54, 6.388, 8.673)

              7           A 50           A 56              7        263.085         (-11.54, 6.388, 8.673)
                                                                                    (-20.565, 3.513, 10.286)

