Using structure file: /home/pkas7/Research/SCOP/pdbstyle-1.75B/f7/d2f7fa1.ent
Number of residues: 345
Doing a BEZIER segmentation ...

Bounding box volume: 228762
Null Model Fit: 16409.1 bits.
Bits per residue: 47.7008

Bezier model fit: 14421.4 bits.
Bits per residue: 41.9228

# of segments: 31
Internal segmentation:
0-->11-->27-->41-->46-->72-->84-->96-->112-->113-->126-->142-->154-->155-->166-->171-->182-->200-->212-->221-->233-->234-->242-->250-->260-->268-->284-->291-->307-->314-->324-->344

CPU time used: 3.39 secs.
Wall clock time elapsed: 3 secs.

        SEGMENT          START            END   NUM_RESIDUES MESSAGE_LENGTH                    END_POINTS        INTERMEDIATE_CONTROL_POINTS
              1          A 141          A 152             12        458.152         (25.936, 53.186, 56.82)
                                                                                    (14.358, 61.522, 64.74)

              2          A 152          A 168             17        690.633         (14.358, 61.522, 64.74)
                                                                                    (34.655, 59.578, 47.06)

              3          A 168          A 182             15        578.569         (34.655, 59.578, 47.06)
                                                                                    (16.257, 56.265, 56.472)

              4          A 182          A 187              6        228.579         (16.257, 56.265, 56.472)
                                                                                    (23.622, 67.081, 49.69)

              5          A 187          A 213             27        1107.64         (23.622, 67.081, 49.69)
                                                                                    (26.266, 91.147, 56.762)

              6          A 213          A 225             13        503.323         (26.266, 91.147, 56.762)
                                                                                    (15.903, 81.378, 44.767)

              7          A 225          A 237             13        513.288         (15.903, 81.378, 44.767)
                                                                                    (22.153, 84.101, 65.709)

              8          A 237          A 253             17        639.031         (22.153, 84.101, 65.709)
                                                                                    (6.331, 88.133, 51.28)

              9          A 253          A 254              2        50.7379         (6.331, 88.133, 51.28)
                                                                                    (4.87, 85.356, 49.145)

             10          A 254          A 267             14          542.5         (4.87, 85.356, 49.145)
                                                                                    (23.876, 75.081, 72.578)

             11          A 267          A 283             17        647.801         (23.876, 75.081, 72.578)
                                                                                    (4.336, 85.709, 62.569)

             12          A 283          A 295             13        507.686         (4.336, 85.709, 62.569)
                                                                                    (24.647, 65.296, 65.258)

             13          A 295          A 296              2        50.7379         (24.647, 65.296, 65.258)
                                                                                    (24.155, 61.631, 65.843)

             14          A 296          A 307             12        456.479         (24.155, 61.631, 65.843)
                                                                                    (12.374, 70.056, 74.128)

             15          A 307          A 312              6        228.156         (12.374, 70.056, 74.128)
                                                                                    (15.217, 69.243, 60.256)

             16          A 312          A 323             12        479.185         (15.217, 69.243, 60.256)
                                                                                    (32.117, 57.236, 63.437)

             17          A 323          A 341             19        714.732         (32.117, 57.236, 63.437)
                                                                                    (35.492, 11.311, 46.402)

             18          A 341          A 353             13        504.677         (35.492, 11.311, 46.402)
                                                                                    (34.917, 29.983, 71.893)

             19          A 353          A 362             10        385.002         (34.917, 29.983, 71.893)
                                                                                    (25.693, 25.225, 52.771)

             20          A 362          A 374             13        504.966         (25.693, 25.225, 52.771)
                                                                                    (2.819, 38.163, 61.698)

             21          A 374          A 375              2        50.7379         (2.819, 38.163, 61.698)
                                                                                    (4.722, 38.394, 65.028)

             22          A 375          A 383              9        346.709         (4.722, 38.394, 65.028)
                                                                                    (21.207, 23.196, 56.231)

             23          A 383          A 391              9        346.739         (21.207, 23.196, 56.231)
                                                                                    (7.316, 21.124, 58.757)

             24          A 391          A 401             11         420.83         (7.316, 21.124, 58.757)
                                                                                    (22.142, 28.926, 75.635)

             25          A 401          A 409              9        341.571         (22.142, 28.926, 75.635)
                                                                                    (3.791, 25.817, 64.92)

             26          A 409          A 425             17        669.236         (3.791, 25.817, 64.92)
                                                                                    (24.047, 34.303, 34.823)

             27          A 425          A 432              8        302.797         (24.047, 34.303, 34.823)
                                                                                    (14.824, 51.105, 41.596)

             28          A 432          A 448             17        643.212         (14.824, 51.105, 41.596)
                                                                                    (8.19, 43.468, 66.312)

             29          A 448          A 455              8        310.384         (8.19, 43.468, 66.312)
                                                                                    (16.726, 51.792, 74.034)

             30          A 455          A 465             11        411.449         (16.726, 51.792, 74.034)
                                                                                    (18.353, 24.043, 63.307)

             31          A 465          A 485             21          785.9         (18.353, 24.043, 63.307)
                                                                                    (47.602, 13.559, 68.407)

