Using structure file: /home/pkas7/Research/SCOP/pdbstyle-1.75B/f9/d2f9wa2.ent
Number of residues: 114
Doing a BEZIER segmentation ...

Bounding box volume: 28175.8
Null Model Fit: 5048.79 bits.
Bits per residue: 44.6795

Bezier model fit: 4710.76 bits.
Bits per residue: 41.6882

# of segments: 14
Internal segmentation:
0-->8-->18-->21-->30-->43-->45-->54-->56-->71-->81-->86-->91-->98-->113

CPU time used: 0.99 secs.
Wall clock time elapsed: 1 secs.

        SEGMENT          START            END   NUM_RESIDUES MESSAGE_LENGTH                    END_POINTS        INTERMEDIATE_CONTROL_POINTS
              1            A 1            A 9              9        335.493         (29.943, 14.364, 36.903)
                                                                                    (26.444, 17.25, 62.651)

              2            A 9           A 19             11        409.898         (26.444, 17.25, 62.651)
                                                                                    (33.571, 8.657, 35.902)

              3           A 19           A 22              4        139.325         (33.571, 8.657, 35.902)
                                                                                    (37.842, 9.884, 40.257)

              4           A 22           A 31             10        376.823         (37.842, 9.884, 40.257)
                                                                                    (28.622, 25.439, 57.868)

              5           A 31           A 44             14        528.933         (28.622, 25.439, 57.868)
                                                                                    (32.061, 25.543, 36.598)

              6           A 44           A 46              3        93.3961         (32.061, 25.543, 36.598)
                                                                                    (29.63, 19.799, 34.743)

              7           A 46           A 55             10         377.08         (29.63, 19.799, 34.743)
                                                                                    (23.025, 11.961, 60.068)

              8           A 55           A 57              3        93.3961         (23.025, 11.961, 60.068)
                                                                                    (17.687, 15.792, 61.09)

              9           A 57           A 72             16        601.797         (17.687, 15.792, 61.09)
                                                                                    (23.349, 22.349, 40.21)

             10           A 72           A 82             11        410.245         (23.349, 22.349, 40.21)
                                                                                    (17.938, -0.814, 55.398)

             11           A 82           A 87              6        213.295         (17.938, -0.814, 55.398)
                                                                                    (25.126, -8.758, 51.051)

             12           A 87           A 92              6        217.247         (25.126, -8.758, 51.051)
                                                                                    (20.901, -3.299, 65.177)

             13           A 92           A 99              8        307.932         (20.901, -3.299, 65.177)
                                                                                    (23.678, 5.882, 61.995)

             14           A 99          A 114             16        605.902         (23.678, 5.882, 61.995)
                                                                                    (34.572, -10.168, 51.554)

