Using structure file: /home/pkas7/Research/SCOP/pdbstyle-1.75B/f9/d2f9wa1.ent
Number of residues: 134
Doing a BEZIER segmentation ...

Bounding box volume: 67067.9
Null Model Fit: 6108.78 bits.
Bits per residue: 45.9307

Bezier model fit: 5525.72 bits.
Bits per residue: 41.5468

# of segments: 11
Internal segmentation:
0-->9-->19-->43-->50-->58-->64-->93-->103-->110-->131-->133

CPU time used: 1.22 secs.
Wall clock time elapsed: 1 secs.

        SEGMENT          START            END   NUM_RESIDUES MESSAGE_LENGTH                    END_POINTS        INTERMEDIATE_CONTROL_POINTS
              1          A 115          A 124             10        379.531         (35.996, -11.21, 54.918)
                                                                                    (34.505, 14.461, 65.231)

              2          A 124          A 134             11        423.767         (34.505, 14.461, 65.231)
                                                                                    (29.414, -13.965, 56.219)

              3          A 134          A 158             25        994.817         (29.414, -13.965, 56.219)
                                                                                    (36.941, 26.67, 83.981)

              4          A 158          A 165              8         298.38         (36.941, 26.67, 83.981)
                                                                                    (49.259, 26.562, 67.889)

              5          A 165          A 173              9        339.964         (49.259, 26.562, 67.889)
                                                                                    (55.258, 13.488, 72.237)

              6          A 173          A 179              7        267.812         (55.258, 13.488, 72.237)
                                                                                    (51.517, 22.219, 80.525)

              7          A 179          A 208             30        1139.18         (51.517, 22.219, 80.525)
                                                                                    (39.71, -13.949, 64.545)

              8          A 208          A 218             11        414.139         (39.71, -13.949, 64.545)
                                                                                    (40.253, 12.866, 59.576)

              9          A 218          A 225              8        304.605         (40.253, 12.866, 59.576)
                                                                                    (50.939, 3.311, 63.524)

             10          A 225          A 246             22        867.628         (50.939, 3.311, 63.524)
                                                                                    (23.749, 3.663, 42.371)

             11          A 246          A 248              3        95.8984         (23.749, 3.663, 42.371)
                                                                                    (23.905, 5.683, 35.698)

