Using structure file: /home/pkas7/Research/SCOP/pdbstyle-1.75B/fh/d2fhfa3.ent
Number of residues: 131
Doing a BEZIER segmentation ...

Bounding box volume: 55596.2
Null Model Fit: 5935.81 bits.
Bits per residue: 45.6601

Bezier model fit: 5517.89 bits.
Bits per residue: 42.4453

# of segments: 17
Internal segmentation:
0-->11-->19-->27-->33-->41-->51-->57-->62-->74-->75-->85-->88-->100-->113-->115-->124-->130

CPU time used: 1.18 secs.
Wall clock time elapsed: 1 secs.

        SEGMENT          START            END   NUM_RESIDUES MESSAGE_LENGTH                    END_POINTS        INTERMEDIATE_CONTROL_POINTS
              1           A 32           A 43             12        464.291         (-3.919, 3.17, 130.566)
                                                                                    (3.418, 27.73, 140.603)

              2           A 43           A 51              9        338.722         (3.418, 27.73, 140.603)
                                                                                    (-9.538, 47.635, 141.934)

              3           A 51           A 59              9         328.06         (-9.538, 47.635, 141.934)
                                                                                    (7.619, 33.356, 135.662)

              4           A 59           A 65              7        260.595         (7.619, 33.356, 135.662)
                                                                                    (18.701, 24.414, 145.774)

              5           A 65           A 73              9        342.384         (18.701, 24.414, 145.774)
                                                                                    (16.467, 44.975, 140.765)

              6           A 73           A 83             11        404.841         (16.467, 44.975, 140.765)
                                                                                    (-4.678, 54.206, 120.27)

              7           A 83           A 89              7         262.49         (-4.678, 54.206, 120.27)
                                                                                    (-2.514, 55.391, 134.311)

              8           A 89           A 94              6        216.526         (-2.514, 55.391, 134.311)
                                                                                    (11.483, 57.851, 128.114)

              9           A 94          A 106             13        502.513         (11.483, 57.851, 128.114)
                                                                                    (8.714, 35.126, 145.478)

             10          A 106          A 107              2        48.6971         (8.714, 35.126, 145.478)
                                                                                    (10.139, 31.727, 144.542)

             11          A 107          A 117             11        410.992         (10.139, 31.727, 144.542)
                                                                                    (-7.201, 54.42, 134.749)

             12          A 117          A 120              4        142.267         (-7.201, 54.42, 134.749)
                                                                                    (-11.508, 47.975, 130.662)

             13          A 120          A 132             13        505.569         (-11.508, 47.975, 130.662)
                                                                                    (17.472, 45.056, 126.731)

             14          A 132          A 145             14        555.172         (17.472, 45.056, 126.731)
                                                                                    (-9.303, 38.283, 127.434)

             15          A 145          A 147              3        95.3572         (-9.303, 38.283, 127.434)
                                                                                    (-10.939, 39.579, 133.272)

             16          A 147          A 156             10        374.884         (-10.939, 39.579, 133.272)
                                                                                    (11.56, 34.781, 125.139)

             17          A 156          A 162              7        264.527         (11.56, 34.781, 125.139)
                                                                                    (-3.879, 34.144, 132.67)

