Using structure file: /home/pkas7/Research/SCOP/pdbstyle-1.75B/fh/d2fhfa4.ent
Number of residues: 118
Doing a BEZIER segmentation ...

Bounding box volume: 32044.8
Null Model Fit: 5249.22 bits.
Bits per residue: 44.8652

Bezier model fit: 4890.18 bits.
Bits per residue: 41.7964

# of segments: 13
Internal segmentation:
0-->17-->19-->30-->31-->39-->50-->60-->69-->76-->87-->94-->105-->117

CPU time used: 1.11 secs.
Wall clock time elapsed: 1 secs.

        SEGMENT          START            END   NUM_RESIDUES MESSAGE_LENGTH                    END_POINTS        INTERMEDIATE_CONTROL_POINTS
              1          A 966          A 983             18        713.832         (44.672, 7.572, 81.034)
                                                                                    (64.82, 26.189, 90.05)

              2          A 983          A 985              3        93.7674         (64.82, 26.189, 90.05)
                                                                                    (61.033, 30.746, 89.909)

              3          A 985          A 996             12        451.956         (61.033, 30.746, 89.909)
                                                                                    (60.753, 4.323, 72.44)

              4          A 996          A 997              2        47.9022         (60.753, 4.323, 72.44)
                                                                                    (60.685, 4.142, 76.244)

              5          A 997         A 1005              9        348.296         (60.685, 4.142, 76.244)
                                                                                    (55.18, 13.9, 63.592)

              6         A 1005         A 1016             12        449.822         (55.18, 13.9, 63.592)
                                                                                    (58.384, 35.951, 85.013)

              7         A 1016         A 1026             11        418.811         (58.384, 35.951, 85.013)
                                                                                    (71.303, 20.837, 74.348)

              8         A 1026         A 1035             10        368.094         (71.303, 20.837, 74.348)
                                                                                    (51.31, 26.931, 64.849)

              9         A 1035         A 1042              8        305.396         (51.31, 26.931, 64.849)
                                                                                    (51.52, 37.931, 67.516)

             10         A 1042         A 1053             12        462.573         (51.52, 37.931, 67.516)
                                                                                    (73.852, 24.732, 70.625)

             11         A 1053         A 1060              8        294.324         (73.852, 24.732, 70.625)
                                                                                    (59.425, 37.549, 79.733)

             12         A 1060         A 1071             12        445.383         (59.425, 37.549, 79.733)
                                                                                    (62.556, 10.774, 61.589)

             13         A 1071         A 1083             13        490.026         (62.556, 10.774, 61.589)
                                                                                    (62.786, 9.045, 90.787)

