Using structure file: /home/pkas7/Research/SCOP/pdbstyle-1.75B/fu/d2fug71.ent
Number of residues: 127
Doing a BEZIER segmentation ...

Bounding box volume: 41369.2
Null Model Fit: 5699.44 bits.
Bits per residue: 45.2336

Bezier model fit: 5239.45 bits.
Bits per residue: 41.583

# of segments: 11
Internal segmentation:
0-->25-->35-->43-->44-->58-->75-->83-->85-->96-->121-->126

CPU time used: 1.15 secs.
Wall clock time elapsed: 1 secs.

        SEGMENT          START            END   NUM_RESIDUES MESSAGE_LENGTH                    END_POINTS        INTERMEDIATE_CONTROL_POINTS
              1            7 3           7 28             26        984.754         (15.835, 73.513, -21.623)
                                                                                    (51.305, 82.852, -9.472)

              2           7 28           7 38             11        412.352         (51.305, 82.852, -9.472)
                                                                                    (25.178, 69.625, -2.081)

              3           7 38           7 46              9        347.199         (25.178, 69.625, -2.081)
                                                                                    (19.91, 59.07, -8.084)

              4           7 46           7 47              2        48.2707         (19.91, 59.07, -8.084)
                                                                                    (20.898, 60.428, -11.495)

              5           7 47           7 61             15         584.58         (20.898, 60.428, -11.495)
                                                                                    (45.738, 86.177, -2.547)

              6           7 61           7 78             18        718.823         (45.738, 86.177, -2.547)
                                                                                    (15.513, 78.417, -10.564)

              7           7 78           7 86              9         340.14         (15.513, 78.417, -10.564)
                                                                                    (34.651, 91.02, -6.238)

              8           7 86           7 88              3        94.5043         (34.651, 91.02, -6.238)
                                                                                    (35.314, 94.14, -0.504)

              9           7 88           7 99             12        446.289         (35.314, 94.14, -0.504)
                                                                                    (22.041, 80.593, -28.129)

             10           7 99          7 124             26        1040.15         (22.041, 80.593, -28.129)
                                                                                    (45.692, 94.339, -8.837)

             11          7 124          7 129              6        222.394         (45.692, 94.339, -8.837)
                                                                                    (49.578, 89.942, -0.244)

