Using structure file: /home/pkas7/Research/SCOP/pdbstyle-1.75B/fu/d2fug61.ent
Number of residues: 144
Doing a BEZIER segmentation ...

Bounding box volume: 51318.4
Null Model Fit: 6512.87 bits.
Bits per residue: 45.5445

Bezier model fit: 5993.89 bits.
Bits per residue: 41.9153

# of segments: 16
Internal segmentation:
0-->3-->19-->29-->41-->43-->50-->54-->68-->78-->88-->100-->111-->127-->134-->141-->143

CPU time used: 1.26 secs.
Wall clock time elapsed: 1 secs.

        SEGMENT          START            END   NUM_RESIDUES MESSAGE_LENGTH                    END_POINTS        INTERMEDIATE_CONTROL_POINTS
              1           6 15           6 18              4         141.92         (60.002, 13.282, 20.057)
                                                                                    (59.566, 14.852, 14.485)

              2           6 18           6 34             17        633.445         (59.566, 14.852, 14.485)
                                                                                    (34.988, 14.646, 11.302)

              3           6 34           6 44             11        410.736         (34.988, 14.646, 11.302)
                                                                                    (16.902, 33.019, 23.247)

              4           6 44           6 56             13        497.273         (16.902, 33.019, 23.247)
                                                                                    (18.639, 14.948, 8.591)

              5           6 56           6 75              3        95.1262         (18.639, 14.948, 8.591)
                                                                                    (29.384, 15.231, 23.192)

              6           6 75           6 82              8        300.339         (29.384, 15.231, 23.192)
                                                                                    (21.785, 33.153, 22.687)

              7           6 82           6 86              5        179.972         (21.785, 33.153, 22.687)
                                                                                    (24.506, 35.924, 34.358)

              8           6 86          6 100             15         567.69         (24.506, 35.924, 34.358)
                                                                                    (35.834, 15.351, 27.337)

              9          6 100          6 110             11        420.546         (35.834, 15.351, 27.337)
                                                                                    (25.962, 38.683, 18.944)

             10          6 110          6 120             11        431.798         (25.962, 38.683, 18.944)
                                                                                    (23.908, 45.688, 30.942)

             11          6 120          6 132             13        504.753         (23.908, 45.688, 30.942)
                                                                                    (37.131, 29.534, 25.762)

             12          6 132          6 143             12        476.644         (37.131, 29.534, 25.762)
                                                                                    (21.07, 32.517, 8.794)

             13          6 143          6 159             17         641.04         (21.07, 32.517, 8.794)
                                                                                    (42.926, 20.399, 11.756)

             14          6 159          6 166              8        297.315         (42.926, 20.399, 11.756)
                                                                                    (48.011, 38.341, 11.831)

             15          6 166          6 173              8        300.168         (48.011, 38.341, 11.831)
                                                                                    (41.861, 23.698, 20.907)

             16          6 173          6 175              3        95.1262         (41.861, 23.698, 20.907)
                                                                                    (43.192, 25.951, 26.528)

