Using structure file: /home/pkas7/Research/SCOP/pdbstyle-1.75B/fy/d2fy8a1.ent
Number of residues: 129
Doing a BEZIER segmentation ...

Bounding box volume: 39360
Null Model Fit: 5780.71 bits.
Bits per residue: 45.1618

Bezier model fit: 5376.59 bits.
Bits per residue: 42.0046

# of segments: 14
Internal segmentation:
0-->6-->8-->19-->28-->38-->50-->62-->71-->86-->88-->96-->97-->108-->128

CPU time used: 1.18 secs.
Wall clock time elapsed: 1 secs.

        SEGMENT          START            END   NUM_RESIDUES MESSAGE_LENGTH                    END_POINTS        INTERMEDIATE_CONTROL_POINTS
              1          A 116          A 122              7        254.415         (-32.516, 16.807, 58.686)
                                                                                    (-19.166, 30.988, 60.677)

              2          A 122          A 124              3        94.3607         (-19.166, 30.988, 60.677)
                                                                                    (-19.676, 32.91, 67.483)

              3          A 124          A 135             12        460.091         (-19.676, 32.91, 67.483)
                                                                                    (-29.1, 18.058, 68.412)

              4          A 135          A 144             10        380.201         (-29.1, 18.058, 68.412)
                                                                                    (-12.374, 29.738, 57.411)

              5          A 144          A 154             11        426.922         (-12.374, 29.738, 57.411)
                                                                                    (-16.18, 20.034, 71.577)

              6          A 154          A 166             13         509.22         (-16.18, 20.034, 71.577)
                                                                                    (-17.265, 30.151, 47.939)

              7          A 166          A 178             13        509.872         (-17.265, 30.151, 47.939)
                                                                                    (-30.45, 20.973, 54.299)

              8          A 178          A 187             10        373.678         (-30.45, 20.973, 54.299)
                                                                                    (-19.099, 41.246, 58.429)

              9          A 187          A 202             16        603.812         (-19.099, 41.246, 58.429)
                                                                                    (-30.597, 25.812, 46.576)

             10          A 202          A 204              3        94.3607         (-30.597, 25.812, 46.576)
                                                                                    (-35.731, 27.159, 48.5)

             11          A 204          A 212              9        341.504         (-35.731, 27.159, 48.5)
                                                                                    (-24.783, 43.766, 62.15)

             12          A 212          A 213              2        48.1989         (-24.783, 43.766, 62.15)
                                                                                    (-25.832, 47.071, 60.536)

             13          A 213          A 224             12        459.089         (-25.832, 47.071, 60.536)
                                                                                    (-32.595, 35.703, 49.931)

             14          A 224          A 244             21        820.866         (-32.595, 35.703, 49.931)
                                                                                    (-33.339, 56.761, 82.719)

