Using structure file: /home/pkas7/Research/SCOP/pdbstyle-1.75B/gd/d2gdqa1.ent
Number of residues: 256
Doing a BEZIER segmentation ...

Bounding box volume: 91636.1
Null Model Fit: 11827.2 bits.
Bits per residue: 46.381

Bezier model fit: 10703.3 bits.
Bits per residue: 41.9736

# of segments: 26
Internal segmentation:
0-->1-->17-->35-->48-->63-->64-->73-->79-->92-->104-->116-->128-->139-->141-->153-->168-->178-->193-->197-->213-->219-->225-->234-->243-->254-->255

CPU time used: 2.56 secs.
Wall clock time elapsed: 2 secs.

        SEGMENT          START            END   NUM_RESIDUES MESSAGE_LENGTH                    END_POINTS        INTERMEDIATE_CONTROL_POINTS
              1          A 119          A 120              2        49.4181         (-11.35, 31.221, 30.773)
                                                                                    (-13.113, 34.599, 30.577)

              2          A 120          A 136             17        647.391         (-13.113, 34.599, 30.577)
                                                                                    (-32.354, 19.582, -7.328)

              3          A 136          A 154             19        730.838         (-32.354, 19.582, -7.328)
                                                                                    (-33.462, 27.924, 18.938)

              4          A 154          A 167             14        558.777         (-33.462, 27.924, 18.938)
                                                                                    (-27.561, 36.875, -8.457)

              5          A 167          A 182             16        606.981         (-27.561, 36.875, -8.457)
                                                                                    (-37.946, 37.193, 9.742)

              6          A 182          A 183              2        49.4181         (-37.946, 37.193, 9.742)
                                                                                    (-35.841, 39.941, 11.305)

              7          A 183          A 192             10        369.532         (-35.841, 39.941, 11.305)
                                                                                    (-16.938, 31.325, -0.983)

              8          A 192          A 198              7        265.128         (-16.938, 31.325, -0.983)
                                                                                    (-18.875, 44.706, -8.564)

              9          A 198          A 211             14        545.306         (-18.875, 44.706, -8.564)
                                                                                    (-31.543, 44.843, 9.242)

             10          A 211          A 223             13        512.218         (-31.543, 44.843, 9.242)
                                                                                    (-5.069, 37.674, -4.3)

             11          A 223          A 235             13        508.238         (-5.069, 37.674, -4.3)
                                                                                    (-20.998, 47.874, 1.972)

             12          A 235          A 247             13         511.18         (-20.998, 47.874, 1.972)
                                                                                    (-1.088, 31.534, 10.081)

             13          A 247          A 258             12        459.499         (-1.088, 31.534, 10.081)
                                                                                    (-8.008, 47.35, 6.804)

             14          A 258          A 260              3         96.799         (-8.008, 47.35, 6.804)
                                                                                    (-11.689, 42.792, 6.941)

             15          A 260          A 272             13        518.743         (-11.689, 42.792, 6.941)
                                                                                    (-1.703, 24.29, 15.381)

             16          A 272          A 287             16        608.061         (-1.703, 24.29, 15.381)
                                                                                    (-9.122, 45.927, 16.832)

             17          A 287          A 297             11         423.04         (-9.122, 45.927, 16.832)
                                                                                    (-14.219, 19.267, 12.699)

             18          A 297          A 312             16        600.386         (-14.219, 19.267, 12.699)
                                                                                    (-11.197, 38.934, 25.94)

             19          A 312          A 316              5        186.827         (-11.197, 38.934, 25.94)
                                                                                    (-18.121, 47.058, 25.679)

             20          A 316          A 332             17        663.033         (-18.121, 47.058, 25.679)
                                                                                    (-22.409, 14.635, 9.427)

             21          A 332          A 338              7        264.271         (-22.409, 14.635, 9.427)
                                                                                    (-17.313, 14.7, 20.994)

             22          A 338          A 344              7        256.091         (-17.313, 14.7, 20.994)
                                                                                    (-30.708, 27.526, 22)

             23          A 344          A 353             10        375.544         (-30.708, 27.526, 22)
                                                                                    (-9.504, 18.053, 33.284)

             24          A 353          A 362             10        384.124         (-9.504, 18.053, 33.284)
                                                                                    (-18.697, 3.992, 18.87)

             25          A 362          A 373             12            463         (-18.697, 3.992, 18.87)
                                                                                    (-9.731, 5.541, -2.702)

             26          A 373          A 374              2        49.4181         (-9.731, 5.541, -2.702)
                                                                                    (-12.782, 7.671, -3.482)

