Using structure file: /home/pkas7/Research/SCOP/pdbstyle-1.75B/ge/d2geca1.ent
Number of residues: 138
Doing a BEZIER segmentation ...

Bounding box volume: 61973.9
Null Model Fit: 6276.89 bits.
Bits per residue: 45.8167

Bezier model fit: 5816.96 bits.
Bits per residue: 42.4596

# of segments: 16
Internal segmentation:
0-->12-->20-->31-->37-->42-->59-->65-->75-->86-->88-->98-->99-->112-->123-->128-->137

CPU time used: 1.28 secs.
Wall clock time elapsed: 1 secs.

        SEGMENT          START            END   NUM_RESIDUES MESSAGE_LENGTH                    END_POINTS        INTERMEDIATE_CONTROL_POINTS
              1           A 23           A 35             13         504.74         (21.357, -26.98, 23.968)
                                                                                    (-4.798, -11.474, 16.362)

              2           A 35           A 43              9        338.593         (-4.798, -11.474, 16.362)
                                                                                    (7.861, 9.444, 16.291)

              3           A 43           A 54             12        468.082         (7.861, 9.444, 16.291)
                                                                                    (-10.784, 0.857, 27.44)

              4           A 54           A 60              7        262.755         (-10.784, 0.857, 27.44)
                                                                                    (-17.687, -9.856, 19.981)

              5           A 60           A 65              6         223.58         (-17.687, -9.856, 19.981)
                                                                                    (-15.503, -10.552, 31.959)

              6           A 65           A 82             18        680.524         (-15.503, -10.552, 31.959)
                                                                                    (23.409, 2.278, 6.854)

              7           A 82           A 88              7        257.674         (23.409, 2.278, 6.854)
                                                                                    (8.866, 4.412, 15.391)

              8           A 88           A 98             11        429.868         (8.866, 4.412, 15.391)
                                                                                    (-1.244, -15.125, 25.909)

              9           A 98          A 109             12        478.453         (-1.244, -15.125, 25.909)
                                                                                    (4.538, -3.409, 35.767)

             10          A 109          A 111              3        95.6705         (4.538, -3.409, 35.767)
                                                                                    (8.619, -1.582, 30.529)

             11          A 111          A 121             11        423.725         (8.619, -1.582, 30.529)
                                                                                    (-13.78, -7.097, 33.031)

             12          A 121          A 122              2        48.8538         (-13.78, -7.097, 33.031)
                                                                                    (-12.631, -9.576, 35.716)

             13          A 122          A 135             14         536.58         (-12.631, -9.576, 35.716)
                                                                                    (-0.345, -19.226, 8.174)

             14          A 135          A 146             12        458.302         (-0.345, -19.226, 8.174)
                                                                                    (-15.49, 3.015, 22.832)

             15          A 146          A 151              6        224.761         (-15.49, 3.015, 22.832)
                                                                                    (-3.051, 11.098, 18.375)

             16          A 151          A 160             10        384.798         (-3.051, 11.098, 18.375)
                                                                                    (-14.3, -5.286, 7.747)

