Using structure file: /home/pkas7/Research/SCOP/pdbstyle-1.75B/gk/d2gkma_.ent
Number of residues: 127
Doing a BEZIER segmentation ...

Bounding box volume: 39203.4
Null Model Fit: 5689.66 bits.
Bits per residue: 45.156

Bezier model fit: 5221.75 bits.
Bits per residue: 41.4425

# of segments: 12
Internal segmentation:
0-->8-->22-->38-->48-->65-->67-->81-->86-->104-->106-->122-->126

CPU time used: 1.14 secs.
Wall clock time elapsed: 1 secs.

        SEGMENT          START            END   NUM_RESIDUES MESSAGE_LENGTH                    END_POINTS        INTERMEDIATE_CONTROL_POINTS
              1            A 2           A 10              9        342.313         (5.465, 27.67, -2.356)
                                                                                    (2.664, 28.896, 10.02)

              2           A 10           A 24             15        594.308         (2.664, 28.896, 10.02)
                                                                                    (0.909, 15.813, -9.415)

              3           A 24           A 40             17        638.789         (0.909, 15.813, -9.415)
                                                                                    (-18.635, 4.176, -22.886)

              4           A 40           A 50             11        428.211         (-18.635, 4.176, -22.886)
                                                                                    (-11.705, 20.245, -27.211)

              5           A 50           A 67             18        679.116         (-11.705, 20.245, -27.211)
                                                                                    (-5.457, 25.069, -2.23)

              6           A 67           A 69              3        94.3492         (-5.457, 25.069, -2.23)
                                                                                    (-2.18, 29.616, -5.851)

              7           A 69           A 83             15        591.737         (-2.18, 29.616, -5.851)
                                                                                    (-28.35, 21.494, -20.134)

              8           A 83           A 88              6        221.895         (-28.35, 21.494, -20.134)
                                                                                    (-25.849, 11.936, -10.486)

              9           A 88          A 106             19        707.486         (-25.849, 11.936, -10.486)
                                                                                    (-0.221, 6.745, -4.998)

             10          A 106          A 108              3        94.3492         (-0.221, 6.745, -4.998)
                                                                                    (-3.315, 7.812, 0.353)

             11          A 108          A 124             17        645.199         (-3.315, 7.812, 0.353)
                                                                                    (-25.273, 20.505, -7.4)

             12          A 124          A 128              5        183.998         (-25.273, 20.505, -7.4)
                                                                                    (-29.002, 18.056, -14.929)

