Using structure file: /home/pkas7/Research/SCOP/pdbstyle-1.75B/gl/d2glza1.ent
Number of residues: 149
Doing a BEZIER segmentation ...

Bounding box volume: 58874.9
Null Model Fit: 6769.92 bits.
Bits per residue: 45.7427

Bezier model fit: 6156.25 bits.
Bits per residue: 41.5963

# of segments: 16
Internal segmentation:
0-->12-->17-->34-->38-->49-->59-->67-->76-->87-->98-->111-->112-->131-->142-->147-->148

CPU time used: 1.41 secs.
Wall clock time elapsed: 1 secs.

        SEGMENT          START            END   NUM_RESIDUES MESSAGE_LENGTH                    END_POINTS        INTERMEDIATE_CONTROL_POINTS
              1            A 3           A 15             13        512.137         (8.77, 3.942, 23.049)
                                                                                    (28.52, 4.914, 30.015)

              2           A 15           A 20              6        221.562         (28.52, 4.914, 30.015)
                                                                                    (30.463, 16.82, 30.32)

              3           A 20           A 37             18        678.009         (30.463, 16.82, 30.32)
                                                                                    (26.855, 9.879, 4.631)

              4           A 37           A 41              5        180.536         (26.855, 9.879, 4.631)
                                                                                    (28.16, -1.482, 1.334)

              5           A 41           A 52             12        446.301         (28.16, -1.482, 1.334)
                                                                                    (42.782, 10.706, 23.579)

              6           A 52           A 62             11        431.029         (42.782, 10.706, 23.579)
                                                                                    (27.275, 3.095, 21.126)

              7           A 62           A 70              9        342.642         (27.275, 3.095, 21.126)
                                                                                    (35.894, -5.213, 16.977)

              8           A 70           A 79             10         375.81         (35.894, -5.213, 16.977)
                                                                                    (46.096, 14.127, 24.799)

              9           A 79           A 90             12        464.012         (46.096, 14.127, 24.799)
                                                                                    (36.076, 4.714, 0.924)

             10           A 90          A 101             12        441.306         (36.076, 4.714, 0.924)
                                                                                    (38.327, 26.838, 24.256)

             11          A 101          A 114             14        533.663         (38.327, 26.838, 24.256)
                                                                                    (35.029, 21.176, 46.031)

             12          A 114          A 115              2        48.7798         (35.029, 21.176, 46.031)
                                                                                    (32.206, 19.947, 48.239)

             13          A 115          A 134             20        750.949         (32.206, 19.947, 48.239)
                                                                                    (26.889, 26.144, 18.346)

             14          A 134          A 145             12        469.875         (26.889, 26.144, 18.346)
                                                                                    (41.72, 12.029, 1.789)

             15          A 145          A 150              6        210.858         (41.72, 12.029, 1.789)
                                                                                    (42.536, -2.486, 11.666)

             16          A 150          A 151              2        48.7798         (42.536, -2.486, 11.666)
                                                                                    (45.877, -3.668, 13.068)

