Using structure file: /home/pkas7/Research/SCOP/pdbstyle-1.75B/gu/d2gupa2.ent
Number of residues: 175
Doing a BEZIER segmentation ...

Bounding box volume: 71495.8
Null Model Fit: 8007.99 bits.
Bits per residue: 46.0229

Bezier model fit: 7225.75 bits.
Bits per residue: 41.5273

# of segments: 17
Internal segmentation:
0-->11-->19-->24-->41-->53-->66-->71-->82-->83-->109-->118-->123-->141-->154-->155-->172-->174

CPU time used: 1.67 secs.
Wall clock time elapsed: 1 secs.

        SEGMENT          START            END   NUM_RESIDUES MESSAGE_LENGTH                    END_POINTS        INTERMEDIATE_CONTROL_POINTS
              1          A 115          A 126             12        454.441         (12.408, 23.294, 25.896)
                                                                                    (3.205, 43.561, 13.632)

              2          A 126          A 134              9          329.7         (3.205, 43.561, 13.632)
                                                                                    (5.297, 21.157, 28.604)

              3          A 134          A 139              6        223.315         (5.297, 21.157, 28.604)
                                                                                    (-3.338, 26.982, 21.171)

              4          A 139          A 156             18        721.735         (-3.338, 26.982, 21.171)
                                                                                    (-6.343, 52.535, 24.917)

              5          A 156          A 168             13        509.868         (-6.343, 52.535, 24.917)
                                                                                    (7.016, 46.242, 15.941)

              6          A 168          A 181             14        533.511         (7.016, 46.242, 15.941)
                                                                                    (9.837, 62.733, 5.233)

              7          A 181          A 186              6        227.237         (9.837, 62.733, 5.233)
                                                                                    (13.756, 49.515, 6.524)

              8          A 186          A 197             12        453.168         (13.756, 49.515, 6.524)
                                                                                    (25.296, 59.277, 13.906)

              9          A 197          A 198              2          49.06         (25.296, 59.277, 13.906)
                                                                                    (21.662, 59.666, 12.697)

             10          A 198          A 224             27        1033.42         (21.662, 59.666, 12.697)
                                                                                    (6.787, 32.518, 33.27)

             11          A 224          A 233             10        378.224         (6.787, 32.518, 33.27)
                                                                                    (13.859, 39.474, 10.368)

             12          A 233          A 238              6        224.472         (13.859, 39.474, 10.368)
                                                                                    (22.757, 40.697, 17.164)

             13          A 238          A 256             19         717.35         (22.757, 40.697, 17.164)
                                                                                    (12.341, 46.876, 42.984)

             14          A 256          A 269             14        538.317         (12.341, 46.876, 42.984)
                                                                                    (15.815, 30.128, 12.228)

             15          A 269          A 270              2          49.06         (15.815, 30.128, 12.228)
                                                                                    (14.158, 32.763, 10.081)

             16          A 270          A 287             18        686.795         (14.158, 32.763, 10.081)
                                                                                    (3.392, 11.323, 17.868)

             17          A 287          A 289              3        96.0829         (3.392, 11.323, 17.868)
                                                                                    (8.435, 13.491, 18.032)

