Using structure file: /home/pkas7/Research/SCOP/pdbstyle-1.75B/h8/d2h80a1.ent
Number of residues: 71
Doing a BEZIER segmentation ...

Bounding box volume: 15469.1
Null Model Fit: 3067.01 bits.
Bits per residue: 43.8145

Bezier model fit: 2910.66 bits.
Bits per residue: 41.5809

# of segments: 8
Internal segmentation:
0-->5-->21-->30-->37-->48-->49-->66-->70

CPU time used: 0.54 secs.
Wall clock time elapsed: 0 secs.

        SEGMENT          START            END   NUM_RESIDUES MESSAGE_LENGTH                    END_POINTS        INTERMEDIATE_CONTROL_POINTS
              1           A 11           A 16              6        221.882         (2.98, -5.808, 14.92)
                                                                                    (6.295, 7.703, 13.174)

              2           A 16           A 32             17        647.271         (6.295, 7.703, 13.174)
                                                                                    (7.711, -11.14, -2.831)

              3           A 32           A 41             10        381.196         (7.711, -11.14, -2.831)
                                                                                    (3.018, 6.536, -6.859)

              4           A 41           A 48              8        295.921         (3.018, 6.536, -6.859)
                                                                                    (-10.262, -3.486, -2.273)

              5           A 48           A 59             12        462.256         (-10.262, -3.486, -2.273)
                                                                                    (-1.484, -20.996, 2.811)

              6           A 59           A 60              2        46.8515         (-1.484, -20.996, 2.811)
                                                                                    (-0.237, -18.931, 5.832)

              7           A 60           A 77             18        681.674         (-0.237, -18.931, 5.832)
                                                                                    (-1.852, 9.598, 2.386)

              8           A 77           A 81              5        173.611         (-1.852, 9.598, 2.386)
                                                                                    (-11.736, 8.371, -4.212)

