Using structure file: /home/pkas7/Research/SCOP/pdbstyle-1.75B/hf/d2hf1a1.ent
Number of residues: 59
Doing a BEZIER segmentation ...

Bounding box volume: 19075.3
Null Model Fit: 2558.77 bits.
Bits per residue: 44.1168

Bezier model fit: 2448.08 bits.
Bits per residue: 42.2082

# of segments: 7
Internal segmentation:
0-->12-->21-->30-->38-->44-->53-->58

CPU time used: 0.41 secs.
Wall clock time elapsed: 0 secs.

        SEGMENT          START            END   NUM_RESIDUES MESSAGE_LENGTH                    END_POINTS        INTERMEDIATE_CONTROL_POINTS
              1            A 2           A 14             13        507.943         (-0.766, 51.284, 47.223)
                                                                                    (6.227, 28.133, 65.984)

              2           A 14           A 23             10        372.273         (6.227, 28.133, 65.984)
                                                                                    (17.981, 23.589, 45.438)

              3           A 23           A 32             10        385.975         (17.981, 23.589, 45.438)
                                                                                    (8.982, 21.55, 63.101)

              4           A 32           A 40              9         329.71         (8.982, 21.55, 63.101)
                                                                                    (6.203, 32.123, 41.54)

              5           A 40           A 46              7        256.128         (6.203, 32.123, 41.54)
                                                                                    (0.497, 28.506, 55.228)

              6           A 46           A 55             10        374.969         (0.497, 28.506, 55.228)
                                                                                    (14.633, 11.743, 57.29)

              7           A 55           A 60              6         221.08         (14.633, 11.743, 57.29)
                                                                                    (21.76, 18.029, 55.823)

