Using structure file: /home/pkas7/Research/SCOP/pdbstyle-1.75B/hm/d2hmfa3.ent
Number of residues: 95
Doing a BEZIER segmentation ...

Bounding box volume: 48424.5
Null Model Fit: 4273.32 bits.
Bits per residue: 45.4608

Bezier model fit: 3921.8 bits.
Bits per residue: 41.7212

# of segments: 12
Internal segmentation:
0-->1-->12-->22-->27-->42-->45-->53-->62-->78-->80-->82-->94

CPU time used: 0.81 secs.
Wall clock time elapsed: 0 secs.

        SEGMENT          START            END   NUM_RESIDUES MESSAGE_LENGTH                    END_POINTS        INTERMEDIATE_CONTROL_POINTS
              1          A 304          A 305              2        48.4979         (34.575, 24.564, 34.099)
                                                                                    (38.037, 22.994, 34.183)

              2          A 305          A 316             12         457.26         (38.037, 22.994, 34.183)
                                                                                    (34.359, 1.879, 50.6)

              3          A 316          A 326             11        401.412         (34.359, 1.879, 50.6)
                                                                                    (10.762, -12.201, 36.756)

              4          A 326          A 331              6        229.049         (10.762, -12.201, 36.756)
                                                                                    (9.497, -1.899, 35.63)

              5          A 331          A 346             16        601.082         (9.497, -1.899, 35.63)
                                                                                    (15.015, 2.938, 56.151)

              6          A 346          A 349              4        141.669         (15.015, 2.938, 56.151)
                                                                                    (20.297, 3.578, 48.593)

              7          A 349          A 357              9        335.585         (20.297, 3.578, 48.593)
                                                                                    (14.221, -6.77, 29.671)

              8          A 357          A 366             10        366.289         (14.221, -6.77, 29.671)
                                                                                    (25.308, 1.301, 52.753)

              9          A 366          A 382             17        660.624         (25.308, 1.301, 52.753)
                                                                                    (7.612, -13.7, 49.886)

             10          A 382          A 389              3        94.9587         (7.612, -13.7, 49.886)
                                                                                    (5.796, -16.318, 33.065)

             11          A 389          A 391              3        94.9587         (5.796, -16.318, 33.065)
                                                                                    (2.978, -16.644, 37.059)

             12          A 391          A 403             13        490.412         (2.978, -16.644, 37.059)
                                                                                    (33.477, -6.504, 48.288)

