Using structure file: /home/pkas7/Research/SCOP/pdbstyle-1.75B/ht/d2htja1.ent
Number of residues: 73
Doing a BEZIER segmentation ...

Bounding box volume: 24384.2
Null Model Fit: 3201.91 bits.
Bits per residue: 44.471

Bezier model fit: 2993.06 bits.
Bits per residue: 41.5702

# of segments: 8
Internal segmentation:
0-->12-->13-->26-->41-->50-->51-->58-->72

CPU time used: 0.57 secs.
Wall clock time elapsed: 0 secs.

        SEGMENT          START            END   NUM_RESIDUES MESSAGE_LENGTH                    END_POINTS        INTERMEDIATE_CONTROL_POINTS
              1            A 1           A 13             13         499.69         (8.857, -1.357, 11.381)
                                                                                    (-0.85, 3.692, -3.312)

              2           A 13           A 14              2        47.5081         (-0.85, 3.692, -3.312)
                                                                                    (2.021, 4.384, -5.74)

              3           A 14           A 27             14        560.913         (2.021, 4.384, -5.74)
                                                                                    (15, 4.349, 7.856)

              4           A 27           A 42             16        601.815         (15, 4.349, 7.856)
                                                                                    (3.6, -11.888, -2.116)

              5           A 42           A 51             10        361.482         (3.6, -11.888, -2.116)
                                                                                    (10.76, 6.612, -16.021)

              6           A 51           A 52              2        47.5081         (10.76, 6.612, -16.021)
                                                                                    (12.557, 8.008, -12.949)

              7           A 52           A 59              8        296.372         (12.557, 8.008, -12.949)
                                                                                    (0.546, -2.989, -1.283)

              8           A 59           A 73             15         577.77         (0.546, -2.989, -1.283)
                                                                                    (-20.809, -19.515, -7.803)

