Using structure file: /home/pkas7/Research/SCOP/pdbstyle-1.75B/hx/d2hxva2.ent
Number of residues: 147
Doing a BEZIER segmentation ...

Bounding box volume: 37698.4
Null Model Fit: 6584.54 bits.
Bits per residue: 45.0996

Bezier model fit: 6074.24 bits.
Bits per residue: 41.6044

# of segments: 13
Internal segmentation:
0-->18-->20-->32-->44-->63-->72-->80-->93-->101-->105-->119-->127-->146

CPU time used: 1.29 secs.
Wall clock time elapsed: 1 secs.

        SEGMENT          START            END   NUM_RESIDUES MESSAGE_LENGTH                    END_POINTS        INTERMEDIATE_CONTROL_POINTS
              1            A 1           A 19             19        727.118         (14.573, -5.918, 12.056)
                                                                                    (29.739, 13.023, 28.317)

              2           A 19           A 21              3        94.2362         (29.739, 13.023, 28.317)
                                                                                    (34.437, 11.241, 25.772)

              3           A 21           A 33             13        476.289         (34.437, 11.241, 25.772)
                                                                                    (10.165, -12.538, 20.642)

              4           A 33           A 45             13        501.989         (10.165, -12.538, 20.642)
                                                                                    (33.058, 8.486, 31.024)

              5           A 45           A 64             20        788.428         (33.058, 8.486, 31.024)
                                                                                    (13.79, -13.891, 31.317)

              6           A 64           A 73             10        385.365         (13.79, -13.891, 31.317)
                                                                                    (26.517, -0.488, 18.571)

              7           A 73           A 81              9        348.949         (26.517, -0.488, 18.571)
                                                                                    (37.089, -3.147, 34.741)

              8           A 81           A 94             14        532.476         (37.089, -3.147, 34.741)
                                                                                    (21.353, -16.489, 28.574)

              9           A 94          A 102              9          339.5         (21.353, -16.489, 28.574)
                                                                                    (31.338, -2.427, 14.62)

             10          A 102          A 106              5         179.81         (31.338, -2.427, 14.62)
                                                                                    (40.855, -0.473, 21.074)

             11          A 106          A 120             15        569.559         (40.855, -0.473, 21.074)
                                                                                    (27.528, -21.006, 21.586)

             12          A 120          A 128              9        340.487         (27.528, -21.006, 21.586)
                                                                                    (24.581, -0.323, 10.124)

             13          A 128          A 147             20        790.036         (24.581, -0.323, 10.124)
                                                                                    (45.072, 12.479, 18.182)

