Using structure file: /home/pkas7/Research/SCOP/pdbstyle-1.75B/i0/d2i06a_.ent
Number of residues: 305
Doing a BEZIER segmentation ...

Bounding box volume: 125344
Null Model Fit: 14237.2 bits.
Bits per residue: 46.8329

Bezier model fit: 12621.4 bits.
Bits per residue: 41.5179

# of segments: 28
Internal segmentation:
0-->27-->28-->43-->47-->58-->73-->81-->82-->94-->101-->129-->143-->160-->167-->177-->192-->198-->200-->218-->231-->242-->250-->261-->276-->284-->292-->298-->304

CPU time used: 3.14 secs.
Wall clock time elapsed: 3 secs.

        SEGMENT          START            END   NUM_RESIDUES MESSAGE_LENGTH                    END_POINTS        INTERMEDIATE_CONTROL_POINTS
              1            A 5           A 32             28        1066.83         (31.247, -23.155, 40.107)
                                                                                    (38.824, 14.546, 20.888)

              2           A 32           A 33              2          49.87         (38.824, 14.546, 20.888)
                                                                                    (40.308, 15.155, 24.362)

              3           A 33           A 48             16        613.412         (40.308, 15.155, 24.362)
                                                                                    (55.279, 3.9, 55.799)

              4           A 48           A 52              5        187.143         (55.279, 3.9, 55.799)
                                                                                    (50.883, 10.392, 58.989)

              5           A 52           A 63             12        450.149         (50.883, 10.392, 58.989)
                                                                                    (46.85, 16.24, 27.703)

              6           A 63           A 78             16        618.136         (46.85, 16.24, 27.703)
                                                                                    (47.397, -6.411, 40.644)

              7           A 78           A 86              9        355.273         (47.397, -6.411, 40.644)
                                                                                    (54.889, -0.558, 47.342)

              8           A 86           A 87              2          49.87         (54.889, -0.558, 47.342)
                                                                                    (52.048, -0.656, 49.87)

              9           A 87           A 99             13         502.16         (52.048, -0.656, 49.87)
                                                                                    (37.011, 15.494, 29.145)

             10           A 99          A 106              8        310.589         (37.011, 15.494, 29.145)
                                                                                    (28.7, 7.852, 20.93)

             11          A 106          A 134             29        1090.97         (28.7, 7.852, 20.93)
                                                                                    (32.289, -15.925, 53.934)

             12          A 134          A 148             15        589.248         (32.289, -15.925, 53.934)
                                                                                    (46.674, -14.027, 43.412)

             13          A 148          A 165             18        714.738         (46.674, -14.027, 43.412)
                                                                                    (29.94, 19.358, 33.652)

             14          A 165          A 172              8        299.453         (29.94, 19.358, 33.652)
                                                                                    (41.654, 17.13, 50.058)

             15          A 172          A 182             11        410.494         (41.654, 17.13, 50.058)
                                                                                    (24.196, -0.257, 70.767)

             16          A 182          A 197             16        614.272         (24.196, -0.257, 70.767)
                                                                                    (43.078, -16.125, 71.631)

             17          A 197          A 203              7        265.241         (43.078, -16.125, 71.631)
                                                                                    (50.779, -6.069, 78.388)

             18          A 203          A 205              3        97.7029         (50.779, -6.069, 78.388)
                                                                                    (48.633, -12.345, 80.097)

             19          A 205          A 223             19        714.419         (48.633, -12.345, 80.097)
                                                                                    (21.87, 2.262, 80.293)

             20          A 223          A 236             14         525.37         (21.87, 2.262, 80.293)
                                                                                    (43.38, 12.149, 54.08)

             21          A 236          A 247             12         468.67         (43.38, 12.149, 54.08)
                                                                                    (22.345, 24.758, 39.202)

             22          A 247          A 255              9        338.205         (22.345, 24.758, 39.202)
                                                                                    (38.49, 10.864, 43.544)

             23          A 255          A 266             12        458.578         (38.49, 10.864, 43.544)
                                                                                    (24.969, 17.825, 20.039)

             24          A 266          A 281             16        615.264         (24.969, 17.825, 20.039)
                                                                                    (49.473, 20.728, 53.842)

             25          A 281          A 289              9        342.033         (49.473, 20.728, 53.842)
                                                                                    (32.724, 27.053, 57.253)

             26          A 289          A 297              9        343.261         (32.724, 27.053, 57.253)
                                                                                    (32.946, 11.76, 75.47)

             27          A 297          A 303              7        272.019         (32.946, 11.76, 75.47)
                                                                                    (38.406, 1.431, 70.224)

             28          A 303          A 309              7        258.081         (38.406, 1.431, 70.224)
                                                                                    (26.247, 13.368, 75.55)

