Using structure file: /home/pkas7/Research/SCOP/pdbstyle-1.75B/i7/d2i76a2.ent
Number of residues: 144
Doing a BEZIER segmentation ...

Bounding box volume: 37264.1
Null Model Fit: 6446.85 bits.
Bits per residue: 45.0828

Bezier model fit: 6064.03 bits.
Bits per residue: 42.4058

# of segments: 18
Internal segmentation:
0-->7-->18-->19-->25-->36-->45-->48-->57-->69-->70-->79-->88-->98-->101-->110-->118-->133-->143

CPU time used: 1.34 secs.
Wall clock time elapsed: 1 secs.

        SEGMENT          START            END   NUM_RESIDUES MESSAGE_LENGTH                    END_POINTS        INTERMEDIATE_CONTROL_POINTS
              1            A 2            A 9              8        308.754         (11.612, 26.564, -9.487)
                                                                                    (7.593, 41.572, 1.515)

              2            A 9           A 20             12         456.55         (7.593, 41.572, 1.515)
                                                                                    (18.728, 28.973, -2.306)

              3           A 20           A 25              2        48.1199         (18.728, 28.973, -2.306)
                                                                                    (14.879, 31.217, -8.266)

              4           A 25           A 31              7        255.058         (14.879, 31.217, -8.266)
                                                                                    (5.379, 47.398, -8.113)

              5           A 31           A 42             12         465.18         (5.379, 47.398, -8.113)
                                                                                    (20.632, 39.478, -3.16)

              6           A 42           A 51             10        381.773         (20.632, 39.478, -3.16)
                                                                                    (6.815, 41.318, -15.875)

              7           A 51           A 54              4        140.535         (6.815, 41.318, -15.875)
                                                                                    (6.885, 33.21, -15.004)

              8           A 54           A 66             10        387.032         (6.885, 33.21, -15.004)
                                                                                    (-4.537, 39.138, 1.946)

              9           A 66           A 78             13        500.611         (-4.537, 39.138, 1.946)
                                                                                    (1.334, 33.322, -17.118)

             10           A 78           A 79              2        48.1199         (1.334, 33.322, -17.118)
                                                                                    (1.42, 29.629, -18.083)

             11           A 79           A 88             10        378.343         (1.42, 29.629, -18.083)
                                                                                    (-3.778, 32.425, 7.384)

             12           A 88           A 97             10        384.132         (-3.778, 32.425, 7.384)
                                                                                    (-7.168, 27.289, -11.001)

             13           A 97          A 107             11        408.611         (-7.168, 27.289, -11.001)
                                                                                    (5.101, 33.276, 13.297)

             14          A 107          A 112              4        140.535         (5.101, 33.276, 13.297)
                                                                                    (12.059, 40.566, 12.876)

             15          A 112          A 121             10        384.362         (12.059, 40.566, 12.876)
                                                                                    (10.22, 25.807, 15.201)

             16          A 121          A 129              9        341.788         (10.22, 25.807, 15.201)
                                                                                    (-4.418, 21.496, -4.702)

             17          A 129          A 144             16        609.627         (-4.418, 21.496, -4.702)
                                                                                    (11.134, 23.061, 9.433)

             18          A 144          A 154             11        424.898         (11.134, 23.061, 9.433)
                                                                                    (-11.682, 24.653, 7.283)

