Using structure file: /home/pkas7/Research/SCOP/pdbstyle-1.75B/i9/d2i9ua2.ent
Number of residues: 310
Doing a BEZIER segmentation ...

Bounding box volume: 81229.3
Null Model Fit: 14278 bits.
Bits per residue: 46.2071

Bezier model fit: 12896.3 bits.
Bits per residue: 41.7357

# of segments: 29
Internal segmentation:
0-->8-->15-->22-->40-->59-->60-->70-->85-->98-->100-->108-->125-->139-->141-->156-->166-->178-->196-->202-->207-->218-->230-->244-->254-->261-->281-->290-->304-->309

CPU time used: 3.1 secs.
Wall clock time elapsed: 3 secs.

        SEGMENT          START            END   NUM_RESIDUES MESSAGE_LENGTH                    END_POINTS        INTERMEDIATE_CONTROL_POINTS
              1           A 67           A 75              9        346.428         (75.513, 6.609, 8.395)
                                                                                    (85.025, 11.717, 28.458)

              2           A 75           A 82              8        309.339         (85.025, 11.717, 28.458)
                                                                                    (94.656, 12.157, 24.227)

              3           A 82           A 89              8        307.412         (94.656, 12.157, 24.227)
                                                                                    (96.518, 1.179, 35.351)

              4           A 89          A 107             19        731.835         (96.518, 1.179, 35.351)
                                                                                    (87.534, 27.438, 35.1)

              5          A 107          A 126             20        757.593         (87.534, 27.438, 35.1)
                                                                                    (82.544, 11.728, 11.718)

              6          A 126          A 127              2        49.2441         (82.544, 11.728, 11.718)
                                                                                    (80.98, 11.196, 15.136)

              7          A 127          A 137             11        420.323         (80.98, 11.196, 15.136)
                                                                                    (81.446, 21.262, 37.491)

              8          A 137          A 152             16        607.895         (81.446, 21.262, 37.491)
                                                                                    (74.458, 20.662, 15.432)

              9          A 152          A 165             14        543.573         (74.458, 20.662, 15.432)
                                                                                    (86.905, 8.95, 48.048)

             10          A 165          A 167              3        96.4512         (86.905, 8.95, 48.048)
                                                                                    (90.743, 14.079, 45.631)

             11          A 167          A 175              9        344.019         (90.743, 14.079, 45.631)
                                                                                    (73.649, 17.781, 48.438)

             12          A 175          A 192             18        696.305         (73.649, 17.781, 48.438)
                                                                                    (67.001, 20.638, 22.343)

             13          A 192          A 206             15        573.869         (67.001, 20.638, 22.343)
                                                                                    (83.183, 7.282, 43.726)

             14          A 206          A 208              3        96.4512         (83.183, 7.282, 43.726)
                                                                                    (78.067, 7.535, 48.369)

             15          A 208          A 223             16        604.313         (78.067, 7.535, 48.369)
                                                                                    (62.517, 9.377, 33.212)

             16          A 223          A 233             11        419.634         (62.517, 9.377, 33.212)
                                                                                    (89.606, -3.131, 36.06)

             17          A 233          A 245             13        499.653         (89.606, -3.131, 36.06)
                                                                                    (80.342, -6.08, 51.365)

             18          A 245          A 263             19        755.738         (80.342, -6.08, 51.365)
                                                                                    (65.574, 3.519, 31.944)

             19          A 263          A 269              7         258.34         (65.574, 3.519, 31.944)
                                                                                    (83.795, -1.689, 29.345)

             20          A 269          A 274              6        224.005         (83.795, -1.689, 29.345)
                                                                                    (80.786, -12.296, 36.349)

             21          A 274          A 285             12        456.998         (80.786, -12.296, 36.349)
                                                                                    (68.239, -4.733, 29.292)

             22          A 285          A 297             13        508.839         (68.239, -4.733, 29.292)
                                                                                    (95.873, 1.298, 26.479)

             23          A 297          A 311             15        588.079         (95.873, 1.298, 26.479)
                                                                                    (73.352, -14.062, 25.064)

             24          A 311          A 321             11        425.236         (73.352, -14.062, 25.064)
                                                                                    (88.692, 9.127, 25.097)

             25          A 321          A 328              8        314.014         (88.692, 9.127, 25.097)
                                                                                    (87.622, 7.997, 15.388)

             26          A 328          A 348             21        787.709         (87.622, 7.997, 15.388)
                                                                                    (90, -22.6, 19.884)

             27          A 348          A 357             10        375.892         (90, -22.6, 19.884)
                                                                                    (79.277, -5.533, 9.168)

             28          A 357          A 371             15        572.073         (79.277, -5.533, 9.168)
                                                                                    (69.446, 8.263, 20.485)

             29          A 371          A 376              6        225.066         (69.446, 8.263, 20.485)
                                                                                    (70.545, 3.332, 9.161)

