Using structure file: /home/pkas7/Research/SCOP/pdbstyle-1.75B/j0/d2j01t1.ent
Number of residues: 137
Doing a BEZIER segmentation ...

Bounding box volume: 107272
Null Model Fit: 6338.72 bits.
Bits per residue: 46.6083

Bezier model fit: 5719.69 bits.
Bits per residue: 42.0566

# of segments: 13
Internal segmentation:
0-->15-->23-->37-->48-->55-->67-->76-->80-->88-->95-->104-->116-->136

CPU time used: 1.25 secs.
Wall clock time elapsed: 1 secs.

        SEGMENT          START            END   NUM_RESIDUES MESSAGE_LENGTH                    END_POINTS        INTERMEDIATE_CONTROL_POINTS
              1            T 1           T 16             16        626.883         (5.418, 65.17, 197.208)
                                                                                    (8.195, 51.153, 176.689)

              2           T 16           T 24              9        346.549         (8.195, 51.153, 176.689)
                                                                                    (14.62, 63.832, 161.734)

              3           T 24           T 38             15        581.485         (14.62, 63.832, 161.734)
                                                                                    (-12.778, 44.855, 163.506)

              4           T 38           T 49             12        468.658         (-12.778, 44.855, 163.506)
                                                                                    (10.082, 62.362, 160.36)

              5           T 49           T 56              8        293.163         (10.082, 62.362, 160.36)
                                                                                    (9.722, 62.178, 178.379)

              6           T 56           T 68             13        496.012         (9.722, 62.178, 178.379)
                                                                                    (-0.764, 60.192, 145.857)

              7           T 68           T 77             10        376.053         (-0.764, 60.192, 145.857)
                                                                                    (2.467, 59.504, 170.749)

              8           T 77           T 81              5        182.359         (2.467, 59.504, 170.749)
                                                                                    (-0.947, 50.965, 169.381)

              9           T 81           T 89              9        335.694         (-0.947, 50.965, 169.381)
                                                                                    (16.971, 54.636, 155.714)

             10           T 89           T 96              8        304.914         (16.971, 54.636, 155.714)
                                                                                    (18.324, 71.145, 162.242)

             11           T 96          T 105             10        381.583         (18.324, 71.145, 162.242)
                                                                                    (8.811, 73.298, 149.055)

             12          T 105          T 117             13        516.958         (8.811, 73.298, 149.055)
                                                                                    (24.049, 60.108, 157.396)

             13          T 117          T 137             21        809.383         (24.049, 60.108, 157.396)
                                                                                    (29.682, 27.452, 174.522)

