Using structure file: /home/pkas7/Research/SCOP/pdbstyle-1.75B/j3/d2j3sa2.ent
Number of residues: 73
Doing a BEZIER segmentation ...

Bounding box volume: 17426.1
Null Model Fit: 3167.01 bits.
Bits per residue: 43.9863

Bezier model fit: 3038.5 bits.
Bits per residue: 42.2014

# of segments: 11
Internal segmentation:
0-->1-->7-->13-->14-->25-->33-->43-->52-->60-->67-->72

CPU time used: 0.57 secs.
Wall clock time elapsed: 0 secs.

        SEGMENT          START            END   NUM_RESIDUES MESSAGE_LENGTH                    END_POINTS        INTERMEDIATE_CONTROL_POINTS
              1         A 2149         A 2150              2        47.0234         (-19.672, -6.302, -10.518)
                                                                                    (-20.131, -8.122, -13.834)

              2         A 2150         A 2156              7        256.774         (-20.131, -8.122, -13.834)
                                                                                    (-17.603, -13.465, -25.996)

              3         A 2156         A 2162              7        263.172         (-17.603, -13.465, -25.996)
                                                                                    (-9.413, -16.341, -15.105)

              4         A 2162         A 2171              2        47.0234         (-9.413, -16.341, -15.105)
                                                                                    (3.933, -26.283, -17.271)

              5         A 2171         A 2182             12         438.96         (3.933, -26.283, -17.271)
                                                                                    (-26.646, -25.772, -12.471)

              6         A 2182         A 2190              9        342.458         (-26.646, -25.772, -12.471)
                                                                                    (-5.796, -22.895, -21.038)

              7         A 2190         A 2207             11        418.777         (-5.796, -22.895, -21.038)
                                                                                    (-25.628, -16.705, -14.143)

              8         A 2207         A 2216             10        367.795         (-25.628, -16.705, -14.143)
                                                                                    (-1.171, -29.765, -12.787)

              9         A 2216         A 2224              9        347.529         (-1.171, -29.765, -12.787)
                                                                                    (-7.42, -23.686, -6.981)

             10         A 2224         A 2231              8        288.193         (-7.42, -23.686, -6.981)
                                                                                    (-24.537, -11.492, -12.578)

             11         A 2231         A 2236              6        220.799         (-24.537, -11.492, -12.578)
                                                                                    (-23.489, -16.373, -0.124)

