Using structure file: /home/pkas7/Research/SCOP/pdbstyle-1.75B/mc/d2mcma_.ent
Number of residues: 112
Doing a BEZIER segmentation ...

Bounding box volume: 25075.2
Null Model Fit: 4940.76 bits.
Bits per residue: 44.5113

Bezier model fit: 4672.36 bits.
Bits per residue: 42.0934

# of segments: 14
Internal segmentation:
0-->10-->12-->26-->34-->40-->48-->57-->68-->79-->80-->88-->98-->100-->111

CPU time used: 1 secs.
Wall clock time elapsed: 1 secs.

        SEGMENT          START            END   NUM_RESIDUES MESSAGE_LENGTH                    END_POINTS        INTERMEDIATE_CONTROL_POINTS
              1            A 1           A 11             11        419.782         (29.367, 14.443, 1.133)
                                                                                    (11.987, -4.794, 12.839)

              2           A 11           A 13              3        93.0597         (11.987, -4.794, 12.839)
                                                                                    (8.245, -1.002, 16.924)

              3           A 13           A 27             15         588.01         (8.245, -1.002, 16.924)
                                                                                    (29.128, 22.959, 9.4)

              4           A 27           A 35              9        337.793         (29.128, 22.959, 9.4)
                                                                                    (10.374, 10.214, 9.137)

              5           A 35           A 41              7        265.113         (10.374, 10.214, 9.137)
                                                                                    (5.141, 10.552, -7.19)

              6           A 41           A 49              9        331.076         (5.141, 10.552, -7.19)
                                                                                    (5.068, 15.872, 15.172)

              7           A 49           A 58             10        366.601         (5.068, 15.872, 15.172)
                                                                                    (32.417, 21.854, 12.937)

              8           A 58           A 69             12        450.767         (32.417, 21.854, 12.937)
                                                                                    (5.801, 5.399, 14.253)

              9           A 69           A 80             12        466.128         (5.801, 5.399, 14.253)
                                                                                    (3.092, 21.839, 6.335)

             10           A 80           A 81              2        47.5484         (3.092, 21.839, 6.335)
                                                                                    (-0.292, 21.089, 4.779)

             11           A 81           A 89              9        341.778         (-0.292, 21.089, 4.779)
                                                                                    (3.873, -1.5, 6.973)

             12           A 89           A 99             11        416.076         (3.873, -1.5, 6.973)
                                                                                    (18.562, 21.121, 4.467)

             13           A 99          A 101              3        93.0597         (18.562, 21.121, 4.467)
                                                                                    (18.393, 23.133, -0.439)

             14          A 101          A 112             12        455.572         (18.393, 23.133, -0.439)
                                                                                    (7.967, -5.53, 12.73)

