Using structure file: /home/pkas7/Research/SCOP/pdbstyle-1.75B/nr/d2nrka1.ent
Number of residues: 165
Doing a BEZIER segmentation ...

Bounding box volume: 53707.8
Null Model Fit: 7480.07 bits.
Bits per residue: 45.6102

Bezier model fit: 6799.74 bits.
Bits per residue: 41.4618

# of segments: 15
Internal segmentation:
0-->5-->24-->25-->41-->43-->55-->68-->79-->80-->90-->103-->121-->139-->148-->164

CPU time used: 1.56 secs.
Wall clock time elapsed: 1 secs.

        SEGMENT          START            END   NUM_RESIDUES MESSAGE_LENGTH                    END_POINTS        INTERMEDIATE_CONTROL_POINTS
              1            A 4            A 9              6        227.322         (31.894, 44.407, 8.026)
                                                                                    (26.266, 41.56, -3.603)

              2            A 9           A 28             20        767.798         (26.266, 41.56, -3.603)
                                                                                    (8.934, 19.626, 5.496)

              3           A 28           A 29              2        48.6473         (8.934, 19.626, 5.496)
                                                                                    (5.152, 20.221, 5.731)

              4           A 29           A 45             17        665.557         (5.152, 20.221, 5.731)
                                                                                    (21.514, 48.111, -0.441)

              5           A 45           A 47              3        95.2575         (21.514, 48.111, -0.441)
                                                                                    (24.902, 45.425, 4.056)

              6           A 47           A 59             13        496.964         (24.902, 45.425, 4.056)
                                                                                    (3.486, 24.956, 14.67)

              7           A 59           A 72             14        544.795         (3.486, 24.956, 14.67)
                                                                                    (23.901, 18.876, 11.471)

              8           A 72           A 83             12        465.893         (23.901, 18.876, 11.471)
                                                                                    (11.824, 37.036, 21.417)

              9           A 83           A 84              2        48.6473         (11.824, 37.036, 21.417)
                                                                                    (8.563, 35.309, 22.367)

             10           A 84           A 94             11        416.169         (8.563, 35.309, 22.367)
                                                                                    (33.892, 30.026, 11.745)

             11           A 94          A 107             14        547.619         (33.892, 30.026, 11.745)
                                                                                    (2.801, 35.967, 14.994)

             12          A 107          A 125             19        721.718         (2.801, 35.967, 14.994)
                                                                                    (15.731, 53.581, -3.008)

             13          A 125          A 143             19        719.622         (15.731, 53.581, -3.008)
                                                                                    (35.017, 48.564, 13.851)

             14          A 143          A 154             10        387.675         (35.017, 48.564, 13.851)
                                                                                    (18.223, 51.237, 16.143)

             15          A 154          A 170             17        646.056         (18.223, 51.237, 16.143)
                                                                                    (-2.013, 51.24, 1.281)

