Using structure file: /home/pkas7/Research/SCOP/pdbstyle-1.75B/nr/d2nrac1.ent
Number of residues: 135
Doing a BEZIER segmentation ...

Bounding box volume: 45342.9
Null Model Fit: 6079.04 bits.
Bits per residue: 45.3659

Bezier model fit: 5592.22 bits.
Bits per residue: 41.733

# of segments: 14
Internal segmentation:
0-->1-->9-->20-->35-->41-->60-->76-->84-->95-->96-->103-->112-->121-->134

CPU time used: 1.24 secs.
Wall clock time elapsed: 1 secs.

        SEGMENT          START            END   NUM_RESIDUES MESSAGE_LENGTH                    END_POINTS        INTERMEDIATE_CONTROL_POINTS
              1            C 9           C 10              2         48.403         (-23.981, 93.877, 54.806)
                                                                                    (-27.836, 94.026, 54.666)

              2           C 10           C 18              9        334.277         (-27.836, 94.026, 54.666)
                                                                                    (-15.131, 108.408, 42.27)

              3           C 18           C 29             12        459.047         (-15.131, 108.408, 42.27)
                                                                                    (-14.995, 90.582, 33.806)

              4           C 29           C 44             16        605.071         (-14.995, 90.582, 33.806)
                                                                                    (-16.981, 103.272, 55.006)

              5           C 44           C 50              7        271.038         (-16.981, 103.272, 55.006)
                                                                                    (-6.294, 101.678, 57.521)

              6           C 50           C 69             20        799.908         (-6.294, 101.678, 57.521)
                                                                                    (-26.071, 78.922, 44.289)

              7           C 69           C 85             17        646.744         (-26.071, 78.922, 44.289)
                                                                                    (-5.208, 90.501, 40.788)

              8           C 85           C 93              9        332.706         (-5.208, 90.501, 40.788)
                                                                                    (-5.58, 110.911, 30.818)

              9           C 93          C 104             12        452.851         (-5.58, 110.911, 30.818)
                                                                                    (1.516, 113.625, 46.436)

             10          C 104          C 113              2         48.403         (1.516, 113.625, 46.436)
                                                                                    (11.265, 109.556, 44.707)

             11          C 113          C 120              8        306.054         (11.265, 109.556, 44.707)
                                                                                    (-6.128, 97.79, 41.844)

             12          C 120          C 129             10         373.19         (-6.128, 97.79, 41.844)
                                                                                    (-10.68, 75.062, 52.303)

             13          C 129          C 138             10        373.816         (-10.68, 75.062, 52.303)
                                                                                    (-2.938, 99.606, 46.556)

             14          C 138          C 151             14         540.71         (-2.938, 99.606, 46.556)
                                                                                    (-19.068, 117.887, 45.785)

