Using structure file: /home/pkas7/Research/SCOP/pdbstyle-1.75B/ns/d2nsfa2.ent
Number of residues: 80
Doing a BEZIER segmentation ...

Bounding box volume: 13476.8
Null Model Fit: 3445.63 bits.
Bits per residue: 43.6155

Bezier model fit: 3277.54 bits.
Bits per residue: 41.4878

# of segments: 11
Internal segmentation:
0-->1-->20-->22-->31-->39-->42-->50-->60-->64-->70-->79

CPU time used: 0.64 secs.
Wall clock time elapsed: 0 secs.

        SEGMENT          START            END   NUM_RESIDUES MESSAGE_LENGTH                    END_POINTS        INTERMEDIATE_CONTROL_POINTS
              1          A 161          A 162              2        46.6526         (22.445, -6.073, 18.121)
                                                                                    (25.814, -4.931, 19.537)

              2          A 162          A 181             20        750.629         (25.814, -4.931, 19.537)
                                                                                    (25.35, 4.956, -7.512)

              3          A 181          A 183              3        91.2682         (25.35, 4.956, -7.512)
                                                                                    (20.499, 6.581, -2.957)

              4          A 183          A 192             10        367.187         (20.499, 6.581, -2.957)
                                                                                    (22.493, 10.536, 19.112)

              5          A 192          A 200              9        331.577         (22.493, 10.536, 19.112)
                                                                                    (25.615, 8.424, -3.722)

              6          A 200          A 203              4        136.133         (25.615, 8.424, -3.722)
                                                                                    (21.356, 17.614, -5.553)

              7          A 203          A 211              9        332.845         (21.356, 17.614, -5.553)
                                                                                    (19.005, 5.945, 16.686)

              8          A 211          A 221             11        414.181         (19.005, 5.945, 16.686)
                                                                                    (14.876, -2.678, 4.215)

              9          A 221          A 225              5        177.311         (14.876, -2.678, 4.215)
                                                                                    (9.285, 2.9, 12.29)

             10          A 225          A 231              7        251.912         (9.285, 2.9, 12.29)
                                                                                    (11.481, 16.429, 4.2)

             11          A 231          A 240             10        377.842         (11.481, 16.429, 4.2)
                                                                                    (19.972, -4.449, 0.123)

