Using structure file: /home/pkas7/Research/SCOP/pdbstyle-1.75B/nx/d2nxyb1.ent
Number of residues: 97
Doing a BEZIER segmentation ...

Bounding box volume: 24443.6
Null Model Fit: 4269.55 bits.
Bits per residue: 44.4745

Bezier model fit: 4022.07 bits.
Bits per residue: 41.8965

# of segments: 12
Internal segmentation:
0-->7-->19-->21-->31-->41-->49-->50-->62-->75-->76-->86-->96

CPU time used: 0.82 secs.
Wall clock time elapsed: 0 secs.

        SEGMENT          START            END   NUM_RESIDUES MESSAGE_LENGTH                    END_POINTS        INTERMEDIATE_CONTROL_POINTS
              1         B 1001         B 1008              8        300.727         (53.742, -12.683, 56.543)
                                                                                    (53.354, 7.107, 65.769)

              2         B 1008         B 1020             13        483.797         (53.354, 7.107, 65.769)
                                                                                    (31.912, -17.988, 58.429)

              3         B 1020         B 1022              3        92.9861         (31.912, -17.988, 58.429)
                                                                                    (29.224, -15.741, 62.948)

              4         B 1022         B 1032             11        417.298         (29.224, -15.741, 62.948)
                                                                                    (55.992, -13.652, 72.802)

              5         B 1032         B 1042             11        417.672         (55.992, -13.652, 72.802)
                                                                                    (29.887, -11.701, 73.708)

              6         B 1042         B 1050              9        343.143         (29.887, -11.701, 73.708)
                                                                                    (51.706, -3.063, 77.288)

              7         B 1050         B 1051              2        47.5116         (51.706, -3.063, 77.288)
                                                                                    (48.984, -2.29, 74.729)

              8         B 1051         B 1063             13        504.968         (48.984, -2.29, 74.729)
                                                                                    (28.575, -11.403, 64.089)

              9         B 1063         B 1076             14        541.991         (28.575, -11.403, 64.089)
                                                                                    (57.272, 2.692, 68.186)

             10         B 1076         B 1077              2        47.5116         (57.272, 2.692, 68.186)
                                                                                    (57.531, -0.166, 70.702)

             11         B 1077         B 1087             11        408.223         (57.531, -0.166, 70.702)
                                                                                    (38.869, -21.509, 64.107)

             12         B 1087         B 1097             11        416.238         (38.869, -21.509, 64.107)
                                                                                    (55.353, 1.881, 63.693)

