Using structure file: /home/pkas7/Research/SCOP/pdbstyle-1.75B/og/d2ogqa1.ent
Number of residues: 124
Doing a BEZIER segmentation ...

Bounding box volume: 76392.6
Null Model Fit: 5672.58 bits.
Bits per residue: 46.1185

Bezier model fit: 5107.08 bits.
Bits per residue: 41.5209

# of segments: 11
Internal segmentation:
0-->21-->32-->48-->58-->67-->76-->86-->94-->99-->118-->123

CPU time used: 1.13 secs.
Wall clock time elapsed: 1 secs.

        SEGMENT          START            END   NUM_RESIDUES MESSAGE_LENGTH                    END_POINTS        INTERMEDIATE_CONTROL_POINTS
              1          A 371          A 392             22        846.029         (66.279, 14.433, 39.993)
                                                                                    (67.246, -7.472, 14.933)

              2          A 392          A 403             12        463.095         (67.246, -7.472, 14.933)
                                                                                    (47.58, -0.797, 27.999)

              3          A 403          A 419             17        676.501         (47.58, -0.797, 27.999)
                                                                                    (61.06, 36.102, 24.35)

              4          A 419          A 429             11        410.782         (61.06, 36.102, 24.35)
                                                                                    (42.194, 17.35, 30.021)

              5          A 429          A 438             10        375.854         (42.194, 17.35, 30.021)
                                                                                    (60.24, 34.759, 36.122)

              6          A 438          A 447             10        373.148         (60.24, 34.759, 36.122)
                                                                                    (36.504, 24.029, 35.211)

              7          A 447          A 457             11        407.926         (36.504, 24.029, 35.211)
                                                                                    (60.278, 27.699, 45.285)

              8          A 457          A 465              9        340.781         (60.278, 27.699, 45.285)
                                                                                    (39.908, 33.599, 38.798)

              9          A 465          A 470              6        223.196         (39.908, 33.599, 38.798)
                                                                                    (45.032, 41.269, 43.454)

             10          A 470          A 489             20        767.549         (45.032, 41.269, 43.454)
                                                                                    (44.46, 28.522, 16.444)

             11          A 489          A 494              6        222.215         (44.46, 28.522, 16.444)
                                                                                    (45.745, 13.465, 20.291)

