Using structure file: /home/pkas7/Research/SCOP/pdbstyle-1.75B/oz/d2oz4a1.ent
Number of residues: 84
Doing a BEZIER segmentation ...

Bounding box volume: 16007.4
Null Model Fit: 3640.7 bits.
Bits per residue: 43.8638

Bezier model fit: 3413.75 bits.
Bits per residue: 41.1295

# of segments: 8
Internal segmentation:
0-->13-->14-->26-->34-->41-->52-->68-->83

CPU time used: 0.7 secs.
Wall clock time elapsed: 0 secs.

        SEGMENT          START            END   NUM_RESIDUES MESSAGE_LENGTH                    END_POINTS        INTERMEDIATE_CONTROL_POINTS
              1          A 283          A 296             14        539.537         (-36.064, -9.321, 25.661)
                                                                                    (-33.262, -0.936, 59.148)

              2          A 296          A 297              2        46.9009         (-33.262, -0.936, 59.148)
                                                                                    (-36.197, 1.389, 59.882)

              3          A 297          A 309             13        484.062         (-36.197, 1.389, 59.882)
                                                                                    (-32.716, -0.017, 25.938)

              4          A 309          A 317              9        334.142         (-32.716, -0.017, 25.938)
                                                                                    (-47.431, 2.333, 38.12)

              5          A 317          A 324              8        308.077         (-47.431, 2.333, 38.12)
                                                                                    (-37.762, 5.412, 28.9)

              6          A 324          A 335             12        460.062         (-37.762, 5.412, 28.9)
                                                                                    (-42.403, -0.933, 59.352)

              7          A 335          A 351             17        637.221         (-42.403, -0.933, 59.352)
                                                                                    (-42.266, -5.898, 14.596)

              8          A 351          A 366             16        603.744         (-42.266, -5.898, 14.596)
                                                                                    (-36.237, -4.553, 60.309)

