Using structure file: /home/pkas7/Research/SCOP/pdbstyle-1.75B/p7/d2p7ja2.ent
Number of residues: 172
Doing a BEZIER segmentation ...

Bounding box volume: 75770.1
Null Model Fit: 7884.24 bits.
Bits per residue: 46.1067

Bezier model fit: 7078.76 bits.
Bits per residue: 41.3962

# of segments: 15
Internal segmentation:
0-->29-->46-->48-->67-->78-->91-->98-->105-->119-->134-->136-->142-->151-->165-->171

CPU time used: 1.67 secs.
Wall clock time elapsed: 1 secs.

        SEGMENT          START            END   NUM_RESIDUES MESSAGE_LENGTH                    END_POINTS        INTERMEDIATE_CONTROL_POINTS
              1            A 9           A 38             30        1120.31         (44.24, 28.24, -32.585)
                                                                                    (20.261, 42.731, 1.789)

              2           A 38           A 55             18         696.65         (20.261, 42.731, 1.789)
                                                                                    (18.448, 48.122, 26.586)

              3           A 55           A 57              3        96.2505         (18.448, 48.122, 26.586)
                                                                                    (20.696, 43.608, 29.23)

              4           A 57           A 76             20        751.766         (20.696, 43.608, 29.23)
                                                                                    (28.381, 31.014, 5.631)

              5           A 76           A 87             12        464.179         (28.381, 31.014, 5.631)
                                                                                    (34.501, 54.865, 20.366)

              6           A 87          A 100             14        542.826         (34.501, 54.865, 20.366)
                                                                                    (33.164, 23.123, 11.073)

              7          A 100          A 107              8        303.676         (33.164, 23.123, 11.073)
                                                                                    (34.048, 37.634, 25.057)

              8          A 107          A 114              8        299.289         (34.048, 37.634, 25.057)
                                                                                    (43.216, 52.758, 15.672)

              9          A 114          A 128             15         594.43         (43.216, 52.758, 15.672)
                                                                                    (24.644, 54.028, 5.295)

             10          A 128          A 143             16        645.522         (24.644, 54.028, 5.295)
                                                                                    (48.121, 39.637, 12.028)

             11          A 143          A 145              3        96.2505         (48.121, 39.637, 12.028)
                                                                                    (47.18, 33.435, 11.321)

             12          A 145          A 151              7        255.982         (47.18, 33.435, 11.321)
                                                                                    (36.037, 42.648, 3.174)

             13          A 151          A 160             10        369.963         (36.037, 42.648, 3.174)
                                                                                    (16.54, 59.428, 17.198)

             14          A 160          A 174             15        574.638         (16.54, 59.428, 17.198)
                                                                                    (39.461, 33.122, 1.483)

             15          A 174          A 180              7        267.029         (39.461, 33.122, 1.483)
                                                                                    (33.774, 30.726, -6.585)

