Using structure file: /home/pkas7/Research/SCOP/pdbstyle-1.75B/p8/d2p8ta2.ent
Number of residues: 117
Doing a BEZIER segmentation ...

Bounding box volume: 33515.7
Null Model Fit: 5211.87 bits.
Bits per residue: 44.9299

Bezier model fit: 4886.11 bits.
Bits per residue: 42.1216

# of segments: 15
Internal segmentation:
0-->2-->11-->21-->26-->38-->48-->64-->65-->73-->77-->87-->88-->106-->115-->116

CPU time used: 1.05 secs.
Wall clock time elapsed: 1 secs.

        SEGMENT          START            END   NUM_RESIDUES MESSAGE_LENGTH                    END_POINTS        INTERMEDIATE_CONTROL_POINTS
              1           A 83           A 85              3        93.8969         (20.367, 10.22, 1.482)
                                                                                    (22.13, 4.128, 4.704)

              2           A 85           A 94             10        378.032         (22.13, 4.128, 4.704)
                                                                                    (12.78, -10.157, 20.338)

              3           A 94          A 104             11        417.378         (12.78, -10.157, 20.338)
                                                                                    (21.101, 15.53, 6.61)

              4          A 104          A 109              6        222.683         (21.101, 15.53, 6.61)
                                                                                    (9.137, 15.161, 15.916)

              5          A 109          A 121             13        494.309         (9.137, 15.161, 15.916)
                                                                                    (2.175, -1.86, 10.818)

              6          A 121          A 131             11        414.414         (2.175, -1.86, 10.818)
                                                                                    (25.596, 13.845, 18.569)

              7          A 131          A 147             17        684.612         (25.596, 13.845, 18.569)
                                                                                    (19.099, 0.442, 26.26)

              8          A 147          A 148              2         47.967         (19.099, 0.442, 26.26)
                                                                                    (19.882, -1.543, 23.074)

              9          A 148          A 156              9        339.668         (19.882, -1.543, 23.074)
                                                                                    (26.853, 1.992, 10.635)

             10          A 156          A 160              5        179.393         (26.853, 1.992, 10.635)
                                                                                    (26.609, 14.006, 13.496)

             11          A 160          A 170             11        403.056         (26.609, 14.006, 13.496)
                                                                                    (5.874, -8.996, 13.78)

             12          A 170          A 171              2         47.967         (5.874, -8.996, 13.78)
                                                                                    (7.663, -9.712, 10.488)

             13          A 171          A 189             19        723.924         (7.663, -9.712, 10.488)
                                                                                    (10.879, 16.527, -1.188)

             14          A 189          A 198             10        390.841         (10.879, 16.527, -1.188)
                                                                                    (6.488, 4.223, -10.839)

             15          A 198          A 199              2         47.967         (6.488, 4.223, -10.839)
                                                                                    (3.306, 4.803, -8.823)

