Using structure file: /home/pkas7/Research/SCOP/pdbstyle-1.75B/pl/d2pl1a_.ent
Number of residues: 121
Doing a BEZIER segmentation ...

Bounding box volume: 25901.3
Null Model Fit: 5346.97 bits.
Bits per residue: 44.5581

Bezier model fit: 5006.58 bits.
Bits per residue: 41.7215

# of segments: 13
Internal segmentation:
0-->7-->8-->23-->31-->43-->44-->52-->69-->77-->82-->93-->102-->120

CPU time used: 1.08 secs.
Wall clock time elapsed: 1 secs.

        SEGMENT          START            END   NUM_RESIDUES MESSAGE_LENGTH                    END_POINTS        INTERMEDIATE_CONTROL_POINTS
              1            A 1            A 8              8        295.736         (-61.772, -43.872, -11.513)
                                                                                    (-61.451, -29.542, 6.15)

              2            A 8            A 9              2        47.5952         (-61.451, -29.542, 6.15)
                                                                                    (-60.102, -31.877, 8.851)

              3            A 9           A 24             16        602.026         (-60.102, -31.877, 8.851)
                                                                                    (-57.139, -48.257, -6.695)

              4           A 24           A 32              9        341.872         (-57.139, -48.257, -6.695)
                                                                                    (-62.709, -26.149, 1.505)

              5           A 32           A 44             13        498.626         (-62.709, -26.149, 1.505)
                                                                                    (-64.32, -33.65, -13.251)

              6           A 44           A 45              2        47.5952         (-64.32, -33.65, -13.251)
                                                                                    (-64.211, -36.561, -10.775)

              7           A 45           A 53              9        335.243         (-64.211, -36.561, -10.775)
                                                                                    (-68.984, -28.288, 7.79)

              8           A 53           A 70             18        705.504         (-68.984, -28.288, 7.79)
                                                                                    (-75.415, -29.435, -14.304)

              9           A 70           A 78              9        344.359         (-75.415, -29.435, -14.304)
                                                                                    (-69.735, -37.869, 5.131)

             10           A 78           A 83              6        224.535         (-69.735, -37.869, 5.131)
                                                                                    (-80.07, -35.249, 12.395)

             11           A 83           A 94             12         451.97         (-80.07, -35.249, 12.395)
                                                                                    (-78.828, -33.687, -4.712)

             12           A 94          A 103             10         381.24         (-78.828, -33.687, -4.712)
                                                                                    (-67.929, -44.047, 10.612)

             13          A 103          A 121             19        730.281         (-67.929, -44.047, 10.612)
                                                                                    (-72.617, -50.629, -15.117)

