Using structure file: /home/pkas7/Research/SCOP/pdbstyle-1.75B/pp/d2pp4a1.ent
Number of residues: 107
Doing a BEZIER segmentation ...

Bounding box volume: 38160.1
Null Model Fit: 4782.42 bits.
Bits per residue: 45.1171

Bezier model fit: 4350.28 bits.
Bits per residue: 41.0404

# of segments: 9
Internal segmentation:
0-->22-->39-->55-->57-->75-->85-->87-->105-->106

CPU time used: 0.93 secs.
Wall clock time elapsed: 0 secs.

        SEGMENT          START            END   NUM_RESIDUES MESSAGE_LENGTH                    END_POINTS        INTERMEDIATE_CONTROL_POINTS
              1          A 119          A 141             23        868.235         (8.352, 11.341, -5.243)
                                                                                    (-18.77, -2.975, 11.977)

              2          A 141          A 158             18        687.401         (-18.77, -2.975, 11.977)
                                                                                    (5.59, -6.468, -0.133)

              3          A 158          A 174             17        668.876         (5.59, -6.468, -0.133)
                                                                                    (-18.29, -8.316, 0.083)

              4          A 174          A 176              3        94.2713         (-18.29, -8.316, 0.083)
                                                                                    (-18.581, -4.341, -5.505)

              5          A 176          A 194             19        733.035         (-18.581, -4.341, -5.505)
                                                                                    (12.959, 6.738, -9.878)

              6          A 194          A 204             11         421.37         (12.959, 6.738, -9.878)
                                                                                    (22.283, -2.498, -2.964)

              7          A 204          A 206              3        94.2713         (22.283, -2.498, -2.964)
                                                                                    (15.677, -4.368, -4.329)

              8          A 206          A 224             19        734.671         (15.677, -4.368, -4.329)
                                                                                    (6.844, 11.827, 20.737)

              9          A 224          A 225              2        48.1542         (6.844, 11.827, 20.737)
                                                                                    (7.6, 15.245, 19.109)

