Using structure file: /home/pkas7/Research/SCOP/pdbstyle-1.75B/pu/d2puza2.ent
Number of residues: 301
Doing a BEZIER segmentation ...

Bounding box volume: 79750.3
Null Model Fit: 13854.2 bits.
Bits per residue: 46.1806

Bezier model fit: 12570.7 bits.
Bits per residue: 41.9022

# of segments: 26
Internal segmentation:
0-->8-->9-->26-->27-->49-->67-->68-->81-->100-->120-->140-->151-->169-->181-->193-->200-->204-->215-->229-->243-->254-->261-->274-->276-->294-->300

CPU time used: 3 secs.
Wall clock time elapsed: 3 secs.

        SEGMENT          START            END   NUM_RESIDUES MESSAGE_LENGTH                    END_POINTS        INTERMEDIATE_CONTROL_POINTS
              1           A 80           A 88              9        342.285         (41.506, 4.544, 33.73)
                                                                                    (25.916, 19.806, 41.329)

              2           A 88           A 89              2        49.2176         (25.916, 19.806, 41.329)
                                                                                    (24.309, 16.432, 40.581)

              3           A 89          A 106             18        722.103         (24.309, 16.432, 40.581)
                                                                                    (10.53, 35.955, 28.105)

              4          A 106          A 107              2        49.2176         (10.53, 35.955, 28.105)
                                                                                    (12.359, 38.575, 30.177)

              5          A 107          A 129             23        904.454         (12.359, 38.575, 30.177)
                                                                                    (13.187, 14.772, 51.638)

              6          A 129          A 147             19        727.265         (13.187, 14.772, 51.638)
                                                                                    (29.921, 6.116, 30.467)

              7          A 147          A 148              2        49.2176         (29.921, 6.116, 30.467)
                                                                                    (32.689, 4.532, 32.503)

              8          A 148          A 161             14        544.349         (32.689, 4.532, 32.503)
                                                                                    (20.514, 27.329, 55.055)

              9          A 161          A 180             20        763.377         (20.514, 27.329, 55.055)
                                                                                    (29.711, 1.056, 42.697)

             10          A 180          A 200             21        844.773         (29.711, 1.056, 42.697)
                                                                                    (23.765, 40.773, 53.528)

             11          A 200          A 220             21         811.07         (23.765, 40.773, 53.528)
                                                                                    (32.28, 14.182, 58.361)

             12          A 220          A 231             12        462.748         (32.28, 14.182, 58.361)
                                                                                    (29.907, 39.824, 40.892)

             13          A 231          A 249             19        746.165         (29.907, 39.824, 40.892)
                                                                                    (39.465, 22.679, 60.155)

             14          A 249          A 261             13        509.083         (39.465, 22.679, 60.155)
                                                                                    (34.294, 38.568, 35.146)

             15          A 261          A 273             13        504.353         (34.294, 38.568, 35.146)
                                                                                    (46.658, 25.726, 47.69)

             16          A 273          A 280              8        302.875         (46.658, 25.726, 47.69)
                                                                                    (37.937, 30.584, 34.453)

             17          A 280          A 284              5        185.342         (37.937, 30.584, 34.453)
                                                                                    (44.152, 36.525, 32.851)

             18          A 284          A 295             12         456.55         (44.152, 36.525, 32.851)
                                                                                    (49.627, 23.433, 41.728)

             19          A 295          A 309             15        593.686         (49.627, 23.433, 41.728)
                                                                                    (26.212, 31.177, 24.965)

             20          A 309          A 323             15        589.182         (26.212, 31.177, 24.965)
                                                                                    (52.262, 24.927, 32.88)

             21          A 323          A 334             12        464.925         (52.262, 24.927, 32.88)
                                                                                    (19.818, 22.281, 36.764)

             22          A 334          A 341              8        304.614         (19.818, 22.281, 36.764)
                                                                                    (27.755, 13.054, 29.561)

             23          A 341          A 354             14        536.998         (27.755, 13.054, 29.561)
                                                                                    (40.325, 23.542, 20.994)

             24          A 354          A 356              3        96.3982         (40.325, 23.542, 20.994)
                                                                                    (43.887, 18.372, 21.937)

             25          A 356          A 374             19        742.708         (43.887, 18.372, 21.937)
                                                                                    (42.931, 11.589, 44.704)

             26          A 374          A 380              7        267.696         (42.931, 11.589, 44.704)
                                                                                    (45.829, 6.225, 36.172)

