Using structure file: /home/pkas7/Research/SCOP/pdbstyle-1.75B/r6/d2r6sa_.ent
Number of residues: 299
Doing a BEZIER segmentation ...

Bounding box volume: 121217
Null Model Fit: 13941.8 bits.
Bits per residue: 46.7846

Bezier model fit: 12522.5 bits.
Bits per residue: 42.0217

# of segments: 30
Internal segmentation:
0-->4-->14-->25-->44-->45-->60-->75-->86-->90-->107-->117-->118-->127-->128-->134-->148-->160-->175-->185-->194-->209-->219-->225-->243-->252-->261-->272-->274-->293-->298

CPU time used: 3.03 secs.
Wall clock time elapsed: 3 secs.

        SEGMENT          START            END   NUM_RESIDUES MESSAGE_LENGTH                    END_POINTS        INTERMEDIATE_CONTROL_POINTS
              1           A 15           A 19              5        183.838         (50.661, 16.831, 48.585)
                                                                                    (51.201, 3.408, 48.917)

              2           A 19           A 29             11        422.431         (51.201, 3.408, 48.917)
                                                                                    (39.976, 24.811, 47.796)

              3           A 29           A 40             12        454.591         (39.976, 24.811, 47.796)
                                                                                    (50.374, 0.226, 38.582)

              4           A 40           A 59             20        801.453         (50.374, 0.226, 38.582)
                                                                                    (23.228, -8.936, 41.7)

              5           A 59           A 60              2        49.8217         (23.228, -8.936, 41.7)
                                                                                    (25.505, -9.762, 44.694)

              6           A 60           A 75             16        608.898         (25.505, -9.762, 44.694)
                                                                                    (47.349, 0.227, 48.721)

              7           A 75           A 90             16        610.226         (47.349, 0.227, 48.721)
                                                                                    (35.161, 18.782, 59.215)

              8           A 90          A 101             12        453.618         (35.161, 18.782, 59.215)
                                                                                    (44.651, 4.812, 32.773)

              9          A 101          A 105              5        184.657         (44.651, 4.812, 32.773)
                                                                                    (33.928, 6.36, 28.048)

             10          A 105          A 122             18        685.657         (33.928, 6.36, 28.048)
                                                                                    (33.641, 3.791, 53.598)

             11          A 122          A 132             11        435.312         (33.641, 3.791, 53.598)
                                                                                    (16.634, 0.053, 40.124)

             12          A 132          A 133              2        49.8217         (16.634, 0.053, 40.124)
                                                                                    (20.308, -0.554, 41.093)

             13          A 133          A 142             10        370.957         (20.308, -0.554, 41.093)
                                                                                    (20.515, 17.876, 23.112)

             14          A 142          A 149              2        49.8217         (20.515, 17.876, 23.112)
                                                                                    (12.209, 23.298, 32.806)

             15          A 149          A 155              7        269.067         (12.209, 23.298, 32.806)
                                                                                    (19.53, 26.604, 34.329)

             16          A 155          A 169             15        599.633         (19.53, 26.604, 34.329)
                                                                                    (20.475, 9.954, 56.537)

             17          A 169          A 181             13         503.47         (20.475, 9.954, 56.537)
                                                                                    (31.768, 15.636, 24.365)

             18          A 181          A 196             16         626.97         (31.768, 15.636, 24.365)
                                                                                    (29.295, 30.17, 53.856)

             19          A 196          A 206             11        423.853         (29.295, 30.17, 53.856)
                                                                                    (14.479, 30.146, 65.34)

             20          A 206          A 215             10        386.147         (14.479, 30.146, 65.34)
                                                                                    (7.86, 15.466, 50.356)

             21          A 215          A 236             16        645.601         (7.86, 15.466, 50.356)
                                                                                    (30.388, 18.649, 68.472)

             22          A 236          A 246             11        411.482         (30.388, 18.649, 68.472)
                                                                                    (12.217, 21.405, 45.498)

             23          A 246          A 252              7        263.418         (12.217, 21.405, 45.498)
                                                                                    (2.836, 29.015, 55.905)

             24          A 252          A 270             19        721.991         (2.836, 29.015, 55.905)
                                                                                    (31.062, 33.855, 47.717)

             25          A 270          A 279             10         369.17         (31.062, 33.855, 47.717)
                                                                                    (36.086, 11.951, 32.381)

             26          A 279          A 288             10        380.765         (36.086, 11.951, 32.381)
                                                                                    (26.042, 16.819, 55.913)

             27          A 288          A 299             12        452.167         (26.042, 16.819, 55.913)
                                                                                    (23.546, 23.402, 24.48)

             28          A 299          A 301              3        97.6062         (23.546, 23.402, 24.48)
                                                                                    (23.661, 19.563, 18.829)

             29          A 301          A 320             20        781.794         (23.661, 19.563, 18.829)
                                                                                    (33.929, 2.589, 71.116)

             30          A 320          A 325              6        228.216         (33.929, 2.589, 71.116)
                                                                                    (28.894, -10.152, 75.342)

