Using structure file: /home/pkas7/Research/SCOP/pdbstyle-1.75B/v0/d2v03a_.ent
Number of residues: 293
Doing a BEZIER segmentation ...

Bounding box volume: 92216.4
Null Model Fit: 13545.9 bits.
Bits per residue: 46.3901

Bezier model fit: 12229.2 bits.
Bits per residue: 41.8808

# of segments: 28
Internal segmentation:
0-->2-->21-->22-->37-->53-->59-->67-->82-->90-->94-->105-->115-->130-->137-->161-->163-->172-->188-->202-->204-->214-->223-->231-->247-->251-->269-->283-->292

CPU time used: 2.97 secs.
Wall clock time elapsed: 2 secs.

        SEGMENT          START            END   NUM_RESIDUES MESSAGE_LENGTH                    END_POINTS        INTERMEDIATE_CONTROL_POINTS
              1            A 1            A 3              3        96.8172         (48.177, 19.518, 8.534)
                                                                                    (45.493, 20.313, 4.314)

              2            A 3           A 22             20        780.531         (45.493, 20.313, 4.314)
                                                                                    (36.068, 7.45, 43.482)

              3           A 22           A 23              2        49.4272         (36.068, 7.45, 43.482)
                                                                                    (36.543, 3.697, 43.061)

              4           A 23           A 38             16        617.951         (36.543, 3.697, 43.061)
                                                                                    (32.923, 20.22, 15.159)

              5           A 38           A 55             17        657.091         (32.923, 20.22, 15.159)
                                                                                    (36.517, 3.489, -6.432)

              6           A 55           A 61              7        258.837         (36.517, 3.489, -6.432)
                                                                                    (32.865, 18.955, -9.599)

              7           A 61           A 69              9        342.328         (32.865, 18.955, -9.599)
                                                                                    (18.617, 15.263, 10.318)

              8           A 69           A 84             16        619.887         (18.617, 15.263, 10.318)
                                                                                    (35.606, 20.356, -4.458)

              9           A 84           A 92              9        341.549         (35.606, 20.356, -4.458)
                                                                                    (13.019, 17.365, 7.473)

             10           A 92           A 96              5         184.96         (13.019, 17.365, 7.473)
                                                                                    (16.943, 24.404, 13.071)

             11           A 96          A 107             12         456.55         (16.943, 24.404, 13.071)
                                                                                    (28.06, 26.381, -0.076)

             12          A 107          A 117             11        427.675         (28.06, 26.381, -0.076)
                                                                                    (7.565, 12.849, 5.366)

             13          A 117          A 132             16        610.494         (7.565, 12.849, 5.366)
                                                                                    (17.296, 11.827, -12.612)

             14          A 132          A 139              8        304.057         (17.296, 11.827, -12.612)
                                                                                    (23.369, 6.889, 2.338)

             15          A 139          A 163             25         974.23         (23.369, 6.889, 2.338)
                                                                                    (48.304, 1.984, 25.598)

             16          A 163          A 165              3        96.8172         (48.304, 1.984, 25.598)
                                                                                    (44.59, -0.303, 28.843)

             17          A 165          A 174             10        380.069         (44.59, -0.303, 28.843)
                                                                                    (22.793, 7.122, 16.065)

             18          A 174          A 190             17        657.233         (22.793, 7.122, 16.065)
                                                                                    (43.714, -10.231, 22.371)

             19          A 190          A 204             15        571.469         (43.714, -10.231, 22.371)
                                                                                    (13.352, 10.77, 25.948)

             20          A 204          A 206              3        96.8172         (13.352, 10.77, 25.948)
                                                                                    (18.376, 13.292, 22.917)

             21          A 206          A 216             11         422.87         (18.376, 13.292, 22.917)
                                                                                    (14.436, -0.935, 12.05)

             22          A 216          A 225             10        396.564         (14.436, -0.935, 12.05)
                                                                                    (29.288, -6.282, 18.169)

             23          A 225          A 233              9         337.37         (29.288, -6.282, 18.169)
                                                                                    (17.029, 9.539, 30.464)

             24          A 233          A 249             17        653.772         (17.029, 9.539, 30.464)
                                                                                    (35.424, 22.882, 31.099)

             25          A 249          A 253              5        182.016         (35.424, 22.882, 31.099)
                                                                                    (26.186, 18.479, 23.095)

             26          A 253          A 271             19        726.776         (26.186, 18.479, 23.095)
                                                                                    (36.221, -0.714, 39.938)

             27          A 271          A 285             15        592.796         (36.221, -0.714, 39.938)
                                                                                    (25.216, 24.656, 18.01)

             28          A 285          A 294             10        392.234         (25.216, 24.656, 18.01)
                                                                                    (19.378, 25.121, 34.127)

