Using structure file: /home/pkas7/Research/SCOP/pdbstyle-1.75B/v0/d2v0na2.ent
Number of residues: 153
Doing a BEZIER segmentation ...

Bounding box volume: 67091.6
Null Model Fit: 6981.54 bits.
Bits per residue: 45.9312

Bezier model fit: 6338.53 bits.
Bits per residue: 41.7008

# of segments: 16
Internal segmentation:
0-->6-->21-->34-->43-->54-->63-->64-->80-->82-->94-->95-->106-->116-->145-->151-->152

CPU time used: 1.44 secs.
Wall clock time elapsed: 1 secs.

        SEGMENT          START            END   NUM_RESIDUES MESSAGE_LENGTH                    END_POINTS        INTERMEDIATE_CONTROL_POINTS
              1          A 141          A 147              7         263.04         (81.653, 31.324, 72.756)
                                                                                    (76.596, 15.703, 83.159)

              2          A 147          A 162             16        626.505         (76.596, 15.703, 83.159)
                                                                                    (75.545, -18.297, 71.883)

              3          A 162          A 175             14        531.223         (75.545, -18.297, 71.883)
                                                                                    (67.479, -3.049, 84.007)

              4          A 175          A 184             10        376.564         (67.479, -3.049, 84.007)
                                                                                    (73.7, -12.629, 62.35)

              5          A 184          A 195             12        460.306         (73.7, -12.629, 62.35)
                                                                                    (70.716, 4.058, 66.731)

              6          A 195          A 204             10        375.743         (70.716, 4.058, 66.731)
                                                                                    (85.162, -16.827, 70.756)

              7          A 204          A 205              2        48.9683         (85.162, -16.827, 70.756)
                                                                                    (81.973, -17.19, 68.648)

              8          A 205          A 221             17        657.844         (81.973, -17.19, 68.648)
                                                                                    (83.863, 5.524, 58.226)

              9          A 221          A 223              3        95.8995         (83.863, 5.524, 58.226)
                                                                                    (81.004, 3.273, 62.653)

             10          A 223          A 235             13        507.303         (81.004, 3.273, 62.653)
                                                                                    (93.911, -18.191, 77.99)

             11          A 235          A 236              2        48.9683         (93.911, -18.191, 77.99)
                                                                                    (94.703, -16.503, 74.666)

             12          A 236          A 247             12        455.469         (94.703, -16.503, 74.666)
                                                                                    (90.731, -1.253, 67.905)

             13          A 247          A 257             11        432.024         (90.731, -1.253, 67.905)
                                                                                    (80.967, -11.795, 85.513)

             14          A 257          A 286             30        1137.18         (80.967, -11.795, 85.513)
                                                                                    (77.316, 27.901, 64.258)

             15          A 286          A 292              7        272.519         (77.316, 27.901, 64.258)
                                                                                    (73.307, 36.623, 58.094)

             16          A 292          A 293              2        48.9683         (73.307, 36.623, 58.094)
                                                                                    (75.891, 34.139, 56.847)

