Using structure file: /home/pkas7/Research/SCOP/pdbstyle-1.75B/v3/d2v33a_.ent
Number of residues: 91
Doing a BEZIER segmentation ...

Bounding box volume: 19975.4
Null Model Fit: 3976.5 bits.
Bits per residue: 44.1833

Bezier model fit: 3793.77 bits.
Bits per residue: 42.1529

# of segments: 13
Internal segmentation:
0-->6-->11-->16-->17-->31-->32-->43-->49-->56-->67-->68-->80-->90

CPU time used: 0.76 secs.
Wall clock time elapsed: 0 secs.

        SEGMENT          START            END   NUM_RESIDUES MESSAGE_LENGTH                    END_POINTS        INTERMEDIATE_CONTROL_POINTS
              1          A 292          A 298              7        255.048         (55.167, 20.903, 52.22)
                                                                                    (37.91, 28.605, 54.013)

              2          A 298          A 303              6        213.878         (37.91, 28.605, 54.013)
                                                                                    (31.309, 23.447, 68.16)

              3          A 303          A 308              6        211.765         (31.309, 23.447, 68.16)
                                                                                    (32.314, 23.124, 80.571)

              4          A 308          A 309              2        47.2204         (32.314, 23.124, 80.571)
                                                                                    (34.128, 20.6, 82.755)

              5          A 309          A 323             15        585.971         (34.128, 20.6, 82.755)
                                                                                    (44.864, 20.76, 47.872)

              6          A 323          A 324              2        47.2204         (44.864, 20.76, 47.872)
                                                                                    (46.054, 17.46, 49.344)

              7          A 324          A 335             12        454.984         (46.054, 17.46, 49.344)
                                                                                    (42.95, 31.627, 78.457)

              8          A 335          A 341              7        259.569         (42.95, 31.627, 78.457)
                                                                                    (45.119, 17.47, 69.859)

              9          A 341          A 348              8        295.386         (45.119, 17.47, 69.859)
                                                                                    (40.551, 16.431, 50.969)

             10          A 348          A 359             12        448.729         (40.551, 16.431, 50.969)
                                                                                    (35.969, 26.295, 82.203)

             11          A 359          A 360              2        47.2204         (35.969, 26.295, 82.203)
                                                                                    (33.785, 28.864, 80.428)

             12          A 360          A 372             13        498.771         (33.785, 28.864, 80.428)
                                                                                    (44.783, 28.905, 58.622)

             13          A 372          A 382             11        428.002         (44.783, 28.905, 58.622)
                                                                                    (27.306, 22.293, 82.949)

