Using structure file: /home/pkas7/Research/SCOP/pdbstyle-1.75B/wk/d2wkja_.ent
Number of residues: 297
Doing a BEZIER segmentation ...

Bounding box volume: 79047.3
Null Model Fit: 13665.7 bits.
Bits per residue: 46.1678

Bezier model fit: 12318.4 bits.
Bits per residue: 41.6163

# of segments: 28
Internal segmentation:
0-->8-->20-->39-->47-->48-->56-->74-->85-->100-->113-->115-->131-->142-->143-->150-->162-->170-->182-->191-->201-->211-->227-->228-->250-->263-->272-->281-->296

CPU time used: 3.04 secs.
Wall clock time elapsed: 3 secs.

        SEGMENT          START            END   NUM_RESIDUES MESSAGE_LENGTH                    END_POINTS        INTERMEDIATE_CONTROL_POINTS
              1           A -1            A 7              9        349.149         (29.087, -5.167, 19.014)
                                                                                    (22.259, -17.976, 19.327)

              2            A 7           A 19             13        488.778         (22.259, -17.976, 19.327)
                                                                                    (-9.119, -16.853, 35.604)

              3           A 19           A 38             20        786.608         (-9.119, -16.853, 35.604)
                                                                                    (18.777, -27.251, 25.019)

              4           A 38           A 46              9        345.468         (18.777, -27.251, 25.019)
                                                                                    (8.164, -9.944, 24.375)

              5           A 46           A 47              2        49.2049         (8.164, -9.944, 24.375)
                                                                                    (5.302, -9.891, 21.889)

              6           A 47           A 55              9        342.536         (5.302, -9.891, 21.889)
                                                                                    (0.725, -4.634, 33.762)

              7           A 55           A 73             19        735.164         (0.725, -4.634, 33.762)
                                                                                    (21.951, -21.853, 33.077)

              8           A 73           A 84             12        455.765         (21.951, -21.853, 33.077)
                                                                                    (6.205, 4.988, 27.615)

              9           A 84           A 99             16        605.576         (6.205, 4.988, 27.615)
                                                                                    (20.249, -10.622, 36.989)

             10           A 99          A 112             14        545.799         (20.249, -10.622, 36.989)
                                                                                    (4.055, 8.428, 15.723)

             11          A 112          A 114              3        96.3726         (4.055, 8.428, 15.723)
                                                                                    (10.374, 11.079, 15.275)

             12          A 114          A 130             17        641.687         (10.374, 11.079, 15.275)
                                                                                    (22.932, -0.04, 33.95)

             13          A 130          A 141             12        452.521         (22.932, -0.04, 33.95)
                                                                                    (4.24, -5.134, 10.77)

             14          A 141          A 142              2        49.2049         (4.24, -5.134, 10.77)
                                                                                    (2.896, -4.606, 14.266)

             15          A 142          A 149              8        298.952         (2.896, -4.606, 14.266)
                                                                                    (18.296, 1.451, 6.788)

             16          A 149          A 161             13        500.045         (18.296, 1.451, 6.788)
                                                                                    (23.373, -1.644, 21.896)

             17          A 161          A 170              9        349.017         (23.373, -1.644, 21.896)
                                                                                    (13.102, -8.072, 3.909)

             18          A 170          A 182             13        499.077         (13.102, -8.072, 3.909)
                                                                                    (30.077, -7.392, 10.524)

             19          A 182          A 191             10        382.487         (30.077, -7.392, 10.524)
                                                                                    (10.571, -18.252, 12.177)

             20          A 191          A 201             11        426.377         (10.571, -18.252, 12.177)
                                                                                    (23.356, -12.653, 7.367)

             21          A 201          A 211             11        431.232         (23.356, -12.653, 7.367)
                                                                                    (9.204, -23.114, 22.679)

             22          A 211          A 227             17        652.695         (9.204, -23.114, 22.679)
                                                                                    (27.44, -26.868, 4.107)

             23          A 227          A 228              2        49.2049         (27.44, -26.868, 4.107)
                                                                                    (24.519, -29.285, 4.317)

             24          A 228          A 250             23         883.12         (24.519, -29.285, 4.317)
                                                                                    (-3.579, -18.325, 16.185)

             25          A 250          A 263             14        535.786         (-3.579, -18.325, 16.185)
                                                                                    (2.068, -31.699, 29.819)

             26          A 263          A 272             10        382.686         (2.068, -31.699, 29.819)
                                                                                    (-8.673, -11.42, 26.335)

             27          A 272          A 281             10        375.348         (-8.673, -11.42, 26.335)
                                                                                    (-7.72, -27.65, 15.334)

             28          A 281          A 296             16        608.557         (-7.72, -27.65, 15.334)
                                                                                    (12.877, -34.513, 21.33)

