Using structure file: /home/pkas7/Research/SCOP/pdbstyle-1.75B/wq/d2wqka_.ent
Number of residues: 248
Doing a BEZIER segmentation ...

Bounding box volume: 130914
Null Model Fit: 11583.2 bits.
Bits per residue: 46.8956

Bezier model fit: 10456.5 bits.
Bits per residue: 42.3339

# of segments: 24
Internal segmentation:
0-->9-->24-->33-->38-->47-->56-->65-->82-->95-->96-->116-->131-->132-->149-->154-->165-->166-->175-->186-->194-->211-->222-->230-->247

CPU time used: 2.46 secs.
Wall clock time elapsed: 2 secs.

        SEGMENT          START            END   NUM_RESIDUES MESSAGE_LENGTH                    END_POINTS        INTERMEDIATE_CONTROL_POINTS
              1            A 2           A 11             10        388.317         (-18.105, 22.674, 15.068)
                                                                                    (-4.964, 14.333, 33.294)

              2           A 11           A 26             16        626.087         (-4.964, 14.333, 33.294)
                                                                                    (-12.321, 30.257, 18.695)

              3           A 26           A 35             10        385.214         (-12.321, 30.257, 18.695)
                                                                                    (-8.415, 11.178, 33.077)

              4           A 35           A 40              6        226.414         (-8.415, 11.178, 33.077)
                                                                                    (1.405, 7.736, 30.717)

              5           A 40           A 49             10        393.403         (1.405, 7.736, 30.717)
                                                                                    (-14.34, -5.353, 33.25)

              6           A 49           A 58             10        381.455         (-14.34, -5.353, 33.25)
                                                                                    (-17.582, 22.466, 34.671)

              7           A 58           A 67             10        381.668         (-17.582, 22.466, 34.671)
                                                                                    (-10.211, 6.333, 32.862)

              8           A 67           A 84             18        709.044         (-10.211, 6.333, 32.862)
                                                                                    (-23.706, 12.511, 17.98)

              9           A 84           A 97             14        552.352         (-23.706, 12.511, 17.98)
                                                                                    (6.916, 13.581, 22.326)

             10           A 97           A 98              2        49.9327         (6.916, 13.581, 22.326)
                                                                                    (5.354, 10.586, 20.606)

             11           A 98          A 118             21        842.689         (5.354, 10.586, 20.606)
                                                                                    (-15.506, 5.275, 16.063)

             12          A 118          A 133             16        635.268         (-15.506, 5.275, 16.063)
                                                                                    (7.355, 23.431, 27.694)

             13          A 133          A 134              2        49.9327         (7.355, 23.431, 27.694)
                                                                                    (5.554, 26.421, 26.161)

             14          A 134          A 151             18        682.396         (5.554, 26.421, 26.161)
                                                                                    (-11.715, 22.839, 5.746)

             15          A 151          A 156              6        222.914         (-11.715, 22.839, 5.746)
                                                                                    (-8.919, 7.3, 4.014)

             16          A 156          A 167             12        449.263         (-8.919, 7.3, 4.014)
                                                                                    (9.575, 26.911, 20.4)

             17          A 167          A 168              2        49.9327         (9.575, 26.911, 20.4)
                                                                                    (7.774, 30.182, 20.339)

             18          A 168          A 177             10        387.379         (7.774, 30.182, 20.339)
                                                                                    (4.252, 15.908, 6.467)

             19          A 177          A 188             12        467.769         (4.252, 15.908, 6.467)
                                                                                    (23.396, 0.343, 25.135)

             20          A 188          A 196              9        342.732         (23.396, 0.343, 25.135)
                                                                                    (23.596, -9.329, 47.347)

             21          A 196          A 213             18        704.039         (23.596, -9.329, 47.347)
                                                                                    (16.877, 10.861, 8.514)

             22          A 213          A 224             12        475.116         (16.877, 10.861, 8.514)
                                                                                    (12.356, 23.14, 14.296)

             23          A 224          A 232              9        341.395         (12.356, 23.14, 14.296)
                                                                                    (-2.854, 3.692, 9.308)

             24          A 232          A 249             18        711.775         (-2.854, 3.692, 9.308)
                                                                                    (-1.019, -25.67, 3.085)

