Using structure file: /home/pkas7/Research/SCOP/pdbstyle-1.75B/xf/d2xfaa_.ent
Number of residues: 143
Doing a BEZIER segmentation ...

Bounding box volume: 35195.9
Null Model Fit: 6390.07 bits.
Bits per residue: 45.0005

Bezier model fit: 5946.85 bits.
Bits per residue: 41.8793

# of segments: 14
Internal segmentation:
0-->8-->21-->33-->44-->49-->64-->68-->80-->83-->98-->116-->127-->128-->142

CPU time used: 1.33 secs.
Wall clock time elapsed: 1 secs.

        SEGMENT          START            END   NUM_RESIDUES MESSAGE_LENGTH                    END_POINTS        INTERMEDIATE_CONTROL_POINTS
              1            A 1            A 9              9        339.606         (32.495, 16.903, 16.966)
                                                                                    (11.067, 18.67, 12.22)

              2            A 9           A 22             14        535.415         (11.067, 18.67, 12.22)
                                                                                    (8.695, 18.706, -5.877)

              3           A 22           A 34             13        506.526         (8.695, 18.706, -5.877)
                                                                                    (23.103, 28.202, 18.237)

              4           A 34           A 45             12        453.875         (23.103, 28.202, 18.237)
                                                                                    (9.158, 28.538, -7.879)

              5           A 45           A 50              6        220.353         (9.158, 28.538, -7.879)
                                                                                    (18.105, 26.887, -15.444)

              6           A 50           A 65             16        615.921         (18.105, 26.887, -15.444)
                                                                                    (30.127, 36.076, 6.839)

              7           A 65           A 69              5        179.657         (30.127, 36.076, 6.839)
                                                                                    (23.302, 24.315, 4.549)

              8           A 69           A 81             13        500.524         (23.302, 24.315, 4.549)
                                                                                    (21.28, 14.241, -21.894)

              9           A 81           A 84              4        140.288         (21.28, 14.241, -21.894)
                                                                                    (17.414, 14.466, -14.657)

             10           A 84           A 99             16        627.816         (17.414, 14.466, -14.657)
                                                                                    (35.088, 30.345, 14.2)

             11           A 99          A 117             19        736.594         (35.088, 30.345, 14.2)
                                                                                    (18.095, 10.294, 2.286)

             12          A 117          A 128             12        469.323         (18.095, 10.294, 2.286)
                                                                                    (34.753, 33.797, -1.25)

             13          A 128          A 129              2        48.0375         (34.753, 33.797, -1.25)
                                                                                    (31.148, 34.676, -2.077)

             14          A 129          A 143             15        572.919         (31.148, 34.676, -2.077)
                                                                                    (31.16, 15.095, -12.077)

