Using structure file: /home/pkas7/Research/SCOP/pdbstyle-1.75B/yc/d2ycix_.ent
Number of residues: 271
Doing a BEZIER segmentation ...

Bounding box volume: 95100.4
Null Model Fit: 12537.3 bits.
Bits per residue: 46.4345

Bezier model fit: 11255.9 bits.
Bits per residue: 41.6884

# of segments: 25
Internal segmentation:
0-->7-->21-->29-->46-->58-->60-->76-->86-->98-->109-->124-->136-->141-->159-->161-->175-->196-->211-->214-->230-->231-->240-->255-->262-->270

CPU time used: 2.59 secs.
Wall clock time elapsed: 2 secs.

        SEGMENT          START            END   NUM_RESIDUES MESSAGE_LENGTH                    END_POINTS        INTERMEDIATE_CONTROL_POINTS
              1           X -7            X 0              8        306.749         (18.131, 11.3, 0.62)
                                                                                    (16.042, -0.263, 13.236)

              2            X 0           X 14             15        580.264         (16.042, -0.263, 13.236)
                                                                                    (-16.874, 1.534, 24.14)

              3           X 14           X 22              9        345.312         (-16.874, 1.534, 24.14)
                                                                                    (-16.984, -2.085, 35.595)

              4           X 22           X 39             18        693.712         (-16.984, -2.085, 35.595)
                                                                                    (3.554, -7.945, 16.976)

              5           X 39           X 51             13        503.674         (3.554, -7.945, 16.976)
                                                                                    (-15.38, 11.111, 35.633)

              6           X 51           X 53              3        96.9061         (-15.38, 11.111, 35.633)
                                                                                    (-9.795, 9.703, 39.029)

              7           X 53           X 69             17        649.935         (-9.795, 9.703, 39.029)
                                                                                    (2.038, -9.452, 28.565)

              8           X 69           X 79             11        423.717         (2.038, -9.452, 28.565)
                                                                                    (-3.182, 14.683, 32.498)

              9           X 79           X 91             13        497.607         (-3.182, 14.683, 32.498)
                                                                                    (7.581, -2.317, 34.5)

             10           X 91          X 102             12        464.846         (7.581, -2.317, 34.5)
                                                                                    (3.813, 24.607, 24.642)

             11          X 102          X 117             16        613.245         (3.813, 24.607, 24.642)
                                                                                    (13.88, 6.834, 31.643)

             12          X 117          X 129             13        508.317         (13.88, 6.834, 31.643)
                                                                                    (-3.221, 26.165, 16.949)

             13          X 129          X 134              6        225.259         (-3.221, 26.165, 16.949)
                                                                                    (5.8, 21.633, 6.86)

             14          X 134          X 152             19        711.315         (5.8, 21.633, 6.86)
                                                                                    (19.319, 15.823, 28.717)

             15          X 152          X 154              3        96.9061         (19.319, 15.823, 28.717)
                                                                                    (18.876, 11.572, 24.01)

             16          X 154          X 168             15        565.756         (18.876, 11.572, 24.01)
                                                                                    (-11.215, 14.242, 3.809)

             17          X 168          X 189             22        858.264         (-11.215, 14.242, 3.809)
                                                                                    (22.812, 13.163, 14.796)

             18          X 189          X 204             16        619.217         (22.812, 13.163, 14.796)
                                                                                    (-14.64, 9.387, 9.151)

             19          X 204          X 207              4         144.59         (-14.64, 9.387, 9.151)
                                                                                    (-12.197, 2.485, 3.465)

             20          X 207          X 223             17        648.575         (-12.197, 2.485, 3.465)
                                                                                    (11.602, 8.165, 7.146)

             21          X 223          X 224              2        49.4716         (11.602, 8.165, 7.146)
                                                                                    (8.894, 7.298, 9.757)

             22          X 224          X 233             10        395.108         (8.894, 7.298, 9.757)
                                                                                    (-5.282, -4.942, 10.749)

             23          X 233          X 248             16        605.709         (-5.282, -4.942, 10.749)
                                                                                    (16.469, -2.601, 2.848)

             24          X 248          X 255              8        308.063         (16.469, -2.601, 2.848)
                                                                                    (8.595, -15.464, 4.836)

             25          X 255          X 263              9        343.352         (8.595, -15.464, 4.836)
                                                                                    (11.171, -8.595, 15.313)

