Using structure file: /home/pkas7/Research/SCOP/pdbstyle-1.75B/yx/d2yx6a_.ent
Number of residues: 110
Doing a BEZIER segmentation ...

Bounding box volume: 32564.2
Null Model Fit: 4892.83 bits.
Bits per residue: 44.8884

Bezier model fit: 4606.49 bits.
Bits per residue: 42.2614

# of segments: 13
Internal segmentation:
0-->6-->22-->35-->46-->47-->57-->65-->67-->78-->84-->88-->98-->109

CPU time used: 0.96 secs.
Wall clock time elapsed: 0 secs.

        SEGMENT          START            END   NUM_RESIDUES MESSAGE_LENGTH                    END_POINTS        INTERMEDIATE_CONTROL_POINTS
              1            A 1            A 7              7        259.283         (-3.113, 10.056, 1.842)
                                                                                    (-14.671, -1.892, 11.083)

              2            A 7           A 23             17        683.552         (-14.671, -1.892, 11.083)
                                                                                    (-18.381, -9.464, 5.266)

              3           A 23           A 36             14        550.518         (-18.381, -9.464, 5.266)
                                                                                    (-1.411, 14.207, 11.326)

              4           A 36           A 47             12        456.159         (-1.411, 14.207, 11.326)
                                                                                    (-26.554, -4.156, 0.53)

              5           A 47           A 53              2        47.9254         (-26.554, -4.156, 0.53)
                                                                                    (-15.616, -6.256, -7.479)

              6           A 53           A 63             11        419.223         (-15.616, -6.256, -7.479)
                                                                                    (-10.412, 7.849, -2.69)

              7           A 63           A 71              9        340.413         (-10.412, 7.849, -2.69)
                                                                                    (-8.059, -11.188, 6.843)

              8           A 71           A 73              3        93.8138         (-8.059, -11.188, 6.843)
                                                                                    (-9.032, -13.126, 0.268)

              9           A 73           A 84             12        453.203         (-9.032, -13.126, 0.268)
                                                                                    (-3.695, 0.618, -7.902)

             10           A 84           A 90              7        250.925         (-3.695, 0.618, -7.902)
                                                                                    (-2.634, -9.103, 9.585)

             11           A 90           A 94              5        179.377         (-2.634, -9.103, 9.585)
                                                                                    (-8.567, -0.621, 17.914)

             12           A 94          A 104             11        417.971         (-8.567, -0.621, 17.914)
                                                                                    (4.997, 5.735, 13.109)

             13          A 104          A 115             12        454.124         (4.997, 5.735, 13.109)
                                                                                    (-4.409, -20.173, 10.37)

