Using structure file: /home/pkas7/Research/SCOP/pdbstyle-1.75B/zb/d2zbla_.ent
Number of residues: 416
Doing a BEZIER segmentation ...

Bounding box volume: 127879
Null Model Fit: 19447.6 bits.
Bits per residue: 46.8618

Bezier model fit: 17415.8 bits.
Bits per residue: 41.9658

# of segments: 40
Internal segmentation:
0-->6-->28-->41-->42-->48-->66-->67-->89-->95-->108-->126-->143-->150-->159-->160-->168-->169-->187-->211-->212-->219-->233-->245-->266-->270-->293-->294-->299-->313-->332-->333-->355-->362-->363-->376-->393-->394-->403-->414-->415

CPU time used: 4.34 secs.
Wall clock time elapsed: 4 secs.

        SEGMENT          START            END   NUM_RESIDUES MESSAGE_LENGTH                    END_POINTS        INTERMEDIATE_CONTROL_POINTS
              1            A 1            A 7              7        274.228         (-15.092, -17.523, -6.742)
                                                                                    (-11.888, -6.236, 0.826)

              2            A 7           A 29             23        873.906         (-11.888, -6.236, 0.826)
                                                                                    (-29.22, -4.778, 32.84)

              3           A 29           A 42             14        568.505         (-29.22, -4.778, 32.84)
                                                                                    (-34.972, -8.629, 27.495)

              4           A 42           A 43              2        49.8988         (-34.972, -8.629, 27.495)
                                                                                    (-36.618, -11.847, 28.696)

              5           A 43           A 49              7        266.901         (-36.618, -11.847, 28.696)
                                                                                    (-26.513, -15.585, 33.365)

              6           A 49           A 67             19        722.337         (-26.513, -15.585, 33.365)
                                                                                    (-13.341, 1.799, 17.313)

              7           A 67           A 68              2        49.8988         (-13.341, 1.799, 17.313)
                                                                                    (-17.087, 1.661, 18.016)

              8           A 68           A 90             23        893.199         (-17.087, 1.661, 18.016)
                                                                                    (-18.1, -15.262, 50.2)

              9           A 90           A 96              7        269.345         (-18.1, -15.262, 50.2)
                                                                                    (-24.438, -19.219, 37.545)

             10           A 96          A 109             14        565.289         (-24.438, -19.219, 37.545)
                                                                                    (-20.29, -24.083, 36.597)

             11          A 109          A 127             19        715.323         (-20.29, -24.083, 36.597)
                                                                                    (-6.516, -1.589, 28.307)

             12          A 127          A 144             18        696.921         (-6.516, -1.589, 28.307)
                                                                                    (-8.064, -23.486, 42.473)

             13          A 144          A 151              8        308.896         (-8.064, -23.486, 42.473)
                                                                                    (-6.062, -35.099, 36.217)

             14          A 151          A 160             10        389.589         (-6.062, -35.099, 36.217)
                                                                                    (-21.879, -22.839, 45.666)

             15          A 160          A 161              2        49.8988         (-21.879, -22.839, 45.666)
                                                                                    (-19.455, -23.471, 48.543)

             16          A 161          A 169              9        339.622         (-19.455, -23.471, 48.543)
                                                                                    (-16.192, -34.734, 33.282)

             17          A 169          A 170              2        49.8988         (-16.192, -34.734, 33.282)
                                                                                    (-17.179, -32.77, 30.177)

             18          A 170          A 188             19        733.785         (-17.179, -32.77, 30.177)
                                                                                    (0.458, -13.367, 29.486)

             19          A 188          A 212             25        978.284         (0.458, -13.367, 29.486)
                                                                                    (-14.105, -43.014, 17.099)

             20          A 212          A 213              2        49.8988         (-14.105, -43.014, 17.099)
                                                                                    (-14.097, -41.812, 13.469)

             21          A 213          A 220              8        305.083         (-14.097, -41.812, 13.469)
                                                                                    (-17.037, -38.834, 30.798)

             22          A 220          A 234             15        601.088         (-17.037, -38.834, 30.798)
                                                                                    (-32.804, -35.867, 27.526)

             23          A 234          A 246             13        523.262         (-32.804, -35.867, 27.526)
                                                                                    (-21.199, -32.133, 15.356)

             24          A 246          A 267             22        830.761         (-21.199, -32.133, 15.356)
                                                                                    (9.047, -20.247, 15.809)

             25          A 267          A 271              5         183.82         (9.047, -20.247, 15.809)
                                                                                    (2.615, -31.119, 16.498)

             26          A 271          A 294             24        920.551         (2.615, -31.119, 16.498)
                                                                                    (-33.106, -34.459, 2.729)

             27          A 294          A 295              2        49.8988         (-33.106, -34.459, 2.729)
                                                                                    (-32.697, -30.73, 3.375)

             28          A 295          A 300              6        226.279         (-32.697, -30.73, 3.375)
                                                                                    (-27.873, -30.757, 16.192)

             29          A 300          A 314             15        608.036         (-27.873, -30.757, 16.192)
                                                                                    (-29.364, -24.515, 15.646)

             30          A 314          A 333             20        773.555         (-29.364, -24.515, 15.646)
                                                                                    (-4.812, -23.264, 0.706)

             31          A 333          A 334              2        49.8988         (-4.812, -23.264, 0.706)
                                                                                    (-7.38, -25.792, -0.479)

             32          A 334          A 356             23        900.061         (-7.38, -25.792, -0.479)
                                                                                    (-36.691, -7.781, 10.016)

             33          A 356          A 363              8        306.606         (-36.691, -7.781, 10.016)
                                                                                    (-33.08, -22.361, 15.715)

             34          A 363          A 364              2        49.8988         (-33.08, -22.361, 15.715)
                                                                                    (-34.89, -23.798, 12.692)

             35          A 364          A 377             14        569.097         (-34.89, -23.798, 12.692)
                                                                                    (-34.889, -16.464, 21.864)

             36          A 377          A 394             18        706.273         (-34.889, -16.464, 21.864)
                                                                                    (-4.686, -14.209, 11.166)

             37          A 394          A 395              2        49.8988         (-4.686, -14.209, 11.166)
                                                                                    (-5.039, -17.297, 13.39)

             38          A 395          A 404             10        394.376         (-5.039, -17.297, 13.39)
                                                                                    (-6.513, -4.855, 19.251)

             39          A 404          A 420             12        471.848         (-6.513, -4.855, 19.251)
                                                                                    (-5.023, -17.21, -11.578)

             40          A 420          A 421              2        49.8988         (-5.023, -17.21, -11.578)
                                                                                    (-1.46, -17.891, -10.429)

