Using structure file: /home/pkas7/Research/SCOP/pdbstyle-1.75B/ar/d3arch_.ent
Number of residues: 65
Doing a BEZIER segmentation ...

Bounding box volume: 50267.4
Null Model Fit: 2912.94 bits.
Bits per residue: 45.5147

Bezier model fit: 2644.56 bits.
Bits per residue: 41.3212

# of segments: 6
Internal segmentation:
0-->4-->22-->23-->49-->51-->64

CPU time used: 0.48 secs.
Wall clock time elapsed: 0 secs.

        SEGMENT          START            END   NUM_RESIDUES MESSAGE_LENGTH                    END_POINTS        INTERMEDIATE_CONTROL_POINTS
              1            H 2            H 6              5        179.379         (6.551, -39.548, 130.861)
                                                                                    (18.504, -33.476, 132.548)

              2            H 6           H 24             19        732.255         (18.504, -33.476, 132.548)
                                                                                    (16.498, -66.33, 150.323)

              3           H 24           H 25              2        48.5518         (16.498, -66.33, 150.323)
                                                                                    (17.5, -65.203, 153.824)

              4           H 25           H 51             27        1029.23         (17.5, -65.203, 153.824)
                                                                                    (19.956, -45.555, 188.087)

              5           H 51           H 53              3        95.0664         (19.956, -45.555, 188.087)
                                                                                    (23.003, -49.468, 186.223)

              6           H 53           H 66             14        560.077         (23.003, -49.468, 186.223)
                                                                                    (30.46, -28.356, 187.043)

