Using structure file: /home/pkas7/Research/SCOP/pdbstyle-1.75B/at/d3atya_.ent
Number of residues: 379
Doing a BEZIER segmentation ...

Bounding box volume: 98457.6
Null Model Fit: 17571.2 bits.
Bits per residue: 46.4846

Bezier model fit: 15895.5 bits.
Bits per residue: 42.0515

# of segments: 36
Internal segmentation:
0-->1-->13-->19-->33-->40-->52-->53-->65-->70-->78-->96-->107-->113-->123-->138-->151-->152-->163-->187-->207-->219-->241-->254-->255-->262-->278-->291-->306-->315-->316-->327-->339-->350-->360-->364-->378

CPU time used: 3.89 secs.
Wall clock time elapsed: 3 secs.

        SEGMENT          START            END   NUM_RESIDUES MESSAGE_LENGTH                    END_POINTS        INTERMEDIATE_CONTROL_POINTS
              1            A 1            A 2              2        49.5216         (1.021, -11.351, 19.996)
                                                                                    (2.328, -14.3, 21.999)

              2            A 2           A 14             13        500.237         (2.328, -14.3, 21.999)
                                                                                    (18.02, 6.703, 14.059)

              3           A 14           A 20              7        257.284         (18.02, 6.703, 14.059)
                                                                                    (7.775, -3.404, 15.574)

              4           A 20           A 34             15        593.461         (7.775, -3.404, 15.574)
                                                                                    (9.163, 4.994, -18.456)

              5           A 34           A 41              8        309.042         (9.163, 4.994, -18.456)
                                                                                    (0.779, 7.597, -7.671)

              6           A 41           A 53             13        489.368         (0.779, 7.597, -7.671)
                                                                                    (1.766, -1.077, 9.474)

              7           A 53           A 54              2        49.5216         (1.766, -1.077, 9.474)
                                                                                    (5.333, -2.275, 8.872)

              8           A 54           A 66             13        496.141         (5.333, -2.275, 8.872)
                                                                                    (18.759, 11.451, -14.553)

              9           A 66           A 71              6        221.484         (18.759, 11.451, -14.553)
                                                                                    (14.842, -1.396, -14.37)

             10           A 71           A 79              9        347.742         (14.842, -1.396, -14.37)
                                                                                    (13.075, 15.913, -10.715)

             11           A 79           A 97             19        720.656         (13.075, 15.913, -10.715)
                                                                                    (1.387, 6.252, 11.394)

             12           A 97          A 108             12         453.49         (1.387, 6.252, 11.394)
                                                                                    (26.293, 1.156, -12.645)

             13          A 108          A 114              7        263.401         (26.293, 1.156, -12.645)
                                                                                    (19.317, 0.559, -25.276)

             14          A 114          A 124             11        428.875         (19.317, 0.559, -25.276)
                                                                                    (26.94, 20.579, -19.981)

             15          A 124          A 139             16        643.741         (26.94, 20.579, -19.981)
                                                                                    (28.256, -8.485, -16.678)

             16          A 139          A 152             14        557.427         (28.256, -8.485, -16.678)
                                                                                    (10.719, -6.674, -23.259)

             17          A 152          A 153              2        49.5216         (10.719, -6.674, -23.259)
                                                                                    (12.966, -9.617, -24.107)

             18          A 153          A 164             12        468.556         (12.966, -9.617, -24.107)
                                                                                    (37.519, 8.699, -13.322)

             19          A 164          A 188             25        946.333         (37.519, 8.699, -13.322)
                                                                                    (9.254, 14.222, 3.468)

             20          A 188          A 208             21        838.521         (9.254, 14.222, 3.468)
                                                                                    (36.795, -7.688, -6.271)

             21          A 208          A 220             13         518.65         (36.795, -7.688, -6.271)
                                                                                    (40.194, -2.397, -6.389)

             22          A 220          A 242             23        900.797         (40.194, -2.397, -6.389)
                                                                                    (21.9, 13.703, 9.486)

             23          A 242          A 255             14        546.282         (21.9, 13.703, 9.486)
                                                                                    (26.124, -13.51, -6.618)

             24          A 255          A 256              2        49.5216         (26.124, -13.51, -6.618)
                                                                                    (23.686, -11.698, -8.91)

             25          A 256          A 263              8        301.512         (23.686, -11.698, -8.91)
                                                                                    (37.317, -12.705, 1.12)

             26          A 263          A 279             17         658.62         (37.317, -12.705, 1.12)
                                                                                    (26.382, 6.419, 13.862)

             27          A 279          A 292             14        539.844         (26.382, 6.419, 13.862)
                                                                                    (22.233, -20.039, -3.774)

             28          A 292          A 307             16         633.71         (22.233, -20.039, -3.774)
                                                                                    (27.566, -1.829, 17.274)

             29          A 307          A 316             10        387.512         (27.566, -1.829, 17.274)
                                                                                    (13.459, -15.373, 6.878)

             30          A 316          A 317              2        49.5216         (13.459, -15.373, 6.878)
                                                                                    (10.096, -16.345, 8.332)

             31          A 317          A 328             12        456.893         (10.096, -16.345, 8.332)
                                                                                    (20.555, -10.541, 19.988)

             32          A 328          A 340             13        506.486         (20.555, -10.541, 19.988)
                                                                                    (4.752, -8.272, -1.69)

             33          A 340          A 351             12        472.772         (4.752, -8.272, -1.69)
                                                                                    (-2.279, -13.283, 15.279)

             34          A 351          A 361             11        416.504         (-2.279, -13.283, 15.279)
                                                                                    (5.772, -14.58, -11.85)

             35          A 361          A 365              5         185.81         (5.772, -14.58, -11.85)
                                                                                    (3.56, -6.651, -14.434)

             36          A 365          A 379             15        586.703         (3.56, -6.651, -14.434)
                                                                                    (-10.836, -10.444, 2.676)

