Using structure file: /home/pkas7/Research/SCOP/pdbstyle-1.75B/bw/d3bwga1.ent
Number of residues: 78
Doing a BEZIER segmentation ...

Bounding box volume: 23895.5
Null Model Fit: 3422.02 bits.
Bits per residue: 44.4418

Bezier model fit: 3225.17 bits.
Bits per residue: 41.8853

# of segments: 10
Internal segmentation:
0-->14-->16-->25-->32-->34-->49-->56-->67-->74-->77

CPU time used: 0.63 secs.
Wall clock time elapsed: 0 secs.

        SEGMENT          START            END   NUM_RESIDUES MESSAGE_LENGTH                    END_POINTS        INTERMEDIATE_CONTROL_POINTS
              1            A 5           A 19             15        566.282         (-7.326, 9.608, 23.901)
                                                                                    (0.047, -1.748, 7.624)

              2           A 19           A 21              3        92.9207         (0.047, -1.748, 7.624)
                                                                                    (3.753, 3.353, 5.994)

              3           A 21           A 30             10         378.21         (3.753, 3.353, 5.994)
                                                                                    (-14.496, 14.763, 8.394)

              4           A 30           A 37              8         303.25         (-14.496, 14.763, 8.394)
                                                                                    (-18.225, 8.956, 15.91)

              5           A 37           A 39              3        92.9207         (-18.225, 8.956, 15.91)
                                                                                    (-16.797, 16.023, 17.325)

              6           A 39           A 54             16        607.435         (-16.797, 16.023, 17.325)
                                                                                    (5.372, 10.657, 16.828)

              7           A 54           A 61              8        293.097         (5.372, 10.657, 16.828)
                                                                                    (-3.293, 22.178, 3.371)

              8           A 61           A 72             12        449.886         (-3.293, 22.178, 3.371)
                                                                                    (13.309, -3.156, 13.786)

              9           A 72           A 79              8        302.553         (13.309, -3.156, 13.786)
                                                                                    (8.096, 5.242, 27.918)

             10           A 79           A 82              4        138.612         (8.096, 5.242, 27.918)
                                                                                    (5.693, 3.189, 22.076)

