Using structure file: /home/pkas7/Research/SCOP/pdbstyle-1.75B/c9/d3c9ua1.ent
Number of residues: 137
Doing a BEZIER segmentation ...

Bounding box volume: 40471.6
Null Model Fit: 6147.47 bits.
Bits per residue: 45.202

Bezier model fit: 5636.27 bits.
Bits per residue: 41.4431

# of segments: 15
Internal segmentation:
0-->6-->19-->25-->33-->47-->55-->74-->78-->89-->92-->111-->113-->121-->122-->136

CPU time used: 1.26 secs.
Wall clock time elapsed: 1 secs.

        SEGMENT          START            END   NUM_RESIDUES MESSAGE_LENGTH                    END_POINTS        INTERMEDIATE_CONTROL_POINTS
              1            A 1            A 7              7        268.773         (23.602, 34.381, 139.207)
                                                                                    (18.463, 36.233, 130.292)

              2            A 7           A 20             14         532.67         (18.463, 36.233, 130.292)
                                                                                    (9.787, 51.472, 139.705)

              3           A 20           A 26              7        264.917         (9.787, 51.472, 139.705)
                                                                                    (7.623, 49.548, 124.504)

              4           A 26           A 34              9        336.012         (7.623, 49.548, 124.504)
                                                                                    (3.871, 70.574, 125.038)

              5           A 34           A 48             15        550.873         (3.871, 70.574, 125.038)
                                                                                    (31.138, 41.286, 116.314)

              6           A 48           A 56              9        338.117         (31.138, 41.286, 116.314)
                                                                                    (31.259, 49.055, 104.139)

              7           A 56           A 75             20        760.597         (31.259, 49.055, 104.139)
                                                                                    (5.025, 53.433, 117.945)

              8           A 75           A 79              5         181.41         (5.025, 53.433, 117.945)
                                                                                    (12.123, 60.997, 114.057)

              9           A 79           A 90             12         456.41         (12.123, 60.997, 114.057)
                                                                                    (42.671, 54.278, 117.994)

             10           A 90           A 93              4        140.892         (42.671, 54.278, 117.994)
                                                                                    (40.984, 54.647, 109.795)

             11           A 93          A 112             20        760.224         (40.984, 54.647, 109.795)
                                                                                    (14.021, 63.917, 107.807)

             12          A 112          A 114              3         94.441         (14.021, 63.917, 107.807)
                                                                                    (19.207, 65.381, 112.301)

             13          A 114          A 122              9        332.651         (19.207, 65.381, 112.301)
                                                                                    (38.47, 55.036, 123.114)

             14          A 122          A 123              2         48.239         (38.47, 55.036, 123.114)
                                                                                    (37.813, 51.293, 122.888)

             15          A 123          A 137             15        570.039         (37.813, 51.293, 122.888)
                                                                                    (0.179, 63.104, 118.134)

