Using structure file: /home/pkas7/Research/SCOP/pdbstyle-1.75B/ct/d3ctaa2.ent
Number of residues: 102
Doing a BEZIER segmentation ...

Bounding box volume: 35016.4
Null Model Fit: 4544.3 bits.
Bits per residue: 44.9931

Bezier model fit: 4290.59 bits.
Bits per residue: 42.4811

# of segments: 15
Internal segmentation:
0-->8-->10-->12-->22-->26-->27-->33-->46-->54-->70-->80-->84-->92-->93-->101

CPU time used: 0.88 secs.
Wall clock time elapsed: 0 secs.

        SEGMENT          START            END   NUM_RESIDUES MESSAGE_LENGTH                    END_POINTS        INTERMEDIATE_CONTROL_POINTS
              1           A 90           A 98              9        332.391         (44.307, 19.623, 20.485)
                                                                                    (34.136, 26.817, 43.695)

              2           A 98          A 100              3        94.0233         (34.136, 26.817, 43.695)
                                                                                    (36.615, 24.747, 48.948)

              3          A 100          A 114              3        94.0233         (36.615, 24.747, 48.948)
                                                                                    (59.848, 12.131, 46.839)

              4          A 114          A 124             11        420.368         (59.848, 12.131, 46.839)
                                                                                    (60.51, 23.277, 37.34)

              5          A 124          A 128              5        181.434         (60.51, 23.277, 37.34)
                                                                                    (53.807, 25.447, 48.099)

              6          A 128          A 132              2        48.0302         (53.807, 25.447, 48.099)
                                                                                    (44.537, 24.534, 46.681)

              7          A 132          A 138              7        257.704         (44.537, 24.534, 46.681)
                                                                                    (28.208, 19.63, 37.749)

              8          A 138          A 151             14        536.611         (28.208, 19.63, 37.749)
                                                                                    (48.096, 11.176, 30.724)

              9          A 151          A 159              9         339.27         (48.096, 11.176, 30.724)
                                                                                    (57.995, 2.063, 47.488)

             10          A 159          A 177             17        674.585         (57.995, 2.063, 47.488)
                                                                                    (46.292, 33.564, 33.653)

             11          A 177          A 187             11        418.403         (46.292, 33.564, 33.653)
                                                                                    (44.698, 5.277, 39.359)

             12          A 187          A 191              5         180.98         (44.698, 5.277, 39.359)
                                                                                    (35.405, 12.937, 42.567)

             13          A 191          A 199              9        324.171         (35.405, 12.937, 42.567)
                                                                                    (55.007, 27.784, 42.576)

             14          A 199          A 212              2        48.0302         (55.007, 27.784, 42.576)
                                                                                    (34.984, 32.064, 45.463)

             15          A 212          A 220              9        340.565         (34.984, 32.064, 45.463)
                                                                                    (46.172, 18.248, 27.823)

