Using structure file: /home/pkas7/Research/SCOP/pdbstyle-1.75B/f0/d3f08a_.ent
Number of residues: 137
Doing a BEZIER segmentation ...

Bounding box volume: 44142.4
Null Model Fit: 6164.5 bits.
Bits per residue: 45.3272

Bezier model fit: 5622.99 bits.
Bits per residue: 41.3455

# of segments: 13
Internal segmentation:
0-->10-->21-->31-->40-->50-->58-->63-->77-->81-->94-->108-->112-->136

CPU time used: 1.26 secs.
Wall clock time elapsed: 1 secs.

        SEGMENT          START            END   NUM_RESIDUES MESSAGE_LENGTH                    END_POINTS        INTERMEDIATE_CONTROL_POINTS
              1            A 2           A 12             11        418.358         (57.875, 28.713, 6.373)
                                                                                    (57.497, 12.372, -20.311)

              2           A 12           A 23             12          463.8         (57.497, 12.372, -20.311)
                                                                                    (44.793, 11.807, -9.517)

              3           A 23           A 33             11        432.642         (44.793, 11.807, -9.517)
                                                                                    (56.678, 7.077, 0.567)

              4           A 33           A 42             10        376.878         (56.678, 7.077, 0.567)
                                                                                    (33.391, 11.456, -2.669)

              5           A 42           A 52             11        404.711         (33.391, 11.456, -2.669)
                                                                                    (55.994, 3.099, 8.747)

              6           A 52           A 60              9        336.961         (55.994, 3.099, 8.747)
                                                                                    (41.753, 18.284, -1.823)

              7           A 60           A 65              6        210.682         (41.753, 18.284, -1.823)
                                                                                    (43.039, 19.581, -15.113)

              8           A 65           A 79             15        592.757         (43.039, 19.581, -15.113)
                                                                                    (55.042, 15.778, 10.877)

              9           A 79           A 83              5         180.88         (55.042, 15.778, 10.877)
                                                                                    (48.433, 24.879, 8.691)

             10           A 83           A 96             14        533.711         (48.433, 24.879, 8.691)
                                                                                    (57.187, 18.44, -25.9)

             11           A 96          A 110             15        559.686         (57.187, 18.44, -25.9)
                                                                                    (55.403, 22.988, 15.622)

             12          A 110          A 114              5        174.551         (55.403, 22.988, 15.622)
                                                                                    (62.071, 26.294, 10.536)

             13          A 114          A 138             25        937.368         (62.071, 26.294, 10.536)
                                                                                    (61.791, 2.498, -17.068)

