Using structure file: /home/pkas7/Research/SCOP/pdbstyle-1.75B/fb/d3fbka_.ent
Number of residues: 138
Doing a BEZIER segmentation ...

Bounding box volume: 35918
Null Model Fit: 6169.08 bits.
Bits per residue: 45.0298

Bezier model fit: 5847.69 bits.
Bits per residue: 42.6839

# of segments: 15
Internal segmentation:
0-->6-->13-->24-->29-->34-->45-->49-->60-->68-->76-->85-->111-->116-->126-->137

CPU time used: 1.26 secs.
Wall clock time elapsed: 1 secs.

        SEGMENT          START            END   NUM_RESIDUES MESSAGE_LENGTH                    END_POINTS        INTERMEDIATE_CONTROL_POINTS
              1           A 32           A 38              7        263.196         (1.541, 9.366, 28.637)
                                                                                    (-9.747, -3.566, 23.931)

              2           A 38           A 45              8        296.097         (-9.747, -3.566, 23.931)
                                                                                    (-1.504, -19.366, 8.416)

              3           A 45           A 56             12        456.498         (-1.504, -19.366, 8.416)
                                                                                    (-12.261, 3.71, 26.846)

              4           A 56           A 61              6        214.299         (-12.261, 3.71, 26.846)
                                                                                    (-5.783, 17.296, 22.975)

              5           A 61           A 66              6        225.368         (-5.783, 17.296, 22.975)
                                                                                    (-13.997, 13.184, 20.113)

              6           A 66           A 77             12        472.163         (-13.997, 13.184, 20.113)
                                                                                    (6.344, 0.581, 4.995)

              7           A 77           A 81              5        183.022         (6.344, 0.581, 4.995)
                                                                                    (-2.483, -0.145, 0.192)

              8           A 81           A 92             12          463.4         (-2.483, -0.145, 0.192)
                                                                                    (-17.763, 9.349, 22.042)

              9           A 92          A 100              9        331.721         (-17.763, 9.349, 22.042)
                                                                                    (-12.993, -7.746, 12.687)

             10          A 100          A 108              9        340.837         (-12.993, -7.746, 12.687)
                                                                                    (9.169, -10.373, 4.239)

             11          A 108          A 117             10        384.736         (9.169, -10.373, 4.239)
                                                                                    (-3.57, 3.861, 15.863)

             12          A 117          A 143             27        1104.58         (-3.57, 3.861, 15.863)
                                                                                    (4.334, -17.304, 17.818)

             13          A 143          A 150              6        220.676         (4.334, -17.304, 17.818)
                                                                                    (-7.877, -7.763, 26.391)

             14          A 150          A 160             11        431.259         (-7.877, -7.763, 26.391)
                                                                                    (3.53, 3.426, 20.617)

             15          A 160          A 171             12        459.837         (3.53, 3.426, 20.617)
                                                                                    (-6.183, -11.341, 39.131)

