Using structure file: /home/pkas7/Research/SCOP/pdbstyle-1.75B/fg/d3fgya_.ent
Number of residues: 135
Doing a BEZIER segmentation ...

Bounding box volume: 43767.5
Null Model Fit: 6072.2 bits.
Bits per residue: 45.3149

Bezier model fit: 5586.17 bits.
Bits per residue: 41.6878

# of segments: 12
Internal segmentation:
0-->20-->30-->40-->49-->64-->70-->77-->90-->103-->110-->123-->134

CPU time used: 1.24 secs.
Wall clock time elapsed: 1 secs.

        SEGMENT          START            END   NUM_RESIDUES MESSAGE_LENGTH                    END_POINTS        INTERMEDIATE_CONTROL_POINTS
              1            A 0           A 20             21        812.747         (25.054, 60.658, 35.273)
                                                                                    (53.914, 45.388, 27.003)

              2           A 20           A 30             11        427.901         (53.914, 45.388, 27.003)
                                                                                    (39.582, 42.517, 36.627)

              3           A 30           A 40             11        414.361         (39.582, 42.517, 36.627)
                                                                                    (36.114, 32.301, 12.784)

              4           A 40           A 49             10        378.829         (36.114, 32.301, 12.784)
                                                                                    (40.952, 35.679, 33.309)

              5           A 49           A 64             16        608.551         (40.952, 35.679, 33.309)
                                                                                    (49.109, 39.233, 13.048)

              6           A 64           A 70              7        257.044         (49.109, 39.233, 13.048)
                                                                                    (44.822, 57.323, 13.697)

              7           A 70           A 77              8        289.852         (44.822, 57.323, 13.697)
                                                                                    (28.496, 56.824, 29.557)

              8           A 77           A 90             14        527.919         (28.496, 56.824, 29.557)
                                                                                    (48.726, 41.546, 7.776)

              9           A 90          A 103             14        565.019         (48.726, 41.546, 7.776)
                                                                                    (34.368, 48.89, 18.098)

             10          A 103          A 110              8        291.268         (34.368, 48.89, 18.098)
                                                                                    (35.878, 49.181, 40.594)

             11          A 110          A 123             14        534.423         (35.878, 49.181, 40.594)
                                                                                    (34.265, 38.058, 7.076)

             12          A 123          A 134             12        478.251         (34.265, 38.058, 7.076)
                                                                                    (42.678, 27.622, 15.788)

