Using structure file: /home/pkas7/Research/SCOP/pdbstyle-1.75B/h2/d3h2ve_.ent
Number of residues: 74
Doing a BEZIER segmentation ...

Bounding box volume: 14355
Null Model Fit: 3190.58 bits.
Bits per residue: 43.7066

Bezier model fit: 3037.84 bits.
Bits per residue: 41.6143

# of segments: 8
Internal segmentation:
0-->11-->12-->25-->27-->35-->45-->60-->73

CPU time used: 0.59 secs.
Wall clock time elapsed: 0 secs.

        SEGMENT          START            END   NUM_RESIDUES MESSAGE_LENGTH                    END_POINTS        INTERMEDIATE_CONTROL_POINTS
              1           E 57           E 68             12        454.474         (-30.389, 0.698, -26.224)
                                                                                    (-6.94, 0.251, -7.674)

              2           E 68           E 69              2        46.7437         (-6.94, 0.251, -7.674)
                                                                                    (-5.475, 3.733, -7.824)

              3           E 69           E 82             14        547.662         (-5.475, 3.733, -7.824)
                                                                                    (-17.523, 11.046, -25.792)

              4           E 82           E 84              3        91.4503         (-17.523, 11.046, -25.792)
                                                                                    (-20.055, 12.363, -20.332)

              5           E 84           E 92              9        327.316         (-20.055, 12.363, -20.332)
                                                                                    (-13.088, 0.394, -3.693)

              6           E 92          E 102             11        405.188         (-13.088, 0.394, -3.693)
                                                                                    (-27.049, 8.672, -26.419)

              7          E 102          E 117             16        619.845         (-27.049, 8.672, -26.419)
                                                                                    (-6.188, -2.576, -21.329)

              8          E 117          E 130             14        545.161         (-6.188, -2.576, -21.329)
                                                                                    (-30.78, -3.327, -16.399)

