Using structure file: /home/pkas7/Research/SCOP/pdbstyle-1.75B/i3/d3i35a_.ent
Number of residues: 57
Doing a BEZIER segmentation ...

Bounding box volume: 7022.84
Null Model Fit: 2389.81 bits.
Bits per residue: 42.6752

Bezier model fit: 2367.12 bits.
Bits per residue: 42.27

# of segments: 9
Internal segmentation:
0-->6-->13-->21-->26-->31-->41-->47-->49-->56

CPU time used: 0.39 secs.
Wall clock time elapsed: 0 secs.

        SEGMENT          START            END   NUM_RESIDUES MESSAGE_LENGTH                    END_POINTS        INTERMEDIATE_CONTROL_POINTS
              1          A 205          A 211              7        256.847         (1.075, 16.847, 16.945)
                                                                                    (7.747, 32.167, 8.306)

              2          A 211          A 218              8        299.807         (7.747, 32.167, 8.306)
                                                                                    (19.977, 17.55, 3.636)

              3          A 218          A 226              9        331.039         (19.977, 17.55, 3.636)
                                                                                    (1.198, 28.872, 6.383)

              4          A 226          A 231              6        211.545         (1.198, 28.872, 6.383)
                                                                                    (3.91, 14.18, 13.163)

              5          A 231          A 236              6        215.331         (3.91, 14.18, 13.163)
                                                                                    (16.045, 19.739, 21.379)

              6          A 236          A 246             11        408.327         (16.045, 19.739, 21.379)
                                                                                    (2.251, 20.124, 1.263)

              7          A 246          A 252              7        256.329         (2.251, 20.124, 1.263)
                                                                                    (14.613, 18.853, 11.044)

              8          A 252          A 254              3        89.3875         (14.613, 18.853, 11.044)
                                                                                    (13.721, 25.271, 13.604)

              9          A 254          A 261              8        298.505         (13.721, 25.271, 13.604)
                                                                                    (-2.084, 24.678, 16.235)

