Using structure file: /home/pkas7/Research/SCOP/pdbstyle-1.75B/iq/d3iqla_.ent
Number of residues: 66
Doing a BEZIER segmentation ...

Bounding box volume: 16542.2
Null Model Fit: 2854.23 bits.
Bits per residue: 43.9112

Bezier model fit: 2778.58 bits.
Bits per residue: 42.7474

# of segments: 10
Internal segmentation:
0-->2-->12-->18-->28-->29-->37-->47-->53-->59-->65

CPU time used: 0.49 secs.
Wall clock time elapsed: 0 secs.

        SEGMENT          START            END   NUM_RESIDUES MESSAGE_LENGTH                    END_POINTS        INTERMEDIATE_CONTROL_POINTS
              1          A 287          A 289              3        91.8595         (-12.657, 9.316, 20.832)
                                                                                    (-15.449, 3.93, 22.277)

              2          A 289          A 299             11        412.136         (-15.449, 3.93, 22.277)
                                                                                    (-13.824, -3.125, -2.085)

              3          A 299          A 305              7        259.275         (-13.824, -3.125, -2.085)
                                                                                    (-28.542, 6.589, -5.442)

              4          A 305          A 315             11        418.499         (-28.542, 6.589, -5.442)
                                                                                    (-12.06, 2.641, 4.774)

              5          A 315          A 316              2        46.9483         (-12.06, 2.641, 4.774)
                                                                                    (-13.346, 2.002, 8.303)

              6          A 316          A 324              9        346.835         (-13.346, 2.002, 8.303)
                                                                                    (-32.29, -6.545, 5.814)

              7          A 324          A 334             11        415.535         (-32.29, -6.545, 5.814)
                                                                                    (-19.787, 12.365, 8.832)

              8          A 334          A 340              7        264.254         (-19.787, 12.365, 8.832)
                                                                                    (-24.004, -3.852, 1.01)

              9          A 340          A 346              7         264.32         (-24.004, -3.852, 1.01)
                                                                                    (-17.157, -6.764, 10.387)

             10          A 346          A 352              7         258.92         (-17.157, -6.764, 10.387)
                                                                                    (-27.731, -9.588, 18.161)

