Using structure file: /home/pkas7/Research/SCOP/pdbstyle-1.75B/k1/d3k1ea_.ent
Number of residues: 124
Doing a BEZIER segmentation ...

Bounding box volume: 29019.6
Null Model Fit: 5500.82 bits.
Bits per residue: 44.7221

Bezier model fit: 5132.58 bits.
Bits per residue: 41.7283

# of segments: 11
Internal segmentation:
0-->11-->26-->41-->46-->61-->66-->81-->92-->100-->116-->123

CPU time used: 1.12 secs.
Wall clock time elapsed: 1 secs.

        SEGMENT          START            END   NUM_RESIDUES MESSAGE_LENGTH                    END_POINTS        INTERMEDIATE_CONTROL_POINTS
              1            A 2           A 13             12        474.007         (5.446, 31.02, 36.887)
                                                                                    (15.352, 50.027, 33.254)

              2           A 13           A 28             16        617.022         (15.352, 50.027, 33.254)
                                                                                    (0.199, 56.665, 17.527)

              3           A 28           A 43             16        625.292         (0.199, 56.665, 17.527)
                                                                                    (-1.374, 39.144, 32.532)

              4           A 43           A 48              6        222.281         (-1.374, 39.144, 32.532)
                                                                                    (-6.106, 42.195, 20.009)

              5           A 48           A 63             16        604.296         (-6.106, 42.195, 20.009)
                                                                                    (15.742, 48.317, 13.427)

              6           A 63           A 68              6        223.815         (15.742, 48.317, 13.427)
                                                                                    (12.095, 42.405, 3.737)

              7           A 68           A 83             16        626.454         (12.095, 42.405, 3.737)
                                                                                    (21.607, 41.506, 31.222)

              8           A 83           A 94             12        455.506         (21.607, 41.506, 31.222)
                                                                                    (11.57, 27.279, 20.463)

              9           A 94          A 102              9        340.795         (11.57, 27.279, 20.463)
                                                                                    (1.197, 39.346, 7.537)

             10          A 102          A 118             17        643.033         (1.197, 39.346, 7.537)
                                                                                    (9.097, 32.171, 29.792)

             11          A 118          A 125              8        300.082         (9.097, 32.171, 29.792)
                                                                                    (7.395, 47.561, 26.11)

