Using structure file: /home/pkas7/Research/SCOP/pdbstyle-1.75B/k1/d3k1sa_.ent
Number of residues: 109
Doing a BEZIER segmentation ...

Bounding box volume: 31884.3
Null Model Fit: 4844.65 bits.
Bits per residue: 44.8579

Bezier model fit: 4312.14 bits.
Bits per residue: 39.9272

# of segments: 8
Internal segmentation:
0-->1-->6-->35-->39-->68-->77-->106-->108

CPU time used: 0.97 secs.
Wall clock time elapsed: 0 secs.

        SEGMENT          START            END   NUM_RESIDUES MESSAGE_LENGTH                    END_POINTS        INTERMEDIATE_CONTROL_POINTS
              1           A -2           A -1              2         47.895         (10.486, -9.441, 75.166)
                                                                                    (8.267, -12.551, 75.175)

              2           A -1            A 4              6        218.157         (8.267, -12.551, 75.175)
                                                                                    (8.591, -2.569, 66.194)

              3            A 4           A 33             30        1123.69         (8.591, -2.569, 66.194)
                                                                                    (35.18, -30.964, 44.877)

              4           A 33           A 37              5        182.177         (35.18, -30.964, 44.877)
                                                                                    (27.783, -25.59, 43.757)

              5           A 37           A 66             30        1128.88         (27.783, -25.59, 43.757)
                                                                                    (19.328, 11.37, 67.006)

              6           A 66           A 75             10        384.727         (19.328, 11.37, 67.006)
                                                                                    (20.705, -6.331, 69.433)

              7           A 75          A 104             30        1132.86         (20.705, -6.331, 69.433)
                                                                                    (44.918, -28.287, 40.554)

              8          A 104          A 106              3        93.7529         (44.918, -28.287, 40.554)
                                                                                    (46.952, -33.757, 42.601)

