Using structure file: /home/pkas7/Research/SCOP/pdbstyle-1.75B/kr/d3krua_.ent
Number of residues: 335
Doing a BEZIER segmentation ...

Bounding box volume: 100250
Null Model Fit: 15534.5 bits.
Bits per residue: 46.5106

Bezier model fit: 14023.9 bits.
Bits per residue: 41.9878

# of segments: 31
Internal segmentation:
0-->9-->15-->23-->28-->48-->63-->65-->77-->92-->103-->109-->116-->123-->132-->154-->175-->184-->206-->221-->239-->243-->253-->259-->274-->284-->286-->297-->309-->320-->327-->334

CPU time used: 3.42 secs.
Wall clock time elapsed: 3 secs.

        SEGMENT          START            END   NUM_RESIDUES MESSAGE_LENGTH                    END_POINTS        INTERMEDIATE_CONTROL_POINTS
              1            A 2           A 11             10        375.452         (91.718, 13.961, 36.682)
                                                                                    (109.824, 18.454, 22.241)

              2           A 11           A 17              7        261.352         (109.824, 18.454, 22.241)
                                                                                    (96.041, 14.148, 27.968)

              3           A 17           A 25              9        337.692         (96.041, 14.148, 27.968)
                                                                                    (97.347, -4.67, 14.163)

              4           A 25           A 30              6         226.26         (97.347, -4.67, 14.163)
                                                                                    (95.834, -5.097, 1.058)

              5           A 30           A 50             21        828.695         (95.834, -5.097, 1.058)
                                                                                    (89.313, 12.035, 22.911)

              6           A 50           A 65             16        623.005         (89.313, 12.035, 22.911)
                                                                                    (109.137, -7.156, 7.748)

              7           A 65           A 67              3        97.0583         (109.137, -7.156, 7.748)
                                                                                    (103.799, -9.995, 10.377)

              8           A 67           A 79             13        517.178         (103.799, -9.995, 10.377)
                                                                                    (101.569, 4.016, 0.981)

              9           A 79           A 94             16        604.868         (101.569, 4.016, 0.981)
                                                                                    (92.384, 16.701, 18.209)

             10           A 94          A 105             12        453.024         (92.384, 16.701, 18.209)
                                                                                    (112.054, -10.557, 11.596)

             11          A 105          A 111              7        264.878         (112.054, -10.557, 11.596)
                                                                                    (104.529, -18.251, 3.819)

             12          A 111          A 118              8         301.03         (104.529, -18.251, 3.819)
                                                                                    (120.023, -12.43, 13.607)

             13          A 118          A 125              8        308.216         (120.023, -12.43, 13.607)
                                                                                    (107.448, -24.905, 15.761)

             14          A 125          A 134             10        376.053         (107.448, -24.905, 15.761)
                                                                                    (124.843, -10.529, 6.802)

             15          A 134          A 156             23        862.303         (124.843, -10.529, 6.802)
                                                                                    (102.655, 14.179, 8.73)

             16          A 156          A 177             22        877.435         (102.655, 14.179, 8.73)
                                                                                    (118.141, -16.412, 23.594)

             17          A 177          A 186             10        393.982         (118.141, -16.412, 23.594)
                                                                                    (126.442, -10.472, 18.991)

             18          A 186          A 208             23        897.447         (126.442, -10.472, 18.991)
                                                                                    (112.815, 16.286, 12.569)

             19          A 208          A 223             16        623.369         (112.815, 16.286, 12.569)
                                                                                    (113.252, -17.143, 30.691)

             20          A 223          A 241             19        741.952         (113.252, -17.143, 30.691)
                                                                                    (119.954, 10.613, 25.29)

             21          A 241          A 245              5        186.141         (119.954, 10.613, 25.29)
                                                                                    (109.932, 7.952, 25.884)

             22          A 245          A 255             11        422.378         (109.932, 7.952, 25.884)
                                                                                    (106.105, -18.958, 23.945)

             23          A 255          A 261              7        266.607         (106.105, -18.958, 23.945)
                                                                                    (96.53, -9.69, 35.395)

             24          A 261          A 276             16        617.396         (96.53, -9.69, 35.395)
                                                                                    (116.915, 5.529, 33.721)

             25          A 276          A 286             11        423.734         (116.915, 5.529, 33.721)
                                                                                    (94.519, -1.687, 32.099)

             26          A 286          A 288              3        97.0583         (94.519, -1.687, 32.099)
                                                                                    (89.648, 1.398, 34.491)

             27          A 288          A 299             12        455.391         (89.648, 1.398, 34.491)
                                                                                    (104.581, 8.179, 39.184)

             28          A 299          A 311             13        508.654         (104.581, 8.179, 39.184)
                                                                                    (88.607, -1.522, 20.786)

             29          A 311          A 322             12        459.508         (88.607, -1.522, 20.786)
                                                                                    (83.481, 16.316, 33.953)

             30          A 322          A 329              8        310.805         (83.481, 16.316, 33.953)
                                                                                    (80.395, 19.963, 20.05)

             31          A 329          A 336              8        305.003         (80.395, 19.963, 20.05)
                                                                                    (75.34, 13.113, 31.434)

