Using structure file: /home/pkas7/Research/SCOP/pdbstyle-1.75B/kt/d3kt9a_.ent
Number of residues: 102
Doing a BEZIER segmentation ...

Bounding box volume: 21934.4
Null Model Fit: 4476.14 bits.
Bits per residue: 44.3183

Bezier model fit: 4229.22 bits.
Bits per residue: 41.8734

# of segments: 11
Internal segmentation:
0-->11-->22-->28-->40-->51-->62-->68-->75-->82-->90-->101

CPU time used: 0.87 secs.
Wall clock time elapsed: 0 secs.

        SEGMENT          START            END   NUM_RESIDUES MESSAGE_LENGTH                    END_POINTS        INTERMEDIATE_CONTROL_POINTS
              1            A 1           A 12             12        464.268         (12.917, 20.063, 1.274)
                                                                                    (29.534, 1.25, 13.277)

              2           A 12           A 23             12        457.383         (29.534, 1.25, 13.277)
                                                                                    (7.962, 3.321, 1.607)

              3           A 23           A 29              7        253.365         (7.962, 3.321, 1.607)
                                                                                    (20.908, -10.731, 7.566)

              4           A 29           A 41             13        523.041         (20.908, -10.731, 7.566)
                                                                                    (16.256, -13.644, 9.373)

              5           A 41           A 52             12        447.523         (16.256, -13.644, 9.373)
                                                                                    (7.856, 14.794, 8.376)

              6           A 52           A 63             12        447.714         (7.856, 14.794, 8.376)
                                                                                    (10.361, -15.097, 14.029)

              7           A 63           A 69              7        256.746         (10.361, -15.097, 14.029)
                                                                                    (15.446, -0.562, 24.047)

              8           A 69           A 76              8        296.574         (15.446, -0.562, 24.047)
                                                                                    (3.895, -9.079, 12.603)

              9           A 76           A 83              8          299.6         (3.895, -9.079, 12.603)
                                                                                    (14.878, 9.674, 18.315)

             10           A 83           A 91              9        340.468         (14.878, 9.674, 18.315)
                                                                                    (18.139, -11.106, 20.53)

             11           A 91          A 102             12        442.535         (18.139, -11.106, 20.53)
                                                                                    (18.657, 17.796, 5.671)

