Using structure file: /home/pkas7/Research/SCOP/pdbstyle-1.75B/kv/d3kvqa_.ent
Number of residues: 82
Doing a BEZIER segmentation ...

Bounding box volume: 15337.5
Null Model Fit: 3547.97 bits.
Bits per residue: 43.8021

Bezier model fit: 3391.86 bits.
Bits per residue: 41.8748

# of segments: 11
Internal segmentation:
0-->12-->13-->24-->25-->31-->40-->47-->56-->57-->70-->81

CPU time used: 0.66 secs.
Wall clock time elapsed: 0 secs.

        SEGMENT          START            END   NUM_RESIDUES MESSAGE_LENGTH                    END_POINTS        INTERMEDIATE_CONTROL_POINTS
              1          A 667          A 679             13        510.581         (0.902, 39.517, 46.839)
                                                                                    (23.951, 30.462, 25.681)

              2          A 679          A 680              2        46.8392         (23.951, 30.462, 25.681)
                                                                                    (22.571, 27.175, 24.551)

              3          A 680          A 691             12        440.748         (22.571, 27.175, 24.551)
                                                                                    (4.64, 37.278, 51.235)

              4          A 691          A 696              2        46.8392         (4.64, 37.278, 51.235)
                                                                                    (0.999, 31.867, 49.546)

              5          A 696          A 702              7        254.752         (0.999, 31.867, 49.546)
                                                                                    (5.727, 29.49, 30.193)

              6          A 702          A 711             10        386.179         (5.727, 29.49, 30.193)
                                                                                    (14.301, 16.323, 33.221)

              7          A 711          A 718              8        297.258         (14.301, 16.323, 33.221)
                                                                                    (8.071, 25.275, 47.681)

              8          A 718          A 727             10        372.846         (8.071, 25.275, 47.681)
                                                                                    (18.972, 25.127, 27.879)

              9          A 727          A 728              2        46.8392         (18.972, 25.127, 27.879)
                                                                                    (17.804, 24.588, 24.353)

             10          A 728          A 745             14        535.409         (17.804, 24.588, 24.353)
                                                                                    (-2.8, 37.757, 43.194)

             11          A 745          A 756             12        453.569         (-2.8, 37.757, 43.194)
                                                                                    (24.362, 30.63, 20.299)

