Using structure file: /home/pkas7/Research/SCOP/pdbstyle-1.75B/lo/d3loia_.ent
Number of residues: 161
Doing a BEZIER segmentation ...

Bounding box volume: 50520.8
Null Model Fit: 7283.51 bits.
Bits per residue: 45.5219

Bezier model fit: 6786.85 bits.
Bits per residue: 42.4178

# of segments: 19
Internal segmentation:
0-->8-->17-->22-->27-->41-->52-->53-->62-->71-->84-->95-->109-->118-->127-->132-->148-->150-->159-->160

CPU time used: 1.51 secs.
Wall clock time elapsed: 1 secs.

        SEGMENT          START            END   NUM_RESIDUES MESSAGE_LENGTH                    END_POINTS        INTERMEDIATE_CONTROL_POINTS
              1           A 10           A 18              9        341.858         (-22.631, -33.834, -37.443)
                                                                                    (-30.705, -24.183, -35.864)

              2           A 18           A 27             10        377.895         (-30.705, -24.183, -35.864)
                                                                                    (-11.702, -15.75, -39.468)

              3           A 27           A 32              6        220.263         (-11.702, -15.75, -39.468)
                                                                                    (-24.402, -14.355, -36.145)

              4           A 32           A 37              6        217.338         (-24.402, -14.355, -36.145)
                                                                                    (-29.128, -2.731, -27.333)

              5           A 37           A 51             15         603.41         (-29.128, -2.731, -27.333)
                                                                                    (-24.752, 0.895, -28.266)

              6           A 51           A 62             12        451.947         (-24.752, 0.895, -28.266)
                                                                                    (-10.152, -27.896, -35.236)

              7           A 62           A 63              2         48.559         (-10.152, -27.896, -35.236)
                                                                                    (-7.469, -26.845, -37.668)

              8           A 63           A 72             10        382.803         (-7.469, -26.845, -37.668)
                                                                                    (-11.319, -0.862, -27.912)

              9           A 72           A 81             10        381.685         (-11.319, -0.862, -27.912)
                                                                                    (-21.131, -26.587, -25.684)

             10           A 81           A 94             14         530.28         (-21.131, -26.587, -25.684)
                                                                                    (5.046, -7.316, -24.453)

             11           A 94          A 105             12        460.266         (5.046, -7.316, -24.453)
                                                                                    (-15.867, -30.969, -14.387)

             12          A 105          A 119             15        588.454         (-15.867, -30.969, -14.387)
                                                                                    (-6.5, -3.136, -26.461)

             13          A 119          A 128             10        377.749         (-6.5, -3.136, -26.461)
                                                                                    (-12.524, -30.563, -31.23)

             14          A 128          A 137             10        386.846         (-12.524, -30.563, -31.23)
                                                                                    (-19.396, -3.287, -24.113)

             15          A 137          A 142              6         216.95         (-19.396, -3.287, -24.113)
                                                                                    (-16.153, -1.647, -37.326)

             16          A 142          A 158             17        673.655         (-16.153, -1.647, -37.326)
                                                                                    (10.191, -10.635, -31.959)

             17          A 158          A 160              3         95.081         (10.191, -10.635, -31.959)
                                                                                    (6.741, -14.278, -29.882)

             18          A 160          A 169             10        383.249         (6.741, -14.278, -29.882)
                                                                                    (-2.131, -15.277, -42.673)

             19          A 169          A 170              2         48.559         (-2.131, -15.277, -42.673)
                                                                                    (0.828, -14.772, -45.024)

