Using structure file: /home/pkas7/Research/SCOP/pdbstyle-1.75B/mm/d3mmsa_.ent
Number of residues: 225
Doing a BEZIER segmentation ...

Bounding box volume: 64756.8
Null Model Fit: 10277.1 bits.
Bits per residue: 45.8801

Bezier model fit: 9425.33 bits.
Bits per residue: 42.0774

# of segments: 24
Internal segmentation:
0-->8-->20-->28-->39-->49-->50-->66-->83-->84-->90-->103-->121-->132-->133-->137-->144-->149-->161-->167-->181-->190-->195-->205-->224

CPU time used: 2.21 secs.
Wall clock time elapsed: 2 secs.

        SEGMENT          START            END   NUM_RESIDUES MESSAGE_LENGTH                    END_POINTS        INTERMEDIATE_CONTROL_POINTS
              1            A 1            A 9              9        334.456         (-25.792, -132.278, -15.204)
                                                                                    (-44.096, -116.132, -14.151)

              2            A 9           A 21             13        501.604         (-44.096, -116.132, -14.151)
                                                                                    (-39.366, -133.972, -24.102)

              3           A 21           A 29              9        338.613         (-39.366, -133.972, -24.102)
                                                                                    (-46.088, -128.548, -1.775)

              4           A 29           A 40             12        457.207         (-46.088, -128.548, -1.775)
                                                                                    (-30.752, -134.26, -24.281)

              5           A 40           A 50             11        421.947         (-30.752, -134.26, -24.281)
                                                                                    (-42.656, -113.586, -7.948)

              6           A 50           A 51              2        48.9172         (-42.656, -113.586, -7.948)
                                                                                    (-40.049, -112.128, -5.642)

              7           A 51           A 67             17        648.664         (-40.049, -112.128, -5.642)
                                                                                    (-31.003, -132.912, -6.501)

              8           A 67           A 84             18        718.866         (-31.003, -132.912, -6.501)
                                                                                    (-30.374, -101.277, -23.87)

              9           A 84           A 85              2        48.9172         (-30.374, -101.277, -23.87)
                                                                                    (-33.517, -101.49, -25.983)

             10           A 85           A 91              7          265.4         (-33.517, -101.49, -25.983)
                                                                                    (-26.727, -112.008, -19.481)

             11           A 91          A 104             14        547.423         (-26.727, -112.008, -19.481)
                                                                                    (-25.271, -100.004, 10.137)

             12          A 104          A 122             19        756.128         (-25.271, -100.004, 10.137)
                                                                                    (-21.181, -119.186, -13.359)

             13          A 122          A 133             12        456.381         (-21.181, -119.186, -13.359)
                                                                                    (-25.061, -115.728, -28.805)

             14          A 133          A 138              2        48.9172         (-25.061, -115.728, -28.805)
                                                                                    (-30.662, -111.178, -30.78)

             15          A 138          A 142              5        180.126         (-30.662, -111.178, -30.78)
                                                                                    (-23.266, -108.568, -20.497)

             16          A 142          A 149              8        295.619         (-23.266, -108.568, -20.497)
                                                                                    (-38.658, -106.928, -3.983)

             17          A 149          A 154              6         225.44         (-38.658, -106.928, -3.983)
                                                                                    (-40.445, -94.482, -12.291)

             18          A 154          A 166             13        502.005         (-40.445, -94.482, -12.291)
                                                                                    (-24.016, -96.894, -11.798)

             19          A 166          A 172              7        268.184         (-24.016, -96.894, -11.798)
                                                                                    (-36.058, -107.241, -11.671)

             20          A 172          A 186             15        578.577         (-36.058, -107.241, -11.671)
                                                                                    (-23.383, -124.735, -3.639)

             21          A 186          A 195             10        381.194         (-23.383, -124.735, -3.639)
                                                                                    (-36.268, -106.529, -21.659)

             22          A 195          A 200              6         223.08         (-36.268, -106.529, -21.659)
                                                                                    (-40.253, -95.986, -16.01)

             23          A 200          A 210             11         422.65         (-40.253, -95.986, -16.01)
                                                                                    (-44.458, -107.399, -24.013)

             24          A 210          A 229             20        755.019         (-44.458, -107.399, -24.013)
                                                                                    (-23.824, -127.308, -23.702)

