Using structure file: /home/pkas7/Research/SCOP/pdbstyle-1.75B/mu/d3mu7a_.ent
Number of residues: 273
Doing a BEZIER segmentation ...

Bounding box volume: 73966.3
Null Model Fit: 12531.6 bits.
Bits per residue: 46.0719

Bezier model fit: 11457.5 bits.
Bits per residue: 42.1233

# of segments: 24
Internal segmentation:
0-->12-->24-->39-->51-->66-->77-->84-->99-->121-->127-->128-->146-->156-->170-->172-->190-->208-->222-->223-->232-->244-->256-->269-->272

CPU time used: 2.71 secs.
Wall clock time elapsed: 2 secs.

        SEGMENT          START            END   NUM_RESIDUES MESSAGE_LENGTH                    END_POINTS        INTERMEDIATE_CONTROL_POINTS
              1            A 1           A 13             13        513.325         (8.401, -11.323, 0.951)
                                                                                    (5.317, 15.484, 19.432)

              2           A 13           A 25             13        509.212         (5.317, 15.484, 19.432)
                                                                                    (2.747, -1.085, 5.629)

              3           A 25           A 40             16        611.436         (2.747, -1.085, 5.629)
                                                                                    (21.988, 5.785, 39.792)

              4           A 40           A 52             13        511.417         (21.988, 5.785, 39.792)
                                                                                    (0.695, 10.121, 25.901)

              5           A 52           A 67             16        613.482         (0.695, 10.121, 25.901)
                                                                                    (1.94, -8.017, 12.146)

              6           A 67           A 78             12        464.367         (1.94, -8.017, 12.146)
                                                                                    (21.358, 11.301, 25.129)

              7           A 78           A 85              8        302.014         (21.358, 11.301, 25.129)
                                                                                    (25.623, -1.249, 39.694)

              8           A 85          A 100             16        609.397         (25.623, -1.249, 39.694)
                                                                                    (6.125, -4.008, 29.219)

              9          A 100          A 122             23        945.483         (6.125, -4.008, 29.219)
                                                                                    (16.019, -2.38, 22.049)

             10          A 122          A 128              7        263.819         (16.019, -2.38, 22.049)
                                                                                    (28.378, 4.86, 29.716)

             11          A 128          A 129              2         49.109         (28.378, 4.86, 29.716)
                                                                                    (28.606, 1.161, 28.889)

             12          A 129          A 147             19        735.865         (28.606, 1.161, 28.889)
                                                                                    (7.812, -16.762, 30.248)

             13          A 147          A 157             11        414.675         (7.812, -16.762, 30.248)
                                                                                    (27.416, 2.889, 16.42)

             14          A 157          A 171             15        600.918         (27.416, 2.889, 16.42)
                                                                                    (27.517, -12.75, 24.07)

             15          A 171          A 173              3        96.1809         (27.517, -12.75, 24.07)
                                                                                    (22.209, -12.408, 23.103)

             16          A 173          A 191             19        763.744         (22.209, -12.408, 23.103)
                                                                                    (32.082, 12.489, 0.531)

             17          A 191          A 209             19        742.028         (32.082, 12.489, 0.531)
                                                                                    (27.201, -12.495, 16.888)

             18          A 209          A 223             15        594.345         (27.201, -12.495, 16.888)
                                                                                    (17.685, 13.629, 10.456)

             19          A 223          A 224              2         49.109         (17.685, 13.629, 10.456)
                                                                                    (21.395, 13.165, 11.238)

             20          A 224          A 233             10        383.683         (21.395, 13.165, 11.238)
                                                                                    (22.102, 4.9, -3.85)

             21          A 233          A 245             13        502.943         (22.102, 4.9, -3.85)
                                                                                    (25.252, -12.042, 3.672)

             22          A 245          A 257             13        486.687         (25.252, -12.042, 3.672)
                                                                                    (9.143, 11.634, 11.788)

             23          A 257          A 270             14        550.786         (9.143, 11.634, 11.788)
                                                                                    (8.981, 1.146, -4.787)

             24          A 270          A 273              4        143.502         (8.981, 1.146, -4.787)
                                                                                    (5.507, 8.905, -3.824)

