Using structure file: /home/pkas7/Research/SCOP/pdbstyle-1.75B/n2/d3n2wa_.ent
Number of residues: 367
Doing a BEZIER segmentation ...

Bounding box volume: 123803
Null Model Fit: 17134.3 bits.
Bits per residue: 46.815

Bezier model fit: 15395.2 bits.
Bits per residue: 42.0634

# of segments: 34
Internal segmentation:
0-->9-->25-->36-->39-->61-->70-->71-->77-->87-->92-->99-->118-->124-->137-->147-->159-->182-->193-->204-->208-->218-->233-->237-->245-->253-->257-->276-->281-->293-->300-->312-->339-->345-->366

CPU time used: 3.72 secs.
Wall clock time elapsed: 3 secs.

        SEGMENT          START            END   NUM_RESIDUES MESSAGE_LENGTH                    END_POINTS        INTERMEDIATE_CONTROL_POINTS
              1            A 1           A 10             10        391.859         (31.38, -4.526, 61.423)
                                                                                    (14.276, -7.854, 62.152)

              2           A 10           A 26             17        682.345         (14.276, -7.854, 62.152)
                                                                                    (29.539, -17.564, 40.275)

              3           A 26           A 37             12        436.564         (29.539, -17.564, 40.275)
                                                                                    (40.259, 16.515, 48.33)

              4           A 37           A 40              4        145.732         (40.259, 16.515, 48.33)
                                                                                    (35.163, 24.14, 47.859)

              5           A 40           A 62             23         931.72         (35.163, 24.14, 47.859)
                                                                                    (32.739, -15.426, 30.754)

              6           A 62           A 71             10        385.395         (32.739, -15.426, 30.754)
                                                                                    (11.634, -2.7, 35.329)

              7           A 71           A 72              2        49.8521         (11.634, -2.7, 35.329)
                                                                                    (11.4, 1.065, 35.734)

              8           A 72           A 78              7         269.69         (11.4, 1.065, 35.734)
                                                                                    (20.598, 6.294, 32.578)

              9           A 78           A 88             11        427.523         (20.598, 6.294, 32.578)
                                                                                    (16.421, -10.141, 23.1)

             10           A 88           A 93              6        221.861         (16.421, -10.141, 23.1)
                                                                                    (29.494, -8.587, 29.817)

             11           A 93          A 100              8        306.963         (29.494, -8.587, 29.817)
                                                                                    (26.195, 10.172, 36.507)

             12          A 100          A 119             20        777.814         (26.195, 10.172, 36.507)
                                                                                    (39.254, -12.996, 21.366)

             13          A 119          A 125              7        267.196         (39.254, -12.996, 21.366)
                                                                                    (29.451, -9.242, 21.274)

             14          A 125          A 138             14        533.967         (29.451, -9.242, 21.274)
                                                                                    (26.308, 17.049, 46.678)

             15          A 138          A 148             11        437.784         (26.308, 17.049, 46.678)
                                                                                    (39.837, 7.148, 35.156)

             16          A 148          A 160             13        496.057         (39.837, 7.148, 35.156)
                                                                                    (35.496, -11.585, 43.246)

             17          A 160          A 183             24         973.87         (35.496, -11.585, 43.246)
                                                                                    (25.946, 3.872, 49.105)

             18          A 183          A 194             12        460.948         (25.946, 3.872, 49.105)
                                                                                    (8.367, -26.974, 46.623)

             19          A 194          A 205             12         443.77         (8.367, -26.974, 46.623)
                                                                                    (23.188, 1.569, 44.814)

             20          A 205          A 209              5        184.733         (23.188, 1.569, 44.814)
                                                                                    (14.38, 9.028, 49.514)

             21          A 209          A 219             11        432.351         (14.38, 9.028, 49.514)
                                                                                    (9.098, 1.874, 62.019)

             22          A 219          A 234             16        632.559         (9.098, 1.874, 62.019)
                                                                                    (28.804, 23.097, 61.351)

             23          A 234          A 238              5        184.007         (28.804, 23.097, 61.351)
                                                                                    (18.05, 20.236, 56.341)

             24          A 238          A 250              9        355.699         (18.05, 20.236, 56.341)
                                                                                    (17.984, 7.658, 42.248)

             25          A 250          A 258              9        327.136         (17.984, 7.658, 42.248)
                                                                                    (19.852, -19.191, 40.038)

             26          A 258          A 262              5        185.938         (19.852, -19.191, 40.038)
                                                                                    (12.886, -16.885, 30.897)

             27          A 262          A 281             20        756.051         (12.886, -16.885, 30.897)
                                                                                    (8.64, 4.377, 52.76)

             28          A 281          A 286              6        224.106         (8.64, 4.377, 52.76)
                                                                                    (10.216, 13.101, 40.204)

             29          A 286          A 298             13         478.15         (10.216, 13.101, 40.204)
                                                                                    (21.277, -20.812, 35.143)

             30          A 298          A 305              8        305.564         (21.277, -20.812, 35.143)
                                                                                    (25.219, -21.066, 20.44)

             31          A 305          A 317             13        507.569         (25.219, -21.066, 20.44)
                                                                                    (2.885, -22.085, 39.3)

             32          A 317          A 344             28        1056.33         (2.885, -22.085, 39.3)
                                                                                    (29.577, 6.076, 57.448)

             33          A 344          A 350              7        264.833         (29.577, 6.076, 57.448)
                                                                                    (31.604, 22.221, 49.275)

             34          A 350          A 371             22        859.279         (31.604, 22.221, 49.275)
                                                                                    (12.155, -6.707, 72.645)

