Using structure file: /home/pkas7/Research/SCOP/pdbstyle-1.75B/ou/d3ouga_.ent
Number of residues: 107
Doing a BEZIER segmentation ...

Bounding box volume: 41273.5
Null Model Fit: 4794.41 bits.
Bits per residue: 45.2303

Bezier model fit: 4480.69 bits.
Bits per residue: 42.2707

# of segments: 11
Internal segmentation:
0-->11-->20-->33-->37-->50-->56-->64-->73-->79-->94-->106

CPU time used: 0.94 secs.
Wall clock time elapsed: 0 secs.

        SEGMENT          START            END   NUM_RESIDUES MESSAGE_LENGTH                    END_POINTS        INTERMEDIATE_CONTROL_POINTS
              1            A 1           A 12             12        460.973         (41.949, 42.568, -3.03)
                                                                                    (46.648, 18.698, 20.138)

              2           A 12           A 21             10        386.015         (46.648, 18.698, 20.138)
                                                                                    (68.844, 29.945, 24.412)

              3           A 21           A 35             14        554.443         (68.844, 29.945, 24.412)
                                                                                    (50.592, 16.365, 6.814)

              4           A 35           A 39              5        183.334         (50.592, 16.365, 6.814)
                                                                                    (56.813, 24.481, 5.197)

              5           A 39           A 52             14        542.198         (56.813, 24.481, 5.197)
                                                                                    (45.946, 30.394, 27.011)

              6           A 52           A 58              7        264.349         (45.946, 30.394, 27.011)
                                                                                    (58.145, 30.553, 12.406)

              7           A 58           A 66              9        349.783         (58.145, 30.553, 12.406)
                                                                                    (60.086, 12.046, 16.277)

              8           A 66           A 75             10        369.474         (60.086, 12.046, 16.277)
                                                                                    (58.672, 31.491, 23.047)

              9           A 75           A 81              7        266.059         (58.672, 31.491, 23.047)
                                                                                    (56.585, 20.483, 28.577)

             10           A 81           A 96             16        611.599         (56.585, 20.483, 28.577)
                                                                                    (36.474, 36.243, -5.701)

             11           A 96          A 108             13        492.467         (36.474, 36.243, -5.701)
                                                                                    (44.936, 13.582, 19.78)

