Using structure file: /home/pkas7/Research/SCOP/pdbstyle-1.75B/p4/d3p48a_.ent
Number of residues: 127
Doing a BEZIER segmentation ...

Bounding box volume: 62651.2
Null Model Fit: 5774.88 bits.
Bits per residue: 45.8324

Bezier model fit: 5291.25 bits.
Bits per residue: 41.9941

# of segments: 13
Internal segmentation:
0-->8-->21-->30-->37-->45-->52-->66-->81-->94-->101-->114-->121-->126

CPU time used: 1.16 secs.
Wall clock time elapsed: 1 secs.

        SEGMENT          START            END   NUM_RESIDUES MESSAGE_LENGTH                    END_POINTS        INTERMEDIATE_CONTROL_POINTS
              1            A 7           A 15              9        333.966         (3.646, 13.593, -20.19)
                                                                                    (-8.566, 1.99, -1.646)

              2           A 15           A 28             14        538.802         (-8.566, 1.99, -1.646)
                                                                                    (-11.059, 9.627, -26.285)

              3           A 28           A 37             10        370.232         (-11.059, 9.627, -26.285)
                                                                                    (-18.893, 4.58, -3.138)

              4           A 37           A 44              8        299.866         (-18.893, 4.58, -3.138)
                                                                                    (-33.034, 19.049, -8.842)

              5           A 44           A 52              9        336.585         (-33.034, 19.049, -8.842)
                                                                                    (-10.71, 7.204, -3.702)

              6           A 52           A 59              8        298.139         (-10.71, 7.204, -3.702)
                                                                                    (3.37, 19.621, -16.552)

              7           A 59           A 73             15        584.131         (3.37, 19.621, -16.552)
                                                                                    (-28.875, 13.482, -21.81)

              8           A 73           A 88             16        633.915         (-28.875, 13.482, -21.81)
                                                                                    (-3.258, 18.698, -5.532)

              9           A 88          A 101             14        525.819         (-3.258, 18.698, -5.532)
                                                                                    (-36.911, 15.381, -11.954)

             10          A 101          A 108              8        296.537         (-36.911, 15.381, -11.954)
                                                                                    (-19.396, 1.868, -6.768)

             11          A 108          A 121             14        547.963         (-19.396, 1.868, -6.768)
                                                                                    (-0.692, 29.082, -19.131)

             12          A 121          A 128              8        298.642         (-0.692, 29.082, -19.131)
                                                                                    (-1.805, 46.419, -14.889)

             13          A 128          A 133              6        226.656         (-1.805, 46.419, -14.889)
                                                                                    (-8.046, 50.339, -25.813)

