Using structure file: /home/pkas7/Research/SCOP/pdbstyle-1.75B/pn/d3pnza_.ent
Number of residues: 328
Doing a BEZIER segmentation ...

Bounding box volume: 87640.1
Null Model Fit: 15145.5 bits.
Bits per residue: 46.3167

Bezier model fit: 13721.3 bits.
Bits per residue: 41.9611

# of segments: 28
Internal segmentation:
0-->5-->12-->34-->43-->57-->67-->83-->92-->97-->105-->124-->125-->147-->158-->160-->178-->187-->202-->206-->212-->218-->229-->239-->240-->259-->279-->301-->327

CPU time used: 3.19 secs.
Wall clock time elapsed: 3 secs.

        SEGMENT          START            END   NUM_RESIDUES MESSAGE_LENGTH                    END_POINTS        INTERMEDIATE_CONTROL_POINTS
              1            A 2            A 7              6        224.671         (120.554, 2.618, 21.549)
                                                                                    (120.266, 16.01, 31.051)

              2            A 7           A 14              8        308.497         (120.266, 16.01, 31.051)
                                                                                    (124.948, -0.189, 30.993)

              3           A 14           A 36             23        923.663         (124.948, -0.189, 30.993)
                                                                                    (98.892, 27.808, 48.952)

              4           A 36           A 45             10        389.153         (98.892, 27.808, 48.952)
                                                                                    (117.496, 23.711, 45.297)

              5           A 45           A 59             15        569.452         (117.496, 23.711, 45.297)
                                                                                    (125.31, 4.063, 45.493)

              6           A 59           A 69             11        420.076         (125.31, 4.063, 45.493)
                                                                                    (105.149, 20.938, 31.973)

              7           A 69           A 85             17        668.869         (105.149, 20.938, 31.973)
                                                                                    (126.06, 15.442, 42.847)

              8           A 85           A 94             10        377.154         (126.06, 15.442, 42.847)
                                                                                    (104.631, 16.165, 28.141)

              9           A 94           A 99              6        227.079         (104.631, 16.165, 28.141)
                                                                                    (93.297, 18.821, 37.178)

             10           A 99          A 107              9        344.053         (93.297, 18.821, 37.178)
                                                                                    (105.85, 33.921, 31.541)

             11          A 107          A 126             20        810.717         (105.85, 33.921, 31.541)
                                                                                    (95.922, 23.797, 20.139)

             12          A 126          A 127              2        49.3537         (95.922, 23.797, 20.139)
                                                                                    (95.732, 21.034, 17.531)

             13          A 127          A 149             23        912.433         (95.732, 21.034, 17.531)
                                                                                    (116.522, 17.488, 26.791)

             14          A 149          A 161             12        469.104         (116.522, 17.488, 26.791)
                                                                                    (88.081, 8.761, 33.736)

             15          A 161          A 163              3        96.6704         (88.081, 8.761, 33.736)
                                                                                    (88.368, 12.861, 29.373)

             16          A 163          A 181             19        721.071         (88.368, 12.861, 29.373)
                                                                                    (111.364, 6.946, 19.758)

             17          A 181          A 190             10        375.254         (111.364, 6.946, 19.758)
                                                                                    (94.84, 5.953, 42.026)

             18          A 190          A 205             16         626.14         (94.84, 5.953, 42.026)
                                                                                    (100.128, 1.726, 16.98)

             19          A 205          A 209              5        181.968         (100.128, 1.726, 16.98)
                                                                                    (106.513, -2.615, 26.049)

             20          A 209          A 215              7        258.371         (106.513, -2.615, 26.049)
                                                                                    (101.154, 4.393, 40.325)

             21          A 215          A 221              7        268.035         (101.154, 4.393, 40.325)
                                                                                    (94.551, -5.993, 42.432)

             22          A 221          A 232             12        456.438         (94.551, -5.993, 42.432)
                                                                                    (104.353, -6.18, 28.186)

             23          A 232          A 242             11        422.445         (104.353, -6.18, 28.186)
                                                                                    (103.268, 5.685, 51.543)

             24          A 242          A 243              2        49.3537         (103.268, 5.685, 51.543)
                                                                                    (101.571, 4.076, 54.527)

             25          A 243          A 262             20        765.931         (101.571, 4.076, 54.527)
                                                                                    (106.604, -14.468, 35.481)

             26          A 262          A 282             21        842.821         (106.604, -14.468, 35.481)
                                                                                    (113.023, 19.755, 53.922)

             27          A 282          A 304             23        895.126         (113.023, 19.755, 53.922)
                                                                                    (114.214, -14.503, 50.615)

             28          A 304          A 330             27        1067.39         (114.214, -14.503, 50.615)
                                                                                    (115.875, 2.748, 17.853)

