Using structure file: /home/pkas7/Research/SCOP/pdbstyle-1.75B/qu/d3qu3a_.ent
Number of residues: 122
Doing a BEZIER segmentation ...

Bounding box volume: 49693.5
Null Model Fit: 5505.27 bits.
Bits per residue: 45.4981

Bezier model fit: 5049.4 bits.
Bits per residue: 41.7306

# of segments: 14
Internal segmentation:
0-->2-->14-->16-->25-->38-->44-->56-->67-->80-->94-->105-->106-->120-->121

CPU time used: 1.11 secs.
Wall clock time elapsed: 1 secs.

        SEGMENT          START            END   NUM_RESIDUES MESSAGE_LENGTH                    END_POINTS        INTERMEDIATE_CONTROL_POINTS
              1            A 9           A 11              3        95.0333         (37.445, -33.901, 14.901)
                                                                                    (40.671, -27.932, 15.406)

              2           A 11           A 23             13        493.447         (40.671, -27.932, 15.406)
                                                                                    (44.929, -23.087, -2.693)

              3           A 23           A 25              3        95.0333         (44.929, -23.087, -2.693)
                                                                                    (39.852, -20.697, -2.204)

              4           A 25           A 34             10         385.54         (39.852, -20.697, -2.204)
                                                                                    (58.045, -20.789, 4.757)

              5           A 34           A 47             14        515.369         (58.045, -20.789, 4.757)
                                                                                    (23.308, -5.015, 6.254)

              6           A 47           A 53              7        263.437         (23.308, -5.015, 6.254)
                                                                                    (30.896, -16.207, -3.824)

              7           A 53           A 65             13        499.244         (30.896, -16.207, -3.824)
                                                                                    (30.842, -29.292, 11.068)

              8           A 65           A 76             12        467.857         (30.842, -29.292, 11.068)
                                                                                    (15.017, -26.172, -7.405)

              9           A 76           A 89             14        531.234         (15.017, -26.172, -7.405)
                                                                                    (25.408, -14.673, 7.739)

             10           A 89          A 103             15        562.806         (25.408, -14.673, 7.739)
                                                                                    (45.092, -18.042, 19.444)

             11          A 103          A 114             12        470.396         (45.092, -18.042, 19.444)
                                                                                    (39.938, -2.34, 0.539)

             12          A 114          A 115              2        48.5352         (39.938, -2.34, 0.539)
                                                                                    (36.726, -3.209, -1.428)

             13          A 115          A 129             15        572.935         (36.726, -3.209, -1.428)
                                                                                    (55.384, -24.882, 22.525)

             14          A 129          A 130              2        48.5352         (55.384, -24.882, 22.525)
                                                                                    (52.968, -27.721, 23.344)

