Using structure file: /home/pkas7/Research/SCOP/pdbstyle-1.75B/tw/d3twra_.ent
Number of residues: 157
Doing a BEZIER segmentation ...

Bounding box volume: 39317.3
Null Model Fit: 7045 bits.
Bits per residue: 45.1602

Bezier model fit: 6573.96 bits.
Bits per residue: 42.1408

# of segments: 16
Internal segmentation:
0-->13-->14-->23-->36-->48-->59-->69-->81-->92-->102-->114-->125-->133-->146-->155-->156

CPU time used: 1.48 secs.
Wall clock time elapsed: 1 secs.

        SEGMENT          START            END   NUM_RESIDUES MESSAGE_LENGTH                    END_POINTS        INTERMEDIATE_CONTROL_POINTS
              1          A 490          A 503             14        532.092         (-28.542, -3.139, 13.26)
                                                                                    (-23.639, -21.553, 7.295)

              2          A 503          A 504              2        48.1973         (-23.639, -21.553, 7.295)
                                                                                    (-24.846, -19.241, 4.513)

              3          A 504          A 513             10        378.869         (-24.846, -19.241, 4.513)
                                                                                    (-17.282, -5.777, 6.863)

              4          A 513          A 526             14        543.287         (-17.282, -5.777, 6.863)
                                                                                    (-23.61, -11.68, 22.805)

              5          A 526          A 538             13        512.293         (-23.61, -11.68, 22.805)
                                                                                    (-20.061, -24.073, 9.795)

              6          A 538          A 549             12        455.216         (-20.061, -24.073, 9.795)
                                                                                    (-10.354, -10.599, 11.099)

              7          A 549          A 559             11        425.846         (-10.354, -10.599, 11.099)
                                                                                    (-17.229, -15.54, 29.078)

              8          A 559          A 571             13        510.346         (-17.229, -15.54, 29.078)
                                                                                    (-16.756, -30.003, 16.264)

              9          A 571          A 582             12        455.208         (-16.756, -30.003, 16.264)
                                                                                    (-3.927, -19.082, 18.275)

             10          A 582          A 592             11        425.031         (-3.927, -19.082, 18.275)
                                                                                    (-14.098, -21.024, 35.272)

             11          A 592          A 604             13        509.944         (-14.098, -21.024, 35.272)
                                                                                    (-15.637, -35.897, 23.067)

             12          A 604          A 615             12        455.867         (-15.637, -35.897, 23.067)
                                                                                    (-1.371, -28.04, 26.891)

             13          A 615          A 623              9        345.348         (-1.371, -28.04, 26.891)
                                                                                    (-16.103, -22.602, 40.381)

             14          A 623          A 636             14        548.287         (-16.103, -22.602, 40.381)
                                                                                    (-16.63, -42.826, 29.077)

             15          A 636          A 645             10        379.932         (-16.63, -42.826, 29.077)
                                                                                    (-2.619, -39.582, 31.926)

             16          A 645          A 646              2        48.1973         (-2.619, -39.582, 31.926)
                                                                                    (-3.045, -43.281, 32.608)

