Using structure file: /home/pkas7/Research/SCOP/pdbstyle-1.75B/a3/d7a3ha_.ent
Number of residues: 300
Doing a BEZIER segmentation ...

Bounding box volume: 79540.5
Null Model Fit: 13806.8 bits.
Bits per residue: 46.1768

Bezier model fit: 12571.3 bits.
Bits per residue: 42.0444

# of segments: 29
Internal segmentation:
0-->16-->37-->41-->53-->64-->71-->89-->101-->108-->124-->138-->144-->161-->162-->173-->182-->188-->200-->202-->217-->233-->237-->252-->263-->265-->279-->280-->286-->299

CPU time used: 3.08 secs.
Wall clock time elapsed: 3 secs.

        SEGMENT          START            END   NUM_RESIDUES MESSAGE_LENGTH                    END_POINTS        INTERMEDIATE_CONTROL_POINTS
              1            A 4           A 20             17        683.176         (73.585, 43.117, 7.387)
                                                                                    (72.335, 28.607, 14.942)

              2           A 20           A 41             22        898.355         (72.335, 28.607, 14.942)
                                                                                    (57.701, 53.879, 24.537)

              3           A 41           A 45              5        185.628         (57.701, 53.879, 24.537)
                                                                                    (61.718, 54.092, 17.364)

              4           A 45           A 57             13        497.414         (61.718, 54.092, 17.364)
                                                                                    (76.549, 47.106, 17.914)

              5           A 57           A 68             12        452.219         (76.549, 47.106, 17.914)
                                                                                    (49.136, 44.311, 33.175)

              6           A 68           A 75              8        308.471         (49.136, 44.311, 33.175)
                                                                                    (45.07, 49.733, 26.847)

              7           A 75           A 93             19         723.71         (45.07, 49.733, 26.847)
                                                                                    (68.265, 44.194, 9.427)

              8           A 93          A 105             13        495.767         (68.265, 44.194, 9.427)
                                                                                    (49.765, 38.752, 36.301)

              9          A 105          A 112              8        310.507         (49.765, 38.752, 36.301)
                                                                                    (45.915, 33.224, 27.76)

             10          A 112          A 128             17        653.596         (45.915, 33.224, 27.76)
                                                                                    (57.324, 35.466, 6.813)

             11          A 128          A 142             15        576.543         (57.324, 35.466, 6.813)
                                                                                    (54.722, 32.499, 42.409)

             12          A 142          A 148              7        261.919         (54.722, 32.499, 42.409)
                                                                                    (54.342, 21.221, 34.572)

             13          A 148          A 165             18        688.873         (54.342, 21.221, 34.572)
                                                                                    (51.277, 31.083, 10.732)

             14          A 165          A 166              2        49.2138         (51.277, 31.083, 10.732)
                                                                                    (55.026, 30.793, 11.29)

             15          A 166          A 177             12        462.105         (55.026, 30.793, 11.29)
                                                                                    (60.312, 31.724, 39.713)

             16          A 177          A 186             10         386.71         (60.312, 31.724, 39.713)
                                                                                    (64.892, 21.2, 30.988)

             17          A 186          A 192              7        263.393         (64.892, 21.2, 30.988)
                                                                                    (58.657, 22.125, 19.297)

             18          A 192          A 204             13        479.297         (58.657, 22.125, 19.297)
                                                                                    (73.049, 42.13, 42.579)

             19          A 204          A 206              3        96.3906         (73.049, 42.13, 42.579)
                                                                                    (75.372, 36.223, 43.927)

             20          A 206          A 221             16        614.597         (75.372, 36.223, 43.927)
                                                                                    (69.804, 19.624, 25.534)

             21          A 221          A 237             17        681.166         (69.804, 19.624, 25.534)
                                                                                    (67.364, 49.272, 41.4)

             22          A 237          A 241              5         185.71         (67.364, 49.272, 41.4)
                                                                                    (77.093, 45.322, 40.409)

             23          A 241          A 256             16        605.741         (77.093, 45.322, 40.409)
                                                                                    (77.033, 30.885, 23.54)

             24          A 256          A 267             12        461.596         (77.033, 30.885, 23.54)
                                                                                    (64.115, 56.056, 34.783)

             25          A 267          A 269              3        96.3906         (64.115, 56.056, 34.783)
                                                                                    (66.942, 53.259, 38.832)

             26          A 269          A 283             15        602.566         (66.942, 53.259, 38.832)
                                                                                    (72.885, 60.045, 19.643)

             27          A 283          A 284              2        49.2138         (72.885, 60.045, 19.643)
                                                                                    (73.872, 59.728, 23.296)

             28          A 284          A 290              7        270.137         (73.872, 59.728, 23.296)
                                                                                    (74.236, 55.704, 33.098)

             29          A 290          A 303             14        530.872         (74.236, 55.704, 33.098)
                                                                                    (81.686, 41.652, 21.017)

