Using structure file: /home/pkas7/Research/SCOP/pdbstyle-1.75B/a0/d1a0tp_.ent
Number of residues: 413
Doing a BEZIER segmentation ...

Bounding box volume: 185793
Null Model Fit: 19529.1 bits.
Bits per residue: 47.4007

Bezier model fit: 16888.5 bits.
Bits per residue: 40.9915

# of segments: 32
Internal segmentation:
0-->1-->17-->33-->44-->60-->61-->75-->82-->103-->115-->127-->148-->170-->183-->196-->204-->232-->244-->262-->279-->293-->299-->315-->318-->334-->343-->357-->367-->379-->399-->411-->412

CPU time used: 26.3 secs.
Wall clock time elapsed: 26 secs.

        SEGMENT          START            END   NUM_RESIDUES MESSAGE_LENGTH                    END_POINTS        INTERMEDIATE_CONTROL_POINTS
              1           P 71           P 72              2        50.4378         (-45.764, 1.22, 8.776)
                                                                                    (-43.638, 1.985, 5.713)

              2           P 72           P 88             17        629.985         (-43.638, 1.985, 5.713)         (-37.5108, -19.0363, -13.0438)
                                                                                    (-23.651, -30.468, -27.227)

              3           P 88          P 104             17        675.308         (-23.651, -30.468, -27.227)
                                                                                    (-54.007, -21.848, -26.793)

              4          P 104          P 115             12         467.91         (-54.007, -21.848, -26.793)         (-41.6916, -34.4444, -10.4436)
                                                                                    (-34.086, -20.589, -19.643)

              5          P 115          P 131             17        625.717         (-34.086, -20.589, -19.643)         (-40.1563, 3.37403, -4.34057)
                                                                                    (-58.404, 3.911, 13.845)

              6          P 131          P 132              2        50.4378         (-58.404, 3.911, 13.845)
                                                                                    (-57.661, 0.616, 12.097)

              7          P 132          P 146             15        525.566         (-57.661, 0.616, 12.097)         (-46.8148, 4.35041, -9.94154)
                                                                                    (-33.769, -14.892, -22.917)

              8          P 146          P 153              8         310.83         (-33.769, -14.892, -22.917)         (-19.346, -12.0691, -17.2873)
                                                                                    (-30.521, -2.684, -22.934)

              9          P 153          P 174             22        867.071         (-30.521, -2.684, -22.934)
                                                                                    (-70.321, -0.511, 8.055)

             10          P 174          P 186             13        513.565         (-70.321, -0.511, 8.055)
                                                                                    (-53.615, -1.003, -12.614)

             11          P 186          P 198             13        511.205         (-53.615, -1.003, -12.614)         (-59.4988, -19.1268, -1.64956)
                                                                                    (-46.92, -25.555, -14.933)

             12          P 198          P 219             22        884.381         (-46.92, -25.555, -14.933)         (-61.4388, 9.13494, -17.8445)
                                                                                    (-71.565, -13.817, 7.621)

             13          P 219          P 241             23        912.088         (-71.565, -13.817, 7.621)
                                                                                    (-57.059, 0.42, -31.08)

             14          P 241          P 254             14        498.579         (-57.059, 0.42, -31.08)         (-71.841, -5.45406, -13.2135)
                                                                                    (-66.664, -21.452, 2.208)

             15          P 254          P 267             14        515.201         (-66.664, -21.452, 2.208)
                                                                                    (-66.258, -2.051, -32.555)

             16          P 267          P 275              9        340.309         (-66.258, -2.051, -32.555)
                                                                                    (-52.945, -0.253, -44.546)

             17          P 275          P 303             29        1167.63         (-52.945, -0.253, -44.546)         (-78.3515, -15.2052, -16.0041)
                                                                                    (-55.397, -37.181, 2.82)

             18          P 303          P 315             13        480.148         (-55.397, -37.181, 2.82)
                                                                                    (-67.919, -17.402, -24.997)

             19          P 315          P 333             19        776.737         (-67.919, -17.402, -24.997)         (-47.3426, -8.04265, -18.1216)
                                                                                    (-69.142, -17.808, -31.449)

             20          P 333          P 350             18        692.542         (-69.142, -17.808, -31.449)         (-57.0612, -32.9469, -4.01066)
                                                                                    (-39.55, -36.938, 3.526)

             21          P 350          P 364             15         530.39         (-39.55, -36.938, 3.526)         (-55.9202, -32.5323, -14.1451)
                                                                                    (-64.834, -21.764, -33.533)

             22          P 364          P 370              7         274.07         (-64.834, -21.764, -33.533)
                                                                                    (-61.767, -24.756, -35.946)

             23          P 370          P 386             17        606.566         (-61.767, -24.756, -35.946)         (-50.0292, -38.2859, -12.2923)
                                                                                    (-31.14, -33.26, 4.302)

             24          P 386          P 389              4        147.489         (-31.14, -33.26, 4.302)
                                                                                    (-30.819, -30.967, -0.031)

             25          P 389          P 405             17        612.511         (-30.819, -30.967, -0.031)         (-50.694, -41.7343, -20.8659)
                                                                                    (-58.57, -24.515, -40.408)

             26          P 405          P 414             10        399.487         (-58.57, -24.515, -40.408)         (-48.0546, -15.0525, -43.6178)
                                                                                    (-52.539, -34.449, -33.184)

             27          P 414          P 428             15        549.707         (-52.539, -34.449, -33.184)         (-30.6644, -39.8275, -15.8588)
                                                                                    (-32.873, -23.633, 3.574)

             28          P 428          P 438             11        436.957         (-32.873, -23.633, 3.574)         (-52.3734, -33.1199, 0.689863)
                                                                                    (-35.084, -19.625, -1.938)

             29          P 438          P 450             13        469.303         (-35.084, -19.625, -1.938)         (-24.501, -35.5638, -15.7493)
                                                                                    (-45.173, -37.471, -31.868)

             30          P 450          P 470             21        853.657         (-45.173, -37.471, -31.868)         (-41.4597, -11.589, -41.5683)
                                                                                    (-37.053, -38.101, -31.11)

             31          P 470          P 482             13         462.29         (-37.053, -38.101, -31.11)         (-20.5167, -27.4361, -15.0304)
                                                                                    (-40.255, -14.965, -4.204)

             32          P 482          P 483              2        50.4378         (-40.255, -14.965, -4.204)
                                                                                    (-40.707, -13.013, -1.002)

