Using structure file: /home/pkas7/Research/SCOP/pdbstyle-1.75B/a1/d1a1xa_.ent
Number of residues: 106
Doing a BEZIER segmentation ...

Bounding box volume: 28621.2
Null Model Fit: 4693.73 bits.
Bits per residue: 44.7021

Bezier model fit: 4338.17 bits.
Bits per residue: 41.3159

# of segments: 12
Internal segmentation:
0-->1-->16-->23-->35-->44-->55-->62-->72-->79-->92-->104-->105

CPU time used: 5.73 secs.
Wall clock time elapsed: 5 secs.

        SEGMENT          START            END   NUM_RESIDUES MESSAGE_LENGTH                    END_POINTS        INTERMEDIATE_CONTROL_POINTS
              1            A 3            A 4              2        47.7392         (9.56, 25.91, 36.169)
                                                                                    (6.682, 23.653, 37.152)

              2            A 4           A 19             16        625.969         (6.682, 23.653, 37.152)         (4.34805, 50.3358, 33.9833)
                                                                                    (17.742, 48.28, 54.469)

              3           A 19           A 26              8        296.429         (17.742, 48.28, 54.469)
                                                                                    (2.488, 47.528, 42.843)

              4           A 26           A 38             13        480.225         (2.488, 47.528, 42.843)         (12.0621, 40.9949, 58.0108)
                                                                                    (32.303, 31.288, 49.966)

              5           A 38           A 47             10         365.74         (32.303, 31.288, 49.966)
                                                                                    (6.898, 39.081, 49.222)

              6           A 47           A 58             12        445.444         (6.898, 39.081, 49.222)         (1.20124, 55.3662, 64.9912)
                                                                                    (21.203, 56.906, 51.007)

              7           A 58           A 65              8        301.841         (21.203, 56.906, 51.007)
                                                                                    (25.515, 44.375, 50.46)

              8           A 65           A 75             11        414.956         (25.515, 44.375, 50.46)         (11.3279, 54.4084, 39.8207)
                                                                                    (17.267, 36.23, 30.374)

              9           A 75           A 82              8        299.912         (17.267, 36.23, 30.374)
                                                                                    (25.628, 49.607, 39.87)

             10           A 82           A 95             14        532.004         (25.628, 49.607, 39.87)         (18.9812, 28.7154, 32.1615)
                                                                                    (4.801, 27.95, 52.377)

             11           A 95          A 107             13        480.171         (4.801, 27.95, 52.377)
                                                                                    (30.739, 41.746, 36.238)

             12          A 107          A 108              2        47.7392         (30.739, 41.746, 36.238)
                                                                                    (31.352, 40.962, 32.577)

