Using structure file: /home/pkas7/Research/SCOP/pdbstyle-1.75B/a3/d1a3aa_.ent
Number of residues: 145
Doing a BEZIER segmentation ...

Bounding box volume: 33756.1
Null Model Fit: 6471.39 bits.
Bits per residue: 44.9402

Bezier model fit: 5924.25 bits.
Bits per residue: 41.1406

# of segments: 10
Internal segmentation:
0-->16-->32-->55-->65-->80-->89-->103-->120-->142-->144

CPU time used: 8.36 secs.
Wall clock time elapsed: 8 secs.

        SEGMENT          START            END   NUM_RESIDUES MESSAGE_LENGTH                    END_POINTS        INTERMEDIATE_CONTROL_POINTS
              1            A 4           A 20             17        675.363         (-4.394, 42.817, 39.132)         (-27.9954, 25.7113, 34.9539)
                                                                                    (-3.225, 22.55, 18.524)

              2           A 20           A 36             17        640.182         (-3.225, 22.55, 18.524)
                                                                                    (-13.512, 43.882, 26.641)

              3           A 36           A 59             24        946.079         (-13.512, 43.882, 26.641)         (10.82, 40.7672, 5.49227)
                                                                                    (3.276, 21.425, 35.156)

              4           A 59           A 69             11        411.571         (3.276, 21.425, 35.156)         (-3.17648, 33.2949, 26.7072)
                                                                                    (4.536, 46.448, 20.49)

              5           A 69           A 84             16        621.092         (4.536, 46.448, 20.49)         (-12.499, 53.4945, 34.8776)
                                                                                    (-8.486, 21.736, 28.475)

              6           A 84           A 93             10        383.975         (-8.486, 21.736, 28.475)
                                                                                    (7.726, 17.051, 23.38)

              7           A 93          A 107             15        575.453         (7.726, 17.051, 23.38)         (-11.2945, 19.153, 33.965)
                                                                                    (0.529, 46.155, 28.615)

              8          A 107          A 124             18        685.371         (0.529, 46.155, 28.615)
                                                                                    (0.294, 23.261, 44.797)

              9          A 124          A 146             23        891.246         (0.294, 23.261, 44.797)         (-24.676, 17.9948, 30.235)
                                                                                    (-5.456, 32.991, 47.253)

             10          A 146          A 148              3        93.9175         (-5.456, 32.991, 47.253)
                                                                                    (-1.815, 37.835, 45.362)

