Using structure file: /home/pkas7/Research/SCOP/pdbstyle-1.75B/a6/d1a6ca2.ent
Number of residues: 172
Doing a BEZIER segmentation ...

Bounding box volume: 66390.8
Null Model Fit: 7851.64 bits.
Bits per residue: 45.916

Bezier model fit: 7069.9 bits.
Bits per residue: 41.3445

# of segments: 16
Internal segmentation:
0-->10-->25-->26-->47-->61-->74-->78-->89-->102-->109-->120-->121-->128-->147-->160-->171

CPU time used: 9.96 secs.
Wall clock time elapsed: 9 secs.

        SEGMENT          START            END   NUM_RESIDUES MESSAGE_LENGTH                    END_POINTS        INTERMEDIATE_CONTROL_POINTS
              1          A 177          A 187             11        431.735         (-7.061, 30.727, 108.408)         (-11.5445, 47.508, 110.457)
                                                                                    (-22.904, 32.83, 98.438)

              2          A 187          A 202             16        590.927         (-22.904, 32.83, 98.438)         (-22.5387, 23.7402, 124.257)
                                                                                    (-52.483, 18.351, 122.904)

              3          A 202          A 203              2        48.9531         (-52.483, 18.351, 122.904)
                                                                                    (-53.803, 21.013, 125.2)

              4          A 203          A 224             22        855.969         (-53.803, 21.013, 125.2)         (-25.6104, 45.2042, 104.266)
                                                                                    (-25.059, 32.354, 130.347)

              5          A 224          A 238             15        587.675         (-25.059, 32.354, 130.347)         (-13.6554, 31.1989, 107.898)
                                                                                    (-27.388, 46.262, 110.913)

              6          A 238          A 251             14        525.616         (-27.388, 46.262, 110.913)         (-33.523, 26.7861, 94.5808)
                                                                                    (-37.661, 13.395, 118.855)

              7          A 251          A 255              5         184.63         (-37.661, 13.395, 118.855)
                                                                                    (-46.976, 6.742, 120.056)

              8          A 255          A 266             12         454.36         (-46.976, 6.742, 120.056)         (-47.7493, 22.6465, 103.928)
                                                                                    (-42.976, 39.01, 112.301)

              9          A 266          A 279             14        544.581         (-42.976, 39.01, 112.301)         (-62.9598, 28.1648, 114.643)
                                                                                    (-49.022, 33.119, 101.767)

             10          A 279          A 286              8        301.453         (-49.022, 33.119, 101.767)
                                                                                    (-42.347, 15.456, 111.405)

             11          A 286          A 297             12         445.06         (-42.347, 15.456, 111.405)         (-29.2991, 25.1094, 98.1358)
                                                                                    (-42.443, 44.727, 106.799)

             12          A 297          A 298              2        48.9531         (-42.443, 44.727, 106.799)
                                                                                    (-39.411, 46.139, 104.923)

             13          A 298          A 305              8        300.234         (-39.411, 46.139, 104.923)
                                                                                    (-32.066, 43.39, 117.25)

             14          A 305          A 324             20        776.019         (-32.066, 43.39, 117.25)         (-54.3391, 25.8772, 103.616)
                                                                                    (-51.354, 5.774, 127.803)

             15          A 324          A 337             14        529.649         (-51.354, 5.774, 127.803)         (-40.2308, 20.6509, 122.87)
                                                                                    (-26.672, 27.707, 105.684)

             16          A 337          A 348             12        444.091         (-26.672, 27.707, 105.684)         (-33.0125, 47.1333, 89.8716)
                                                                                    (-22.338, 48.622, 112.205)

