Using structure file: /home/pkas7/Research/SCOP/pdbstyle-1.75B/ai/d1aisb1.ent
Number of residues: 98
Doing a BEZIER segmentation ...

Bounding box volume: 22782.3
Null Model Fit: 4304.18 bits.
Bits per residue: 44.373

Bezier model fit: 3965.76 bits.
Bits per residue: 40.8841

# of segments: 5
Internal segmentation:
0-->14-->42-->59-->87-->97

CPU time used: 5.1 secs.
Wall clock time elapsed: 5 secs.

        SEGMENT          START            END   NUM_RESIDUES MESSAGE_LENGTH                    END_POINTS        INTERMEDIATE_CONTROL_POINTS
              1         B 1108         B 1122             15        563.671         (-8.729, 40.809, 86.343)
                                                                                    (-6.856, 20.397, 80.695)

              2         B 1122         B 1150             29        1147.94         (-6.856, 20.397, 80.695)         (-4.77666, 24.7213, 56.2305)
                                                                                    (-17.225, 35.609, 89.244)         (-26.9938, 58.4619, 82.7218)

              3         B 1150         B 1167             18        677.165         (-17.225, 35.609, 89.244)
                                                                                    (-18.878, 22.765, 66.951)

              4         B 1167         B 1195             29        1147.15         (-18.878, 22.765, 66.951)         (-13.7667, 17.8616, 105.071)
                                                                                    (-28.284, 36.191, 74.954)

              5         B 1195         B 1205             11        429.832         (-28.284, 36.191, 74.954)
                                                                                    (-27.012, 24.575, 68.485)

