Using structure file: /home/pkas7/Research/SCOP/pdbstyle-1.75B/aj/d1ajsa_.ent
Number of residues: 412
Doing a BEZIER segmentation ...

Bounding box volume: 190260
Null Model Fit: 19495.8 bits.
Bits per residue: 47.435

Bezier model fit: 16976.4 bits.
Bits per residue: 41.305

# of segments: 24
Internal segmentation:
0-->27-->30-->41-->62-->70-->88-->105-->125-->139-->164-->181-->189-->200-->215-->229-->246-->275-->292-->312-->341-->346-->367-->383-->411

CPU time used: 26.26 secs.
Wall clock time elapsed: 26 secs.

        SEGMENT          START            END   NUM_RESIDUES MESSAGE_LENGTH                    END_POINTS        INTERMEDIATE_CONTROL_POINTS
              1            A 1           A 28             28        1104.66         (-75.18, -36.196, -20.992)         (-32.4485, -43.2834, -14.6563)
                                                                                    (-51.332, -54.379, 10.108)

              2           A 28           A 31              4        147.591         (-51.332, -54.379, 10.108)
                                                                                    (-43.447, -57.978, 11.786)

              3           A 31           A 42             12        462.592         (-43.447, -57.978, 11.786)         (-34.9506, -41.9752, -9.20485)
                                                                                    (-32.817, -44.473, 14.622)

              4           A 42           A 63             22        864.218         (-32.817, -44.473, 14.622)
                                                                                    (-36.999, -14.319, 15.408)

              5           A 63           A 71              9        341.051         (-36.999, -14.319, 15.408)
                                                                                    (-37.733, -14.531, -1.866)

              6           A 71           A 89             19        741.174         (-37.733, -14.531, -1.866)
                                                                                    (-14.885, -26.162, -0.696)

              7           A 89          A 106             18        706.446         (-14.885, -26.162, -0.696)         (-5.75722, -8.71268, -15.1649)
                                                                                    (-37.171, -27.833, -4.733)

              8          A 106          A 126             21        810.298         (-37.171, -27.833, -4.733)
                                                                                    (-30.6, -23.567, -29.314)

              9          A 126          A 140             15        603.002         (-30.6, -23.567, -29.314)         (-24.1466, -46.45, -26.555)
                                                                                    (-32.355, -43.802, -9.768)

             10          A 140          A 165             26        1030.58         (-32.355, -43.802, -9.768)         (-42.0716, -24.8511, -35.0162)
                                                                                    (-17.96, -59.088, -9.816)

             11          A 165          A 182             18        701.204         (-17.96, -59.088, -9.816)
                                                                                    (-18.796, -35.212, -28.29)

             12          A 182          A 190              9        343.305         (-18.796, -35.212, -28.29)         (-29.0145, -37.3997, -19.3477)
                                                                                    (-21.159, -37.553, -6.916)

             13          A 190          A 201             12        474.964         (-21.159, -37.553, -6.916)         (-34.4441, -54.4288, -3.74035)
                                                                                    (-12.066, -44.517, -6.311)

             14          A 201          A 216             16        606.143         (-12.066, -44.517, -6.311)
                                                                                    (-16.023, -32.536, -24.354)

             15          A 216          A 230             15        579.571         (-16.023, -32.536, -24.354)         (-34.2087, -33.4215, -1.36176)
                                                                                    (-17.956, -41.842, 4.294)

             16          A 230          A 247             18        700.537         (-17.956, -41.842, 4.294)
                                                                                    (-11.146, -26.87, -15.544)

             17          A 247          A 276             30        1212.28         (-11.146, -26.87, -15.544)         (-56.5416, -43.3432, 20.8088)
                                                                                    (-15.662, -17.076, -16.911)

             18          A 276          A 293             18        687.158         (-15.662, -17.076, -16.911)
                                                                                    (-42.94, -20.472, -14.961)

             19          A 293          A 313             21        826.087         (-42.94, -20.472, -14.961)         (-38.2318, -22.9223, 10.2826)
                                                                                    (-19.111, -22.27, 12.553)

             20          A 313          A 342             30        1121.32         (-19.111, -22.27, 12.553)         (-26.8849, -43.4639, 12.7138)
                                                                                    (-23.083, -65.847, 7.352)

             21          A 342          A 347              6        226.593         (-23.083, -65.847, 7.352)
                                                                                    (-25.799, -69.444, 0.309)

             22          A 347          A 368             22        869.103         (-25.799, -69.444, 0.309)         (-12.7447, -34.3842, 4.38606)
                                                                                    (-38.996, -63.555, -7.163)

             23          A 368          A 384             17        673.977         (-38.996, -63.555, -7.163)         (-49.2815, -59.4493, 13.7529)
                                                                                    (-34.204, -54.323, -7.927)

             24          A 384          A 412             29         1142.5         (-34.204, -54.323, -7.927)         (-32.0604, -53.1452, 30.9376)
                                                                                    (-34.427, -70.813, -6.193)

