Using structure file: /home/pkas7/Research/SCOP/pdbstyle-1.75B/ao/d1aoza2.ent
Number of residues: 209
Doing a BEZIER segmentation ...

Bounding box volume: 91787.5
Null Model Fit: 9647.74 bits.
Bits per residue: 46.3834

Bezier model fit: 8631.13 bits.
Bits per residue: 41.4958

# of segments: 16
Internal segmentation:
0-->16-->29-->43-->68-->70-->81-->93-->113-->122-->129-->143-->154-->170-->189-->205-->208

CPU time used: 13.04 secs.
Wall clock time elapsed: 13 secs.

        SEGMENT          START            END   NUM_RESIDUES MESSAGE_LENGTH                    END_POINTS        INTERMEDIATE_CONTROL_POINTS
              1          A 130          A 146             17        655.055         (56.628, 45.515, -2.922)         (78.9968, 44.9862, 14.9721)
                                                                                    (52.383, 8.16, 16.836)         (44.2547, 21.2443, 2.98606)

              2          A 146          A 159             14          551.6         (52.383, 8.16, 16.836)         (48.1506, 2.11475, 2.19685)
                                                                                    (33.416, -1.159, 9.357)

              3          A 159          A 173             15        573.617         (33.416, -1.159, 9.357)         (43.4483, 14.6324, 23.9942)
                                                                                    (59.642, 22.917, 10.999)

              4          A 173          A 198             26        1062.21         (59.642, 22.917, 10.999)         (44.1143, 22.4693, 51.8183)
                                                                                    (70.674, 19.457, 20.186)

              5          A 198          A 200              3        96.8038         (70.674, 19.457, 20.186)
                                                                                    (65.661, 16.243, 16.916)

              6          A 200          A 211             12        451.068         (65.661, 16.243, 16.916)
                                                                                    (64.826, 47.319, 15.494)

              7          A 211          A 223             13        474.046         (64.826, 47.319, 15.494)         (56.6151, 34.0054, 0.959808)
                                                                                    (46.672, 16.453, 7.748)

              8          A 223          A 243             21        834.881         (46.672, 16.453, 7.748)         (52.6786, 53.2342, 31.1354)
                                                                                    (51.394, 33.187, -3.447)

              9          A 243          A 252             10         371.96         (51.394, 33.187, -3.447)         (44.0531, 51.5699, -0.95451)
                                                                                    (47.224, 39.918, 16.629)

             10          A 252          A 259              8        303.124         (47.224, 39.918, 16.629)         (42.9283, 27.2921, 11.3122)
                                                                                    (46.848, 24.175, 2.261)

             11          A 259          A 273             15         572.14         (46.848, 24.175, 2.261)         (57.1137, 51.7788, 8.58054)
                                                                                    (66.202, 42.394, 27.035)

             12          A 273          A 284             12        441.546         (66.202, 42.394, 27.035)         (55.405, 27.1884, 19.8668)
                                                                                    (37.932, 24.556, 14.685)

             13          A 284          A 300             17        663.418         (37.932, 24.556, 14.685)         (43.0538, 5.836, 31.5014)
                                                                                    (72.098, 38.677, 22.244)         (60.4095, 38.0141, 13.1082)

             14          A 300          A 319             20        792.667         (72.098, 38.677, 22.244)         (56.227, 29.7857, 35.7652)
                                                                                    (34.241, 30.884, 18.139)

             15          A 319          A 335             17        642.564         (34.241, 30.884, 18.139)
                                                                                    (46.224, 46.516, -8.529)

             16          A 335          A 338              4        144.437         (46.224, 46.516, -8.529)
                                                                                    (39.812, 41.428, -11.147)

