Using structure file: /home/pkas7/Research/SCOP/pdbstyle-1.75B/at/d1at3a_.ent
Number of residues: 217
Doing a BEZIER segmentation ...

Bounding box volume: 70128.9
Null Model Fit: 9934.94 bits.
Bits per residue: 45.9951

Bezier model fit: 8942.13 bits.
Bits per residue: 41.3987

# of segments: 12
Internal segmentation:
0-->18-->45-->60-->85-->88-->114-->127-->135-->164-->193-->215-->216

CPU time used: 12.96 secs.
Wall clock time elapsed: 13 secs.

        SEGMENT          START            END   NUM_RESIDUES MESSAGE_LENGTH                    END_POINTS        INTERMEDIATE_CONTROL_POINTS
              1           A 17           A 35             19         746.01         (12.217, 40.962, 7.629)         (45.8154, 30.0272, -3.08676)
                                                                                    (42.879, 12.038, 5.716)

              2           A 35           A 62             28        1125.15         (42.879, 12.038, 5.716)         (31.8992, 28.3988, -26.9157)
                                                                                    (20.002, 17.686, 9.322)

              3           A 62           A 77             16        623.982         (20.002, 17.686, 9.322)         (12.9401, 34.3175, -3.42487)
                                                                                    (44.536, 27.705, -6.402)

              4           A 77          A 102             26        1019.29         (44.536, 27.705, -6.402)         (-0.0935838, 30.5463, 8.74855)
                                                                                    (25.55, 39.612, 28.8)

              5          A 102          A 112              4        143.272         (25.55, 39.612, 28.8)
                                                                                    (24.314, 46.915, 17.974)

              6          A 112          A 145             27        1079.15         (24.314, 46.915, 17.974)         (32.1633, 20.5193, 13.0473)
                                                                                    (29.661, 15.264, -6.872)

              7          A 145          A 158             14        551.649         (29.661, 15.264, -6.872)         (20.9456, 26.5575, 18.59)
                                                                                    (41.091, 21.432, 7.439)

              8          A 158          A 166              9        329.993         (41.091, 21.432, 7.439)
                                                                                    (25.605, 41.331, 5.564)

              9          A 166          A 195             30        1185.39         (25.605, 41.331, 5.564)         (57.2592, 33.2432, -7.70809)
                                                                                    (18.672, 37.258, -8.948)

             10          A 195          A 224             30        1175.32         (18.672, 37.258, -8.948)         (1.77552, 18.092, 22.915)
                                                                                    (38.562, 19.263, 24.567)

             11          A 224          A 246             23        913.886         (38.562, 19.263, 24.567)         (47.7532, 36.2786, -2.5436)
                                                                                    (36.404, 35.187, 18.855)

             12          A 246          A 247              2        49.0321         (36.404, 35.187, 18.855)
                                                                                    (39.452, 33.069, 17.978)

