Using structure file: /home/pkas7/Research/SCOP/pdbstyle-1.75B/au/d1auaa2.ent
Number of residues: 203
Doing a BEZIER segmentation ...

Bounding box volume: 75918.8
Null Model Fit: 9314.12 bits.
Bits per residue: 46.1095

Bezier model fit: 8339.73 bits.
Bits per residue: 41.2858

# of segments: 11
Internal segmentation:
0-->21-->41-->42-->70-->86-->109-->121-->142-->155-->179-->202

CPU time used: 11.71 secs.
Wall clock time elapsed: 11 secs.

        SEGMENT          START            END   NUM_RESIDUES MESSAGE_LENGTH                    END_POINTS        INTERMEDIATE_CONTROL_POINTS
              1           A 97          A 118             22        884.173         (16.809, 44.932, 33.304)         (21.8678, 58.3359, 18.4985)
                                                                                    (-3.868, 38.75, 16.601)

              2          A 118          A 138             21         818.12         (-3.868, 38.75, 16.601)         (33.8711, 55.5509, 11.1919)
                                                                                    (25.426, 46.111, 30.227)

              3          A 138          A 139              2        49.1466         (25.426, 46.111, 30.227)
                                                                                    (26.887, 42.874, 28.842)

              4          A 139          A 167             29        1105.31         (26.887, 42.874, 28.842)         (6.23804, 33.7185, 31.2323)
                                                                                    (-11.073, 35.001, 19.669)

              5          A 167          A 183             17        654.367         (-11.073, 35.001, 19.669)         (6.47074, 19.7393, 21.6293)
                                                                                    (27.433, 48.248, 8.166)         (11.0538, 59.7282, 6.48985)

              6          A 183          A 206             24        925.789         (27.433, 48.248, 8.166)         (29.0944, 33.2595, 24.3507)
                                                                                    (10.186, 26.68, 18.428)

              7          A 206          A 218             13        504.856         (10.186, 26.68, 18.428)         (0.801106, 41.1399, 10.1349)
                                                                                    (20.587, 46.493, 1.597)

              8          A 218          A 239             22         865.11         (20.587, 46.493, 1.597)         (15.6837, 22.464, -11.4524)
                                                                                    (6.731, 33.424, 6.824)

              9          A 239          A 252             14        548.487         (6.731, 33.424, 6.824)         (17.6799, 55.7536, -4.07412)
                                                                                    (-0.041, 47.885, 6.219)

             10          A 252          A 276             25        1010.59         (-0.041, 47.885, 6.219)
                                                                                    (7.772, 56.564, 23.198)

             11          A 276          A 299             24        973.788         (7.772, 56.564, 23.198)         (-18.0134, 31.5871, 31.2815)
                                                                                    (7.38, 46.082, 32.985)

