Using structure file: /home/pkas7/Research/SCOP/pdbstyle-1.75B/av/d1avqa_.ent
Number of residues: 228
Doing a BEZIER segmentation ...

Bounding box volume: 76854.2
Null Model Fit: 10470.9 bits.
Bits per residue: 46.1272

Bezier model fit: 9372.17 bits.
Bits per residue: 41.2871

# of segments: 15
Internal segmentation:
0-->25-->46-->68-->75-->98-->112-->125-->136-->152-->167-->180-->181-->194-->217-->227

CPU time used: 13.88 secs.
Wall clock time elapsed: 14 secs.

        SEGMENT          START            END   NUM_RESIDUES MESSAGE_LENGTH                    END_POINTS        INTERMEDIATE_CONTROL_POINTS
              1           A -1           A 24             26        1066.57         (36.21, 136.829, 107.907)         (56.4543, 118.64, 100.7)
                                                                                    (50.345, 129.638, 92.188)

              2           A 24           A 45             22        872.916         (50.345, 129.638, 92.188)
                                                                                    (26.763, 152.344, 76.569)

              3           A 45           A 67             23        891.165         (26.763, 152.344, 76.569)
                                                                                    (37.358, 121.527, 84.488)

              4           A 67           A 74              8        293.818         (37.358, 121.527, 84.488)
                                                                                    (50.811, 134.124, 74.532)

              5           A 74           A 97             24        919.223         (50.811, 134.124, 74.532)         (67.348, 137.202, 86.5599)
                                                                                    (65.162, 153.249, 97.338)

              6           A 97          A 111             15        593.095         (65.162, 153.249, 97.338)         (51.9209, 132.898, 98.1327)
                                                                                    (35.571, 133.262, 100.692)

              7          A 111          A 124             14         550.75         (35.571, 133.262, 100.692)         (52.8326, 137.652, 85.5798)
                                                                                    (56.688, 152.123, 102.825)

              8          A 124          A 135             12        454.038         (56.688, 152.123, 102.825)
                                                                                    (57.834, 144.697, 73.037)

              9          A 135          A 151             17        668.357         (57.834, 144.697, 73.037)         (59.7476, 165.46, 80.9434)
                                                                                    (45.536, 151.567, 79.578)

             10          A 151          A 166             16        608.172         (45.536, 151.567, 79.578)
                                                                                    (43.196, 147.711, 101.492)

             11          A 166          A 179             14        535.824         (43.196, 147.711, 101.492)
                                                                                    (67.557, 148.907, 77.034)

             12          A 179          A 180              2        49.1643         (67.557, 148.907, 77.034)
                                                                                    (71.163, 149.979, 76.851)

             13          A 180          A 193             14         532.91         (71.163, 149.979, 76.851)         (59.4925, 156.11, 90.7011)
                                                                                    (37.152, 155.658, 95.911)

             14          A 193          A 216             24        906.808         (37.152, 155.658, 95.911)
                                                                                    (22.236, 124.859, 87.413)

             15          A 216          A 226             11        429.361         (22.236, 124.859, 87.413)
                                                                                    (39.45, 118.938, 94.966)

