Using structure file: /home/pkas7/Research/SCOP/pdbstyle-1.75B/b1/d1b12a_.ent
Number of residues: 239
Doing a BEZIER segmentation ...

Bounding box volume: 124180
Null Model Fit: 11143 bits.
Bits per residue: 46.8194

Bezier model fit: 9930.76 bits.
Bits per residue: 41.7259

# of segments: 18
Internal segmentation:
0-->11-->21-->39-->50-->63-->75-->83-->97-->123-->124-->142-->154-->155-->177-->188-->197-->219-->238

CPU time used: 14.57 secs.
Wall clock time elapsed: 14 secs.

        SEGMENT          START            END   NUM_RESIDUES MESSAGE_LENGTH                    END_POINTS        INTERMEDIATE_CONTROL_POINTS
              1           A 77           A 88             12        443.695         (67.544, 24.811, 41.041)         (78.6413, 19.8888, 23.6381)
                                                                                    (69.398, 24.331, 8.279)

              2           A 88           A 98             11        434.444         (69.398, 24.331, 8.279)         (61.0521, 40.4607, 12.6346)
                                                                                    (76.74, 27.252, 11.104)

              3           A 98          A 116             19        750.271         (76.74, 27.252, 11.104)         (59.4837, 24.0853, 39.6392)
                                                                                    (68.079, 15.618, 50.523)

              4          A 116          A 127             12        439.911         (68.079, 15.618, 50.523)         (59.5342, 16.8744, 34.7351)
                                                                                    (55.267, 32.932, 23.685)

              5          A 127          A 140             14        559.455         (55.267, 32.932, 23.685)
                                                                                    (64.462, 10.942, 16.226)

              6          A 140          A 152             13         492.28         (64.462, 10.942, 16.226)         (64.6539, 36.7899, 15.133)
                                                                                    (44.542, 27.736, 24.07)

              7          A 152          A 160              9        333.611         (44.542, 27.736, 24.07)
                                                                                    (49.031, 36.511, 1.418)

              8          A 160          A 174             15        594.694         (49.031, 36.511, 1.418)         (50.1031, 33.7191, 28.032)
                                                                                    (33.464, 30.986, 20.719)

              9          A 174          A 200             27        1056.68         (33.464, 30.986, 20.719)         (72.4353, 61.3701, 15.2343)
                                                                                    (66.475, 21.003, -16.206)

             10          A 200          A 201              2        49.8565         (66.475, 21.003, -16.206)
                                                                                    (64.347, 24.148, -16.283)

             11          A 201          A 219             19         755.82         (64.347, 24.148, -16.283)         (68.5673, 14.6709, 12.0429)
                                                                                    (69.145, 32.365, -10.12)         (82.7105, 65.4746, -2.97048)

             12          A 219          A 231             13        472.847         (69.145, 32.365, -10.12)         (63.4726, 45.4139, 5.97598)
                                                                                    (52.761, 40.498, 22.368)

             13          A 231          A 232              2        49.8565         (52.761, 40.498, 22.368)
                                                                                    (55.95, 41.99, 23.811)

             14          A 232          A 254             23        914.314         (55.95, 41.99, 23.811)         (65.6916, 32.7153, -19.5272)
                                                                                    (39.233, 18.934, 12.753)

             15          A 254          A 265             12        472.241         (39.233, 18.934, 12.753)         (43.0296, 34.6082, 2.04368)
                                                                                    (46.204, 22.016, 26.076)

             16          A 265          A 274             10        370.252         (46.204, 22.016, 26.076)
                                                                                    (62.524, 32.011, 7.569)

             17          A 274          A 296             23         931.72         (62.524, 32.011, 7.569)         (40.9635, 8.26612, 15.9824)
                                                                                    (67.714, 28.491, 23.107)

             18          A 296          A 323             20        808.812         (67.714, 28.491, 23.107)         (97.7162, 32.0208, 7.46393)
                                                                                    (67.914, 38.545, 18.712)

