Using structure file: /home/pkas7/Research/SCOP/pdbstyle-1.75B/bd/d1bd0a2.ent
Number of residues: 233
Doing a BEZIER segmentation ...

Bounding box volume: 62894.7
Null Model Fit: 10634.4 bits.
Bits per residue: 45.838

Bezier model fit: 9631.6 bits.
Bits per residue: 41.5155

# of segments: 15
Internal segmentation:
0-->1-->17-->45-->64-->74-->88-->97-->120-->129-->144-->161-->184-->203-->220-->232

CPU time used: 14.25 secs.
Wall clock time elapsed: 14 secs.

        SEGMENT          START            END   NUM_RESIDUES MESSAGE_LENGTH                    END_POINTS        INTERMEDIATE_CONTROL_POINTS
              1           A 12           A 13              2        48.8751         (7.434, 24.292, 75.275)
                                                                                    (4.453, 22.341, 73.909)

              2           A 13           A 29             17        644.776         (4.453, 22.341, 73.909)
                                                                                    (9.476, -2.33, 64.473)

              3           A 29           A 57             29        1158.24         (9.476, -2.33, 64.473)         (26.5815, 33.2761, 86.8452)
                                                                                    (5.117, 8.488, 74.642)

              4           A 57           A 76             20        792.542         (5.117, 8.488, 74.642)         (39.5509, 12.2671, 80.2669)
                                                                                    (15.128, 15.43, 89.391)

              5           A 76           A 86             11        415.028         (15.128, 15.43, 89.391)         (13.2034, -2.2404, 82.3839)
                                                                                    (30.488, 11.402, 75.312)

              6           A 86          A 100             15        592.553         (30.488, 11.402, 75.312)         (41.0196, 5.81669, 96.5102)
                                                                                    (22.802, 3.348, 87.279)

              7          A 100          A 109             10         378.14         (22.802, 3.348, 87.279)         (31.4234, 5.4473, 68.9888)
                                                                                    (43.575, 2.65, 78.282)

              8          A 109          A 132             24        940.759         (43.575, 2.65, 78.282)         (27.7992, -6.18496, 108.982)
                                                                                    (32.634, 4.567, 60.977)

              9          A 132          A 141             10        397.313         (32.634, 4.567, 60.977)         (32.7523, 18.1029, 70.1672)
                                                                                    (40.786, -0.974, 64.577)

             10          A 141          A 156             16        604.501         (40.786, -0.974, 64.577)
                                                                                    (33.588, -8.75, 87.325)

             11          A 156          A 173             18        697.078         (33.588, -8.75, 87.325)
                                                                                    (19.257, 13.153, 50.251)

             12          A 173          A 196             24        943.011         (19.257, 13.153, 50.251)         (40.2988, -7.34144, 55.3058)
                                                                                    (25.739, -6.94, 72.911)

             13          A 196          A 215             20        797.811         (25.739, -6.94, 72.911)         (10.3644, 20.4106, 52.5401)
                                                                                    (19.125, -2.578, 64.625)

             14          A 215          A 232             18        715.838         (19.125, -2.578, 64.625)         (9.58167, 23.5, 77.4887)
                                                                                    (16.345, 19.248, 52.551)

             15          A 232          A 244             13        505.133         (16.345, 19.248, 52.551)         (2.20051, 5.39547, 52.4506)
                                                                                    (7.571, 22.284, 70.308)

