Using structure file: /home/pkas7/Research/SCOP/pdbstyle-1.75B/be/d1beda_.ent
Number of residues: 181
Doing a BEZIER segmentation ...

Bounding box volume: 61129.5
Null Model Fit: 8243.45 bits.
Bits per residue: 45.7969

Bezier model fit: 7396.08 bits.
Bits per residue: 41.0893

# of segments: 12
Internal segmentation:
0-->7-->18-->29-->47-->63-->92-->95-->116-->143-->153-->165-->180

CPU time used: 10.58 secs.
Wall clock time elapsed: 10 secs.

        SEGMENT          START            END   NUM_RESIDUES MESSAGE_LENGTH                    END_POINTS        INTERMEDIATE_CONTROL_POINTS
              1            A 1            A 8              8        311.575         (1.202, -9.14, 29.503)
                                                                                    (0.532, -16.171, 37.481)

              2            A 8           A 19             12        452.539         (0.532, -16.171, 37.481)         (12.5643, -37.6814, 30.7051)
                                                                                    (-7.631, -30.329, 23.092)

              3           A 19           A 30             12        459.344         (-7.631, -30.329, 23.092)
                                                                                    (-9.298, -31.938, 51.559)

              4           A 30           A 48             19        726.281         (-9.298, -31.938, 51.559)         (-21.2241, -20.027, 47.3711)
                                                                                    (-15.668, -20.909, 26.645)

              5           A 48           A 64             17        660.863         (-15.668, -20.909, 26.645)
                                                                                    (-6.219, -46.694, 53.714)

              6           A 64           A 93             30        1159.18         (-6.219, -46.694, 53.714)         (-30.661, -37.7601, 24.677)
                                                                                    (-16.867, -35.842, 55.946)

              7           A 93           A 96              4        142.677         (-16.867, -35.842, 55.946)
                                                                                    (-21.094, -33.941, 59.689)

              8           A 96          A 117             22        871.094         (-21.094, -33.941, 59.689)         (-1.38289, -65.1454, 55.5699)
                                                                                    (-27.088, -51.361, 45.384)         (-38.0068, -30.3758, 49.3849)

              9          A 117          A 144             28        1078.54         (-27.088, -51.361, 45.384)         (-10.488, -52.0989, 30.8486)
                                                                                    (4.764, -33.616, 39.554)

             10          A 144          A 154             11        422.502         (4.764, -33.616, 39.554)         (-8.75876, -26.1898, 54.3011)
                                                                                    (-4.271, -27.902, 28.946)

             11          A 154          A 166             13        507.612         (-4.271, -27.902, 28.946)         (6.25473, -21.7785, 43.9515)
                                                                                    (-11.214, -11.245, 42.407)

             12          A 166          A 181             16        603.863         (-11.214, -11.245, 42.407)
                                                                                    (-0.779, -24.191, 23.671)

