Using structure file: /home/pkas7/Research/SCOP/pdbstyle-1.75B/bf/d1bf2a2.ent
Number of residues: 113
Doing a BEZIER segmentation ...

Bounding box volume: 31952.7
Null Model Fit: 5024.43 bits.
Bits per residue: 44.861

Bezier model fit: 4652.76 bits.
Bits per residue: 41.5425

# of segments: 11
Internal segmentation:
0-->1-->12-->24-->35-->51-->63-->64-->86-->95-->104-->112

CPU time used: 6.25 secs.
Wall clock time elapsed: 6 secs.

        SEGMENT          START            END   NUM_RESIDUES MESSAGE_LENGTH                    END_POINTS        INTERMEDIATE_CONTROL_POINTS
              1          A 638          A 639              2        47.8981         (82.375, 92.859, 20.603)
                                                                                    (83.568, 95.058, 17.742)

              2          A 639          A 650             12        462.229         (83.568, 95.058, 17.742)
                                                                                    (75.531, 110.485, 27.855)

              3          A 650          A 662             13        505.726         (75.531, 110.485, 27.855)         (97.318, 106.413, 24.7957)
                                                                                    (87.055, 108.158, 41.19)

              4          A 662          A 673             12        449.596         (87.055, 108.158, 41.19)
                                                                                    (70.714, 93.881, 15.082)

              5          A 673          A 689             17        665.793         (70.714, 93.881, 15.082)
                                                                                    (76.947, 104.957, 46.867)

              6          A 689          A 701             13        484.796         (76.947, 104.957, 46.867)         (70.1123, 116.684, 29.152)
                                                                                    (68.278, 100.59, 16.805)

              7          A 701          A 702              2        47.8981         (68.278, 100.59, 16.805)
                                                                                    (64.694, 101.693, 17.296)

              8          A 702          A 724             23        916.839         (64.694, 101.693, 17.296)         (64.3334, 98.685, 62.4936)
                                                                                    (58.231, 90.731, 27.961)

              9          A 724          A 733             10        376.831         (58.231, 90.731, 27.961)         (53.5877, 103.455, 32.6828)
                                                                                    (67.945, 110.348, 23.205)

             10          A 733          A 742             10         371.79         (67.945, 110.348, 23.205)         (64.0454, 112.86, 39.0848)
                                                                                    (74.887, 100.6, 43.885)

             11          A 742          A 750              9         323.36         (74.887, 100.6, 43.885)         (68.7174, 96.3112, 31.4902)
                                                                                    (61.948, 99.726, 20.317)

