Using structure file: /home/pkas7/Research/SCOP/pdbstyle-1.75B/bg/d1bgca_.ent
Number of residues: 158
Doing a BEZIER segmentation ...

Bounding box volume: 65982.8
Null Model Fit: 7207.42 bits.
Bits per residue: 45.9072

Bezier model fit: 6313.29 bits.
Bits per residue: 40.212

# of segments: 12
Internal segmentation:
0-->2-->30-->46-->61-->62-->85-->90-->117-->121-->127-->156-->157

CPU time used: 9.03 secs.
Wall clock time elapsed: 9 secs.

        SEGMENT          START            END   NUM_RESIDUES MESSAGE_LENGTH                    END_POINTS        INTERMEDIATE_CONTROL_POINTS
              1            A 9           A 11              3        95.8514         (-42.041, -51.882, 84.631)
                                                                                    (-38.522, -47.123, 87.063)

              2           A 11           A 39             29        1087.07         (-38.522, -47.123, 87.063)
                                                                                    (-2.347, -43.114, 65.615)

              3           A 39           A 55             17        664.679         (-2.347, -43.114, 65.615)         (-24.1896, -47.2674, 49.8924)
                                                                                    (-12.888, -61.184, 60.28)

              4           A 55           A 70             16        624.677         (-12.888, -61.184, 60.28)
                                                                                    (-40.937, -56.627, 73.036)

              5           A 70           A 71              2        48.9442         (-40.937, -56.627, 73.036)
                                                                                    (-40.503, -58.699, 76.172)

              6           A 71           A 94             24        897.051         (-40.503, -58.699, 76.172)
                                                                                    (-5.407, -57.656, 73.368)

              7           A 94           A 99              6        224.881         (-5.407, -57.656, 73.368)
                                                                                    (-1.11, -46.345, 72.033)

              8           A 99          A 126             28        1056.96         (-1.11, -46.345, 72.033)         (-21.7459, -50.9018, 86.3656)
                                                                                    (-37.223, -61.645, 88.221)

              9          A 126          A 137              5        185.296         (-37.223, -61.645, 88.221)
                                                                                    (-17.533, -68.93, 69.997)

             10          A 137          A 143              7         258.19         (-17.533, -68.93, 69.997)
                                                                                    (-2.18, -59.522, 63.162)

             11          A 143          A 172             30        1120.74         (-2.18, -59.522, 63.162)         (-20.9379, -44.8143, 64.4216)
                                                                                    (-40.498, -50.756, 79.063)

             12          A 172          A 173              2        48.9442         (-40.498, -50.756, 79.063)
                                                                                    (-40.323, -47.693, 81.294)

