Using structure file: /home/pkas7/Research/SCOP/pdbstyle-1.75B/bi/d1biaa1.ent
Number of residues: 63
Doing a BEZIER segmentation ...

Bounding box volume: 14929.1
Null Model Fit: 2713.32 bits.
Bits per residue: 43.7632

Bezier model fit: 2567.64 bits.
Bits per residue: 41.4135

# of segments: 4
Internal segmentation:
0-->16-->45-->53-->62

CPU time used: 2.9 secs.
Wall clock time elapsed: 2 secs.

        SEGMENT          START            END   NUM_RESIDUES MESSAGE_LENGTH                    END_POINTS        INTERMEDIATE_CONTROL_POINTS
              1            A 1           A 17             17        654.829         (96, 101.632, 91.121)         (113.62, 104.501, 79.1415)
                                                                                    (109.25, 110.129, 66.466)

              2           A 17           A 46             30         1196.9         (109.25, 110.129, 66.466)         (129.261, 85.8405, 85.5247)
                                                                                    (96.978, 101.309, 74.189)

              3           A 46           A 54              9        335.057         (96.978, 101.309, 74.189)         (102.089, 105.785, 64.1)
                                                                                    (114.589, 94.512, 61.622)

              4           A 54           A 63             10        380.849         (114.589, 94.512, 61.622)
                                                                                    (106.375, 112.605, 67.156)

