Using structure file: /home/pkas7/Research/SCOP/pdbstyle-1.75B/bi/d1bifa1.ent
Number of residues: 213
Doing a BEZIER segmentation ...

Bounding box volume: 66582.8
Null Model Fit: 9735.09 bits.
Bits per residue: 45.9202

Bezier model fit: 8699.09 bits.
Bits per residue: 41.0335

# of segments: 14
Internal segmentation:
0-->10-->29-->58-->84-->96-->111-->123-->149-->173-->184-->185-->194-->211-->212

CPU time used: 12.83 secs.
Wall clock time elapsed: 12 secs.

        SEGMENT          START            END   NUM_RESIDUES MESSAGE_LENGTH                    END_POINTS        INTERMEDIATE_CONTROL_POINTS
              1           A 37           A 47             11        416.917         (31.198, 54.101, 43.836)
                                                                                    (57.51, 59.126, 57.005)

              2           A 47           A 66             20        762.019         (57.51, 59.126, 57.005)
                                                                                    (33.587, 41.165, 53.499)

              3           A 66           A 95             30        1229.29         (33.587, 41.165, 53.499)         (76.1026, 50.2479, 43.2418)
                                                                                    (65.529, 66.911, 43.046)

              4           A 95          A 121             27        1018.56         (65.529, 66.911, 43.046)
                                                                                    (35.535, 44.387, 41.359)

              5          A 121          A 133             13        511.524         (35.535, 44.387, 41.359)         (49.4091, 51.5172, 55.0934)
                                                                                    (51.247, 68.48, 49.696)

              6          A 133          A 148             16        602.483         (51.247, 68.48, 49.696)
                                                                                    (34.073, 57.517, 39.623)

              7          A 148          A 160             13        478.145         (34.073, 57.517, 39.623)         (41.8079, 61.4343, 57.618)
                                                                                    (56.673, 63.084, 69.279)

              8          A 160          A 186             27         1075.1         (56.673, 63.084, 69.279)         (66.2352, 38.9374, 55.7956)
                                                                                    (70.637, 53.979, 58.234)

              9          A 186          A 210             25        984.615         (70.637, 53.979, 58.234)         (61.9175, 73.9786, 54.5297)
                                                                                    (36.656, 71.882, 54.074)

             10          A 210          A 221             12        466.716         (36.656, 71.882, 54.074)
                                                                                    (45.068, 57.964, 68.229)

             11          A 221          A 222              2        48.9573         (45.068, 57.964, 68.229)
                                                                                    (44.48, 60.168, 71.255)

             12          A 222          A 231             10        367.331         (44.48, 60.168, 71.255)         (35.7242, 71.744, 57.0211)
                                                                                    (28.534, 57.755, 53.409)

             13          A 231          A 248             18         688.48         (28.534, 57.755, 53.409)
                                                                                    (51.208, 47.18, 74.131)

             14          A 248          A 249              2        48.9573         (51.208, 47.18, 74.131)
                                                                                    (49.049, 44.282, 75.291)

