Using structure file: /home/pkas7/Research/SCOP/pdbstyle-1.75B/bk/d1bkpa_.ent
Number of residues: 278
Doing a BEZIER segmentation ...

Bounding box volume: 107403
Null Model Fit: 12911 bits.
Bits per residue: 46.61

Bezier model fit: 11457.1 bits.
Bits per residue: 41.3615

# of segments: 18
Internal segmentation:
0-->15-->31-->32-->52-->81-->95-->123-->152-->159-->169-->170-->184-->206-->216-->225-->248-->263-->277

CPU time used: 17.34 secs.
Wall clock time elapsed: 17 secs.

        SEGMENT          START            END   NUM_RESIDUES MESSAGE_LENGTH                    END_POINTS        INTERMEDIATE_CONTROL_POINTS
              1            A 2           A 17             16        619.649         (28.018, -14.76, 7.646)
                                                                                    (38.913, 3.296, 18.089)

              2           A 17           A 33             17        666.719         (38.913, 3.296, 18.089)         (20.6278, 19.4374, 37.8879)
                                                                                    (37.816, -5.799, 42.58)

              3           A 33           A 34              2        49.6471         (37.816, -5.799, 42.58)
                                                                                    (38.354, -2.376, 43.897)

              4           A 34           A 54             21        810.692         (38.354, -2.376, 43.897)         (21.7082, 14.4046, 11.1718)
                                                                                    (24.725, -20.254, 9.444)

              5           A 54           A 83             30        1205.51         (24.725, -20.254, 9.444)         (52.2497, -17.8186, 39.1143)
                                                                                    (12.642, -16.033, 39.109)         (-11.9934, -20.7806, 15.237)

              6           A 83           A 97             15         592.16         (12.642, -16.033, 39.109)         (21.2216, -31.0686, 34.2982)
                                                                                    (16.911, -8.701, 40.506)

              7           A 97          A 125             29        1177.54         (16.911, -8.701, 40.506)
                                                                                    (-1.528, -12.108, 24.656)

              8          A 125          A 154             30        1196.52         (-1.528, -12.108, 24.656)         (1.11935, -15.1048, -8.37255)
                                                                                    (7.683, 1.932, 37.179)

              9          A 154          A 161              8        311.373         (7.683, 1.932, 37.179)
                                                                                    (17.493, -4.349, 26.979)

             10          A 161          A 171             11        409.878         (17.493, -4.349, 26.979)
                                                                                    (7.898, -15.057, -0.533)

             11          A 171          A 172              2        49.6471         (7.898, -15.057, -0.533)
                                                                                    (7.392, -17.793, 2.001)

             12          A 172          A 186             15        576.795         (7.392, -17.793, 2.001)         (14.0091, 3.59242, 24.2282)
                                                                                    (31.454, -7.913, 25.662)

             13          A 186          A 208             23        875.218         (31.454, -7.913, 25.662)         (15.1605, -18.2876, 20.271)
                                                                                    (5.449, -23.131, 8.371)

             14          A 208          A 218             11        414.873         (5.449, -23.131, 8.371)         (19.7654, -14.3529, 2.72072)
                                                                                    (21.565, -1.82, 19.013)

             15          A 218          A 227             10        374.041         (21.565, -1.82, 19.013)
                                                                                    (37.183, -5.447, 29.114)

             16          A 227          A 250             24        921.527         (37.183, -5.447, 29.114)         (51.7687, -16.0018, 8.59594)
                                                                                    (8.759, -33.246, 15.508)

             17          A 250          A 265             16          646.1         (8.759, -33.246, 15.508)         (1.01558, -21.8938, 31.4552)
                                                                                    (26.731, -29.732, 16.954)

             18          A 265          A 279             15        559.255         (26.731, -29.732, 16.954)         (49.3917, -18.0895, 25.1791)
                                                                                    (28.306, -3.823, 39.703)

