Using structure file: /home/pkas7/Research/SCOP/pdbstyle-1.75B/bo/d1boba_.ent
Number of residues: 306
Doing a BEZIER segmentation ...

Bounding box volume: 151670
Null Model Fit: 14367.9 bits.
Bits per residue: 47.1079

Bezier model fit: 12599.4 bits.
Bits per residue: 41.3095

# of segments: 20
Internal segmentation:
0-->21-->44-->55-->66-->77-->93-->116-->125-->136-->156-->166-->177-->193-->194-->208-->232-->243-->261-->277-->305

CPU time used: 19.65 secs.
Wall clock time elapsed: 19 secs.

        SEGMENT          START            END   NUM_RESIDUES MESSAGE_LENGTH                    END_POINTS        INTERMEDIATE_CONTROL_POINTS
              1            A 6           A 27             22        869.576         (60.408, 4.899, 33.587)         (52.1805, 22.9925, 14.2515)
                                                                                    (27.852, 25.093, 21.895)

              2           A 27           A 50             24        967.274         (27.852, 25.093, 21.895)         (70.7817, 26.0185, 3.31813)
                                                                                    (51.832, 13.674, 31.678)

              3           A 50           A 61             12        439.775         (51.832, 13.674, 31.678)
                                                                                    (31.158, 36.173, 17.937)

              4           A 61           A 72             12         449.43         (31.158, 36.173, 17.937)         (44.6093, 35.5679, 26.6848)
                                                                                    (48.508, 15.059, 35.952)

              5           A 72           A 83             12        462.796         (48.508, 15.059, 35.952)         (75.9122, 21.6725, 35.5746)
                                                                                    (53.402, 25.159, 27.727)

              6           A 83           A 99             17        673.284         (53.402, 25.159, 27.727)         (50.2173, 47.6997, 16.1388)
                                                                                    (41.689, 29.113, 33.834)

              7           A 99          A 122             24        932.827         (41.689, 29.113, 33.834)         (21.8469, 43.8956, 31.7291)
                                                                                    (32.286, 48.729, 5.014)

              8          A 122          A 131             10        386.574         (32.286, 48.729, 5.014)
                                                                                    (18.653, 29.561, 4.17)

              9          A 131          A 142             12        449.644         (18.653, 29.561, 4.17)         (33.0106, 43.3872, 2.29898)
                                                                                    (44.398, 51.204, 11.826)

             10          A 142          A 162             21        819.456         (44.398, 51.204, 11.826)         (37.4486, 35.9448, 23.2726)
                                                                                    (51.602, 26.024, 6.671)

             11          A 162          A 172             11        426.889         (51.602, 26.024, 6.671)         (54.8798, 42.4023, 15.3584)
                                                                                    (48.78, 50.648, 5.896)

             12          A 172          A 183             12        455.602         (48.78, 50.648, 5.896)         (38.8292, 35.4889, 3.02822)
                                                                                    (21.719, 37.459, 12.046)

             13          A 183          A 199             17        656.749         (21.719, 37.459, 12.046)         (43.3645, 31.0057, 11.9154)
                                                                                    (55.364, 52.045, -10.924)

             14          A 199          A 209              2         50.145         (55.364, 52.045, -10.924)
                                                                                    (44.871, 62.174, -10.258)

             15          A 209          A 223             15        566.672         (44.871, 62.174, -10.258)         (52.5793, 36.0427, -6.58775)
                                                                                    (37.31, 28.398, 10.694)

             16          A 223          A 247             25         979.04         (37.31, 28.398, 10.694)         (26.5611, 17.8559, -0.315359)
                                                                                    (38.833, 50.519, -11.457)         (36.4375, 41.6269, -4.42469)

             17          A 247          A 258             12        471.587         (38.833, 50.519, -11.457)         (51.2703, 41.6444, -8.90447)
                                                                                    (48.547, 25.687, -0.981)

             18          A 258          A 276             19        718.341         (48.547, 25.687, -0.981)
                                                                                    (31.417, 35.182, -19.442)

             19          A 276          A 292             17        665.665         (31.417, 35.182, -19.442)         (42.9594, 20.0032, -37.5652)
                                                                                    (43.87, 39.531, -27.749)

             20          A 292          A 320             29        1158.08         (43.87, 39.531, -27.749)         (49.7457, 37.7134, -1.40032)
                                                                                    (37.428, 18.85, -30.101)

