Using structure file: /home/pkas7/Research/SCOP/pdbstyle-1.75B/bo/d1boua_.ent
Number of residues: 132
Doing a BEZIER segmentation ...

Bounding box volume: 54118
Null Model Fit: 5976.37 bits.
Bits per residue: 45.6212

Bezier model fit: 5425.66 bits.
Bits per residue: 41.4173

# of segments: 10
Internal segmentation:
0-->1-->19-->37-->38-->57-->59-->77-->104-->128-->131

CPU time used: 7.71 secs.
Wall clock time elapsed: 7 secs.

        SEGMENT          START            END   NUM_RESIDUES MESSAGE_LENGTH                    END_POINTS        INTERMEDIATE_CONTROL_POINTS
              1            A 8            A 9              2        48.6582         (30.47, 58.878, 25.176)
                                                                                    (27.98, 56.141, 24.231)

              2            A 9           A 27             19        747.535         (27.98, 56.141, 24.231)         (26.2782, 50.3115, -2.83316)
                                                                                    (36.564, 46.898, 16.401)

              3           A 27           A 45             19        722.747         (36.564, 46.898, 16.401)         (39.4573, 29.0473, 17.8378)
                                                                                    (57.972, 38.067, 10.711)

              4           A 45           A 46              2        48.6582         (57.972, 38.067, 10.711)
                                                                                    (60.647, 35.541, 11.691)

              5           A 46           A 65             20        777.548         (60.647, 35.541, 11.691)         (56.8742, 19.1414, -2.84829)
                                                                                    (44.093, 26.547, 16.192)

              6           A 65           A 67              3        95.2794         (44.093, 26.547, 16.192)
                                                                                    (38.64, 27.95, 12.739)

              7           A 67           A 85             19        738.554         (38.64, 27.95, 12.739)         (46.3664, 34.2422, -8.1785)
                                                                                    (37.174, 35.869, 10.296)

              8           A 85          A 112             28        1120.36         (37.174, 35.869, 10.296)         (69.0986, 44.8891, 1.8644)
                                                                                    (36.7, 41.957, -7.681)

              9          A 112          A 136             25        984.169         (36.7, 41.957, -7.681)         (55.0084, 63.016, -18.6418)
                                                                                    (21.038, 53.52, 4.388)

             10          A 136          A 139              4         142.15         (21.038, 53.52, 4.388)
                                                                                    (25.174, 58.176, -1.164)

