Using structure file: /home/pkas7/Research/SCOP/pdbstyle-1.75B/br/d1brwa3.ent
Number of residues: 103
Doing a BEZIER segmentation ...

Bounding box volume: 47365.1
Null Model Fit: 4633.75 bits.
Bits per residue: 45.4289

Bezier model fit: 4234.5 bits.
Bits per residue: 41.5147

# of segments: 9
Internal segmentation:
0-->1-->11-->12-->37-->54-->60-->71-->89-->102

CPU time used: 5.35 secs.
Wall clock time elapsed: 5 secs.

        SEGMENT          START            END   NUM_RESIDUES MESSAGE_LENGTH                    END_POINTS        INTERMEDIATE_CONTROL_POINTS
              1          A 331          A 332              2         48.466         (51.407, -5.864, 39.796)
                                                                                    (47.881, -6.154, 41.244)

              2          A 332          A 342             11        402.918         (47.881, -6.154, 41.244)
                                                                                    (27.349, 14.413, 40.067)

              3          A 342          A 343              2         48.466         (27.349, 14.413, 40.067)
                                                                                    (28.918, 17.323, 38.154)

              4          A 343          A 368             26        1042.59         (28.918, 17.323, 38.154)         (51.335, 20.9333, 68.6458)
                                                                                    (53.711, -3.977, 63.588)         (36.295, -10.9188, 39.225)

              5          A 368          A 385             18        695.716         (53.711, -3.977, 63.588)         (49.5992, -10.627, 37.0201)
                                                                                    (39.532, 22.023, 43.193)

              6          A 385          A 391              7        261.583         (39.532, 22.023, 43.193)         (32.8063, 18.8276, 34.3017)
                                                                                    (30.094, 9.303, 36.147)

              7          A 391          A 402             12        466.328         (30.094, 9.303, 36.147)         (51.4841, 3.9752, 44.8561)
                                                                                    (37.606, -8.939, 43.391)

              8          A 402          A 420             19        733.786         (37.606, -8.939, 43.391)         (35.3438, 3.11646, 59.2579)
                                                                                    (30.494, 25.974, 42.78)

              9          A 420          A 433             14        534.641         (30.494, 25.974, 42.78)
                                                                                    (64.791, 28.749, 58.888)

