Using structure file: /home/pkas7/Research/SCOP/pdbstyle-1.75B/br/d1brza_.ent
Number of residues: 53
Doing a BEZIER segmentation ...

Bounding box volume: 11932.2
Null Model Fit: 2258.88 bits.
Bits per residue: 43.4399

Bezier model fit: 2160.15 bits.
Bits per residue: 41.5414

# of segments: 6
Internal segmentation:
0-->2-->15-->29-->40-->50-->52

CPU time used: 2.16 secs.
Wall clock time elapsed: 2 secs.

        SEGMENT          START            END   NUM_RESIDUES MESSAGE_LENGTH                    END_POINTS        INTERMEDIATE_CONTROL_POINTS
              1            A 2            A 4              3        90.9169         (-18.848, -18.523, -4.55)
                                                                                    (-18.135, -11.492, -3.584)

              2            A 4           A 17             14        530.428         (-18.135, -11.492, -3.584)         (-38.8518, 0.259748, 13.6122)
                                                                                    (-34.536, 2.443, -9.091)

              3           A 17           A 31             15        584.342         (-34.536, 2.443, -9.091)
                                                                                    (-15.649, -0.018, 2.193)

              4           A 31           A 42             12        458.536         (-15.649, -0.018, 2.193)
                                                                                    (-39.18, -13.678, -6.094)

              5           A 42           A 52             11        405.011         (-39.18, -13.678, -6.094)         (-31.304, 2.71427, 1.26088)
                                                                                    (-15.17, -7.873, -6.295)

              6           A 52           A 54              3        90.9169         (-15.17, -7.873, -6.295)
                                                                                    (-14.849, -4.078, -11.367)

