Using structure file: /home/pkas7/Research/SCOP/pdbstyle-1.75B/bv/d1bvp11.ent
Number of residues: 215
Doing a BEZIER segmentation ...

Bounding box volume: 69871.2
Null Model Fit: 9841.81 bits.
Bits per residue: 45.9898

Bezier model fit: 8778.55 bits.
Bits per residue: 41.0213

# of segments: 11
Internal segmentation:
0-->19-->25-->51-->80-->101-->124-->153-->168-->187-->195-->214

CPU time used: 12.88 secs.
Wall clock time elapsed: 12 secs.

        SEGMENT          START            END   NUM_RESIDUES MESSAGE_LENGTH                    END_POINTS        INTERMEDIATE_CONTROL_POINTS
              1            1 1           1 20             20        750.904         (-69.445, 73.027, 143.756)
                                                                                    (-85.026, 45.159, 137.78)

              2           1 20           1 26              7         267.18         (-85.026, 45.159, 137.78)
                                                                                    (-79.139, 47.985, 149.698)

              3           1 26           1 52             27        1060.88         (-79.139, 47.985, 149.698)         (-89.9747, 82.4722, 146.377)
                                                                                    (-89.694, 52.671, 137.909)

              4           1 52           1 81             30        1182.17         (-89.694, 52.671, 137.909)         (-98.938, 51.9551, 124.93)
                                                                                    (-85.907, 67.426, 122.389)         (-53.9814, 83.8116, 146.538)

              5           1 81          1 102             22        870.145         (-85.907, 67.426, 122.389)         (-85.2798, 82.2167, 149.161)
                                                                                    (-70.835, 58.59, 148.987)

              6          1 102          1 259             24         949.35         (-70.835, 58.59, 148.987)         (-50.1215, 74.2593, 137.975)
                                                                                    (-53.872, 61.792, 134.902)

              7          1 259          1 288             30        1175.72         (-53.872, 61.792, 134.902)         (-83.3725, 43.874, 115.225)
                                                                                    (-71.579, 72.806, 124.416)

              8          1 288          1 303             16         640.99         (-71.579, 72.806, 124.416)         (-57.2507, 54.298, 111.606)
                                                                                    (-58.815, 71.262, 132.742)

              9          1 303          1 322             20        753.858         (-58.815, 71.262, 132.742)
                                                                                    (-79.704, 50.218, 132.729)

             10          1 322          1 330              9        338.604         (-79.704, 50.218, 132.729)         (-90.6023, 55.0256, 126.104)
                                                                                    (-84.33, 66.722, 116.997)

             11          1 330          1 349             20        788.753         (-84.33, 66.722, 116.997)         (-77.1772, 31.7626, 112.879)
                                                                                    (-70.647, 61.2, 109.927)

