Using structure file: /home/pkas7/Research/SCOP/pdbstyle-1.75B/by/d1byra_.ent
Number of residues: 152
Doing a BEZIER segmentation ...

Bounding box volume: 42748.2
Null Model Fit: 6837.42 bits.
Bits per residue: 45.2809

Bezier model fit: 6186.81 bits.
Bits per residue: 40.9723

# of segments: 11
Internal segmentation:
0-->9-->25-->26-->38-->51-->66-->89-->99-->111-->127-->151

CPU time used: 8.87 secs.
Wall clock time elapsed: 8 secs.

        SEGMENT          START            END   NUM_RESIDUES MESSAGE_LENGTH                    END_POINTS        INTERMEDIATE_CONTROL_POINTS
              1            A 2           A 11             10        363.557         (37.672, 36.217, 6.576)         (33.1064, 23.9837, 0.42373)
                                                                                    (28.906, 8.328, 2.516)

              2           A 11           A 27             17        642.895         (28.906, 8.328, 2.516)
                                                                                    (29.789, 30.252, 20.827)

              3           A 27           A 28              2         48.318         (29.789, 30.252, 20.827)
                                                                                    (26.563, 32.248, 20.893)

              4           A 28           A 40             13        489.816         (26.563, 32.248, 20.893)         (6.30433, 19.6068, 0.0322399)
                                                                                    (21.529, 10.842, 17.448)

              5           A 40           A 53             14        529.019         (21.529, 10.842, 17.448)
                                                                                    (25.383, 28.332, 26.905)

              6           A 53           A 68             16        612.394         (25.383, 28.332, 26.905)         (2.36352, 25.2024, 0.953727)
                                                                                    (9.849, 6.743, 16.104)

              7           A 68           A 91             24        945.994         (9.849, 6.743, 16.104)         (21.0875, 27.4945, 38.0594)
                                                                                    (3.913, 20.591, 1.79)

              8           A 91          A 101             11        410.453         (3.913, 20.591, 1.79)         (20.7903, 19.4315, 3.8709)
                                                                                    (26.608, 32.734, 15.531)

              9          A 101          A 113             13        499.693         (26.608, 32.734, 15.531)         (25.5294, 26.8144, -4.53473)
                                                                                    (19.748, 11.559, 9.604)

             10          A 113          A 129             17        667.782         (19.748, 11.559, 9.604)         (26.1819, 0.568062, -5.61381)
                                                                                    (32, 34.472, 8.298)

             11          A 129          A 153             25        976.893         (32, 34.472, 8.298)         (4.62576, 40.6979, -2.17369)
                                                                                    (8.51, 18.665, 27.432)

