Using structure file: /home/pkas7/Research/SCOP/pdbstyle-1.75B/cc/d1ccwb_.ent
Number of residues: 483
Doing a BEZIER segmentation ...

Bounding box volume: 161429
Null Model Fit: 22749.4 bits.
Bits per residue: 47.1979

Bezier model fit: 19843 bits.
Bits per residue: 41.1681

# of segments: 29
Internal segmentation:
0-->8-->23-->44-->46-->58-->70-->86-->115-->130-->152-->153-->174-->185-->207-->225-->243-->256-->279-->300-->318-->332-->361-->387-->413-->424-->438-->457-->475-->482

CPU time used: 31.12 secs.
Wall clock time elapsed: 31 secs.

        SEGMENT          START            END   NUM_RESIDUES MESSAGE_LENGTH                    END_POINTS        INTERMEDIATE_CONTROL_POINTS
              1            B 1            B 9              9        344.476         (-9.2, -31.801, 90.104)         (-21.7518, -19.2797, 85.0791)
                                                                                    (-14.171, -27.557, 100.536)

              2            B 9           B 24             16        607.216         (-14.171, -27.557, 100.536)
                                                                                    (10.227, -25.069, 96.834)

              3           B 24           B 45             22        847.895         (10.227, -25.069, 96.834)         (-3.19506, -22.7585, 120.56)
                                                                                    (-2.491, 1.894, 106.993)

              4           B 45           B 47              3        98.4329         (-2.491, 1.894, 106.993)
                                                                                    (-3.528, -3.157, 104.705)

              5           B 47           B 59             13        499.912         (-3.528, -3.157, 104.705)
                                                                                    (-13.387, 9.865, 96.589)

              6           B 59           B 71             13        482.852         (-13.387, 9.865, 96.589)         (5.15459, 2.17128, 85.4769)
                                                                                    (18.125, -8.511, 95.689)

              7           B 71           B 87             17        651.936         (18.125, -8.511, 95.689)
                                                                                    (4.876, 9.86, 97.246)

              8           B 87          B 116             30        1195.29         (4.876, 9.86, 97.246)         (5.10894, -36.4562, 82.6031)
                                                                                    (28.256, -10.508, 91.442)

              9          B 116          B 131             16        638.889         (28.256, -10.508, 91.442)         (9.14078, -5.23447, 82.3777)
                                                                                    (10.472, -16.709, 101.083)

             10          B 131          B 153             23        907.588         (10.472, -16.709, 101.083)         (7.39301, 13.4976, 113.882)
                                                                                    (-0.349, -19.042, 85.356)

             11          B 153          B 154              2         50.235         (-0.349, -19.042, 85.356)
                                                                                    (0.516, -21.17, 88.428)

             12          B 154          B 175             22        866.367         (0.516, -21.17, 88.428)         (6.90884, -5.64099, 119.159)
                                                                                    (-7.55, -15.812, 82.252)

             13          B 175          B 186             12        475.407         (-7.55, -15.812, 82.252)         (7.4507, -11.6371, 76.3148)
                                                                                    (-4.631, -24.758, 79.258)

             14          B 186          B 208             23        869.985         (-4.631, -24.758, 79.258)
                                                                                    (-11.115, -12.045, 109.706)

             15          B 208          B 226             19        755.551         (-11.115, -12.045, 109.706)         (3.82166, -6.22578, 72.6328)
                                                                                    (-13.422, -2.47, 76.342)

             16          B 226          B 244             19        714.817         (-13.422, -2.47, 76.342)
                                                                                    (-14.697, -16.509, 99.222)

             17          B 244          B 257             14        543.394         (-14.697, -16.509, 99.222)
                                                                                    (-10.334, 8.174, 73.866)

             18          B 257          B 280             24        909.609         (-10.334, 8.174, 73.866)
                                                                                    (-25.755, -13.931, 95.238)

             19          B 280          B 301             22        867.356         (-25.755, -13.931, 95.238)         (-14.9584, 6.36908, 112.277)
                                                                                    (10.88, 11.714, 78.035)         (4.4069, -4.46036, 56.8315)

             20          B 301          B 319             19        716.076         (10.88, 11.714, 78.035)
                                                                                    (-13.362, 8.179, 89.4)

             21          B 319          B 333             15        595.185         (-13.362, 8.179, 89.4)
                                                                                    (14.01, -0.198, 80.197)

             22          B 333          B 362             30        1190.89         (14.01, -0.198, 80.197)         (8.56124, 21.3997, 104.73)
                                                                                    (-23.63, 13.321, 78.527)

             23          B 362          B 388             27         1015.8         (-23.63, 13.321, 78.527)         (-19.6306, -6.58465, 71.6108)
                                                                                    (-24.75, -24.664, 81.054)

             24          B 388          B 414             27        1102.31         (-24.75, -24.664, 81.054)
                                                                                    (-6.564, -18.167, 72.266)

             25          B 414          B 425             12        462.656         (-6.564, -18.167, 72.266)
                                                                                    (-12.037, 9.561, 67.097)

             26          B 425          B 439             15        604.063         (-12.037, 9.561, 67.097)         (-7.5519, -18.0939, 65.1809)
                                                                                    (-25.712, -9.256, 67.057)

             27          B 439          B 458             20         765.35         (-25.712, -9.256, 67.057)         (-18.5349, 5.8081, 63.8475)
                                                                                    (-9.034, 7.837, 52.192)

             28          B 458          B 476             19        753.681         (-9.034, 7.837, 52.192)         (-1.00321, -12.4611, 65.7066)
                                                                                    (3.849, 10.828, 68.795)

             29          B 476          B 483              8        309.787         (3.849, 10.828, 68.795)         (-10.62, 4.57993, 66.9791)
                                                                                    (2.291, 9.049, 56.291)

