Using structure file: /home/pkas7/Research/SCOP/pdbstyle-1.75B/cf/d1cfea_.ent
Number of residues: 135
Doing a BEZIER segmentation ...

Bounding box volume: 29683.5
Null Model Fit: 5997.13 bits.
Bits per residue: 44.7547

Bezier model fit: 5536.25 bits.
Bits per residue: 41.3153

# of segments: 10
Internal segmentation:
0-->1-->17-->25-->51-->63-->81-->102-->113-->122-->134

CPU time used: 7.43 secs.
Wall clock time elapsed: 7 secs.

        SEGMENT          START            END   NUM_RESIDUES MESSAGE_LENGTH                    END_POINTS        INTERMEDIATE_CONTROL_POINTS
              1            A 1            A 2              2        47.7918         (-5.083, 8.771, 5.175)
                                                                                    (-1.823, 6.881, 6.049)

              2            A 2           A 18             17        650.223         (-1.823, 6.881, 6.049)
                                                                                    (-15.114, -8.155, -6.681)

              3           A 18           A 26              9         337.33         (-15.114, -8.155, -6.681)
                                                                                    (1.301, -7.638, 9.672)

              4           A 26           A 52             27        1064.65         (1.301, -7.638, 9.672)         (24.405, 17.8349, -3.38264)
                                                                                    (4.34, -8.816, -4.629)

              5           A 52           A 64             13        500.409         (4.34, -8.816, -4.629)         (4.98923, 24.9397, -7.77814)
                                                                                    (-1.318, 6.169, 1.501)

              6           A 64           A 82             19        736.601         (-1.318, 6.169, 1.501)         (-8.18791, 6.70794, -12.3505)
                                                                                    (-15.277, -10.869, -17.848)

              7           A 82          A 103             22        878.736         (-15.277, -10.869, -17.848)         (1.75736, 4.96131, -20.164)
                                                                                    (-3.433, -12.455, 2.968)

              8          A 103          A 114             12        438.605         (-3.433, -12.455, 2.968)         (6.71682, 6.42142, 8.48161)
                                                                                    (12.896, 15.515, -4.425)

              9          A 114          A 123             10        367.053         (12.896, 15.515, -4.425)
                                                                                    (2.179, -8.553, -0.008)

             10          A 123          A 135             13        514.859         (2.179, -8.553, -0.008)         (6.44724, -19.1746, -15.9843)
                                                                                    (-9.495, -12.366, -8.915)

