Using structure file: /home/pkas7/Research/SCOP/pdbstyle-1.75B/ci/d1ci9a_.ent
Number of residues: 377
Doing a BEZIER segmentation ...

Bounding box volume: 96252.7
Null Model Fit: 17465.9 bits.
Bits per residue: 46.4519

Bezier model fit: 15714.3 bits.
Bits per residue: 41.7934

# of segments: 24
Internal segmentation:
0-->18-->31-->45-->59-->84-->97-->107-->122-->137-->144-->162-->184-->206-->222-->236-->237-->256-->284-->310-->323-->336-->347-->356-->376

CPU time used: 23.66 secs.
Wall clock time elapsed: 23 secs.

        SEGMENT          START            END   NUM_RESIDUES MESSAGE_LENGTH                    END_POINTS        INTERMEDIATE_CONTROL_POINTS
              1           A 15           A 33             19        712.507         (-25.406, 64.938, 111.712)
                                                                                    (-44.117, 52.654, 97.883)

              2           A 33           A 46             14        542.917         (-44.117, 52.654, 97.883)
                                                                                    (-13.801, 57.701, 109.594)

              3           A 46           A 60             15        585.339         (-13.801, 57.701, 109.594)         (-34.9856, 56.2402, 110.431)
                                                                                    (-45.091, 39.635, 103.736)

              4           A 60           A 74             15        592.676         (-45.091, 39.635, 103.736)         (-28.2176, 47.7298, 121.143)
                                                                                    (-24.647, 41.898, 93.153)

              5           A 74           A 99             26        1027.36         (-24.647, 41.898, 93.153)         (5.49155, 45.0596, 104.78)
                                                                                    (-1.429, 37.819, 80.676)

              6           A 99          A 112             14        547.727         (-1.429, 37.819, 80.676)         (-4.86213, 22.1356, 87.2982)
                                                                                    (-13.337, 39.492, 65.061)

              7          A 112          A 122             11         426.94         (-13.337, 39.492, 65.061)         (-0.200928, 32.9762, 69.4073)
                                                                                    (-5.006, 45.508, 84.092)

              8          A 122          A 137             16        634.565         (-5.006, 45.508, 84.092)
                                                                                    (-27.874, 43.006, 74.654)

              9          A 137          A 152             16        641.086         (-27.874, 43.006, 74.654)         (-23.5604, 27.0793, 65.7244)
                                                                                    (-27.104, 36.593, 89.104)

             10          A 152          A 159              8        301.816         (-27.104, 36.593, 89.104)         (-31.4405, 19.2148, 85.4352)
                                                                                    (-17.341, 28.741, 86.737)

             11          A 159          A 177             19        742.931         (-17.341, 28.741, 86.737)         (-18.3718, 29.2157, 67.875)
                                                                                    (-8.864, 50.377, 72.98)

             12          A 177          A 199             23        914.005         (-8.864, 50.377, 72.98)         (-36.4477, 40.7516, 89.3737)
                                                                                    (-11.859, 28.36, 96.286)         (11.5285, 29.3808, 89.2641)

             13          A 199          A 221             23         913.84         (-11.859, 28.36, 96.286)         (-3.76156, 51.3396, 111.822)
                                                                                    (-25.251, 31.411, 103.249)

             14          A 221          A 237             17        676.624         (-25.251, 31.411, 103.249)
                                                                                    (-46.166, 48.325, 95.259)

             15          A 237          A 251             15        587.315         (-46.166, 48.325, 95.259)         (-34.6329, 20.9806, 89.7095)
                                                                                    (-33.056, 53.178, 79.91)

             16          A 251          A 252              2         49.489         (-33.056, 53.178, 79.91)
                                                                                    (-29.351, 53.565, 79.159)

             17          A 252          A 271             20        803.025         (-29.351, 53.565, 79.159)         (-38.1472, 21.7776, 99.4334)
                                                                                    (-18.588, 31.854, 92.879)

             18          A 271          A 299             29        1167.95         (-18.588, 31.854, 92.879)         (-27.3797, 56.7175, 112.109)
                                                                                    (1.183, 49.805, 98.771)

             19          A 299          A 325             27        1092.31         (1.183, 49.805, 98.771)         (-23.1209, 64.4465, 72.8997)
                                                                                    (-10.146, 52.772, 87.828)

             20          A 325          A 338             14        554.783         (-10.146, 52.772, 87.828)
                                                                                    (-24.503, 67.271, 86.822)

             21          A 338          A 351             14        548.794         (-24.503, 67.271, 86.822)         (-4.23646, 65.7424, 98.9902)
                                                                                    (-28.663, 45.348, 90.381)

             22          A 351          A 362             12        451.859         (-28.663, 45.348, 90.381)
                                                                                    (-14.614, 65.377, 101.509)

             23          A 362          A 371             10         362.66         (-14.614, 65.377, 101.509)
                                                                                    (-34.214, 45.145, 98.578)

             24          A 371          A 391             21        835.784         (-34.214, 45.145, 98.578)         (-32.3542, 57.9787, 87.015)
                                                                                    (-27.532, 70.169, 100.752)

