Using structure file: /home/pkas7/Research/SCOP/pdbstyle-1.75B/cl/d1cl1a_.ent
Number of residues: 390
Doing a BEZIER segmentation ...

Bounding box volume: 155730
Null Model Fit: 18339.8 bits.
Bits per residue: 47.146

Bezier model fit: 16179 bits.
Bits per residue: 41.5914

# of segments: 24
Internal segmentation:
0-->19-->33-->45-->71-->72-->79-->97-->120-->142-->155-->172-->195-->210-->222-->251-->275-->276-->301-->326-->337-->354-->362-->373-->389

CPU time used: 24.58 secs.
Wall clock time elapsed: 24 secs.

        SEGMENT          START            END   NUM_RESIDUES MESSAGE_LENGTH                    END_POINTS        INTERMEDIATE_CONTROL_POINTS
              1            A 5           A 24             20         806.14         (15.987, 22.526, 65.172)         (18.7548, 22.7263, 41.5741)
                                                                                    (13.866, 32.546, 48.468)

              2           A 24           A 38             15        575.471         (13.866, 32.546, 48.468)         (0.426775, 17.6389, 28.0811)
                                                                                    (26.055, 18.779, 22.794)

              3           A 38           A 50             13        494.681         (26.055, 18.779, 22.794)
                                                                                    (18.104, 9.056, 37.948)

              4           A 50           A 76             27        1088.92         (18.104, 9.056, 37.948)         (8.26353, 27.4516, 32.5839)
                                                                                    (16.052, 10.746, 56.709)

              5           A 76           A 77              2        50.1831         (16.052, 10.746, 56.709)
                                                                                    (15.912, 8.627, 53.572)

              6           A 77           A 84              8        289.717         (15.912, 8.627, 53.572)
                                                                                    (0.028, 12.266, 41.474)

              7           A 84          A 102             19        752.916         (0.028, 12.266, 41.474)
                                                                                    (3.383, -13.181, 46.663)

              8          A 102          A 125             24        957.529         (3.383, -13.181, 46.663)         (-16.9892, 11.717, 62.5965)
                                                                                    (-2.546, -10.65, 39.301)

              9          A 125          A 147             23        918.343         (-2.546, -10.65, 39.301)         (-3.98631, -4.3338, 87.1417)
                                                                                    (5.789, -15.854, 50.615)

             10          A 147          A 160             14        546.667         (5.789, -15.854, 50.615)         (3.87063, 7.47596, 58.7261)
                                                                                    (-10.623, 4.641, 64.305)

             11          A 160          A 177             18        706.817         (-10.623, 4.641, 64.305)         (16.2339, -4.52617, 71.9771)
                                                                                    (10.904, -13.007, 56.886)

             12          A 177          A 200             24        962.049         (10.904, -13.007, 56.886)         (-4.17174, 27.0582, 58.2219)
                                                                                    (13.544, 0.026, 60.635)

             13          A 200          A 216             16        637.809         (13.544, 0.026, 60.635)
                                                                                    (-6.677, 21.63, 50.463)

             14          A 216          A 228             13        495.259         (-6.677, 21.63, 50.463)
                                                                                    (17.812, -0.935, 50.36)

             15          A 228          A 257             30        1178.29         (17.812, -0.935, 50.36)         (-2.15991, 10.9079, 22.1226)
                                                                                    (7.711, 26.197, 55.551)

             16          A 257          A 281             25        945.017         (7.711, 26.197, 55.551)         (-2.55618, 21.4037, 73.3317)
                                                                                    (-22.613, 13.337, 78.778)

             17          A 281          A 282              2        50.1831         (-22.613, 13.337, 78.778)
                                                                                    (-23.483, 12.36, 75.177)

             18          A 282          A 307             26        1059.07         (-23.483, 12.36, 75.177)         (9.64341, -2.52204, 75.3265)
                                                                                    (0.044, 15.017, 67.352)

             19          A 307          A 332             26        1034.14         (0.044, 15.017, 67.352)         (-45.3074, -2.61918, 65.1972)
                                                                                    (-21.746, 26.875, 61.598)

             20          A 332          A 343             12        469.396         (-21.746, 26.875, 61.598)         (-12.2388, 6.7288, 49.3779)
                                                                                    (-6.624, 25.107, 57.757)

             21          A 343          A 360             18        703.091         (-6.624, 25.107, 57.757)         (-32.4752, 1.22259, 63.1913)
                                                                                    (-11.463, -7.296, 57.151)

             22          A 360          A 368              9        348.801         (-11.463, -7.296, 57.151)         (-13.3362, -8.52432, 70.5505)
                                                                                    (-22.972, 4.394, 68.634)

             23          A 368          A 379             12        458.058         (-22.972, 4.394, 68.634)         (-6.85112, 16.4424, 56.2894)
                                                                                    (-10.363, 29.777, 67.415)

             24          A 379          A 395             17        650.495         (-10.363, 29.777, 67.415)
                                                                                    (-30.535, 15.788, 72.986)

