Using structure file: /home/pkas7/Research/SCOP/pdbstyle-1.75B/cx/d1cx1a_.ent
Number of residues: 153
Doing a BEZIER segmentation ...

Bounding box volume: 37622.3
Null Model Fit: 6854.69 bits.
Bits per residue: 45.0967

Bezier model fit: 6278.9 bits.
Bits per residue: 41.3085

# of segments: 12
Internal segmentation:
0-->17-->19-->33-->45-->62-->75-->98-->107-->121-->137-->143-->152

CPU time used: 8.74 secs.
Wall clock time elapsed: 8 secs.

        SEGMENT          START            END   NUM_RESIDUES MESSAGE_LENGTH                    END_POINTS        INTERMEDIATE_CONTROL_POINTS
              1            A 1           A 18             18         722.22         (-5.279, -16.363, -8.485)         (-16.8587, -5.4031, -12.8531)
                                                                                    (4.3, 1.489, -19.705)

              2           A 18           A 20              3        94.2304         (4.3, 1.489, -19.705)
                                                                                    (-0.259, 3.334, -17.659)

              3           A 20           A 34             15        584.763         (-0.259, 3.334, -17.659)         (15.1793, 18.4449, 1.23308)
                                                                                    (12.597, -6.203, -20.333)

              4           A 34           A 46             13        499.205         (12.597, -6.203, -20.333)
                                                                                    (14.094, 7.415, 6.719)

              5           A 46           A 63             18        698.513         (14.094, 7.415, 6.719)         (-1.35794, 10.6523, -20.0093)
                                                                                    (-18.37, -3.544, 4.934)

              6           A 63           A 76             14        514.493         (-18.37, -3.544, 4.934)         (-1.41159, -9.49355, -13.9461)
                                                                                    (17.637, -7.127, -1.016)

              7           A 76           A 99             24        963.228         (17.637, -7.127, -1.016)         (-28.2353, 23.401, 1.56894)
                                                                                    (3.972, -3.944, 7.644)

              8           A 99          A 108             10        379.738         (3.972, -3.944, 7.644)         (19.4537, -15.1272, -4.89406)
                                                                                    (1.508, -11.264, -6.835)

              9          A 108          A 122             15        563.121         (1.508, -11.264, -6.835)         (-16.9486, -4.02402, 16.5174)
                                                                                    (-17.462, 11.146, -7.411)

             10          A 122          A 138             17        643.017         (-17.462, 11.146, -7.411)
                                                                                    (14.488, 0.675, 1.642)

             11          A 138          A 144              7        253.585         (14.488, 0.675, 1.642)
                                                                                    (5.825, -5.349, -13.676)

             12          A 144          A 153             10        362.785         (5.825, -5.349, -13.676)         (-9.89939, -1.58916, -4.77344)
                                                                                    (-18.204, -16.937, -5.467)

