Using structure file: /home/pkas7/Research/SCOP/pdbstyle-1.75B/cx/d1cxzb_.ent
Number of residues: 86
Doing a BEZIER segmentation ...

Bounding box volume: 27886.6
Null Model Fit: 3796.49 bits.
Bits per residue: 44.6646

Bezier model fit: 3382.92 bits.
Bits per residue: 39.7991

# of segments: 4
Internal segmentation:
0-->25-->54-->56-->85

CPU time used: 4.35 secs.
Wall clock time elapsed: 4 secs.

        SEGMENT          START            END   NUM_RESIDUES MESSAGE_LENGTH                    END_POINTS        INTERMEDIATE_CONTROL_POINTS
              1           B 13           B 38             26        1048.04         (11.154, 7.669, 72.708)         (21.5739, -22.5174, 72.2086)
                                                                                    (3.657, -4.277, 67.497)

              2           B 38           B 67             30        1112.08         (3.657, -4.277, 67.497)         (-10.8495, 10.099, 55.6788)
                                                                                    (-18.733, 31.244, 62.908)

              3           B 67           B 69              3        93.3663         (-18.733, 31.244, 62.908)
                                                                                    (-13.362, 29.542, 67.249)

              4           B 69           B 98             30        1129.43         (-13.362, 29.542, 67.249)         (5.82058, 12.6138, 66.7411)
                                                                                    (12.194, -7.727, 60.66)

