Using structure file: /home/pkas7/Research/SCOP/pdbstyle-1.75B/d1/d1d1da1.ent
Number of residues: 80
Doing a BEZIER segmentation ...

Bounding box volume: 24628
Null Model Fit: 3514.34 bits.
Bits per residue: 44.4854

Bezier model fit: 3241.71 bits.
Bits per residue: 41.0343

# of segments: 5
Internal segmentation:
0-->27-->31-->60-->63-->79

CPU time used: 3.88 secs.
Wall clock time elapsed: 3 secs.

        SEGMENT          START            END   NUM_RESIDUES MESSAGE_LENGTH                    END_POINTS        INTERMEDIATE_CONTROL_POINTS
              1          A 151          A 178             28        1101.23         (9.471, 13.008, -24.641)         (8.97655, 44.2498, -9.26035)
                                                                                    (9.065, 9.428, -15.381)

              2          A 178          A 182              5        181.055         (9.065, 9.428, -15.381)
                                                                                    (18.102, 6.403, -9.699)

              3          A 182          A 211             30        1171.85         (18.102, 6.403, -9.699)         (14.6318, 41.9319, -32.3977)
                                                                                    (29.639, 21.338, -5.966)

              4          A 211          A 214              4        138.743         (29.639, 21.338, -5.966)
                                                                                    (20.409, 18.773, -7.953)

              5          A 214          A 230             17         648.83         (20.409, 18.773, -7.953)
                                                                                    (15.314, 46.755, -9.424)

