Using structure file: /home/pkas7/Research/SCOP/pdbstyle-1.75B/dc/d1dcsa_.ent
Number of residues: 279
Doing a BEZIER segmentation ...

Bounding box volume: 96985.3
Null Model Fit: 12916.7 bits.
Bits per residue: 46.4628

Bezier model fit: 11489.5 bits.
Bits per residue: 41.3291

# of segments: 21
Internal segmentation:
0-->15-->39-->58-->73-->79-->87-->94-->123-->148-->149-->169-->181-->191-->206-->220-->221-->237-->248-->256-->268-->278

CPU time used: 17.98 secs.
Wall clock time elapsed: 18 secs.

        SEGMENT          START            END   NUM_RESIDUES MESSAGE_LENGTH                    END_POINTS        INTERMEDIATE_CONTROL_POINTS
              1            A 1           A 16             16        624.951         (31.172, 11.772, 59.206)         (14.3057, 34.4223, 52.7037)
                                                                                    (28.5, 28.627, 40.777)

              2           A 16           A 40             25        1007.53         (28.5, 28.627, 40.777)         (29.2391, 1.9936, 53.0924)
                                                                                    (10.509, 34.723, 54.204)

              3           A 40           A 59             20        761.327         (10.509, 34.723, 54.204)
                                                                                    (-17.779, 27.276, 60.099)

              4           A 59           A 74             16        646.111         (-17.779, 27.276, 60.099)         (-19.3777, 17.0733, 47.3688)
                                                                                    (-5.093, 17.216, 46.92)

              5           A 74           A 80              7        257.854         (-5.093, 17.216, 46.92)         (-12.0524, 26.7319, 51.4555)
                                                                                    (-8.891, 14.613, 60.512)

              6           A 80          A 105              9        335.209         (-8.891, 14.613, 60.512)
                                                                                    (-1.128, 25.201, 40.18)

              7          A 105          A 112              8        308.083         (-1.128, 25.201, 40.18)
                                                                                    (-12.182, 33.999, 50.255)

              8          A 112          A 141             30        1117.87         (-12.182, 33.999, 50.255)         (9.41993, 33.081, 44.6007)
                                                                                    (25.175, 16.522, 38.802)

              9          A 141          A 166             26        1025.37         (25.175, 16.522, 38.802)         (1.82933, 22.5704, 15.0828)
                                                                                    (-0.918, 18.907, 71.207)

             10          A 166          A 178              2        49.4999         (-0.918, 18.907, 71.207)
                                                                                    (8.022, 8.915, 67.312)

             11          A 178          A 198             21        827.404         (8.022, 8.915, 67.312)         (13.726, 12.6029, 27.2999)
                                                                                    (5.919, 26.876, 71.884)

             12          A 198          A 210             13        506.038         (5.919, 26.876, 71.884)
                                                                                    (23.341, 6.685, 60.551)

             13          A 210          A 220             11         413.36         (23.341, 6.685, 60.551)         (11.6358, 20.2078, 68.6608)
                                                                                    (15.623, 32.262, 57.695)

             14          A 220          A 235             16        629.935         (15.623, 32.262, 57.695)         (10.1226, 6.07608, 43.9899)
                                                                                    (21.492, 8.2, 37.877)

             15          A 235          A 253             15        564.779         (21.492, 8.2, 37.877)
                                                                                    (3.399, 17.778, 76.291)

             16          A 253          A 254              2        49.4999         (3.399, 17.778, 76.291)
                                                                                    (2.115, 21.244, 76.992)

             17          A 254          A 270             17        633.217         (2.115, 21.244, 76.992)         (6.68572, 26.3053, 51.2546)
                                                                                    (5.249, 11.066, 31.147)

             18          A 270          A 281             12        475.176         (5.249, 11.066, 31.147)         (21.1393, -2.05423, 30.8074)
                                                                                    (20.964, 2.787, 41.765)

             19          A 281          A 289              9         330.48         (20.964, 2.787, 41.765)         (5.91851, -5.57328, 44.7028)
                                                                                    (12.015, -3.105, 28.209)

             20          A 289          A 301             13        513.837         (12.015, -3.105, 28.209)
                                                                                    (-2.178, 7.83, 41.375)

             21          A 301          A 311             11        411.963         (-2.178, 7.83, 41.375)         (11.6942, 12.4875, 55.5573)
                                                                                    (10.03, -8.477, 54.026)

