Using structure file: /home/pkas7/Research/SCOP/pdbstyle-1.75B/de/d1deka_.ent
Number of residues: 240
Doing a BEZIER segmentation ...

Bounding box volume: 100909
Null Model Fit: 11118.3 bits.
Bits per residue: 46.52

Bezier model fit: 9852.02 bits.
Bits per residue: 41.2218

# of segments: 13
Internal segmentation:
0-->24-->49-->73-->91-->103-->126-->128-->146-->165-->186-->203-->215-->239

CPU time used: 14.67 secs.
Wall clock time elapsed: 14 secs.

        SEGMENT          START            END   NUM_RESIDUES MESSAGE_LENGTH                    END_POINTS        INTERMEDIATE_CONTROL_POINTS
              1            A 1           A 25             25        987.941         (57.354, 2.901, 28.71)         (40.0625, -15.2547, -6.42027)
                                                                                    (45.724, 0.246, 27.95)

              2           A 25           A 50             26        1015.97         (45.724, 0.246, 27.95)         (60.665, 12.1926, -0.953505)
                                                                                    (42.478, 27.145, -7.099)

              3           A 50           A 75             25        1008.75         (42.478, 27.145, -7.099)         (33.3258, -4.37677, 18.6536)
                                                                                    (48.538, 12.723, -15.076)

              4           A 75           A 93             19        716.651         (48.538, 12.723, -15.076)
                                                                                    (60.233, 18.429, 9.31)

              5           A 93          A 105             13         501.05         (60.233, 18.429, 9.31)         (76.803, 10.9852, -4.51535)
                                                                                    (57.727, 34.249, -3.353)

              6          A 105          A 128             24        946.663         (57.727, 34.249, -3.353)         (76.5567, 6.91916, -13.293)
                                                                                    (46.574, 4.393, -11.771)

              7          A 128          A 130              3        97.0772         (46.574, 4.393, -11.771)
                                                                                    (44.876, 6.561, -6.034)

              8          A 130          A 148             19        735.914         (44.876, 6.561, -6.034)
                                                                                    (66.997, 8.017, 2.539)

              9          A 148          A 167             20        779.014         (66.997, 8.017, 2.539)
                                                                                    (53.352, 8.559, 31.733)

             10          A 167          A 188             22        868.886         (53.352, 8.559, 31.733)         (56.0681, -9.03928, -6.03444)
                                                                                    (66.191, -0.125, 20.046)

             11          A 188          A 205             18          703.7         (66.191, -0.125, 20.046)         (38.5134, -24.7496, 14.9099)
                                                                                    (52.096, -6.51, -4.768)

             12          A 205          A 217             13        506.099         (52.096, -6.51, -4.768)
                                                                                    (62.713, -12.968, 19.619)

             13          A 217          A 241             25        984.301         (62.713, -12.968, 19.619)         (22.0771, -18.5822, 15.4785)
                                                                                    (55.66, -7.849, 29.268)

