Using structure file: /home/pkas7/Research/SCOP/pdbstyle-1.75B/df/d1dfca4.ent
Number of residues: 111
Doing a BEZIER segmentation ...

Bounding box volume: 28168
Null Model Fit: 4914.7 bits.
Bits per residue: 44.6791

Bezier model fit: 4583.67 bits.
Bits per residue: 41.6697

# of segments: 11
Internal segmentation:
0-->10-->17-->26-->37-->46-->55-->63-->75-->83-->97-->110

CPU time used: 6.11 secs.
Wall clock time elapsed: 6 secs.

        SEGMENT          START            END   NUM_RESIDUES MESSAGE_LENGTH                    END_POINTS        INTERMEDIATE_CONTROL_POINTS
              1         A 1383         A 1393             11        413.647         (16.836, 101.997, 28.568)
                                                                                    (29.947, 110.419, 16.389)

              2         A 1393         A 1400              8        300.576         (29.947, 110.419, 16.389)
                                                                                    (13.356, 109.009, 4.472)

              3         A 1400         A 1409             10        382.407         (13.356, 109.009, 4.472)         (26.7501, 98.3779, 8.45576)
                                                                                    (27.223, 115.158, 14.964)

              4         A 1409         A 1420             12        426.835         (27.223, 115.158, 14.964)         (8.82592, 107.076, 21.3085)
                                                                                    (13.122, 86.798, 24.185)

              5         A 1420         A 1429             10        370.884         (13.122, 86.798, 24.185)
                                                                                    (8.436, 107.204, 12.664)

              6         A 1429         A 1438             10        375.516         (8.436, 107.204, 12.664)         (14.449, 91.922, 12.7814)
                                                                                    (25.076, 95.027, 1.449)

              7         A 1438         A 1446              9        344.453         (25.076, 95.027, 1.449)         (21.1644, 103.937, 10.92)
                                                                                    (7.597, 97.098, 9.151)

              8         A 1446         A 1458             13         487.17         (7.597, 97.098, 9.151)         (23.7453, 84.1691, 19.5859)
                                                                                    (32.244, 99.398, 31.207)

              9         A 1458         A 1466              9        329.051         (32.244, 99.398, 31.207)
                                                                                    (23.429, 87.716, 11.44)

             10         A 1466         A 1480             15        593.314         (23.429, 87.716, 11.44)
                                                                                    (26.865, 94.421, 9.947)

             11         A 1480         A 1493             14        559.814         (26.865, 94.421, 9.947)         (45.6744, 93.439, 16.273)
                                                                                    (24.593, 103.414, 25.244)

