Using structure file: /home/pkas7/Research/SCOP/pdbstyle-1.75B/dl/d1dlpa2.ent
Number of residues: 118
Doing a BEZIER segmentation ...

Bounding box volume: 34063.6
Null Model Fit: 5259.54 bits.
Bits per residue: 44.9533

Bezier model fit: 4890.6 bits.
Bits per residue: 41.8

# of segments: 12
Internal segmentation:
0-->6-->16-->24-->32-->41-->49-->63-->72-->81-->94-->105-->117

CPU time used: 6.59 secs.
Wall clock time elapsed: 6 secs.

        SEGMENT          START            END   NUM_RESIDUES MESSAGE_LENGTH                    END_POINTS        INTERMEDIATE_CONTROL_POINTS
              1          A 116          A 122              7        254.362         (74.428, 67.352, 23.044)
                                                                                    (70.933, 76.795, 38.495)

              2          A 122          A 134             11        420.239         (70.933, 76.795, 38.495)         (64.459, 92.8717, 17.9526)
                                                                                    (56.04, 95.301, 34.666)

              3          A 134          A 142              9        345.032         (56.04, 95.301, 34.666)
                                                                                    (74.404, 95.844, 27.24)

              4          A 142          A 150              9        337.742         (74.404, 95.844, 27.24)
                                                                                    (75.474, 76.722, 30.593)

              5          A 150          A 159             10        372.889         (75.474, 76.722, 30.593)
                                                                                    (82.678, 95.557, 18.755)

              6          A 159          A 167              9        339.546         (82.678, 95.557, 18.755)         (71.5026, 87.0435, 17.239)
                                                                                    (81.948, 76.809, 25.63)

              7          A 167          A 181             15        592.429         (81.948, 76.809, 25.63)         (76.5909, 86.5008, 4.72887)
                                                                                    (80.405, 102.053, 19.786)

              8          A 181          A 190             10        366.966         (80.405, 102.053, 19.786)         (67.646, 93.1402, 26.3235)
                                                                                    (56.344, 93.345, 18.464)

              9          A 190          A 199             10        366.456         (56.344, 93.345, 18.464)         (73.599, 89.941, 17.5032)
                                                                                    (72.912, 106.559, 18.311)

             10          A 199          A 212             14         542.54         (72.912, 106.559, 18.311)         (68.9834, 84.0532, 5.48652)
                                                                                    (52.691, 94.461, 19.548)

             11          A 212          A 223             12         463.64         (52.691, 94.461, 19.548)
                                                                                    (71.812, 76.205, 21.872)

             12          A 223          A 235             13         488.76         (71.812, 76.205, 21.872)         (50.7756, 90.0172, 13.1688)
                                                                                    (47.798, 84.184, 36.747)

