Using structure file: /home/pkas7/Research/SCOP/pdbstyle-1.75B/dm/d1dmla2.ent
Number of residues: 126
Doing a BEZIER segmentation ...

Bounding box volume: 40092.6
Null Model Fit: 5648.55 bits.
Bits per residue: 45.1884

Bezier model fit: 5144.03 bits.
Bits per residue: 41.1522

# of segments: 11
Internal segmentation:
0-->12-->27-->37-->45-->57-->58-->65-->86-->101-->112-->125

CPU time used: 7.1 secs.
Wall clock time elapsed: 7 secs.

        SEGMENT          START            END   NUM_RESIDUES MESSAGE_LENGTH                    END_POINTS        INTERMEDIATE_CONTROL_POINTS
              1          A 170          A 182             13        497.885         (-6.044, 73.033, 55.521)         (4.46228, 93.3251, 56.1672)
                                                                                    (-0.245, 76.099, 78.69)

              2          A 182          A 197             16        614.392         (-0.245, 76.099, 78.69)
                                                                                    (-25.983, 84.108, 72.1)

              3          A 197          A 207             11        409.388         (-25.983, 84.108, 72.1)         (-8.70563, 87.0999, 66.6105)
                                                                                    (0.263, 98.065, 70.066)

              4          A 207          A 215              9         335.51         (0.263, 98.065, 70.066)         (-3.95854, 84.233, 72.3704)
                                                                                    (-19.722, 90.416, 76.718)

              5          A 215          A 227             13        496.933         (-19.722, 90.416, 76.718)
                                                                                    (13.409, 87.508, 67.661)

              6          A 227          A 252              2        48.2255         (13.409, 87.508, 67.661)
                                                                                    (6.027, 88.357, 81.655)

              7          A 252          A 259              8        297.968         (6.027, 88.357, 81.655)
                                                                                    (4.783, 85.985, 63.682)

              8          A 259          A 280             22        869.393         (4.783, 85.985, 63.682)         (-25.5576, 92.5549, 64.4276)
                                                                                    (-11.337, 67.195, 74.978)

              9          A 280          A 295             16        615.911         (-11.337, 67.195, 74.978)         (9.65434, 81.7073, 72.356)
                                                                                    (-13.453, 84.306, 51.939)

             10          A 295          A 306             12        449.263         (-13.453, 84.306, 51.939)         (-7.50867, 77.9403, 71.3811)
                                                                                    (6.513, 66.898, 68.674)

             11          A 306          A 319             14        509.162         (6.513, 66.898, 68.674)         (-17.1088, 70.4398, 65.6899)
                                                                                    (-16.69, 92.676, 54.663)

