Using structure file: /home/pkas7/Research/SCOP/pdbstyle-1.75B/dm/d1dmla1.ent
Number of residues: 141
Doing a BEZIER segmentation ...

Bounding box volume: 42044.5
Null Model Fit: 6335.98 bits.
Bits per residue: 45.257

Bezier model fit: 5796.82 bits.
Bits per residue: 41.4059

# of segments: 11
Internal segmentation:
0-->9-->20-->34-->45-->58-->72-->89-->104-->114-->126-->140

CPU time used: 8.32 secs.
Wall clock time elapsed: 8 secs.

        SEGMENT          START            END   NUM_RESIDUES MESSAGE_LENGTH                    END_POINTS        INTERMEDIATE_CONTROL_POINTS
              1           A 29           A 38             10        375.889         (5.294, 44.647, 50.523)
                                                                                    (12.332, 55.268, 70.081)

              2           A 38           A 49             12        454.715         (12.332, 55.268, 70.081)
                                                                                    (-2.997, 63.091, 75.832)

              3           A 49           A 63             15         575.96         (-2.997, 63.091, 75.832)         (-22.3543, 53.702, 65.5064)
                                                                                    (4.573, 59.575, 50.899)

              4           A 63           A 74             12        449.138         (4.573, 59.575, 50.899)
                                                                                    (-18.412, 69.138, 64.698)

              5           A 74           A 87             14        541.656         (-18.412, 69.138, 64.698)         (5.74936, 67.1503, 58.2544)
                                                                                    (11.422, 53.71, 62.583)

              6           A 87          A 101             15        579.929         (11.422, 53.71, 62.583)         (-0.601027, 58.8644, 32.9178)
                                                                                    (-12.137, 50.944, 63.05)

              7          A 101          A 118             18        718.238         (-12.137, 50.944, 63.05)
                                                                                    (1.698, 46.638, 78.402)

              8          A 118          A 133             16        622.287         (1.698, 46.638, 78.402)         (8.93593, 47.179, 51.363)
                                                                                    (-7.978, 47.403, 46.172)

              9          A 133          A 143             11        389.235         (-7.978, 47.403, 46.172)         (-1.70261, 45.2025, 60.7548)
                                                                                    (8.016, 41.498, 74.771)

             10          A 143          A 155             13        519.887         (8.016, 41.498, 74.771)         (15.4842, 32.1858, 57.4864)
                                                                                    (-2.098, 40.271, 67.249)

             11          A 155          A 169             15         569.89         (-2.098, 40.271, 67.249)         (-18.0879, 49.4741, 39.6817)
                                                                                    (-7.588, 69.713, 54.543)

