Using structure file: /home/pkas7/Research/SCOP/pdbstyle-1.75B/dp/d1dp7p_.ent
Number of residues: 76
Doing a BEZIER segmentation ...

Bounding box volume: 21511.8
Null Model Fit: 3321.76 bits.
Bits per residue: 44.2902

Bezier model fit: 3111.04 bits.
Bits per residue: 41.4805

# of segments: 6
Internal segmentation:
0-->12-->17-->40-->61-->68-->75

CPU time used: 3.72 secs.
Wall clock time elapsed: 3 secs.

        SEGMENT          START            END   NUM_RESIDUES MESSAGE_LENGTH                    END_POINTS        INTERMEDIATE_CONTROL_POINTS
              1            P 1           P 13             13        505.241         (36.359, 21.757, 33.035)
                                                                                    (31.71, 31.385, 53.727)

              2           P 13           P 18              6        217.009         (31.71, 31.385, 53.727)
                                                                                    (38.753, 18.096, 51.491)

              3           P 18           P 41             24         941.48         (38.753, 18.096, 51.491)         (28.0851, 4.38798, 21.4678)
                                                                                    (48.894, 19.818, 41.285)

              4           P 41           P 62             22        861.407         (48.894, 19.818, 41.285)         (32.3996, 42.1057, 34.8992)
                                                                                    (47.045, 14.796, 65.108)

              5           P 62           P 69              8        292.815         (47.045, 14.796, 65.108)
                                                                                    (40.101, 24.155, 50.153)

              6           P 69           P 76              8        293.088         (40.101, 24.155, 50.153)
                                                                                    (24.557, 21.062, 43.475)

