Using structure file: /home/pkas7/Research/SCOP/pdbstyle-1.75B/dq/d1dq3a4.ent
Number of residues: 109
Doing a BEZIER segmentation ...

Bounding box volume: 36564.8
Null Model Fit: 4866 bits.
Bits per residue: 45.0555

Bezier model fit: 4423.45 bits.
Bits per residue: 40.9579

# of segments: 9
Internal segmentation:
0-->1-->22-->29-->38-->53-->64-->78-->107-->108

CPU time used: 5.97 secs.
Wall clock time elapsed: 6 secs.

        SEGMENT          START            END   NUM_RESIDUES MESSAGE_LENGTH                    END_POINTS        INTERMEDIATE_CONTROL_POINTS
              1          A 227          A 228              2        48.0926         (13.542, 18.493, 34.334)
                                                                                    (9.779, 17.818, 34.261)

              2          A 228          A 249             22        852.483         (9.779, 17.818, 34.261)         (16.6693, -0.975831, 36.9862)
                                                                                    (17.336, 18.944, 18.988)

              3          A 249          A 256              8         297.57         (17.336, 18.944, 18.988)
                                                                                    (37.921, 19.864, 20.72)

              4          A 256          A 265             10        376.185         (37.921, 19.864, 20.72)
                                                                                    (16.451, 27.727, 30.43)

              5          A 265          A 280             16        604.363         (16.451, 27.727, 30.43)
                                                                                    (29.459, 9.333, 36.226)

              6          A 280          A 291             12        439.855         (29.459, 9.333, 36.226)         (32.5191, 27.3418, 33.636)
                                                                                    (23.006, 39.46, 22.407)

              7          A 291          A 305             15        574.309         (23.006, 39.46, 22.407)
                                                                                    (33.177, 11.13, 30.068)

              8          A 305          A 334             30         1182.5         (33.177, 11.13, 30.068)         (7.84759, 6.26682, 8.01625)
                                                                                    (44.839, 13.003, 21.102)

              9          A 334          A 335              2        48.0926         (44.839, 13.003, 21.102)
                                                                                    (44.807, 12.867, 24.894)

