Using structure file: /home/pkas7/Research/SCOP/pdbstyle-1.75B/dr/d1dr9a2.ent
Number of residues: 95
Doing a BEZIER segmentation ...

Bounding box volume: 20605.8
Null Model Fit: 4157.44 bits.
Bits per residue: 44.2281

Bezier model fit: 3797.74 bits.
Bits per residue: 40.4015

# of segments: 11
Internal segmentation:
0-->13-->15-->26-->29-->38-->39-->54-->67-->69-->82-->94

CPU time used: 5.05 secs.
Wall clock time elapsed: 5 secs.

        SEGMENT          START            END   NUM_RESIDUES MESSAGE_LENGTH                    END_POINTS        INTERMEDIATE_CONTROL_POINTS
              1          A 106          A 119             14        511.381         (17.355, 26.216, 62.48)         (26.0932, 22.7012, 82.951)
                                                                                    (23.662, 44.58, 95.243)

              2          A 119          A 121              3        92.4933         (23.662, 44.58, 95.243)
                                                                                    (20.918, 41.078, 100.29)

              3          A 121          A 132             12         431.71         (20.918, 41.078, 100.29)         (19.5945, 32.2213, 86.9653)
                                                                                    (21.19, 31.115, 65.997)

              4          A 132          A 135              4        137.971         (21.19, 31.115, 65.997)
                                                                                    (11.486, 30.913, 64.289)

              5          A 135          A 144             10         360.74         (11.486, 30.913, 64.289)         (12.1517, 36.2587, 79.7574)
                                                                                    (7.937, 23.638, 90.409)

              6          A 144          A 145              2        47.2652         (7.937, 23.638, 90.409)
                                                                                    (6.015, 23.427, 87.147)

              7          A 145          A 160             16        614.649         (6.015, 23.427, 87.147)         (11.9517, 48.6366, 85.5321)
                                                                                    (21.697, 39.267, 57.786)

              8          A 160          A 173             14        515.817         (21.697, 39.267, 57.786)
                                                                                    (16.331, 34.775, 97.095)

              9          A 173          A 175              3        92.4933         (16.331, 34.775, 97.095)
                                                                                    (17.998, 31.83, 101.451)

             10          A 175          A 188             14        529.863         (17.998, 31.83, 101.451)         (15.9127, 25.4039, 80.9232)
                                                                                    (6.463, 23.571, 68.017)

             11          A 188          A 200             13        463.361         (6.463, 23.571, 68.017)         (22.1288, 24.2608, 82.4699)
                                                                                    (23.71, 25.973, 102.91)

