Using structure file: /home/pkas7/Research/SCOP/pdbstyle-1.75B/dr/d1drua1.ent
Number of residues: 160
Doing a BEZIER segmentation ...

Bounding box volume: 40144.3
Null Model Fit: 7185.25 bits.
Bits per residue: 45.1903

Bezier model fit: 6592.5 bits.
Bits per residue: 41.4622

# of segments: 12
Internal segmentation:
0-->1-->25-->37-->61-->77-->92-->103-->126-->127-->142-->150-->159

CPU time used: 9.15 secs.
Wall clock time elapsed: 9 secs.

        SEGMENT          START            END   NUM_RESIDUES MESSAGE_LENGTH                    END_POINTS        INTERMEDIATE_CONTROL_POINTS
              1            A 4            A 5              2        48.2273         (23.071, 50.619, 12.408)
                                                                                    (25.371, 48.04, 13.7)

              2            A 5           A 29             25        985.662         (25.371, 48.04, 13.7)         (-5.12618, 20.5671, 14.9556)
                                                                                    (19.709, 50.755, 18.514)

              3           A 29           A 41             13        497.517         (19.709, 50.755, 18.514)
                                                                                    (7.094, 24.991, 3.151)

              4           A 41           A 65             25        1011.77         (7.094, 24.991, 3.151)         (1.36784, 63.5206, 13.1378)
                                                                                    (18.278, 29.429, 3.137)

              5           A 65           A 81             17        673.071         (18.278, 29.429, 3.137)         (33.0434, 48.2535, 8.75218)
                                                                                    (13.14, 23.844, 18.197)

              6           A 81           A 96             16        604.904         (13.14, 23.844, 18.197)
                                                                                    (32.173, 32.066, 12.665)

              7           A 96          A 107             12        453.057         (32.173, 32.066, 12.665)         (11.0786, 37.1157, 25.2748)
                                                                                    (18.704, 16.463, 25.608)

              8          A 107          A 130             24        949.456         (18.704, 16.463, 25.608)         (44.5976, 25.1977, 14.3001)
                                                                                    (14.249, 38.414, 30.885)

              9          A 130          A 241              2        48.2273         (14.249, 38.414, 30.885)
                                                                                    (8.823, 41.333, 24.787)

             10          A 241          A 256             16        598.763         (8.823, 41.333, 24.787)
                                                                                    (33.688, 41.931, 19.688)

             11          A 256          A 264              9        334.133         (33.688, 41.931, 19.688)         (36.2607, 23.5578, 22.465)
                                                                                    (22.692, 36.608, 31.174)

             12          A 264          A 273             10        387.707         (22.692, 36.608, 31.174)
                                                                                    (27.46, 42.625, 41.072)

