Using structure file: /home/pkas7/Research/SCOP/pdbstyle-1.75B/e3/d1e32a3.ent
Number of residues: 94
Doing a BEZIER segmentation ...

Bounding box volume: 22694
Null Model Fit: 4126.17 bits.
Bits per residue: 44.3674

Bezier model fit: 3855.83 bits.
Bits per residue: 41.4605

# of segments: 7
Internal segmentation:
0-->14-->35-->51-->62-->73-->87-->93

CPU time used: 4.84 secs.
Wall clock time elapsed: 4 secs.

        SEGMENT          START            END   NUM_RESIDUES MESSAGE_LENGTH                    END_POINTS        INTERMEDIATE_CONTROL_POINTS
              1          A 107          A 121             15        573.579         (69.146, 39.477, 29.507)         (75.3573, 18.4425, 39.9831)
                                                                                    (48.053, 11.861, 36.242)

              2          A 121          A 142             22        877.257         (48.053, 11.861, 36.242)         (67.4207, -0.623132, 31.7548)
                                                                                    (67.161, 23.084, 21.335)

              3          A 142          A 158             17        667.436         (67.161, 23.084, 21.335)         (55.0679, 35.9664, 42.8116)
                                                                                    (52.435, 6.489, 22.693)

              4          A 158          A 169             12         448.15         (52.435, 6.489, 22.693)         (51.0327, 22.4517, 38.7842)
                                                                                    (69.036, 27.993, 38.928)

              5          A 169          A 180             12        475.166         (69.036, 27.993, 38.928)         (63.8016, 32.7777, 25.8881)
                                                                                    (72.31, 22.706, 32.066)

              6          A 180          A 194             15        551.903         (72.31, 22.706, 32.066)         (57.8394, 2.80941, 48.7244)
                                                                                    (43.349, 25.604, 37.809)

              7          A 194          A 200              7        262.337         (43.349, 25.604, 37.809)
                                                                                    (42.261, 17.647, 27.13)

