Using structure file: /home/pkas7/Research/SCOP/pdbstyle-1.75B/e5/d1e58a_.ent
Number of residues: 246
Doing a BEZIER segmentation ...

Bounding box volume: 88328.4
Null Model Fit: 11350.3 bits.
Bits per residue: 46.3279

Bezier model fit: 10158.7 bits.
Bits per residue: 41.4642

# of segments: 15
Internal segmentation:
0-->17-->28-->46-->57-->72-->87-->116-->136-->150-->173-->192-->208-->218-->230-->245

CPU time used: 15 secs.
Wall clock time elapsed: 15 secs.

        SEGMENT          START            END   NUM_RESIDUES MESSAGE_LENGTH                    END_POINTS        INTERMEDIATE_CONTROL_POINTS
              1            A 1           A 19             18        707.903         (57.487, 3.868, 40.289)         (31.1539, 12.0408, 16.2028)
                                                                                    (30.443, 24.411, 13.566)

              2           A 19           A 30             12        469.972         (30.443, 24.411, 13.566)         (19.2782, 17.7165, 35.3163)
                                                                                    (31.375, 12.214, 12.793)

              3           A 30           A 48             19        714.853         (31.375, 12.214, 12.793)
                                                                                    (52.815, -0.018, 24.928)

              4           A 48           A 59             12        463.539         (52.815, -0.018, 24.928)         (37.8006, 0.540482, 41.3435)
                                                                                    (27.747, 11.829, 26.36)

              5           A 59           A 74             16        606.452         (27.747, 11.829, 26.36)
                                                                                    (41.59, -5.675, 23.07)

              6           A 74           A 89             16        624.721         (41.59, -5.675, 23.07)         (28.0688, 1.67699, 42.204)
                                                                                    (30.569, 22.586, 29.797)

              7           A 89          A 118             30         1219.3         (30.569, 22.586, 29.797)         (19.4457, 42.338, -0.00247074)
                                                                                    (36.8, 32.014, 32.397)

              8          A 118          A 138             21        837.134         (36.8, 32.014, 32.397)         (1.35961, 30.498, 25.9538)
                                                                                    (20.175, 10.051, 32.533)

              9          A 138          A 152             15        606.307         (20.175, 10.051, 32.533)         (13.6061, 20.752, 46.5885)
                                                                                    (31.356, 28.518, 32.599)

             10          A 152          A 175             24         910.77         (31.356, 28.518, 32.599)         (34.8427, 15.1543, 46.8705)
                                                                                    (48.024, 1.184, 41.638)

             11          A 175          A 194             20        790.483         (48.024, 1.184, 41.638)         (27.2879, 24.3707, 17.4149)
                                                                                    (47.279, 19.586, 37.421)

             12          A 194          A 210             17        661.483         (47.279, 19.586, 37.421)         (45.6361, 45.3249, 30.4618)
                                                                                    (41.415, 12.236, 19.606)

             13          A 210          A 220             11        410.443         (41.415, 12.236, 19.606)         (55.8667, 11.0312, 31.4571)
                                                                                    (53.805, 11.505, 45.913)

             14          A 220          A 232             13        503.138         (53.805, 11.505, 45.913)
                                                                                    (53.992, 16.409, 16.445)

             15          A 232          A 247             16        632.221         (53.992, 16.409, 16.445)         (40.3587, 29.9094, 19.8409)
                                                                                    (38.634, 26.484, 9.627)

