Using structure file: /home/pkas7/Research/SCOP/pdbstyle-1.75B/ec/d1ecfa1.ent
Number of residues: 243
Doing a BEZIER segmentation ...

Bounding box volume: 107243
Null Model Fit: 11279.1 bits.
Bits per residue: 46.6079

Bezier model fit: 10030.2 bits.
Bits per residue: 41.4469

# of segments: 17
Internal segmentation:
0-->15-->41-->54-->79-->87-->94-->109-->121-->136-->137-->146-->156-->181-->190-->213-->221-->242

CPU time used: 14.64 secs.
Wall clock time elapsed: 14 secs.

        SEGMENT          START            END   NUM_RESIDUES MESSAGE_LENGTH                    END_POINTS        INTERMEDIATE_CONTROL_POINTS
              1          A 250          A 265             16        635.776         (80.558, 69.006, 52.834)         (74.226, 42.894, 53.3893)
                                                                                    (88.083, 57.86, 45.372)

              2          A 265          A 291             27        1034.07         (88.083, 57.86, 45.372)
                                                                                    (87.657, 45.21, 77.868)

              3          A 291          A 304             14        548.015         (87.657, 45.21, 77.868)         (81.8078, 27.245, 68.4848)
                                                                                    (80.621, 45.931, 53.179)

              4          A 304          A 329             26        1025.94         (80.621, 45.931, 53.179)         (104.166, 38.633, 81.9117)
                                                                                    (71.248, 35.317, 44.099)

              5          A 329          A 337              9        331.798         (71.248, 35.317, 44.099)         (57.3535, 38.4303, 46.5603)
                                                                                    (46.33, 30.458, 45.335)

              6          A 337          A 344              8        299.108         (46.33, 30.458, 45.335)
                                                                                    (59.746, 37.636, 55.039)

              7          A 344          A 359             16        631.036         (59.746, 37.636, 55.039)         (80.1433, 30.0294, 49.5529)
                                                                                    (79.333, 27.389, 71.765)

              8          A 359          A 371             13        502.973         (79.333, 27.389, 71.765)         (86.7494, 49.8039, 60.3968)
                                                                                    (65.131, 49.783, 60.97)

              9          A 371          A 386             16        610.652         (65.131, 49.783, 60.97)
                                                                                    (74.537, 27.657, 68.648)

             10          A 386          A 387              2        49.6449         (74.537, 27.657, 68.648)
                                                                                    (76.084, 30.977, 69.652)

             11          A 387          A 396             10        370.692         (76.084, 30.977, 69.652)
                                                                                    (78.189, 53.843, 61.635)

             12          A 396          A 406             11        423.219         (78.189, 53.843, 61.635)         (61.8947, 63.4585, 66.7479)
                                                                                    (69.396, 61.864, 47.935)

             13          A 406          A 431             26        1058.63         (69.396, 61.864, 47.935)         (58.932, 56.4032, 78.3662)
                                                                                    (71.527, 41.361, 71.453)

             14          A 431          A 440             10        367.631         (71.527, 41.361, 71.453)
                                                                                    (83.632, 62.127, 65.687)

             15          A 440          A 463             24        964.207         (83.632, 62.127, 65.687)         (98.8351, 64.7523, 46.7461)
                                                                                    (70.026, 66.12, 62.592)

             16          A 463          A 471              9        345.491         (70.026, 66.12, 62.592)         (75.241, 78.4246, 49.5055)
                                                                                    (61.948, 71.351, 59.936)

             17          A 471          A 492             22        831.273         (61.948, 71.351, 59.936)         (51.0322, 60.3493, 51.8198)
                                                                                    (51.357, 47.704, 40.351)

