Using structure file: /home/pkas7/Research/SCOP/pdbstyle-1.75B/ec/d1ecwa_.ent
Number of residues: 114
Doing a BEZIER segmentation ...

Bounding box volume: 35538.1
Null Model Fit: 5086.63 bits.
Bits per residue: 45.0144

Bezier model fit: 4660.82 bits.
Bits per residue: 41.2462

# of segments: 8
Internal segmentation:
0-->3-->18-->24-->47-->67-->85-->108-->113

CPU time used: 6.47 secs.
Wall clock time elapsed: 6 secs.

        SEGMENT          START            END   NUM_RESIDUES MESSAGE_LENGTH                    END_POINTS        INTERMEDIATE_CONTROL_POINTS
              1            A 6            A 9              4         140.33         (37.995, 47.921, 31.501)
                                                                                    (31.805, 47.548, 28.485)

              2            A 9           A 24             16        612.007         (31.805, 47.548, 28.485)
                                                                                    (27.234, 20.719, 28.107)

              3           A 24           A 30              7        263.077         (27.234, 20.719, 28.107)
                                                                                    (32.916, 35.673, 33.892)

              4           A 30           A 53             24        943.405         (32.916, 35.673, 33.892)         (64.3204, 36.612, 30.0352)
                                                                                    (37.84, 45.805, 19.972)

              5           A 53           A 73             21        822.308         (37.84, 45.805, 19.972)         (52.6518, 31.6575, 6.53828)
                                                                                    (46.421, 23.827, 27.133)

              6           A 73           A 91             19        709.798         (46.421, 23.827, 27.133)
                                                                                    (27.853, 41.054, 18.004)

              7           A 91          A 114             24        949.395         (27.853, 41.054, 18.004)         (29.7798, 8.67951, 33.2026)
                                                                                    (44.174, 20.6, 4.214)         (34.9614, 51.0434, 0.744572)

              8          A 114          A 119              6        220.504         (44.174, 20.6, 4.214)
                                                                                    (44.141, 36.521, 6.093)

