Using structure file: /home/pkas7/Research/SCOP/pdbstyle-1.75B/ef/d1ef1c_.ent
Number of residues: 90
Doing a BEZIER segmentation ...

Bounding box volume: 64818.3
Null Model Fit: 4083.45 bits.
Bits per residue: 45.8815

Bezier model fit: 3636.88 bits.
Bits per residue: 40.8638

# of segments: 5
Internal segmentation:
0-->28-->43-->64-->66-->89

CPU time used: 4.51 secs.
Wall clock time elapsed: 4 secs.

        SEGMENT          START            END   NUM_RESIDUES MESSAGE_LENGTH                    END_POINTS        INTERMEDIATE_CONTROL_POINTS
              1          C 488          C 516             29        1139.43         (20.218, 182.037, 33.866)         (6.14398, 130.37, 64.544)
                                                                                    (33.138, 142.418, 31.073)

              2          C 516          C 531             16        602.269         (33.138, 142.418, 31.073)
                                                                                    (44.316, 121.032, 27.402)

              3          C 531          C 552             22        870.944         (44.316, 121.032, 27.402)         (32.1165, 109.519, 49.8489)
                                                                                    (22.508, 128.338, 34.144)

              4          C 552          C 554              3           95.8         (22.508, 128.338, 34.144)
                                                                                    (24.165, 131.242, 40.127)

              5          C 554          C 577             24        928.436         (24.165, 131.242, 40.127)         (-1.59792, 133.533, 54.8639)
                                                                                    (14.458, 115.262, 52.607)

