Using structure file: /home/pkas7/Research/SCOP/pdbstyle-1.75B/eh/d1ehka_.ent
Number of residues: 544
Doing a BEZIER segmentation ...

Bounding box volume: 185772
Null Model Fit: 25738.5 bits.
Bits per residue: 47.4005

Bezier model fit: 21971.5 bits.
Bits per residue: 40.4631

# of segments: 31
Internal segmentation:
0-->27-->34-->52-->80-->90-->113-->125-->129-->158-->172-->200-->208-->236-->247-->272-->284-->313-->317-->329-->355-->364-->392-->402-->431-->441-->452-->481-->483-->509-->533-->543

CPU time used: 33.38 secs.
Wall clock time elapsed: 33 secs.

        SEGMENT          START            END   NUM_RESIDUES MESSAGE_LENGTH                    END_POINTS        INTERMEDIATE_CONTROL_POINTS
              1           A 14           A 41             28        1061.85         (109.313, 2.207, 24.958)         (86.8026, 12.5121, 19.1188)
                                                                                    (68.888, 13.366, 7.317)

              2           A 41           A 48              8        307.278         (68.888, 13.366, 7.317)
                                                                                    (62.992, 17.787, 0.037)

              3           A 48           A 66             19        745.666         (62.992, 17.787, 0.037)         (61.3722, 1.8357, 29.43)
                                                                                    (69.544, 23.461, 13.191)

              4           A 66           A 94             29        1085.92         (69.544, 23.461, 13.191)
                                                                                    (108.035, 11.454, 16.274)

              5           A 94          A 104             11        435.218         (108.035, 11.454, 16.274)
                                                                                    (103.411, 14.865, 29.966)

              6          A 104          A 127             24        904.071         (103.411, 14.865, 29.966)
                                                                                    (69.861, 23.016, 22.658)

              7          A 127          A 139             13        521.916         (69.861, 23.016, 22.658)         (84.4495, 30.034, 9.74473)
                                                                                    (73.457, 34.736, 17.644)

              8          A 139          A 143              5        184.657         (73.457, 34.736, 17.644)
                                                                                    (79.15, 30.246, 27.844)

              9          A 143          A 172             30        1122.58         (79.15, 30.246, 27.844)         (97.5758, 19.2196, 18.4136)
                                                                                    (120.767, 20.056, 18.636)

             10          A 172          A 186             15         605.11         (120.767, 20.056, 18.636)         (120.949, 15.3239, 1.08287)
                                                                                    (105.063, 19.166, 10.701)

             11          A 186          A 214             29        1103.65         (105.063, 19.166, 10.701)         (93.9718, 39.3609, 14.049)
                                                                                    (77.838, 38.433, 30.96)

             12          A 214          A 222              9        347.058         (77.838, 38.433, 30.96)
                                                                                    (81.879, 42.764, 11.616)

             13          A 222          A 250             29        1107.69         (81.879, 42.764, 11.616)
                                                                                    (103.269, 7.205, 2.861)

             14          A 250          A 261             12        474.893         (103.269, 7.205, 2.861)         (101.168, -5.62795, -6.54782)
                                                                                    (110.44, 14.568, -4.992)

             15          A 261          A 286             26        994.684         (110.44, 14.568, -4.992)         (107.096, 32.0512, 9.30269)
                                                                                    (79.591, 39.747, 0.653)

             16          A 286          A 298             13        523.511         (79.591, 39.747, 0.653)         (88.916, 54.5988, 1.36142)
                                                                                    (92.854, 38.815, -0.605)

             17          A 298          A 327             30        1126.06         (92.854, 38.815, -0.605)         (102.615, 19.6619, -9.08949)
                                                                                    (104.301, -2.692, -11.328)

             18          A 327          A 331              5        181.668         (104.301, -2.692, -11.328)
                                                                                    (99.917, 2.49, -21.454)

             19          A 331          A 343             13        498.949         (99.917, 2.49, -21.454)
                                                                                    (94.161, -2.235, -0.523)

             20          A 343          A 369             27         1031.8         (94.161, -2.235, -0.523)         (87.98, 14.9605, -8.33748)
                                                                                    (85.663, 37.932, -5.811)

             21          A 369          A 378             10        388.801         (85.663, 37.932, -5.811)
                                                                                    (73.824, 28.708, -1.546)

             22          A 378          A 406             29        1104.65         (73.824, 28.708, -1.546)         (90.6164, 13.2877, -0.280742)
                                                                                    (97.422, -1.953, 12.831)

             23          A 406          A 416             11        437.865         (97.422, -1.953, 12.831)
                                                                                    (87.153, -9.634, 5.515)

             24          A 416          A 445             30        1120.18         (87.153, -9.634, 5.515)         (82.6054, 10.2629, -3.65804)
                                                                                    (69.278, 27.108, -8.698)

             25          A 445          A 455             11        434.511         (69.278, 27.108, -8.698)         (74.7075, 27.3428, 9.05856)
                                                                                    (59.791, 22.133, 5.966)

             26          A 455          A 466             12        474.388         (59.791, 22.133, 5.966)         (56.2275, 28.2947, -11.1254)
                                                                                    (68.956, 17.895, -8.191)

             27          A 466          A 495             30        1133.14         (68.956, 17.895, -8.191)         (73.3582, 4.5393, 7.70941)
                                                                                    (91.949, -10.141, 18.088)

             28          A 495          A 502              3        98.8381         (91.949, -10.141, 18.088)
                                                                                    (102.876, -3.63, 15.072)

             29          A 502          A 528             27        1054.59         (102.876, -3.63, 15.072)         (125.789, 17.847, -21.1581)
                                                                                    (112.781, 31.023, 11.4)

             30          A 528          A 552             25         951.78         (112.781, 31.023, 11.4)         (98.5823, 42.2074, 1.95804)
                                                                                    (85.097, 52.352, 15.193)

             31          A 552          A 562             11        408.505         (85.097, 52.352, 15.193)         (72.2217, 43.3144, 24.6284)
                                                                                    (65.762, 29.157, 18.538)

