Using structure file: /home/pkas7/Research/SCOP/pdbstyle-1.75B/ei/d1ei7a_.ent
Number of residues: 158
Doing a BEZIER segmentation ...

Bounding box volume: 77167.4
Null Model Fit: 7242.89 bits.
Bits per residue: 46.1331

Bezier model fit: 6415.09 bits.
Bits per residue: 40.8604

# of segments: 11
Internal segmentation:
0-->12-->36-->58-->71-->72-->91-->92-->104-->133-->150-->157

CPU time used: 8.99 secs.
Wall clock time elapsed: 8 secs.

        SEGMENT          START            END   NUM_RESIDUES MESSAGE_LENGTH                    END_POINTS        INTERMEDIATE_CONTROL_POINTS
              1            A 1           A 13             13        507.898         (16.209, -5.528, 28.03)         (25.1904, -25.0063, 15.2628)
                                                                                    (13.107, -9.161, 16.8)

              2           A 13           A 37             25        981.004         (13.107, -9.161, 16.8)         (-20.4942, -10.9044, 11.7309)
                                                                                    (-6.187, -7.916, -13.389)

              3           A 37           A 59             23        876.542         (-6.187, -7.916, -13.389)
                                                                                    (15.078, -2.695, 24.57)

              4           A 59           A 72             14        544.607         (15.078, -2.695, 24.57)         (-11.8182, -7.09321, 27.5846)
                                                                                    (8.179, -16.888, 10.639)

              5           A 72           A 73              2        49.1701         (8.179, -16.888, 10.639)
                                                                                    (5.928, -19.158, 12.693)

              6           A 73           A 92             20        764.465         (5.928, -19.158, 12.693)
                                                                                    (2.697, -10.864, -20.783)

              7           A 92           A 93              2        49.1701         (2.697, -10.864, -20.783)
                                                                                    (6.044, -10.079, -19.083)

              8           A 93          A 105             13        501.307         (6.044, -10.079, -19.083)         (1.48212, 4.13523, -35.4046)
                                                                                    (-1.881, -18.659, -28.835)

              9          A 105          A 134             30        1113.91         (-1.881, -18.659, -28.835)
                                                                                    (-7.401, -21.469, 14.418)

             10          A 134          A 151             18        718.997         (-7.401, -21.469, 14.418)
                                                                                    (14.27, -13.566, 28.979)

             11          A 151          A 158              8        308.018         (14.27, -13.566, 28.979)         (15.052, -1.44095, 40.6271)
                                                                                    (21.414, -1.894, 26.606)

