Using structure file: /home/pkas7/Research/SCOP/pdbstyle-1.75B/ej/d1ejba_.ent
Number of residues: 168
Doing a BEZIER segmentation ...

Bounding box volume: 56681.9
Null Model Fit: 7629.89 bits.
Bits per residue: 45.688

Bezier model fit: 6824.09 bits.
Bits per residue: 40.8628

# of segments: 12
Internal segmentation:
0-->15-->26-->44-->58-->76-->81-->93-->116-->117-->136-->140-->167

CPU time used: 9.53 secs.
Wall clock time elapsed: 9 secs.

        SEGMENT          START            END   NUM_RESIDUES MESSAGE_LENGTH                    END_POINTS        INTERMEDIATE_CONTROL_POINTS
              1            A 1           A 16             16        631.804         (69.226, 83.14, 74.634)         (47.9207, 69.4373, 66.8122)
                                                                                    (53.929, 60.108, 87.065)

              2           A 16           A 27             12        447.083         (53.929, 60.108, 87.065)         (72.3694, 49.2946, 80.3629)
                                                                                    (82.469, 58.931, 72.177)

              3           A 27           A 45             19        717.156         (82.469, 58.931, 72.177)
                                                                                    (57.785, 68.011, 80.946)

              4           A 45           A 59             15        583.414         (57.785, 68.011, 80.946)         (65.117, 57.2632, 98.5613)
                                                                                    (79.635, 50.138, 73.636)

              5           A 59           A 77             19        731.927         (79.635, 50.138, 73.636)         (64.2227, 42.0503, 75.7879)
                                                                                    (63.84, 46.734, 92.873)

              6           A 77           A 82              6        220.257         (63.84, 46.734, 92.873)
                                                                                    (57.767, 53.128, 82.108)

              7           A 82           A 94             13        477.774         (57.767, 53.128, 82.108)         (75.6495, 59.5636, 71.739)
                                                                                    (87.579, 52.19, 57.995)

              8           A 94          A 117             24        920.862         (87.579, 52.19, 57.995)         (67.034, 43.8315, 63.913)
                                                                                    (56.861, 45.512, 77.236)

              9          A 117          A 118              2         48.725         (56.861, 45.512, 77.236)
                                                                                    (57.52, 49.257, 77.1)

             10          A 118          A 137             20        784.326         (57.52, 49.257, 77.1)         (89.1345, 63.5359, 53.0818)
                                                                                    (74.294, 66.673, 70.164)

             11          A 137          A 141              5         180.51         (74.294, 66.673, 70.164)
                                                                                    (81.542, 74.872, 67.142)

             12          A 141          A 168             28        1080.25         (81.542, 74.872, 67.142)
                                                                                    (45.336, 52.236, 79.945)

