Using structure file: /home/pkas7/Research/SCOP/pdbstyle-1.75B/em/d1emsa2.ent
Number of residues: 271
Doing a BEZIER segmentation ...

Bounding box volume: 82134.4
Null Model Fit: 12480.2 bits.
Bits per residue: 46.2231

Bezier model fit: 11084.2 bits.
Bits per residue: 41.0525

# of segments: 19
Internal segmentation:
0-->6-->17-->36-->52-->79-->92-->96-->108-->127-->137-->150-->175-->184-->206-->220-->244-->245-->254-->270

CPU time used: 16.94 secs.
Wall clock time elapsed: 16 secs.

        SEGMENT          START            END   NUM_RESIDUES MESSAGE_LENGTH                    END_POINTS        INTERMEDIATE_CONTROL_POINTS
              1           A 10           A 16              7        256.819         (24.694, 23.996, 18.099)         (18.5534, 28.2966, 28.7337)
                                                                                    (30.168, 25.632, 33.227)

              2           A 16           A 27             12        453.882         (30.168, 25.632, 33.227)         (50.4691, 38.7949, 36.8763)
                                                                                    (60.52, 27.288, 33.688)

              3           A 27           A 46             20        761.703         (60.52, 27.288, 33.688)
                                                                                    (32.992, 18.965, 35.259)

              4           A 46           A 62             17        670.107         (32.992, 18.965, 35.259)
                                                                                    (65.562, 37.464, 26.449)

              5           A 62           A 89             28        1064.24         (65.562, 37.464, 26.449)         (60.7179, 15.3536, 19.5948)
                                                                                    (37.276, 15.412, 28.712)

              6           A 89          A 102             14        534.335         (37.276, 15.412, 28.712)         (46.7656, 39.915, 27.7675)
                                                                                    (60.096, 27.362, 10.703)

              7          A 102          A 106              5        183.955         (60.096, 27.362, 10.703)
                                                                                    (63.109, 35.453, 15.765)

              8          A 106          A 118             13        482.118         (63.109, 35.453, 15.765)         (39.9229, 35.028, 20.5457)
                                                                                    (40.068, 14.789, 21.866)

              9          A 118          A 137             20        763.913         (40.068, 14.789, 21.866)         (42.7265, 40.0318, 10.5291)
                                                                                    (64.487, 59.874, 22.164)

             10          A 137          A 147             11        423.487         (64.487, 59.874, 22.164)
                                                                                    (56.929, 38.289, 17.456)

             11          A 147          A 160             14        521.502         (56.929, 38.289, 17.456)         (36.9868, 40.1412, 1.37086)
                                                                                    (30.269, 23.302, 23.591)

             12          A 160          A 185             26         1027.7         (30.269, 23.302, 23.591)         (51.9179, 60.0705, 19.6429)
                                                                                    (27.86, 35.234, 15.34)

             13          A 185          A 194             10        373.378         (27.86, 35.234, 15.34)
                                                                                    (49.43, 39.477, 29.964)

             14          A 194          A 216             23        915.574         (49.43, 39.477, 29.964)         (42.2543, 56.8343, 36.9585)
                                                                                    (26.37, 41.684, 24.048)

             15          A 216          A 230             15         580.06         (26.37, 41.684, 24.048)         (45.3853, 30.3924, 35.9471)
                                                                                    (62.971, 41.463, 37.662)

             16          A 230          A 254             25        998.291         (62.971, 41.463, 37.662)         (8.23608, 41.7201, 26.1193)
                                                                                    (47.485, 34.697, 42.915)

             17          A 254          A 255              2        49.2601         (47.485, 34.697, 42.915)
                                                                                    (48.129, 31.742, 40.641)

             18          A 255          A 264             10        361.831         (48.129, 31.742, 40.641)         (30.0098, 28.2914, 40.6064)
                                                                                    (23.446, 31.468, 26.198)

             19          A 264          A 280             17        662.026         (23.446, 31.468, 26.198)         (12.5659, 42.7762, 26.4461)
                                                                                    (23.527, 50.927, 13.478)

