Using structure file: /home/pkas7/Research/SCOP/pdbstyle-1.75B/eq/d1eq1a_.ent
Number of residues: 166
Doing a BEZIER segmentation ...

Bounding box volume: 40721.6
Null Model Fit: 7459.79 bits.
Bits per residue: 45.2109

Bezier model fit: 6619.22 bits.
Bits per residue: 40.1165

# of segments: 10
Internal segmentation:
0-->7-->35-->63-->69-->98-->100-->129-->134-->163-->165

CPU time used: 9.32 secs.
Wall clock time elapsed: 9 secs.

        SEGMENT          START            END   NUM_RESIDUES MESSAGE_LENGTH                    END_POINTS        INTERMEDIATE_CONTROL_POINTS
              1            A 1            A 8              8        305.312         (14.075, -30.012, -8.915)
                                                                                    (6.883, -19.608, -6.042)

              2            A 8           A 36             29        1109.14         (6.883, -19.608, -6.042)         (17.1364, 3.57875, -0.350582)
                                                                                    (0.849, 30.4, -4.871)

              3           A 36           A 64             29        1086.27         (0.849, 30.4, -4.871)         (-0.0790625, 7.42443, -14.3359)
                                                                                    (-6.545, -15.539, -14.84)

              4           A 64           A 70              7        268.353         (-6.545, -15.539, -14.84)
                                                                                    (-10.781, -23.317, -9.425)

              5           A 70           A 99             30        1158.37         (-10.781, -23.317, -9.425)
                                                                                    (-7.764, 23.941, -3.606)

              6           A 99          A 101              3        94.4588         (-7.764, 23.941, -3.606)
                                                                                    (-3.073, 21.877, -1.248)

              7          A 101          A 130             30        1136.85         (-3.073, 21.877, -1.248)         (3.78746, -2.76438, 0.794461)
                                                                                    (-2.268, -26.854, -4.185)

              8          A 130          A 135              6        226.711         (-2.268, -26.854, -4.185)
                                                                                    (-1.367, -22.959, -14.306)

              9          A 135          A 164             30         1139.3         (-1.367, -22.959, -14.306)
                                                                                    (11.149, 21.858, -10.252)

             10          A 164          A 166              3        94.4588         (11.149, 21.858, -10.252)
                                                                                    (10.011, 22.343, -16.448)

