Using structure file: /home/pkas7/Research/SCOP/pdbstyle-1.75B/eu/d1eu1a1.ent
Number of residues: 155
Doing a BEZIER segmentation ...

Bounding box volume: 69614.3
Null Model Fit: 7081.61 bits.
Bits per residue: 45.9844

Bezier model fit: 6475.9 bits.
Bits per residue: 42.0513

# of segments: 13
Internal segmentation:
0-->22-->29-->52-->66-->67-->78-->83-->97-->106-->122-->137-->138-->154

CPU time used: 9.03 secs.
Wall clock time elapsed: 9 secs.

        SEGMENT          START            END   NUM_RESIDUES MESSAGE_LENGTH                    END_POINTS        INTERMEDIATE_CONTROL_POINTS
              1          A 626          A 648             23        940.169         (26.105, 24.699, 13.374)         (40.4478, 20.8256, 14.0522)
                                                                                    (20.862, 47.202, 29.11)

              2          A 648          A 655              8        305.148         (20.862, 47.202, 29.11)
                                                                                    (27.379, 57.497, 26.706)

              3          A 655          A 678             24        968.598         (27.379, 57.497, 26.706)
                                                                                    (47.55, 30.235, 18.043)

              4          A 678          A 692             15        585.069         (47.55, 30.235, 18.043)         (48.4589, 54.4377, 26.88)
                                                                                    (29.926, 33.447, 5.695)

              5          A 692          A 693              2        49.0215         (29.926, 33.447, 5.695)
                                                                                    (27.176, 35.838, 6.901)

              6          A 693          A 704             12        434.069         (27.176, 35.838, 6.901)         (42.222, 53.9599, 18.6453)
                                                                                    (41.123, 32.131, 30.752)

              7          A 704          A 709              6        224.181         (41.123, 32.131, 30.752)
                                                                                    (36.857, 26.909, 21.624)

              8          A 709          A 723             15        568.498         (36.857, 26.909, 21.624)         (19.7392, 50.8668, 29.2117)
                                                                                    (30.644, 51.88, 3.465)

              9          A 723          A 732             10        392.937         (30.644, 51.88, 3.465)         (24.1176, 40.7969, -4.04435)
                                                                                    (33.659, 49.315, 12.46)

             10          A 732          A 748             17        670.461         (33.659, 49.315, 12.46)
                                                                                    (6.586, 24.642, 17.607)

             11          A 748          A 763             16        621.355         (6.586, 24.642, 17.607)
                                                                                    (44.414, 40.156, 13.984)

             12          A 763          A 764              2        49.0215         (44.414, 40.156, 13.984)
                                                                                    (42.982, 42.92, 11.707)

             13          A 764          A 780             17        667.372         (42.982, 42.92, 11.707)
                                                                                    (21.453, 67.259, 13.908)

