Using structure file: /home/pkas7/Research/SCOP/pdbstyle-1.75B/f0/d1f00i1.ent
Number of residues: 95
Doing a BEZIER segmentation ...

Bounding box volume: 17316
Null Model Fit: 4133.85 bits.
Bits per residue: 43.9772

Bezier model fit: 3832.99 bits.
Bits per residue: 40.7765

# of segments: 9
Internal segmentation:
0-->15-->29-->35-->44-->56-->68-->79-->82-->94

CPU time used: 5.03 secs.
Wall clock time elapsed: 5 secs.

        SEGMENT          START            END   NUM_RESIDUES MESSAGE_LENGTH                    END_POINTS        INTERMEDIATE_CONTROL_POINTS
              1          I 658          I 673             16         615.86         (65.238, 28.254, 78.861)         (40.3813, 27.446, 63.5201)
                                                                                    (47.148, 4.196, 59.361)

              2          I 673          I 687             15        558.737         (47.148, 4.196, 59.361)
                                                                                    (63.042, 36.468, 76.973)

              3          I 687          I 693              7        253.207         (63.042, 36.468, 76.973)
                                                                                    (70.644, 23.911, 69.758)

              4          I 693          I 702             10        368.446         (70.644, 23.911, 69.758)         (60.5352, 15.0247, 78.6598)
                                                                                    (49.208, 7.35, 72.182)

              5          I 702          I 714             13        507.944         (49.208, 7.35, 72.182)         (66.1367, 7.26571, 68.2906)
                                                                                    (69.032, 28.99, 65.454)

              6          I 714          I 726             13        467.873         (69.032, 28.99, 65.454)
                                                                                    (44.91, 2.686, 66.615)

              7          I 726          I 737             12         452.74         (44.91, 2.686, 66.615)         (43.4604, 19.4425, 75.5514)
                                                                                    (65.919, 18.44, 78.3)

              8          I 737          I 740              4        137.218         (65.919, 18.44, 78.3)
                                                                                    (61.738, 17.683, 84.532)

              9          I 740          I 752             13        470.969         (61.738, 17.683, 84.532)         (44.6188, 26.7122, 72.7676)
                                                                                    (40.128, 4.58, 61.865)

