Using structure file: /home/pkas7/Research/SCOP/pdbstyle-1.75B/f0/d1f08a_.ent
Number of residues: 148
Doing a BEZIER segmentation ...

Bounding box volume: 49779.9
Null Model Fit: 6688.59 bits.
Bits per residue: 45.5006

Bezier model fit: 6080.19 bits.
Bits per residue: 41.3618

# of segments: 11
Internal segmentation:
0-->24-->34-->42-->60-->70-->81-->86-->99-->100-->128-->147

CPU time used: 8.76 secs.
Wall clock time elapsed: 8 secs.

        SEGMENT          START            END   NUM_RESIDUES MESSAGE_LENGTH                    END_POINTS        INTERMEDIATE_CONTROL_POINTS
              1          A 156          A 180             25           1001         (-13.816, 56.888, 14.906)         (22.3651, 63.1321, 3.44311)
                                                                                    (-7.954, 49.204, -1.071)

              2          A 180          A 190             11        423.712         (-7.954, 49.204, -1.071)         (-27.9344, 56.3742, 9.64134)
                                                                                    (-11.457, 38.284, 7.071)

              3          A 190          A 198              9        326.368         (-11.457, 38.284, 7.071)         (-2.06766, 49.3462, 5.86786)
                                                                                    (2.443, 55.602, 19.44)

              4          A 198          A 216             19        751.296         (2.443, 55.602, 19.44)         (2.54659, 35.6421, 29.8477)
                                                                                    (-5.243, 31.769, 10.079)

              5          A 216          A 226             11        383.007         (-5.243, 31.769, 10.079)         (8.40613, 43.4048, 10.9717)
                                                                                    (12.734, 61.006, 15.845)

              6          A 226          A 237             12        445.445         (12.734, 61.006, 15.845)
                                                                                    (-9.127, 36.452, 11.017)

              7          A 237          A 242              6        221.384         (-9.127, 36.452, 11.017)
                                                                                    (-16.207, 44.941, 10.224)

              8          A 242          A 255             14        533.631         (-16.207, 44.941, 10.224)
                                                                                    (-4.24, 50.138, 25.222)

              9          A 255          A 256              2        48.5377         (-4.24, 50.138, 25.222)
                                                                                    (-4.52, 53.008, 22.709)

             10          A 256          A 284             29        1151.86         (-4.52, 53.008, 22.709)         (-8.39448, 44.652, -22.2239)
                                                                                    (14.547, 38.583, 10.933)

             11          A 284          A 303             20        793.954         (14.547, 38.583, 10.933)         (-14.6046, 32.6946, 5.20448)
                                                                                    (10.614, 32.163, -12.196)

