Using structure file: /home/pkas7/Research/SCOP/pdbstyle-1.75B/f1/d1f1ma_.ent
Number of residues: 162
Doing a BEZIER segmentation ...

Bounding box volume: 74315.5
Null Model Fit: 7418.68 bits.
Bits per residue: 46.0787

Bezier model fit: 6493.55 bits.
Bits per residue: 40.3326

# of segments: 9
Internal segmentation:
0-->1-->30-->43-->51-->80-->103-->131-->158-->161

CPU time used: 9.44 secs.
Wall clock time elapsed: 9 secs.

        SEGMENT          START            END   NUM_RESIDUES MESSAGE_LENGTH                    END_POINTS        INTERMEDIATE_CONTROL_POINTS
              1           A 40           A 41              2        49.1158         (-0.495, 17.9, -25.621)
                                                                                    (2.945, 19.522, -25.548)

              2           A 41           A 70             30        1114.06         (2.945, 19.522, -25.548)         (16.8005, 12.1161, -7.9263)
                                                                                    (13.475, -4.202, 9.198)

              3           A 70           A 83             14        558.599         (13.475, -4.202, 9.198)         (23.3163, -10.5096, 21.8641)
                                                                                    (22.72, -22.976, 6.95)

              4           A 83           A 91              9        339.589         (22.72, -22.976, 6.95)
                                                                                    (22.242, -10.18, 23.843)

              5           A 91          A 120             30        1165.94         (22.242, -10.18, 23.843)         (28.4277, 13.5052, 1.36723)
                                                                                    (5.68, 17.541, -1.795)

              6          A 120          A 143             24        892.139         (5.68, 17.541, -1.795)
                                                                                    (23.057, 3.402, 27.779)

              7          A 143          A 171             29        1193.63         (23.057, 3.402, 27.779)         (13.5941, -13.6942, 17.8844)
                                                                                    (7.963, 4.004, 18.069)

              8          A 171          A 198             28        1036.96         (7.963, 4.004, 18.069)         (4.29326, 10.2794, -1.02955)
                                                                                    (0.031, 11.49, -22.978)

              9          A 198          A 201              4        143.523         (0.031, 11.49, -22.978)
                                                                                    (-8.507, 12.267, -22.318)

