Using structure file: /home/pkas7/Research/SCOP/pdbstyle-1.75B/f3/d1f3ua_.ent
Number of residues: 118
Doing a BEZIER segmentation ...

Bounding box volume: 59757.3
Null Model Fit: 5354.41 bits.
Bits per residue: 45.7642

Bezier model fit: 4761.89 bits.
Bits per residue: 40.6999

# of segments: 9
Internal segmentation:
0-->1-->13-->34-->48-->58-->72-->87-->99-->117

CPU time used: 6.49 secs.
Wall clock time elapsed: 6 secs.

        SEGMENT          START            END   NUM_RESIDUES MESSAGE_LENGTH                    END_POINTS        INTERMEDIATE_CONTROL_POINTS
              1            A 2            A 3              2        48.8012         (11.884, -16.593, 5.735)
                                                                                    (14.612, -16.549, 3.09)

              2            A 3           A 15             13        498.609         (14.612, -16.549, 3.09)
                                                                                    (-7.681, -11.866, 5.594)

              3           A 15           A 36             22        851.008         (-7.681, -11.866, 5.594)         (-5.30681, 31.9473, -5.21842)
                                                                                    (4.321, 11.865, 23.126)

              4           A 36           A 50             15        567.007         (4.321, 11.865, 23.126)
                                                                                    (-29.32, 2.621, 5.828)

              5           A 50           A 60             11        399.749         (-29.32, 2.621, 5.828)         (-11.869, 11.6471, 7.15778)
                                                                                    (-7.194, 18.952, 21.739)

              6           A 60           A 74             15        589.161         (-7.194, 18.952, 21.739)         (7.72108, 32.0417, 7.12036)
                                                                                    (-15.101, 31.5, 18.563)

              7           A 74           A 89             16        601.597         (-15.101, 31.5, 18.563)
                                                                                    (-15.093, -3.732, -5.553)

              8           A 89          A 101             13        474.111         (-15.093, -3.732, -5.553)
                                                                                    (16.242, -5.272, 6.743)

              9          A 101          A 119             19        731.845         (16.242, -5.272, 6.743)         (-15.4128, -14.6619, -3.62276)
                                                                                    (-13.111, 20.907, 7.352)

