Using structure file: /home/pkas7/Research/SCOP/pdbstyle-1.75B/fa/d1fafa_.ent
Number of residues: 79
Doing a BEZIER segmentation ...

Bounding box volume: 24067.5
Null Model Fit: 3467.27 bits.
Bits per residue: 44.4522

Bezier model fit: 3195.96 bits.
Bits per residue: 40.9739

# of segments: 5
Internal segmentation:
0-->25-->44-->47-->70-->78

CPU time used: 3.95 secs.
Wall clock time elapsed: 4 secs.

        SEGMENT          START            END   NUM_RESIDUES MESSAGE_LENGTH                    END_POINTS        INTERMEDIATE_CONTROL_POINTS
              1            A 1           A 26             26        1049.38         (-17.52, 3.028, -2.54)         (13.2112, -6.62559, 17.098)
                                                                                    (8.138, 11.65, 0.177)

              2           A 26           A 45             20        761.133         (8.138, 11.65, 0.177)
                                                                                    (10.123, -13.867, -7.865)

              3           A 45           A 48              4        138.643         (10.123, -13.867, -7.865)
                                                                                    (2.335, -14.661, -2.313)

              4           A 48           A 71             24        907.164         (2.335, -14.661, -2.313)         (-7.58973, 1.38605, -2.65713)
                                                                                    (-1.129, 20.342, -3.277)

              5           A 71           A 79              9        339.645         (-1.129, 20.342, -3.277)         (4.04357, 24.9389, 12.1053)
                                                                                    (-13.625, 26.069, 4.684)

