Using structure file: /home/pkas7/Research/SCOP/pdbstyle-1.75B/fc/d1fcda1.ent
Number of residues: 186
Doing a BEZIER segmentation ...

Bounding box volume: 77612.4
Null Model Fit: 8536.15 bits.
Bits per residue: 46.1414

Bezier model fit: 7707.35 bits.
Bits per residue: 41.6613

# of segments: 15
Internal segmentation:
0-->10-->24-->43-->68-->82-->90-->104-->113-->114-->129-->152-->153-->162-->183-->185

CPU time used: 10.9 secs.
Wall clock time elapsed: 10 secs.

        SEGMENT          START            END   NUM_RESIDUES MESSAGE_LENGTH                    END_POINTS        INTERMEDIATE_CONTROL_POINTS
              1            A 1           A 11             11         420.66         (-2.777, 27.224, 20.445)         (7.16817, 23.9212, 5.19262)
                                                                                    (9.725, 7.308, 10.531)

              2           A 11           A 25             15        567.355         (9.725, 7.308, 10.531)
                                                                                    (-1.274, 19.854, 23.698)

              3           A 25           A 44             20         789.12         (-1.274, 19.854, 23.698)         (0.987695, 15.6466, -8.10674)
                                                                                    (13.995, -6.338, 13.111)

              4           A 44           A 69             26         1039.6         (13.995, -6.338, 13.111)         (9.21958, -19.7654, 2.70831)
                                                                                    (-5.003, 14.339, 15.243)

              5           A 69           A 83             15        564.762         (-5.003, 14.339, 15.243)         (10.4154, 7.79843, -10.8112)
                                                                                    (13.234, 33.227, 6.519)

              6           A 83           A 91              9        337.077         (13.234, 33.227, 6.519)
                                                                                    (3.771, 18.528, -5.835)

              7           A 91          A 105             15        563.221         (3.771, 18.528, -5.835)         (2.6023, 36.5088, 20.0033)
                                                                                    (17.146, 9.312, 7.913)

              8          A 105          A 114             10        382.233         (17.146, 9.312, 7.913)
                                                                                    (32.843, 2.35, -7.582)

              9          A 114          A 256              2        49.1784         (32.843, 2.35, -7.582)
                                                                                    (25.645, 6.989, 4.82)

             10          A 256          A 271             16        632.623         (25.645, 6.989, 4.82)         (9.34863, 29.5161, 0.998277)
                                                                                    (30.604, 15.987, 7.876)

             11          A 271          A 294             24        987.792         (30.604, 15.987, 7.876)         (9.54825, 36.2951, 25.029)
                                                                                    (20.24, 9.818, 12.472)

             12          A 294          A 295              2        49.1784         (20.24, 9.818, 12.472)
                                                                                    (20.453, 13.013, 10.537)

             13          A 295          A 304             10        386.284         (20.453, 13.013, 10.537)         (32.618, 14.3448, 27.4162)
                                                                                    (19.547, 3.933, 16.217)

             14          A 304          A 325             22        841.941         (19.547, 3.933, 16.217)
                                                                                    (5.367, 29.268, 26.213)

             15          A 325          A 327              3        96.3198         (5.367, 29.268, 26.213)
                                                                                    (12.155, 28.035, 28.88)

