Using structure file: /home/pkas7/Research/SCOP/pdbstyle-1.75B/fd/d1fdra2.ent
Number of residues: 148
Doing a BEZIER segmentation ...

Bounding box volume: 39028.9
Null Model Fit: 6636.99 bits.
Bits per residue: 45.1496

Bezier model fit: 6098.37 bits.
Bits per residue: 41.4855

# of segments: 13
Internal segmentation:
0-->5-->14-->34-->43-->63-->73-->83-->96-->104-->113-->127-->136-->147

CPU time used: 8.33 secs.
Wall clock time elapsed: 8 secs.

        SEGMENT          START            END   NUM_RESIDUES MESSAGE_LENGTH                    END_POINTS        INTERMEDIATE_CONTROL_POINTS
              1          A 101          A 106              6        223.276         (46.961, 26.952, 44.76)
                                                                                    (57.423, 26.201, 37.793)

              2          A 106          A 115             10        365.347         (57.423, 26.201, 37.793)
                                                                                    (36.571, 30.155, 23.078)

              3          A 115          A 135             21        825.488         (36.571, 30.155, 23.078)         (39.3897, 41.4334, 48.622)
                                                                                    (58.976, 33.867, 36.533)

              4          A 135          A 144             10        352.416         (58.976, 33.867, 36.533)         (46.7099, 33.0024, 27.4349)
                                                                                    (37.901, 30.279, 15.116)

              5          A 144          A 164             21        825.049         (37.901, 30.279, 15.116)         (37.5239, 50.2988, 30.4552)
                                                                                    (56.901, 41.73, 30.504)

              6          A 164          A 174             11        396.004         (56.901, 41.73, 30.504)
                                                                                    (39.932, 29.86, 10.068)

              7          A 174          A 184             11        429.973         (39.932, 29.86, 10.068)         (53.0845, 47.8562, 12.3707)
                                                                                    (44.94, 24.981, 16.359)

              8          A 184          A 197             14        549.202         (44.94, 24.981, 16.359)         (58.1522, 17.8562, 18.2716)
                                                                                    (56.507, 33.133, 18.646)

              9          A 197          A 205              9        338.852         (56.507, 33.133, 18.646)
                                                                                    (61.859, 21.282, 33.069)

             10          A 205          A 214             10        374.228         (61.859, 21.282, 33.069)         (47.6773, 28.0204, 35.5061)
                                                                                    (36.938, 22.398, 24.403)

             11          A 214          A 228             15        571.626         (36.938, 22.398, 24.403)
                                                                                    (56.613, 14.37, 22.828)

             12          A 228          A 237             10        378.695         (56.613, 14.37, 22.828)
                                                                                    (48.401, 12.39, 44.641)

             13          A 237          A 248             12         468.21         (48.401, 12.39, 44.641)         (55.3657, 24.2892, 31.6829)
                                                                                    (31.723, 19.967, 28.306)

