Using structure file: /home/pkas7/Research/SCOP/pdbstyle-1.75B/fi/d1fi4a1.ent
Number of residues: 188
Doing a BEZIER segmentation ...

Bounding box volume: 58981.9
Null Model Fit: 8554.38 bits.
Bits per residue: 45.7453

Bezier model fit: 7702.48 bits.
Bits per residue: 41.1898

# of segments: 13
Internal segmentation:
0-->23-->39-->52-->60-->67-->89-->110-->116-->134-->138-->159-->171-->187

CPU time used: 10.81 secs.
Wall clock time elapsed: 10 secs.

        SEGMENT          START            END   NUM_RESIDUES MESSAGE_LENGTH                    END_POINTS        INTERMEDIATE_CONTROL_POINTS
              1            A 3           A 26             24         940.34         (45.849, 35.6, 21.439)         (10.2785, 81.2638, 20.6525)
                                                                                    (15.295, 41.617, 7.152)

              2           A 26           A 42             17        647.042         (15.295, 41.617, 7.152)         (11.851, 68.4203, 2.85413)
                                                                                    (33.744, 61.35, 28.292)

              3           A 42           A 55             14        525.598         (33.744, 61.35, 28.292)
                                                                                    (41.136, 27.472, 18.608)

              4           A 55           A 63              9        349.831         (41.136, 27.472, 18.608)
                                                                                    (29.827, 38.471, 32.77)

              5           A 63           A 70              8         307.07         (29.827, 38.471, 32.77)         (31.4088, 27.7478, 25.1041)
                                                                                    (19.908, 34.883, 20.704)

              6           A 70           A 92             23        865.473         (19.908, 34.883, 20.704)
                                                                                    (45.766, 37.936, -0.237)

              7           A 92          A 113             22        872.224         (45.766, 37.936, -0.237)         (44.0251, 23.4219, 18.2978)
                                                                                    (22.495, 55.505, 33.893)

              8          A 113          A 119              7        268.613         (22.495, 55.505, 33.893)
                                                                                    (19.843, 53.181, 22.701)

              9          A 119          A 137             19        716.716         (19.843, 53.181, 22.701)
                                                                                    (42.152, 45.512, 10.867)

             10          A 137          A 141              5        185.129         (42.152, 45.512, 10.867)
                                                                                    (35.463, 52.658, 4.922)

             11          A 141          A 162             22        857.452         (35.463, 52.658, 4.922)         (12.2414, 38.5481, 12.5875)
                                                                                    (31.236, 61.441, 15.643)

             12          A 162          A 174             13        505.048         (31.236, 61.441, 15.643)         (14.6117, 62.8609, 1.80929)
                                                                                    (19.748, 44.998, -1.284)

             13          A 174          A 190             17        661.948         (19.748, 44.998, -1.284)
                                                                                    (31.95, 71.912, 18.962)

