Using structure file: /home/pkas7/Research/SCOP/pdbstyle-1.75B/fl/d1flca1.ent
Number of residues: 156
Doing a BEZIER segmentation ...

Bounding box volume: 56364.5
Null Model Fit: 7080.38 bits.
Bits per residue: 45.6799

Bezier model fit: 6401.72 bits.
Bits per residue: 41.3014

# of segments: 12
Internal segmentation:
0-->23-->24-->30-->42-->61-->65-->88-->97-->119-->132-->139-->155

CPU time used: 9.04 secs.
Wall clock time elapsed: 9 secs.

        SEGMENT          START            END   NUM_RESIDUES MESSAGE_LENGTH                    END_POINTS        INTERMEDIATE_CONTROL_POINTS
              1          A 151          A 174             24        948.937         (90.163, 25.133, 42.843)         (48.2631, 9.60367, 23.3354)
                                                                                    (82.384, 11.237, 14.743)

              2          A 174          A 175              2        48.7169         (82.384, 11.237, 14.743)
                                                                                    (83.689, 7.685, 14.419)

              3          A 175          A 181              7        258.384         (83.689, 7.685, 14.419)
                                                                                    (80.026, 17.217, 25.538)

              4          A 181          A 193             13         493.21         (80.026, 17.217, 25.538)         (63.7062, 13.0007, 13.9078)
                                                                                    (56.775, 14.731, 2.845)

              5          A 193          A 212             20        750.649         (56.775, 14.731, 2.845)         (62.9574, 28.4286, 31.6943)
                                                                                    (84.428, 19.076, 47.428)

              6          A 212          A 216              5        180.238         (84.428, 19.076, 47.428)
                                                                                    (81.16, 30.06, 41.42)

              7          A 216          A 239             24        958.201         (81.16, 30.06, 41.42)         (76.4794, 20.9974, -8.78272)
                                                                                    (62.218, 26.098, 8.401)

              8          A 239          A 248             10        362.879         (62.218, 26.098, 8.401)         (75.8323, 28.341, 18.3422)
                                                                                    (66.448, 31.463, 34.056)

              9          A 248          A 270             23        938.217         (66.448, 31.463, 34.056)         (73.2649, 42.0143, 5.24453)
                                                                                    (76.785, 19.198, 5.399)

             10          A 270          A 283             14        516.925         (76.785, 19.198, 5.399)         (89.502, 34.5702, 26.6099)
                                                                                    (71.757, 27.718, 37.609)

             11          A 283          A 290              8        290.344         (71.757, 27.718, 37.609)
                                                                                    (65.086, 23.502, 15.282)

             12          A 290          A 306             17        655.023         (65.086, 23.502, 15.282)         (78.4468, 11.665, 24.79)
                                                                                    (88.056, 32.242, 45.554)

