Using structure file: /home/pkas7/Research/SCOP/pdbstyle-1.75B/fl/d1fltv_.ent
Number of residues: 95
Doing a BEZIER segmentation ...

Bounding box volume: 59142.3
Null Model Fit: 4300.43 bits.
Bits per residue: 45.7493

Bezier model fit: 3895.97 bits.
Bits per residue: 41.4465

# of segments: 6
Internal segmentation:
0-->19-->35-->51-->73-->83-->94

CPU time used: 4.81 secs.
Wall clock time elapsed: 4 secs.

        SEGMENT          START            END   NUM_RESIDUES MESSAGE_LENGTH                    END_POINTS        INTERMEDIATE_CONTROL_POINTS
              1           V 13           V 32             20        791.704         (-7.378, -22.562, 24.037)         (-22.8974, -0.245325, 34.2166)
                                                                                    (4.534, 2.359, 16.772)

              2           V 32           V 48             17        675.054         (4.534, 2.359, 16.772)         (6.10668, 29.6202, 2.55683)
                                                                                    (16.61, 6.243, 11.968)

              3           V 48           V 64             17        669.055         (16.61, 6.243, 11.968)         (-2.52069, 1.38616, 30.3348)
                                                                                    (-20.541, 3.698, 16.403)

              4           V 64           V 86             23        899.185         (-20.541, 3.698, 16.403)         (8.09875, 16.0004, 42.6697)
                                                                                    (24.756, 12.677, 1.37)

              5           V 86           V 96             11        406.155         (24.756, 12.677, 1.37)         (27.9233, 14.1913, 21.0372)
                                                                                    (6.996, 13.01, 21.396)

              6           V 96          V 107             12         454.82         (6.996, 13.01, 21.396)         (-10.3228, 3.42469, 37.1782)
                                                                                    (-18.197, 11.497, 17.976)

