Using structure file: /home/pkas7/Research/SCOP/pdbstyle-1.75B/fn/d1fn9a_.ent
Number of residues: 365
Doing a BEZIER segmentation ...

Bounding box volume: 112108
Null Model Fit: 16988.6 bits.
Bits per residue: 46.6719

Bezier model fit: 15096.1 bits.
Bits per residue: 41.4728

# of segments: 22
Internal segmentation:
0-->1-->28-->35-->63-->84-->113-->122-->149-->157-->176-->191-->210-->211-->231-->254-->265-->275-->286-->312-->336-->354-->364

CPU time used: 22.6 secs.
Wall clock time elapsed: 22 secs.

        SEGMENT          START            END   NUM_RESIDUES MESSAGE_LENGTH                    END_POINTS        INTERMEDIATE_CONTROL_POINTS
              1            A 1            A 2              2        49.7089         (36.328, 45.231, 53.915)
                                                                                    (33.261, 42.997, 53.961)

              2            A 2           A 29             28        1117.31         (33.261, 42.997, 53.961)         (7.52947, 42.6304, 93.444)
                                                                                    (29.772, 66.764, 61.507)

              3           A 29           A 36              8        312.528         (29.772, 66.764, 61.507)         (32.6614, 58.467, 74.4156)
                                                                                    (24.499, 68.942, 68.672)

              4           A 36           A 64             29        1198.22         (24.499, 68.942, 68.672)         (22.6629, 34.8554, 56.7684)
                                                                                    (38.489, 53.468, 69.413)

              5           A 64           A 85             22        886.385         (38.489, 53.468, 69.413)         (22.4172, 50.5123, 36.7829)
                                                                                    (16.122, 54.548, 68.161)

              6           A 85          A 114             30        1112.84         (16.122, 54.548, 68.161)         (17.2044, 68.0387, 82.8063)
                                                                                    (15.546, 77.797, 107.989)

              7          A 114          A 123             10        383.261         (15.546, 77.797, 107.989)
                                                                                    (5.755, 70.089, 114.94)

              8          A 123          A 150             28        1123.31         (5.755, 70.089, 114.94)         (5.69488, 81.2717, 75.6859)
                                                                                    (16.584, 67.927, 67.865)

              9          A 150          A 158              9          338.2         (16.584, 67.927, 67.865)         (24.4363, 74.9476, 77.2684)
                                                                                    (28.626, 63.091, 85.441)

             10          A 158          A 177             20         753.77         (28.626, 63.091, 85.441)
                                                                                    (11.781, 64.609, 109.123)

             11          A 177          A 192             16        635.053         (11.781, 64.609, 109.123)
                                                                                    (-1.416, 55.584, 83.227)

             12          A 192          A 211             20        804.203         (-1.416, 55.584, 83.227)         (-16.1944, 72.6192, 90.7856)
                                                                                    (8.266, 58.089, 70.183)

             13          A 211          A 212              2        49.7089         (8.266, 58.089, 70.183)
                                                                                    (7.702, 60.632, 67.41)

             14          A 212          A 232             21        815.334         (7.702, 60.632, 67.41)
                                                                                    (-7.551, 69.585, 110.078)

             15          A 232          A 255             24        947.161         (-7.551, 69.585, 110.078)
                                                                                    (15.282, 49.76, 101.641)

             16          A 255          A 266             12        468.364         (15.282, 49.76, 101.641)
                                                                                    (7.154, 64.211, 79.069)

             17          A 266          A 276             11        408.015         (7.154, 64.211, 79.069)
                                                                                    (20.419, 49.497, 99.313)

             18          A 276          A 287             12        469.724         (20.419, 49.497, 99.313)         (22.0226, 62.4084, 87.2441)
                                                                                    (7.796, 48.657, 79.207)

             19          A 287          A 313             27        1063.32         (7.796, 48.657, 79.207)         (12.5674, 50.0587, 46.5274)
                                                                                    (24.758, 34.099, 60.229)

             20          A 313          A 337             25        992.493         (24.758, 34.099, 60.229)         (2.98654, 33.9902, 66.1972)
                                                                                    (15.905, 47.435, 84.424)

             21          A 337          A 355             19        743.491         (15.905, 47.435, 84.424)         (1.53066, 42.5746, 108.902)
                                                                                    (-6.012, 63.085, 92.208)

             22          A 355          A 365             11        423.693         (-6.012, 63.085, 92.208)         (7.2581, 76.4613, 82.4287)
                                                                                    (4.918, 68.228, 106.831)

