Using structure file: /home/pkas7/Research/SCOP/pdbstyle-1.75B/fr/d1frea_.ent
Number of residues: 39
Doing a BEZIER segmentation ...

Bounding box volume: 5755.17
Null Model Fit: 1610.74 bits.
Bits per residue: 42.388

Bezier model fit: 1600.57 bits.
Bits per residue: 42.1202

# of segments: 5
Internal segmentation:
0-->8-->15-->16-->28-->38

CPU time used: 1.24 secs.
Wall clock time elapsed: 1 secs.

        SEGMENT          START            END   NUM_RESIDUES MESSAGE_LENGTH                    END_POINTS        INTERMEDIATE_CONTROL_POINTS
              1            A 4           A 12              9        344.921         (0.867, 6.022, -2.185)         (14.5766, 0.0476709, 6.8998)
                                                                                    (7.309, -2.371, -7.302)

              2           A 12           A 19              8        288.367         (7.309, -2.371, -7.302)
                                                                                    (-11.126, 2.75, 6.483)

              3           A 19           A 20              2        45.4251         (-11.126, 2.75, 6.483)
                                                                                    (-13.443, 1.834, 3.582)

              4           A 20           A 32             13        502.275         (-13.443, 1.834, 3.582)
                                                                                    (4.213, -8.592, 0.88)

              5           A 32           A 42             11        419.581         (4.213, -8.592, 0.88)         (3.60099, 0.102737, 15.7509)
                                                                                    (-2.916, 6.568, -6.615)

