Using structure file: /home/pkas7/Research/SCOP/pdbstyle-1.75B/fv/d1fvia1.ent
Number of residues: 80
Doing a BEZIER segmentation ...

Bounding box volume: 26733
Null Model Fit: 3523.69 bits.
Bits per residue: 44.6037

Bezier model fit: 3276.3 bits.
Bits per residue: 41.4722

# of segments: 8
Internal segmentation:
0-->15-->16-->32-->43-->61-->69-->71-->79

CPU time used: 3.98 secs.
Wall clock time elapsed: 4 secs.

        SEGMENT          START            END   NUM_RESIDUES MESSAGE_LENGTH                    END_POINTS        INTERMEDIATE_CONTROL_POINTS
              1          A 190          A 205             16        610.682         (31.399, 25.237, 52.477)         (46.9655, 48.706, 59.4072)
                                                                                    (25.39, 43.613, 76.207)

              2          A 205          A 225              2        47.6408         (25.39, 43.613, 76.207)
                                                                                    (36.637, 32.955, 91.46)

              3          A 225          A 241             17        653.818         (36.637, 32.955, 91.46)         (26.3424, 42.1096, 76.681)
                                                                                    (37.279, 42.208, 50.126)

              4          A 241          A 252             12         462.17         (37.279, 42.208, 50.126)         (23.4895, 41.128, 60.3337)
                                                                                    (34.316, 28.385, 72.057)

              5          A 252          A 270             19         734.45         (34.316, 28.385, 72.057)         (42.5709, 49.0747, 81.4753)
                                                                                    (43.176, 38.015, 59.317)

              6          A 270          A 278              9        333.371         (43.176, 38.015, 59.317)         (33.4282, 24.505, 58.5232)
                                                                                    (25.23, 31.593, 47.328)

              7          A 278          A 285              3        93.2444         (25.23, 31.593, 47.328)
                                                                                    (25.742, 32.863, 53.679)

              8          A 285          A 293              9        340.925         (25.742, 32.863, 53.679)         (33.3777, 26.8531, 66.292)
                                                                                    (45.691, 33.89, 60.755)

