Using structure file: /home/pkas7/Research/SCOP/pdbstyle-1.75B/fy/d1fyhb1.ent
Number of residues: 98
Doing a BEZIER segmentation ...

Bounding box volume: 24196.2
Null Model Fit: 4312.6 bits.
Bits per residue: 44.4598

Bezier model fit: 3975.05 bits.
Bits per residue: 40.9799

# of segments: 10
Internal segmentation:
0-->12-->13-->26-->37-->53-->54-->67-->78-->93-->97

CPU time used: 5.25 secs.
Wall clock time elapsed: 5 secs.

        SEGMENT          START            END   NUM_RESIDUES MESSAGE_LENGTH                    END_POINTS        INTERMEDIATE_CONTROL_POINTS
              1           B 12           B 24             13        487.463         (33.031, 53.176, 24.308)         (15.2779, 54.8287, 16.9842)
                                                                                    (11.989, 75.46, 7.126)

              2           B 24           B 25              2        47.4969         (11.989, 75.46, 7.126)
                                                                                    (14.961, 73.601, 5.723)

              3           B 25           B 38             14        529.943         (14.961, 73.601, 5.723)         (19.7677, 55.2444, 24.8968)
                                                                                    (34.113, 60.487, 32.374)

              4           B 38           B 49             12        422.548         (34.113, 60.487, 32.374)         (32.0623, 66.8057, 14.9334)
                                                                                    (24.198, 61.427, -2.579)

              5           B 49           B 65             17        681.068         (24.198, 61.427, -2.579)         (43.0811, 63.0962, 0.936767)
                                                                                    (26.463, 68.267, 23.748)

              6           B 65           B 66              2        47.4969         (26.463, 68.267, 23.748)
                                                                                    (24.059, 65.968, 21.776)

              7           B 66           B 79             14        544.603         (24.059, 65.968, 21.776)         (24.875, 78.8544, -1.02971)
                                                                                    (18.819, 64.918, -2.716)

              8           B 79           B 90             12        429.759         (18.819, 64.918, -2.716)         (24.818, 55.9411, 15.8664)
                                                                                    (40.963, 60.123, 24.741)

              9           B 90          B 105             16        602.016         (40.963, 60.123, 24.741)         (24.6911, 45.4509, 12.3595)
                                                                                    (12.115, 67.976, 0.825)

             10          B 105          B 109              5        182.653         (12.115, 67.976, 0.825)
                                                                                    (8.33, 70.41, 7.222)

