Using structure file: /home/pkas7/Research/SCOP/pdbstyle-1.75B/g2/d1g25a_.ent
Number of residues: 65
Doing a BEZIER segmentation ...

Bounding box volume: 14821.3
Null Model Fit: 2800.17 bits.
Bits per residue: 43.7527

Bezier model fit: 2680.36 bits.
Bits per residue: 41.8806

# of segments: 6
Internal segmentation:
0-->16-->25-->30-->48-->61-->64

CPU time used: 2.9 secs.
Wall clock time elapsed: 2 secs.

        SEGMENT          START            END   NUM_RESIDUES MESSAGE_LENGTH                    END_POINTS        INTERMEDIATE_CONTROL_POINTS
              1            A 1           A 17             17        677.656         (-12.108, -2.238, -8.657)         (-2.39833, -5.57317, 13.1615)
                                                                                    (-13.878, 3.375, -7.354)

              2           A 17           A 26             10         366.89         (-13.878, 3.375, -7.354)         (1.98923, 2.05829, -8.41182)
                                                                                    (8.984, -9.562, -3.478)

              3           A 26           A 31              6        218.834         (8.984, -9.562, -3.478)
                                                                                    (-3.164, -0.381, -2.749)

              4           A 31           A 49             19        749.604         (-3.164, -0.381, -2.749)         (9.24684, 15.3454, 8.72845)
                                                                                    (5.562, -10.015, 4.018)

              5           A 49           A 62             14        530.831         (5.562, -10.015, 4.018)         (23.6222, 5.32737, 0.316712)
                                                                                    (-5.258, -1.387, -12.755)

              6           A 62           A 65              4        136.545         (-5.258, -1.387, -12.755)
                                                                                    (-5.453, -2.817, -21.737)

