Using structure file: /home/pkas7/Research/SCOP/pdbstyle-1.75B/g3/d1g3qa_.ent
Number of residues: 237
Doing a BEZIER segmentation ...

Bounding box volume: 60449.9
Null Model Fit: 10804.3 bits.
Bits per residue: 45.7808

Bezier model fit: 9707 bits.
Bits per residue: 41.1313

# of segments: 14
Internal segmentation:
0-->11-->30-->50-->78-->88-->109-->123-->143-->161-->176-->200-->218-->219-->236

CPU time used: 14.57 secs.
Wall clock time elapsed: 14 secs.

        SEGMENT          START            END   NUM_RESIDUES MESSAGE_LENGTH                    END_POINTS        INTERMEDIATE_CONTROL_POINTS
              1            A 1           A 12             12        458.266         (26.808, 46.14, 75.613)
                                                                                    (35.794, 53.829, 48.835)

              2           A 12           A 31             20        762.105         (35.794, 53.829, 48.835)
                                                                                    (19.843, 56.023, 74.51)

              3           A 31           A 51             21        827.167         (19.843, 56.023, 74.51)         (54.8887, 52.7609, 50.3742)
                                                                                    (31.273, 68.427, 64.155)

              4           A 51           A 79             29        1168.77         (31.273, 68.427, 64.155)         (70.2216, 51.8589, 74.374)
                                                                                    (23.585, 62.811, 73.121)

              5           A 79           A 89             11        409.242         (23.585, 62.811, 73.121)         (37.6828, 55.4954, 69.7203)
                                                                                    (48.341, 65.691, 58.565)

              6           A 89          A 110             22        848.464         (48.341, 65.691, 58.565)         (55.245, 43.677, 61.8003)
                                                                                    (33.761, 47.963, 78.423)

              7          A 110          A 124             15        591.278         (33.761, 47.963, 78.423)         (25.8792, 57.1805, 60.0645)
                                                                                    (45.487, 46.374, 52.314)

              8          A 124          A 144             21        824.937         (45.487, 46.374, 52.314)         (34.4838, 43.1885, 78.8612)
                                                                                    (26.918, 48.413, 41.372)

              9          A 144          A 162             19        716.139         (26.918, 48.413, 41.372)
                                                                                    (36.148, 35.347, 62.916)

             10          A 162          A 177             16        624.868         (36.148, 35.347, 62.916)         (18.8063, 53.6093, 55.8006)
                                                                                    (18.26, 53.972, 36.651)

             11          A 177          A 201             25        996.781         (18.26, 53.972, 36.651)         (22.3528, 19.7006, 58.373)
                                                                                    (20.787, 65.396, 48.9)

             12          A 201          A 219             19        752.474         (20.787, 65.396, 48.9)         (35.6422, 69.0074, 64.7343)
                                                                                    (12.096, 64.091, 58.069)

             13          A 219          A 220              2        48.8179         (12.096, 64.091, 58.069)
                                                                                    (14.26, 63.356, 55.02)

             14          A 220          A 237             18        677.685         (14.26, 63.356, 55.02)
                                                                                    (22.176, 41.917, 69.281)

