Using structure file: /home/pkas7/Research/SCOP/pdbstyle-1.75B/g5/d1g5ba_.ent
Number of residues: 219
Doing a BEZIER segmentation ...

Bounding box volume: 76562.3
Null Model Fit: 10054.5 bits.
Bits per residue: 46.1217

Bezier model fit: 9067.6 bits.
Bits per residue: 41.5945

# of segments: 13
Internal segmentation:
0-->22-->40-->46-->66-->85-->104-->132-->145-->170-->177-->195-->206-->218

CPU time used: 13.4 secs.
Wall clock time elapsed: 13 secs.

        SEGMENT          START            END   NUM_RESIDUES MESSAGE_LENGTH                    END_POINTS        INTERMEDIATE_CONTROL_POINTS
              1            A 1           A 23             23        924.784         (51.549, 37.26, 17.228)         (87.3889, 54.8383, 24.2823)
                                                                                    (47.859, 58.235, 6.536)

              2           A 23           A 41             19        747.298         (47.859, 58.235, 6.536)         (66.3204, 71.302, 3.11529)
                                                                                    (71.417, 51.209, 8.209)

              3           A 41           A 47              7        252.923         (71.417, 51.209, 8.209)
                                                                                    (53.742, 53.874, 18.012)

              4           A 47           A 67             21        829.857         (53.742, 53.874, 18.012)         (33.7917, 61.1765, -4.36569)
                                                                                    (62.521, 45.598, 7.622)

              5           A 67           A 86             20        791.181         (62.521, 45.598, 7.622)         (40.7954, 57.9503, 23.2115)
                                                                                    (34.672, 37.48, 9.591)

              6           A 86          A 105             20        783.358         (34.672, 37.48, 9.591)         (32.4341, 65.221, 21.5273)
                                                                                    (39.932, 50.911, -6.019)

              7          A 105          A 133             29        1130.23         (39.932, 50.911, -6.019)         (45.0602, 34.0185, 11.8282)
                                                                                    (69.495, 51.938, 27.965)

              8          A 133          A 146             14        548.741         (69.495, 51.938, 27.965)         (39.3182, 53.9987, 18.4973)
                                                                                    (56.455, 48.259, 36.905)

              9          A 146          A 171             26        1040.52         (56.455, 48.259, 36.905)         (38.4584, 41.0466, 16.1387)
                                                                                    (49.787, 67.105, 38.474)

             10          A 171          A 178              8        293.251         (49.787, 67.105, 38.474)
                                                                                    (61.494, 48.439, 34.731)

             11          A 178          A 196             19        766.749         (61.494, 48.439, 34.731)         (42.8995, 71.7837, 7.35458)
                                                                                    (58.602, 61.336, 34.75)

             12          A 196          A 207             12        454.901         (58.602, 61.336, 34.75)
                                                                                    (45.13, 67.37, 11.98)

             13          A 207          A 219             13        503.801         (45.13, 67.37, 11.98)
                                                                                    (73.972, 60.957, 15.963)

