Using structure file: /home/pkas7/Research/SCOP/pdbstyle-1.75B/g6/d1g6ha_.ent
Number of residues: 254
Doing a BEZIER segmentation ...

Bounding box volume: 68358.8
Null Model Fit: 11627.4 bits.
Bits per residue: 45.9582

Bezier model fit: 10514.3 bits.
Bits per residue: 41.5584

# of segments: 20
Internal segmentation:
0-->15-->16-->29-->37-->51-->63-->78-->89-->105-->109-->124-->138-->151-->166-->181-->199-->210-->224-->233-->253

CPU time used: 15.71 secs.
Wall clock time elapsed: 15 secs.

        SEGMENT          START            END   NUM_RESIDUES MESSAGE_LENGTH                    END_POINTS        INTERMEDIATE_CONTROL_POINTS
              1            A 4           A 19             16        619.852         (37.461, -2.324, 36.13)         (31.0475, 11.8675, 53.2463)
                                                                                    (17.741, 23.359, 58.892)

              2           A 19           A 20              2        48.9953         (17.741, 23.359, 58.892)
                                                                                    (17.548, 22.237, 55.203)

              3           A 20           A 33             14        537.219         (17.548, 22.237, 55.203)         (23.9062, 3.3206, 51.2857)
                                                                                    (37.354, 6.203, 32.778)

              4           A 33           A 41              9        330.544         (37.354, 6.203, 32.778)
                                                                                    (15.728, 19.254, 38.421)

              5           A 41           A 55             15        580.775         (15.728, 19.254, 38.421)
                                                                                    (36.448, 20.757, 48.597)

              6           A 55           A 67             13        503.233         (36.448, 20.757, 48.597)         (20.7636, 16.033, 63.5633)
                                                                                    (41.171, 5.547, 45.002)

              7           A 67           A 82             16        637.092         (41.171, 5.547, 45.002)         (37.3235, 27.9004, 56.5105)
                                                                                    (45.197, 13.676, 44.466)

              8           A 82           A 93             12        443.416         (45.197, 13.676, 44.466)         (29.6208, 23.6179, 33.0478)
                                                                                    (39.754, 39.628, 33.236)

              9           A 93          A 109             17        666.764         (39.754, 39.628, 33.236)         (50.1108, 29.1359, 18.9779)
                                                                                    (47.043, 28.609, 42.388)

             10          A 109          A 113              5        186.068         (47.043, 28.609, 42.388)
                                                                                    (39.339, 29.19, 41.005)

             11          A 113          A 128             16        623.198         (39.339, 29.19, 41.005)         (47.4724, 46.9494, 43.9662)
                                                                                    (59.713, 25.208, 29.769)

             12          A 128          A 142             15        569.403         (59.713, 25.208, 29.769)
                                                                                    (43.151, 21.994, 18.14)

             13          A 142          A 155             14        549.932         (43.151, 21.994, 18.14)         (51.6825, 42.452, 24.5197)
                                                                                    (33.68, 31.792, 20.392)

             14          A 155          A 170             16        602.701         (33.68, 31.792, 20.392)
                                                                                    (47.072, 20.004, 36.305)

             15          A 170          A 185             16        640.788         (47.072, 20.004, 36.305)         (28.5188, 15.3704, 41.9682)
                                                                                    (23.407, 24.328, 20.666)

             16          A 185          A 203             19        720.031         (23.407, 24.328, 20.666)
                                                                                    (42.328, 7.253, 31.064)

             17          A 203          A 214             12        458.049         (42.328, 7.253, 31.064)         (24.013, 22.3803, 43.3682)
                                                                                    (19.334, 14.411, 25.516)

             18          A 214          A 228             15        586.359         (19.334, 14.411, 25.516)         (35.4127, 0.195202, 24.4378)
                                                                                    (15.503, 16.48, 46.887)

             19          A 228          A 237             10        384.745         (15.503, 16.48, 46.887)
                                                                                    (24.904, 1.667, 29.844)

             20          A 237          A 257             21        825.117         (24.904, 1.667, 29.844)         (4.85886, 3.58476, 35.2315)
                                                                                    (11.305, 22.555, 34.011)

