Using structure file: /home/pkas7/Research/SCOP/pdbstyle-1.75B/gd/d1gdha1.ent
Number of residues: 191
Doing a BEZIER segmentation ...

Bounding box volume: 56470.5
Null Model Fit: 8679.69 bits.
Bits per residue: 45.6826

Bezier model fit: 7890.09 bits.
Bits per residue: 41.5268

# of segments: 12
Internal segmentation:
0-->29-->55-->69-->77-->88-->104-->114-->139-->158-->167-->189-->190

CPU time used: 11.17 secs.
Wall clock time elapsed: 11 secs.

        SEGMENT          START            END   NUM_RESIDUES MESSAGE_LENGTH                    END_POINTS        INTERMEDIATE_CONTROL_POINTS
              1          A 101          A 130             30        1156.28         (9.489, 20.82, 22.192)         (25.8843, 29.6478, 3.16033)
                                                                                    (42.946, 34.497, 24.329)

              2          A 130          A 156             27        1097.01         (42.946, 34.497, 24.329)         (35.7048, 42.9582, -9.72178)
                                                                                    (6.562, 18.025, 10.043)

              3          A 156          A 170             15        569.436         (6.562, 18.025, 10.043)
                                                                                    (15.834, 35.048, 3.302)

              4          A 170          A 178              9        334.113         (15.834, 35.048, 3.302)         (15.3067, 22.9915, -1.5063)
                                                                                    (7.106, 10.976, 2.404)

              5          A 178          A 189             12        467.857         (7.106, 10.976, 2.404)         (-7.14978, 27.236, 0.673737)
                                                                                    (6.996, 29.141, 3.371)

              6          A 189          A 205             17        665.625         (6.996, 29.141, 3.371)         (13.1988, 2.71296, -10.7452)
                                                                                    (23.878, 24.098, 0.224)

              7          A 205          A 215             11        416.306         (23.878, 24.098, 0.224)         (10.889, 18.2165, 15.3713)
                                                                                    (15.744, 0.795, 10.188)

              8          A 215          A 240             26        1050.17         (15.744, 0.795, 10.188)         (38.5946, 26.8282, -13.2771)
                                                                                    (18.619, 11.321, 15.77)

              9          A 240          A 259             20        793.922         (18.619, 11.321, 15.77)         (41.8541, 5.82218, 4.39164)
                                                                                    (32.272, 22.847, 4.816)

             10          A 259          A 268             10        382.016         (32.272, 22.847, 4.816)         (19.4868, 21.2466, 19.3091)
                                                                                    (26.34, 6.863, 21.236)

             11          A 268          A 290             23        908.626         (26.34, 6.863, 21.236)         (50.1408, 23.1802, 10.4981)
                                                                                    (14.535, 21.211, 24.091)

             12          A 290          A 291              2        48.7196         (14.535, 21.211, 24.091)
                                                                                    (16.716, 22.731, 26.811)

