Using structure file: /home/pkas7/Research/SCOP/pdbstyle-1.75B/gh/d1ghja_.ent
Number of residues: 79
Doing a BEZIER segmentation ...

Bounding box volume: 17892.3
Null Model Fit: 3433.9 bits.
Bits per residue: 44.0244

Bezier model fit: 3236.35 bits.
Bits per residue: 41.4917

# of segments: 7
Internal segmentation:
0-->11-->27-->28-->41-->58-->66-->78

CPU time used: 3.86 secs.
Wall clock time elapsed: 3 secs.

        SEGMENT          START            END   NUM_RESIDUES MESSAGE_LENGTH                    END_POINTS        INTERMEDIATE_CONTROL_POINTS
              1            A 1           A 12             12        452.915         (-10.203, 8.726, 0.238)
                                                                                    (20.883, 1.088, 0.03)

              2           A 12           A 28             17        657.388         (20.883, 1.088, 0.03)         (-0.229348, -6.33341, -17.9342)
                                                                                    (-15.402, -2.958, -6.505)

              3           A 28           A 29              2        47.0615         (-15.402, -2.958, -6.505)
                                                                                    (-12.926, -3.563, -3.657)

              4           A 29           A 42             14        542.835         (-12.926, -3.563, -3.657)
                                                                                    (15.192, -8.047, -2.513)

              5           A 42           A 59             18        695.609         (15.192, -8.047, -2.513)         (-27.5745, -0.792564, 8.12018)
                                                                                    (-0.577, 5.712, -13.205)

              6           A 59           A 67              9        345.224         (-0.577, 5.712, -13.205)         (7.15204, -10.9729, -17.9261)
                                                                                    (10.294, 6.426, -7.129)

              7           A 67           A 79             13        495.322         (10.294, 6.426, -7.129)
                                                                                    (-20.863, 4.418, 0.744)

