Using structure file: /home/pkas7/Research/SCOP/pdbstyle-1.75B/gp/d1gppa_.ent
Number of residues: 217
Doing a BEZIER segmentation ...

Bounding box volume: 105152
Null Model Fit: 10061.2 bits.
Bits per residue: 46.5795

Bezier model fit: 8921.02 bits.
Bits per residue: 41.301

# of segments: 19
Internal segmentation:
0-->12-->13-->23-->33-->34-->55-->56-->67-->86-->87-->105-->122-->151-->168-->176-->190-->201-->211-->216

CPU time used: 13.74 secs.
Wall clock time elapsed: 13 secs.

        SEGMENT          START            END   NUM_RESIDUES MESSAGE_LENGTH                    END_POINTS        INTERMEDIATE_CONTROL_POINTS
              1           A -2           A 11             13         505.04         (24.894, 5.622, 5.332)         (23.2507, -18.4695, -5.43079)
                                                                                    (16.82, -3.602, 19.017)

              2           A 11           A 12              2        49.6165         (16.82, -3.602, 19.017)
                                                                                    (14.354, -6.231, 20.182)

              3           A 12           A 22             11         430.75         (14.354, -6.231, 20.182)         (20.6697, -13.7821, 1.12633)
                                                                                    (11.676, 0.518, 7.434)

              4           A 22           A 32             11        423.049         (11.676, 0.518, 7.434)
                                                                                    (22.925, -2.803, 23.232)

              5           A 32           A 33              2        49.6165         (22.925, -2.803, 23.232)
                                                                                    (20.69, 0.238, 23.073)

              6           A 33           A 54             22         841.18         (20.69, 0.238, 23.073)         (14.6963, 11.5087, -22.5987)
                                                                                    (41.336, -16.665, 11.301)

              7           A 54           A 67              2        49.6165         (41.336, -16.665, 11.301)
                                                                                    (36.509, -23.284, 14.924)

              8           A 67           A 78             12        457.481         (36.509, -23.284, 14.924)         (26.298, -11.4936, 3.84397)
                                                                                    (31.834, 3.591, -0.222)

              9           A 78           A 97             20        753.308         (31.834, 3.591, -0.222)         (47.302, -5.6392, 32.4297)
                                                                                    (76.386, 5.949, 6.322)

             10           A 97           A 98              2        49.6165         (76.386, 5.949, 6.322)
                                                                                    (78.403, 4.586, 9.217)

             11           A 98          A 116             19        736.111         (78.403, 4.586, 9.217)         (47.3699, 6.8849, 26.4604)
                                                                                    (41.759, 9.487, -7.905)

             12          A 116          A 133             18        711.464         (41.759, 9.487, -7.905)         (44.3066, 7.31201, 13.9399)
                                                                                    (76.223, 7.789, 20.259)

             13          A 133          A 162             30        1183.09         (76.223, 7.789, 20.259)         (44.7102, 11.4399, 41.3761)
                                                                                    (37.498, 0.842, -1.539)

             14          A 162          A 179             18        696.635         (37.498, 0.842, -1.539)         (64.645, -0.108558, 6.17249)
                                                                                    (32.118, -7.688, 17.051)

             15          A 179          A 413              9        358.482         (32.118, -7.688, 17.051)         (26.5467, -14.8743, 34.8254)
                                                                                    (27.11, -5.651, 29.114)

             16          A 413          A 427             15        533.698         (27.11, -5.651, 29.114)         (50.2205, -11.9557, 11.7974)
                                                                                    (31.243, -6.088, -9.389)

             17          A 427          A 438             12        448.861         (31.243, -6.088, -9.389)         (14.4142, -2.58467, 0.163508)
                                                                                    (21.843, 11.806, 15.04)

             18          A 438          A 448             11          417.4         (21.843, 11.806, 15.04)
                                                                                    (26.623, -11.906, 13.421)

             19          A 448          A 453              6        226.002         (26.623, -11.906, 13.421)
                                                                                    (28.003, 1.986, 10.56)

