Using structure file: /home/pkas7/Research/SCOP/pdbstyle-1.75B/gp/d1gpea1.ent
Number of residues: 391
Doing a BEZIER segmentation ...

Bounding box volume: 157162
Null Model Fit: 18392.1 bits.
Bits per residue: 47.1592

Bezier model fit: 16248.1 bits.
Bits per residue: 41.6617

# of segments: 25
Internal segmentation:
0-->16-->32-->46-->61-->79-->80-->91-->102-->130-->159-->172-->200-->210-->222-->243-->262-->278-->293-->305-->307-->331-->349-->355-->366-->390

CPU time used: 24.13 secs.
Wall clock time elapsed: 24 secs.

        SEGMENT          START            END   NUM_RESIDUES MESSAGE_LENGTH                    END_POINTS        INTERMEDIATE_CONTROL_POINTS
              1            A 1           A 17             17        662.734         (27.155, 9.149, -19.024)         (20.2863, 33.9858, -19.082)
                                                                                    (-1.979, 30.519, -15.229)

              2           A 17           A 33             17        676.573         (-1.979, 30.519, -15.229)         (-11.6871, 39.751, -33.9913)
                                                                                    (4.531, 15.407, -24.729)

              3           A 33           A 47             15          573.7         (4.531, 15.407, -24.729)
                                                                                    (6.593, 33.302, -36.6)

              4           A 47           A 62             16        616.463         (6.593, 33.302, -36.6)         (-10.1168, 20.2229, -16.2736)
                                                                                    (17.759, 18.894, -17.055)

              5           A 62           A 80             19        759.571         (17.759, 18.894, -17.055)         (23.2844, -5.47928, -18.9159)
                                                                                    (6.341, 13.479, -9.975)

              6           A 80           A 81              2        50.1963         (6.341, 13.479, -9.975)
                                                                                    (7.464, 12.862, -13.567)

              7           A 81           A 92             12        459.346         (7.464, 12.862, -13.567)         (-11.774, 3.54363, -13.621)
                                                                                    (-6.094, -10.677, -11.899)

              8           A 92          A 103             12        450.311         (-6.094, -10.677, -11.899)
                                                                                    (6.481, 17.011, -17.877)

              9          A 103          A 131             29        1159.01         (6.481, 17.011, -17.877)         (18.2714, -9.40063, -37.3819)
                                                                                    (-9.29, 4.616, -45.112)

             10          A 131          A 160             30        1209.47         (-9.29, 4.616, -45.112)         (21.5883, 19.9983, -43.7271)
                                                                                    (28.273, -6.786, -30.454)

             11          A 160          A 173             14        548.153         (28.273, -6.786, -30.454)         (17.2241, 0.564046, -51.976)
                                                                                    (16.399, 15.237, -38.485)

             12          A 173          A 201             29        1140.29         (16.399, 15.237, -38.485)         (38.1282, -12.8362, -10.8136)
                                                                                    (15.684, -20.175, -39.217)

             13          A 201          A 211             11        429.905         (15.684, -20.175, -39.217)         (22.5724, -0.760742, -35.401)
                                                                                    (9.735, -1.79, -42.484)

             14          A 211          A 223             13        509.386         (9.735, -1.79, -42.484)         (18.3036, -17.8453, -31.7113)
                                                                                    (20.325, 9.156, -27.731)

             15          A 223          A 244             22        877.881         (20.325, 9.156, -27.731)
                                                                                    (8.207, 34.553, -29.015)

             16          A 244          A 263             20        780.311         (8.207, 34.553, -29.015)         (-2.50396, 14.9399, -3.54622)
                                                                                    (-24.248, 25.246, -38.114)

             17          A 263          A 279             17        674.969         (-24.248, 25.246, -38.114)         (-4.01027, 22.3698, -20.7981)
                                                                                    (-8.974, 26.917, -9.792)

             18          A 279          A 294             16        611.502         (-8.974, 26.917, -9.792)         (-10.2898, 36.7557, -44.699)
                                                                                    (-1.66, 11.111, -24.133)

             19          A 294          A 306             13        494.938         (-1.66, 11.111, -24.133)
                                                                                    (-19.27, 16.321, -23.819)

             20          A 306          A 308              3        98.3556         (-19.27, 16.321, -23.819)
                                                                                    (-18.216, 10.602, -26.197)

             21          A 308          A 528             25        1017.14         (-18.216, 10.602, -26.197)
                                                                                    (-10.04, 5.669, -38.898)

             22          A 528          A 546             19         771.35         (-10.04, 5.669, -38.898)
                                                                                    (-14.419, 22.132, -36.048)

             23          A 546          A 552              7        258.587         (-14.419, 22.132, -36.048)
                                                                                    (-1.218, 11.995, -29.863)

             24          A 552          A 563             12        467.622         (-1.218, 11.995, -29.863)         (-9.80688, -4.09691, -38.0833)
                                                                                    (8.369, 0.994, -30.216)

             25          A 563          A 587             25        950.283         (8.369, 0.994, -30.216)         (1.58912, 16.9287, -40.9722)
                                                                                    (-5.666, 33.233, -45.456)

