Using structure file: /home/pkas7/Research/SCOP/pdbstyle-1.75B/gp/d1gpra_.ent
Number of residues: 158
Doing a BEZIER segmentation ...

Bounding box volume: 36879.2
Null Model Fit: 7075.66 bits.
Bits per residue: 45.0679

Bezier model fit: 6561.6 bits.
Bits per residue: 41.7937

# of segments: 12
Internal segmentation:
0-->6-->15-->27-->45-->62-->72-->95-->103-->132-->133-->143-->157

CPU time used: 9.22 secs.
Wall clock time elapsed: 9 secs.

        SEGMENT          START            END   NUM_RESIDUES MESSAGE_LENGTH                    END_POINTS        INTERMEDIATE_CONTROL_POINTS
              1            A 4           A 10              7        262.372         (4.694, 23.453, 24.626)
                                                                                    (4.514, 16.625, 9.874)

              2           A 10           A 19             10        369.832         (4.514, 16.625, 9.874)
                                                                                    (25.962, 14.161, 19.043)

              3           A 19           A 31             13        515.456         (25.962, 14.161, 19.043)         (20.3789, -2.31214, 8.83389)
                                                                                    (26.588, -3.909, 26.927)

              4           A 31           A 49             19        758.035         (26.588, -3.909, 26.927)         (3.99812, -5.54689, 26.5707)
                                                                                    (33.14, 14.792, 18.621)

              5           A 49           A 66             18        703.632         (33.14, 14.792, 18.621)         (-1.01449, 24.4424, 28.0398)
                                                                                    (30.191, 11.922, 37.221)

              6           A 66           A 76             11        400.676         (30.191, 11.922, 37.221)
                                                                                    (5.87, 16.45, 24.795)

              7           A 76           A 99             24        951.614         (5.87, 16.45, 24.795)         (47.9722, -8.69848, 36.7803)
                                                                                    (26.78, 23.018, 31.207)

              8           A 99          A 107              9        344.983         (26.78, 23.018, 31.207)         (12.6095, 20.5309, 43.5685)
                                                                                    (16.13, 24.224, 23.518)

              9          A 107          A 136             30        1193.98         (16.13, 24.224, 23.518)         (63.2459, 1.35621, 27.1202)
                                                                                    (7.494, 4.707, 26.058)

             10          A 136          A 137              2        48.1049         (7.494, 4.707, 26.058)
                                                                                    (3.927, 3.473, 25.778)

             11          A 137          A 147             11        413.445         (3.927, 3.473, 25.778)
                                                                                    (21.984, 6.078, 8.233)

             12          A 147          A 161             15        599.475         (21.984, 6.078, 8.233)         (27.8571, 26.547, 14.8936)
                                                                                    (6.17, 4.066, 15.837)

