Using structure file: /home/pkas7/Research/SCOP/pdbstyle-1.75B/gr/d1grja1.ent
Number of residues: 78
Doing a BEZIER segmentation ...

Bounding box volume: 50196.2
Null Model Fit: 3504.47 bits.
Bits per residue: 45.5126

Bezier model fit: 3098.88 bits.
Bits per residue: 40.2452

# of segments: 5
Internal segmentation:
0-->8-->37-->44-->70-->77

CPU time used: 3.85 secs.
Wall clock time elapsed: 3 secs.

        SEGMENT          START            END   NUM_RESIDUES MESSAGE_LENGTH                    END_POINTS        INTERMEDIATE_CONTROL_POINTS
              1            A 2           A 10              9         345.73         (47.887, 12.914, 1.061)
                                                                                    (37.768, 22.739, 13.038)

              2           A 10           A 39             30        1127.49         (37.768, 22.739, 13.038)         (53.6504, 35.357, 22.6893)
                                                                                    (65.637, 26.937, 44.134)

              3           A 39           A 46              8        311.367         (65.637, 26.937, 44.134)         (71.7988, 13.9732, 40.7531)
                                                                                    (58.777, 19.362, 42.451)

              4           A 46           A 72             27        1011.71         (58.777, 19.362, 42.451)
                                                                                    (45.217, 20.055, 6.102)

              5           A 72           A 79              8        302.592         (45.217, 20.055, 6.102)
                                                                                    (30.228, 27.436, 0.01)

