Using structure file: /home/pkas7/Research/SCOP/pdbstyle-1.75B/gs/d1gska2.ent
Number of residues: 174
Doing a BEZIER segmentation ...

Bounding box volume: 79400
Null Model Fit: 7988.14 bits.
Bits per residue: 46.1742

Bezier model fit: 7207.59 bits.
Bits per residue: 41.6624

# of segments: 13
Internal segmentation:
0-->8-->20-->31-->44-->64-->76-->77-->97-->113-->123-->145-->161-->173

CPU time used: 10.33 secs.
Wall clock time elapsed: 10 secs.

        SEGMENT          START            END   NUM_RESIDUES MESSAGE_LENGTH                    END_POINTS        INTERMEDIATE_CONTROL_POINTS
              1          A 183          A 191              9        353.818         (63.725, 41.033, -7.153)
                                                                                    (77.038, 36.353, -0.889)

              2          A 191          A 203             13        473.366         (77.038, 36.353, -0.889)         (99.9431, 31.1774, -10.5672)
                                                                                    (103.638, 25.489, 10.31)

              3          A 203          A 214             12        466.906         (103.638, 25.489, 10.31)         (104.147, 39.8152, -2.80445)
                                                                                    (116.24, 26.307, -11.528)

              4          A 214          A 227             14        554.786         (116.24, 26.307, -11.528)         (127.669, 43.9517, -3.77019)
                                                                                    (103.847, 33.811, -12.244)

              5          A 227          A 247             21        843.543         (103.847, 33.811, -12.244)         (93.1858, 26.2229, 11.134)
                                                                                    (67.1, 25.078, -1.445)

              6          A 247          A 259             13        490.046         (67.1, 25.078, -1.445)         (75.6526, 42.1205, -8.52772)
                                                                                    (97.775, 36.924, -8.095)

              7          A 259          A 260              2        49.2113         (97.775, 36.924, -8.095)
                                                                                    (98.04, 34.921, -11.349)

              8          A 260          A 280             21        818.078         (98.04, 34.921, -11.349)         (62.2943, 7.25109, -13.2148)
                                                                                    (80.738, 46.923, -14.795)

              9          A 280          A 296             17        670.897         (80.738, 46.923, -14.795)         (61.1654, 21.9499, -24.7738)
                                                                                    (92.577, 37.776, -12)

             10          A 296          A 306             11        407.472         (92.577, 37.776, -12)         (75.0994, 42.8448, -13.7219)
                                                                                    (69.541, 25.155, -5.543)

             11          A 306          A 328             23         912.89         (69.541, 25.155, -5.543)         (56.1262, 6.21963, 9.74843)
                                                                                    (91.648, 16.384, -8.963)         (118.673, 39.9695, -30.2957)

             12          A 328          A 344             17        660.893         (91.648, 16.384, -8.963)
                                                                                    (63.839, 30.738, 6.395)

             13          A 344          A 356             13        505.685         (63.839, 30.738, 6.395)         (59.0563, 32.3854, -13.6854)
                                                                                    (69.276, 46.45, -18.086)

