Using structure file: /home/pkas7/Research/SCOP/pdbstyle-1.75B/gs/d1gs0a1.ent
Number of residues: 128
Doing a BEZIER segmentation ...

Bounding box volume: 67783.4
Null Model Fit: 5835.14 bits.
Bits per residue: 45.946

Bezier model fit: 5207.27 bits.
Bits per residue: 41.0021

# of segments: 10
Internal segmentation:
0-->4-->27-->40-->61-->78-->91-->92-->117-->119-->127

CPU time used: 7.12 secs.
Wall clock time elapsed: 7 secs.

        SEGMENT          START            END   NUM_RESIDUES MESSAGE_LENGTH                    END_POINTS        INTERMEDIATE_CONTROL_POINTS
              1          A 207          A 211              5        182.915         (7.986, 28.952, -3.972)
                                                                                    (15.792, 30.738, 6.85)

              2          A 211          A 234             24        928.041         (15.792, 30.738, 6.85)         (2.45502, 15.0469, 7.12786)
                                                                                    (-2.152, 6.945, 22.102)

              3          A 234          A 247             14        551.724         (-2.152, 6.945, 22.102)         (-12.7866, 2.59132, 4.79296)
                                                                                    (-14.394, 18.995, 15.306)

              4          A 247          A 268             22        826.639         (-14.394, 18.995, 15.306)
                                                                                    (-18.063, 5.695, 44.708)

              5          A 268          A 285             18        709.411         (-18.063, 5.695, 44.708)         (-26.0939, -0.339509, 28.3702)
                                                                                    (-13.646, 9.384, 21.64)

              6          A 285          A 298             14        549.203         (-13.646, 9.384, 21.64)         (-6.55648, -15.6225, 15.2592)
                                                                                    (-12.156, 4.289, 37.448)

              7          A 298          A 299              2        48.9831         (-12.156, 4.289, 37.448)
                                                                                    (-9.077, 6.107, 38.73)

              8          A 299          A 324             26         969.33         (-9.077, 6.107, 38.73)         (-3.23235, 18.0051, 24.3999)
                                                                                    (-5.706, 24.958, 4.999)

              9          A 324          A 332              3        95.9291         (-5.706, 24.958, 4.999)
                                                                                    (4.904, 28.69, -0.443)

             10          A 332          A 340              9        345.091         (4.904, 28.69, -0.443)
                                                                                    (-0.896, 31.725, 10.188)

