Using structure file: /home/pkas7/Research/SCOP/pdbstyle-1.75B/gt/d1gtma2.ent
Number of residues: 178
Doing a BEZIER segmentation ...

Bounding box volume: 57690.7
Null Model Fit: 8091.27 bits.
Bits per residue: 45.7134

Bezier model fit: 7277.17 bits.
Bits per residue: 41.114

# of segments: 13
Internal segmentation:
0-->16-->20-->45-->61-->74-->75-->94-->112-->129-->143-->145-->171-->177

CPU time used: 10.45 secs.
Wall clock time elapsed: 10 secs.

        SEGMENT          START            END   NUM_RESIDUES MESSAGE_LENGTH                    END_POINTS        INTERMEDIATE_CONTROL_POINTS
              1            A 3           A 19             17         642.73         (81.833, 37.472, 78.175)
                                                                                    (81.143, 54.134, 60.466)

              2           A 19           A 23              5        183.828         (81.143, 54.134, 60.466)
                                                                                    (77.321, 59.155, 71.418)

              3           A 23           A 48             26        1003.46         (77.321, 59.155, 71.418)
                                                                                    (57.851, 11.364, 91.455)

              4           A 48           A 64             17        639.823         (57.851, 11.364, 91.455)         (74.6977, 35.2897, 84.5355)
                                                                                    (61.624, 50.026, 68.875)

              5           A 64           A 77             14        544.903         (61.624, 50.026, 68.875)         (61.019, 22.6848, 72.5098)
                                                                                    (73.528, 26.872, 77.761)

              6           A 77           A 78              2        48.7505         (73.528, 26.872, 77.761)
                                                                                    (74.843, 29.9, 79.614)

              7           A 78           A 97             20        756.293         (74.843, 29.9, 79.614)
                                                                                    (62.55, 47.421, 60.176)

              8           A 97          A 115             19        757.997         (62.55, 47.421, 60.176)         (73.2834, 30.2953, 84.2602)
                                                                                    (60.055, 12.42, 78.733)

              9          A 115          A 132             18        675.907         (60.055, 12.42, 78.733)
                                                                                    (55.419, 38.773, 84.907)

             10          A 132          A 146             15        596.147         (55.419, 38.773, 84.907)         (52.5108, 47.1528, 67.1342)
                                                                                    (65.763, 22.008, 70.713)

             11          A 146          A 148              3        95.4639         (65.763, 22.008, 70.713)
                                                                                    (59.518, 23.446, 68.62)

             12          A 148          A 174             27        1065.98         (59.518, 23.446, 68.62)         (34.2812, 37.049, 90.9103)
                                                                                    (55.272, 32.382, 67.753)

             13          A 174          A 180              7        265.893         (55.272, 32.382, 67.753)
                                                                                    (46.048, 27.256, 67.415)

