Using structure file: /home/pkas7/Research/SCOP/pdbstyle-1.75B/gu/d1guqa2.ent
Number of residues: 171
Doing a BEZIER segmentation ...

Bounding box volume: 58382
Null Model Fit: 7774.2 bits.
Bits per residue: 45.7306

Bezier model fit: 7017.51 bits.
Bits per residue: 41.2795

# of segments: 13
Internal segmentation:
0-->29-->39-->50-->51-->61-->72-->92-->109-->111-->128-->141-->167-->170

CPU time used: 9.78 secs.
Wall clock time elapsed: 9 secs.

        SEGMENT          START            END   NUM_RESIDUES MESSAGE_LENGTH                    END_POINTS        INTERMEDIATE_CONTROL_POINTS
              1          A 178          A 207             30        1189.55         (18.889, 10.436, 68.809)         (19.3291, 33.858, 78.9161)
                                                                                    (17.777, 10.685, 97.092)

              2          A 207          A 217             11        420.527         (17.777, 10.685, 97.092)         (12.1396, -6.72081, 87.7182)
                                                                                    (31.916, 6.695, 94.263)

              3          A 217          A 228             12        467.225         (31.916, 6.695, 94.263)
                                                                                    (11.687, 1.142, 77.797)

              4          A 228          A 229              2        48.7677         (11.687, 1.142, 77.797)
                                                                                    (13.341, -2.265, 77.917)

              5          A 229          A 239             11        418.028         (13.341, -2.265, 77.917)
                                                                                    (29.44, 14.83, 88.602)

              6          A 239          A 250             12        472.905         (29.44, 14.83, 88.602)         (34.8507, 15.5998, 67.7839)
                                                                                    (39.681, 8.324, 88.997)

              7          A 250          A 270             21        779.476         (39.681, 8.324, 88.997)
                                                                                    (19.191, -15.208, 85.137)

              8          A 270          A 287             18        695.713         (19.191, -15.208, 85.137)
                                                                                    (32.243, 23.492, 68.744)

              9          A 287          A 289              3        95.4982         (32.243, 23.492, 68.744)
                                                                                    (28.424, 25.435, 74.169)

             10          A 289          A 306             18        694.099         (28.424, 25.435, 74.169)
                                                                                    (13.846, -15.502, 81.941)

             11          A 306          A 319             14        541.335         (13.846, -15.502, 81.941)
                                                                                    (2.711, 1.517, 65.249)

             12          A 319          A 345             27         1051.9         (2.711, 1.517, 65.249)         (9.50541, -2.04305, 104.106)
                                                                                    (34.105, -15.309, 89.358)

             13          A 345          A 348              4        142.478         (34.105, -15.309, 89.358)
                                                                                    (28.664, -19.475, 93.898)

