Using structure file: /home/pkas7/Research/SCOP/pdbstyle-1.75B/gv/d1gvza_.ent
Number of residues: 237
Doing a BEZIER segmentation ...

Bounding box volume: 68944.8
Null Model Fit: 10849 bits.
Bits per residue: 45.9705

Bezier model fit: 9844.22 bits.
Bits per residue: 41.7128

# of segments: 19
Internal segmentation:
0-->1-->20-->31-->40-->51-->60-->75-->89-->102-->110-->124-->136-->138-->155-->169-->178-->195-->211-->236

CPU time used: 14.49 secs.
Wall clock time elapsed: 14 secs.

        SEGMENT          START            END   NUM_RESIDUES MESSAGE_LENGTH                    END_POINTS        INTERMEDIATE_CONTROL_POINTS
              1           A 16           A 17              2        49.0076         (8.107, 20.457, 23.33)
                                                                                    (6.72, 17.411, 25.108)

              2           A 17           A 36             20        805.966         (6.72, 17.411, 25.108)         (-10.1269, 41.3752, 10.0367)
                                                                                    (24.784, 20.631, 7.774)

              3           A 36           A 48             12        461.929         (24.784, 20.631, 7.774)         (11.9185, 20.9561, 22.7192)
                                                                                    (13.66, 42.26, 12.007)

              4           A 48           A 57             10        380.235         (13.66, 42.26, 12.007)
                                                                                    (24.419, 27.861, 22.943)

              5           A 57           A 69             12        453.873         (24.419, 27.861, 22.943)         (34.3566, 26.8832, 5.30244)
                                                                                    (8.043, 29.908, 7.026)

              6           A 69           A 78             10        394.067         (8.043, 29.908, 7.026)         (10.0823, 9.02084, 11.8564)
                                                                                    (6.246, 26.095, -0.506)

              7           A 78           A 93             16        613.175         (6.246, 26.095, -0.506)         (30.0152, 37.6966, 3.7947)
                                                                                    (27.904, 38.863, 29.407)

              8           A 93           A 96             15        589.778         (27.904, 38.863, 29.407)         (35.636, 15.7965, 18.2093)
                                                                                    (22.047, 24.661, 36.863)

              9           A 96          A 109             14        536.154         (22.047, 24.661, 36.863)         (20.7206, 39.9948, 28.7615)
                                                                                    (22.962, 37.803, 4.638)

             10          A 109          A 117              9        340.371         (22.962, 37.803, 4.638)         (6.47621, 42.9017, 1.63032)
                                                                                    (4.036, 32.751, 6.579)

             11          A 117          A 133             15        572.132         (4.036, 32.751, 6.579)         (14.6138, 55.5699, 25.9235)
                                                                                    (-1.11, 35.474, 35.797)

             12          A 133          A 145             13        485.741         (-1.11, 35.474, 35.797)         (5.34136, 29.195, 13.4898)
                                                                                    (15.725, 12.488, 21.202)

             13          A 145          A 147              3        95.9781         (15.725, 12.488, 21.202)
                                                                                    (21.329, 13.026, 21.086)

             14          A 147          A 164             18        702.071         (21.329, 13.026, 21.086)         (-4.92522, 20.5067, 4.91537)
                                                                                    (6.195, 34.683, 40.177)

             15          A 164          A 178             15        581.955         (6.195, 34.683, 40.177)         (20.2254, 15.3969, 45.8153)
                                                                                    (16.148, 39.629, 36.784)

             16          A 178          A 185             10        378.718         (16.148, 39.629, 36.784)
                                                                                    (0.572, 19.446, 35.689)

             17          A 185          A 202             18        692.914         (0.572, 19.446, 35.689)         (28.7493, 19.8233, 13.5277)
                                                                                    (-0.989, 38.301, 26.817)

             18          A 202          A 222             17         684.22         (-0.989, 38.301, 26.817)         (29.2676, 26.3252, 21.4849)
                                                                                    (9.475, 20.416, 33.174)

             19          A 222          A 246             26        1025.93         (9.475, 20.416, 33.174)         (17.4336, 50.6839, 32.8967)
                                                                                    (22.109, 46.38, 9.793)

