Using structure file: /home/pkas7/Research/SCOP/pdbstyle-1.75B/gv/d1gv8a_.ent
Number of residues: 159
Doing a BEZIER segmentation ...

Bounding box volume: 36600.7
Null Model Fit: 7119 bits.
Bits per residue: 45.0569

Bezier model fit: 6620.42 bits.
Bits per residue: 41.9014

# of segments: 12
Internal segmentation:
0-->16-->30-->45-->52-->66-->75-->88-->110-->127-->140-->146-->158

CPU time used: 9.01 secs.
Wall clock time elapsed: 9 secs.

        SEGMENT          START            END   NUM_RESIDUES MESSAGE_LENGTH                    END_POINTS        INTERMEDIATE_CONTROL_POINTS
              1           A 94          A 110             17        669.146         (-35.624, 43.097, 7.569)         (-6.63965, 37.4185, -16.0327)
                                                                                    (-31.087, 40.795, -18.875)

              2          A 110          A 124             15        597.348         (-31.087, 40.795, -18.875)         (-21.2588, 21.7572, -11.879)
                                                                                    (-36.244, 30.851, 0.876)

              3          A 124          A 139             16        610.501         (-36.244, 30.851, 0.876)
                                                                                    (-41.033, 37.629, -18.525)

              4          A 139          A 146              8        302.413         (-41.033, 37.629, -18.525)
                                                                                    (-49.153, 25.809, -12.224)

              5          A 146          A 160             15        575.095         (-49.153, 25.809, -12.224)
                                                                                    (-27.819, 26.079, -17.628)

              6          A 160          A 169             10        378.474         (-27.819, 26.079, -17.628)         (-28.3649, 25.2518, 5.99004)
                                                                                    (-37.601, 17.116, -9.126)

              7          A 169          A 182             14        553.346         (-37.601, 17.116, -9.126)         (-16.7878, 27.6285, -10.7007)
                                                                                    (-26.229, 11.492, -2.169)

              8          A 182          A 204             23        906.931         (-26.229, 11.492, -2.169)         (-29.2754, 35.6221, 9.94829)
                                                                                    (-16.604, 29.136, -9.426)

              9          A 204          A 221             18        718.777         (-16.604, 29.136, -9.426)         (-36.6913, 40.6416, 1.63506)
                                                                                    (-14.612, 41.027, 4.353)

             10          A 221          A 234             14        534.769         (-14.612, 41.027, 4.353)
                                                                                    (-29.385, 46.762, -15.962)

             11          A 234          A 240              7        265.214         (-29.385, 46.762, -15.962)         (-18.9077, 47.3114, -8.97469)
                                                                                    (-21.818, 48.373, -0.21)

             12          A 240          A 252             13        508.404         (-21.818, 48.373, -0.21)         (-35.8143, 50.3416, -12.117)
                                                                                    (-38.022, 38.185, 7.729)

