Using structure file: /home/pkas7/Research/SCOP/pdbstyle-1.75B/gv/d1gvna_.ent
Number of residues: 87
Doing a BEZIER segmentation ...

Bounding box volume: 19801.5
Null Model Fit: 3798.68 bits.
Bits per residue: 44.1707

Bezier model fit: 3439.11 bits.
Bits per residue: 39.9896

# of segments: 6
Internal segmentation:
0-->1-->29-->39-->59-->82-->86

CPU time used: 4.33 secs.
Wall clock time elapsed: 4 secs.

        SEGMENT          START            END   NUM_RESIDUES MESSAGE_LENGTH                    END_POINTS        INTERMEDIATE_CONTROL_POINTS
              1            A 3            A 4              2        47.2077         (2.508, 44.921, 8.126)
                                                                                    (5.727, 46.583, 9.295)

              2            A 4           A 32             29        1077.08         (5.727, 46.583, 9.295)         (11.595, 29.7861, 21.2459)
                                                                                    (6.592, 11.296, 31.754)

              3           A 32           A 42             11        424.879         (6.592, 11.296, 31.754)         (-13.9967, 13.3242, 27.339)
                                                                                    (-0.132, 20.488, 36.651)

              4           A 42           A 62             21        814.853         (-0.132, 20.488, 36.651)         (-4.43437, 22.4005, 17.2716)
                                                                                    (-0.876, 45.698, 17.166)

              5           A 62           A 85             24        894.536         (-0.876, 45.698, 17.166)         (8.89681, 37.8612, 29.3355)
                                                                                    (10.523, 19.336, 38.399)

              6           A 85           A 89              5        180.556         (10.523, 19.336, 38.399)
                                                                                    (13.708, 9.455, 31.06)

