Using structure file: /home/pkas7/Research/SCOP/pdbstyle-1.75B/gy/d1gyya_.ent
Number of residues: 76
Doing a BEZIER segmentation ...

Bounding box volume: 23946.4
Null Model Fit: 3333.37 bits.
Bits per residue: 44.4449

Bezier model fit: 3065.24 bits.
Bits per residue: 40.8698

# of segments: 6
Internal segmentation:
0-->12-->31-->36-->46-->66-->75

CPU time used: 3.78 secs.
Wall clock time elapsed: 3 secs.

        SEGMENT          START            END   NUM_RESIDUES MESSAGE_LENGTH                    END_POINTS        INTERMEDIATE_CONTROL_POINTS
              1            A 1           A 13             13        490.908         (13.212, 3.489, 0.706)         (7.36792, -0.199966, 30.4611)
                                                                                    (1.257, 17.41, 16.217)

              2           A 13           A 32             20        755.293         (1.257, 17.41, 16.217)
                                                                                    (21.464, 6.15, 0.258)

              3           A 32           A 37              6        221.198         (21.464, 6.15, 0.258)
                                                                                    (9.9, 10.708, -4.394)

              4           A 37           A 47             11        396.561         (9.9, 10.708, -4.394)
                                                                                    (2.74, 1.553, 24.582)

              5           A 47           A 67             21        823.171         (2.74, 1.553, 24.582)         (12.2922, -18.9477, 19.6545)
                                                                                    (23.507, -0.908, 12.022)

              6           A 67           A 76             10        378.108         (23.507, -0.908, 12.022)         (21.9867, 2.38088, 29.2611)
                                                                                    (12.861, -12.718, 28.366)

