Using structure file: /home/pkas7/Research/SCOP/pdbstyle-1.75B/h3/d1h32a2.ent
Number of residues: 110
Doing a BEZIER segmentation ...

Bounding box volume: 34074.8
Null Model Fit: 4899.96 bits.
Bits per residue: 44.9538

Bezier model fit: 4520.25 bits.
Bits per residue: 41.4701

# of segments: 8
Internal segmentation:
0-->2-->21-->39-->58-->75-->83-->99-->109

CPU time used: 5.97 secs.
Wall clock time elapsed: 6 secs.

        SEGMENT          START            END   NUM_RESIDUES MESSAGE_LENGTH                    END_POINTS        INTERMEDIATE_CONTROL_POINTS
              1          A 151          A 153              3        93.9446         (6.897, 87.384, 24.437)
                                                                                    (6.223, 94.447, 24.595)

              2          A 153          A 172             20        767.742         (6.223, 94.447, 24.595)
                                                                                    (29.744, 71.012, 11.097)

              3          A 172          A 190             19        753.538         (29.744, 71.012, 11.097)         (-1.22356, 74.6279, 16.8259)
                                                                                    (20.274, 56.123, 19.287)

              4          A 190          A 209             20        790.065         (20.274, 56.123, 19.287)         (1.08394, 82.081, 32.9392)
                                                                                    (25.519, 62.712, 35.254)

              5          A 209          A 227             18        709.825         (25.519, 62.712, 35.254)         (17.0732, 82.9003, 32.6182)
                                                                                    (30.28, 69.952, 16.322)

              6          A 227          A 235              9        344.087         (30.28, 69.952, 16.322)
                                                                                    (25.404, 85.604, 27.04)

              7          A 235          A 251             17        641.828         (25.404, 85.604, 27.04)
                                                                                    (1.073, 76.625, 29.637)

              8          A 251          A 261             11        419.215         (1.073, 76.625, 29.637)         (11.3848, 72.6663, 45.4952)
                                                                                    (17.81, 60.834, 31.308)

