Using structure file: /home/pkas7/Research/SCOP/pdbstyle-1.75B/h3/d1h3ga2.ent
Number of residues: 82
Doing a BEZIER segmentation ...

Bounding box volume: 17402.1
Null Model Fit: 3562.73 bits.
Bits per residue: 43.9843

Bezier model fit: 3319.06 bits.
Bits per residue: 40.976

# of segments: 6
Internal segmentation:
0-->8-->18-->30-->55-->70-->81

CPU time used: 4.15 secs.
Wall clock time elapsed: 4 secs.

        SEGMENT          START            END   NUM_RESIDUES MESSAGE_LENGTH                    END_POINTS        INTERMEDIATE_CONTROL_POINTS
              1          A 518          A 526              9        330.817         (57.288, 10.222, 16.966)         (61.0592, 22.1647, 23.981)
                                                                                    (55.094, 33.701, 24.604)

              2          A 526          A 536             11        405.557         (55.094, 33.701, 24.604)
                                                                                    (61.405, 8.383, 8.065)

              3          A 536          A 548             13         480.05         (61.405, 8.383, 8.065)
                                                                                    (46.313, 38.289, 18.927)

              4          A 548          A 573             26        1035.07         (46.313, 38.289, 18.927)         (86.9168, 14.0061, 9.6518)
                                                                                    (45.897, 27.228, 3.771)

              5          A 573          A 588             16        625.156         (45.897, 27.228, 3.771)         (76.3921, 31.2673, 3.64246)
                                                                                    (45.756, 33.543, 16.432)

              6          A 588          A 599             12        442.407         (45.756, 33.543, 16.432)         (50.9474, 16.7462, 2.42496)
                                                                                    (67.921, 12.216, 6.342)

