Using structure file: /home/pkas7/Research/SCOP/pdbstyle-1.75B/h6/d1h6ha_.ent
Number of residues: 143
Doing a BEZIER segmentation ...

Bounding box volume: 58834.7
Null Model Fit: 6495.33 bits.
Bits per residue: 45.7417

Bezier model fit: 5769.05 bits.
Bits per residue: 40.6271

# of segments: 10
Internal segmentation:
0-->15-->33-->47-->58-->78-->79-->93-->95-->118-->142

CPU time used: 8.08 secs.
Wall clock time elapsed: 8 secs.

        SEGMENT          START            END   NUM_RESIDUES MESSAGE_LENGTH                    END_POINTS        INTERMEDIATE_CONTROL_POINTS
              1            A 2           A 17             16        602.909         (-6.821, -5.315, -27.068)
                                                                                    (17.974, -0.552, -20.235)

              2           A 17           A 35             19         744.24         (17.974, -0.552, -20.235)         (4.64205, -8.98563, 3.70577)
                                                                                    (21.893, 19.092, 17.529)

              3           A 35           A 49             15        549.427         (21.893, 19.092, 17.529)         (9.07465, 1.33095, 3.5315)
                                                                                    (17.702, -6.92, -15.171)

              4           A 49           A 60             12        446.679         (17.702, -6.92, -15.171)         (22.063, -3.37735, 5.18815)
                                                                                    (13.887, 16.59, 1.637)

              5           A 60           A 80             21        815.982         (13.887, 16.59, 1.637)
                                                                                    (2.972, 20.859, -23.001)

              6           A 80           A 81              2        48.7788         (2.972, 20.859, -23.001)
                                                                                    (4.296, 17.981, -25.142)

              7           A 81           A 95             15        562.115         (4.296, 17.981, -25.142)         (-0.962918, 7.58959, -5.9641)
                                                                                    (6.227, 20.931, 13.346)

              8           A 95           A 97              3        95.5205         (6.227, 20.931, 13.346)
                                                                                    (7.175, 14.544, 16.595)

              9           A 97          A 120             24        910.221         (7.175, 14.544, 16.595)         (3.33159, -0.293604, 4.35493)
                                                                                    (5.647, 7.211, -19.278)

             10          A 120          A 144             25        993.174         (5.647, 7.211, -19.278)         (28.0731, 15.6914, -11.0796)
                                                                                    (23.017, -4.636, 4.124)

