Using structure file: /home/pkas7/Research/SCOP/pdbstyle-1.75B/h6/d1h67a_.ent
Number of residues: 108
Doing a BEZIER segmentation ...

Bounding box volume: 25644
Null Model Fit: 4766.17 bits.
Bits per residue: 44.5437

Bezier model fit: 4418.21 bits.
Bits per residue: 41.2917

# of segments: 6
Internal segmentation:
0-->14-->42-->53-->72-->88-->107

CPU time used: 5.68 secs.
Wall clock time elapsed: 5 secs.

        SEGMENT          START            END   NUM_RESIDUES MESSAGE_LENGTH                    END_POINTS        INTERMEDIATE_CONTROL_POINTS
              1           A 27           A 41             15        587.324         (-14.469, -9.019, -9.446)         (1.75356, -3.49073, -15.5318)
                                                                                    (-4.014, 8.882, -7.735)

              2           A 41           A 69             29        1159.93         (-4.014, 8.882, -7.735)         (18.2539, -10.515, -9.1948)
                                                                                    (-7.376, 11.411, 5.908)

              3           A 69           A 80             12        462.041         (-7.376, 11.411, 5.908)
                                                                                    (17.222, 3.384, 3.949)

              4           A 80           A 99             20        761.213         (17.222, 3.384, 3.949)         (1.25316, 0.182836, 9.9473)
                                                                                    (-12.711, -1.184, 6.55)

              5           A 99          A 115             17        678.013         (-12.711, -1.184, 6.55)
                                                                                    (6.545, -13.786, 0.424)

              6          A 115          A 134             20        769.689         (6.545, -13.786, 0.424)         (-11.5081, -6.69369, -7.25599)
                                                                                    (-16.997, 6.462, 0.306)

