Using structure file: /home/pkas7/Research/SCOP/pdbstyle-1.75B/hc/d1hc7a2.ent
Number of residues: 263
Doing a BEZIER segmentation ...

Bounding box volume: 113435
Null Model Fit: 12232.5 bits.
Bits per residue: 46.6889

Bezier model fit: 10884.1 bits.
Bits per residue: 41.5423

# of segments: 18
Internal segmentation:
0-->21-->29-->36-->57-->70-->75-->86-->108-->124-->132-->153-->177-->195-->206-->226-->237-->249-->262

CPU time used: 16.27 secs.
Wall clock time elapsed: 16 secs.

        SEGMENT          START            END   NUM_RESIDUES MESSAGE_LENGTH                    END_POINTS        INTERMEDIATE_CONTROL_POINTS
              1            A 5           A 26             22        883.575         (43.8, 34.253, 146.728)         (46.6217, 8.75148, 141.408)
                                                                                    (46.825, 35.688, 131.772)

              2           A 26           A 34              9        346.375         (46.825, 35.688, 131.772)
                                                                                    (30.428, 27.977, 126.544)

              3           A 34           A 41              8        295.898         (30.428, 27.977, 126.544)
                                                                                    (48.559, 38.001, 124.29)

              4           A 41           A 62             22        835.091         (48.559, 38.001, 124.29)         (60.2241, 26.2042, 119.578)
                                                                                    (60.925, 21.132, 101.921)

              5           A 62           A 75             14         534.28         (60.925, 21.132, 101.921)         (37.703, 34.8845, 106.545)
                                                                                    (28.637, 15.841, 101.076)

              6           A 75           A 89              6        227.917         (28.637, 15.841, 101.076)
                                                                                    (29.008, 14.806, 116.709)

              7           A 89          A 100             12         459.19         (29.008, 14.806, 116.709)
                                                                                    (18.522, 31.917, 103.858)

              8          A 100          A 122             23        919.061         (18.522, 31.917, 103.858)         (43.7615, 13.1927, 114.737)
                                                                                    (43.675, 16.854, 90.217)

              9          A 122          A 138             17        661.608         (43.675, 16.854, 90.217)         (67.1388, 7.51166, 86.4438)
                                                                                    (45.212, 27.582, 111.648)

             10          A 138          A 146              9        337.984         (45.212, 27.582, 111.648)         (30.269, 18.0571, 114.362)
                                                                                    (34.373, 18.77, 128.27)

             11          A 146          A 167             22        886.895         (34.373, 18.77, 128.27)         (43.3232, 35.2181, 121.055)
                                                                                    (57.058, 5.237, 97.117)

             12          A 167          A 191             25        947.848         (57.058, 5.237, 97.117)
                                                                                    (62.813, 20.761, 127.692)

             13          A 191          A 209             19        778.836         (62.813, 20.761, 127.692)         (42.4492, -5.29013, 119.725)
                                                                                    (48.451, 1.784, 108.586)

             14          A 209          A 220             12        444.389         (48.451, 1.784, 108.586)         (60.2478, 14.1698, 123.716)
                                                                                    (50.625, 14.896, 138.009)

             15          A 220          A 240             21        834.458         (50.625, 14.896, 138.009)         (55.4385, 4.64493, 104.155)
                                                                                    (40.281, 10.126, 96.893)

             16          A 240          A 251             12        475.054         (40.281, 10.126, 96.893)         (63.2488, 6.50889, 81.3602)
                                                                                    (49.71, 4.142, 87.026)

             17          A 251          A 263             13        466.059         (49.71, 4.142, 87.026)         (52.5942, 7.84603, 106.686)
                                                                                    (48.329, 24.362, 121.245)

             18          A 263          A 276             14        549.575         (48.329, 24.362, 121.245)
                                                                                    (53.122, 26.238, 142.947)

