Using structure file: /home/pkas7/Research/SCOP/pdbstyle-1.75B/hc/d1hcca_.ent
Number of residues: 59
Doing a BEZIER segmentation ...

Bounding box volume: 11050.2
Null Model Fit: 2513.09 bits.
Bits per residue: 43.3291

Bezier model fit: 2396.93 bits.
Bits per residue: 41.3264

# of segments: 5
Internal segmentation:
0-->11-->20-->40-->47-->58

CPU time used: 2.51 secs.
Wall clock time elapsed: 2 secs.

        SEGMENT          START            END   NUM_RESIDUES MESSAGE_LENGTH                    END_POINTS        INTERMEDIATE_CONTROL_POINTS
              1            A 1           A 12             12        445.472         (3.516, -21.727, -9.052)         (-11.9693, -7.33363, -6.00113)
                                                                                    (1.048, 5.656, 2.635)

              2           A 12           A 21             10        384.373         (1.048, 5.656, 2.635)         (-6.42958, 11.2621, -10.2367)
                                                                                    (-11.401, -5.62, -10.509)

              3           A 21           A 41             21         818.47         (-11.401, -5.62, -10.509)         (15.5095, -26.46, -24.9895)
                                                                                    (10.044, 8.498, -5.372)         (-15.119, 39.5699, 13.1692)

              4           A 41           A 48              8        294.996         (10.044, 8.498, -5.372)
                                                                                    (4.747, -9.717, -6.948)

              5           A 48           A 59             12        453.618         (4.747, -9.717, -6.948)
                                                                                    (6.459, 12.848, 3.217)

