Using structure file: /home/pkas7/Research/SCOP/pdbstyle-1.75B/hf/d1hfes_.ent
Number of residues: 88
Doing a BEZIER segmentation ...

Bounding box volume: 72546.9
Null Model Fit: 4005.83 bits.
Bits per residue: 46.044

Bezier model fit: 3569.12 bits.
Bits per residue: 41.0243

# of segments: 5
Internal segmentation:
0-->2-->22-->41-->69-->87

CPU time used: 4.33 secs.
Wall clock time elapsed: 4 secs.

        SEGMENT          START            END   NUM_RESIDUES MESSAGE_LENGTH                    END_POINTS        INTERMEDIATE_CONTROL_POINTS
              1           S 36           S 38              3         96.125         (22.532, 48.534, 35.45)
                                                                                    (17.962, 44.257, 36.185)

              2           S 38           S 58             21        790.227         (17.962, 44.257, 36.185)
                                                                                    (-12.293, 49.638, 23.434)

              3           S 58           S 77             20         792.93         (-12.293, 49.638, 23.434)
                                                                                    (-24.85, 27.713, 20.763)

              4           S 77          S 105             29         1137.2         (-24.85, 27.713, 20.763)
                                                                                    (14.807, 3.624, 42.743)

              5          S 105          S 123             19        752.631         (14.807, 3.624, 42.743)         (21.7701, 23.5717, 48.7497)
                                                                                    (14.094, 38.558, 43.196)

