Using structure file: /home/pkas7/Research/SCOP/pdbstyle-1.75B/hk/d1hkya_.ent
Number of residues: 86
Doing a BEZIER segmentation ...

Bounding box volume: 34632
Null Model Fit: 3823.06 bits.
Bits per residue: 44.9772

Bezier model fit: 3552.95 bits.
Bits per residue: 41.7994

# of segments: 8
Internal segmentation:
0-->1-->17-->32-->43-->54-->60-->71-->85

CPU time used: 4.26 secs.
Wall clock time elapsed: 4 secs.

        SEGMENT          START            END   NUM_RESIDUES MESSAGE_LENGTH                    END_POINTS        INTERMEDIATE_CONTROL_POINTS
              1            A 1            A 2              2        48.0142         (50.368, 2.756, -6.317)
                                                                                    (51.185, -0.788, -7.446)

              2            A 2           A 18             17        655.023         (51.185, -0.788, -7.446)         (34.4908, -1.02811, -12.3256)
                                                                                    (13.155, -2.523, 5.748)

              3           A 18           A 33             16        636.483         (13.155, -2.523, 5.748)         (26.7311, -19.6182, 26.831)
                                                                                    (24.88, 4.869, 6.097)

              4           A 33           A 44             12        452.771         (24.88, 4.869, 6.097)
                                                                                    (34.382, -9.23, 10.867)

              5           A 44           A 55             12        463.748         (34.382, -9.23, 10.867)         (21.0782, -14.321, 1.53372)
                                                                                    (20.73, 4.579, 12.451)

              6           A 55           A 61              7        250.569         (20.73, 4.579, 12.451)
                                                                                    (26.31, -14.564, 9.246)

              7           A 61           A 72             12        466.297         (26.31, -14.564, 9.246)         (6.46609, -18.09, 11.6362)
                                                                                    (12.11, 4.425, 8.257)

              8           A 72           A 86             15        580.044         (12.11, 4.425, 8.257)         (31.003, -12.9855, 3.14774)
                                                                                    (22.818, -11.823, -19.215)

