Using structure file: /home/pkas7/Research/SCOP/pdbstyle-1.75B/hk/d1hksa_.ent
Number of residues: 106
Doing a BEZIER segmentation ...

Bounding box volume: 35654.7
Null Model Fit: 4727.01 bits.
Bits per residue: 45.0192

Bezier model fit: 4391.01 bits.
Bits per residue: 41.8192

# of segments: 8
Internal segmentation:
0-->2-->30-->38-->54-->65-->73-->88-->105

CPU time used: 5.58 secs.
Wall clock time elapsed: 5 secs.

        SEGMENT          START            END   NUM_RESIDUES MESSAGE_LENGTH                    END_POINTS        INTERMEDIATE_CONTROL_POINTS
              1           A 43           A 45              3        94.0754         (18.928, 0.591, -1.939)
                                                                                    (19.336, 1.666, 3.074)

              2           A 45           A 73             29         1162.2         (19.336, 1.666, 3.074)         (-7.8811, -17.8039, -15.0127)
                                                                                    (0.578, 9.379, -6.356)

              3           A 73           A 81              9        339.302         (0.578, 9.379, -6.356)
                                                                                    (-9.301, -10.523, 0.544)

              4           A 81           A 97             17        672.653         (-9.301, -10.523, 0.544)         (13.9779, -18.7288, -1.18224)
                                                                                    (-4.332, -8.628, 7.079)

              5           A 97          A 108             12        453.141         (-4.332, -8.628, 7.079)
                                                                                    (3.395, 6.865, 8.534)

              6          A 108          A 116              9        342.482         (3.395, 6.865, 8.534)         (-9.94973, 6.03915, -1.78238)
                                                                                    (-17.058, 7.659, 10.901)

              7          A 116          A 131             16        623.721         (-17.058, 7.659, 10.901)         (-24.0274, -6.14071, -12.0215)
                                                                                    (1.985, 8.789, 1.211)

              8          A 131          A 148             18        703.435         (1.985, 8.789, 1.211)         (19.8305, 9.02495, -15.5241)
                                                                                    (8.858, 6.295, 13.656)

