Using structure file: /home/pkas7/Research/SCOP/pdbstyle-1.75B/hn/d1hnja1.ent
Number of residues: 174
Doing a BEZIER segmentation ...

Bounding box volume: 54140
Null Model Fit: 7892.56 bits.
Bits per residue: 45.6218

Bezier model fit: 7167.57 bits.
Bits per residue: 41.4311

# of segments: 14
Internal segmentation:
0-->26-->47-->49-->64-->74-->84-->99-->100-->110-->128-->146-->154-->169-->173

CPU time used: 9.9 secs.
Wall clock time elapsed: 9 secs.

        SEGMENT          START            END   NUM_RESIDUES MESSAGE_LENGTH                    END_POINTS        INTERMEDIATE_CONTROL_POINTS
              1            A 1           A 27             27        1067.04         (17.137, 49.581, 19.131)         (31.769, 5.62267, -0.57837)
                                                                                    (35.121, -0.215, 28.025)

              2           A 27           A 48             22        870.665         (35.121, -0.215, 28.025)         (6.2124, 5.9139, 27.7134)
                                                                                    (43.197, 20.155, 9.475)

              3           A 48           A 50              3        95.2806         (43.197, 20.155, 9.475)
                                                                                    (39.747, 24.06, 13.62)

              4           A 50           A 65             16        603.057         (39.747, 24.06, 13.62)
                                                                                    (20.249, 33.276, 5.185)

              5           A 65           A 75             11        429.422         (20.249, 33.276, 5.185)         (29.4271, 47.1823, -1.91109)
                                                                                    (31.128, 43.013, 15.133)

              6           A 75           A 85             11        422.407         (31.128, 43.013, 15.133)         (31.9964, 21.5392, 26.3085)
                                                                                    (45.636, 30.308, 19.15)

              7           A 85          A 100             16        628.061         (45.636, 30.308, 19.15)
                                                                                    (36.616, 41.697, 5.691)

              8          A 100          A 101              2        48.6588         (36.616, 41.697, 5.691)
                                                                                    (38.528, 44.086, 7.849)

              9          A 101          A 111             11        411.323         (38.528, 44.086, 7.849)
                                                                                    (32.531, 27.068, 28.193)

             10          A 111          A 129             19        722.728         (32.531, 27.068, 28.193)
                                                                                    (22.766, 51.46, 18.168)

             11          A 129          A 147             19        738.275         (22.766, 51.46, 18.168)         (30.3175, 28.2985, 10.6818)
                                                                                    (41.455, 11.831, 26.914)

             12          A 147          A 155              9        351.525         (41.455, 11.831, 26.914)
                                                                                    (31.381, 9.288, 24.683)

             13          A 155          A 170             16         594.65         (31.381, 9.288, 24.683)         (33.4348, 30.8173, 8.6354)
                                                                                    (12.359, 47.995, 15.416)

             14          A 170          A 174              5        184.482         (12.359, 47.995, 15.416)
                                                                                    (15.767, 39.263, 21.591)

