Using structure file: /home/pkas7/Research/SCOP/pdbstyle-1.75B/hn/d1hn0a2.ent
Number of residues: 184
Doing a BEZIER segmentation ...

Bounding box volume: 57157.9
Null Model Fit: 8363.1 bits.
Bits per residue: 45.7

Bezier model fit: 7691.69 bits.
Bits per residue: 42.0311

# of segments: 20
Internal segmentation:
0-->2-->20-->41-->46-->57-->70-->83-->93-->104-->105-->111-->123-->133-->140-->141-->153-->164-->176-->182-->183

CPU time used: 10.98 secs.
Wall clock time elapsed: 11 secs.

        SEGMENT          START            END   NUM_RESIDUES MESSAGE_LENGTH                    END_POINTS        INTERMEDIATE_CONTROL_POINTS
              1           A 25           A 27              3        95.4371         (70.426, 113.952, 33.495)
                                                                                    (73.452, 117.904, 38.715)

              2           A 27           A 45             19         763.27         (73.452, 117.904, 38.715)         (75.4256, 94.781, 51.5762)
                                                                                    (65.575, 116.146, 25.95)

              3           A 45           A 66             22        887.778         (65.575, 116.146, 25.95)         (100.954, 127.286, 27.4631)
                                                                                    (66.244, 112.905, 12.265)

              4           A 66           A 71              6        225.583         (66.244, 112.905, 12.265)         (69.4487, 102.814, 21.6413)
                                                                                    (63.589, 111.536, 23.368)

              5           A 71           A 82             12          454.9         (63.589, 111.536, 23.368)         (77.4808, 118.411, 10.7249)
                                                                                    (92.492, 111.517, 16.853)

              6           A 82           A 95             14         518.57         (92.492, 111.517, 16.853)         (75.2633, 123.904, 36.318)
                                                                                    (82.113, 98.431, 44.018)

              7           A 95          A 108             14        556.763         (82.113, 98.431, 44.018)         (64.8437, 91.88, 50.9877)
                                                                                    (77.94, 96.075, 38.686)

              8          A 108          A 118             11        407.046         (77.94, 96.075, 38.686)         (75.0093, 106.818, 26.9137)
                                                                                    (75.584, 106.105, 8.242)

              9          A 118          A 129             12        449.549         (75.584, 106.105, 8.242)         (93.6849, 98.6531, 8.64753)
                                                                                    (87.521, 107.786, 32.122)

             10          A 129          A 130              2        48.7371         (87.521, 107.786, 32.122)
                                                                                    (89.544, 110.141, 34.234)

             11          A 130          A 136              7        266.125         (89.544, 110.141, 34.234)
                                                                                    (96.812, 115.81, 26.181)

             12          A 136          A 148             13        493.308         (96.812, 115.81, 26.181)         (89.5962, 98.3186, 39.4675)
                                                                                    (83.157, 99.011, 11.024)

             13          A 148          A 158             11        416.216         (83.157, 99.011, 11.024)         (65.5507, 102.944, 12.9397)
                                                                                    (81.129, 97.224, 33.594)

             14          A 158          A 165              8        306.902         (81.129, 97.224, 33.594)
                                                                                    (94.208, 99.77, 32.721)

             15          A 165          A 192              2        48.7371         (94.208, 99.77, 32.721)
                                                                                    (86.523, 110.371, 37.854)

             16          A 192          A 204             13        503.237         (86.523, 110.371, 37.854)
                                                                                    (91.246, 111.33, 8.217)

             17          A 204          A 215             12        438.981         (91.246, 111.33, 8.217)         (67.1312, 111.25, 14.5526)
                                                                                    (75.361, 105.37, 34.137)

             18          A 215          A 227             13        498.454         (75.361, 105.37, 34.137)         (71.5766, 83.3361, 42.4718)
                                                                                    (81.736, 92.652, 16.972)

             19          A 227          A 233              7        263.359         (81.736, 92.652, 16.972)
                                                                                    (81.498, 87.94, 28.931)

             20          A 233          A 234              2        48.7371         (81.498, 87.94, 28.931)
                                                                                    (80.802, 86.167, 25.608)

