Using structure file: /home/pkas7/Research/SCOP/pdbstyle-1.75B/hs/d1hsja1.ent
Number of residues: 115
Doing a BEZIER segmentation ...

Bounding box volume: 39513.6
Null Model Fit: 5149.09 bits.
Bits per residue: 45.1674

Bezier model fit: 4674.2 bits.
Bits per residue: 41.0018

# of segments: 8
Internal segmentation:
0-->5-->25-->44-->46-->75-->86-->95-->114

CPU time used: 6.24 secs.
Wall clock time elapsed: 6 secs.

        SEGMENT          START            END   NUM_RESIDUES MESSAGE_LENGTH                    END_POINTS        INTERMEDIATE_CONTROL_POINTS
              1          A 373          A 378              6         219.12         (94.847, 41.098, 57.766)
                                                                                    (97.251, 38.311, 72.065)

              2          A 378          A 398             21        779.565         (97.251, 38.311, 72.065)
                                                                                    (87.752, 12.304, 56.272)

              3          A 398          A 417             20        789.008         (87.752, 12.304, 56.272)         (101.353, 25.7918, 52.392)
                                                                                    (93.828, 37.355, 38.572)

              4          A 417          A 419              3        94.3719         (93.828, 37.355, 38.572)
                                                                                    (95.331, 31.518, 35.318)

              5          A 419          A 448             30        1196.42         (95.331, 31.518, 35.318)         (121.937, 26.377, 63.48)
                                                                                    (91.698, 16.31, 38.47)

              6          A 448          A 459             12        463.272         (91.698, 16.31, 38.47)
                                                                                    (114.672, 26.715, 36.329)

              7          A 459          A 468             10        368.204         (114.672, 26.715, 36.329)
                                                                                    (88.739, 28.066, 33.273)

              8          A 468          A 487             20        764.242         (88.739, 28.066, 33.273)         (85.1392, 18.7139, 46.6431)
                                                                                    (80.969, 30.825, 61.958)

