Using structure file: /home/pkas7/Research/SCOP/pdbstyle-1.75B/hs/d1hska2.ent
Number of residues: 109
Doing a BEZIER segmentation ...

Bounding box volume: 39720
Null Model Fit: 4878.89 bits.
Bits per residue: 45.1749

Bezier model fit: 4445.19 bits.
Bits per residue: 41.1592

# of segments: 8
Internal segmentation:
0-->1-->19-->35-->53-->61-->73-->93-->108

CPU time used: 6.15 secs.
Wall clock time elapsed: 6 secs.

        SEGMENT          START            END   NUM_RESIDUES MESSAGE_LENGTH                    END_POINTS        INTERMEDIATE_CONTROL_POINTS
              1          A 209          A 210              2         48.212         (152.703, 146.595, 160.579)
                                                                                    (151.615, 143.952, 158.091)

              2          A 210          A 228             19        716.189         (151.615, 143.952, 158.091)
                                                                                    (175.96, 145.572, 145.282)

              3          A 228          A 244             17        666.206         (175.96, 145.572, 145.282)         (190.423, 134.433, 163.795)
                                                                                    (182.862, 167.495, 147.568)

              4          A 244          A 262             19        764.163         (182.862, 167.495, 147.568)         (183.099, 151.647, 132.923)
                                                                                    (198.361, 144.499, 148.998)

              5          A 262          A 270              9        337.208         (198.361, 144.499, 148.998)
                                                                                    (182.216, 144.383, 143.232)

              6          A 270          A 282             13        516.188         (182.216, 144.383, 143.232)         (183.846, 165.864, 153.436)
                                                                                    (196.301, 141.876, 157.922)         (192.778, 121.166, 147.804)

              7          A 282          A 302             21        797.183         (196.301, 141.876, 157.922)
                                                                                    (193.752, 165.957, 142.761)

              8          A 302          A 317             16        599.845         (193.752, 165.957, 142.761)         (178.781, 154.381, 167.766)
                                                                                    (207.126, 144.839, 167.304)

