Using structure file: /home/pkas7/Research/SCOP/pdbstyle-1.75B/ht/d1htwa_.ent
Number of residues: 158
Doing a BEZIER segmentation ...

Bounding box volume: 39773.3
Null Model Fit: 7092.77 bits.
Bits per residue: 45.1769

Bezier model fit: 6443.28 bits.
Bits per residue: 41.04

# of segments: 13
Internal segmentation:
0-->9-->29-->40-->57-->59-->76-->86-->106-->119-->125-->135-->145-->157

CPU time used: 9.24 secs.
Wall clock time elapsed: 9 secs.

        SEGMENT          START            END   NUM_RESIDUES MESSAGE_LENGTH                    END_POINTS        INTERMEDIATE_CONTROL_POINTS
              1            A 1           A 10             10        369.134         (40.332, 22.809, 12.514)         (34.434, 11.9647, 23.6313)
                                                                                    (21.411, 5.117, 21.169)

              2           A 10           A 30             21        798.936         (21.411, 5.117, 21.169)
                                                                                    (25.072, 34.424, 11.491)

              3           A 30           A 41             12        450.825         (25.072, 34.424, 11.491)
                                                                                    (27.449, 5.317, 5.182)

              4           A 41           A 58             18        689.421         (27.449, 5.317, 5.182)
                                                                                    (10.491, 22.97, 17.029)

              5           A 58           A 60              3        94.3908         (10.491, 22.97, 17.029)
                                                                                    (6.325, 19.561, 14.055)

              6           A 60           A 77             18        702.658         (6.325, 19.561, 14.055)         (21.3274, 5.49646, -18.0302)
                                                                                    (9.878, 29.969, 13.861)

              7           A 77           A 87             11        408.509         (9.878, 29.969, 13.861)
                                                                                    (22.47, 11.241, -3.835)

              8           A 87          A 107             21        835.407         (22.47, 11.241, -3.835)         (20.8617, 27.7694, -21.57)
                                                                                    (20.947, 33.656, 6.823)

              9          A 107          A 120             14        535.628         (20.947, 33.656, 6.823)         (23.5593, 3.43705, 3.02794)
                                                                                    (32.31, 22.687, -7.238)

             10          A 120          A 126              7        260.959         (32.31, 22.687, -7.238)
                                                                                    (31.748, 25.208, 7.77)

             11          A 126          A 136             11        408.136         (31.748, 25.208, 7.77)         (33.5177, 4.00501, 10.7918)
                                                                                    (22.525, 0.804, 17.453)

             12          A 136          A 146             11        400.516         (22.525, 0.804, 17.453)         (36.1702, 13.3717, 16.6646)
                                                                                    (36.144, 27.53, 8.593)

             13          A 146          A 158             13        488.762         (36.144, 27.53, 8.593)
                                                                                    (31.061, 23.303, 29.314)

