Using structure file: /home/pkas7/Research/SCOP/pdbstyle-1.75B/i0/d1i0va_.ent
Number of residues: 104
Doing a BEZIER segmentation ...

Bounding box volume: 23272.6
Null Model Fit: 4573.58 bits.
Bits per residue: 44.4037

Bezier model fit: 4307.98 bits.
Bits per residue: 41.825

# of segments: 13
Internal segmentation:
0-->1-->6-->11-->28-->34-->45-->54-->63-->70-->81-->82-->93-->103

CPU time used: 5.5 secs.
Wall clock time elapsed: 5 secs.

        SEGMENT          START            END   NUM_RESIDUES MESSAGE_LENGTH                    END_POINTS        INTERMEDIATE_CONTROL_POINTS
              1            A 1            A 2              2        47.4408         (5.677, 5.93, 29.789)
                                                                                    (7.132, 7.637, 26.708)

              2            A 2            A 7              6        216.123         (7.132, 7.637, 26.708)
                                                                                    (17.387, 12.369, 25.802)

              3            A 7           A 12              6        219.461         (17.387, 12.369, 25.802)
                                                                                    (3.634, 10.258, 23.141)

              4           A 12           A 29             18        676.409         (3.634, 10.258, 23.141)
                                                                                    (2.112, 23.823, 0.471)

              5           A 29           A 35              7        254.563         (2.112, 23.823, 0.471)
                                                                                    (15.72, 30.387, 9.994)

              6           A 35           A 46             12        457.866         (15.72, 30.387, 9.994)         (9.20788, 16.6921, 0.00225229)
                                                                                    (23.478, 8.791, 9.757)

              7           A 46           A 55             10        376.905         (23.478, 8.791, 9.757)         (8.23613, -5.78189, 9.15571)
                                                                                    (12.68, 11.164, 0.311)

              8           A 55           A 64             10         372.66         (12.68, 11.164, 0.311)         (12.131, 19.9449, 14.2411)
                                                                                    (6.668, 22.215, 25.236)

              9           A 64           A 71              8        306.968         (6.668, 22.215, 25.236)         (-0.45676, 22.4274, 12.6055)
                                                                                    (12.691, 30.298, 16.763)

             10           A 71           A 82             12        449.113         (12.691, 30.298, 16.763)         (17.9426, 11.2622, 24.4277)
                                                                                    (6.451, 12.016, 0.796)

             11           A 82           A 83              2        47.4408         (6.451, 12.016, 0.796)
                                                                                    (3.443, 9.849, 1.708)

             12           A 83           A 94             12        452.693         (3.443, 9.849, 1.708)
                                                                                    (23.54, 12.476, 22.99)

             13           A 94          A 104             11        430.337         (23.54, 12.476, 22.99)         (29.9838, 20.2109, 7.57331)
                                                                                    (14.232, 5.302, 22.113)

