Using structure file: /home/pkas7/Research/SCOP/pdbstyle-1.75B/ic/d1ic8a2.ent
Number of residues: 94
Doing a BEZIER segmentation ...

Bounding box volume: 25084.9
Null Model Fit: 4139.61 bits.
Bits per residue: 44.5119

Bezier model fit: 3768.32 bits.
Bits per residue: 40.5196

# of segments: 5
Internal segmentation:
0-->24-->51-->69-->91-->93

CPU time used: 4.82 secs.
Wall clock time elapsed: 4 secs.

        SEGMENT          START            END   NUM_RESIDUES MESSAGE_LENGTH                    END_POINTS        INTERMEDIATE_CONTROL_POINTS
              1           A 87          A 111             25        967.368         (62.011, 11.974, 30.256)         (45.1325, 1.20379, 53.6016)
                                                                                    (25.095, 4.648, 39.446)

              2          A 111          A 138             28        1090.18         (25.095, 4.648, 39.446)         (38.5942, 18.7486, 13.2876)
                                                                                    (38.912, -7.78, 27.742)

              3          A 138          A 156             19         760.89         (38.912, -7.78, 27.742)         (14.6031, 4.92186, 17.0172)
                                                                                    (30.752, -5.192, 38.945)

              4          A 156          A 178             23        856.826         (30.752, -5.192, 38.945)
                                                                                    (53.765, 17.489, 26.706)

              5          A 178          A 180              3        93.0608         (53.765, 17.489, 26.706)
                                                                                    (56.749, 15.762, 23.119)

