Using structure file: /home/pkas7/Research/SCOP/pdbstyle-1.75B/im/d1imva_.ent
Number of residues: 375
Doing a BEZIER segmentation ...

Bounding box volume: 140991
Null Model Fit: 17579 bits.
Bits per residue: 47.0026

Bezier model fit: 15426.9 bits.
Bits per residue: 41.2485

# of segments: 26
Internal segmentation:
0-->8-->14-->38-->45-->71-->99-->111-->136-->153-->168-->182-->198-->204-->222-->234-->245-->246-->270-->286-->311-->318-->330-->337-->358-->370-->374

CPU time used: 23.66 secs.
Wall clock time elapsed: 24 secs.

        SEGMENT          START            END   NUM_RESIDUES MESSAGE_LENGTH                    END_POINTS        INTERMEDIATE_CONTROL_POINTS
              1           A 16           A 24              9        345.864         (28.269, 12.726, 1.443)         (36.593, 16.3944, -12.1905)
                                                                                    (20.545, 24.684, -5.689)

              2           A 24           A 30              7         265.54         (20.545, 24.684, -5.689)
                                                                                    (30.968, 30.873, -7.832)

              3           A 30           A 54             25        944.401         (30.968, 30.873, -7.832)         (34.8621, 27.0197, 10.6208)
                                                                                    (29.099, 28.041, 28.171)

              4           A 54           A 61              8        298.188         (29.099, 28.041, 28.171)
                                                                                    (32.55, 37.805, 12.828)

              5           A 61           A 87             27        1056.64         (32.55, 37.805, 12.828)         (62.5681, 27.2591, -6.00632)
                                                                                    (39.349, 23.918, 7.069)

              6           A 87          A 115             29        1172.57         (39.349, 23.918, 7.069)         (40.2112, 33.0531, -20.2927)
                                                                                    (27.203, 48.573, 7.173)

              7          A 115          A 127             13        486.603         (27.203, 48.573, 7.173)         (46.4323, 36.3232, 9.99365)
                                                                                    (63.506, 41.697, 10.996)

              8          A 127          A 152             26        1033.94         (63.506, 41.697, 10.996)         (35.4216, 35.2917, -22.6375)
                                                                                    (59.775, 47.657, 20.333)

              9          A 152          A 169             18        685.982         (59.775, 47.657, 20.333)
                                                                                    (36.991, 54.253, 11.231)

             10          A 169          A 184             16         631.91         (36.991, 54.253, 11.231)         (46.0815, 46.4756, 36.1022)
                                                                                    (56.252, 34.246, 14.588)

             11          A 184          A 198             15        552.984         (56.252, 34.246, 14.588)         (34.9095, 46.8342, 14.8685)
                                                                                    (14.005, 48.631, 6.71)

             12          A 198          A 214             17         651.48         (14.005, 48.631, 6.71)         (4.83402, 62.1852, 31.7515)
                                                                                    (17.394, 31.36, 32.946)

             13          A 214          A 220              7        271.872         (17.394, 31.36, 32.946)
                                                                                    (15.432, 44.176, 33.233)

             14          A 220          A 238             19        734.713         (15.432, 44.176, 33.233)         (-1.06144, 53.5064, 0.856265)
                                                                                    (12.901, 19.144, 15.792)

             15          A 238          A 250             13        503.191         (12.901, 19.144, 15.792)         (8.57861, 36.7327, 17.8593)
                                                                                    (21.732, 47.183, 2.099)

             16          A 250          A 261             12         445.15         (21.732, 47.183, 2.099)         (18.0871, 32.7612, 11.7934)
                                                                                    (11.66, 26.674, 26.845)

             17          A 261          A 262              2        50.0397         (11.66, 26.674, 26.845)
                                                                                    (13.985, 29.039, 28.722)

             18          A 262          A 286             25        970.592         (13.985, 29.039, 28.722)         (37.2005, 18.0484, 1.77388)
                                                                                    (6.598, 32.491, 5.669)

             19          A 286          A 302             17        652.835         (6.598, 32.491, 5.669)         (2.44435, 51.6443, 27.388)
                                                                                    (38.459, 41.284, 21.93)

             20          A 302          A 327             26        1036.92         (38.459, 41.284, 21.93)         (44.3844, 6.84728, 14.7205)
                                                                                    (60.384, 33.385, 3.678)

             21          A 327          A 334              8        304.601         (60.384, 33.385, 3.678)
                                                                                    (51.791, 31.683, 16.656)

             22          A 334          A 346             13        462.205         (51.791, 31.683, 16.656)         (35.2753, 43.3554, 17.7345)
                                                                                    (15.515, 51.662, 16.786)

             23          A 346          A 361              8        314.017         (15.515, 51.662, 16.786)         (14.1042, 57.3095, -0.0326971)
                                                                                    (-9.947, 41.418, 7.74)

             24          A 361          A 382             22        862.063         (-9.947, 41.418, 7.74)         (22.9622, 30.1272, 41.6446)
                                                                                    (23.143, 38.555, -2.063)

             25          A 382          A 394             13        507.431         (23.143, 38.555, -2.063)         (32.0131, 32.0688, 11.021)
                                                                                    (22.647, 38.385, 28.63)

             26          A 394          A 398              5        185.222         (22.647, 38.385, 28.63)
                                                                                    (29.793, 41.324, 29.025)

