Using structure file: /home/pkas7/Research/SCOP/pdbstyle-1.75B/it/d1itxa2.ent
Number of residues: 72
Doing a BEZIER segmentation ...

Bounding box volume: 16374.5
Null Model Fit: 3116.65 bits.
Bits per residue: 43.8965

Bezier model fit: 2964.24 bits.
Bits per residue: 41.7499

# of segments: 5
Internal segmentation:
0-->11-->35-->56-->64-->71

CPU time used: 3.37 secs.
Wall clock time elapsed: 3 secs.

        SEGMENT          START            END   NUM_RESIDUES MESSAGE_LENGTH                    END_POINTS        INTERMEDIATE_CONTROL_POINTS
              1          A 338          A 349             12        458.518         (14.802, 13.268, 16.893)         (35.0056, -2.54097, 7.23573)
                                                                                    (18.893, 3.435, -2.582)

              2          A 349          A 373             25         1006.8         (18.893, 3.435, -2.582)         (32.1055, -4.10484, 24.2573)
                                                                                    (17.915, 21.006, 16.388)

              3          A 373          A 394             22        872.874         (17.915, 21.006, 16.388)         (33.0954, 17.4159, -2.89962)
                                                                                    (6.163, 10.363, 3.879)

              4          A 394          A 402              9        330.708         (6.163, 10.363, 3.879)         (20.2909, 12.2117, 6.4754)
                                                                                    (31.464, 10.388, 1.451)

              5          A 402          A 409              8        295.337         (31.464, 10.388, 1.451)
                                                                                    (14.423, 11.743, 10.91)

