Using structure file: /home/pkas7/Research/SCOP/pdbstyle-1.75B/iv/d1ivya_.ent
Number of residues: 452
Doing a BEZIER segmentation ...

Bounding box volume: 129980
Null Model Fit: 21145.3 bits.
Bits per residue: 46.8853

Bezier model fit: 18797.7 bits.
Bits per residue: 41.68

# of segments: 26
Internal segmentation:
0-->16-->29-->42-->56-->72-->91-->116-->134-->149-->166-->183-->212-->225-->251-->265-->281-->302-->322-->330-->359-->370-->387-->404-->418-->447-->451

CPU time used: 28.79 secs.
Wall clock time elapsed: 29 secs.

        SEGMENT          START            END   NUM_RESIDUES MESSAGE_LENGTH                    END_POINTS        INTERMEDIATE_CONTROL_POINTS
              1            A 1           A 17             17        686.268         (22.164, 30.964, 47.642)         (41.977, 49.2521, 40.7536)
                                                                                    (23.839, 46.252, 39.656)

              2           A 17           A 30             14        533.859         (23.839, 46.252, 39.656)
                                                                                    (36.283, 13.433, 39.291)

              3           A 30           A 43             14        523.597         (36.283, 13.433, 39.291)         (33.986, 34.6184, 36.5959)
                                                                                    (12.484, 41.294, 37.516)

              4           A 43           A 57             15        589.465         (12.484, 41.294, 37.516)         (9.20019, 27.2165, 40.8629)
                                                                                    (34.385, 25.435, 21.003)

              5           A 57           A 73             17        673.536         (34.385, 25.435, 21.003)
                                                                                    (26.719, 44.35, 30.958)

              6           A 73           A 92             20        806.208         (26.719, 44.35, 30.958)
                                                                                    (13.516, 38.151, 32.284)

              7           A 92          A 117             26        1063.56         (13.516, 38.151, 32.284)         (54.9927, 21.9559, 41.1783)
                                                                                    (34.656, 13.854, 25.239)

              8          A 117          A 135             19        718.359         (34.656, 13.854, 25.239)
                                                                                    (23.758, 25.787, 46.336)

              9          A 135          A 150             16          616.7         (23.758, 25.787, 46.336)         (0.429336, 26.0443, 42.1428)
                                                                                    (27.841, 26.611, 18.408)

             10          A 150          A 167             18        689.022         (27.841, 26.611, 18.408)         (23.8081, 12.9087, 24.8481)
                                                                                    (12.446, 14.332, 37.901)

             11          A 167          A 184             18        716.755         (12.446, 14.332, 37.901)         (17.0965, 36.5864, 23.2677)
                                                                                    (27.427, 16.102, 7.595)

             12          A 184          A 213             30        1184.22         (27.427, 16.102, 7.595)         (34.0018, 43.8266, -11.6412)
                                                                                    (28.185, 14.878, -6.859)

             13          A 213          A 226             14        570.845         (28.185, 14.878, -6.859)         (21.4065, 15.0432, 4.96129)
                                                                                    (40.781, 12.643, -5.687)

             14          A 226          A 252             27        1071.79         (40.781, 12.643, -5.687)
                                                                                    (35.529, 42.511, 8.628)

             15          A 252          A 266             15        610.319         (35.529, 42.511, 8.628)         (46.8318, 29.3794, 4.77912)
                                                                                    (55.542, 35.462, 19.7)

             16          A 266          A 282             17        667.485         (55.542, 35.462, 19.7)         (25.0583, 18.6142, 14.2716)
                                                                                    (42.273, 17.185, 3.769)

             17          A 282          A 303             22        869.761         (42.273, 17.185, 3.769)         (67.8038, 20.6785, 34.2685)
                                                                                    (38.294, 36.56, 13.377)

             18          A 303          A 323             21        820.229         (38.294, 36.56, 13.377)         (44.6113, 47.722, 39.4501)
                                                                                    (35.953, 34.637, 43.808)

             19          A 323          A 331              9        348.095         (35.953, 34.637, 43.808)         (52.002, 26.906, 43.5623)
                                                                                    (41.917, 33.259, 31.582)

             20          A 331          A 360             30        1180.22         (41.917, 33.259, 31.582)         (37.7315, 3.16896, 9.52143)
                                                                                    (6.238, 16.103, 24.052)

             21          A 360          A 371             12        449.208         (6.238, 16.103, 24.052)
                                                                                    (25.233, 35.124, 7.402)

             22          A 371          A 388             18        700.172         (25.233, 35.124, 7.402)
                                                                                    (10.335, 14.392, 10.184)

             23          A 388          A 405             18         719.53         (10.335, 14.392, 10.184)
                                                                                    (11.351, 52.546, 12.199)

             24          A 405          A 419             15        588.788         (11.351, 52.546, 12.199)         (9.0461, 27.5544, 6.69917)
                                                                                    (10.303, 22.204, 17.743)

             25          A 419          A 448             30        1213.71         (10.303, 22.204, 17.743)         (36.544, 52.7861, 9.88352)
                                                                                    (6.82, 32.871, 27.209)

             26          A 448          A 452              5        185.974         (6.82, 32.871, 27.209)
                                                                                    (7.57, 34.132, 17.042)

