Using structure file: /home/pkas7/Research/SCOP/pdbstyle-1.75B/iw/d1iwga1.ent
Number of residues: 97
Doing a BEZIER segmentation ...

Bounding box volume: 18327.7
Null Model Fit: 4229.67 bits.
Bits per residue: 44.0591

Bezier model fit: 3922.13 bits.
Bits per residue: 40.8555

# of segments: 8
Internal segmentation:
0-->13-->15-->35-->46-->60-->61-->88-->96

CPU time used: 5.08 secs.
Wall clock time elapsed: 5 secs.

        SEGMENT          START            END   NUM_RESIDUES MESSAGE_LENGTH                    END_POINTS        INTERMEDIATE_CONTROL_POINTS
              1           A 38           A 51             14        515.315         (52.34, 46.299, 312.841)         (65.7916, 46.1193, 331.08)
                                                                                    (51.312, 44.843, 350.632)

              2           A 51           A 53              3        92.1552         (51.312, 44.843, 350.632)
                                                                                    (50.446, 50.891, 348.652)

              3           A 53           A 73             21        812.619         (50.446, 50.891, 348.652)         (64.1641, 57.2459, 347.394)
                                                                                    (69.359, 53.332, 322.082)

              4           A 73           A 84             12        450.599         (69.359, 53.332, 322.082)         (53.5691, 58.9932, 325.112)
                                                                                    (47.946, 50.1, 345.105)

              5           A 84           A 98             15        572.107         (47.946, 50.1, 345.105)
                                                                                    (64.064, 48.297, 316.472)

              6           A 98           A 99              2        47.0962         (64.064, 48.297, 316.472)
                                                                                    (65.225, 44.738, 317.176)

              7           A 99          A 126             28        1101.33         (65.225, 44.738, 317.176)         (75.204, 53.3837, 349.276)
                                                                                    (59.315, 39.103, 340.996)

              8          A 126          A 134              9        330.911         (59.315, 39.103, 340.996)         (65.2603, 42.6463, 323.712)
                                                                                    (48.786, 43.744, 325.008)

