Using structure file: /home/pkas7/Research/SCOP/pdbstyle-1.75B/iz/d1iz0a1.ent
Number of residues: 131
Doing a BEZIER segmentation ...

Bounding box volume: 34138.6
Null Model Fit: 5844.34 bits.
Bits per residue: 44.9565

Bezier model fit: 5410.45 bits.
Bits per residue: 41.6189

# of segments: 8
Internal segmentation:
0-->9-->24-->39-->68-->76-->87-->110-->130

CPU time used: 7.42 secs.
Wall clock time elapsed: 7 secs.

        SEGMENT          START            END   NUM_RESIDUES MESSAGE_LENGTH                    END_POINTS        INTERMEDIATE_CONTROL_POINTS
              1            A 1           A 10             10        385.296         (53.435, 4.046, 26.143)
                                                                                    (30.834, -3.341, 31.726)

              2           A 10           A 25             16        597.523         (30.834, -3.341, 31.726)         (60.6863, -6.44055, 26.3444)
                                                                                    (48.044, 22.326, 16.365)

              3           A 25           A 40             16        607.796         (48.044, 22.326, 16.365)         (59.2056, 10.2758, 43.5399)
                                                                                    (31.285, 9.693, 36.419)

              4           A 40           A 69             30        1227.61         (31.285, 9.693, 36.419)         (20.7207, -3.68233, 21.8667)
                                                                                    (59.002, 21.503, 33.155)

              5           A 69           A 77              9         326.06         (59.002, 21.503, 33.155)         (44.282, 23.503, 39.3894)
                                                                                    (37.287, 13.739, 27.692)

              6           A 77           A 88             12        464.506         (37.287, 13.739, 27.692)         (56.2083, -1.2643, 33.7041)
                                                                                    (44.512, 21.756, 24.221)

              7           A 88          A 282             24        974.999         (44.512, 21.756, 24.221)         (49.6932, 26.983, 62.1472)
                                                                                    (43.695, 0.923, 38.352)

              8          A 282          A 302             21        826.661         (43.695, 0.923, 38.352)         (20.5153, 6.68644, 59.3074)
                                                                                    (51.961, 7.196, 38.165)

