Using structure file: /home/pkas7/Research/SCOP/pdbstyle-1.75B/iz/d1iz5a1.ent
Number of residues: 119
Doing a BEZIER segmentation ...

Bounding box volume: 30878.8
Null Model Fit: 5287.78 bits.
Bits per residue: 44.8117

Bezier model fit: 4821.51 bits.
Bits per residue: 40.8603

# of segments: 13
Internal segmentation:
0-->7-->21-->31-->42-->54-->56-->63-->84-->93-->94-->103-->104-->118

CPU time used: 6.68 secs.
Wall clock time elapsed: 6 secs.

        SEGMENT          START            END   NUM_RESIDUES MESSAGE_LENGTH                    END_POINTS        INTERMEDIATE_CONTROL_POINTS
              1            A 2            A 9              8        296.091         (11.357, 9.355, 71.806)         (1.73295, 18.4051, 74.5707)
                                                                                    (3.338, 29.411, 78.032)

              2            A 9           A 23             15         563.84         (3.338, 29.411, 78.032)
                                                                                    (23.473, 27.325, 90.683)

              3           A 23           A 33             11        417.912         (23.473, 27.325, 90.683)         (25.5486, 15.3665, 79.6284)
                                                                                    (5.376, 8.337, 81.217)

              4           A 33           A 44             12        442.971         (5.376, 8.337, 81.217)
                                                                                    (30.116, 23.276, 96.004)

              5           A 44           A 56             13        480.343         (30.116, 23.276, 96.004)
                                                                                    (-0.649, 17.086, 83.972)

              6           A 56           A 58              3        93.6604         (-0.649, 17.086, 83.972)
                                                                                    (1.552, 19.827, 79.638)

              7           A 58           A 65              8        286.849         (1.552, 19.827, 79.638)
                                                                                    (10.064, 5.197, 75.335)

              8           A 65           A 86             22        868.014         (10.064, 5.197, 75.335)         (37.0869, 34.4177, 79.9285)
                                                                                    (1.534, 33.236, 74.897)

              9           A 86           A 95             10        361.971         (1.534, 33.236, 74.897)         (7.89362, 20.5237, 72.9528)
                                                                                    (16.457, 8.692, 67.372)

             10           A 95           A 96              2        47.8488         (16.457, 8.692, 67.372)
                                                                                    (19.121, 11.322, 66.726)

             11           A 96          A 105             10        364.759         (19.121, 11.322, 66.726)
                                                                                    (3.628, 31.929, 68.352)

             12          A 105          A 106              2        47.8488         (3.628, 31.929, 68.352)
                                                                                    (3.229, 34.595, 65.679)

             13          A 106          A 120             15        549.402         (3.229, 34.595, 65.679)         (26.8935, 16.8368, 62.9093)
                                                                                    (24.795, 12.215, 88.276)

