Using structure file: /home/pkas7/Research/SCOP/pdbstyle-1.75B/j0/d1j09a2.ent
Number of residues: 305
Doing a BEZIER segmentation ...

Bounding box volume: 94667.2
Null Model Fit: 14114.1 bits.
Bits per residue: 46.4279

Bezier model fit: 12584.7 bits.
Bits per residue: 41.397

# of segments: 18
Internal segmentation:
0-->11-->32-->60-->74-->98-->107-->119-->142-->152-->160-->179-->199-->223-->237-->246-->273-->285-->304

CPU time used: 18.38 secs.
Wall clock time elapsed: 18 secs.

        SEGMENT          START            END   NUM_RESIDUES MESSAGE_LENGTH                    END_POINTS        INTERMEDIATE_CONTROL_POINTS
              1            A 1           A 12             12        456.605         (64.387, 22.076, -2.364)         (50.3586, 36.0766, -3.92518)
                                                                                    (39.932, 44.18, 4.543)

              2           A 12           A 33             22        854.768         (39.932, 44.18, 4.543)         (42.8774, 19.7656, -1.55783)
                                                                                    (60.839, 18.984, 3.492)

              3           A 33           A 61             29        1146.25         (60.839, 18.984, 3.492)         (38.173, 71.6223, -3.78039)
                                                                                    (48.501, 30.988, 12.688)

              4           A 61           A 75             15        599.534         (48.501, 30.988, 12.688)
                                                                                    (63.809, 36.032, 6.214)

              5           A 75           A 99             25        991.086         (63.809, 36.032, 6.214)         (55.0084, 56.3133, -4.68273)
                                                                                    (66.187, 44.298, -23.635)

              6           A 99          A 108             10        367.342         (66.187, 44.298, -23.635)
                                                                                    (45.541, 59.163, -22.274)

              7          A 108          A 120             13        499.155         (45.541, 59.163, -22.274)
                                                                                    (39.199, 45.333, -29.109)

              8          A 120          A 143             24        944.734         (39.199, 45.333, -29.109)         (77.1559, 61.1587, -32.3838)
                                                                                    (52.803, 60.696, -18.134)

              9          A 143          A 153             11        407.719         (52.803, 60.696, -18.134)         (57.653, 41.7066, -19.0382)
                                                                                    (52.941, 37.226, -34.152)

             10          A 153          A 161              9        332.017         (52.941, 37.226, -34.152)         (53.5676, 27.6648, -23.5745)
                                                                                    (51.147, 20.539, -13.403)

             11          A 161          A 180             20        789.853         (51.147, 20.539, -13.403)         (44.6453, 31.3438, -40.176)
                                                                                    (51.839, 52.242, -13.898)

             12          A 180          A 200             21        828.945         (51.839, 52.242, -13.898)
                                                                                    (59.854, 30.199, -5.32)

             13          A 200          A 224             25        989.273         (59.854, 30.199, -5.32)         (31.7426, 32.9464, -19.1389)
                                                                                    (66.186, 35.058, -18.891)

             14          A 224          A 238             15        552.856         (66.186, 35.058, -18.891)         (52.4509, 19.0302, -8.32666)
                                                                                    (28.66, 28.154, -3.95)

             15          A 238          A 247             10         397.01         (28.66, 28.154, -3.95)
                                                                                    (30.709, 40.384, -1.966)

             16          A 247          A 274             28        1110.12         (30.709, 40.384, -1.966)         (37.2675, 26.3463, 30.7142)
                                                                                    (40.712, 20.313, -3.068)

             17          A 274          A 286             13        524.112         (40.712, 20.313, -3.068)         (33.8362, -2.08624, 5.47801)
                                                                                    (46.874, 18.563, 9.597)

             18          A 286          A 305             20        793.307         (46.874, 18.563, 9.597)         (53.5153, 6.94579, -15.0329)
                                                                                    (31.931, 25.105, 0.191)

