Using structure file: /home/pkas7/Research/SCOP/pdbstyle-1.75B/j2/d1j2ra_.ent
Number of residues: 188
Doing a BEZIER segmentation ...

Bounding box volume: 51431.6
Null Model Fit: 8517.42 bits.
Bits per residue: 45.5477

Bezier model fit: 7732.78 bits.
Bits per residue: 41.3518

# of segments: 14
Internal segmentation:
0-->6-->28-->47-->59-->70-->88-->102-->117-->129-->145-->158-->159-->173-->187

CPU time used: 10.9 secs.
Wall clock time elapsed: 10 secs.

        SEGMENT          START            END   NUM_RESIDUES MESSAGE_LENGTH                    END_POINTS        INTERMEDIATE_CONTROL_POINTS
              1           A 12           A 18              7        257.432         (22.298, 16.954, -6.955)
                                                                                    (40.748, 18.812, -7.192)

              2           A 18           A 40             23        914.022         (40.748, 18.812, -7.192)         (39.8405, 0.0804814, 30.3117)
                                                                                    (27.379, 0.685, 13.399)

              3           A 40           A 59             20        758.692         (27.379, 0.685, 13.399)
                                                                                    (44.412, 11.474, -6.881)

              4           A 59           A 71             13        479.456         (44.412, 11.474, -6.881)         (38.9329, 13.2397, 13.3975)
                                                                                    (51.796, 4.877, 27.981)

              5           A 71           A 82             12        465.188         (51.796, 4.877, 27.981)         (51.566, 21.7484, 27.6897)
                                                                                    (32.479, 15.81, 35.684)

              6           A 82          A 100             19        745.929         (32.479, 15.81, 35.684)         (56.1033, -5.79629, 28.7453)
                                                                                    (38.366, -2.293, 5.171)

              7          A 100          A 114             15        581.966         (38.366, -2.293, 5.171)         (58.195, 9.68741, -4.65525)
                                                                                    (42.215, 15.26, 21.901)

              8          A 114          A 129             16        624.873         (42.215, 15.26, 21.901)
                                                                                    (49.59, 23.677, 1.214)

              9          A 129          A 141             13         500.64         (49.59, 23.677, 1.214)         (32.4133, 19.6011, -4.93929)
                                                                                    (32.065, 10.124, 17.211)

             10          A 141          A 157             17        648.135         (32.065, 10.124, 17.211)
                                                                                    (37.132, 28.904, 6.383)

             11          A 157          A 170             14        541.242         (37.132, 28.904, 6.383)         (25.0029, 6.53805, -2.61315)
                                                                                    (27.379, 6.915, 21.453)

             12          A 170          A 171              2        48.5848         (27.379, 6.915, 21.453)
                                                                                    (23.636, 6.956, 20.686)

             13          A 171          A 185             15        571.841         (23.636, 6.956, 20.686)
                                                                                    (24.699, 25.617, 10.069)

             14          A 185          A 199             15        594.777         (24.699, 25.617, 10.069)         (23.6798, 3.56953, -1.33746)
                                                                                    (33.2, 13.225, -7.035)

