Using structure file: /home/pkas7/Research/SCOP/pdbstyle-1.75B/j3/d1j3wa_.ent
Number of residues: 134
Doing a BEZIER segmentation ...

Bounding box volume: 44500.3
Null Model Fit: 6030.07 bits.
Bits per residue: 45.3389

Bezier model fit: 5434.22 bits.
Bits per residue: 40.8588

# of segments: 11
Internal segmentation:
0-->3-->22-->31-->36-->49-->72-->84-->94-->95-->105-->133

CPU time used: 7.63 secs.
Wall clock time elapsed: 7 secs.

        SEGMENT          START            END   NUM_RESIDUES MESSAGE_LENGTH                    END_POINTS        INTERMEDIATE_CONTROL_POINTS
              1            A 6            A 9              4        141.303         (26.513, 14.726, 73.106)
                                                                                    (30.467, 15.432, 81.954)

              2            A 9           A 28             20        747.282         (30.467, 15.432, 81.954)
                                                                                    (54.856, 15.552, 71.792)

              3           A 28           A 37             10        383.981         (54.856, 15.552, 71.792)
                                                                                    (31.318, 17.186, 64.151)

              4           A 37           A 42              6        222.027         (31.318, 17.186, 64.151)
                                                                                    (33.872, 18.26, 74.412)

              5           A 42           A 55             14        537.345         (33.872, 18.26, 74.412)         (67.1425, 23.4141, 81.6323)
                                                                                    (41.286, 30.312, 70.533)

              6           A 55           A 78             24        915.011         (41.286, 30.312, 70.533)         (32.0477, 22.5142, 55.2712)
                                                                                    (34.488, 6.559, 46.364)

              7           A 78           A 90             13        503.425         (34.488, 6.559, 46.364)         (36.6213, 9.44256, 63.477)
                                                                                    (56.205, 25.498, 57.804)

              8           A 90          A 100             11        403.533         (56.205, 25.498, 57.804)
                                                                                    (33.696, 7.352, 66.475)

              9          A 100          A 101              2         48.376         (33.696, 7.352, 66.475)
                                                                                    (30.979, 8.379, 64.051)

             10          A 101          A 111             11        409.207         (30.979, 8.379, 64.051)
                                                                                    (58.463, 20.323, 64.857)

             11          A 111          A 139             29        1122.73         (58.463, 20.323, 64.857)         (45.3414, 0.540606, 66.0721)
                                                                                    (23.536, 5.091, 79.48)

