Using structure file: /home/pkas7/Research/SCOP/pdbstyle-1.75B/j4/d1j4wa2.ent
Number of residues: 71
Doing a BEZIER segmentation ...

Bounding box volume: 17576.7
Null Model Fit: 3079.91 bits.
Bits per residue: 43.9987

Bezier model fit: 2850.07 bits.
Bits per residue: 40.7153

# of segments: 6
Internal segmentation:
0-->7-->29-->41-->46-->55-->70

CPU time used: 3.29 secs.
Wall clock time elapsed: 3 secs.

        SEGMENT          START            END   NUM_RESIDUES MESSAGE_LENGTH                    END_POINTS        INTERMEDIATE_CONTROL_POINTS
              1          A 104          A 111              8         293.45         (-2.66, 76.641, -55.787)
                                                                                    (4.73, 98.555, -54.895)

              2          A 111          A 133             23        891.069         (4.73, 98.555, -54.895)         (-18.3622, 105.627, -61.3225)
                                                                                    (-9.366, 83.823, -63.33)

              3          A 133          A 145             13         487.91         (-9.366, 83.823, -63.33)
                                                                                    (5.666, 98.925, -38.003)

              4          A 145          A 150              6        221.126         (5.666, 98.925, -38.003)
                                                                                    (6.915, 101.088, -49.633)

              5          A 150          A 159             10         355.57         (6.915, 101.088, -49.633)         (-4.18877, 89.2405, -49.7932)
                                                                                    (-6.961, 76.259, -58.619)

              6          A 159          A 174             16        600.944         (-6.961, 76.259, -58.619)
                                                                                    (1.8, 96.275, -64.231)

