Using structure file: /home/pkas7/Research/SCOP/pdbstyle-1.75B/j5/d1j5pa4.ent
Number of residues: 132
Doing a BEZIER segmentation ...

Bounding box volume: 39013.1
Null Model Fit: 5914.52 bits.
Bits per residue: 45.149

Bezier model fit: 5431.18 bits.
Bits per residue: 41.4594

# of segments: 12
Internal segmentation:
0-->10-->30-->32-->43-->58-->73-->86-->100-->109-->110-->124-->131

CPU time used: 7.34 secs.
Wall clock time elapsed: 7 secs.

        SEGMENT          START            END   NUM_RESIDUES MESSAGE_LENGTH                    END_POINTS        INTERMEDIATE_CONTROL_POINTS
              1           A -1            A 9             11        420.841         (15.1, 26.707, 41.086)         (11.8659, 28.945, 21.7329)
                                                                                    (17.717, 9.948, 27.606)

              2            A 9           A 29             21        826.872         (17.717, 9.948, 27.606)         (17.5015, 31.0797, 51.1469)
                                                                                    (10.44, 11.261, 20.076)

              3           A 29           A 31              3        94.3351         (10.44, 11.261, 20.076)
                                                                                    (7.009, 7.368, 24.274)

              4           A 31           A 42             12        458.373         (7.009, 7.368, 24.274)         (8.03962, 17.6839, 44.6921)
                                                                                    (5.441, 19.378, 18.529)

              5           A 42           A 57             16         626.07         (5.441, 19.378, 18.529)         (14.0308, 41.8622, 36.0912)
                                                                                    (21.802, 13.757, 19.091)

              6           A 57           A 72             16         613.37         (21.802, 13.757, 19.091)         (16.5293, 22.7119, 6.98943)
                                                                                    (16.445, 35.072, 22.888)

              7           A 72           A 85             14        535.316         (16.445, 35.072, 22.888)         (30.3888, 12.3328, 27.4579)
                                                                                    (29.664, 19.004, 8.788)

              8           A 85           A 99             15        570.447         (29.664, 19.004, 8.788)
                                                                                    (20.693, 35.763, 16.466)

              9           A 99          A 108             10        370.661         (20.693, 35.763, 16.466)
                                                                                    (31.417, 17.699, 28.401)

             10          A 108          A 220              2        48.1861         (31.417, 17.699, 28.401)
                                                                                    (28.652, 10.268, 31.144)

             11          A 220          A 234             15        566.414         (28.652, 10.268, 31.144)
                                                                                    (24.442, 31.815, 34.086)

             12          A 234          A 241              8        300.297         (24.442, 31.815, 34.086)         (27.7321, 37.0982, 47.4996)
                                                                                    (37.614, 28.65, 34.634)

