Using structure file: /home/pkas7/Research/SCOP/pdbstyle-1.75B/j9/d1j9ia_.ent
Number of residues: 68
Doing a BEZIER segmentation ...

Bounding box volume: 17189.6
Null Model Fit: 2945.76 bits.
Bits per residue: 43.9666

Bezier model fit: 2778.65 bits.
Bits per residue: 41.4724

# of segments: 5
Internal segmentation:
0-->24-->34-->42-->63-->67

CPU time used: 3.08 secs.
Wall clock time elapsed: 3 secs.

        SEGMENT          START            END   NUM_RESIDUES MESSAGE_LENGTH                    END_POINTS        INTERMEDIATE_CONTROL_POINTS
              1            A 1           A 25             25        1004.03         (-1.598, 7.731, -3.736)         (-6.14029, 7.56212, -28.3398)
                                                                                    (-14.145, -6.361, -10.29)

              2           A 25           A 35             11        415.329         (-14.145, -6.361, -10.29)         (-5.23507, 6.24016, 0.777214)
                                                                                    (-23.634, 7.963, -5.413)

              3           A 35           A 43              9        330.388         (-23.634, 7.963, -5.413)
                                                                                    (-3.018, 4.106, -6.633)

              4           A 43           A 64             22        850.759         (-3.018, 4.106, -6.633)         (-3.90516, -14.5049, -5.23638)
                                                                                    (-3.375, -5.36, -31.694)

              5           A 64           A 68              5        178.148         (-3.375, -5.36, -31.694)
                                                                                    (-1.884, -12.736, -34.437)

