Using structure file: /home/pkas7/Research/SCOP/pdbstyle-1.75B/jb/d1jb0a_.ent
Number of residues: 740
Doing a BEZIER segmentation ...

Bounding box volume: 430541
Null Model Fit: 35925.1 bits.
Bits per residue: 48.6131

Bezier model fit: 30236.3 bits.
Bits per residue: 40.9151

# of segments: 38
Internal segmentation:
0-->18-->30-->51-->80-->94-->123-->141-->168-->188-->217-->241-->249-->250-->277-->300-->319-->335-->359-->371-->400-->425-->453-->482-->507-->516-->545-->548-->568-->574-->603-->611-->629-->651-->677-->696-->709-->738-->739

CPU time used: 46.33 secs.
Wall clock time elapsed: 46 secs.

        SEGMENT          START            END   NUM_RESIDUES MESSAGE_LENGTH                    END_POINTS        INTERMEDIATE_CONTROL_POINTS
              1           A 13           A 31             19        746.473         (126.136, 163.647, 55.848)         (91.6191, 168.759, 50.5584)
                                                                                    (91.875, 147.651, 55.717)

              2           A 31           A 43             13         524.79         (91.875, 147.651, 55.717)         (105.043, 145.087, 44.6296)
                                                                                    (86.567, 136.468, 50.241)

              3           A 43           A 64             22        874.456         (86.567, 136.468, 50.241)         (100.667, 137.997, 68.9742)
                                                                                    (111.927, 149.466, 48.299)

              4           A 64           A 93             30        1123.76         (111.927, 149.466, 48.299)         (110.441, 156.605, 70.1419)
                                                                                    (100.005, 155.276, 90.018)

              5           A 93          A 107             15        604.395         (100.005, 155.276, 90.018)         (100.521, 159.515, 103.051)
                                                                                    (110.431, 149.8, 104.42)

              6          A 107          A 136             30        1229.23         (110.431, 149.8, 104.42)
                                                                                    (95.452, 147.583, 97.738)

              7          A 136          A 154             19        765.358         (95.452, 147.583, 97.738)         (125.272, 146.389, 88.7332)
                                                                                    (106.997, 162.409, 97.839)

              8          A 154          A 181             28         1057.9         (106.997, 162.409, 97.839)
                                                                                    (105.581, 162.008, 56.407)

              9          A 181          A 201             21        831.588         (105.581, 162.008, 56.407)         (131.766, 153.348, 50.8095)
                                                                                    (128.333, 154.307, 72.471)

             10          A 201          A 230             30        1148.01         (128.333, 154.307, 72.471)         (124.387, 167.027, 88.7363)
                                                                                    (117.447, 157.846, 110.238)

             11          A 230          A 254             25        1006.84         (117.447, 157.846, 110.238)         (113.272, 181.33, 90.1295)
                                                                                    (133.712, 166.683, 103.938)

             12          A 254          A 262              9        353.351         (133.712, 166.683, 103.938)
                                                                                    (135.327, 175.15, 93.811)

             13          A 262          A 266              2        51.6502         (135.327, 175.15, 93.811)
                                                                                    (140.129, 168.363, 91.801)

             14          A 266          A 293             28        1138.41         (140.129, 168.363, 91.801)
                                                                                    (126.295, 151.055, 98.332)

             15          A 293          A 316             24        910.086         (126.295, 151.055, 98.332)
                                                                                    (135.905, 156.888, 61.148)

             16          A 316          A 335             20         796.95         (135.905, 156.888, 61.148)
                                                                                    (143.914, 129.323, 57.218)

             17          A 335          A 351             17        672.495         (143.914, 129.323, 57.218)
                                                                                    (119.681, 143.331, 55.882)

             18          A 351          A 375             25        941.736         (119.681, 143.331, 55.882)         (120.28, 137.953, 73.6386)
                                                                                    (119.345, 138.963, 92.726)

             19          A 375          A 387             13        517.493         (119.345, 138.963, 92.726)         (121.509, 155.107, 99.789)
                                                                                    (111.191, 138.436, 98.632)

             20          A 387          A 416             30        1124.23         (111.191, 138.436, 98.632)
                                                                                    (118.757, 133.11, 55.528)

             21          A 416          A 441             26        1052.94         (118.757, 133.11, 55.528)         (138.908, 137.692, 44.4047)
                                                                                    (124.076, 119.636, 63.802)

             22          A 441          A 469             29        1101.43         (124.076, 119.636, 63.802)         (120.967, 113.479, 83.2787)
                                                                                    (115.338, 101.637, 99.979)

             23          A 469          A 498             30        1190.01         (115.338, 101.637, 99.979)         (135.053, 116.364, 88.2946)
                                                                                    (139.064, 141.631, 98.896)

             24          A 498          A 523             26        1062.79         (139.064, 141.631, 98.896)
                                                                                    (115.241, 138.597, 107.435)

             25          A 523          A 532             10        388.409         (115.241, 138.597, 107.435)         (128.164, 138.78, 99.2835)
                                                                                    (126.373, 120.604, 96.522)

             26          A 532          A 561             30        1117.51         (126.373, 120.604, 96.522)         (117.466, 121.918, 76.7782)
                                                                                    (117.365, 127.324, 52.485)

             27          A 561          A 564              4        151.126         (117.365, 127.324, 52.485)
                                                                                    (118.815, 116.639, 51.536)

             28          A 564          A 584             21        847.596         (118.815, 116.639, 51.536)         (102.655, 141.969, 51.2901)
                                                                                    (107.54, 109.991, 54.01)

             29          A 584          A 590              7        273.196         (107.54, 109.991, 54.01)
                                                                                    (110.359, 125.467, 57.639)

             30          A 590          A 619             30        1128.95         (110.359, 125.467, 57.639)
                                                                                    (115.525, 126.606, 101.167)

             31          A 619          A 627              9         349.75         (115.525, 126.606, 101.167)
                                                                                    (118.898, 137.831, 117.75)

             32          A 627          A 645             19        739.384         (118.898, 137.831, 117.75)
                                                                                    (114.675, 113.034, 92.799)

             33          A 645          A 667             23        888.189         (114.675, 113.034, 92.799)
                                                                                    (91.366, 136.421, 100.863)

             34          A 667          A 693             27        1030.74         (91.366, 136.421, 100.863)
                                                                                    (94.853, 119.635, 62.1)

             35          A 693          A 712             20         770.81         (94.853, 119.635, 62.1)         (77.2478, 119.521, 57.7715)
                                                                                    (69.718, 132.193, 55.192)

             36          A 712          A 725             14        546.818         (69.718, 132.193, 55.192)
                                                                                    (100.667, 127.641, 60.367)

             37          A 725          A 754             30        1125.72         (100.667, 127.641, 60.367)
                                                                                    (105.66, 133.432, 103.138)

             38          A 754          A 755              2        51.6502         (105.66, 133.432, 103.138)
                                                                                    (108.307, 136.085, 102.449)

