Using structure file: /home/pkas7/Research/SCOP/pdbstyle-1.75B/jb/d1jbaa_.ent
Number of residues: 189
Doing a BEZIER segmentation ...

Bounding box volume: 114975
Null Model Fit: 8781.16 bits.
Bits per residue: 46.7083

Bezier model fit: 7863.49 bits.
Bits per residue: 41.8271

# of segments: 12
Internal segmentation:
0-->29-->30-->54-->71-->76-->105-->106-->135-->158-->165-->184-->188

CPU time used: 11.05 secs.
Wall clock time elapsed: 11 secs.

        SEGMENT          START            END   NUM_RESIDUES MESSAGE_LENGTH                    END_POINTS        INTERMEDIATE_CONTROL_POINTS
              1            A 2           A 31             30        1209.53         (-46.831, 42.17, 14.605)         (-60.2587, 58.4762, -16.6372)
                                                                                    (-52.135, 29.642, -3.628)

              2           A 31           A 32              2        49.7454         (-52.135, 29.642, -3.628)
                                                                                    (-54.781, 30.299, -0.948)

              3           A 32           A 56             25        1018.43         (-54.781, 30.299, -0.948)
                                                                                    (-28.644, 17.809, -2.7)

              4           A 56           A 73             18        701.942         (-28.644, 17.809, -2.7)         (-30.3551, 38.3713, 0.473619)
                                                                                    (-42.1, 31.119, 13.095)

              5           A 73           A 78              6        221.563         (-42.1, 31.119, 13.095)
                                                                                    (-47.437, 34.604, 1.16)

              6           A 78          A 107             30        1182.03         (-47.437, 34.604, 1.16)         (-27.3197, 51.6893, -19.414)
                                                                                    (-25.08, 33.146, 13.505)

              7          A 107          A 108              2        49.7454         (-25.08, 33.146, 13.505)
                                                                                    (-27.133, 36.352, 13.612)

              8          A 108          A 137             30        1188.09         (-27.133, 36.352, 13.612)         (0.398235, 38.7899, 13.6916)
                                                                                    (-11.842, 19.805, -8.533)         (-44.287, 12.0227, -18.1615)

              9          A 137          A 160             24        962.815         (-11.842, 19.805, -8.533)
                                                                                    (-7.316, 46.46, 7.68)

             10          A 160          A 167              8         308.39         (-7.316, 46.46, 7.68)         (-9.8838, 37.0583, 15.9145)
                                                                                    (-21.301, 45.324, 6.437)

             11          A 167          A 186             20        786.498         (-21.301, 45.324, 6.437)         (-9.57898, 48.0265, -9.73361)
                                                                                    (-22.758, 31.926, -8.11)

             12          A 186          A 190              5        184.713         (-22.758, 31.926, -8.11)
                                                                                    (-27.728, 31.576, -16.551)

