Using structure file: /home/pkas7/Research/SCOP/pdbstyle-1.75B/jg/d1jg5a_.ent
Number of residues: 83
Doing a BEZIER segmentation ...

Bounding box volume: 20097.4
Null Model Fit: 3623.75 bits.
Bits per residue: 44.1921

Bezier model fit: 3382.24 bits.
Bits per residue: 41.2469

# of segments: 8
Internal segmentation:
0-->9-->21-->39-->48-->50-->61-->72-->82

CPU time used: 4.19 secs.
Wall clock time elapsed: 4 secs.

        SEGMENT          START            END   NUM_RESIDUES MESSAGE_LENGTH                    END_POINTS        INTERMEDIATE_CONTROL_POINTS
              1            A 1           A 10             10        371.168         (39.633, 19.819, -5.632)         (42.5324, 21.1849, 11.572)
                                                                                    (39.321, 30.563, 20.097)

              2           A 10           A 22             13          501.8         (39.321, 30.563, 20.097)
                                                                                    (49.902, 14.677, 0.814)

              3           A 22           A 40             19        745.595         (49.902, 14.677, 0.814)         (56.8092, 41.0215, -6.41385)
                                                                                    (51.281, 12.044, 20.239)

              4           A 40           A 49             10        373.286         (51.281, 12.044, 20.239)         (51.3415, 11.1792, 1.34269)
                                                                                    (50.453, 30.674, 12.785)

              5           A 49           A 51              3        92.4212         (50.453, 30.674, 12.785)
                                                                                    (44.371, 32.959, 12.574)

              6           A 51           A 62             12        453.525         (44.371, 32.959, 12.574)
                                                                                    (44.339, 31.318, -4.979)

              7           A 62           A 73             12         444.61         (44.339, 31.318, -4.979)         (24.8047, 27.0799, -0.102086)
                                                                                    (34.716, 19.068, 19.735)

              8           A 73           A 83             11         399.84         (34.716, 19.068, 19.735)
                                                                                    (37.296, 24.18, -9.925)

