Using structure file: /home/pkas7/Research/SCOP/pdbstyle-1.75B/jg/d1jg1a_.ent
Number of residues: 215
Doing a BEZIER segmentation ...

Bounding box volume: 54237.2
Null Model Fit: 9763.61 bits.
Bits per residue: 45.6243

Bezier model fit: 8850.27 bits.
Bits per residue: 41.3564

# of segments: 14
Internal segmentation:
0-->18-->41-->56-->78-->88-->109-->124-->146-->156-->168-->177-->193-->209-->214

CPU time used: 13.15 secs.
Wall clock time elapsed: 13 secs.

        SEGMENT          START            END   NUM_RESIDUES MESSAGE_LENGTH                    END_POINTS        INTERMEDIATE_CONTROL_POINTS
              1           A 14           A 32             19        704.138         (33.793, 68.681, 1.835)
                                                                                    (53.241, 56.351, 15.889)

              2           A 32           A 55             24        952.899         (53.241, 56.351, 15.889)         (45.7257, 48.5019, -6.8394)
                                                                                    (25.024, 65.726, 11.842)

              3           A 55           A 70             16         629.58         (25.024, 65.726, 11.842)         (50.3741, 66.0078, 16.7122)
                                                                                    (20.591, 51.716, 16.8)

              4           A 70           A 92             23        909.518         (20.591, 51.716, 16.8)         (56.2615, 57.5331, 23.3355)
                                                                                    (44.685, 38.462, -0.972)

              5           A 92          A 102             11        413.926         (44.685, 38.462, -0.972)         (32.2634, 35.0611, 17.3493)
                                                                                    (29.013, 51.88, 9.844)

              6          A 102          A 123             22        868.897         (29.013, 51.88, 9.844)         (56.7918, 39.8893, -9.34408)
                                                                                    (21.201, 44.672, 13.765)

              7          A 123          A 138             16        604.879         (21.201, 44.672, 13.765)
                                                                                    (32.18, 53.217, -4.338)

              8          A 138          A 160             23        932.412         (32.18, 53.217, -4.338)         (17.2971, 25.3642, 19.1404)
                                                                                    (43.692, 34.898, 7.928)

              9          A 160          A 170             11        414.159         (43.692, 34.898, 7.928)         (29.4158, 51.7113, 19.6035)
                                                                                    (35.452, 35.207, 26.562)

             10          A 170          A 182             13        504.548         (35.452, 35.207, 26.562)         (31.5063, 25.6119, 10.5156)
                                                                                    (49.112, 31.026, 11.456)

             11          A 182          A 191             10        370.451         (49.112, 31.026, 11.456)         (39.2858, 44.8948, 16.2024)
                                                                                    (33.89, 40.597, 32.28)

             12          A 191          A 207             17        679.468         (33.89, 40.597, 32.28)         (43.2397, 48.1795, 17.4298)
                                                                                    (49.368, 26.859, 20.354)

             13          A 207          A 223             17        636.106         (49.368, 26.859, 20.354)         (45.1286, 64.2586, 30.649)
                                                                                    (25.021, 36.316, 20.689)

             14          A 223          A 228              6        229.288         (25.021, 36.316, 20.689)
                                                                                    (23.234, 36.941, 26.28)

