Using structure file: /home/pkas7/Research/SCOP/pdbstyle-1.75B/ji/d1jixa_.ent
Number of residues: 351
Doing a BEZIER segmentation ...

Bounding box volume: 132193
Null Model Fit: 16418.4 bits.
Bits per residue: 46.9096

Bezier model fit: 14523.2 bits.
Bits per residue: 41.495

# of segments: 22
Internal segmentation:
0-->8-->17-->33-->59-->73-->90-->99-->115-->138-->157-->169-->189-->206-->218-->229-->249-->259-->275-->284-->301-->329-->350

CPU time used: 21.9 secs.
Wall clock time elapsed: 22 secs.

        SEGMENT          START            END   NUM_RESIDUES MESSAGE_LENGTH                    END_POINTS        INTERMEDIATE_CONTROL_POINTS
              1            A 1            A 9              9        338.441         (-6.965, -9.546, 1.635)
                                                                                    (16.404, -12.067, 11.229)

              2            A 9           A 18             10        396.042         (16.404, -12.067, 11.229)         (2.27696, -22.0164, 25.9843)
                                                                                    (12.281, -8.776, 22.274)

              3           A 18           A 34             17        641.735         (12.281, -8.776, 22.274)
                                                                                    (-9.788, -5.892, 11.373)

              4           A 34           A 60             27        1102.71         (-9.788, -5.892, 11.373)         (18.7611, -37.2222, 16.7245)
                                                                                    (-1.574, -10.121, -0.891)

              5           A 60           A 74             15          575.3         (-1.574, -10.121, -0.891)         (19.8649, 1.77884, 14.3604)
                                                                                    (29.435, -21.355, 13.471)

              6           A 74           A 91             18        700.345         (29.435, -21.355, 13.471)         (12.0999, -16.4804, 7.23264)
                                                                                    (6.398, -11.68, -6.518)

              7           A 91          A 100             10        378.101         (6.398, -11.68, -6.518)         (4.67373, -0.469873, 4.40338)
                                                                                    (15.745, 1.092, 14.041)

              8          A 100          A 116             17        663.799         (15.745, 1.092, 14.041)         (21.702, -6.88257, -5.4599)
                                                                                    (32.661, -21.374, 4.661)

              9          A 116          A 139             24        944.489         (32.661, -21.374, 4.661)         (8.93827, -19.3104, -15.1443)
                                                                                    (9.84, 11.578, 9.826)

             10          A 139          A 158             20        795.659         (9.84, 11.578, 9.826)         (32.0087, -4.1834, -8.40554)
                                                                                    (6.802, 6.765, 3.682)

             11          A 158          A 170             13        504.416         (6.802, 6.765, 3.682)         (6.69173, 3.94186, 23.7258)
                                                                                    (-6.878, -3.212, 23.055)

             12          A 170          A 190             21        826.544         (-6.878, -3.212, 23.055)         (7.90107, 10.7297, 59.988)
                                                                                    (24.442, -0.724, 24.424)

             13          A 190          A 207             18        704.376         (24.442, -0.724, 24.424)         (26.976, 11.9783, 18.5774)
                                                                                    (25.28, 10.951, 42.584)

             14          A 207          A 219             13        501.812         (25.28, 10.951, 42.584)         (9.61373, -7.36159, 28.7081)
                                                                                    (32.357, -3.206, 30.854)

             15          A 219          A 230             12        468.438         (32.357, -3.206, 30.854)         (39.273, 14.338, 17.7325)
                                                                                    (30.862, 5.946, 38.989)

             16          A 230          A 250             21        829.308         (30.862, 5.946, 38.989)         (-0.420671, -18.5497, 22.2647)
                                                                                    (11.745, 4.896, 39.578)

             17          A 250          A 260             11        406.872         (11.745, 4.896, 39.578)
                                                                                    (19.88, 10.572, 13.94)

             18          A 260          A 276             17        676.778         (19.88, 10.572, 13.94)
                                                                                    (4.551, 4.331, 33.362)

             19          A 276          A 285             10        374.646         (4.551, 4.331, 33.362)
                                                                                    (18.473, 17.498, 22.016)

             20          A 285          A 302             18        721.523         (18.473, 17.498, 22.016)         (-7.73068, 21.7398, 25.1389)
                                                                                    (22.519, 18.109, 30.686)

             21          A 302          A 330             29        1110.93         (22.519, 18.109, 30.686)         (6.10816, 16.1504, 58.2643)
                                                                                    (-1.076, 13.873, 26.754)

             22          A 330          A 351             22        860.982         (-1.076, 13.873, 26.754)
                                                                                    (-4.973, -0.68, 1.613)

