Using structure file: /home/pkas7/Research/SCOP/pdbstyle-1.75B/ji/d1ji6a2.ent
Number of residues: 212
Doing a BEZIER segmentation ...

Bounding box volume: 124799
Null Model Fit: 9880.41 bits.
Bits per residue: 46.8266

Bezier model fit: 8664.28 bits.
Bits per residue: 41.0629

# of segments: 16
Internal segmentation:
0-->2-->23-->44-->60-->61-->82-->83-->97-->110-->122-->141-->156-->175-->196-->209-->211

CPU time used: 13.29 secs.
Wall clock time elapsed: 13 secs.

        SEGMENT          START            END   NUM_RESIDUES MESSAGE_LENGTH                    END_POINTS        INTERMEDIATE_CONTROL_POINTS
              1          A 291          A 293              3        97.6903         (50.852, 8.664, -2.068)
                                                                                    (55.613, 11.554, 0.049)

              2          A 293          A 314             22        856.359         (55.613, 11.554, 0.049)         (34.3459, 36.5588, 1.69716)
                                                                                    (13.423, 40.469, 23.919)

              3          A 314          A 335             22        862.387         (13.423, 40.469, 23.919)         (6.91028, 28.8873, -0.429907)
                                                                                    (36.44, 31.864, -4.13)

              4          A 335          A 351             17        647.398         (36.44, 31.864, -4.13)         (31.956, 58.2839, -0.364859)
                                                                                    (9.758, 57.54, 21.732)

              5          A 351          A 352              2        49.8637         (9.758, 57.54, 21.732)
                                                                                    (11.032, 60.661, 23.522)

              6          A 352          A 373             22        850.365         (11.032, 60.661, 23.522)
                                                                                    (40.492, 38.461, -12.848)

              7          A 373          A 374              2        49.8637         (40.492, 38.461, -12.848)
                                                                                    (40.131, 41.882, -11.275)

              8          A 374          A 388             15        576.923         (40.131, 41.882, -11.275)         (12.168, 38.3727, -0.480376)
                                                                                    (21.462, 59.426, 6.15)

              9          A 388          A 401             14        539.957         (21.462, 59.426, 6.15)         (46.1291, 48.3049, -7.23467)
                                                                                    (41.249, 39.81, 10.701)

             10          A 401          A 413             13        462.984         (41.249, 39.81, 10.701)         (26.1127, 51.2488, 20.779)
                                                                                    (6.555, 52.701, 26.81)

             11          A 413          A 432             20        765.939         (6.555, 52.701, 26.81)
                                                                                    (52.883, 44.17, 1.696)

             12          A 432          A 447             16        627.937         (52.883, 44.17, 1.696)
                                                                                    (23.224, 57.399, 23.326)

             13          A 447          A 466             20         791.24         (23.224, 57.399, 23.326)         (34.1192, 24.2074, 16.1374)
                                                                                    (51.764, 35.458, 18.533)

             14          A 466          A 487             22        872.642         (51.764, 35.458, 18.533)         (37.6565, 34.3324, -1.3249)
                                                                                    (10.132, 46.876, 11.79)

             15          A 487          A 500             14        515.042         (10.132, 46.876, 11.79)
                                                                                    (45.348, 29.153, 4.62)

             16          A 500          A 502              3        97.6903         (45.348, 29.153, 4.62)
                                                                                    (46.758, 31.515, -1.091)

