Using structure file: /home/pkas7/Research/SCOP/pdbstyle-1.75B/jj/d1jjta_.ent
Number of residues: 220
Doing a BEZIER segmentation ...

Bounding box volume: 55216.3
Null Model Fit: 9997.38 bits.
Bits per residue: 45.6502

Bezier model fit: 9055.02 bits.
Bits per residue: 41.3471

# of segments: 17
Internal segmentation:
0-->11-->25-->38-->64-->76-->89-->107-->117-->124-->135-->137-->147-->161-->171-->194-->199-->219

CPU time used: 13.38 secs.
Wall clock time elapsed: 13 secs.

        SEGMENT          START            END   NUM_RESIDUES MESSAGE_LENGTH                    END_POINTS        INTERMEDIATE_CONTROL_POINTS
              1            A 3           A 14             12        456.356         (46.136, 9.507, 28.859)
                                                                                    (32.941, 38.385, 34.283)

              2           A 14           A 28             15        579.379         (32.941, 38.385, 34.283)         (49.165, 16.4434, 25.9006)
                                                                                    (58.538, 16.968, 37.441)

              3           A 28           A 41             14        514.109         (58.538, 16.968, 37.441)
                                                                                    (32.05, 41.534, 23.498)

              4           A 41           A 67             27        1065.09         (32.05, 41.534, 23.498)         (60.73, 9.91714, 24.7048)
                                                                                    (29.175, 31.966, 19.439)

              5           A 67           A 79             13        505.701         (29.175, 31.966, 19.439)         (49.6738, 42.0934, 19.7009)
                                                                                    (58.488, 27.835, 26.266)

              6           A 79           A 92             14        536.313         (58.488, 27.835, 26.266)
                                                                                    (43.19, 27.969, 11.209)

              7           A 92          A 110             19        742.458         (43.19, 27.969, 11.209)         (64.5376, 48.5382, 27.126)
                                                                                    (63.334, 25.494, 15.401)

              8          A 110          A 120             11        424.351         (63.334, 25.494, 15.401)         (46.2747, 35.0853, 10.2477)
                                                                                    (58.006, 48.104, 23.801)

              9          A 120          A 127              8        305.384         (58.006, 48.104, 23.801)
                                                                                    (43.087, 49.365, 24.042)

             10          A 127          A 138             12        452.322         (43.087, 49.365, 24.042)
                                                                                    (63.572, 36.247, 35.385)

             11          A 138          A 140              3        95.3374         (63.572, 36.247, 35.385)
                                                                                    (63.352, 33.65, 30.92)

             12          A 140          A 150             11        403.769         (63.352, 33.65, 30.92)
                                                                                    (38.437, 46.247, 33.816)

             13          A 150          A 164             15         594.52         (38.437, 46.247, 33.816)         (55.0872, 33.448, 34.1243)
                                                                                    (60.429, 28.169, 44.496)

             14          A 164          A 174             11        426.192         (60.429, 28.169, 44.496)         (65.4149, 23.194, 25.017)
                                                                                    (70.82, 37.634, 38.904)

             15          A 174          A 197             24        938.264         (70.82, 37.634, 38.904)         (42.7222, 60.5001, 44.1935)
                                                                                    (51.939, 26.563, 37.714)

             16          A 197          A 202              6        226.011         (51.939, 26.563, 37.714)
                                                                                    (46.189, 38.147, 45.325)

             17          A 202          A 222             21        789.458         (46.189, 38.147, 45.325)         (64.1577, 38.2861, 44.9252)
                                                                                    (76.686, 29.251, 48.046)

