Using structure file: /home/pkas7/Research/SCOP/pdbstyle-1.75B/jp/d1jpma1.ent
Number of residues: 234
Doing a BEZIER segmentation ...

Bounding box volume: 78250.7
Null Model Fit: 10753.7 bits.
Bits per residue: 46.1532

Bezier model fit: 9650.36 bits.
Bits per residue: 41.4178

# of segments: 14
Internal segmentation:
0-->14-->29-->55-->59-->86-->112-->133-->147-->148-->163-->187-->203-->215-->233

CPU time used: 14.16 secs.
Wall clock time elapsed: 14 secs.

        SEGMENT          START            END   NUM_RESIDUES MESSAGE_LENGTH                    END_POINTS        INTERMEDIATE_CONTROL_POINTS
              1          A 126          A 140             15        570.672         (131.392, 28.617, -13.25)
                                                                                    (126.34, -3.841, -36.168)

              2          A 140          A 155             16        601.179         (126.34, -3.841, -36.168)
                                                                                    (124.99, 18.894, -33.108)

              3          A 155          A 181             27        1065.41         (124.99, 18.894, -33.108)         (141.6, -23.3608, -19.5021)
                                                                                    (131.816, 7.873, -41.559)

              4          A 181          A 185              5        184.713         (131.816, 7.873, -41.559)
                                                                                    (134.85, 15.275, -36.794)

              5          A 185          A 212             28        1105.71         (134.85, 15.275, -36.794)         (141.645, -20.6981, -2.66528)
                                                                                    (144.582, 5.54, -35.039)

              6          A 212          A 238             27        1092.25         (144.582, 5.54, -35.039)         (133.035, -8.15324, 6.53708)
                                                                                    (148.533, 6.97, -23.454)

              7          A 238          A 259             22         868.46         (148.533, 6.97, -23.454)         (120.197, 7.56663, 4.36604)
                                                                                    (147.427, 5.753, -5.577)

              8          A 259          A 273             15        595.183         (147.427, 5.753, -5.577)         (131.533, 12.5698, -21.5015)
                                                                                    (124.541, 9.9, -2.22)

              9          A 273          A 274              2        49.1902         (124.541, 9.9, -2.22)
                                                                                    (123.966, 13.402, -3.488)

             10          A 274          A 289             16        608.414         (123.966, 13.402, -3.488)
                                                                                    (145.183, 17.996, -10.767)

             11          A 289          A 313             25        980.687         (145.183, 17.996, -10.767)         (99.3129, 3.83449, -18.7354)
                                                                                    (129.207, 25.199, -10.979)

             12          A 313          A 329             17        666.829         (129.207, 25.199, -10.979)         (137.38, 12.4075, -20.5876)
                                                                                    (109.577, 9.22, -25.221)

             13          A 329          A 341             13        503.225         (109.577, 9.22, -25.221)         (108.287, 28.3879, -5.44868)
                                                                                    (121.41, 20.219, -29.948)

             14          A 341          A 359             19        758.441         (121.41, 20.219, -29.948)         (122.582, 33.0499, 1.9629)
                                                                                    (101.523, 21.012, -18.273)

