Using structure file: /home/pkas7/Research/SCOP/pdbstyle-1.75B/jq/d1jqga2.ent
Number of residues: 92
Doing a BEZIER segmentation ...

Bounding box volume: 31932.9
Null Model Fit: 4082.27 bits.
Bits per residue: 44.8601

Bezier model fit: 3712.49 bits.
Bits per residue: 40.7966

# of segments: 6
Internal segmentation:
0-->14-->15-->40-->50-->72-->91

CPU time used: 4.67 secs.
Wall clock time elapsed: 4 secs.

        SEGMENT          START            END   NUM_RESIDUES MESSAGE_LENGTH                    END_POINTS        INTERMEDIATE_CONTROL_POINTS
              1           A 4P          A 18P             15        576.696         (16.503, -7.77, 30.029)
                                                                                    (8.561, 26.695, 14.668)

              2          A 18P          A 19P              2        47.8972         (8.561, 26.695, 14.668)
                                                                                    (10.82, 27.736, 11.762)

              3          A 19P          A 49P             26        1022.31         (10.82, 27.736, 11.762)         (35.382, 0.728378, 19.2484)
                                                                                    (3.064, 22.14, 11.419)

              4          A 49P          A 59P             11        403.817         (3.064, 22.14, 11.419)         (11.4515, 5.3289, 17.567)
                                                                                    (21.951, 8.206, 29.391)

              5          A 59P          A 81P             23        901.971         (21.951, 8.206, 29.391)         (13.4058, 41.6099, 18.0637)
                                                                                    (10.019, 3.923, 29.145)

              6          A 81P         A 100P             20        759.801         (10.019, 3.923, 29.145)
                                                                                    (-4.545, -18.09, 14.67)

