Using structure file: /home/pkas7/Research/SCOP/pdbstyle-1.75B/jq/d1jqra_.ent
Number of residues: 174
Doing a BEZIER segmentation ...

Bounding box volume: 47892.8
Null Model Fit: 7861.96 bits.
Bits per residue: 45.4449

Bezier model fit: 7167.06 bits.
Bits per residue: 41.4281

# of segments: 15
Internal segmentation:
0-->22-->31-->45-->57-->72-->83-->92-->93-->105-->132-->138-->145-->155-->170-->173

CPU time used: 10 secs.
Wall clock time elapsed: 10 secs.

        SEGMENT          START            END   NUM_RESIDUES MESSAGE_LENGTH                    END_POINTS        INTERMEDIATE_CONTROL_POINTS
              1            A 1           A 23             23        902.667         (13.841, -12.244, -2.422)         (13.3881, -9.23648, -24.0433)
                                                                                    (-21.728, -15.133, -11.067)

              2           A 23           A 32             10        369.734         (-21.728, -15.133, -11.067)
                                                                                    (-4.536, -3.118, -19.854)

              3           A 32           A 46             15        602.596         (-4.536, -3.118, -19.854)         (9.58616, 5.08293, -4.74017)
                                                                                    (16.187, -5.694, -5.673)

              4           A 46           A 58             13         475.51         (16.187, -5.694, -5.673)
                                                                                    (-17.79, -1.498, -11.64)

              5           A 58           A 73             16        621.712         (-17.79, -1.498, -11.64)         (-18.2317, -6.00532, 3.52721)
                                                                                    (-1.418, -22.04, -12.505)

              6           A 73           A 84             12         457.14         (-1.418, -22.04, -12.505)         (-2.64577, -17.7281, 12.3983)
                                                                                    (-9.466, -2.798, -0.873)

              7           A 84           A 93             10        361.847         (-9.466, -2.798, -0.873)         (0.613198, -15.3156, 4.36407)
                                                                                    (8.177, -23.014, -9.352)

              8           A 93           A 94              2        48.4819         (8.177, -23.014, -9.352)
                                                                                    (8.419, -24.821, -6.004)

              9           A 94          A 106             13        484.943         (8.419, -24.821, -6.004)         (1.31881, -6.27293, 3.93654)
                                                                                    (-10.896, 3.566, -12.095)

             10          A 106          A 133             28        1088.14         (-10.896, 3.566, -12.095)         (18.3507, 4.73995, 3.24265)
                                                                                    (-0.611, 26.078, -8.086)

             11          A 133          A 139              7        255.029         (-0.611, 26.078, -8.086)
                                                                                    (-5.629, 7.531, -4.872)

             12          A 139          A 146              8        309.755         (-5.629, 7.531, -4.872)         (-8.09202, 20.3947, -11.8389)
                                                                                    (-8.365, 20.843, 0.151)

             13          A 146          A 156             11        422.105         (-8.365, 20.843, 0.151)         (-16.8647, 15.4173, -18.8299)
                                                                                    (-1.636, 7.199, -15.924)

             14          A 156          A 171             16        625.786         (-1.636, 7.199, -15.924)         (-2.54797, 29.7136, -16.0285)
                                                                                    (13.062, 5.333, -11.981)

             15          A 171          A 174              4        141.621         (13.062, 5.333, -11.981)
                                                                                    (13.191, 9.357, -5.146)

