Using structure file: /home/pkas7/Research/SCOP/pdbstyle-1.75B/jq/d1jqba2.ent
Number of residues: 174
Doing a BEZIER segmentation ...

Bounding box volume: 57515.4
Null Model Fit: 7907.66 bits.
Bits per residue: 45.709

Bezier model fit: 7163.73 bits.
Bits per residue: 41.4088

# of segments: 13
Internal segmentation:
0-->1-->25-->26-->37-->59-->81-->104-->118-->130-->147-->159-->172-->173

CPU time used: 9.99 secs.
Wall clock time elapsed: 9 secs.

        SEGMENT          START            END   NUM_RESIDUES MESSAGE_LENGTH                    END_POINTS        INTERMEDIATE_CONTROL_POINTS
              1         A 1140         A 1141              2        48.7461         (14.869, 11.442, 47.607)
                                                                                    (16.092, 10.588, 51.137)

              2         A 1141         A 1165             25        964.206         (16.092, 10.588, 51.137)         (30.1778, 30.2904, 53.437)
                                                                                    (41.163, 18.777, 31.618)

              3         A 1165         A 1166              2        48.7461         (41.163, 18.777, 31.618)
                                                                                    (40.55, 15.212, 30.489)

              4         A 1166         A 1177             12        461.321         (40.55, 15.212, 30.489)         (53.177, 17.4864, 49.6661)
                                                                                    (32.775, 16.153, 53.276)

              5         A 1177         A 1199             23        906.162         (32.775, 16.153, 53.276)         (37.4004, 15.8325, 19.8707)
                                                                                    (44.116, 9.986, 57.395)

              6         A 1199         A 1221             23         915.39         (44.116, 9.986, 57.395)         (26.0035, 2.98811, 39.2324)
                                                                                    (56.62, 13.305, 55.415)

              7         A 1221         A 1244             24        965.475         (56.62, 13.305, 55.415)         (57.0997, 13.2347, 23.4749)
                                                                                    (43.477, 22.248, 56.835)

              8         A 1244         A 1258             15        591.697         (43.477, 22.248, 56.835)
                                                                                    (54.005, 25.619, 36.27)

              9         A 1258         A 1270             13        491.189         (54.005, 25.619, 36.27)         (31.9505, 23.2719, 43.7113)
                                                                                    (42.054, 32.488, 61.29)

             10         A 1270         A 1287             18        712.646         (42.054, 32.488, 61.29)         (67.1749, 33.0928, 44.1488)
                                                                                    (51.544, 30.72, 35.712)

             11         A 1287         A 1299             13        477.199         (51.544, 30.72, 35.712)         (37.4496, 31.1948, 52.5932)
                                                                                    (17.515, 27.736, 42.009)

             12         A 1299         A 1312             14        532.204         (17.515, 27.736, 42.009)
                                                                                    (22.968, 8.83, 40.023)

             13         A 1312         A 1313              2        48.7461         (22.968, 8.83, 40.023)
                                                                                    (26.027, 10.797, 38.879)

