Using structure file: /home/pkas7/Research/SCOP/pdbstyle-1.75B/ju/d1ju5a_.ent
Number of residues: 109
Doing a BEZIER segmentation ...

Bounding box volume: 37697.3
Null Model Fit: 4870.75 bits.
Bits per residue: 45.0995

Bezier model fit: 4501.7 bits.
Bits per residue: 41.6824

# of segments: 9
Internal segmentation:
0-->19-->20-->30-->44-->55-->65-->66-->89-->108

CPU time used: 5.81 secs.
Wall clock time elapsed: 5 secs.

        SEGMENT          START            END   NUM_RESIDUES MESSAGE_LENGTH                    END_POINTS        INTERMEDIATE_CONTROL_POINTS
              1           A 12           A 31             20        793.952         (-11.791, -11.459, 7.848)         (-7.82913, -11.6317, -20.4011)
                                                                                    (-27.409, -5.739, 2.165)

              2           A 31           A 32              2        48.1366         (-27.409, -5.739, 2.165)
                                                                                    (-25.798, -2.407, 3.07)

              3           A 32           A 42             11        406.822         (-25.798, -2.407, 3.07)         (-7.47946, -8.80916, 5.601)
                                                                                    (-4.49, -1.886, -12.566)

              4           A 42           A 56             15        586.378         (-4.49, -1.886, -12.566)         (14.7891, -1.42314, 1.58388)
                                                                                    (-24.275, -1.319, -6.826)         (-37.6249, -1.30916, 2.31251)

              5           A 56           A 67             12        444.204         (-24.275, -1.319, -6.826)         (-6.07942, 8.4294, -2.51392)
                                                                                    (7.202, -4.975, 1.48)

              6           A 67           A 77             11        406.007         (7.202, -4.975, 1.48)
                                                                                    (19.939, 16.376, 6.108)

              7           A 77           A 78              2        48.1366         (19.939, 16.376, 6.108)
                                                                                    (18.044, 16.655, 2.78)

              8           A 78          A 101             24        971.803         (18.044, 16.655, 2.78)
                                                                                    (-11.707, 0.579, 6.931)

              9          A 101          A 120             20        796.265         (-11.707, 0.579, 6.931)         (-26.501, 17.3165, 1.661)
                                                                                    (-18.467, -13.297, 9.916)

