Using structure file: /home/pkas7/Research/SCOP/pdbstyle-1.75B/jw/d1jwqa_.ent
Number of residues: 179
Doing a BEZIER segmentation ...

Bounding box volume: 50009.8
Null Model Fit: 8100.3 bits.
Bits per residue: 45.5073

Bezier model fit: 7298.31 bits.
Bits per residue: 41.0017

# of segments: 13
Internal segmentation:
0-->12-->21-->44-->71-->86-->87-->96-->97-->116-->128-->147-->176-->178

CPU time used: 10.52 secs.
Wall clock time elapsed: 10 secs.

        SEGMENT          START            END   NUM_RESIDUES MESSAGE_LENGTH                    END_POINTS        INTERMEDIATE_CONTROL_POINTS
              1            A 1           A 13             13        491.334         (31.027, 7.926, 61.43)         (17.3719, 22.0452, 52.5121)
                                                                                    (10.01, 18.125, 36.532)

              2           A 13           A 22             10          385.4         (10.01, 18.125, 36.532)         (11.2815, 33.9411, 47.1752)
                                                                                    (12.059, 34.08, 35.107)

              3           A 22           A 45             24        924.899         (12.059, 34.08, 35.107)
                                                                                    (36.7, 12.17, 58.055)

              4           A 45           A 72             28        1116.25         (36.7, 12.17, 58.055)         (-0.3511, 16.5706, 31.2854)
                                                                                    (20.196, 6.152, 59.97)

              5           A 72           A 87             16        609.108         (20.196, 6.152, 59.97)
                                                                                    (8.407, 40.895, 45.321)

              6           A 87           A 88              2        48.5443         (8.407, 40.895, 45.321)
                                                                                    (9.163, 42.833, 48.504)

              7           A 88           A 97             10          351.8         (9.163, 42.833, 48.504)         (21.4966, 33.0467, 57.4875)
                                                                                    (8.762, 20.444, 62.808)

              8           A 97           A 98              2        48.5443         (8.762, 20.444, 62.808)
                                                                                    (9.646, 18.242, 65.773)

              9           A 98          A 117             20        767.792         (9.646, 18.242, 65.773)         (26.7219, 24.2055, 68.601)
                                                                                    (23.706, 38.346, 55.297)

             10          A 117          A 129             13        497.766         (23.706, 38.346, 55.297)         (6.96472, 35.4592, 68.4572)
                                                                                    (7.009, 16.334, 55.057)

             11          A 129          A 148             20        792.454         (7.009, 16.334, 55.057)         (21.2098, 10.928, 67.9193)
                                                                                    (12.702, 39.493, 45.029)

             12          A 148          A 177             30        1169.36         (12.702, 39.493, 45.029)         (35.6923, 35.3748, 36.8646)
                                                                                    (30.582, 18.23, 67.462)         (23.4977, 25.938, 58.9168)

             13          A 177          A 179              3        95.0516         (30.582, 18.23, 67.462)
                                                                                    (35.313, 19.923, 64.589)

