Using structure file: /home/pkas7/Research/SCOP/pdbstyle-1.75B/k2/d1k28d2.ent
Number of residues: 167
Doing a BEZIER segmentation ...

Bounding box volume: 83434.9
Null Model Fit: 7676.79 bits.
Bits per residue: 46.2457

Bezier model fit: 6850.71 bits.
Bits per residue: 41.2693

# of segments: 11
Internal segmentation:
0-->13-->23-->49-->60-->71-->95-->111-->119-->138-->152-->166

CPU time used: 9.81 secs.
Wall clock time elapsed: 9 secs.

        SEGMENT          START            END   NUM_RESIDUES MESSAGE_LENGTH                    END_POINTS        INTERMEDIATE_CONTROL_POINTS
              1          D 201          D 214             14        548.581         (-34.829, 9.248, 154.258)         (-40.7017, 4.04284, 164.569)
                                                                                    (-29.943, 15.371, 183.522)

              2          D 214          D 233             11         431.04         (-29.943, 15.371, 183.522)         (-49.7627, 6.9804, 181.794)
                                                                                    (-20.533, 8.031, 180.675)

              3          D 233          D 259             27        1055.24         (-20.533, 8.031, 180.675)         (-10.7021, 34.5455, 154.765)
                                                                                    (-17.817, 5.886, 126.359)

              4          D 259          D 270             12        467.873         (-17.817, 5.886, 126.359)
                                                                                    (-16.14, 27.652, 144.356)

              5          D 270          D 281             12        452.356         (-16.14, 27.652, 144.356)
                                                                                    (-17.6, -0.286, 132.402)

              6          D 281          D 305             25        987.113         (-17.6, -0.286, 132.402)         (-32.2003, 15.1688, 137.835)
                                                                                    (-18.873, 15.349, 161.723)

              7          D 305          D 321             17        664.208         (-18.873, 15.349, 161.723)         (-30.8441, -8.89836, 193.185)
                                                                                    (-29.064, 2.842, 162.379)

              8          D 321          D 329              9        322.947         (-29.064, 2.842, 162.379)         (-35.0821, 11.4129, 170.338)
                                                                                    (-31.103, 19.721, 182.205)

              9          D 329          D 348             20        786.358         (-31.103, 19.721, 182.205)         (-23.7985, 13.8295, 150.878)
                                                                                    (-23.817, -14.263, 183.361)

             10          D 348          D 362             15        559.523         (-23.817, -14.263, 183.361)
                                                                                    (-25.052, 22.178, 161.672)

             11          D 362          D 376             15        575.469         (-25.052, 22.178, 161.672)         (-33.2507, 22.3487, 139.082)
                                                                                    (-28.127, 3.97, 129.579)

