Using structure file: /home/pkas7/Research/SCOP/pdbstyle-1.75B/k3/d1k3ka_.ent
Number of residues: 146
Doing a BEZIER segmentation ...

Bounding box volume: 59742.2
Null Model Fit: 6635.75 bits.
Bits per residue: 45.7638

Bezier model fit: 5943.67 bits.
Bits per residue: 40.9908

# of segments: 8
Internal segmentation:
0-->21-->30-->58-->80-->102-->125-->144-->145

CPU time used: 7.91 secs.
Wall clock time elapsed: 7 secs.

        SEGMENT          START            END   NUM_RESIDUES MESSAGE_LENGTH                    END_POINTS        INTERMEDIATE_CONTROL_POINTS
              1            A 1           A 22             22          880.3         (232.947, 4.969, 118.99)         (234.7, 28.8245, 119.104)
                                                                                    (214.39, 19.966, 112.632)

              2           A 22           A 31             10        383.296         (214.39, 19.966, 112.632)         (209.331, 14.9943, 133.167)
                                                                                    (225.426, 17.366, 124.393)

              3           A 31           A 59             29        1122.35         (225.426, 17.366, 124.393)         (210.834, 48.0902, 121.886)
                                                                                    (213.264, 31.414, 98.174)

              4           A 59           A 81             23        910.849         (213.264, 31.414, 98.174)         (235.142, 35.1989, 98.1875)
                                                                                    (236.378, 42.717, 120.699)

              5           A 81          A 103             23        885.491         (236.378, 42.717, 120.699)         (219.303, 29.1008, 115.011)
                                                                                    (211.773, 21.839, 101.898)

              6          A 103          A 126             24        936.186         (211.773, 21.839, 101.898)         (234.007, 24.9955, 103.092)
                                                                                    (241.871, 32.016, 122.008)

              7          A 126          A 145             20        776.401         (241.871, 32.016, 122.008)         (228.23, 21.6418, 129.529)
                                                                                    (220.929, 41.158, 131.52)

              8          A 145          A 146              2        48.8009         (220.929, 41.158, 131.52)
                                                                                    (219.516, 40.175, 134.911)

