Using structure file: /home/pkas7/Research/SCOP/pdbstyle-1.75B/k4/d1k4ia_.ent
Number of residues: 216
Doing a BEZIER segmentation ...

Bounding box volume: 73997.1
Null Model Fit: 9905.59 bits.
Bits per residue: 46.0725

Bezier model fit: 8961.4 bits.
Bits per residue: 41.6809

# of segments: 16
Internal segmentation:
0-->2-->13-->23-->49-->61-->77-->89-->112-->124-->140-->153-->157-->172-->193-->213-->215

CPU time used: 13.07 secs.
Wall clock time elapsed: 13 secs.

        SEGMENT          START            END   NUM_RESIDUES MESSAGE_LENGTH                    END_POINTS        INTERMEDIATE_CONTROL_POINTS
              1           A 12           A 14              3        96.1821         (21.022, 14.128, -6.188)
                                                                                    (21.021, 20.131, -3.526)

              2           A 14           A 25             12        456.346         (21.021, 20.131, -3.526)
                                                                                    (3.837, 21.077, -0.83)

              3           A 25           A 35             11        415.695         (3.837, 21.077, -0.83)
                                                                                    (24.526, 0.902, 5.514)

              4           A 35           A 61             27        1077.41         (24.526, 0.902, 5.514)         (-15.8149, 27.6124, -1.46408)
                                                                                    (4.661, 2.965, -1.553)

              5           A 61           A 73             13        497.762         (4.661, 2.965, -1.553)
                                                                                    (3.369, 17.295, 19.186)

              6           A 73           A 89             17        682.463         (3.369, 17.295, 19.186)         (-4.99149, 3.88221, 30.1491)
                                                                                    (16.107, -2.589, 15.864)

              7           A 89          A 101             13        493.288         (16.107, -2.589, 15.864)
                                                                                    (-12.555, 12.382, 14.116)

              8          A 101          A 124             24        949.292         (-12.555, 12.382, 14.116)         (-9.45229, -1.23925, -5.72407)
                                                                                    (-2.339, 24.516, 14.467)

              9          A 124          A 136             13        515.449         (-2.339, 24.516, 14.467)         (-13.712, 11.0429, 27.0238)
                                                                                    (-4.993, 3.675, 10.058)

             10          A 136          A 152             17         672.03         (-4.993, 3.675, 10.058)         (25.4234, 21.9642, 23.6913)
                                                                                    (16.205, 8.127, 9.88)

             11          A 152          A 165             14        531.852         (16.205, 8.127, 9.88)
                                                                                    (8.809, 26.676, 7.655)

             12          A 165          A 169              5        185.859         (8.809, 26.676, 7.655)
                                                                                    (4.268, 17.033, 10.967)

             13          A 169          A 184             16         599.42         (4.268, 17.033, 10.967)         (16.7914, -3.99141, -7.67436)
                                                                                    (-4.326, -13.158, -14.934)

             14          A 184          A 205             22        866.005         (-4.326, -13.158, -14.934)         (27.2125, -0.00187765, 3.5441)
                                                                                    (9.725, 10.378, -13.785)

             15          A 205          A 225             21        826.166         (9.725, 10.378, -13.785)
                                                                                    (28.223, 22.04, 13.422)

             16          A 225          A 227              3        96.1821         (28.223, 22.04, 13.422)
                                                                                    (26.859, 16.643, 16.615)

