Using structure file: /home/pkas7/Research/SCOP/pdbstyle-1.75B/k8/d1k8wa5.ent
Number of residues: 242
Doing a BEZIER segmentation ...

Bounding box volume: 104795
Null Model Fit: 11224.5 bits.
Bits per residue: 46.5746

Bezier model fit: 9991.78 bits.
Bits per residue: 41.4597

# of segments: 18
Internal segmentation:
0-->13-->28-->42-->62-->73-->79-->83-->95-->109-->121-->134-->145-->157-->167-->183-->198-->221-->241

CPU time used: 14.87 secs.
Wall clock time elapsed: 15 secs.

        SEGMENT          START            END   NUM_RESIDUES MESSAGE_LENGTH                    END_POINTS        INTERMEDIATE_CONTROL_POINTS
              1            A 9           A 22             14        532.972         (-15.337, 4.738, 59.698)         (-0.614674, 24.2254, 64.5542)
                                                                                    (17.353, 10.273, 57.563)

              2           A 22           A 37             16        630.444         (17.353, 10.273, 57.563)
                                                                                    (-4.849, 2.38, 60.4)

              3           A 37           A 51             15        594.047         (-4.849, 2.38, 60.4)         (1.33568, 19.5545, 43.9087)
                                                                                    (15.847, 17.375, 57.159)

              4           A 51           A 71             21        833.831         (15.847, 17.375, 57.159)         (-21.8142, 8.33107, 56.2694)
                                                                                    (0.801, 25.821, 48.008)

              5           A 71           A 82             12        441.428         (0.801, 25.821, 48.008)         (12.8668, 27.46, 65.8986)
                                                                                    (30.988, 26.947, 53.835)

              6           A 82           A 88              7        258.384         (30.988, 26.947, 53.835)
                                                                                    (23.082, 17.241, 45.989)

              7           A 88           A 92              5        179.582         (23.082, 17.241, 45.989)
                                                                                    (24.147, 13.339, 51.798)

              8           A 92          A 104             13        497.941         (24.147, 13.339, 51.798)         (43.225, 19.7543, 41.6576)
                                                                                    (34.053, 39.695, 54.255)

              9          A 104          A 118             15        569.718         (34.053, 39.695, 54.255)
                                                                                    (10.686, 37.991, 44.989)

             10          A 118          A 130             13        521.126         (10.686, 37.991, 44.989)         (25.1586, 15.9327, 42.2841)
                                                                                    (8.926, 16.16, 36.879)

             11          A 130          A 143             14         550.23         (8.926, 16.16, 36.879)
                                                                                    (24.381, 10.915, 35.811)

             12          A 143          A 154             12        434.315         (24.381, 10.915, 35.811)         (12.6232, 27.0332, 25.9131)
                                                                                    (9.314, 34.611, 47.418)

             13          A 154          A 166             13        497.302         (9.314, 34.611, 47.418)         (19.3057, 39.8533, 68.5306)
                                                                                    (32.842, 27.281, 58.462)

             14          A 166          A 176             11        404.314         (32.842, 27.281, 58.462)         (13.6196, 36.1624, 62.4489)
                                                                                    (5.822, 27.012, 48.304)

             15          A 176          A 192             17        665.516         (5.822, 27.012, 48.304)
                                                                                    (33.143, 32.557, 46.282)

             16          A 192          A 207             16        615.936         (33.143, 32.557, 46.282)         (20.7397, 12.0434, 61.2329)
                                                                                    (0.023, 29.03, 60.397)

             17          A 207          A 230             24        944.026         (0.023, 29.03, 60.397)         (12.9701, 3.61004, 71.5004)
                                                                                    (-5.864, -2.026, 77.313)

             18          A 230          A 250             21        820.668         (-5.864, -2.026, 77.313)
                                                                                    (-7.482, 30.523, 55.136)

