Using structure file: /home/pkas7/Research/SCOP/pdbstyle-1.75B/kb/d1kbla2.ent
Number of residues: 133
Doing a BEZIER segmentation ...

Bounding box volume: 33329.7
Null Model Fit: 5929.69 bits.
Bits per residue: 44.9219

Bezier model fit: 5522.96 bits.
Bits per residue: 41.8406

# of segments: 13
Internal segmentation:
0-->11-->22-->23-->33-->44-->57-->72-->73-->86-->102-->109-->124-->132

CPU time used: 7.34 secs.
Wall clock time elapsed: 7 secs.

        SEGMENT          START            END   NUM_RESIDUES MESSAGE_LENGTH                    END_POINTS        INTERMEDIATE_CONTROL_POINTS
              1          A 377          A 388             12        461.771         (34.952, 6.282, -3.758)
                                                                                    (49.212, -11.775, -8.536)

              2          A 388          A 399             12        457.237         (49.212, -11.775, -8.536)         (48.8794, -8.27367, -31.7401)
                                                                                    (39.05, 6.101, -18.654)

              3          A 399          A 400              2        47.9589         (39.05, 6.101, -18.654)
                                                                                    (40.303, 5.307, -15.122)

              4          A 400          A 410             11        414.155         (40.303, 5.307, -15.122)         (34.6653, -15.967, -9.09366)
                                                                                    (25.88, -6.289, -26.922)

              5          A 410          A 421             12        451.633         (25.88, -6.289, -26.922)
                                                                                    (22.48, -8.356, -10.436)

              6          A 421          A 434             14        544.842         (22.48, -8.356, -10.436)         (44.336, -4.50969, -31.7424)
                                                                                    (22.946, 3.106, -29.418)

              7          A 434          A 449             16        619.798         (22.946, 3.106, -29.418)         (26.3938, -2.9436, -4.37016)
                                                                                    (39.599, -0.186, -31.91)

              8          A 449          A 450              2        47.9589         (39.599, -0.186, -31.91)
                                                                                    (39.562, 3.5, -31.064)

              9          A 450          A 463             14        546.294         (39.562, 3.5, -31.064)
                                                                                    (30.173, 8.403, -16.825)

             10          A 463          A 479             17        661.333         (30.173, 8.403, -16.825)         (55.9724, -4.72342, -28.86)
                                                                                    (27.796, -14.652, -33.463)

             11          A 479          A 486              8        291.888         (27.796, -14.652, -33.463)
                                                                                    (46.438, -13.951, -25.492)

             12          A 486          A 501             16        632.517         (46.438, -13.951, -25.492)         (22.123, -23.474, -18.2307)
                                                                                    (44.633, 3.673, -15.421)

             13          A 501          A 509              9        345.573         (44.633, 3.673, -15.421)         (47.8175, -10.3955, -23.926)
                                                                                    (37.775, -11.307, -11.11)

