Using structure file: /home/pkas7/Research/SCOP/pdbstyle-1.75B/kd/d1kdga2.ent
Number of residues: 181
Doing a BEZIER segmentation ...

Bounding box volume: 84036.5
Null Model Fit: 8326.09 bits.
Bits per residue: 46.2561

Bezier model fit: 7417.96 bits.
Bits per residue: 41.2109

# of segments: 13
Internal segmentation:
0-->15-->31-->51-->61-->63-->75-->77-->88-->112-->127-->147-->175-->180

CPU time used: 10.29 secs.
Wall clock time elapsed: 10 secs.

        SEGMENT          START            END   NUM_RESIDUES MESSAGE_LENGTH                    END_POINTS        INTERMEDIATE_CONTROL_POINTS
              1          A 513          A 528             16        604.361         (11.477, 17.111, 12.781)         (24.6722, 40.4581, 9.50243)
                                                                                    (41.25, 47.203, 22.059)

              2          A 528          A 544             17        664.294         (41.25, 47.203, 22.059)         (42.6938, 23.862, 1.60801)
                                                                                    (56.209, 32.537, 17.774)

              3          A 544          A 564             21        847.636         (56.209, 32.537, 17.774)         (55.2398, 17.8677, 28.8566)
                                                                                    (35.857, 33.756, 24.529)

              4          A 564          A 574             11        395.434         (35.857, 33.756, 24.529)         (17.7786, 34.8528, 31.7222)
                                                                                    (3.534, 35.423, 21.329)

              5          A 574          A 576              3        96.5492         (3.534, 35.423, 21.329)
                                                                                    (3.433, 31.062, 24.653)

              6          A 576          A 588             13        473.143         (3.433, 31.062, 24.653)         (25.1012, 31.6706, 27.1831)
                                                                                    (38.02, 37.629, 14.086)

              7          A 588          A 590              3        96.5492         (38.02, 37.629, 14.086)
                                                                                    (34.597, 34.812, 8.63)

              8          A 590          A 601             12        455.812         (34.597, 34.812, 8.63)         (26.7932, 59.2628, -1.21515)
                                                                                    (42.951, 43.836, 13.14)

              9          A 601          A 625             25        969.518         (42.951, 43.836, 13.14)         (-3.95449, 27.1562, 31.6384)
                                                                                    (23.111, 10.368, -5.258)

             10          A 625          A 640             16         619.95         (23.111, 10.368, -5.258)
                                                                                    (7.582, 33.715, 15.911)

             11          A 640          A 660             21        802.086         (7.582, 33.715, 15.911)
                                                                                    (33.205, 54.008, 23.345)

             12          A 660          A 688             29        1171.67         (33.205, 54.008, 23.345)         (10.5331, 47.683, -7.33042)
                                                                                    (25.969, 22.45, 12.997)

             13          A 688          A 693              6         220.96         (25.969, 22.45, 12.997)
                                                                                    (15.864, 13.692, 13.054)

