Using structure file: /home/pkas7/Research/SCOP/pdbstyle-1.75B/kg/d1kgda_.ent
Number of residues: 175
Doing a BEZIER segmentation ...

Bounding box volume: 61446.9
Null Model Fit: 7969.97 bits.
Bits per residue: 45.8044

Bezier model fit: 7201.87 bits.
Bits per residue: 41.3901

# of segments: 10
Internal segmentation:
0-->28-->40-->54-->72-->90-->108-->124-->129-->158-->174

CPU time used: 10.05 secs.
Wall clock time elapsed: 10 secs.

        SEGMENT          START            END   NUM_RESIDUES MESSAGE_LENGTH                    END_POINTS        INTERMEDIATE_CONTROL_POINTS
              1          A 732          A 760             29        1154.82         (22.265, 42.487, 24.9)         (1.5309, 20.5681, -9.10674)
                                                                                    (31.391, 36.62, 16.589)

              2          A 760          A 772             13        497.346         (31.391, 36.62, 16.589)         (13.8498, 24.4228, 20.143)
                                                                                    (22.643, 6.599, 18.221)

              3          A 772          A 789             15        603.374         (22.643, 6.599, 18.221)         (36.829, 26.58, 13.9243)
                                                                                    (14.522, 8.166, 28.931)

              4          A 789          A 807             19        753.133         (14.522, 8.166, 28.931)         (8.39118, 34.0149, 36.0607)
                                                                                    (12.752, 7.337, 12.081)

              5          A 807          A 825             19        742.869         (12.752, 7.337, 12.081)         (18.4465, 27.1766, 32.0986)
                                                                                    (27.508, 37.046, 24.819)

              6          A 825          A 843             19         746.81         (27.508, 37.046, 24.819)         (-3.40509, 19.3367, 6.97522)
                                                                                    (13.19, 37.876, 30.212)

              7          A 843          A 859             17         646.64         (13.19, 37.876, 30.212)
                                                                                    (9.12, 36.604, -11.746)

              8          A 859          A 864              6        222.333         (9.12, 36.604, -11.746)
                                                                                    (3.94, 25.316, -8.9)

              9          A 864          A 893             30        1181.42         (3.94, 25.316, -8.9)         (-8.32745, 37.662, 28.827)
                                                                                    (15.414, 39.922, -2.338)

             10          A 893          A 909             17         653.12         (15.414, 39.922, -2.338)
                                                                                    (19.812, 43.819, 20.391)

