Using structure file: /home/pkas7/Research/SCOP/pdbstyle-1.75B/kn/d1knya1.ent
Number of residues: 128
Doing a BEZIER segmentation ...

Bounding box volume: 43165
Null Model Fit: 5752.46 bits.
Bits per residue: 45.2949

Bezier model fit: 5147.19 bits.
Bits per residue: 40.529

# of segments: 8
Internal segmentation:
0-->1-->29-->33-->56-->72-->93-->116-->127

CPU time used: 7.03 secs.
Wall clock time elapsed: 7 secs.

        SEGMENT          START            END   NUM_RESIDUES MESSAGE_LENGTH                    END_POINTS        INTERMEDIATE_CONTROL_POINTS
              1          A 126          A 127              2         48.332         (14.021, 55.273, 20.529)
                                                                                    (15.968, 56.203, 17.42)

              2          A 127          A 155             29        1094.46         (15.968, 56.203, 17.42)         (34.4014, 46.2053, 24.4717)
                                                                                    (47.677, 30.871, 27.558)

              3          A 155          A 159              5        181.399         (47.677, 30.871, 27.558)
                                                                                    (40.251, 28.13, 33.942)

              4          A 159          A 182             24        907.949         (40.251, 28.13, 33.942)
                                                                                    (14.838, 46.295, 19.848)

              5          A 182          A 198             17         672.96         (14.838, 46.295, 19.848)         (15.8017, 29.074, 43.4406)
                                                                                    (15.528, 35.388, 17.895)

              6          A 198          A 219             22         865.24         (15.528, 35.388, 17.895)         (40.8541, 31.8424, 5.19654)
                                                                                    (35.344, 21.208, 29.932)         (9.53059, 24.7233, 42.4788)

              7          A 219          A 242             24        905.726         (35.344, 21.208, 29.932)         (35.519, 32.5284, 14.3073)
                                                                                    (26.346, 47.183, 9.619)

              8          A 242          A 253             12         471.12         (26.346, 47.183, 9.619)         (46.2674, 50.0122, 14.4116)
                                                                                    (41.594, 61.829, 20.316)

