Using structure file: /home/pkas7/Research/SCOP/pdbstyle-1.75B/kp/d1kpta_.ent
Number of residues: 105
Doing a BEZIER segmentation ...

Bounding box volume: 25845.2
Null Model Fit: 4633.72 bits.
Bits per residue: 44.555

Bezier model fit: 4344.45 bits.
Bits per residue: 41.7736

# of segments: 8
Internal segmentation:
0-->9-->36-->44-->56-->61-->75-->84-->104

CPU time used: 5.66 secs.
Wall clock time elapsed: 5 secs.

        SEGMENT          START            END   NUM_RESIDUES MESSAGE_LENGTH                    END_POINTS        INTERMEDIATE_CONTROL_POINTS
              1            A 1           A 10             10        381.771         (26.92, 48.857, 42.932)
                                                                                    (26.25, 32.244, 29.226)

              2           A 10           A 37             28        1116.99         (26.25, 32.244, 29.226)         (37.3876, 18.9133, 37.5114)
                                                                                    (32.144, 50.161, 23.431)         (66.1582, 59.1389, 25.045)

              3           A 37           A 45              9        340.938         (32.144, 50.161, 23.431)         (45.5138, 43.1451, 25.5613)
                                                                                    (34.052, 30.834, 20.68)

              4           A 45           A 57             13        493.951         (34.052, 30.834, 20.68)
                                                                                    (30.661, 56.902, 30.542)

              5           A 57           A 62              6        218.197         (30.661, 56.902, 30.542)
                                                                                    (44.49, 54.186, 29.119)

              6           A 62           A 76             15        563.646         (44.49, 54.186, 29.119)
                                                                                    (37.783, 39.593, 43.181)

              7           A 76           A 85             10        380.413         (37.783, 39.593, 43.181)         (31.5566, 28.3212, 29.323)
                                                                                    (33.837, 50.821, 38.404)

              8           A 85          A 105             21        848.549         (33.837, 50.821, 38.404)
                                                                                    (33.447, 37.683, 17.867)

