Using structure file: /home/pkas7/Research/SCOP/pdbstyle-1.75B/kw/d1kwga3.ent
Number of residues: 197
Doing a BEZIER segmentation ...

Bounding box volume: 54301.9
Null Model Fit: 8942.71 bits.
Bits per residue: 45.6261

Bezier model fit: 8129.96 bits.
Bits per residue: 41.4794

# of segments: 15
Internal segmentation:
0-->12-->22-->44-->60-->72-->88-->113-->125-->134-->150-->159-->169-->179-->194-->196

CPU time used: 11.79 secs.
Wall clock time elapsed: 11 secs.

        SEGMENT          START            END   NUM_RESIDUES MESSAGE_LENGTH                    END_POINTS        INTERMEDIATE_CONTROL_POINTS
              1          A 394          A 406             13        488.569         (48.157, -5.731, 40.64)         (35.0602, -22.7973, 51.3066)
                                                                                    (23.601, -13.998, 29.328)

              2          A 406          A 416             11        426.089         (23.601, -13.998, 29.328)
                                                                                    (9.783, -16.753, 34.144)

              3          A 416          A 438             23        889.988         (9.783, -16.753, 34.144)
                                                                                    (33.809, -8.795, 52.914)

              4          A 438          A 454             17        675.375         (33.809, -8.795, 52.914)         (33.4825, -22.9019, 16.7587)
                                                                                    (37.963, -21.244, 47.365)

              5          A 454          A 466             13        488.156         (37.963, -21.244, 47.365)         (10.5553, -16.1894, 36.2724)
                                                                                    (30.069, -29.938, 28.319)

              6          A 466          A 482             17        669.871         (30.069, -29.938, 28.319)         (46.9118, -29.7937, 44.6968)
                                                                                    (21.11, -22.181, 42.338)

              7          A 482          A 507             26        1052.19         (21.11, -22.181, 42.338)         (9.99499, -33.0905, 14.8825)
                                                                                    (24.589, -34.646, 42.171)

              8          A 507          A 519             13        491.589         (24.589, -34.646, 42.171)         (3.96396, -35.6586, 36.3143)
                                                                                    (4.398, -12.818, 47.322)

              9          A 519          A 528             10        374.815         (4.398, -12.818, 47.322)         (4.48303, -23.6435, 56.3237)
                                                                                    (22.002, -26.991, 60.99)

             10          A 528          A 544             17        660.557         (22.002, -26.991, 60.99)         (-0.184557, -7.38811, 41.6187)
                                                                                    (18.491, -40.486, 48.205)

             11          A 544          A 553             10        378.787         (18.491, -40.486, 48.205)         (23.0171, -23.3087, 58.0403)
                                                                                    (6.437, -30.914, 54.695)

             12          A 553          A 563             11        417.714         (6.437, -30.914, 54.695)
                                                                                    (31.898, -30.547, 46.609)

             13          A 563          A 573             11        415.293         (31.898, -30.547, 46.609)         (8.47858, -26.7183, 42.2698)
                                                                                    (19.324, -12.685, 51.757)

             14          A 573          A 588             16        605.678         (19.324, -12.685, 51.757)
                                                                                    (39.5, -21.683, 55.379)

             15          A 588          A 590              3        95.2892         (39.5, -21.683, 55.379)
                                                                                    (38.034, -15.494, 56.845)

