Using structure file: /home/pkas7/Research/SCOP/pdbstyle-1.75B/kz/d1kzqa2.ent
Number of residues: 124
Doing a BEZIER segmentation ...

Bounding box volume: 23932.9
Null Model Fit: 5466.62 bits.
Bits per residue: 44.4441

Bezier model fit: 5064.52 bits.
Bits per residue: 41.1749

# of segments: 11
Internal segmentation:
0-->5-->13-->27-->38-->55-->56-->81-->92-->97-->110-->123

CPU time used: 6.58 secs.
Wall clock time elapsed: 6 secs.

        SEGMENT          START            END   NUM_RESIDUES MESSAGE_LENGTH                    END_POINTS        INTERMEDIATE_CONTROL_POINTS
              1          A 132          A 137              6        218.711         (41.517, 11.884, 37.614)
                                                                                    (43.46, 8.234, 53.065)

              2          A 137          A 145              9        335.925         (43.46, 8.234, 53.065)
                                                                                    (45.143, 11.752, 30.682)

              3          A 145          A 159             15        580.988         (45.143, 11.752, 30.682)         (52.8799, 23.6591, 53.3217)
                                                                                    (50.254, 11.635, 62.677)

              4          A 159          A 170             12        437.515         (50.254, 11.635, 62.677)
                                                                                    (52.714, 2.009, 33.693)

              5          A 170          A 187             18         719.04         (52.714, 2.009, 33.693)         (73.6789, 15.4751, 54.9623)
                                                                                    (58.149, 18.149, 38.698)

              6          A 187          A 188              2        47.4811         (58.149, 18.149, 38.698)
                                                                                    (59.739, 19.22, 35.405)

              7          A 188          A 213             26        1030.69         (59.739, 19.22, 35.405)         (79.0622, 13.8709, 74.3916)
                                                                                    (52.122, -0.954, 40.862)

              8          A 213          A 224             12         439.76         (52.122, -0.954, 40.862)
                                                                                    (60.282, 11.984, 65.677)

              9          A 224          A 229              6        222.292         (60.282, 11.984, 65.677)
                                                                                    (60.254, 23.979, 60.986)

             10          A 229          A 242             14        519.652         (60.254, 23.979, 60.986)         (55.0528, 12.3741, 43.1242)
                                                                                    (53.048, 7.808, 23.712)

             11          A 242          A 255             14        512.467         (53.048, 7.808, 23.712)         (49.9382, 17.8121, 42.2357)
                                                                                    (57.837, 21.04, 62.033)

