Using structure file: /home/pkas7/Research/SCOP/pdbstyle-1.75B/l0/d1l0qa2.ent
Number of residues: 300
Doing a BEZIER segmentation ...

Bounding box volume: 69904.7
Null Model Fit: 13751.1 bits.
Bits per residue: 45.9905

Bezier model fit: 12508.2 bits.
Bits per residue: 41.8335

# of segments: 28
Internal segmentation:
0-->9-->21-->32-->41-->52-->61-->73-->83-->93-->105-->115-->125-->135-->145-->156-->167-->178-->187-->198-->209-->220-->233-->243-->253-->263-->272-->283-->299

CPU time used: 18.91 secs.
Wall clock time elapsed: 18 secs.

        SEGMENT          START            END   NUM_RESIDUES MESSAGE_LENGTH                    END_POINTS        INTERMEDIATE_CONTROL_POINTS
              1            A 1           A 10             10        373.146         (5.464, 24.638, 27.701)         (-1.31428, 10.6848, 32.4372)
                                                                                    (2.36, -2.649, 29.834)

              2           A 10           A 22             13        516.049         (2.36, -2.649, 29.834)         (8.6945, 19.1249, 28.8583)
                                                                                    (-0.465, 16.589, 20.162)

              3           A 22           A 33             12        459.925         (-0.465, 16.589, 20.162)         (20.2188, 8.13736, 29.0702)
                                                                                    (3.097, -1.453, 35.494)

              4           A 33           A 42             10        376.843         (3.097, -1.453, 35.494)
                                                                                    (5.058, 24.197, 39.77)

              5           A 42           A 53             12         451.25         (5.058, 24.197, 39.77)
                                                                                    (7.159, -2.77, 41.616)

              6           A 53           A 62             10        375.182         (7.159, -2.77, 41.616)
                                                                                    (13.465, 19.701, 32.48)

              7           A 62           A 74             13        513.388         (13.465, 19.701, 32.48)         (19.8599, 7.57982, 42.1919)
                                                                                    (1.413, -2.708, 47.814)

              8           A 74           A 84             11        420.388         (1.413, -2.708, 47.814)         (-5.65888, 9.81258, 38.3621)
                                                                                    (3.624, 23.481, 47.794)

              9           A 84           A 94             11         402.15         (3.624, 23.481, 47.794)
                                                                                    (-3.414, -4.18, 47.6)

             10           A 94          A 106             13        513.877         (-3.414, -4.18, 47.6)         (2.55259, 16.3295, 55.792)
                                                                                    (12.204, 11.703, 48.794)

             11          A 106          A 116             11        420.595         (12.204, 11.703, 48.794)         (0.755472, 7.84594, 63.2357)
                                                                                    (-10.497, -1.332, 51.274)

             12          A 116          A 126             11        420.688         (-10.497, -1.332, 51.274)         (-7.26957, 9.75245, 38.5106)
                                                                                    (-5.693, 24.347, 50.371)

             13          A 126          A 136             11        403.278         (-5.693, 24.347, 50.371)
                                                                                    (-13.648, -2.212, 47.252)

             14          A 136          A 146             11        421.158         (-13.648, -2.212, 47.252)         (-18.661, 10.4801, 52.3545)
                                                                                    (-1.54, 17.357, 58.771)

             15          A 146          A 157             12        470.149         (-1.54, 17.357, 58.771)         (-12.9909, 8.98831, 64.3638)
                                                                                    (-21.823, 4.105, 45.524)

             16          A 157          A 168             12        463.447         (-21.823, 4.105, 45.524)         (-7.76499, 4.12649, 37.7275)
                                                                                    (-13.223, 26.511, 44.709)

             17          A 168          A 179             12        451.238         (-13.223, 26.511, 44.709)
                                                                                    (-23.584, 1.837, 40.522)

             18          A 179          A 188             10        373.553         (-23.584, 1.837, 40.522)
                                                                                    (-17.944, 21.649, 54.314)

             19          A 188          A 199             12        468.394         (-17.944, 21.649, 54.314)         (-28.1075, 13.325, 51.5174)
                                                                                    (-26.063, 5.834, 31.301)

             20          A 199          A 210             12        454.238         (-26.063, 5.834, 31.301)         (-6.75053, 4.81362, 38.1)
                                                                                    (-13.224, 27.368, 35.668)

             21          A 210          A 221             12         443.98         (-13.224, 27.368, 35.668)
                                                                                    (-19.292, -2.15, 25.324)

             22          A 221          A 234             14        552.986         (-19.292, -2.15, 25.324)         (-17.6028, 22.7729, 28.6727)
                                                                                    (-25.225, 18.439, 38.477)

             23          A 234          A 244             11        418.149         (-25.225, 18.439, 38.477)         (-23.7328, 17.8536, 18.3058)
                                                                                    (-13.243, 1.379, 23.999)

             24          A 244          A 254             11         416.57         (-13.243, 1.379, 23.999)         (-7.15186, 9.93437, 37.908)
                                                                                    (-6.282, 26.605, 29.421)

             25          A 254          A 264             11         407.27         (-6.282, 26.605, 29.421)
                                                                                    (-7.413, -0.957, 25.197)

             26          A 264          A 274             10        381.259         (-7.413, -0.957, 25.197)
                                                                                    (-15.327, 24.235, 22.404)

             27          A 274          A 285             12        468.722         (-15.327, 24.235, 22.404)         (-12.2881, 13.3374, 12.0581)
                                                                                    (2.679, 3.015, 24.872)

             28          A 285          A 301             17        670.352         (2.679, 3.015, 24.872)         (-12.7894, 15.7173, 43.6146)
                                                                                    (11.577, 22.756, 28.327)

