Using structure file: /home/pkas7/Research/SCOP/pdbstyle-1.75B/l1/d1l1ja_.ent
Number of residues: 226
Doing a BEZIER segmentation ...

Bounding box volume: 90038.4
Null Model Fit: 10430 bits.
Bits per residue: 46.3556

Bezier model fit: 9359.77 bits.
Bits per residue: 41.599

# of segments: 15
Internal segmentation:
0-->14-->24-->26-->50-->63-->76-->85-->99-->111-->140-->161-->172-->188-->205-->225

CPU time used: 13.86 secs.
Wall clock time elapsed: 13 secs.

        SEGMENT          START            END   NUM_RESIDUES MESSAGE_LENGTH                    END_POINTS        INTERMEDIATE_CONTROL_POINTS
              1           A 24           A 38             15        592.259         (48.131, -27.362, 70.432)         (42.6755, -14.0949, 67.1654)
                                                                                    (44.902, -23.319, 51.88)

              2           A 38           A 48             11        405.373         (44.902, -23.319, 51.88)
                                                                                    (55.576, -8.489, 27.486)

              3           A 48           A 52              3        96.7483         (55.576, -8.489, 27.486)
                                                                                    (52.441, -1.312, 33.522)

              4           A 52           A 76             25        997.647         (52.441, -1.312, 33.522)         (71.4071, -12.8963, 60.0442)
                                                                                    (60.286, -12.719, 33.281)

              5           A 76           A 89             14          548.7         (60.286, -12.719, 33.281)         (44.9227, -8.09117, 55.0342)
                                                                                    (33.444, -21.582, 41.968)

              6           A 89          A 102             14        547.763         (33.444, -21.582, 41.968)         (49.6747, 1.42271, 49.0824)
                                                                                    (46.547, -8.332, 32.739)

              7          A 102          A 111             10        368.689         (46.547, -8.332, 32.739)
                                                                                    (48.562, -27.774, 47.348)

              8          A 111          A 125             15        581.781         (48.562, -27.774, 47.348)         (37.9904, -18.0093, 25.3254)
                                                                                    (40.953, 3.825, 42.358)

              9          A 125          A 137             13        483.312         (40.953, 3.825, 42.358)
                                                                                    (35.627, -31.231, 38.943)

             10          A 137          A 166             30        1204.08         (35.627, -31.231, 38.943)         (31.0974, 16.32, 82.1328)
                                                                                    (54.267, -23.295, 48.366)

             11          A 166          A 187             22        871.933         (54.267, -23.295, 48.366)         (36.0109, 5.28923, 77.335)
                                                                                    (51.372, 13.277, 44.344)

             12          A 187          A 198             12        449.536         (51.372, 13.277, 44.344)         (31.3259, 4.06784, 49.8001)
                                                                                    (50.322, -2.524, 63.248)

             13          A 198          A 214             17        675.752         (50.322, -2.524, 63.248)         (55.8372, -8.89965, 37.4319)
                                                                                    (37.12, -15.662, 63.848)

             14          A 214          A 231             18        712.135         (37.12, -15.662, 63.848)         (48.4046, 2.48532, 38.0394)
                                                                                    (57.213, 1.456, 60.085)

             15          A 231          A 251             21        824.067         (57.213, 1.456, 60.085)         (26.7142, -1.50459, 51.5692)
                                                                                    (26.738, -12.605, 37.38)

