Using structure file: /home/pkas7/Research/SCOP/pdbstyle-1.75B/l2/d1l2ha_.ent
Number of residues: 144
Doing a BEZIER segmentation ...

Bounding box volume: 45655.1
Null Model Fit: 6488.75 bits.
Bits per residue: 45.3758

Bezier model fit: 5963 bits.
Bits per residue: 41.6993

# of segments: 13
Internal segmentation:
0-->9-->20-->29-->48-->60-->71-->81-->91-->102-->112-->123-->131-->143

CPU time used: 8.26 secs.
Wall clock time elapsed: 8 secs.

        SEGMENT          START            END   NUM_RESIDUES MESSAGE_LENGTH                    END_POINTS        INTERMEDIATE_CONTROL_POINTS
              1            A 4           A 13             10        371.113         (18.552, 19.821, 69.66)         (3.32727, 13.0782, 61.4428)
                                                                                    (7.754, 20.543, 45.806)

              2           A 13           A 24             12        470.574         (7.754, 20.543, 45.806)         (-0.322867, 5.19478, 52.8546)
                                                                                    (14.549, 0.295, 54.971)

              3           A 24           A 33             10        361.258         (14.549, 0.295, 54.971)         (6.03968, 12.2237, 40.5545)
                                                                                    (-7.09, 13.564, 54.023)

              4           A 33           A 52             20        796.661         (-7.09, 13.564, 54.023)         (15.9983, 3.44422, 68.2926)
                                                                                    (26.622, 28.615, 57.665)

              5           A 52           A 65             13         496.96         (26.622, 28.615, 57.665)
                                                                                    (12.407, 4.872, 66.12)

              6           A 65           A 76             12        459.031         (12.407, 4.872, 66.12)
                                                                                    (29.303, 1.554, 43.736)

              7           A 76           A 86             11        416.502         (29.303, 1.554, 43.736)         (13.2531, 8.32299, 49.5867)
                                                                                    (21.577, 1.225, 68.694)

              8           A 86           A 96             11        430.489         (21.577, 1.225, 68.694)         (20.0445, 15.8943, 75.4921)
                                                                                    (28.62, 9.657, 61.75)

              9           A 96          A 107             12        446.644         (28.62, 9.657, 61.75)
                                                                                    (13.813, 30.211, 47.604)

             10          A 107          A 117             11        422.297         (13.813, 30.211, 47.604)
                                                                                    (28.59, 12.648, 48.947)

             11          A 117          A 128             12        455.067         (28.59, 12.648, 48.947)
                                                                                    (3.832, 8.4, 41.768)

             12          A 128          A 140              9        347.761         (3.832, 8.4, 41.768)         (22.5182, 2.53853, 53.4632)
                                                                                    (16.127, 19.038, 36.414)

             13          A 140          A 152             13        488.639         (16.127, 19.038, 36.414)
                                                                                    (3.644, 18.322, 68.074)

