Using structure file: /home/pkas7/Research/SCOP/pdbstyle-1.75B/l5/d1l5xa_.ent
Number of residues: 276
Doing a BEZIER segmentation ...

Bounding box volume: 129575
Null Model Fit: 12892.2 bits.
Bits per residue: 46.8808

Bezier model fit: 11405.2 bits.
Bits per residue: 41.4734

# of segments: 19
Internal segmentation:
0-->24-->39-->47-->58-->71-->87-->98-->118-->129-->137-->158-->173-->185-->202-->229-->238-->250-->274-->275

CPU time used: 16.5 secs.
Wall clock time elapsed: 16 secs.

        SEGMENT          START            END   NUM_RESIDUES MESSAGE_LENGTH                    END_POINTS        INTERMEDIATE_CONTROL_POINTS
              1            A 1           A 25             25        989.197         (26.364, 57.997, 24.639)         (10.0838, 81.763, 56.8542)
                                                                                    (32.895, 59.543, 32.936)

              2           A 25           A 40             16        640.301         (32.895, 59.543, 32.936)         (17.0239, 73.3375, 29.3687)
                                                                                    (6.907, 75.07, 44.025)

              3           A 40           A 48              9        346.325         (6.907, 75.07, 44.025)         (4.44113, 60.5255, 33.3708)
                                                                                    (-2.064, 75.235, 30.827)

              4           A 48           A 59             12        446.236         (-2.064, 75.235, 30.827)         (17.4891, 80.9242, 25.3392)
                                                                                    (30.152, 77.53, 38.191)

              5           A 59           A 72             14        557.345         (30.152, 77.53, 38.191)
                                                                                    (8.21, 68.301, 31.322)

              6           A 72           A 88             17        681.151         (8.21, 68.301, 31.322)         (19.5486, 69.1806, 11.7651)
                                                                                    (18.24, 59.821, 31.749)

              7           A 88           A 99             12        456.794         (18.24, 59.821, 31.749)         (22.866, 69.7383, 53.7047)
                                                                                    (7.478, 53.301, 48.857)

              8           A 99          A 119             21        819.328         (7.478, 53.301, 48.857)         (8.04443, 69.5206, 40.4782)
                                                                                    (11.25, 54.356, 25.66)

              9          A 119          A 130             12        453.011         (11.25, 54.356, 25.66)         (21.6057, 54.3049, 41.8784)
                                                                                    (18.767, 65.907, 55.982)

             10          A 130          A 138              9        350.152         (18.767, 65.907, 55.982)
                                                                                    (32.871, 62.975, 53.644)

             11          A 138          A 159             22        833.519         (32.871, 62.975, 53.644)
                                                                                    (23.766, 45.894, 28.507)

             12          A 159          A 174             16        635.164         (23.766, 45.894, 28.507)         (2.98387, 47.6419, 29.3624)
                                                                                    (22.109, 57.674, 55.85)

             13          A 174          A 186             13        511.003         (22.109, 57.674, 55.85)         (40.9462, 44.6954, 51.5358)
                                                                                    (10.682, 45.86, 45.964)

             14          A 186          A 203             18        693.811         (10.682, 45.86, 45.964)         (-3.34372, 57.1252, 64.147)
                                                                                    (-4.938, 83.485, 65.588)

             15          A 203          A 230             28        1130.25         (-4.938, 83.485, 65.588)         (6.35198, 36.967, 51.5641)
                                                                                    (21.43, 50.725, 56.335)

             16          A 230          A 239             10        372.731         (21.43, 50.725, 56.335)         (19.2851, 46.2248, 41.2331)
                                                                                    (4.922, 51.747, 34.561)

             17          A 239          A 251             13        502.138         (4.922, 51.747, 34.561)         (-14.6762, 38.4729, 32.5844)
                                                                                    (14.803, 39.924, 32.92)

             18          A 251          A 275             25        936.804         (14.803, 39.924, 32.92)         (28.856, 44.2168, 44.3995)
                                                                                    (45.32, 52.469, 50.653)

             19          A 275          A 276              2        49.9179         (45.32, 52.469, 50.653)
                                                                                    (45.626, 48.866, 49.432)

