Using structure file: /home/pkas7/Research/SCOP/pdbstyle-1.75B/l9/d1l9na3.ent
Number of residues: 99
Doing a BEZIER segmentation ...

Bounding box volume: 22278.9
Null Model Fit: 4345.39 bits.
Bits per residue: 44.3407

Bezier model fit: 3956.34 bits.
Bits per residue: 40.3708

# of segments: 9
Internal segmentation:
0-->14-->27-->41-->57-->70-->71-->83-->86-->98

CPU time used: 5.29 secs.
Wall clock time elapsed: 5 secs.

        SEGMENT          START            END   NUM_RESIDUES MESSAGE_LENGTH                    END_POINTS        INTERMEDIATE_CONTROL_POINTS
              1          A 594          A 608             15        586.819         (-22.9, 49.338, -9.043)         (2.5418, 56.3132, 4.42442)
                                                                                    (2.617, 47.458, 10.172)

              2          A 608          A 621             14        518.971         (2.617, 47.458, 10.172)         (-16.4755, 52.5897, -0.569387)
                                                                                    (-35.2, 52.678, -4.333)

              3          A 621          A 635             15        573.066         (-35.2, 52.678, -4.333)         (-25.8324, 35.2142, 6.81984)
                                                                                    (0.812, 39.023, 1.768)

              4          A 635          A 651             17        655.917         (0.812, 39.023, 1.768)         (-22.6892, 32.6866, 14.7912)
                                                                                    (-29.599, 55.827, -1.792)

              5          A 651          A 664             14        495.961         (-29.599, 55.827, -1.792)         (-11.7892, 48.2435, 15.7572)
                                                                                    (5.663, 40.68, 2.296)

              6          A 664          A 665              2        47.3778         (5.663, 40.68, 2.296)
                                                                                    (6.816, 43.907, 0.653)

              7          A 665          A 677             13        473.888         (6.816, 43.907, 0.653)
                                                                                    (-29.907, 40.136, -1.829)

              8          A 677          A 680              4        138.309         (-29.907, 40.136, -1.829)
                                                                                    (-24.758, 39.123, -5.652)

              9          A 680          A 692             13        466.029         (-24.758, 39.123, -5.652)         (-6.8404, 50.353, -9.70568)
                                                                                    (10.353, 47.236, 3.54)

