Using structure file: /home/pkas7/Research/SCOP/pdbstyle-1.75B/ld/d1ldja3.ent
Number of residues: 276
Doing a BEZIER segmentation ...

Bounding box volume: 154566
Null Model Fit: 12962.2 bits.
Bits per residue: 47.1352

Bezier model fit: 11351.1 bits.
Bits per residue: 41.2766

# of segments: 15
Internal segmentation:
0-->24-->46-->64-->90-->117-->135-->147-->173-->183-->193-->221-->236-->242-->255-->275

CPU time used: 16.6 secs.
Wall clock time elapsed: 16 secs.

        SEGMENT          START            END   NUM_RESIDUES MESSAGE_LENGTH                    END_POINTS        INTERMEDIATE_CONTROL_POINTS
              1          A 411          A 435             25        988.544         (90.366, 21.853, 8.364)         (73.9155, 7.43227, 4.01046)
                                                                                    (95.211, -11.025, 12.426)

              2          A 435          A 457             23         901.75         (95.211, -11.025, 12.426)         (73.6607, -5.14405, 25.8183)
                                                                                    (74.174, 15.2, 8.865)

              3          A 457          A 475             19        730.741         (74.174, 15.2, 8.865)
                                                                                    (85.984, -7.152, -4.971)

              4          A 475          A 501             27        1083.45         (85.984, -7.152, -4.971)         (92.7949, -21.0244, 18.8859)
                                                                                    (71.408, -0.668, 2.12)         (54.8311, 10.0101, 8.65819)

              5          A 501          A 528             28        1053.03         (71.408, -0.668, 2.12)         (80.3737, -16.1493, -6.73676)
                                                                                    (88.916, -30.109, -22.518)

              6          A 528          A 546             19        763.353         (88.916, -30.109, -22.518)         (117.995, -18.5172, -7.41423)
                                                                                    (80.929, 1.981, -8.413)         (60.5231, -7.17703, -17.1151)

              7          A 546          A 558             13         486.47         (80.929, 1.981, -8.413)         (96.9716, 6.42172, -26.6847)
                                                                                    (101.319, -13.823, -20.502)

              8          A 558          A 584             27        1068.71         (101.319, -13.823, -20.502)         (62.2349, -23.7762, -31.0964)
                                                                                    (93.221, -1.048, -12.803)

              9          A 584          A 594             11        410.521         (93.221, -1.048, -12.803)         (96.9538, -18.355, -6.33075)
                                                                                    (116.339, -13.011, -11.787)

             10          A 594          A 604             11        430.527         (116.339, -13.011, -11.787)         (114.093, -19.021, 2.3061)
                                                                                    (98.604, -5.025, -9.62)

             11          A 604          A 632             29        1176.43         (98.604, -5.025, -9.62)         (124.593, -6.16543, -27.4043)
                                                                                    (98.929, 6.359, -19.603)

             12          A 632          A 647             16        604.141         (98.929, 6.359, -19.603)
                                                                                    (113.421, -1.428, -5.579)

             13          A 647          A 653              7        264.037         (113.421, -1.428, -5.579)
                                                                                    (120.593, 8.23, -10.24)

             14          A 653          A 666             14        552.926         (120.593, 8.23, -10.24)         (105.319, 13.4638, 3.93094)
                                                                                    (113.013, 10.083, -21.121)

             15          A 666          A 686             21        836.418         (113.013, 10.083, -21.121)         (123.535, -23.8661, 5.26985)
                                                                                    (99.949, -0.607, -2.754)

