Using structure file: /home/pkas7/Research/SCOP/pdbstyle-1.75B/le/d1leha1.ent
Number of residues: 230
Doing a BEZIER segmentation ...

Bounding box volume: 89168.1
Null Model Fit: 10612.2 bits.
Bits per residue: 46.3416

Bezier model fit: 9440.45 bits.
Bits per residue: 41.2247

# of segments: 17
Internal segmentation:
0-->6-->31-->38-->47-->61-->70-->82-->97-->110-->124-->142-->165-->167-->193-->195-->217-->229

CPU time used: 13.55 secs.
Wall clock time elapsed: 13 secs.

        SEGMENT          START            END   NUM_RESIDUES MESSAGE_LENGTH                    END_POINTS        INTERMEDIATE_CONTROL_POINTS
              1          A 135          A 141              7         274.39         (-16.924, -9.654, -21.141)
                                                                                    (-14.86, -5.759, -27.339)

              2          A 141          A 166             26        991.501         (-14.86, -5.759, -27.339)
                                                                                    (-11.898, -43.192, -37.742)

              3          A 166          A 173              8        311.105         (-11.898, -43.192, -37.742)         (-3.35756, -32.9397, -35.3403)
                                                                                    (-12.43, -36.392, -47.219)

              4          A 173          A 182             10        378.502         (-12.43, -36.392, -47.219)         (-29.7714, -34.3651, -39.4018)
                                                                                    (-25.398, -19.495, -37.123)

              5          A 182          A 196             15        567.746         (-25.398, -19.495, -37.123)
                                                                                    (-10.855, -30.446, -47.44)

              6          A 196          A 205             10        375.996         (-10.855, -30.446, -47.44)         (-28.884, -33.8417, -44.0147)
                                                                                    (-33.368, -19.743, -42.693)

              7          A 205          A 217             13         499.51         (-33.368, -19.743, -42.693)
                                                                                    (-20.177, -25.247, -51.933)

              8          A 217          A 232             16        629.024         (-20.177, -25.247, -51.933)         (-47.6091, -34.8674, -39.8748)
                                                                                    (-19.373, -39.33, -41.251)

              9          A 232          A 245             14         542.87         (-19.373, -39.33, -41.251)         (-29.2787, -15.223, -26.983)
                                                                                    (-35.787, -41.452, -29.873)

             10          A 245          A 259             15        595.159         (-35.787, -41.452, -29.873)         (-22.4142, -50.0056, -44.7689)
                                                                                    (-21.84, -26.491, -30.716)

             11          A 259          A 277             19         746.44         (-21.84, -26.491, -30.716)         (-38.6682, -43.3598, -15.3913)
                                                                                    (-21.368, -47.264, -30.892)

             12          A 277          A 300             24        932.157         (-21.368, -47.264, -30.892)         (-19.574, -17.9412, -22.0839)
                                                                                    (-6.051, -9.076, -19.599)

             13          A 300          A 302              3        96.7203         (-6.051, -9.076, -19.599)
                                                                                    (-5.378, -11.752, -25.357)

             14          A 302          A 328             27        1025.02         (-5.378, -11.752, -25.357)         (-6.56487, -33.9627, -28.2257)
                                                                                    (-16.679, -48.811, -19.488)

             15          A 328          A 330              3        96.7203         (-16.679, -48.811, -19.488)
                                                                                    (-20.67, -43.663, -21.872)

             16          A 330          A 352             23        863.195         (-20.67, -43.663, -21.872)         (-14.4509, -32.3372, -12.8291)
                                                                                    (0.561, -26.377, 0.961)

             17          A 352          A 364             13        514.393         (0.561, -26.377, 0.961)
                                                                                    (-9.463, -6.963, -9.064)

