Using structure file: /home/pkas7/Research/SCOP/pdbstyle-1.75B/ll/d1llaa1.ent
Number of residues: 99
Doing a BEZIER segmentation ...

Bounding box volume: 23074.3
Null Model Fit: 4350.35 bits.
Bits per residue: 44.3913

Bezier model fit: 4042.22 bits.
Bits per residue: 41.2472

# of segments: 7
Internal segmentation:
0-->15-->19-->39-->57-->58-->85-->98

CPU time used: 5.76 secs.
Wall clock time elapsed: 5 secs.

        SEGMENT          START            END   NUM_RESIDUES MESSAGE_LENGTH                    END_POINTS        INTERMEDIATE_CONTROL_POINTS
              1            A 2           A 17             16        603.959         (58.778, -29.538, -1.465)
                                                                                    (33.238, -33.058, 3.919)

              2           A 17           A 30              5        182.192         (33.238, -33.058, 3.919)
                                                                                    (41.67, -30.825, 22.218)

              3           A 30           A 50             21        855.578         (41.67, -30.825, 22.218)         (45.9424, -12.0373, 29.5126)
                                                                                    (28.948, -12.682, 8.957)         (18.9321, -39.3123, -3.16398)

              4           A 50           A 68             19        713.681         (28.948, -12.682, 8.957)
                                                                                    (56.204, -23.174, 15.103)

              5           A 68           A 69              2        47.4284         (56.204, -23.174, 15.103)
                                                                                    (57.217, -24.923, 11.855)

              6           A 69           A 96             28        1086.97         (57.217, -24.923, 11.855)         (24.574, -35.6801, 12.0635)
                                                                                    (47.847, -20.176, 6.242)

              7           A 96          A 109             14         552.41         (47.847, -20.176, 6.242)         (65.5277, -16.8744, 2.22912)
                                                                                    (44.189, -27.78, -4.346)

