Using structure file: /home/pkas7/Research/SCOP/pdbstyle-1.75B/lm/d1lm4a_.ent
Number of residues: 189
Doing a BEZIER segmentation ...

Bounding box volume: 60084.7
Null Model Fit: 8605.15 bits.
Bits per residue: 45.7721

Bezier model fit: 7786.3 bits.
Bits per residue: 41.4165

# of segments: 16
Internal segmentation:
0-->5-->7-->31-->33-->53-->64-->87-->97-->112-->118-->130-->142-->151-->177-->179-->188

CPU time used: 11.59 secs.
Wall clock time elapsed: 11 secs.

        SEGMENT          START            END   NUM_RESIDUES MESSAGE_LENGTH                    END_POINTS        INTERMEDIATE_CONTROL_POINTS
              1          A -10           A -5              6        221.571         (7.949, 67.158, 0.027)
                                                                                    (-5.167, 67.235, -7.236)

              2           A -5            A 1              3        95.5812         (-5.167, 67.235, -7.236)
                                                                                    (18.195, 63.134, -12.265)

              3            A 1           A 25             25         988.72         (18.195, 63.134, -12.265)         (10.4482, 54.0767, 27.7826)
                                                                                    (24.879, 84.643, -5.533)

              4           A 25           A 27              3        95.5812         (24.879, 84.643, -5.533)
                                                                                    (27.213, 78.6, -6.221)

              5           A 27           A 47             21        788.142         (27.213, 78.6, -6.221)         (15.2793, 71.189, -7.98467)
                                                                                    (2.419, 60.239, -15.468)

              6           A 47           A 58             12        472.328         (2.419, 60.239, -15.468)         (13.7525, 48.306, -14.5244)
                                                                                    (5.046, 65.825, -5.331)

              7           A 58           A 81             24        953.266         (5.046, 65.825, -5.331)         (36.9729, 73.9202, 11.7242)
                                                                                    (-7.606, 74.669, -14.249)

              8           A 81           A 91             11        412.433         (-7.606, 74.669, -14.249)
                                                                                    (16.413, 80.775, -1.73)

              9           A 91          A 106             16        611.367         (16.413, 80.775, -1.73)         (-3.87091, 95.661, 16.4196)
                                                                                    (-9.08, 67.84, 5.113)

             10          A 106          A 113              7        258.309         (-9.08, 67.84, 5.113)
                                                                                    (10.165, 61.699, 3.052)

             11          A 113          A 125             13        494.083         (10.165, 61.699, 3.052)         (-7.69308, 51.9562, 14.3298)
                                                                                    (-1.981, 80, 8.055)

             12          A 125          A 137             13        498.001         (-1.981, 80, 8.055)
                                                                                    (19.475, 86.399, -6.311)

             13          A 137          A 146             10        361.209         (19.475, 86.399, -6.311)         (5.12997, 93.1139, -3.03179)
                                                                                    (-5.166, 78.443, 0.574)

             14          A 146          A 172             27        1057.19         (-5.166, 78.443, 0.574)         (26.262, 71.8953, 5.11541)
                                                                                    (-8.004, 65.663, 18.799)

             15          A 172          A 174              3        95.5812         (-8.004, 65.663, 18.799)
                                                                                    (-9.134, 65.403, 13.163)

             16          A 174          A 183             10        382.934         (-9.134, 65.403, 13.163)         (-14.5145, 83.9847, 19.2456)
                                                                                    (-8.821, 74.134, 1.865)

