Using structure file: /home/pkas7/Research/SCOP/pdbstyle-1.75B/lm/d1lm8c_.ent
Number of residues: 88
Doing a BEZIER segmentation ...

Bounding box volume: 30604.6
Null Model Fit: 3897.5 bits.
Bits per residue: 44.7988

Bezier model fit: 3581.49 bits.
Bits per residue: 41.1665

# of segments: 8
Internal segmentation:
0-->7-->17-->32-->33-->43-->62-->86-->87

CPU time used: 4.4 secs.
Wall clock time elapsed: 4 secs.

        SEGMENT          START            END   NUM_RESIDUES MESSAGE_LENGTH                    END_POINTS        INTERMEDIATE_CONTROL_POINTS
              1           C 17           C 24              8        289.213         (52.452, 45.145, 108.818)
                                                                                    (61.897, 25.607, 99.288)

              2           C 24           C 34             11         419.32         (61.897, 25.607, 99.288)         (50.8122, 35.8799, 94.3388)
                                                                                    (51.557, 39.825, 114.447)

              3           C 34           C 49             16        617.583         (51.557, 39.825, 114.447)         (61.4923, 22.8776, 116.605)
                                                                                    (65.073, 47.954, 116.522)

              4           C 49           C 58              2        47.8359         (65.073, 47.954, 116.522)
                                                                                    (59.955, 41.944, 105.75)

              5           C 58           C 68             11        417.911         (59.955, 41.944, 105.75)         (70.29, 22.9314, 103.32)
                                                                                    (52.868, 21.895, 101.477)

              6           C 68           C 87             20        769.832         (52.868, 21.895, 101.477)         (51.505, 34.9449, 112.736)
                                                                                    (36.015, 31.312, 125.243)

              7           C 87          C 111             25        971.956         (36.015, 31.312, 125.243)         (56.0591, 2.14138, 95.9394)
                                                                                    (59.374, 27.109, 118.008)

              8          C 111          C 112              2        47.8359         (59.374, 27.109, 118.008)
                                                                                    (55.569, 27.16, 117.863)

