Using structure file: /home/pkas7/Research/SCOP/pdbstyle-1.75B/m0/d1m0da_.ent
Number of residues: 129
Doing a BEZIER segmentation ...

Bounding box volume: 78640.6
Null Model Fit: 5908.52 bits.
Bits per residue: 46.1603

Bezier model fit: 5282.07 bits.
Bits per residue: 41.2662

# of segments: 8
Internal segmentation:
0-->21-->38-->42-->68-->87-->100-->116-->128

CPU time used: 7.16 secs.
Wall clock time elapsed: 7 secs.

        SEGMENT          START            END   NUM_RESIDUES MESSAGE_LENGTH                    END_POINTS        INTERMEDIATE_CONTROL_POINTS
              1           A 17           A 38             22        869.575         (30.962, 118.606, 35.444)         (13.5432, 138.353, 22.9029)
                                                                                    (26.08, 127.506, 49.166)

              2           A 38           A 55             18        648.526         (26.08, 127.506, 49.166)         (12.1561, 103.362, 67.7251)
                                                                                    (34.801, 81.028, 62.012)

              3           A 55           A 59              5         181.97         (34.801, 81.028, 62.012)
                                                                                    (36.965, 74.715, 73.779)

              4           A 59           A 85             27        1065.09         (36.965, 74.715, 73.779)         (42.4455, 103.987, 42.0586)
                                                                                    (31.05, 92.938, 73.799)

              5           A 85          A 104             20        793.052         (31.05, 92.938, 73.799)         (51.0442, 76.2596, 60.3393)
                                                                                    (49.351, 102.485, 49.034)

              6          A 104          A 117             14        550.692         (49.351, 102.485, 49.034)
                                                                                    (44.573, 95.17, 70.916)

              7          A 117          A 133             17        668.723         (44.573, 95.17, 70.916)         (53.5704, 71.8485, 54.1055)
                                                                                    (42.897, 78.178, 80.406)

              8          A 133          A 145             13        504.442         (42.897, 78.178, 80.406)         (20.607, 90.9923, 80.5634)
                                                                                    (23.111, 78.944, 64.312)

