Using structure file: /home/pkas7/Research/SCOP/pdbstyle-1.75B/m0/d1m0wa2.ent
Number of residues: 373
Doing a BEZIER segmentation ...

Bounding box volume: 178759
Null Model Fit: 17612.3 bits.
Bits per residue: 47.345

Bezier model fit: 15211.7 bits.
Bits per residue: 40.8918

# of segments: 25
Internal segmentation:
0-->1-->19-->33-->48-->76-->78-->106-->116-->131-->144-->170-->186-->204-->205-->223-->243-->268-->276-->294-->313-->336-->354-->355-->360-->372

CPU time used: 23.34 secs.
Wall clock time elapsed: 23 secs.

        SEGMENT          START            END   NUM_RESIDUES MESSAGE_LENGTH                    END_POINTS        INTERMEDIATE_CONTROL_POINTS
              1            A 6            A 7              2        50.3821         (-17.311, 10.432, -26.152)
                                                                                    (-19.61, 9.452, -29.026)

              2            A 7           A 25             19        717.713         (-19.61, 9.452, -29.026)
                                                                                    (2.698, -3.471, -22.618)

              3           A 25           A 39             15        590.749         (2.698, -3.471, -22.618)         (-15.8935, -22.5039, -5.27075)
                                                                                    (-0.815, -18.786, -21.309)

              4           A 39           A 54             16        626.064         (-0.815, -18.786, -21.309)         (-15.4071, 3.72246, -20.7876)
                                                                                    (-5.409, 18.922, -6.736)

              5           A 54           A 82             29        1090.41         (-5.409, 18.922, -6.736)         (12.2826, 11.7321, 4.61919)
                                                                                    (10.994, -7.002, 24.474)

              6           A 82           A 84              3        98.7271         (10.994, -7.002, 24.474)
                                                                                    (8.967, -1.947, 25.964)

              7           A 84          A 112             29        1119.49         (8.967, -1.947, 25.964)         (-18.7551, -17.3199, 11.9091)
                                                                                    (13.734, -14.279, 20.003)

              8          A 112          A 122             11        424.316         (13.734, -14.279, 20.003)         (30.1037, -24.3634, 17.03)
                                                                                    (18.195, -5.003, 9.013)

              9          A 122          A 137             16        579.424         (18.195, -5.003, 9.013)         (-4.0654, 1.6163, -5.37395)
                                                                                    (-17.105, 22.93, 4.471)

             10          A 137          A 150             14        542.224         (-17.105, 22.93, 4.471)
                                                                                    (3.169, -5.565, 3.945)

             11          A 150          A 176             27        1061.87         (3.169, -5.565, 3.945)         (2.47082, 6.78934, -24.7917)
                                                                                    (-7.626, 13.108, -33.085)

             12          A 176          A 192             17        660.993         (-7.626, 13.108, -33.085)         (-0.120014, 27.3087, -13.7675)
                                                                                    (8.07, -0.13, -10.395)

             13          A 192          A 210             19        718.327         (8.07, -0.13, -10.395)
                                                                                    (29.903, -10.009, 4.486)

             14          A 210          A 324              2        50.3821         (29.903, -10.009, 4.486)
                                                                                    (-5.412, -0.504, 12.749)

             15          A 324          A 342             19        766.838         (-5.412, -0.504, 12.749)         (-2.15878, 10.5455, 25.8019)
                                                                                    (10.03, 17.407, 15.156)

             16          A 342          A 362             21        829.291         (10.03, 17.407, 15.156)         (-10.2156, 15.1009, 0.390743)
                                                                                    (-10.555, 3.276, 28.354)

             17          A 362          A 387             26        1046.66         (-10.555, 3.276, 28.354)         (-32.9489, 15.7617, 16.852)
                                                                                    (-8.494, -7.623, 4.425)

             18          A 387          A 395              9        337.792         (-8.494, -7.623, 4.425)
                                                                                    (-26.249, 4.044, 10.287)

             19          A 395          A 413             19        743.256         (-26.249, 4.044, 10.287)         (-23.6902, -17.1692, 28.2979)
                                                                                    (-11.965, 0.706, 15.805)

             20          A 413          A 432             20        762.721         (-11.965, 0.706, 15.805)         (-18.6261, 26.1899, -11.056)
                                                                                    (-14.052, -5.177, -22.849)

             21          A 432          A 455             24        923.893         (-14.052, -5.177, -22.849)         (-37.9163, 24.2599, -7.25937)
                                                                                    (19.357, 3.275, 12.8)         (26.024, -7.52646, 2.927)

             22          A 455          A 473             19        716.602         (19.357, 3.275, 12.8)         (8.75932, 10.949, -14.0045)
                                                                                    (-27.28, -0.728, -8.115)

             23          A 473          A 474              2        50.3821         (-27.28, -0.728, -8.115)
                                                                                    (-28.264, -1.068, -11.792)

             24          A 474          A 479              6        228.574         (-28.264, -1.068, -11.792)
                                                                                    (-24.074, -3.042, -5.092)

             25          A 479          A 491             13        474.659         (-24.074, -3.042, -5.092)         (-0.903942, -4.11261, -15.436)
                                                                                    (-4.801, 20.918, -11.307)

