Using structure file: /home/pkas7/Research/SCOP/pdbstyle-1.75B/m0/d1m06g_.ent
Number of residues: 187
Doing a BEZIER segmentation ...

Bounding box volume: 69989.5
Null Model Fit: 8554.55 bits.
Bits per residue: 45.9922

Bezier model fit: 7618.59 bits.
Bits per residue: 40.9602

# of segments: 18
Internal segmentation:
0-->14-->28-->29-->43-->57-->59-->76-->89-->91-->104-->114-->115-->129-->147-->159-->168-->182-->186

CPU time used: 11.08 secs.
Wall clock time elapsed: 11 secs.

        SEGMENT          START            END   NUM_RESIDUES MESSAGE_LENGTH                    END_POINTS        INTERMEDIATE_CONTROL_POINTS
              1            G 1           G 15             15        587.978         (75.825, 12.842, 108.356)         (61.0059, 0.44905, 121.886)
                                                                                    (54.485, 17.525, 131.253)

              2           G 15           G 29             15        559.149         (54.485, 17.525, 131.253)         (68.911, 16.9795, 158.913)
                                                                                    (60.942, -8.694, 147.182)

              3           G 29           G 30              2        49.0293         (60.942, -8.694, 147.182)
                                                                                    (59.657, -10.781, 150.099)

              4           G 30           G 44             15        583.861         (59.657, -10.781, 150.099)         (52.7683, 17.7884, 148.657)
                                                                                    (52.101, 7.236, 130.927)

              5           G 44           G 58             15        559.708         (52.101, 7.236, 130.927)         (75.0505, 21.498, 145.519)
                                                                                    (64.912, -1.898, 156.577)

              6           G 58           G 60              3        96.0215         (64.912, -1.898, 156.577)
                                                                                    (70.567, -3.853, 153.19)

              7           G 60           G 77             18        702.204         (70.567, -3.853, 153.19)         (44.0395, 13.1817, 130.828)
                                                                                    (46.117, -5.913, 123.381)

              8           G 77           G 90             14        493.588         (46.117, -5.913, 123.381)         (66.0211, 8.50917, 125.388)
                                                                                    (77.089, 8.472, 146.414)

              9           G 90           G 92              3        96.0215         (77.089, 8.472, 146.414)
                                                                                    (78.827, 2.202, 145.786)

             10           G 92          G 105             14         514.82         (78.827, 2.202, 145.786)         (64.2842, -6.98754, 127.412)
                                                                                    (42.524, -0.986, 142.864)

             11          G 105          G 115             11        429.866         (42.524, -0.986, 142.864)         (54.4403, 11.7383, 149.031)
                                                                                    (54.91, -10.952, 144.805)

             12          G 115          G 116              2        49.0293         (54.91, -10.952, 144.805)
                                                                                    (52.512, -8.74, 142.827)

             13          G 116          G 130             15        568.019         (52.512, -8.74, 142.827)         (73.2049, -4.59949, 118.137)
                                                                                    (78.052, 4.342, 141.437)

             14          G 130          G 148             19        744.394         (78.052, 4.342, 141.437)         (54.0283, -6.46576, 113.893)
                                                                                    (38.411, -3.478, 138.508)

             15          G 148          G 160             13        471.159         (38.411, -3.478, 138.508)         (58.9728, 7.39899, 131.107)
                                                                                    (72.51, -6.709, 146.021)

             16          G 160          G 169             10        365.496         (72.51, -6.709, 146.021)         (76.4707, 9.95927, 159.17)
                                                                                    (69.188, 11.615, 138.61)

             17          G 169          G 183             15         562.67         (69.188, 11.615, 138.61)         (42.4071, -2.46825, 124.074)
                                                                                    (61.448, 18.546, 112.262)

             18          G 183          G 187              5        185.577         (61.448, 18.546, 112.262)
                                                                                    (61.181, 16.569, 104.188)

