Using structure file: /home/pkas7/Research/SCOP/pdbstyle-1.75B/m3/d1m3sa_.ent
Number of residues: 181
Doing a BEZIER segmentation ...

Bounding box volume: 63435.3
Null Model Fit: 8253.06 bits.
Bits per residue: 45.8504

Bezier model fit: 7425.88 bits.
Bits per residue: 41.2549

# of segments: 15
Internal segmentation:
0-->2-->22-->36-->44-->62-->70-->78-->79-->87-->105-->113-->141-->166-->167-->180

CPU time used: 11.03 secs.
Wall clock time elapsed: 11 secs.

        SEGMENT          START            END   NUM_RESIDUES MESSAGE_LENGTH                    END_POINTS        INTERMEDIATE_CONTROL_POINTS
              1            A 0            A 2              3        95.7378         (46.955, 48.664, 27.586)
                                                                                    (41.741, 49.209, 32.951)

              2            A 2           A 22             21        791.077         (41.741, 49.209, 32.951)
                                                                                    (20.629, 65.186, 12.798)

              3           A 22           A 36             15        575.879         (20.629, 65.186, 12.798)
                                                                                    (0.952, 54.689, 13.186)

              4           A 36           A 44              9        326.749         (0.952, 54.689, 13.186)
                                                                                    (19.99, 41.502, 12.169)

              5           A 44           A 62             19        719.579         (19.99, 41.502, 12.169)
                                                                                    (1.36, 51.112, 25.47)

              6           A 62           A 70              9        344.207         (1.36, 51.112, 25.47)
                                                                                    (9.315, 36.567, 15.749)

              7           A 70           A 78              9        340.247         (9.315, 36.567, 15.749)
                                                                                    (-1.426, 49.967, 5.244)

              8           A 78           A 79              2        48.8874         (-1.426, 49.967, 5.244)
                                                                                    (0.082, 52.881, 7.142)

              9           A 79           A 87              9         319.92         (0.082, 52.881, 7.142)         (11.0207, 48.1823, 14.2451)
                                                                                    (24.768, 49.686, 9.509)

             10           A 87          A 105             19        746.867         (24.768, 49.686, 9.509)         (14.3948, 36.0326, -1.24748)
                                                                                    (1.86, 50.668, 1.81)

             11          A 105          A 113              9        331.885         (1.86, 50.668, 1.81)         (11.2337, 54.1402, 11.9983)
                                                                                    (25.276, 54.704, 7.777)

             12          A 113          A 146             29         1203.6         (25.276, 54.704, 7.777)         (-5.91674, 43.0613, -8.94739)
                                                                                    (35.084, 45.293, 16.984)         (43.6653, 77.2918, 14.7191)

             13          A 146          A 171             26        981.323         (35.084, 45.293, 16.984)
                                                                                    (3.441, 64.121, 29.176)

             14          A 171          A 172              2        48.8874         (3.441, 64.121, 29.176)
                                                                                    (4.929, 61.066, 30.898)

             15          A 172          A 185             14         551.03         (4.929, 61.066, 30.898)
                                                                                    (7.824, 35.453, 35.672)

