Using structure file: /home/pkas7/Research/SCOP/pdbstyle-1.75B/m6/d1m62a_.ent
Number of residues: 87
Doing a BEZIER segmentation ...

Bounding box volume: 28420.9
Null Model Fit: 3843.51 bits.
Bits per residue: 44.692

Bezier model fit: 3459.39 bits.
Bits per residue: 40.2255

# of segments: 6
Internal segmentation:
0-->8-->28-->35-->58-->60-->86

CPU time used: 4.3 secs.
Wall clock time elapsed: 4 secs.

        SEGMENT          START            END   NUM_RESIDUES MESSAGE_LENGTH                    END_POINTS        INTERMEDIATE_CONTROL_POINTS
              1          A 371          A 379              9        343.912         (4.755, 35.641, -16.347)         (-7.81622, 24.8939, -13.9944)
                                                                                    (4.648, 22.691, -3.86)

              2          A 379          A 399             21        787.402         (4.648, 22.691, -3.86)
                                                                                    (-1.222, -8.348, -6.321)

              3          A 399          A 406              8        304.051         (-1.222, -8.348, -6.321)
                                                                                    (6.494, -12.44, 5.938)

              4          A 406          A 429             24        916.718         (6.494, -12.44, 5.938)         (7.52183, 2.01641, 0.739005)
                                                                                    (0.025, 26.529, 9.855)

              5          A 429          A 431              3        93.4211         (0.025, 26.529, 9.855)
                                                                                    (-2.989, 25.973, 4.729)

              6          A 431          A 457             27        1013.89         (-2.989, 25.973, 4.729)         (-8.73389, 6.77524, 0.811016)
                                                                                    (-2.598, -14.415, 6.985)

