Using structure file: /home/pkas7/Research/SCOP/pdbstyle-1.75B/m7/d1m7sa_.ent
Number of residues: 484
Doing a BEZIER segmentation ...

Bounding box volume: 304918
Null Model Fit: 23239.7 bits.
Bits per residue: 48.1154

Bezier model fit: 20069.5 bits.
Bits per residue: 41.5517

# of segments: 32
Internal segmentation:
0-->8-->31-->50-->66-->79-->90-->100-->101-->114-->125-->151-->177-->185-->201-->214-->223-->246-->262-->274-->286-->308-->321-->340-->352-->363-->372-->380-->399-->422-->441-->468-->483

CPU time used: 32.12 secs.
Wall clock time elapsed: 32 secs.

        SEGMENT          START            END   NUM_RESIDUES MESSAGE_LENGTH                    END_POINTS        INTERMEDIATE_CONTROL_POINTS
              1           A 27           A 35              9        354.138         (3.458, -42.927, 17.982)
                                                                                    (9.955, -29.915, 12.685)

              2           A 35           A 58             24        983.946         (9.955, -29.915, 12.685)         (42.2907, -58.8162, 7.35525)
                                                                                    (22.413, -32.284, 11.101)

              3           A 58           A 77             20        761.487         (22.413, -32.284, 11.101)
                                                                                    (23.591, -18.714, 47.143)

              4           A 77           A 93             17        656.506         (23.591, -18.714, 47.143)         (1.12463, -36.8991, 40.1394)
                                                                                    (-9.066, -7.12, 58.14)

              5           A 93          A 106             14        560.351         (-9.066, -7.12, 58.14)         (4.27183, 3.7684, 48.7706)
                                                                                    (-11.055, -14.258, 51.684)

              6          A 106          A 117             12        441.883         (-11.055, -14.258, 51.684)         (1.59611, -20.5753, 38.0896)
                                                                                    (19.787, -24.567, 51.802)

              7          A 117          A 127             11        443.238         (19.787, -24.567, 51.802)         (29.5052, -27.8901, 38.4577)
                                                                                    (21.681, -32.67, 55.756)

              8          A 127          A 128              2        51.1525         (21.681, -32.67, 55.756)
                                                                                    (24.432, -30.009, 55.684)

              9          A 128          A 141             14        520.983         (24.432, -30.009, 55.684)
                                                                                    (-4.244, -9.502, 41.587)

             10          A 141          A 152             12        463.416         (-4.244, -9.502, 41.587)
                                                                                    (15.85, -18.374, 61.031)

             11          A 152          A 178             27        1097.62         (15.85, -18.374, 61.031)         (34.9618, 1.22235, 49.6041)
                                                                                    (36.529, -28.04, 50.897)

             12          A 178          A 204             27        1061.21         (36.529, -28.04, 50.897)         (33.9544, 4.46991, 71.3126)
                                                                                    (19.675, -28.327, 65.994)

             13          A 204          A 212              9        350.043         (19.675, -28.327, 65.994)
                                                                                    (7.368, -29.098, 56.299)

             14          A 212          A 228             17        670.847         (7.368, -29.098, 56.299)         (18.7255, -6.92638, 60.6232)
                                                                                    (-4.281, 7.108, 53.379)

             15          A 228          A 241             14        529.312         (-4.281, 7.108, 53.379)         (14.635, -3.69135, 62.2084)
                                                                                    (0.988, -26.282, 61.288)

             16          A 241          A 250             10        376.699         (0.988, -26.282, 61.288)
                                                                                    (23.772, -38.352, 65.359)

             17          A 250          A 273             24        961.469         (23.772, -38.352, 65.359)         (21.9088, -34.5884, 44.852)
                                                                                    (0.538, -38.8, 49.327)

             18          A 273          A 289             17        626.205         (0.538, -38.8, 49.327)         (-1.25308, -17.2186, 61.4339)
                                                                                    (7, 6.746, 66.144)

             19          A 289          A 301             13        519.226         (7, 6.746, 66.144)         (17.5464, 1.05496, 77.0542)
                                                                                    (18.244, -7.716, 60.876)

             20          A 301          A 313             13        503.352         (18.244, -7.716, 60.876)         (7.69298, -8.54498, 81.5653)
                                                                                    (-3.636, -12.813, 58.692)

             21          A 313          A 335             23        901.763         (-3.636, -12.813, 58.692)         (11.6518, -47.1489, 24.8731)
                                                                                    (13.212, -10.986, 44.478)

             22          A 335          A 348             14        551.593         (13.212, -10.986, 44.478)         (-6.3606, 1.63062, 44.3263)
                                                                                    (16.769, -2.021, 57.334)

             23          A 348          A 367             20        770.202         (16.769, -2.021, 57.334)
                                                                                    (18.567, -12.909, 31.237)

             24          A 367          A 379             13         515.36         (18.567, -12.909, 31.237)
                                                                                    (-1.414, -13.061, 36.546)

             25          A 379          A 390             12        451.284         (-1.414, -13.061, 36.546)         (4.60122, 9.04218, 25.9014)
                                                                                    (18.073, -11.843, 24.233)

             26          A 390          A 399             10        376.692         (18.073, -11.843, 24.233)         (-0.0174421, -16.0063, 20.6847)
                                                                                    (5.546, 2.074, 17.129)

             27          A 399          A 407              9        353.232         (5.546, 2.074, 17.129)         (9.93525, 9.34936, 33.9409)
                                                                                    (-0.756, 8.781, 20.446)

             28          A 407          A 426             20         774.81         (-0.756, 8.781, 20.446)         (-7.26235, 1.49313, 53.7861)
                                                                                    (23.26, 14.158, 56.344)

             29          A 426          A 449             24        943.064         (23.26, 14.158, 56.344)         (26.229, -7.92998, 75.081)
                                                                                    (16.607, -27.524, 76.775)

             30          A 449          A 468             20        775.095         (16.607, -27.524, 76.775)         (27.4621, -33.2885, 68.3309)
                                                                                    (43.476, -19.257, 64.816)

             31          A 468          A 495             28        1091.19         (43.476, -19.257, 64.816)         (17.145, -10.7359, 83.8933)
                                                                                    (40.138, -25.632, 73.448)

             32          A 495          A 510             16        632.099         (40.138, -25.632, 73.448)         (44.3156, -8.47996, 83.8184)
                                                                                    (25.789, -4.837, 76.396)

