Using structure file: /home/pkas7/Research/SCOP/pdbstyle-1.75B/m7/d1m7ja2.ent
Number of residues: 61
Doing a BEZIER segmentation ...

Bounding box volume: 32212.2
Null Model Fit: 2692.36 bits.
Bits per residue: 44.8727

Bezier model fit: 2508.82 bits.
Bits per residue: 41.8137

# of segments: 6
Internal segmentation:
0-->4-->13-->34-->39-->47-->60

CPU time used: 2.74 secs.
Wall clock time elapsed: 2 secs.

        SEGMENT          START            END   NUM_RESIDUES MESSAGE_LENGTH                    END_POINTS        INTERMEDIATE_CONTROL_POINTS
              1          A 420          A 424              5        182.396         (22.91, 20.649, 8.409)
                                                                                    (28.039, 29.186, 7.252)

              2          A 424          A 433             10        373.139         (28.039, 29.186, 7.252)         (31.2263, 19.3521, 17.9004)
                                                                                    (30.924, 4.297, 6.25)

              3          A 433          A 454             22         869.47         (30.924, 4.297, 6.25)         (19.6515, -14.5735, 36.7113)
                                                                                    (35.488, 7.175, 10.982)

              4          A 454          A 459              6        214.622         (35.488, 7.175, 10.982)
                                                                                    (32.823, 23.138, 16.127)

              5          A 459          A 467              9        340.525         (32.823, 23.138, 16.127)
                                                                                    (38.7, 5.065, 17.484)

              6          A 467          A 480             14        528.668         (38.7, 5.065, 17.484)         (44.4007, 24.1533, 27.8741)
                                                                                    (17.733, 28.259, 21.9)

