Using structure file: /home/pkas7/Research/SCOP/pdbstyle-1.75B/m9/d1m93.1.ent
Number of residues: 322
Doing a BEZIER segmentation ...

Bounding box volume: 113559
Null Model Fit: 14987.6 bits.
Bits per residue: 46.6904

Bezier model fit: 13227.4 bits.
Bits per residue: 41.2067

# of segments: 27
Internal segmentation:
0-->11-->34-->46-->47-->59-->60-->82-->98-->114-->126-->128-->144-->146-->158-->169-->182-->193-->194-->217-->224-->235-->260-->279-->290-->291-->308-->321

CPU time used: 18.96 secs.
Wall clock time elapsed: 18 secs.

        SEGMENT          START            END   NUM_RESIDUES MESSAGE_LENGTH                    END_POINTS        INTERMEDIATE_CONTROL_POINTS
              1            A 1           A 12             12        458.866         (29.842, 42.946, 59.823)
                                                                                    (29.586, 26.826, 63.892)

              2           A 12           A 35             24         948.24         (29.586, 26.826, 63.892)         (15.2986, 56.1036, 71.5215)
                                                                                    (44.237, 56.136, 76.073)

              3           A 35           B 56             13        511.232         (44.237, 56.136, 76.073)         (48.1815, 47.008, 63.7093)
                                                                                    (12.847, 55.816, 66.252)

              4           B 56           B 57              2        49.7275         (12.847, 55.816, 66.252)
                                                                                    (9.198, 54.652, 66.289)

              5           B 57           B 69             13        478.085         (9.198, 54.652, 66.289)
                                                                                    (31.096, 56.718, 93.838)

              6           B 69           B 70              2        49.7275         (31.096, 56.718, 93.838)
                                                                                    (34.541, 56.58, 95.459)

              7           B 70           B 92             23        922.427         (34.541, 56.58, 95.459)         (30.3762, 73.7781, 63.1228)
                                                                                    (25.224, 47.39, 97.559)

              8           B 92          B 108             17        652.472         (25.224, 47.39, 97.559)
                                                                                    (9.577, 45.19, 77.429)

              9          B 108          B 124             17         677.77         (9.577, 45.19, 77.429)         (26.7949, 30.4718, 91.5019)
                                                                                    (34.993, 50.82, 88.838)

             10          B 124          B 136             13        454.263         (34.993, 50.82, 88.838)         (21.0564, 49.7891, 74.0777)
                                                                                    (4.191, 44.584, 62.207)

             11          B 136          B 138              3        97.4179         (4.191, 44.584, 62.207)
                                                                                    (3.688, 45.49, 55.989)

             12          B 138          B 154             17        651.871         (3.688, 45.49, 55.989)         (-9.68205, 19.7619, 59.2581)
                                                                                    (22.697, 19.711, 57.105)

             13          B 154          B 156              3        97.4179         (22.697, 19.711, 57.105)
                                                                                    (20.939, 14.884, 55.057)

             14          B 156          B 168             13        473.666         (20.939, 14.884, 55.057)         (4.83365, 25.5018, 70.9028)
                                                                                    (1.985, 35.266, 44.593)

             15          B 168          B 179             12        464.296         (1.985, 35.266, 44.593)         (14.3047, 46.5936, 45.0092)
                                                                                    (32.862, 33.641, 43.365)

             16          B 179          B 192             14        538.033         (32.862, 33.641, 43.365)         (12.3724, 32.1799, 48.2838)
                                                                                    (7.259, 52.185, 58.838)

             17          B 192          B 203             12        449.466         (7.259, 52.185, 58.838)         (19.0765, 40.3207, 55.3117)
                                                                                    (23.294, 25.437, 47.456)

             18          B 203          B 204              2        49.7275         (23.294, 25.437, 47.456)
                                                                                    (21.744, 23.491, 50.304)

             19          B 204          B 227             24        920.129         (21.744, 23.491, 50.304)         (42.5312, 49.3478, 60.1993)
                                                                                    (14.073, 44.936, 42.031)

             20          B 227          B 234              8        298.902         (14.073, 44.936, 42.031)         (3.1839, 36.38, 39.4531)
                                                                                    (8.632, 30.46, 52.8)

             21          B 234          B 245             12        435.711         (8.632, 30.46, 52.8)         (8.55409, 31.6698, 73.8631)
                                                                                    (30.92, 36.646, 75.675)

             22          B 245          B 270             26        1052.28         (30.92, 36.646, 75.675)         (49.1326, 40.4297, 64.7048)
                                                                                    (42.242, 59.575, 88.777)

             23          B 270          B 289             20        748.804         (42.242, 59.575, 88.777)         (31.9243, 29.7524, 76.856)
                                                                                    (2.137, 39.24, 62.384)

             24          B 289          B 300             12        430.597         (2.137, 39.24, 62.384)         (18.5199, 44.2569, 71.0542)
                                                                                    (32.478, 46.082, 83.329)

             25          B 300          C 309              2        49.7275         (32.478, 46.082, 83.329)
                                                                                    (6.636, 30.626, 39.639)

             26          C 309          C 326             18         713.45         (6.636, 30.626, 39.639)         (23.88, 22.1227, 68.2178)
                                                                                    (18.315, 53.506, 53.25)

             27          C 326          C 339             14        553.059         (18.315, 53.506, 53.25)         (26.8328, 36.6722, 63.5905)
                                                                                    (14.799, 25.743, 68.399)

