Using structure file: /home/pkas7/Research/SCOP/pdbstyle-1.75B/mb/d1mbaa_.ent
Number of residues: 146
Doing a BEZIER segmentation ...

Bounding box volume: 35700.2
Null Model Fit: 6528.04 bits.
Bits per residue: 45.021

Bezier model fit: 5882.33 bits.
Bits per residue: 40.5678

# of segments: 11
Internal segmentation:
0-->2-->19-->35-->49-->78-->79-->96-->118-->123-->144-->145

CPU time used: 8.18 secs.
Wall clock time elapsed: 8 secs.

        SEGMENT          START            END   NUM_RESIDUES MESSAGE_LENGTH                    END_POINTS        INTERMEDIATE_CONTROL_POINTS
              1            A 1            A 3              3        94.0791         (-69.69, -51.684, -22.866)
                                                                                    (-67.974, -55.637, -17.912)

              2            A 3           A 20             18         682.99         (-67.974, -55.637, -17.912)         (-54.8139, -54.481, -14.7815)
                                                                                    (-46.558, -40.098, -16.928)

              3           A 20           A 36             17        645.969         (-46.558, -40.098, -16.928)
                                                                                    (-49.013, -46.025, -39.646)

              4           A 36           A 50             15        588.868         (-49.013, -46.025, -39.646)         (-60.2014, -26.0625, -41.2727)
                                                                                    (-41.638, -36.337, -40.949)

              5           A 50           A 79             30        1161.41         (-41.638, -36.337, -40.949)         (-48.7382, -24.0035, -22.5341)
                                                                                    (-68.363, -50.303, -17.756)

              6           A 79           A 80              2        48.0581         (-68.363, -50.303, -17.756)
                                                                                    (-71.283, -48.029, -17.981)

              7           A 80           A 97             18        678.516         (-71.283, -48.029, -17.981)
                                                                                    (-66.052, -34.622, -39.466)

              8           A 97          A 119             23        881.011         (-66.052, -34.622, -39.466)         (-55.1195, -59.5473, -38.9197)
                                                                                    (-44.513, -49.15, -20.295)

              9          A 119          A 124              6         221.97         (-44.513, -49.15, -20.295)
                                                                                    (-53.723, -61.092, -17.938)

             10          A 124          A 145             22        831.396         (-53.723, -61.092, -17.938)         (-65.4466, -50.2326, -29.0811)
                                                                                    (-70.718, -43.111, -41.533)

             11          A 145          A 146              2        48.0581         (-70.718, -43.111, -41.533)
                                                                                    (-67.077, -44.164, -41.964)

