Using structure file: /home/pkas7/Research/SCOP/pdbstyle-1.75B/mb/d1mb6a_.ent
Number of residues: 35
Doing a BEZIER segmentation ...

Bounding box volume: 6948.41
Null Model Fit: 1450.43 bits.
Bits per residue: 42.6598

Bezier model fit: 1433.55 bits.
Bits per residue: 42.1633

# of segments: 4
Internal segmentation:
0-->4-->18-->26-->34

CPU time used: 0.95 secs.
Wall clock time elapsed: 0 secs.

        SEGMENT          START            END   NUM_RESIDUES MESSAGE_LENGTH                    END_POINTS        INTERMEDIATE_CONTROL_POINTS
              1            A 1            A 5              5        173.632         (4.774, 11.225, 2.394)
                                                                                    (1.144, -0.784, 6.092)

              2            A 5           A 19             15        585.512         (1.144, -0.784, 6.092)         (-14.7203, 9.42523, -13.744)
                                                                                    (11.69, 1.386, 1.661)

              3           A 19           A 27              9         331.83         (11.69, 1.386, 1.661)
                                                                                    (-7.587, -6.89, -2.186)

              4           A 27           A 35              9        342.578         (-7.587, -6.89, -2.186)         (-2.56439, 5.30534, 5.64909)
                                                                                    (5.038, -11.365, -0.341)

