Using structure file: /home/pkas7/Research/SCOP/pdbstyle-1.75B/mg/d1mgta2.ent
Number of residues: 88
Doing a BEZIER segmentation ...

Bounding box volume: 21865
Null Model Fit: 3855.29 bits.
Bits per residue: 44.3137

Bezier model fit: 3560.86 bits.
Bits per residue: 40.9294

# of segments: 8
Internal segmentation:
0-->9-->10-->21-->31-->50-->62-->81-->87

CPU time used: 4.49 secs.
Wall clock time elapsed: 4 secs.

        SEGMENT          START            END   NUM_RESIDUES MESSAGE_LENGTH                    END_POINTS        INTERMEDIATE_CONTROL_POINTS
              1            A 1           A 10             10        365.722         (25.259, 36.376, 58.29)         (18.8957, 22.1735, 53.8789)
                                                                                    (15.151, 13.487, 42.993)

              2           A 10           A 11              2        47.3508         (15.151, 13.487, 42.993)
                                                                                    (17.668, 11.11, 44.605)

              3           A 11           A 22             12        435.439         (17.668, 11.11, 44.605)         (29.6377, 26.889, 52.7734)
                                                                                    (21.775, 43.444, 53.381)

              4           A 22           A 32             11        419.945         (21.775, 43.444, 53.381)         (31.1563, 32.0889, 42.0563)
                                                                                    (27.066, 17.217, 51.689)

              5           A 32           A 51             20        756.903         (27.066, 17.217, 51.689)
                                                                                    (38.414, 43.82, 52.468)

              6           A 51           A 63             13        496.542         (38.414, 43.82, 52.468)         (21.3381, 29.6808, 70.1395)
                                                                                    (18.207, 33.355, 50.067)

              7           A 63           A 82             20        781.348         (18.207, 33.355, 50.067)         (13.1972, 19.0079, 30.7126)
                                                                                    (19.79, 42.874, 41.902)

              8           A 82           A 88              7        257.607         (19.79, 42.874, 41.902)
                                                                                    (35.005, 42.242, 46.887)

