Using structure file: /home/pkas7/Research/SCOP/pdbstyle-1.75B/mi/d1mixa1.ent
Number of residues: 114
Doing a BEZIER segmentation ...

Bounding box volume: 42186.2
Null Model Fit: 5114.59 bits.
Bits per residue: 45.2618

Bezier model fit: 4640.01 bits.
Bits per residue: 41.0621

# of segments: 9
Internal segmentation:
0-->13-->31-->36-->53-->72-->94-->95-->111-->113

CPU time used: 6.35 secs.
Wall clock time elapsed: 6 secs.

        SEGMENT          START            END   NUM_RESIDUES MESSAGE_LENGTH                    END_POINTS        INTERMEDIATE_CONTROL_POINTS
              1          A 195          A 208             14        537.595         (33.675, -11.078, 35.45)         (39.8834, -31.0158, 24.2778)
                                                                                    (26.664, -31.673, 15.369)

              2          A 208          A 226             19        710.518         (26.664, -31.673, 15.369)
                                                                                    (34.698, -6.482, 10.317)

              3          A 226          A 231              6        220.335         (34.698, -6.482, 10.317)
                                                                                    (45.029, -8.499, 13.89)

              4          A 231          A 248             18        684.986         (45.029, -8.499, 13.89)
                                                                                    (40.934, -29.18, 0.895)

              5          A 248          A 267             20        808.709         (40.934, -29.18, 0.895)         (53.9873, -19.1739, -16.2836)
                                                                                    (38.667, -8.36, 6.231)

              6          A 267          A 289             23        897.256         (38.667, -8.36, 6.231)         (59.3819, -10.0937, -1.69801)
                                                                                    (43.313, -31.734, 8.363)

              7          A 289          A 290              2        48.2989         (43.313, -31.734, 8.363)
                                                                                    (39.667, -32.644, 7.774)

              8          A 290          A 306             17        637.753         (39.667, -32.644, 7.774)
                                                                                    (39.528, -11.156, 23.941)

              9          A 306          A 308              3        94.5607         (39.528, -11.156, 23.941)
                                                                                    (35.158, -12.354, 20.673)

