Using structure file: /home/pkas7/Research/SCOP/pdbstyle-1.75B/mk/d1mkma1.ent
Number of residues: 75
Doing a BEZIER segmentation ...

Bounding box volume: 22436
Null Model Fit: 3281.97 bits.
Bits per residue: 44.3509

Bezier model fit: 3017.34 bits.
Bits per residue: 40.7749

# of segments: 5
Internal segmentation:
0-->17-->18-->47-->53-->74

CPU time used: 3.58 secs.
Wall clock time elapsed: 3 secs.

        SEGMENT          START            END   NUM_RESIDUES MESSAGE_LENGTH                    END_POINTS        INTERMEDIATE_CONTROL_POINTS
              1            A 1           A 18             18        682.555         (33.849, -40.087, 70.655)
                                                                                    (23.155, -13.153, 78.815)

              2           A 18           A 19              2         47.388         (23.155, -13.153, 78.815)
                                                                                    (23.745, -14.192, 82.403)

              3           A 19           A 48             30        1195.43         (23.745, -14.192, 82.403)         (25.4942, -50.3159, 88.7417)
                                                                                    (40.175, -19.318, 77.504)

              4           A 48           A 54              7        243.874         (40.175, -19.318, 77.504)
                                                                                    (34.678, -14.87, 91.742)

              5           A 54           A 75             22        848.089         (34.678, -14.87, 91.742)
                                                                                    (37.557, -13.642, 55.997)

