Using structure file: /home/pkas7/Research/SCOP/pdbstyle-1.75B/mn/d1mnma_.ent
Number of residues: 85
Doing a BEZIER segmentation ...

Bounding box volume: 37020.7
Null Model Fit: 3786.17 bits.
Bits per residue: 45.0734

Bezier model fit: 3392.65 bits.
Bits per residue: 40.3887

# of segments: 6
Internal segmentation:
0-->2-->13-->40-->50-->59-->84

CPU time used: 4.25 secs.
Wall clock time elapsed: 4 secs.

        SEGMENT          START            END   NUM_RESIDUES MESSAGE_LENGTH                    END_POINTS        INTERMEDIATE_CONTROL_POINTS
              1           A 15           A 17              3        94.1839         (44.569, 30.878, 4.993)
                                                                                    (38.031, 30.994, 5.056)

              2           A 17           A 28             12        455.999         (38.031, 30.994, 5.056)         (22.4482, 44.409, 21.6973)
                                                                                    (22.48, 46.244, 1.497)

              3           A 28           A 55             28        1056.14         (22.48, 46.244, 1.497)         (13.429, 27.2814, 7.78174)
                                                                                    (5.079, 20.999, 25.563)

              4           A 55           A 65             11        401.789         (5.079, 20.999, 25.563)         (3.04313, 36.3281, 20.4471)
                                                                                    (9.842, 45.394, 5.961)

              5           A 65           A 74             10        373.474         (9.842, 45.394, 5.961)
                                                                                    (0.615, 26.997, 19.807)

              6           A 74           A 99             26        1011.07         (0.615, 26.997, 19.807)         (-18.7704, 41.7078, 15.9843)
                                                                                    (11.729, 57.223, 16.424)

