Using structure file: /home/pkas7/Research/SCOP/pdbstyle-1.75B/mn/d1mnta_.ent
Number of residues: 66
Doing a BEZIER segmentation ...

Bounding box volume: 31922.7
Null Model Fit: 2915.88 bits.
Bits per residue: 44.8596

Bezier model fit: 2662.31 bits.
Bits per residue: 40.9587

# of segments: 4
Internal segmentation:
0-->11-->26-->47-->65

CPU time used: 2.98 secs.
Wall clock time elapsed: 3 secs.

        SEGMENT          START            END   NUM_RESIDUES MESSAGE_LENGTH                    END_POINTS        INTERMEDIATE_CONTROL_POINTS
              1            A 1           A 12             12        447.038         (18.906, -18.952, -5.462)
                                                                                    (-10.162, -10.248, 3.549)

              2           A 12           A 27             16        623.356         (-10.162, -10.248, 3.549)
                                                                                    (-5.43, -6.348, -16.225)

              3           A 27           A 48             22        865.374         (-5.43, -6.348, -16.225)         (9.62859, -10.8541, 2.53386)
                                                                                    (6.968, 17.371, -6.2)

              4           A 48           A 66             19        726.545         (6.968, 17.371, -6.2)
                                                                                    (0.137, 3.041, 17.928)

