Using structure file: /home/pkas7/Research/SCOP/pdbstyle-1.75B/mt/d1mtza_.ent
Number of residues: 290
Doing a BEZIER segmentation ...

Bounding box volume: 81173.8
Null Model Fit: 13353.6 bits.
Bits per residue: 46.2061

Bezier model fit: 11953.9 bits.
Bits per residue: 41.3629

# of segments: 18
Internal segmentation:
0-->10-->22-->34-->51-->76-->91-->101-->113-->131-->157-->182-->210-->222-->237-->255-->264-->273-->289

CPU time used: 17.83 secs.
Wall clock time elapsed: 17 secs.

        SEGMENT          START            END   NUM_RESIDUES MESSAGE_LENGTH                    END_POINTS        INTERMEDIATE_CONTROL_POINTS
              1            A 4           A 14             11        423.031         (-1.909, -6.034, 25.371)
                                                                                    (25.987, -7.295, 26.789)

              2           A 14           A 26             13        479.595         (25.987, -7.295, 26.789)         (4.19805, 0.234748, 24.424)
                                                                                    (-2.631, -18.792, 15.942)

              3           A 26           A 38             13        494.469         (-2.631, -18.792, 15.942)
                                                                                    (19.203, 5.362, 13.089)

              4           A 38           A 55             18        704.778         (19.203, 5.362, 13.089)         (-4.20895, 3.589, 17.7659)
                                                                                    (-1.971, -15.277, 12.463)

              5           A 55           A 80             26        1044.68         (-1.971, -15.277, 12.463)         (28.8815, 15.2947, 35.3957)
                                                                                    (27.422, -4.732, 12.039)

              6           A 80           A 95             16         612.76         (27.422, -4.732, 12.039)
                                                                                    (15.259, -20.316, 19.058)

              7           A 95          A 105             11        421.542         (15.259, -20.316, 19.058)         (7.61151, -18.3777, 5.98537)
                                                                                    (14.412, 3.279, 6.494)

              8          A 105          A 117             13        492.855         (14.412, 3.279, 6.494)
                                                                                    (24.823, -12.906, 6.858)

              9          A 117          A 135             19        754.779         (24.823, -12.906, 6.858)         (-1.3634, -14.6213, 5.56064)
                                                                                    (25.26, 8.14, -0.477)

             10          A 135          A 161             27        1041.03         (25.26, 8.14, -0.477)         (-0.122068, 28.644, -6.16077)
                                                                                    (25.218, 25.497, 4.319)

             11          A 161          A 186             26        1042.08         (25.218, 25.497, 4.319)         (9.17195, 36.3187, 26.8389)
                                                                                    (-2.145, 12.928, 7.725)         (13.7559, 10.6259, -7.42532)

             12          A 186          A 214             29         1154.2         (-2.145, 12.928, 7.725)         (25.1504, 5.63981, 35.3434)
                                                                                    (17.863, 14.911, 5.027)

             13          A 214          A 226             13        512.692         (17.863, 14.911, 5.027)         (34.9837, 10.1937, 15.3629)
                                                                                    (24.746, -2.449, -2.735)

             14          A 226          A 241             16        612.594         (24.746, -2.449, -2.735)         (18.6539, -27.8164, -0.701641)
                                                                                    (6.094, 5.63, -1.176)

             15          A 241          A 259             19        742.312         (6.094, 5.63, -1.176)         (19.0902, 11.3995, -4.19784)
                                                                                    (16.573, -11.731, -7.676)

             16          A 259          A 268             10        370.914         (16.573, -11.731, -7.676)
                                                                                    (0.116, 9.337, -2.879)

             17          A 268          A 277             10         399.81         (0.116, 9.337, -2.879)         (10.569, 4.71524, 12.021)
                                                                                    (-2.455, 3.457, 4.114)

             18          A 277          A 293             17        649.746         (-2.455, 3.457, 4.114)
                                                                                    (5.16, -20.06, 5.149)

