Using structure file: /home/pkas7/Research/SCOP/pdbstyle-1.75B/mw/d1mwwa_.ent
Number of residues: 120
Doing a BEZIER segmentation ...

Bounding box volume: 33861.8
Null Model Fit: 5348.42 bits.
Bits per residue: 44.9447

Bezier model fit: 4919.36 bits.
Bits per residue: 41.3391

# of segments: 9
Internal segmentation:
0-->15-->34-->47-->56-->66-->70-->90-->94-->119

CPU time used: 6.56 secs.
Wall clock time elapsed: 6 secs.

        SEGMENT          START            END   NUM_RESIDUES MESSAGE_LENGTH                    END_POINTS        INTERMEDIATE_CONTROL_POINTS
              1            A 1           A 16             16        620.887         (33.876, 50.394, 17.125)         (3.13183, 38.6498, 10.2235)
                                                                                    (28.145, 34.962, 16.563)

              2           A 16           A 35             20         788.27         (28.145, 34.962, 16.563)         (44.6078, 44.0644, -2.4626)
                                                                                    (39.51, 40.591, 18.008)

              3           A 35           A 48             14        523.382         (39.51, 40.591, 18.008)
                                                                                    (11.83, 50.764, 15.253)

              4           A 48           A 57             10        389.184         (11.83, 50.764, 15.253)         (12.9026, 52.0628, -7.50002)
                                                                                    (13.478, 41.623, 7.018)

              5           A 57           A 67             11        393.606         (13.478, 41.623, 7.018)
                                                                                    (41.419, 56.06, 11.698)

              6           A 67           A 71              5         182.44         (41.419, 56.06, 11.698)
                                                                                    (43.671, 54.383, 0.334)

              7           A 71           A 91             21        796.506         (43.671, 54.383, 0.334)
                                                                                    (22.882, 33.835, 3.067)

              8           A 91           A 95              5        179.446         (22.882, 33.835, 3.067)
                                                                                    (20.881, 43.698, -1.868)

              9           A 95          A 120             26        1045.64         (20.881, 43.698, -1.868)         (44.4822, 69.7933, 26.406)
                                                                                    (53.632, 53.802, 18.137)

