Using structure file: /home/pkas7/Research/SCOP/pdbstyle-1.75B/n1/d1n1ba2.ent
Number of residues: 315
Doing a BEZIER segmentation ...

Bounding box volume: 131288
Null Model Fit: 14726.5 bits.
Bits per residue: 46.8997

Bezier model fit: 12754 bits.
Bits per residue: 40.6178

# of segments: 18
Internal segmentation:
0-->1-->29-->58-->60-->88-->111-->137-->165-->169-->195-->200-->228-->229-->244-->270-->274-->294-->314

CPU time used: 19.41 secs.
Wall clock time elapsed: 19 secs.

        SEGMENT          START            END   NUM_RESIDUES MESSAGE_LENGTH                    END_POINTS        INTERMEDIATE_CONTROL_POINTS
              1          A 271          A 272              2        49.9368         (49.459, 9.73, 59.366)
                                                                                    (47.834, 7.772, 56.539)

              2          A 272          A 300             29        1083.72         (47.834, 7.772, 56.539)         (50.3191, 19.9881, 38.6969)
                                                                                    (47.033, 40.615, 29.558)

              3          A 300          A 329             30        1201.66         (47.033, 40.615, 29.558)         (61.4802, 61.4156, 40.8409)
                                                                                    (39.491, 27.678, 46.442)

              4          A 329          A 331              3        97.8365         (39.491, 27.678, 46.442)
                                                                                    (39.876, 23.846, 41.471)

              5          A 331          A 359             29        1122.58         (39.876, 23.846, 41.471)
                                                                                    (45.533, 66.397, 41.97)

              6          A 359          A 382             24        943.557         (45.533, 66.397, 41.97)         (19.7221, 54.2272, 27.5451)
                                                                                    (46.011, 63.761, 31.629)

              7          A 382          A 408             27        1028.14         (46.011, 63.761, 31.629)
                                                                                    (23.575, 34.484, 27.55)

              8          A 408          A 436             29        1112.51         (23.575, 34.484, 27.55)         (34.272, 58.3223, 43.6121)
                                                                                    (42.152, 67.908, 56.152)

              9          A 436          A 440              5        182.376         (42.152, 67.908, 56.152)
                                                                                    (34.184, 59.846, 62.826)

             10          A 440          A 466             27         1047.4         (34.184, 59.846, 62.826)         (39.0992, 50.4324, 46.5613)
                                                                                    (26.132, 28.999, 35.939)

             11          A 466          A 471              6        224.659         (26.132, 28.999, 35.939)
                                                                                    (16.257, 38.246, 38.133)

             12          A 471          A 499             29         1122.9         (16.257, 38.246, 38.133)         (25.5275, 45.5727, 55.8522)
                                                                                    (48.722, 47.153, 59.515)

             13          A 499          A 509              2        49.9368         (48.722, 47.153, 59.515)
                                                                                    (49.334, 61.453, 57.073)

             14          A 509          A 524             16        655.089         (49.334, 61.453, 57.073)         (31.2579, 56.418, 65.4913)
                                                                                    (45.16, 55.539, 73.499)

             15          A 524          A 550             27        1006.72         (45.16, 55.539, 73.499)         (37.0658, 38.6429, 66.6237)
                                                                                    (20.338, 32.505, 53.743)

             16          A 550          A 554              5        188.216         (20.338, 32.505, 53.743)
                                                                                    (25.617, 31.32, 44.333)

             17          A 554          A 574             21        791.601         (25.617, 31.32, 44.333)
                                                                                    (52.254, 41.076, 61.517)

             18          A 574          A 598             21        845.157         (52.254, 41.076, 61.517)         (55.7967, 40.3318, 42.979)
                                                                                    (58.796, 17.665, 47.05)

