Using structure file: /home/pkas7/Research/SCOP/pdbstyle-1.75B/n3/d1n3la_.ent
Number of residues: 332
Doing a BEZIER segmentation ...

Bounding box volume: 145141
Null Model Fit: 15571.7 bits.
Bits per residue: 47.0444

Bezier model fit: 13639.5 bits.
Bits per residue: 41.2069

# of segments: 20
Internal segmentation:
0-->28-->41-->62-->84-->105-->122-->148-->157-->175-->199-->215-->216-->225-->226-->243-->261-->270-->280-->305-->331

CPU time used: 20.21 secs.
Wall clock time elapsed: 20 secs.

        SEGMENT          START            END   NUM_RESIDUES MESSAGE_LENGTH                    END_POINTS        INTERMEDIATE_CONTROL_POINTS
              1            A 4           A 32             29        1158.94         (68.295, 43.735, 12.096)         (65.9718, 22.3912, 42.7612)
                                                                                    (78.338, 37.727, 16.25)

              2           A 32           A 45             14        528.044         (78.338, 37.727, 16.25)
                                                                                    (53.973, 8.594, 23.451)

              3           A 45           A 66             22        877.383         (53.973, 8.594, 23.451)         (49.9656, 32.9534, 29.2789)
                                                                                    (66.689, 33.07, 12.556)

              4           A 66           A 88             23        916.447         (66.689, 33.07, 12.556)         (62.6807, -8.68506, 31.1797)
                                                                                    (52.628, 1.436, 13.152)

              5           A 88          A 109             22        823.026         (52.628, 1.436, 13.152)
                                                                                    (52.828, 32.437, 13.141)

              6          A 109          A 126             18        715.474         (52.828, 32.437, 13.141)
                                                                                    (73.908, 3.775, 12.337)

              7          A 126          A 152             27        1046.53         (73.908, 3.775, 12.337)         (93.2878, 2.90854, 38.2766)
                                                                                    (64.129, 12.191, 33.961)

              8          A 152          A 161             10        389.435         (64.129, 12.191, 33.961)         (57.1191, -4.46924, 45.3619)
                                                                                    (70.083, -1.191, 31.738)

              9          A 161          A 179             19        736.841         (70.083, -1.191, 31.738)
                                                                                    (73.923, 21.62, 16.518)

             10          A 179          A 203             25          987.4         (73.923, 21.62, 16.518)         (62.3357, 18.5442, 46.9168)
                                                                                    (86.715, 14.601, 20.91)

             11          A 203          A 219             17        639.811         (86.715, 14.601, 20.91)         (67.9702, 32.9029, 31.8447)
                                                                                    (44.386, 23.213, 34.732)

             12          A 219          A 220              2        50.0815         (44.386, 23.213, 34.732)
                                                                                    (46.001, 22.594, 38.03)

             13          A 220          A 236             10        403.799         (46.001, 22.594, 38.03)
                                                                                    (39.262, 19.963, 22.499)

             14          A 236          A 237              2        50.0815         (39.262, 19.963, 22.499)
                                                                                    (36.238, 21.904, 21.225)

             15          A 237          A 254             18         704.25         (36.238, 21.904, 21.225)         (33.2209, 24.0665, 36.2565)
                                                                                    (48.454, 34.803, 44.037)

             16          A 254          A 272             19        744.849         (48.454, 34.803, 44.037)         (52.2042, 24.8523, 31.85)
                                                                                    (53.012, 40.176, 20.443)

             17          A 272          A 281             10        381.545         (53.012, 40.176, 20.443)
                                                                                    (33.523, 48.769, 32.657)

             18          A 281          A 291             11        418.655         (33.523, 48.769, 32.657)
                                                                                    (54.955, 44.224, 30.2)

             19          A 291          A 316             26        1012.37         (54.955, 44.224, 30.2)         (36.3403, 40.4612, 52.8542)
                                                                                    (43.314, 34.031, 23.453)

             20          A 316          A 342             27        1054.51         (43.314, 34.031, 23.453)         (42.0136, 16.6907, -0.680175)
                                                                                    (41.972, 4.647, 19.446)

