Using structure file: /home/pkas7/Research/SCOP/pdbstyle-1.75B/n4/d1n45a_.ent
Number of residues: 214
Doing a BEZIER segmentation ...

Bounding box volume: 60929.5
Null Model Fit: 9753.74 bits.
Bits per residue: 45.7922

Bezier model fit: 8604.12 bits.
Bits per residue: 40.3949

# of segments: 12
Internal segmentation:
0-->2-->30-->33-->60-->61-->88-->98-->115-->144-->155-->184-->213

CPU time used: 12.57 secs.
Wall clock time elapsed: 12 secs.

        SEGMENT          START            END   NUM_RESIDUES MESSAGE_LENGTH                    END_POINTS        INTERMEDIATE_CONTROL_POINTS
              1           A 10           A 12              3        95.6215         (3.328, 1.299, 17.212)
                                                                                    (2.075, 5.271, 13.267)

              2           A 12           A 40             29        1126.66         (2.075, 5.271, 13.267)         (17.9252, -17.477, 6.97668)
                                                                                    (34.19, -3.166, -0.656)

              3           A 40           A 43              4        142.663         (34.19, -3.166, -0.656)
                                                                                    (33.237, -5.686, -9.082)

              4           A 43           A 70             28        1045.18         (33.237, -5.686, -9.082)         (13.0141, -5.35474, -16.8181)
                                                                                    (-5.324, 9.198, -7.885)

              5           A 70           A 71              2        48.8293         (-5.324, 9.198, -7.885)
                                                                                    (-6.434, 6.296, -5.634)

              6           A 71           A 98             28         1109.1         (-6.434, 6.296, -5.634)         (15.6176, 14.6401, -4.5311)
                                                                                    (26.627, 1.44, -23.697)

              7           A 98          A 108             11        426.292         (26.627, 1.44, -23.697)
                                                                                    (16.785, -12.685, -14.853)

              8          A 108          A 125             18         690.43         (16.785, -12.685, -14.853)
                                                                                    (-3.969, -5.226, -4.409)

              9          A 125          A 154             30        1149.21         (-3.969, -5.226, -4.409)         (16.4267, 11.9898, 6.73396)
                                                                                    (35.498, 0.483, -5.448)

             10          A 154          A 165             12            465         (35.498, 0.483, -5.448)         (38.3655, 13.0836, -22.4601)
                                                                                    (22.772, 9.374, -11.182)

             11          A 165          A 194             30        1188.77         (22.772, 9.374, -11.182)         (10.3764, 28.0913, 10.3831)
                                                                                    (-6.473, -6.007, 8.285)

             12          A 194          A 223             30        1116.37         (-6.473, -6.007, 8.285)         (14.1394, -5.36985, 0.602969)
                                                                                    (30.882, -19.322, -12.087)

