Using structure file: /home/pkas7/Research/SCOP/pdbstyle-1.75B/n4/d1n4wa1.ent
Number of residues: 366
Doing a BEZIER segmentation ...

Bounding box volume: 150887
Null Model Fit: 17191.7 bits.
Bits per residue: 47.1005

Bezier model fit: 15215.8 bits.
Bits per residue: 41.6872

# of segments: 22
Internal segmentation:
0-->24-->38-->59-->81-->93-->102-->127-->146-->154-->176-->185-->207-->230-->238-->249-->262-->274-->281-->296-->325-->344-->365

CPU time used: 21.85 secs.
Wall clock time elapsed: 21 secs.

        SEGMENT          START            END   NUM_RESIDUES MESSAGE_LENGTH                    END_POINTS        INTERMEDIATE_CONTROL_POINTS
              1            A 9           A 33             25        1001.06         (25.85, 0.802, 48.663)         (24.0008, -3.4432, 11.5609)
                                                                                    (32.914, -14.312, 39.287)

              2           A 33           A 47             15        584.954         (32.914, -14.312, 39.287)         (19.8869, 10.1885, 33.2706)
                                                                                    (4.037, -7.066, 31.958)

              3           A 47           A 68             22         902.55         (4.037, -7.066, 31.958)         (-6.22776, -5.88396, 10.4796)
                                                                                    (8.006, 10.509, 27.627)

              4           A 68           A 90             23        919.985         (8.006, 10.509, 27.627)         (-1.16233, 4.26247, -12.3776)
                                                                                    (0.414, 10.285, 28.815)

              5           A 90          A 102             13        508.903         (0.414, 10.285, 28.815)         (13.5724, -4.59627, 25.4867)
                                                                                    (19.046, 20.846, 16.829)

              6          A 102          A 111             10        377.615         (19.046, 20.846, 16.829)         (17.7267, 7.46555, 11.6822)
                                                                                    (14.472, -0.786, 28.533)

              7          A 111          A 136             26        1044.61         (14.472, -0.786, 28.533)         (20.7378, -11.7448, 0.831187)
                                                                                    (43.589, 0.255, 11.964)

              8          A 136          A 155             20        781.468         (43.589, 0.255, 11.964)         (40.4742, -21.0687, 15.8348)
                                                                                    (23.145, -13.443, 19.512)

              9          A 155          A 163              9         332.92         (23.145, -13.443, 19.512)
                                                                                    (12.182, -21.18, -0.793)

             10          A 163          A 185             23        900.557         (12.182, -21.18, -0.793)         (0.0130959, -3.51699, 0.79766)
                                                                                    (22.982, -4.095, -12.583)

             11          A 185          A 194             10        367.609         (22.982, -4.095, -12.583)         (21.8742, -11.7865, 0.701418)
                                                                                    (17.956, -12.566, 15.417)

             12          A 194          A 216             23        924.739         (17.956, -12.566, 15.417)         (-6.88096, -29.2376, 8.01579)
                                                                                    (5.242, -5.199, 15.151)

             13          A 216          A 239             24        947.055         (5.242, -5.199, 15.151)
                                                                                    (25.636, -16.786, 36.24)

             14          A 239          A 247              9        334.719         (25.636, -16.786, 36.24)
                                                                                    (13.983, 2.692, 36.137)

             15          A 247          A 258             12        455.905         (13.983, 2.692, 36.137)         (30.7313, 16.5179, 34.1961)
                                                                                    (39.563, 6.202, 48.208)

             16          A 258          A 271             14        532.518         (39.563, 6.202, 48.208)
                                                                                    (5.198, 8.147, 35.057)

             17          A 271          A 283             13        491.082         (5.198, 8.147, 35.057)         (15.4641, 12.9021, 51.3871)
                                                                                    (35.58, -0.856, 41.839)

             18          A 283          A 290              8        300.765         (35.58, -0.856, 41.839)
                                                                                    (24.899, 3.926, 24.105)

             19          A 290          A 305             16        600.127         (24.899, 3.926, 24.105)
                                                                                    (34.733, 18.653, 37.143)

             20          A 305          A 466             30        1233.85         (34.733, 18.653, 37.143)         (34.795, 1.40922, 6.12504)
                                                                                    (43.012, 9.408, 32.182)

             21          A 466          A 485             20        820.069         (43.012, 9.408, 32.182)         (24.3945, -11.8467, 41.9027)
                                                                                    (23.758, -2.374, 10.496)         (39.6071, 16.4993, 1.65578)

             22          A 485          A 506             22        852.772         (23.758, -2.374, 10.496)         (39.1372, -10.491, 23.9264)
                                                                                    (40.458, -7.598, 36.948)

