Using structure file: /home/pkas7/Research/SCOP/pdbstyle-1.75B/n6/d1n62b2.ent
Number of residues: 663
Doing a BEZIER segmentation ...

Bounding box volume: 370635
Null Model Fit: 32038.8 bits.
Bits per residue: 48.397

Bezier model fit: 27407 bits.
Bits per residue: 41.4003

# of segments: 39
Internal segmentation:
0-->15-->41-->53-->71-->82-->93-->119-->145-->154-->178-->193-->216-->232-->242-->264-->288-->297-->326-->355-->369-->382-->402-->423-->451-->463-->470-->491-->507-->524-->531-->544-->564-->572-->591-->606-->608-->636-->645-->662

CPU time used: 43.76 secs.
Wall clock time elapsed: 43 secs.

        SEGMENT          START            END   NUM_RESIDUES MESSAGE_LENGTH                    END_POINTS        INTERMEDIATE_CONTROL_POINTS
              1          B 147          B 162             16        654.394         (111.512, 132.296, 126.301)         (119.364, 115.76, 129.365)
                                                                                    (125.276, 138.443, 133.49)

              2          B 162          B 188             27        1105.35         (125.276, 138.443, 133.49)
                                                                                    (106.194, 116.927, 154.059)

              3          B 188          B 200             13        502.265         (106.194, 116.927, 154.059)
                                                                                    (95.569, 103.318, 145.003)

              4          B 200          B 218             19        705.219         (95.569, 103.318, 145.003)         (102.942, 128.99, 126.337)
                                                                                    (94.707, 153.853, 133.885)

              5          B 218          B 229             12        446.579         (94.707, 153.853, 133.885)
                                                                                    (114.919, 175.058, 147.132)

              6          B 229          B 240             12        467.354         (114.919, 175.058, 147.132)
                                                                                    (98.852, 150.907, 145.583)

              7          B 240          B 266             27         1088.5         (98.852, 150.907, 145.583)         (135.055, 162.772, 159.244)
                                                                                    (92.708, 158.801, 142.671)

              8          B 266          B 292             27        1080.79         (92.708, 158.801, 142.671)         (112.699, 138.418, 135.689)
                                                                                    (114.761, 170.924, 139.599)

              9          B 292          B 301             10        375.832         (114.761, 170.924, 139.599)         (104.097, 163.612, 134.225)
                                                                                    (98.996, 150.99, 127.046)

             10          B 301          B 325             25        995.722         (98.996, 150.99, 127.046)         (114.646, 134.653, 135.473)
                                                                                    (86.327, 105.692, 146.556)

             11          B 325          B 340             16         621.36         (86.327, 105.692, 146.556)         (105.481, 116.636, 149.469)
                                                                                    (110.88, 137.037, 133.161)

             12          B 340          B 363             24        974.457         (110.88, 137.037, 133.161)         (111.832, 141.915, 154.921)
                                                                                    (89.932, 119.656, 151.163)

             13          B 363          B 379             17        654.108         (89.932, 119.656, 151.163)         (99.7086, 106.442, 162.702)
                                                                                    (110.372, 138.723, 129.329)         (121.582, 134.096, 132.297)

             14          B 379          B 389             11        436.444         (110.372, 138.723, 129.329)
                                                                                    (96.438, 137.105, 146.349)

             15          B 389          B 411             23         871.99         (96.438, 137.105, 146.349)
                                                                                    (84.678, 108.02, 137.344)

             16          B 411          B 435             25        1010.41         (84.678, 108.02, 137.344)         (76.2033, 123.786, 163.71)
                                                                                    (101.052, 125.193, 156.794)

             17          B 435          B 444             10        380.341         (101.052, 125.193, 156.794)         (86.504, 135.143, 162.243)
                                                                                    (79.071, 121.997, 152.627)

             18          B 444          B 473             30        1177.45         (79.071, 121.997, 152.627)         (66.8558, 121.484, 138.002)
                                                                                    (74.569, 113.688, 115.715)

             19          B 473          B 502             30        1196.57         (74.569, 113.688, 115.715)         (87.6108, 133.749, 160.733)
                                                                                    (111.447, 144.004, 155.899)

             20          B 502          B 516             15        575.837         (111.447, 144.004, 155.899)
                                                                                    (81.172, 169.279, 166.173)

             21          B 516          B 529             14        546.094         (81.172, 169.279, 166.173)         (101.734, 152.046, 158.15)
                                                                                    (88.256, 151.848, 143.178)

             22          B 529          B 549             21        830.893         (88.256, 151.848, 143.178)         (80.3993, 149.633, 172.374)
                                                                                    (78.294, 160.925, 155.816)

             23          B 549          B 570             22        894.517         (78.294, 160.925, 155.816)         (115.108, 165.036, 156.103)
                                                                                    (92.515, 141.762, 149.351)

             24          B 570          B 598             29        1100.41         (92.515, 141.762, 149.351)         (91.3286, 151.023, 170.511)
                                                                                    (79.402, 163.498, 182.476)

             25          B 598          B 610             13        512.323         (79.402, 163.498, 182.476)         (80.1427, 146.111, 192.758)
                                                                                    (73.548, 152.841, 168.474)

             26          B 610          B 617              8        310.768         (73.548, 152.841, 168.474)         (78.2017, 159.776, 177.879)
                                                                                    (67.932, 151.178, 183.776)

             27          B 617          B 638             22        867.669         (67.932, 151.178, 183.776)         (79.3623, 172.09, 160.461)
                                                                                    (90.357, 166.124, 184.2)

             28          B 638          B 654             17        671.919         (90.357, 166.124, 184.2)         (94.4714, 164.163, 163.174)
                                                                                    (96.296, 135.223, 160.696)

             29          B 654          B 671             18        656.685         (96.296, 135.223, 160.696)         (70.9218, 127.903, 142.293)
                                                                                    (83.075, 123.243, 115.294)

             30          B 671          B 678              8        302.305         (83.075, 123.243, 115.294)
                                                                                    (74.99, 130.101, 129.904)

             31          B 678          B 691             14        542.807         (74.99, 130.101, 129.904)         (85.1984, 130.451, 159.937)
                                                                                    (78.689, 146.847, 152.011)

             32          B 691          B 711             21         798.01         (78.689, 146.847, 152.011)
                                                                                    (88.624, 132.442, 127.904)

             33          B 711          B 719              9        335.234         (88.624, 132.442, 127.904)         (100.414, 141.644, 128.065)
                                                                                    (110.861, 132.404, 119.9)

             34          B 719          B 738             20        804.142         (110.861, 132.404, 119.9)         (95.6186, 151.568, 124.227)
                                                                                    (80.987, 139.477, 125.943)

             35          B 738          B 753             16        588.644         (80.987, 139.477, 125.943)         (66.9161, 131.286, 150.748)
                                                                                    (89.886, 136.651, 164.642)

             36          B 753          B 755              3        100.831         (89.886, 136.651, 164.642)
                                                                                    (87.512, 142.707, 164.774)

             37          B 755          B 783             29        1118.43         (87.512, 142.707, 164.774)         (89.996, 136.279, 130.475)
                                                                                    (83.14, 112.84, 127.615)

             38          B 783          B 792             10        390.348         (83.14, 112.84, 127.615)         (97.079, 113.095, 128.419)
                                                                                    (92.998, 130.264, 127.479)

             39          B 792          B 809             18         713.98         (92.998, 130.264, 127.479)
                                                                                    (86.42, 114.728, 110.426)

