Using structure file: /home/pkas7/Research/SCOP/pdbstyle-1.75B/ni/d1ni5a4.ent
Number of residues: 88
Doing a BEZIER segmentation ...

Bounding box volume: 23871
Null Model Fit: 3866.31 bits.
Bits per residue: 44.4403

Bezier model fit: 3569.75 bits.
Bits per residue: 41.0317

# of segments: 6
Internal segmentation:
0-->11-->39-->44-->69-->78-->87

CPU time used: 4.51 secs.
Wall clock time elapsed: 4 secs.

        SEGMENT          START            END   NUM_RESIDUES MESSAGE_LENGTH                    END_POINTS        INTERMEDIATE_CONTROL_POINTS
              1          A 227          A 238             12        461.369         (21.117, 43.735, 4.12)
                                                                                    (10.956, 45.206, 20.699)

              2          A 238          A 266             29        1134.06         (10.956, 45.206, 20.699)         (43.8728, 30.7446, 4.4073)
                                                                                    (17.107, 57.426, 15.38)

              3          A 266          A 271              6        220.733         (17.107, 57.426, 15.38)
                                                                                    (32.041, 56.282, 14.909)

              4          A 271          A 296             26        1017.86         (32.041, 56.282, 14.909)         (31.0489, 23.2376, 32.5308)
                                                                                    (26.553, 60.246, 25.172)

              5          A 296          A 305             10        371.414         (26.553, 60.246, 25.172)
                                                                                    (21.511, 37.796, 24.106)

              6          A 305          A 314             10        364.312         (21.511, 37.796, 24.106)         (17.2131, 56.7445, 18.4439)
                                                                                    (21.578, 57.004, 36.99)

