Using structure file: /home/pkas7/Research/SCOP/pdbstyle-1.75B/ni/d1nija2.ent
Number of residues: 95
Doing a BEZIER segmentation ...

Bounding box volume: 26813.7
Null Model Fit: 4193.16 bits.
Bits per residue: 44.608

Bezier model fit: 3835.84 bits.
Bits per residue: 40.8068

# of segments: 6
Internal segmentation:
0-->14-->29-->42-->53-->66-->94

CPU time used: 4.95 secs.
Wall clock time elapsed: 4 secs.

        SEGMENT          START            END   NUM_RESIDUES MESSAGE_LENGTH                    END_POINTS        INTERMEDIATE_CONTROL_POINTS
              1          A 224          A 238             15        565.048         (20.192, 28.213, 27.7)         (-13.8179, 26.7787, 33.137)
                                                                                    (-0.439, 9.872, 17.569)

              2          A 238          A 253             16        610.772         (-0.439, 9.872, 17.569)
                                                                                    (21.979, 18.83, 19.876)

              3          A 253          A 266             14        534.029         (21.979, 18.83, 19.876)         (10.1577, 20.5773, 37.6709)
                                                                                    (-9.762, 9.619, 25.439)

              4          A 266          A 277             12        452.726         (-9.762, 9.619, 25.439)         (0.685875, 9.29303, 38.975)
                                                                                    (19.255, 15.107, 24.577)

              5          A 277          A 290             14        530.398         (19.255, 15.107, 24.577)         (3.79457, -1.25622, 30.1145)
                                                                                    (-10.837, 14.721, 40.434)

              6          A 290          A 318             29        1142.87         (-10.837, 14.721, 40.434)         (35.7188, 35.3978, 14.0455)
                                                                                    (-9.767, 19.772, 18.443)

