Using structure file: /home/pkas7/Research/SCOP/pdbstyle-1.75B/nj/d1njqa_.ent
Number of residues: 37
Doing a BEZIER segmentation ...

Bounding box volume: 7818.2
Null Model Fit: 1541.88 bits.
Bits per residue: 42.83

Bezier model fit: 1506.3 bits.
Bits per residue: 41.8417

# of segments: 4
Internal segmentation:
0-->9-->16-->17-->36

CPU time used: 1.09 secs.
Wall clock time elapsed: 1 secs.

        SEGMENT          START            END   NUM_RESIDUES MESSAGE_LENGTH                    END_POINTS        INTERMEDIATE_CONTROL_POINTS
              1            A 1           A 10             10         386.22         (6.444, -1.987, -4.74)         (10.7541, -14.6519, 2.93347)
                                                                                    (1.734, 6.252, 3.993)

              2           A 10           A 17              8        294.336         (1.734, 6.252, 3.993)
                                                                                    (0.794, -11.111, 2.957)

              3           A 17           A 18              2         45.867         (0.794, -11.111, 2.957)
                                                                                    (-1.337, -9.622, 0.155)

              4           A 18           A 37             20        779.879         (-1.337, -9.622, 0.155)         (-12.5535, 11.8127, 9.53175)
                                                                                    (-1.956, 3.285, -12.723)

