Using structure file: /home/pkas7/Research/SCOP/pdbstyle-1.75B/nm/d1nm2a2.ent
Number of residues: 62
Doing a BEZIER segmentation ...

Bounding box volume: 9879.61
Null Model Fit: 2633.22 bits.
Bits per residue: 43.1676

Bezier model fit: 2507.97 bits.
Bits per residue: 41.1142

# of segments: 6
Internal segmentation:
0-->8-->10-->21-->31-->39-->61

CPU time used: 2.8 secs.
Wall clock time elapsed: 2 secs.

        SEGMENT          START            END   NUM_RESIDUES MESSAGE_LENGTH                    END_POINTS        INTERMEDIATE_CONTROL_POINTS
              1          A 134          A 142              9        327.316         (43.376, 52.959, 42.602)         (55.9518, 44.9209, 40.5579)
                                                                                    (68.927, 48.749, 42.892)

              2          A 142          A 144              3        90.3723         (68.927, 48.749, 42.892)
                                                                                    (69.477, 47.315, 49.648)

              3          A 144          A 155             12        450.078         (69.477, 47.315, 49.648)
                                                                                    (55.585, 55.454, 53.178)

              4          A 155          A 165             11        412.172         (55.585, 55.454, 53.178)         (49.2615, 38.0764, 48.4637)
                                                                                    (68.641, 38.223, 44.544)

              5          A 165          A 173              9         321.16         (68.641, 38.223, 44.544)
                                                                                    (47.788, 53.068, 46.364)

              6          A 173          A 195             23        906.869         (47.788, 53.068, 46.364)         (78.0365, 65.0449, 51.2253)
                                                                                    (51.65, 45.892, 34.317)

