Using structure file: /home/pkas7/Research/SCOP/pdbstyle-1.75B/nn/d1nnla_.ent
Number of residues: 205
Doing a BEZIER segmentation ...

Bounding box volume: 69475.7
Null Model Fit: 9380.24 bits.
Bits per residue: 45.9816

Bezier model fit: 8488.41 bits.
Bits per residue: 41.6099

# of segments: 13
Internal segmentation:
0-->19-->39-->40-->57-->85-->93-->112-->122-->140-->163-->181-->193-->204

CPU time used: 11.95 secs.
Wall clock time elapsed: 11 secs.

        SEGMENT          START            END   NUM_RESIDUES MESSAGE_LENGTH                    END_POINTS        INTERMEDIATE_CONTROL_POINTS
              1            A 5           A 24             20        784.711         (9.14, 10.671, 2.951)         (-4.03955, 31.074, 3.38579)
                                                                                    (17.535, 28.615, 12.391)

              2           A 24           A 44             21        838.701         (17.535, 28.615, 12.391)         (31.7553, 50.5793, 18.4579)
                                                                                    (25.345, 40.597, 28.859)

              3           A 44           A 57              2        49.0186         (25.345, 40.597, 28.859)
                                                                                    (8.735, 37.454, 31.135)

              4           A 57           A 74             18         710.39         (8.735, 37.454, 31.135)         (19.3718, 46.2299, 33.4109)
                                                                                    (24.587, 54.399, 14.061)

              5           A 74          A 102             29        1131.34         (24.587, 54.399, 14.061)         (31.2603, 22.9363, 5.17488)
                                                                                    (4.117, 29.609, -4.149)

              6          A 102          A 110              9         324.84         (4.117, 29.609, -4.149)
                                                                                    (12.125, 38.279, 19.034)

              7          A 110          A 129             20        808.714         (12.125, 38.279, 19.034)         (24.2798, 43.3161, -4.77789)
                                                                                    (6.281, 38.873, 5.782)

              8          A 129          A 139             11        405.341         (6.281, 38.873, 5.782)         (12.4664, 43.0603, 23.8443)
                                                                                    (16.465, 62.485, 16.77)

              9          A 139          A 157             19        760.454         (16.465, 62.485, 16.77)
                                                                                    (4.702, 36.208, 20.253)

             10          A 157          A 180             24         950.93         (4.702, 36.208, 20.253)         (-17.5448, 31.9286, -5.46902)
                                                                                    (13.768, 26.322, 20.417)

             11          A 180          A 198             19        745.887         (13.768, 26.322, 20.417)         (-14.6018, 25.5742, 16.1185)
                                                                                    (21.5, 22.309, 12.255)

             12          A 198          A 210             13        507.822         (21.5, 22.309, 12.255)         (18.1674, 20.3801, 31.5253)
                                                                                    (7.219, 15.078, 16.246)

             13          A 210          A 221             12        470.263         (7.219, 15.078, 16.246)         (26.5227, 23.7809, 7.2872)
                                                                                    (13.282, 16.385, -1.496)

