Using structure file: /home/pkas7/Research/SCOP/pdbstyle-1.75B/no/d1no7a_.ent
Number of residues: 542
Doing a BEZIER segmentation ...

Bounding box volume: 174254
Null Model Fit: 25593.7 bits.
Bits per residue: 47.3082

Bezier model fit: 22522.8 bits.
Bits per residue: 41.6319

# of segments: 32
Internal segmentation:
0-->27-->56-->66-->77-->101-->109-->136-->158-->179-->182-->206-->223-->250-->258-->259-->270-->288-->303-->321-->342-->355-->383-->406-->421-->431-->449-->464-->481-->510-->512-->540-->541

CPU time used: 34.08 secs.
Wall clock time elapsed: 34 secs.

        SEGMENT          START            END   NUM_RESIDUES MESSAGE_LENGTH                    END_POINTS        INTERMEDIATE_CONTROL_POINTS
              1          A 484          A 511             28        1127.03         (-6.672, 92.383, 103.158)         (-9.64269, 69.2747, 64.0448)
                                                                                    (-6.592, 97.417, 91.79)

              2          A 511          A 557             30        1238.08         (-6.592, 97.417, 91.79)         (17.0758, 77.2047, 123.048)
                                                                                    (-16.795, 77.826, 96.823)

              3          A 557          A 567             11        426.388         (-16.795, 77.826, 96.823)         (-11.0174, 83.9302, 82.1847)
                                                                                    (-16.842, 90.906, 102.068)

              4          A 567          A 578             12         451.73         (-16.842, 90.906, 102.068)         (-9.13007, 77.2619, 111.582)
                                                                                    (5.702, 68.819, 100.676)

              5          A 578          A 602             25        979.497         (5.702, 68.819, 100.676)         (18.0598, 89.2136, 111.284)
                                                                                    (27.529, 59.268, 95.899)

              6          A 602          A 610              9         345.29         (27.529, 59.268, 95.899)
                                                                                    (26.811, 69.851, 80.556)

              7          A 610          A 637             28        1096.27         (26.811, 69.851, 80.556)         (16.1139, 96.159, 68.6068)
                                                                                    (5.101, 64.406, 68.68)

              8          A 637          A 659             23        886.224         (5.101, 64.406, 68.68)         (19.31, 64.6575, 54.2437)
                                                                                    (27.977, 78.562, 71.298)

              9          A 659          A 680             22        868.297         (27.977, 78.562, 71.298)         (-1.29178, 63.8263, 81.9241)
                                                                                    (26.087, 59.346, 65.902)

             10          A 680          A 683              4        147.211         (26.087, 59.346, 65.902)
                                                                                    (29.185, 65.934, 67.703)

             11          A 683          A 707             25         949.29         (29.185, 65.934, 67.703)         (18.3706, 63.8395, 82.7789)
                                                                                    (13.627, 56.695, 100.608)

             12          A 707          A 724             18        723.153         (13.627, 56.695, 100.608)         (-11.5287, 42.2663, 97.4203)
                                                                                    (6.621, 61.82, 97.294)

             13          A 724          A 751             28        1137.97         (6.621, 61.82, 97.294)         (0.58494, 69.1786, 63.4736)
                                                                                    (-11.158, 59.438, 97.926)

             14          A 751          A 759              9        328.124         (-11.158, 59.438, 97.926)
                                                                                    (-10.287, 75.895, 79.5)

             15          A 759          A 760              2        50.3453         (-10.287, 75.895, 79.5)
                                                                                    (-13.603, 75.676, 81.317)

             16          A 760          A 771             12         462.44         (-13.603, 75.676, 81.317)         (-9.2657, 53.4037, 75.4592)
                                                                                    (-5.038, 70.464, 58.291)

             17          A 771          A 789             19        747.653         (-5.038, 70.464, 58.291)         (-22.4621, 82.4801, 80.7095)
                                                                                    (5.905, 57.166, 67.249)

             18          A 789          A 804             16        634.578         (5.905, 57.166, 67.249)         (-16.5988, 54.2571, 67.2283)
                                                                                    (7.566, 56.952, 84.197)

             19          A 804          A 822             19        727.929         (7.566, 56.952, 84.197)
                                                                                    (16.617, 80.1, 88.837)

             20          A 822          A 843             22         857.74         (16.617, 80.1, 88.837)         (-12.8612, 79.8537, 65.77)
                                                                                    (11.998, 80.22, 50.005)

             21          A 843          A 856             14        549.243         (11.998, 80.22, 50.005)         (21.909, 63.7893, 28.6585)
                                                                                    (27.323, 76.472, 51.631)

             22          A 856          A 884             29        1178.96         (27.323, 76.472, 51.631)         (6.97089, 92.7434, 48.2252)
                                                                                    (21.45, 78.927, 62.227)

             23          A 884          A 907             24        948.045         (21.45, 78.927, 62.227)         (4.24852, 59.6929, 39.8078)
                                                                                    (-5.298, 76.278, 80.09)

             24          A 907          A 925             16        639.243         (-5.298, 76.278, 80.09)         (-2.92612, 53.1097, 113.074)
                                                                                    (-12.498, 70.735, 102.946)

             25          A 925          A 935             11        407.688         (-12.498, 70.735, 102.946)         (-0.413411, 74.985, 91.9402)
                                                                                    (-0.033, 72.888, 74.225)

             26          A 935          A 953             19         762.83         (-0.033, 72.888, 74.225)         (24.9427, 97.3169, 78.8069)
                                                                                    (3.806, 87.638, 67.722)

             27          A 953          A 968             16        632.911         (3.806, 87.638, 67.722)         (-0.325475, 70.9579, 96.8702)
                                                                                    (10.453, 90.352, 82.126)

             28          A 968          A 985             18        719.672         (10.453, 90.352, 82.126)         (-7.58105, 101.155, 77.2669)
                                                                                    (8.932, 93.346, 89.571)

             29          A 985         A 1014             30        1203.82         (8.932, 93.346, 89.571)         (-17.8782, 68.5836, 96.5299)
                                                                                    (23.375, 79.75, 95.898)

             30         A 1014         A 1016              3        98.6534         (23.375, 79.75, 95.898)
                                                                                    (25.771, 74.424, 92.081)

             31         A 1016         A 1044             29         1146.2         (25.771, 74.424, 92.081)         (-4.94816, 58.7289, 105.965)
                                                                                    (15.827, 60.941, 104.893)

             32         A 1044         A 1045              2        50.3453         (15.827, 60.941, 104.893)
                                                                                    (16.287, 63.359, 107.787)

