Using structure file: /home/pkas7/Research/SCOP/pdbstyle-1.75B/np/d1np7a2.ent
Number of residues: 204
Doing a BEZIER segmentation ...

Bounding box volume: 86481.5
Null Model Fit: 9398.38 bits.
Bits per residue: 46.2975

Bezier model fit: 8315.49 bits.
Bits per residue: 40.963

# of segments: 13
Internal segmentation:
0-->12-->30-->49-->77-->87-->99-->110-->128-->139-->155-->166-->184-->203

CPU time used: 11.89 secs.
Wall clock time elapsed: 11 secs.

        SEGMENT          START            END   NUM_RESIDUES MESSAGE_LENGTH                    END_POINTS        INTERMEDIATE_CONTROL_POINTS
              1            A 1           A 13             13        479.211         (65.679, 8.955, -15.596)         (47.2449, 7.83144, -26.896)
                                                                                    (37.069, 3.751, -3.004)

              2           A 13           A 31             19         768.39         (37.069, 3.751, -3.004)         (27.2319, -3.69349, -16.0606)
                                                                                    (43.843, 3.84, -25.291)

              3           A 31           A 50             20        772.079         (43.843, 3.84, -25.291)         (49.7609, 2.44093, 6.65843)
                                                                                    (31.138, 8.458, 21.231)

              4           A 50           A 78             29        1125.93         (31.138, 8.458, 21.231)         (37.6928, -14.5512, 2.25713)
                                                                                    (47.537, -8.321, -16.81)

              5           A 78           A 88             11        418.576         (47.537, -8.321, -16.81)         (50.447, 1.0759, 4.68717)
                                                                                    (44.079, 10.112, -0.706)

              6           A 88          A 100             13        491.607         (44.079, 10.112, -0.706)
                                                                                    (52.754, 10.861, -15.456)

              7          A 100          A 111             12        460.919         (52.754, 10.861, -15.456)         (33.9978, 6.86527, -17.2073)
                                                                                    (28.444, 12.872, 1.869)

              8          A 111          A 129             19        718.962         (28.444, 12.872, 1.869)
                                                                                    (47.706, 20.169, -14.649)

              9          A 129          A 140             12        449.585         (47.706, 20.169, -14.649)
                                                                                    (20.466, 2.066, -9.69)

             10          A 140          A 156             17         682.33         (20.466, 2.066, -9.69)         (19.397, 26.1461, -17.5003)
                                                                                    (7.983, 10.822, 0.213)

             11          A 156          A 167             12        458.219         (7.983, 10.822, 0.213)
                                                                                    (8.055, 8.05, -16.246)

             12          A 167          A 185             19        716.688         (8.055, 8.05, -16.246)         (31.1271, -12.7315, -21.1234)
                                                                                    (56.083, 0.191, -17.512)

             13          A 185          A 204             20        772.992         (56.083, 0.191, -17.512)         (55.2278, 7.68818, 16.5245)
                                                                                    (33.776, -16.056, 13.364)

