Using structure file: /home/pkas7/Research/SCOP/pdbstyle-1.75B/np/d1np7a1.ent
Number of residues: 279
Doing a BEZIER segmentation ...

Bounding box volume: 109271
Null Model Fit: 12964.5 bits.
Bits per residue: 46.6349

Bezier model fit: 11566.6 bits.
Bits per residue: 41.6064

# of segments: 18
Internal segmentation:
0-->1-->10-->36-->44-->70-->75-->98-->114-->133-->144-->151-->180-->204-->219-->234-->247-->259-->278

CPU time used: 17.65 secs.
Wall clock time elapsed: 17 secs.

        SEGMENT          START            END   NUM_RESIDUES MESSAGE_LENGTH                    END_POINTS        INTERMEDIATE_CONTROL_POINTS
              1          A 205          A 206              2         49.672         (30.504, -17.209, 14.913)
                                                                                    (28.844, -20.042, 12.998)

              2          A 206          A 215             10         383.76         (28.844, -20.042, 12.998)
                                                                                    (35.159, -8.999, -2.842)

              3          A 215          A 241             27         1063.1         (35.159, -8.999, -2.842)         (14.791, -26.5605, -16.3296)
                                                                                    (11.124, -10.18, 7.074)

              4          A 241          A 249              9        356.012         (11.124, -10.18, 7.074)         (23.506, -23.2972, 11.2182)
                                                                                    (16.97, -12.237, 1.867)

              5          A 249          A 275             27        1061.11         (16.97, -12.237, 1.867)         (38.997, 5.91826, -6.12645)
                                                                                    (12.369, -13.776, -18.233)

              6          A 275          A 280              6        222.105         (12.369, -13.776, -18.233)
                                                                                    (6.067, -11.968, -9.589)

              7          A 280          A 303             24        909.382         (6.067, -11.968, -9.589)         (20.0727, 0.380472, -2.96041)
                                                                                    (20.116, 17.479, 2.764)

              8          A 303          A 319             17        675.155         (20.116, 17.479, 2.764)
                                                                                    (15.037, 16.076, 23.975)

              9          A 319          A 338             20        801.338         (15.037, 16.076, 23.975)         (33.3684, -3.7737, 31.6306)
                                                                                    (14.581, -11.034, 23.79)

             10          A 338          A 349             12        454.417         (14.581, -11.034, 23.79)
                                                                                    (29.029, -11.125, 17.008)

             11          A 349          A 356              8        299.068         (29.029, -11.125, 17.008)
                                                                                    (13.216, -6.425, 10.521)

             12          A 356          A 385             30         1174.8         (13.216, -6.425, 10.521)         (15.1578, 19.1229, 33.8175)
                                                                                    (29.575, -5.211, 7.968)

             13          A 385          A 409             25        1010.99         (29.575, -5.211, 7.968)         (15.4111, 16.7481, 4.96225)
                                                                                    (4.019, 9.325, 16.237)

             14          A 409          A 424             16        628.578         (4.019, 9.325, 16.237)
                                                                                    (8.24, -20.417, 16.937)

             15          A 424          A 439             16         624.88         (8.24, -20.417, 16.937)         (31.096, -13.5883, 23.8969)
                                                                                    (9.827, -24.458, 25.561)

             16          A 439          A 452             14        552.249         (9.827, -24.458, 25.561)         (7.27933, -2.70549, 24.8424)
                                                                                    (8.214, -22.063, 39.426)

             17          A 452          A 464             13        517.208         (8.214, -22.063, 39.426)
                                                                                    (20.637, -15.922, 33.764)

             18          A 464          A 483             20        782.776         (20.637, -15.922, 33.764)         (1.76208, 4.26033, 29.3165)
                                                                                    (5.032, 16.959, 22.061)

