Using structure file: /home/pkas7/Research/SCOP/pdbstyle-1.75B/np/d1npea_.ent
Number of residues: 263
Doing a BEZIER segmentation ...

Bounding box volume: 75165.5
Null Model Fit: 12076.9 bits.
Bits per residue: 46.0951

Bezier model fit: 10923.5 bits.
Bits per residue: 41.6927

# of segments: 26
Internal segmentation:
0-->8-->18-->24-->34-->45-->55-->65-->76-->88-->98-->108-->118-->131-->143-->153-->164-->176-->186-->196-->208-->217-->226-->236-->247-->261-->262

CPU time used: 16.88 secs.
Wall clock time elapsed: 16 secs.

        SEGMENT          START            END   NUM_RESIDUES MESSAGE_LENGTH                    END_POINTS        INTERMEDIATE_CONTROL_POINTS
              1          A 913          A 921              9        328.367         (48.177, 22.925, 78.841)         (41.6033, 35.4245, 81.6678)
                                                                                    (30.268, 36.373, 91.985)

              2          A 921          A 931             11        414.484         (30.268, 36.373, 91.985)
                                                                                    (47.023, 28.055, 70.384)

              3          A 931          A 937              7        259.445         (47.023, 28.055, 70.384)
                                                                                    (32.428, 24.897, 74.72)

              4          A 937          A 947             11        421.777         (32.428, 24.897, 74.72)         (39.0549, 22.7827, 90.3713)
                                                                                    (29.552, 33.232, 99.813)

              5          A 947          A 958             12        450.346         (29.552, 33.232, 99.813)         (41.7398, 45.103, 86.7763)
                                                                                    (55.923, 26.923, 89.746)

              6          A 958          A 968             11        410.712         (55.923, 26.923, 89.746)
                                                                                    (32.88, 39.969, 100.602)

              7          A 968          A 978             11        424.611         (32.88, 39.969, 100.602)         (47.5485, 35.6072, 102.92)
                                                                                    (44.734, 20.361, 89.992)

              8          A 978          A 989             12        462.458         (44.734, 20.361, 89.992)
                                                                                    (43.073, 43.994, 108.75)

              9          A 989         A 1001             13        494.527         (43.073, 43.994, 108.75)         (36.5845, 46.1794, 87.4117)
                                                                                    (60.86, 33.401, 92.323)

             10         A 1001         A 1011             11        405.231         (60.86, 33.401, 92.323)
                                                                                    (39.635, 50.914, 101.148)

             11         A 1011         A 1021             11        423.688         (39.635, 50.914, 101.148)         (57.8803, 49.148, 98.4015)
                                                                                    (51.063, 31.568, 102.836)

             12         A 1021         A 1031             11        425.683         (51.063, 31.568, 102.836)
                                                                                    (50.358, 57.207, 100.415)

             13         A 1031         A 1044             14        537.923         (50.358, 57.207, 100.415)         (34.2542, 48.7757, 88.3278)
                                                                                    (62.673, 38.33, 86.369)

             14         A 1044         A 1056             13        487.487         (62.673, 38.33, 86.369)
                                                                                    (40.541, 63.15, 89.758)

             15         A 1056         A 1066             11        416.409         (40.541, 63.15, 89.758)         (54.918, 51.4809, 82.5622)
                                                                                    (61.529, 45.723, 96.775)

             16         A 1066         A 1077             12        467.031         (61.529, 45.723, 96.775)
                                                                                    (44.685, 60.87, 78.931)

             17         A 1077         A 1089             13         496.52         (44.685, 60.87, 78.931)         (36.5874, 45.1735, 91.8308)
                                                                                    (59.141, 39.405, 75.673)

             18         A 1089         A 1099             11        406.719         (59.141, 39.405, 75.673)
                                                                                    (36.934, 55.958, 81.02)

             19         A 1099         A 1109             11        423.826         (36.934, 55.958, 81.02)         (44.1267, 46.655, 70.7762)
                                                                                    (61.711, 52.449, 79.033)

             20         A 1109         A 1121             13        508.382         (61.711, 52.449, 79.033)         (50.0859, 57.2223, 66.0178)
                                                                                    (32.999, 49.252, 76.182)

             21         A 1121         A 1130             10        372.983         (32.999, 49.252, 76.182)         (41.0473, 42.0993, 90.7004)
                                                                                    (51.795, 36.767, 73.63)

             22         A 1130         A 1139             10        372.066         (51.795, 36.767, 73.63)
                                                                                    (28.865, 46.203, 79.575)

             23         A 1139         A 1149             11        422.556         (28.865, 46.203, 79.575)         (35.3624, 31.9332, 77.4557)
                                                                                    (49.233, 44.818, 66.309)

             24         A 1149         A 1160             12        459.712         (49.233, 44.818, 66.309)
                                                                                    (25.702, 31.342, 80.016)

             25         A 1160         A 1174             15        581.412         (25.702, 31.342, 80.016)         (34.9218, 47.2952, 90.0519)
                                                                                    (55.324, 26.306, 82.941)

             26         A 1174         A 1175              2        49.1322         (55.324, 26.306, 82.941)
                                                                                    (57.053, 29.564, 83.935)

