Using structure file: /home/pkas7/Research/SCOP/pdbstyle-1.75B/nu/d1nu9c1.ent
Number of residues: 145
Doing a BEZIER segmentation ...

Bounding box volume: 72590.9
Null Model Fit: 6630.46 bits.
Bits per residue: 46.0449

Bezier model fit: 5763.18 bits.
Bits per residue: 40.0221

# of segments: 7
Internal segmentation:
0-->22-->47-->65-->94-->114-->143-->144

CPU time used: 8.11 secs.
Wall clock time elapsed: 8 secs.

        SEGMENT          START            END   NUM_RESIDUES MESSAGE_LENGTH                    END_POINTS        INTERMEDIATE_CONTROL_POINTS
              1            C 1           C 23             23        907.571         (19.617, 55.319, 57.935)         (50.4622, 35.961, 69.9663)
                                                                                    (36.462, 27.541, 40.218)

              2           C 23           C 48             26        973.832         (36.462, 27.541, 40.218)
                                                                                    (6.764, 39.181, 64.498)

              3           C 48           C 66             19        744.199         (6.764, 39.181, 64.498)         (18.6208, 46.6717, 81.4482)
                                                                                    (24.681, 39.615, 60.123)

              4           C 66           C 95             30        1125.77         (24.681, 39.615, 60.123)         (42.4329, 49.0956, 45.1947)
                                                                                    (42.013, 43.864, 22.131)

              5           C 95          C 115             21        840.332         (42.013, 43.864, 22.131)         (20.5533, 56.5494, 33.801)
                                                                                    (36.299, 27.641, 50.865)

              6          C 115          C 144             30         1122.4         (36.299, 27.641, 50.865)
                                                                                    (6.322, 34.197, 81.06)

              7          C 144          C 145              2        49.0819         (6.322, 34.197, 81.06)
                                                                                    (4.011, 36.273, 78.846)

