Using structure file: /home/pkas7/Research/SCOP/pdbstyle-1.75B/ny/d1nyna_.ent
Number of residues: 111
Doing a BEZIER segmentation ...

Bounding box volume: 73565.8
Null Model Fit: 5067.05 bits.
Bits per residue: 46.0641

Bezier model fit: 4596 bits.
Bits per residue: 41.7818

# of segments: 9
Internal segmentation:
0-->12-->21-->38-->50-->73-->77-->96-->109-->110

CPU time used: 6.06 secs.
Wall clock time elapsed: 6 secs.

        SEGMENT          START            END   NUM_RESIDUES MESSAGE_LENGTH                    END_POINTS        INTERMEDIATE_CONTROL_POINTS
              1            A 1           A 13             13        490.087         (-18.962, -1.196, -20.793)
                                                                                    (10.727, 10.177, -7.917)

              2           A 13           A 22             10        371.363         (10.727, 10.177, -7.917)         (-0.699411, -2.32087, -12.8216)
                                                                                    (-14.541, 1.479, -13.752)

              3           A 22           A 39             18        703.355         (-14.541, 1.479, -13.752)         (-18.9916, 6.75695, 8.89403)
                                                                                    (-10.783, -7.573, -5.669)

              4           A 39           A 51             13        506.344         (-10.783, -7.573, -5.669)
                                                                                    (8.658, 2.81, -19.981)

              5           A 51           A 74             24        970.672         (8.658, 2.81, -19.981)
                                                                                    (8.808, -0.382, 4.63)

              6           A 74           A 78              5        184.274         (8.808, -0.382, 4.63)
                                                                                    (0.872, -5.316, -1.795)

              7           A 78           A 97             20        777.221         (0.872, -5.316, -1.795)         (-11.1642, 12.1801, 4.73569)
                                                                                    (-3.555, 11.747, -29.829)

              8           A 97          A 110             14        543.579         (-3.555, 11.747, -29.829)
                                                                                    (-18.919, 34.942, -30.211)

              9          A 110          A 111              2        49.1012         (-18.919, 34.942, -30.211)
                                                                                    (-15.17, 35.243, -29.536)

