Using structure file: /home/pkas7/Research/SCOP/pdbstyle-1.75B/o2/d1o2da_.ent
Number of residues: 359
Doing a BEZIER segmentation ...

Bounding box volume: 116397
Null Model Fit: 16727.9 bits.
Bits per residue: 46.726

Bezier model fit: 14778 bits.
Bits per residue: 41.2793

# of segments: 23
Internal segmentation:
0-->13-->36-->56-->68-->85-->94-->110-->121-->137-->154-->162-->178-->200-->205-->227-->228-->248-->268-->287-->311-->319-->340-->358

CPU time used: 22.45 secs.
Wall clock time elapsed: 22 secs.

        SEGMENT          START            END   NUM_RESIDUES MESSAGE_LENGTH                    END_POINTS        INTERMEDIATE_CONTROL_POINTS
              1            A 1           A 14             14        530.534         (6.705, 26.819, 63.069)         (22.2757, 43.995, 60.3858)
                                                                                    (13.405, 63.211, 52.296)

              2           A 14           A 37             24        950.814         (13.405, 63.211, 52.296)         (43.6641, 48.8755, 70.3626)
                                                                                    (22.831, 53.83, 32.776)

              3           A 37           A 57             21        826.924         (22.831, 53.83, 32.776)         (16.0584, 67.7922, 46.3106)
                                                                                    (35.744, 60.152, 52.94)

              4           A 57           A 69             13        494.772         (35.744, 60.152, 52.94)         (33.0608, 52.5411, 31.7105)
                                                                                    (16.764, 42.143, 34.15)

              5           A 69           A 86             18        709.905         (16.764, 42.143, 34.15)         (36.3424, 37.2774, 29.112)
                                                                                    (39.655, 46.029, 47.288)

              6           A 86           A 95             10        380.498         (39.655, 46.029, 47.288)
                                                                                    (15.542, 49.836, 40.931)

              7           A 95          A 111             17        647.556         (15.542, 49.836, 40.931)
                                                                                    (34.373, 34.658, 47.012)

              8          A 111          A 122             12         467.74         (34.373, 34.658, 47.012)         (28.2976, 30.3, 31.8334)
                                                                                    (23.389, 27.989, 49.172)

              9          A 122          A 138             17        663.893         (23.389, 27.989, 49.172)         (39.6464, 46.8326, 55.1987)
                                                                                    (8.196, 51.815, 44.266)

             10          A 138          A 155             18         716.99         (8.196, 51.815, 44.266)         (23.1571, 35.9218, 54.9401)
                                                                                    (17.224, 33.251, 28.909)

             11          A 155          A 163              9        339.695         (17.224, 33.251, 28.909)         (13.8304, 30.5981, 42.7413)
                                                                                    (22.326, 38.234, 52.067)

             12          A 163          A 179             17        655.981         (22.326, 38.234, 52.067)         (15.5399, 67.0315, 57.0629)
                                                                                    (7.05, 57.766, 34.298)

             13          A 179          A 201             23        874.704         (7.05, 57.766, 34.298)
                                                                                    (1.78, 28.733, 52.38)

             14          A 201          A 206              6        223.354         (1.78, 28.733, 52.38)
                                                                                    (4.165, 39.501, 61.237)

             15          A 206          A 228             23        884.286         (4.165, 39.501, 61.237)         (-9.233, 48.4988, 48.2236)
                                                                                    (2.004, 61.948, 39.564)

             16          A 228          A 229              2        49.7631         (2.004, 61.948, 39.564)
                                                                                    (0.601, 62.825, 42.984)

             17          A 229          A 249             21        793.378         (0.601, 62.825, 42.984)         (7.60088, 52.1285, 51.7372)
                                                                                    (9.622, 36.134, 55.208)

             18          A 249          A 269             21        845.954         (9.622, 36.134, 55.208)         (4.4219, 28.1389, 22.4797)
                                                                                    (8.055, 44.694, 32.704)

             19          A 269          A 288             20        771.286         (8.055, 44.694, 32.704)         (-7.00452, 37.0369, 36.0138)
                                                                                    (-7.374, 25.825, 49.571)

             20          A 288          A 312             25         993.62         (-7.374, 25.825, 49.571)         (-15.6261, 48.8177, 52.7042)
                                                                                    (-5.02, 49.567, 32.183)

             21          A 312          A 320              9        338.486         (-5.02, 49.567, 32.183)
                                                                                    (2.076, 30.927, 19.798)

             22          A 320          A 341             22        856.841         (2.076, 30.927, 19.798)         (15.0022, 21.1657, 35.3673)
                                                                                    (-1.986, 27.052, 47.739)

             23          A 341          A 359             19        761.019         (-1.986, 27.052, 47.739)         (-2.0408, 9.06297, 23.9117)
                                                                                    (-5.377, 33.849, 24.058)         (-4.37319, 43.7068, 38.2067)

