Using structure file: /home/pkas7/Research/SCOP/pdbstyle-1.75B/o6/d1o6wa2.ent
Number of residues: 46
Doing a BEZIER segmentation ...

Bounding box volume: 10051.9
Null Model Fit: 1943.66 bits.
Bits per residue: 43.1925

Bezier model fit: 1842.19 bits.
Bits per residue: 40.9375

# of segments: 4
Internal segmentation:
0-->14-->21-->31-->45

CPU time used: 1.84 secs.
Wall clock time elapsed: 1 secs.

        SEGMENT          START            END   NUM_RESIDUES MESSAGE_LENGTH                    END_POINTS        INTERMEDIATE_CONTROL_POINTS
              1           A 30           A 44             15        564.127         (3.302, 2.426, -7.965)
                                                                                    (-14.296, -4.531, -0.172)

              2           A 44           A 51              8        285.053         (-14.296, -4.531, -0.172)         (-7.87215, 6.34957, -1.51566)
                                                                                    (-11.089, 18.64, 0.368)

              3           A 51           A 61             11        415.812         (-11.089, 18.64, 0.368)         (-2.99862, 8.58704, 6.06475)
                                                                                    (-21.027, -2.618, 1.453)

              4           A 61           A 75             15        577.193         (-21.027, -2.618, 1.453)         (-4.74916, 13.5374, 14.127)
                                                                                    (-4.444, -14.578, 4.715)

