Using structure file: /home/pkas7/Research/SCOP/pdbstyle-1.75B/o8/d1o80a_.ent
Number of residues: 74
Doing a BEZIER segmentation ...

Bounding box volume: 26811.1
Null Model Fit: 3256.38 bits.
Bits per residue: 44.6079

Bezier model fit: 3020.12 bits.
Bits per residue: 41.3715

# of segments: 5
Internal segmentation:
0-->17-->32-->46-->57-->73

CPU time used: 3.51 secs.
Wall clock time elapsed: 3 secs.

        SEGMENT          START            END   NUM_RESIDUES MESSAGE_LENGTH                    END_POINTS        INTERMEDIATE_CONTROL_POINTS
              1            A 1           A 18             18        699.442         (42.736, 11.746, 43.108)         (26.7552, 34.7116, 55.0781)
                                                                                    (19.428, 37.321, 26.232)

              2           A 18           A 33             16        625.546         (19.428, 37.321, 26.232)         (39.9415, 36.045, 15.3732)
                                                                                    (26.456, 17.895, 41.792)

              3           A 33           A 47             15        589.595         (26.456, 17.895, 41.792)
                                                                                    (34.807, 42.442, 26.517)

              4           A 47           A 58             12         467.08         (34.807, 42.442, 26.517)         (31.5211, 31.3107, 38.7472)
                                                                                    (15.666, 31.263, 31.588)

              5           A 58           A 74             17        638.454         (15.666, 31.263, 31.588)
                                                                                    (28.839, 23.05, 9.265)

