Using structure file: /home/pkas7/Research/SCOP/pdbstyle-1.75B/oa/d1oa0a_.ent
Number of residues: 543
Doing a BEZIER segmentation ...

Bounding box volume: 217766
Null Model Fit: 25815.3 bits.
Bits per residue: 47.6298

Bezier model fit: 22330.7 bits.
Bits per residue: 41.2005

# of segments: 32
Internal segmentation:
0-->13-->26-->54-->74-->79-->102-->106-->135-->162-->166-->186-->215-->232-->253-->262-->277-->299-->313-->337-->353-->369-->390-->403-->425-->440-->450-->469-->476-->486-->508-->526-->542

CPU time used: 36.39 secs.
Wall clock time elapsed: 36 secs.

        SEGMENT          START            END   NUM_RESIDUES MESSAGE_LENGTH                    END_POINTS        INTERMEDIATE_CONTROL_POINTS
              1            A 1           A 14             14        560.611         (28.602, 1.683, -13.587)         (2.79907, 0.505363, -0.507164)
                                                                                    (13.145, -5.006, -18.161)

              2           A 14           A 27             14         559.63         (13.145, -5.006, -18.161)
                                                                                    (15.994, 10.433, -10.222)

              3           A 27           A 55             29        1088.41         (15.994, 10.433, -10.222)         (21.7762, 0.843253, 9.01617)
                                                                                    (14.334, -3.626, 29.718)

              4           A 55           A 75             21        827.641         (14.334, -3.626, 29.718)         (5.96366, 14.1533, 13.775)
                                                                                    (6.733, 3.84, -4.988)

              5           A 75           A 80              6        227.036         (6.733, 3.84, -4.988)
                                                                                    (11.525, 15.661, -2.65)

              6           A 80          A 103             24        907.904         (11.525, 15.661, -2.65)         (19.214, 15.3069, 12.6668)
                                                                                    (24.326, -0.06, 28.666)

              7          A 103          A 107              5        187.062         (24.326, -0.06, 28.666)
                                                                                    (27.755, -5.66, 18.226)

              8          A 107          A 136             30        1192.06         (27.755, -5.66, 18.226)         (24.768, 31.5606, -3.78132)
                                                                                    (24.316, -13.711, -2.369)

              9          A 136          A 163             28        1051.09         (24.316, -13.711, -2.369)         (6.17015, -5.54409, 1.78412)
                                                                                    (-6.653, 7.327, 13.966)

             10          A 163          A 167              5        183.417         (-6.653, 7.327, 13.966)
                                                                                    (0.152, -1.97, 19.296)

             11          A 167          A 187             21        828.823         (0.152, -1.97, 19.296)         (19.0167, -0.410181, 11.5606)
                                                                                    (20.636, -18.448, 7.071)

             12          A 187          A 216             30        1119.07         (20.636, -18.448, 7.071)         (-1.84462, -13.4453, 7.74602)
                                                                                    (-14.098, 5.826, 13.69)

             13          A 216          A 233             18        708.743         (-14.098, 5.826, 13.69)         (-30.6075, -5.65063, -13.7724)
                                                                                    (-15.763, 24.291, -7.725)

             14          A 233          A 254             22        866.385         (-15.763, 24.291, -7.725)         (2.28834, -2.98879, 11.7672)
                                                                                    (-20.734, 26.048, 4.169)

             15          A 254          A 263             10         377.89         (-20.734, 26.048, 4.169)
                                                                                    (-8.4, 6.212, -6.982)

             16          A 263          A 278             16        626.058         (-8.4, 6.212, -6.982)         (-20.4326, -0.0557709, 11.3732)
                                                                                    (-24.087, 16.97, 1.611)

             17          A 278          A 300             23        911.668         (-24.087, 16.97, 1.611)         (4.74977, -1.98224, -24.7663)
                                                                                    (-9.776, 22.211, -9.255)

             18          A 300          A 314             15        595.611         (-9.776, 22.211, -9.255)         (4.48638, -2.7126, 5.29091)
                                                                                    (3.196, 21.959, -15.505)

             19          A 314          A 338             25        1018.62         (3.196, 21.959, -15.505)
                                                                                    (-0.13, 11.889, 12.916)

             20          A 338          A 354             17        664.571         (-0.13, 11.889, 12.916)         (-10.2045, 32.8808, 4.49865)
                                                                                    (-10.903, 27.288, -10.471)

             21          A 354          A 370             17        653.269         (-10.903, 27.288, -10.471)         (-27.1313, 6.41177, -25.5071)
                                                                                    (-16.41, -5.288, 3.542)

             22          A 370          A 391             22        869.835         (-16.41, -5.288, 3.542)         (-34.0839, -21.0751, 6.7052)
                                                                                    (-20.061, -21.615, -9.112)

             23          A 391          A 404             14        535.438         (-20.061, -21.615, -9.112)         (-1.0833, 0.273646, 0.638922)
                                                                                    (-0.61, -2.296, -21.743)

             24          A 404          A 426             23        908.222         (-0.61, -2.296, -21.743)         (-29.3221, -25.9317, -19.9404)
                                                                                    (-7.352, -1.887, -4.159)

             25          A 426          A 441             16        624.376         (-7.352, -1.887, -4.159)         (-12.8632, 2.6087, -25.1471)
                                                                                    (-29.732, -13.726, -7.592)

             26          A 441          A 451             11        423.654         (-29.732, -13.726, -7.592)
                                                                                    (-8.942, -0.156, -0.355)

             27          A 451          A 470             20        755.142         (-8.942, -0.156, -0.355)
                                                                                    (-16.814, -27.361, 7.768)

             28          A 470          A 477              8        319.313         (-16.814, -27.361, 7.768)         (-1.75408, -26.2572, 3.08912)
                                                                                    (-13.41, -23.276, -1.137)

             29          A 477          A 487             11         407.31         (-13.41, -23.276, -1.137)         (-7.42186, -14.3452, -14.9935)
                                                                                    (3.726, -1.394, -5.222)

             30          A 487          A 509             23        907.806         (3.726, -1.394, -5.222)         (-4.63797, -28.07, 16.4595)
                                                                                    (0.935, -8.989, -14.995)

             31          A 509          A 527             19         755.95         (0.935, -8.989, -14.995)         (26.0049, -19.2157, -3.40069)
                                                                                    (2.44, -22.32, -2.399)

             32          A 527          A 543             17        668.066         (2.44, -22.32, -2.399)         (-4.7386, -9.78982, -33.0785)
                                                                                    (-10.851, -23.402, -13.609)

