Using structure file: /home/pkas7/Research/SCOP/pdbstyle-1.75B/oc/d1oc0b_.ent
Number of residues: 37
Doing a BEZIER segmentation ...

Bounding box volume: 4924.2
Null Model Fit: 1517.87 bits.
Bits per residue: 42.163

Bezier model fit: 1519.93 bits.
Bits per residue: 42.2202

# of segments: 4
Internal segmentation:
0-->3-->14-->20-->36

CPU time used: 1.1 secs.
Wall clock time elapsed: 1 secs.

        SEGMENT          START            END   NUM_RESIDUES MESSAGE_LENGTH                    END_POINTS        INTERMEDIATE_CONTROL_POINTS
              1            B 3            B 6              4        131.776         (10.68, 18.494, 50.169)
                                                                                    (9.067, 27.303, 47.908)

              2            B 6           B 17             12        459.269         (9.067, 27.303, 47.908)         (22.094, 27.0073, 32.6132)
                                                                                    (17.68, 17.789, 47.367)

              3           B 17           B 23              7        251.561         (17.68, 17.789, 47.367)
                                                                                    (11.55, 23.198, 34.371)

              4           B 23           B 39             17        677.321         (11.55, 23.198, 34.371)         (5.68194, 6.5398, 44.3272)
                                                                                    (6.73, 27.397, 40.121)

