Using structure file: /home/pkas7/Research/SCOP/pdbstyle-1.75B/of/d1ofwa_.ent
Number of residues: 292
Doing a BEZIER segmentation ...

Bounding box volume: 135405
Null Model Fit: 13660.8 bits.
Bits per residue: 46.9443

Bezier model fit: 12131 bits.
Bits per residue: 41.6872

# of segments: 15
Internal segmentation:
0-->14-->25-->54-->82-->96-->118-->147-->174-->187-->196-->219-->247-->259-->274-->291

CPU time used: 18.06 secs.
Wall clock time elapsed: 18 secs.

        SEGMENT          START            END   NUM_RESIDUES MESSAGE_LENGTH                    END_POINTS        INTERMEDIATE_CONTROL_POINTS
              1            A 1           A 15             15        598.408         (-11.386, -11.846, -14.335)         (14.3784, -23.8345, -9.14555)
                                                                                    (-10.293, -17.103, 1.759)

              2           A 15           A 26             12        468.929         (-10.293, -17.103, 1.759)         (-10.5076, -32.8307, 21.7893)
                                                                                    (-24.749, -19.859, 13.435)

              3           A 26           A 55             30        1213.48         (-24.749, -19.859, 13.435)         (16.9841, -0.190817, -8.94941)
                                                                                    (5.487, -27.224, 5.34)

              4           A 55           A 83             29        1187.43         (5.487, -27.224, 5.34)         (-14.7504, -32.1374, 22.8748)
                                                                                    (2.638, -9.133, 18.656)

              5           A 83           A 97             15        579.418         (2.638, -9.133, 18.656)         (27.7107, -29.9604, 20.4818)
                                                                                    (0.005, -11.078, 10.135)

              6           A 97          A 119             23        906.243         (0.005, -11.078, 10.135)         (19.8335, 8.35069, 4.52513)
                                                                                    (-0.528, 4.788, 18.963)

              7          A 119          A 148             30        1212.82         (-0.528, 4.788, 18.963)         (-28.8397, -11.0819, -3.82582)
                                                                                    (-13.159, -27.594, 5.352)

              8          A 148          A 175             28         1095.2         (-13.159, -27.594, 5.352)         (-16.4892, -18.9884, -13.515)
                                                                                    (-3.863, 21.532, 0.213)

              9          A 175          A 188             14        536.459         (-3.863, 21.532, 0.213)
                                                                                    (8.775, 33.696, 25.422)

             10          A 188          A 197             10        378.873         (8.775, 33.696, 25.422)
                                                                                    (2.856, 22.018, 7.956)

             11          A 197          A 220             24         932.73         (2.856, 22.018, 7.956)         (11.4467, -3.84433, -6.90518)
                                                                                    (-10, 6.918, 6.12)

             12          A 220          A 248             29        1184.91         (-10, 6.918, 6.12)
                                                                                    (1.699, 23.796, 33.432)

             13          A 248          A 260             13        511.039         (1.699, 23.796, 33.432)         (-7.68542, 3.28828, 37.9121)
                                                                                    (6.081, 22.44, 25.659)

             14          A 260          A 275             16        611.483         (6.081, 22.44, 25.659)
                                                                                    (16.704, 9.776, 11.24)

             15          A 275          A 292             18        713.545         (16.704, 9.776, 11.24)
                                                                                    (15.644, 39.453, 21.011)

