Using structure file: /home/pkas7/Research/SCOP/pdbstyle-1.75B/og/d1ogae2.ent
Number of residues: 126
Doing a BEZIER segmentation ...

Bounding box volume: 42303.8
Null Model Fit: 5658.23 bits.
Bits per residue: 45.2659

Bezier model fit: 5112.98 bits.
Bits per residue: 40.9038

# of segments: 10
Internal segmentation:
0-->14-->20-->30-->46-->67-->78-->86-->101-->113-->125

CPU time used: 7.02 secs.
Wall clock time elapsed: 7 secs.

        SEGMENT          START            END   NUM_RESIDUES MESSAGE_LENGTH                    END_POINTS        INTERMEDIATE_CONTROL_POINTS
              1          E 119          E 133             15         548.88         (0.224, -19.825, -44.106)         (-23.3665, -19.5844, -35.285)
                                                                                    (-31.971, -41.654, -34.645)

              2          E 133          E 139              7        266.813         (-31.971, -41.654, -34.645)
                                                                                    (-33.377, -39.649, -25.483)

              3          E 139          E 149             11        390.295         (-33.377, -39.649, -25.483)         (-21.421, -28.5584, -31.2735)
                                                                                    (-8.489, -25.238, -41.673)

              4          E 149          E 165             17         674.77         (-8.489, -25.238, -41.673)         (17.2764, -20.2035, -27.9109)
                                                                                    (-21.338, -19.925, -21.861)         (-45.714, -21.7888, -25.6114)

              5          E 165          E 186             22        891.371         (-21.338, -19.925, -21.861)         (-24.2951, -41.1646, -11.7688)
                                                                                    (-0.173, -27.843, -41.977)         (12.2082, -31.6901, -54.1528)

              6          E 186          E 197             12        430.274         (-0.173, -27.843, -41.977)         (-14.5059, -29.5203, -30.203)
                                                                                    (-31.439, -34.094, -23.221)

              7          E 197          E 205              9        342.881         (-31.439, -34.094, -23.221)
                                                                                    (-36.756, -21.435, -28.09)

              8          E 205          E 220             16        586.731         (-36.756, -21.435, -28.09)         (-8.51307, -25.0891, -31.2758)
                                                                                    (2.039, -4.99, -37.363)

              9          E 220          E 232             13        499.857         (2.039, -4.99, -37.363)         (-7.63748, -13.1834, -62.601)
                                                                                    (-7.306, -12.479, -34.279)

             10          E 232          E 244             13        481.106         (-7.306, -12.479, -34.279)         (-26.826, -20.4965, -34.7103)
                                                                                    (-40.719, -32.999, -32.637)

