Using structure file: /home/pkas7/Research/SCOP/pdbstyle-1.75B/oh/d1ohea2.ent
Number of residues: 181
Doing a BEZIER segmentation ...

Bounding box volume: 55522.5
Null Model Fit: 8218.46 bits.
Bits per residue: 45.6581

Bezier model fit: 7449.99 bits.
Bits per residue: 41.3888

# of segments: 15
Internal segmentation:
0-->24-->33-->39-->45-->66-->67-->78-->89-->109-->116-->135-->137-->155-->179-->180

CPU time used: 11.17 secs.
Wall clock time elapsed: 11 secs.

        SEGMENT          START            END   NUM_RESIDUES MESSAGE_LENGTH                    END_POINTS        INTERMEDIATE_CONTROL_POINTS
              1          A 199          A 223             25        996.832         (11.703, 15.752, 30.402)         (12.6936, -16.4022, 14.8192)
                                                                                    (19.808, 17.779, 16.686)

              2          A 223          A 232             10        366.856         (19.808, 17.779, 16.686)         (23.8436, -0.67382, 16.0815)
                                                                                    (14.827, -1.516, 0.055)

              3          A 232          A 238              7        264.633         (14.827, -1.516, 0.055)
                                                                                    (10.34, -13.914, 11.7)

              4          A 238          A 244              7        260.635         (10.34, -13.914, 11.7)
                                                                                    (12.524, 0.274, 4.952)

              5          A 244          A 265             22        863.934         (12.524, 0.274, 4.952)         (3.59074, 29.3947, 20.0909)
                                                                                    (26.864, 1.286, 0.841)

              6          A 265          A 266              2        48.6952         (26.864, 1.286, 0.841)
                                                                                    (23.615, 1.822, -1.107)

              7          A 266          A 277             12        463.683         (23.615, 1.822, -1.107)
                                                                                    (11.341, 16.29, 1.565)

              8          A 277          A 288             12        447.306         (11.341, 16.29, 1.565)         (31.6541, 11.6782, -2.28572)
                                                                                    (35.283, -0.532, 9.909)

              9          A 288          A 308             21         825.58         (35.283, -0.532, 9.909)         (40.6727, 26.7239, 1.4037)
                                                                                    (16.809, 21.016, 11.914)

             10          A 308          A 315              8        291.262         (16.809, 21.016, 11.914)
                                                                                    (24.86, -0.555, 8.415)

             11          A 315          A 334             20        773.695         (24.86, -0.555, 8.415)
                                                                                    (35.06, 20.928, 23.189)

             12          A 334          A 336              3        95.3533         (35.06, 20.928, 23.189)
                                                                                    (37.549, 14.952, 24.791)

             13          A 336          A 354             19        755.987         (37.549, 14.952, 24.791)         (15.3036, 5.36066, 27.592)
                                                                                    (38.119, -0.52, 16.741)

             14          A 354          A 378             25        946.845         (38.119, -0.52, 16.741)         (47.7774, 20.8947, 19.138)
                                                                                    (30.605, 33.96, 14.465)

             15          A 378          A 379              2        48.6952         (30.605, 33.96, 14.465)
                                                                                    (31.471, 36.492, 17.204)

