Using structure file: /home/pkas7/Research/SCOP/pdbstyle-1.75B/oh/d1ohwa_.ent
Number of residues: 461
Doing a BEZIER segmentation ...

Bounding box volume: 182933
Null Model Fit: 21794 bits.
Bits per residue: 47.3783

Bezier model fit: 19039.5 bits.
Bits per residue: 41.3902

# of segments: 28
Internal segmentation:
0-->26-->39-->49-->62-->91-->114-->124-->146-->169-->182-->199-->220-->245-->261-->266-->281-->307-->319-->341-->361-->386-->398-->407-->422-->430-->441-->442-->460

CPU time used: 29.46 secs.
Wall clock time elapsed: 29 secs.

        SEGMENT          START            END   NUM_RESIDUES MESSAGE_LENGTH                    END_POINTS        INTERMEDIATE_CONTROL_POINTS
              1           A 11           A 37             27        1083.96         (18.484, 25.694, 15.068)         (28.4606, 4.23707, -15.4439)
                                                                                    (31.295, -8.491, 14.363)

              2           A 37           A 50             14        547.716         (31.295, -8.491, 14.363)         (14.0146, -4.08273, 1.2412)
                                                                                    (27.792, 16.018, 15.263)

              3           A 50           A 60             11        429.687         (27.792, 16.018, 15.263)         (7.32012, 22.6513, 11.5015)
                                                                                    (28.947, 9.997, 6.757)

              4           A 60           A 73             14        549.086         (28.947, 9.997, 6.757)         (12.8075, 17.4693, 2.25352)
                                                                                    (10.194, 7.954, 17.254)

              5           A 73          A 102             30        1194.76         (10.194, 7.954, 17.254)         (35.7509, 39.462, 27.2235)
                                                                                    (22.041, 2.117, 41.8)

              6          A 102          A 125             24        969.773         (22.041, 2.117, 41.8)         (19.968, 24.037, 43.2537)
                                                                                    (-4.82, 11.42, 35.5)

              7          A 125          A 135             11        422.717         (-4.82, 11.42, 35.5)         (7.83715, 5.24018, 48.1294)
                                                                                    (13.741, 1.115, 28.242)

              8          A 135          A 157             23        874.621         (13.741, 1.115, 28.242)         (0.847783, -10.0794, 35.3075)
                                                                                    (-6.673, -10.323, 51.076)

              9          A 157          A 180             24        963.087         (-6.673, -10.323, 51.076)         (20.2772, -32.018, 50.5644)
                                                                                    (-1.956, -15.894, 35.352)

             10          A 180          A 193             14        547.222         (-1.956, -15.894, 35.352)         (-7.31672, 0.444878, 8.35571)
                                                                                    (12.167, -9.752, 26.143)

             11          A 193          A 210             18        728.531         (12.167, -9.752, 26.143)         (-2.33889, -7.20257, 11.3353)
                                                                                    (11.2, -18.289, 20.908)

             12          A 210          A 231             22        869.325         (11.2, -18.289, 20.908)         (-13.5215, -25.9018, 43.6936)
                                                                                    (-19.474, 4.682, 9.99)         (-7.77472, 16.6443, -12.0553)

             13          A 231          A 256             26        978.066         (-19.474, 4.682, 9.99)
                                                                                    (-7.501, -21.267, 35.448)

             14          A 256          A 272             17        667.642         (-7.501, -21.267, 35.448)         (-1.50309, 7.63202, 28.1619)
                                                                                    (0.994, -1.244, 10.994)

             15          A 272          A 277              6        215.619         (0.994, -1.244, 10.994)
                                                                                    (-12.008, 5.228, 17.919)

             16          A 277          A 292             16        608.563         (-12.008, 5.228, 17.919)
                                                                                    (-10.976, -7.003, 37.672)

             17          A 292          A 318             27        1076.73         (-10.976, -7.003, 37.672)         (17.6478, 20.7752, 9.06248)
                                                                                    (-11.297, 9.95, 30.82)

             18          A 318          A 330             13        511.643         (-11.297, 9.95, 30.82)         (-1.47515, -4.72178, 39.1689)
                                                                                    (10.895, 10.404, 23.497)

             19          A 330          A 352             23        928.109         (10.895, 10.404, 23.497)         (-9.56887, -3.00216, 56.1981)
                                                                                    (16.941, -3.702, 39.262)

             20          A 352          A 372             21        816.139         (16.941, -3.702, 39.262)         (23.4991, 18.9588, 30.1234)
                                                                                    (5.765, 23.73, 27.034)

             21          A 372          A 397             26        978.003         (5.765, 23.73, 27.034)
                                                                                    (-4.311, 11.852, -7.254)

             22          A 397          A 409             13         515.24         (-4.311, 11.852, -7.254)         (-4.70211, -5.01895, -3.54514)
                                                                                    (-1.218, 14.782, 15.021)

             23          A 409          A 418             10        373.534         (-1.218, 14.782, 15.021)
                                                                                    (2.527, -4.408, -1.595)

             24          A 418          A 433             16        609.538         (2.527, -4.408, -1.595)
                                                                                    (16.393, 13.74, 0.783)

             25          A 433          A 441              9         341.62         (16.393, 13.74, 0.783)         (8.34361, 5.19886, 12.6387)
                                                                                    (3.696, -5.373, 5.584)

             26          A 441          A 452             12        458.709         (3.696, -5.373, 5.584)
                                                                                    (8.752, 19.476, 12.585)

             27          A 452          A 453              2        50.4154         (8.752, 19.476, 12.585)
                                                                                    (6.585, 22.367, 11.312)

             28          A 453          A 471             19        729.446         (6.585, 22.367, 11.312)
                                                                                    (7.302, 6.278, -10.393)

