Using structure file: /home/pkas7/Research/SCOP/pdbstyle-1.75B/oh/d1oh4a_.ent
Number of residues: 174
Doing a BEZIER segmentation ...

Bounding box volume: 52468.6
Null Model Fit: 7884.74 bits.
Bits per residue: 45.5765

Bezier model fit: 7122.23 bits.
Bits per residue: 41.169

# of segments: 15
Internal segmentation:
0-->12-->25-->32-->42-->55-->56-->67-->80-->89-->99-->123-->124-->139-->157-->173

CPU time used: 10.35 secs.
Wall clock time elapsed: 10 secs.

        SEGMENT          START            END   NUM_RESIDUES MESSAGE_LENGTH                    END_POINTS        INTERMEDIATE_CONTROL_POINTS
              1            A 3           A 15             13        501.209         (17.445, 46.301, 16.07)
                                                                                    (-5.991, 23.309, 23.742)

              2           A 15           A 28             14        537.167         (-5.991, 23.309, 23.742)         (-11.2415, 28.3321, 10.6348)
                                                                                    (8.053, 15.595, -0.156)

              3           A 28           A 35              8        288.953         (8.053, 15.595, -0.156)
                                                                                    (-4.476, 11.226, 11.887)

              4           A 35           A 45             11        425.171         (-4.476, 11.226, 11.887)
                                                                                    (1.693, 21.241, 28.242)

              5           A 45           A 58             14        536.764         (1.693, 21.241, 28.242)         (0.0088212, 7.78052, 7.84853)
                                                                                    (17.185, 10.314, 1.11)

              6           A 58           A 59              2        48.6136         (17.185, 10.314, 1.11)
                                                                                    (18.365, 13.678, 2.407)

              7           A 59           A 70             12        434.181         (18.365, 13.678, 2.407)         (-1.54119, 16.7093, 7.90984)
                                                                                    (-2.292, 38.221, 10.316)

              8           A 70           A 83             14        539.818         (-2.292, 38.221, 10.316)         (15.9001, 46.4699, 9.17473)
                                                                                    (10.401, 17.391, 20.113)

              9           A 83           A 92             10        379.454         (10.401, 17.391, 20.113)         (16.093, -2.21265, 26.4067)
                                                                                    (20.009, 10.867, 10.973)

             10           A 92          A 102             11        396.836         (20.009, 10.867, 10.973)         (14.1133, 27.7096, 11.0879)
                                                                                    (1.841, 33.657, -0.892)

             11          A 102          A 126             25        989.967         (1.841, 33.657, -0.892)         (36.8339, 18.7497, 10.9031)
                                                                                    (8.524, 11.343, 32.933)

             12          A 126          A 127              2        48.6136         (8.524, 11.343, 32.933)
                                                                                    (9.149, 10.669, 29.206)

             13          A 127          A 142             16         601.82         (9.149, 10.669, 29.206)         (25.1952, 30.6085, 13.9231)
                                                                                    (4.966, 42.055, 1.55)

             14          A 142          A 160             19        741.555         (4.966, 42.055, 1.55)         (-12.2684, 31.3517, 13.674)
                                                                                    (6.017, 7.997, 14.961)         (37.0165, 3.2818, 0.514122)

             15          A 160          A 176             17        652.113         (6.017, 7.997, 14.961)         (4.90582, 37.63, 22.2086)
                                                                                    (12.541, 51.443, 13.316)

