Using structure file: /home/pkas7/Research/SCOP/pdbstyle-1.75B/ok/d1okta2.ent
Number of residues: 85
Doing a BEZIER segmentation ...

Bounding box volume: 19020.3
Null Model Fit: 3705.46 bits.
Bits per residue: 44.1126

Bezier model fit: 3502.3 bits.
Bits per residue: 41.694

# of segments: 7
Internal segmentation:
0-->9-->27-->52-->64-->71-->83-->84

CPU time used: 4.29 secs.
Wall clock time elapsed: 4 secs.

        SEGMENT          START            END   NUM_RESIDUES MESSAGE_LENGTH                    END_POINTS        INTERMEDIATE_CONTROL_POINTS
              1            A 1           A 10             10        370.592         (63.234, 37.771, 29.715)
                                                                                    (61.708, 41.422, 2.363)

              2           A 10           A 28             19        755.137         (61.708, 41.422, 2.363)         (44.334, 46.2393, 10.4571)
                                                                                    (58.216, 47.42, 21.506)

              3           A 28           A 53             26        1030.39         (58.216, 47.42, 21.506)         (77.0281, 42.8407, -19.3576)
                                                                                    (66.484, 27.079, 10.581)

              4           A 53           A 65             13         513.25         (66.484, 27.079, 10.581)         (50.9815, 33.9628, -2.12371)
                                                                                    (66.419, 35.468, 21.678)

              5           A 65           A 72              8        291.653         (66.419, 35.468, 21.678)
                                                                                    (52.57, 35.428, 10.022)

              6           A 72           A 84             13        494.125         (52.57, 35.428, 10.022)
                                                                                    (46.988, 41.788, 25.745)

              7           A 84           A 85              2        47.1497         (46.988, 41.788, 25.745)
                                                                                    (45.395, 42.84, 22.465)

