Using structure file: /home/pkas7/Research/SCOP/pdbstyle-1.75B/ok/d1oksa_.ent
Number of residues: 53
Doing a BEZIER segmentation ...

Bounding box volume: 9747.24
Null Model Fit: 2243.7 bits.
Bits per residue: 43.1481

Bezier model fit: 2075.4 bits.
Bits per residue: 39.9115

# of segments: 4
Internal segmentation:
0-->1-->30-->31-->52

CPU time used: 2.14 secs.
Wall clock time elapsed: 2 secs.

        SEGMENT          START            END   NUM_RESIDUES MESSAGE_LENGTH                    END_POINTS        INTERMEDIATE_CONTROL_POINTS
              1            A 2            A 3              2        46.1852         (33.92, 10.121, 13.144)
                                                                                    (33.061, 6.513, 13.947)

              2            A 3           A 32             30        1160.66         (33.061, 6.513, 13.947)         (0.173098, 11.9932, -1.70125)
                                                                                    (38.361, 2.938, 4.6)

              3           A 32           A 33              2        46.1852         (38.361, 2.938, 4.6)
                                                                                    (40.398, 4.57, 7.35)

              4           A 33           A 54             22        822.367         (40.398, 4.57, 7.35)
                                                                                    (15.324, 24.825, 3.414)

