Using structure file: /home/pkas7/Research/SCOP/pdbstyle-1.75B/ok/d1ok7a3.ent
Number of residues: 122
Doing a BEZIER segmentation ...

Bounding box volume: 34355.3
Null Model Fit: 5440.84 bits.
Bits per residue: 44.9656

Bezier model fit: 4988.36 bits.
Bits per residue: 41.2261

# of segments: 12
Internal segmentation:
0-->2-->16-->31-->42-->52-->54-->67-->75-->98-->109-->111-->121

CPU time used: 7.12 secs.
Wall clock time elapsed: 7 secs.

        SEGMENT          START            END   NUM_RESIDUES MESSAGE_LENGTH                    END_POINTS        INTERMEDIATE_CONTROL_POINTS
              1          A 245          A 247              3        93.9683         (-23.625, -7.42, -29.872)
                                                                                    (-23.176, -2.18, -28.302)

              2          A 247          A 261             15        570.449         (-23.176, -2.18, -28.302)         (-13.1052, 4.41292, -51.5647)
                                                                                    (2.838, 1.651, -24.977)

              3          A 261          A 276             16        619.879         (2.838, 1.651, -24.977)
                                                                                    (-8.547, 17.303, -12.408)

              4          A 276          A 287             12        447.326         (-8.547, 17.303, -12.408)
                                                                                    (-3.015, 10.789, -42.134)

              5          A 287          A 297             11        395.653         (-3.015, 10.789, -42.134)
                                                                                    (-9.233, 25.736, -16.01)

              6          A 297          A 299              3        93.9683         (-9.233, 25.736, -16.01)
                                                                                    (-5.375, 27.49, -19.059)

              7          A 299          A 312             14         521.84         (-5.375, 27.49, -19.059)         (11.3018, 4.67596, -31.9277)
                                                                                    (-9.213, 7.801, -43.419)

              8          A 312          A 320              9         332.28         (-9.213, 7.801, -43.419)         (-13.2262, 19.8354, -36.5091)
                                                                                    (-12.243, 10.065, -20.815)

              9          A 320          A 343             24        954.177         (-12.243, 10.065, -20.815)         (7.92648, -18.8619, -23.2119)
                                                                                    (-16.909, 12.438, -33.742)

             10          A 343          A 354             12        464.602         (-16.909, 12.438, -33.742)
                                                                                    (-6.214, -10.573, -31.831)

             11          A 354          A 356              3        93.9683         (-6.214, -10.573, -31.831)
                                                                                    (-10.447, -12.239, -28.761)

             12          A 356          A 366             11         400.25         (-10.447, -12.239, -28.761)         (-20.2696, 3.57202, -25.1766)
                                                                                    (-14.632, 18.743, -24.134)

