Using structure file: /home/pkas7/Research/SCOP/pdbstyle-1.75B/ok/d1ok3a2.ent
Number of residues: 64
Doing a BEZIER segmentation ...

Bounding box volume: 12127.4
Null Model Fit: 2738.19 bits.
Bits per residue: 43.4633

Bezier model fit: 2603.93 bits.
Bits per residue: 41.3322

# of segments: 7
Internal segmentation:
0-->15-->17-->24-->34-->41-->50-->63

CPU time used: 2.89 secs.
Wall clock time elapsed: 2 secs.

        SEGMENT          START            END   NUM_RESIDUES MESSAGE_LENGTH                    END_POINTS        INTERMEDIATE_CONTROL_POINTS
              1           A 65           A 80             16        620.636         (32.378, 90.361, 53.988)         (35.8591, 56.9487, 46.4069)
                                                                                    (45.928, 82.341, 59.513)

              2           A 80           A 82              3        90.9637         (45.928, 82.341, 59.513)
                                                                                    (41.617, 79.054, 59.013)

              3           A 82           A 89              8        292.078         (41.617, 79.054, 59.013)         (35.3115, 88.2645, 64.4115)
                                                                                    (35.715, 92.155, 49.176)

              4           A 89           A 99             11        401.971         (35.715, 92.155, 49.176)         (48.6009, 82.737, 50.1032)
                                                                                    (45.784, 63.826, 52.801)

              5           A 99          A 106              8        289.959         (45.784, 63.826, 52.801)
                                                                                    (49.489, 74.429, 37.333)

              6          A 106          A 115             10        368.836         (49.489, 74.429, 37.333)         (42.9693, 79.6948, 51.8724)
                                                                                    (32.221, 91.979, 44.979)

              7          A 115          A 128             14        539.484         (32.221, 91.979, 44.979)
                                                                                    (43.748, 62.863, 44.659)

