Using structure file: /home/pkas7/Research/SCOP/pdbstyle-1.75B/ol/d1olra_.ent
Number of residues: 223
Doing a BEZIER segmentation ...

Bounding box volume: 53795.2
Null Model Fit: 10126 bits.
Bits per residue: 45.6125

Bezier model fit: 9137.51 bits.
Bits per residue: 41.1599

# of segments: 19
Internal segmentation:
0-->13-->28-->41-->42-->55-->67-->76-->91-->92-->106-->117-->127-->143-->155-->165-->185-->200-->213-->222

CPU time used: 13.45 secs.
Wall clock time elapsed: 13 secs.

        SEGMENT          START            END   NUM_RESIDUES MESSAGE_LENGTH                    END_POINTS        INTERMEDIATE_CONTROL_POINTS
              1            A 2           A 15             14        540.634         (1.901, 2.623, 70.864)         (8.00788, 31.2759, 75.3826)
                                                                                    (11.131, 0.237, 60.451)

              2           A 15           A 30             16        621.842         (11.131, 0.237, 60.451)         (8.34829, 24.7498, 62.6118)
                                                                                    (-2.829, 32.22, 70.304)

              3           A 30           A 43             14        521.467         (-2.829, 32.22, 70.304)         (0.221685, 7.94831, 73.0482)
                                                                                    (2.146, -4.829, 57.262)

              4           A 43           A 44              2        48.6496         (2.146, -4.829, 57.262)
                                                                                    (5.179, -2.814, 56.147)

              5           A 44           A 57             14        509.294         (5.179, -2.814, 56.147)         (-9.66256, 14.2298, 73.1674)
                                                                                    (-3.322, 33.534, 62.517)

              6           A 57           A 69             13        496.389         (-3.322, 33.534, 62.517)
                                                                                    (10.4, 7.576, 54.871)

              7           A 69           A 78             10        381.969         (10.4, 7.576, 54.871)         (28.3203, 11.6308, 52.9205)
                                                                                    (17.182, 11.566, 38.301)

              8           A 78           A 93             16        605.758         (17.182, 11.566, 38.301)         (2.81185, -4.23473, 48.3662)
                                                                                    (-14.411, 16.847, 60.427)

              9           A 93           A 94              2        48.6496         (-14.411, 16.847, 60.427)
                                                                                    (-13.705, 19.156, 57.501)

             10           A 94          A 108             15        565.367         (-13.705, 19.156, 57.501)
                                                                                    (21.595, 20.509, 45.314)

             11          A 108          A 119             12        475.349         (21.595, 20.509, 45.314)         (19.2016, 18.3175, 65.5648)
                                                                                    (12.593, 22.78, 45.84)

             12          A 119          A 129             11         407.73         (12.593, 22.78, 45.84)         (-4.70847, 9.56151, 46.2335)
                                                                                    (-11.538, 25.67, 55.198)

             13          A 129          A 145             17        667.416         (-11.538, 25.67, 55.198)         (8.20769, 36.8958, 34.1911)
                                                                                    (-4.993, 8.819, 37.28)

             14          A 145          A 157             13        497.391         (-4.993, 8.819, 37.28)         (-3.66585, 31.7665, 41.9034)
                                                                                    (14.472, 30.997, 47.859)

             15          A 157          A 167             11        407.532         (14.472, 30.997, 47.859)         (3.29129, 17.9956, 41.8063)
                                                                                    (-12.456, 19.445, 44.151)

             16          A 167          A 187             21        827.395         (-12.456, 19.445, 44.151)         (9.53346, -2.26276, 48.543)
                                                                                    (7.814, 20.88, 31.509)

             17          A 187          A 202             16         617.58         (7.814, 20.88, 31.509)         (32.7697, 16.8738, 43.3893)
                                                                                    (2.982, 12.679, 54.231)

             18          A 202          A 215             14        536.854         (2.982, 12.679, 54.231)         (-13.5246, 36.8078, 69.5825)
                                                                                    (-6.232, 9.332, 61.186)

             19          A 215          A 224             10        360.239         (-6.232, 9.332, 61.186)
                                                                                    (13.939, 2.524, 44.224)

