Using structure file: /home/pkas7/Research/SCOP/pdbstyle-1.75B/om/d1om2a_.ent
Number of residues: 95
Doing a BEZIER segmentation ...

Bounding box volume: 53031.8
Null Model Fit: 4285.64 bits.
Bits per residue: 45.5919

Bezier model fit: 3840.84 bits.
Bits per residue: 40.86

# of segments: 7
Internal segmentation:
0-->10-->11-->33-->34-->63-->92-->94

CPU time used: 4.97 secs.
Wall clock time elapsed: 4 secs.

        SEGMENT          START            END   NUM_RESIDUES MESSAGE_LENGTH                    END_POINTS        INTERMEDIATE_CONTROL_POINTS
              1            A 1           A 11             11        429.588         (2.2, 0.305, -1.474)         (2.63506, 23.8269, -3.93005)
                                                                                    (13.83, 8.921, -11.526)

              2           A 11           A 12              2         48.629         (13.83, 8.921, -11.526)
                                                                                    (10.392, 7.348, -12.092)

              3           A 12           A 34             23        872.814         (10.392, 7.348, -12.092)
                                                                                    (-9.161, 32.936, -15.995)

              4           A 34           A 35              2         48.629         (-9.161, 32.936, -15.995)
                                                                                    (-5.648, 32.657, -14.442)

              5           A 35           A 64             30        1166.79         (-5.648, 32.657, -14.442)         (23.6222, 14.0203, -22.3699)
                                                                                    (-7.567, 22.662, -29.126)

              6           A 64           A 93             30        1179.16         (-7.567, 22.662, -29.126)         (21.5771, 46.0025, -14.7587)
                                                                                    (1.867, 52.285, -42.712)

              7           A 93           A 95              3        95.2209         (1.867, 52.285, -42.712)
                                                                                    (3.1, 52.823, -49.635)

