Using structure file: /home/pkas7/Research/SCOP/pdbstyle-1.75B/or/d1or4a_.ent
Number of residues: 169
Doing a BEZIER segmentation ...

Bounding box volume: 50508.9
Null Model Fit: 7647.63 bits.
Bits per residue: 45.5216

Bezier model fit: 6784.07 bits.
Bits per residue: 40.3814

# of segments: 12
Internal segmentation:
0-->7-->30-->53-->77-->78-->96-->100-->117-->119-->143-->144-->168

CPU time used: 9.68 secs.
Wall clock time elapsed: 9 secs.

        SEGMENT          START            END   NUM_RESIDUES MESSAGE_LENGTH                    END_POINTS        INTERMEDIATE_CONTROL_POINTS
              1           A 10           A 17              8        305.047         (53.984, 95.259, 5.21)         (46.5224, 83.6886, 1.15036)
                                                                                    (51.31, 88.247, -10.501)

              2           A 17           A 40             24        940.835         (51.31, 88.247, -10.501)         (29.7877, 63.6987, -31.1435)
                                                                                    (27.67, 85.581, -13.742)

              3           A 40           A 63             24         921.44         (27.67, 85.581, -13.742)         (55.5124, 84.6551, -7.35112)
                                                                                    (41.143, 67.353, 8.421)

              4           A 63           A 87             25        957.046         (41.143, 67.353, 8.421)         (10.991, 67.4764, 14.5637)
                                                                                    (29.807, 53.509, 3.345)

              5           A 87           A 88              2        48.5587         (29.807, 53.509, 3.345)
                                                                                    (31.066, 55.149, 6.448)

              6           A 88          A 106             19        714.224         (31.066, 55.149, 6.448)
                                                                                    (42.704, 77.19, -9.672)

              7          A 106          A 110              5         180.79         (42.704, 77.19, -9.672)
                                                                                    (35.829, 69.829, -18.656)

              8          A 110          A 127             18         678.34         (35.829, 69.829, -18.656)
                                                                                    (18.419, 59.458, -2.323)

              9          A 127          A 129              3        95.0803         (18.419, 59.458, -2.323)
                                                                                    (17.298, 65.349, -0.899)

             10          A 129          A 153             25        949.984         (17.298, 65.349, -0.899)         (32.9872, 75.4803, 7.8721)
                                                                                    (45.218, 89.29, 8.964)

             11          A 153          A 154              2        48.5587         (45.218, 89.29, 8.964)
                                                                                    (45.041, 91.857, 6.196)

             12          A 154          A 178             25         944.17         (45.041, 91.857, 6.196)         (35.6395, 82.942, -5.24845)
                                                                                    (19.057, 69.369, -10.244)

