Using structure file: /home/pkas7/Research/SCOP/pdbstyle-1.75B/oy/d1oyja1.ent
Number of residues: 144
Doing a BEZIER segmentation ...

Bounding box volume: 44369.4
Null Model Fit: 6482.85 bits.
Bits per residue: 45.3346

Bezier model fit: 5818.59 bits.
Bits per residue: 40.6894

# of segments: 7
Internal segmentation:
0-->10-->39-->61-->70-->94-->118-->143

CPU time used: 7.98 secs.
Wall clock time elapsed: 8 secs.

        SEGMENT          START            END   NUM_RESIDUES MESSAGE_LENGTH                    END_POINTS        INTERMEDIATE_CONTROL_POINTS
              1           A 86           A 97             11        435.221         (26.089, -9.063, 37.217)         (7.05186, -16.084, 46.4361)
                                                                                    (20.389, -14.89, 46.152)

              2           A 97          A 126             30        1137.48         (20.389, -14.89, 46.152)         (35.5744, -0.0795458, 47.4725)
                                                                                    (61.168, 3.133, 46.21)

              3          A 126          A 148             23        866.483         (61.168, 3.133, 46.21)
                                                                                    (37.974, -17.427, 44.438)

              4          A 148          A 157             10        392.695         (37.974, -17.427, 44.438)
                                                                                    (27.991, -19.481, 40.022)

              5          A 157          A 181             25        987.584         (27.991, -19.481, 40.022)         (33.0018, -1.7854, 33.6533)
                                                                                    (57.984, -5.299, 38.291)

              6          A 181          A 205             25         981.89         (57.984, -5.299, 38.291)         (48.8093, -26.4495, 49.2516)
                                                                                    (35.541, -10.486, 24.133)

              7          A 205          A 230             26        1017.23         (35.541, -10.486, 24.133)         (53.6916, -0.639867, 30.1233)
                                                                                    (60.447, 15.606, 40.046)

