Using structure file: /home/pkas7/Research/SCOP/pdbstyle-1.75B/oy/d1oy3d_.ent
Number of residues: 220
Doing a BEZIER segmentation ...

Bounding box volume: 58515.3
Null Model Fit: 10015.7 bits.
Bits per residue: 45.7339

Bezier model fit: 9159.63 bits.
Bits per residue: 41.8248

# of segments: 13
Internal segmentation:
0-->12-->30-->56-->76-->90-->107-->109-->133-->155-->168-->188-->202-->219

CPU time used: 13.29 secs.
Wall clock time elapsed: 13 secs.

        SEGMENT          START            END   NUM_RESIDUES MESSAGE_LENGTH                    END_POINTS        INTERMEDIATE_CONTROL_POINTS
              1           D 50           D 62             13        516.302         (18.742, 14.645, 26.281)         (25.6492, -5.00434, 6.97599)
                                                                                    (12.427, 4.365, 23.267)

              2           D 62           D 80             19        734.621         (12.427, 4.365, 23.267)         (6.82497, -11.9655, 30.6817)
                                                                                    (11.529, 13.077, 30.299)

              3           D 80          D 106             27         1097.3         (11.529, 13.077, 30.299)         (14.0538, 7.32702, 0.643168)
                                                                                    (-0.31, -3.084, 22.973)

              4          D 106          D 126             21        820.827         (-0.31, -3.084, 22.973)         (0.484979, 21.8768, 31.7218)
                                                                                    (5.164, 2.552, 3.523)

              5          D 126          D 140             15        594.915         (5.164, 2.552, 3.523)
                                                                                    (-8.783, -3.086, 17.688)

              6          D 140          D 157             18        711.632         (-8.783, -3.086, 17.688)         (-9.13811, 17.9049, 16.1054)
                                                                                    (1.014, 9.928, 39.195)

              7          D 157          D 194              3        95.5048         (1.014, 9.928, 39.195)
                                                                                    (-5.293, 19.208, 17.264)

              8          D 194          D 218             25         1011.9         (-5.293, 19.208, 17.264)         (-1.38739, 4.8209, -5.33157)
                                                                                    (-11.802, -8.202, 6.103)

              9          D 218          D 240             23        904.403         (-11.802, -8.202, 6.103)         (-21.6951, 14.497, 23.2885)
                                                                                    (-8.529, 2.33, -10.147)

             10          D 240          D 253             14        553.059         (-8.529, 2.33, -10.147)
                                                                                    (-16.186, -10.24, 2.952)

             11          D 253          D 273             21        817.818         (-16.186, -10.24, 2.952)         (-32.8756, 7.14097, 12.7231)
                                                                                    (-13.454, 1.785, -15.664)

             12          D 273          D 287             15         594.63         (-13.454, 1.785, -15.664)
                                                                                    (-23.456, -15.198, -4.249)

             13          D 287          D 304             18        706.712         (-23.456, -15.198, -4.249)         (-36.6816, 2.97927, 5.08084)
                                                                                    (-19.682, -5.2, -20.24)

