Using structure file: /home/pkas7/Research/SCOP/pdbstyle-1.75B/p3/d1p3da2.ent
Number of residues: 152
Doing a BEZIER segmentation ...

Bounding box volume: 41888.2
Null Model Fit: 6832.99 bits.
Bits per residue: 45.2516

Bezier model fit: 6197.82 bits.
Bits per residue: 41.0451

# of segments: 11
Internal segmentation:
0-->16-->27-->43-->44-->55-->74-->85-->106-->127-->128-->151

CPU time used: 8.82 secs.
Wall clock time elapsed: 8 secs.

        SEGMENT          START            END   NUM_RESIDUES MESSAGE_LENGTH                    END_POINTS        INTERMEDIATE_CONTROL_POINTS
              1          A 322          A 338             17        678.265         (22.483, 10.398, 36.098)
                                                                                    (44.26, 7.745, 19.332)

              2          A 338          A 349             12        442.875         (44.26, 7.745, 19.332)         (30.0425, 8.90768, 36.2517)
                                                                                    (22.533, -8.74, 32.737)

              3          A 349          A 365             17        648.749         (22.533, -8.74, 32.737)
                                                                                    (27.906, 6.487, 15.052)

              4          A 365          A 366              2        48.2887         (27.906, 6.487, 15.052)
                                                                                    (31.061, 6.117, 12.968)

              5          A 366          A 377             12        433.433         (31.061, 6.117, 12.968)         (39.3493, -3.80294, 27.6115)
                                                                                    (28.667, -13.979, 39.554)

              6          A 377          A 396             20        763.899         (28.667, -13.979, 39.554)         (16.9968, -23.6663, 26.9626)
                                                                                    (33.631, -4.122, 17.911)

              7          A 396          A 407             12        449.485         (33.631, -4.122, 17.911)         (41.0764, -12.5322, 33.9549)
                                                                                    (31.25, -14.366, 47.207)

              8          A 407          A 428             22        877.595         (31.25, -14.366, 47.207)         (36.3338, -28.41, 26.1388)
                                                                                    (31.809, -11.979, 15.133)

              9          A 428          A 449             22        862.047         (31.809, -11.979, 15.133)         (56.4522, -8.41982, 48.0519)
                                                                                    (41.857, 3.107, 17.497)

             10          A 449          A 450              2        48.2887         (41.857, 3.107, 17.497)
                                                                                    (41.21, 6.854, 17.139)

             11          A 450          A 473             24        944.892         (41.21, 6.854, 17.139)         (24.1965, -11.4295, 50.9158)
                                                                                    (45.799, 8.197, 31.608)

