Using structure file: /home/pkas7/Research/SCOP/pdbstyle-1.75B/p4/d1p4aa1.ent
Number of residues: 73
Doing a BEZIER segmentation ...

Bounding box volume: 16190.4
Null Model Fit: 3159.37 bits.
Bits per residue: 43.8802

Bezier model fit: 2950.79 bits.
Bits per residue: 40.9832

# of segments: 7
Internal segmentation:
0-->2-->17-->32-->34-->52-->63-->72

CPU time used: 3.52 secs.
Wall clock time elapsed: 3 secs.

        SEGMENT          START            END   NUM_RESIDUES MESSAGE_LENGTH                    END_POINTS        INTERMEDIATE_CONTROL_POINTS
              1            A 2            A 4              3        91.7975         (27.059, 44.589, 28.594)
                                                                                    (32.72, 46.281, 25.172)

              2            A 4           A 19             16        599.454         (32.72, 46.281, 25.172)
                                                                                    (37.324, 54.891, 45.073)

              3           A 19           A 34             16         632.37         (37.324, 54.891, 45.073)         (40.5196, 39.2395, 47.7197)
                                                                                    (30.554, 39.842, 33.373)

              4           A 34           A 36              3        91.7975         (30.554, 39.842, 33.373)
                                                                                    (36.864, 36.731, 33.502)

              5           A 36           A 54             19        716.185         (36.864, 36.731, 33.502)
                                                                                    (50.981, 60.188, 33.769)

              6           A 54           A 65             12        447.812         (50.981, 60.188, 33.769)
                                                                                    (42.012, 34.41, 45.973)

              7           A 65           A 74             10        371.377         (42.012, 34.41, 45.973)         (40.0984, 48.7692, 44.5172)
                                                                                    (50.367, 59.987, 44.321)

