Using structure file: /home/pkas7/Research/SCOP/pdbstyle-1.75B/p4/d1p42a2.ent
Number of residues: 147
Doing a BEZIER segmentation ...

Bounding box volume: 50227.8
Null Model Fit: 6644.98 bits.
Bits per residue: 45.5136

Bezier model fit: 6008.7 bits.
Bits per residue: 41.1555

# of segments: 13
Internal segmentation:
0-->13-->22-->35-->36-->46-->62-->79-->86-->99-->117-->128-->130-->146

CPU time used: 8.28 secs.
Wall clock time elapsed: 8 secs.

        SEGMENT          START            END   NUM_RESIDUES MESSAGE_LENGTH                    END_POINTS        INTERMEDIATE_CONTROL_POINTS
              1          A 128          A 141             14        540.398         (29.972, 48.283, 20.809)         (21.2846, 68.5962, 24.8531)
                                                                                    (43.198, 79.193, 14.142)

              2          A 141          A 150             10        368.581         (43.198, 79.193, 14.142)
                                                                                    (23.391, 60.643, 15.073)

              3          A 150          A 163             14        526.479         (23.391, 60.643, 15.073)
                                                                                    (43.917, 78.395, -5.015)

              4          A 163          A 167              2        48.5506         (43.917, 78.395, -5.015)
                                                                                    (41.414, 77.703, -7.806)

              5          A 167          A 180             11        412.037         (41.414, 77.703, -7.806)         (30.4483, 75.4556, 1.94646)
                                                                                    (26.631, 55.561, 5.212)

              6          A 180          A 196             17        654.717         (26.631, 55.561, 5.212)         (38.2979, 51.5885, -7.26275)
                                                                                    (53.899, 76.021, -2.043)

              7          A 196          A 213             18        704.578         (53.899, 76.021, -2.043)         (68.6968, 65.3825, 14.487)
                                                                                    (51.851, 58.738, -8.648)

              8          A 213          A 220              8        296.693         (51.851, 58.738, -8.648)
                                                                                    (47.522, 78.371, -7.423)

              9          A 220          A 233             14        551.457         (47.522, 78.371, -7.423)         (49.6524, 56.5133, -21.2499)
                                                                                    (36.033, 68.166, -5.281)

             10          A 233          A 251             19        712.393         (36.033, 68.166, -5.281)
                                                                                    (38.504, 52.672, 19.674)

             11          A 251          A 262             12        449.286         (38.504, 52.672, 19.674)         (18.2865, 59.9722, 13.1186)
                                                                                    (39.262, 73.422, 7.218)

             12          A 262          A 264              3        95.0642         (39.262, 73.422, 7.218)
                                                                                    (43.256, 68.527, 9.575)

             13          A 264          A 280             17        648.465         (43.256, 68.527, 9.575)
                                                                                    (30.829, 60.246, 25.35)

