Using structure file: /home/pkas7/Research/SCOP/pdbstyle-1.75B/p4/d1p4xa1.ent
Number of residues: 125
Doing a BEZIER segmentation ...

Bounding box volume: 73268.6
Null Model Fit: 5711.22 bits.
Bits per residue: 46.0583

Bezier model fit: 5083.91 bits.
Bits per residue: 40.9993

# of segments: 9
Internal segmentation:
0-->6-->27-->47-->48-->76-->87-->96-->122-->124

CPU time used: 6.82 secs.
Wall clock time elapsed: 6 secs.

        SEGMENT          START            END   NUM_RESIDUES MESSAGE_LENGTH                    END_POINTS        INTERMEDIATE_CONTROL_POINTS
              1            A 1            A 7              7        266.931         (-33.443, 20.546, 10.428)
                                                                                    (-33.551, 6.148, 1.924)

              2            A 7           A 28             22        830.479         (-33.551, 6.148, 1.924)         (-27.5114, 19.8893, -4.44293)
                                                                                    (-19.137, 31.122, -13.973)

              3           A 28           A 48             21        827.385         (-19.137, 31.122, -13.973)
                                                                                    (-16.251, 1.697, -29.841)

              4           A 48           A 49              2        49.0953         (-16.251, 1.697, -29.841)
                                                                                    (-14.509, 4.441, -31.799)

              5           A 49           A 77             29         1159.7         (-14.509, 4.441, -31.799)         (-48.7558, 13.9459, -20.2651)
                                                                                    (-14.526, 21.911, -31.471)

              6           A 77           A 88             12         457.47         (-14.526, 21.911, -31.471)
                                                                                    (-31.845, 5.313, -42.585)

              7           A 88           A 97             10        383.249         (-31.845, 5.313, -42.585)
                                                                                    (-10.492, 9.202, -34.034)

              8           A 97          A 123             27        1013.45         (-10.492, 9.202, -34.034)         (-5.69035, 18.2904, -16.7902)
                                                                                    (-18.65, 21.387, 2.92)

              9          A 123          A 125              3        96.1536         (-18.65, 21.387, 2.92)
                                                                                    (-19.816, 16.364, 4.679)

