Using structure file: /home/pkas7/Research/SCOP/pdbstyle-1.75B/p5/d1p5zb_.ent
Number of residues: 229
Doing a BEZIER segmentation ...

Bounding box volume: 64495.1
Null Model Fit: 10459.3 bits.
Bits per residue: 45.8743

Bezier model fit: 9342.47 bits.
Bits per residue: 40.9757

# of segments: 14
Internal segmentation:
0-->10-->25-->41-->57-->58-->87-->113-->137-->151-->169-->187-->192-->209-->228

CPU time used: 13.55 secs.
Wall clock time elapsed: 13 secs.

        SEGMENT          START            END   NUM_RESIDUES MESSAGE_LENGTH                    END_POINTS        INTERMEDIATE_CONTROL_POINTS
              1           B 20           B 30             11          407.2         (48.274, 55.709, 16.777)         (62.8422, 48.4973, 10.2036)
                                                                                    (73.603, 38.082, 15.976)

              2           B 30           B 45             16        618.886         (73.603, 38.082, 15.976)
                                                                                    (63.026, 62.232, 20.693)

              3           B 45           B 61             17        662.204         (63.026, 62.232, 20.693)
                                                                                    (64.349, 31.073, 33.243)

              4           B 61           B 89             17        685.755         (64.349, 31.073, 33.243)
                                                                                    (69.983, 22.215, 19.355)

              5           B 89           B 90              2        48.9113         (69.983, 22.215, 19.355)
                                                                                    (68.229, 19.041, 18.174)

              6           B 90          B 119             30        1153.24         (68.229, 19.041, 18.174)         (51.6648, 36.934, 28.2213)
                                                                                    (52.373, 60.784, 23.894)

              7          B 119          B 145             27        1054.57         (52.373, 60.784, 23.894)
                                                                                    (67.388, 19.184, 11.152)

              8          B 145          B 169             25        973.457         (67.388, 19.184, 11.152)         (45.0181, 20.7541, 16.0441)
                                                                                    (48.133, 45.355, 17.419)

              9          B 169          B 183             15        571.744         (48.133, 45.355, 17.419)         (64.2747, 54.0861, 3.77529)
                                                                                    (82.606, 37.877, 9.636)

             10          B 183          B 201             19        745.025         (82.606, 37.877, 9.636)         (79.3885, 42.7077, 35.6639)
                                                                                    (80.528, 29.054, 14.309)

             11          B 201          B 219             19        721.708         (80.528, 29.054, 14.309)
                                                                                    (62.671, 40.64, -0.862)

             12          B 219          B 224              6        223.422         (62.671, 40.64, -0.862)
                                                                                    (52.207, 34.07, 5.305)

             13          B 224          B 241             18        704.412         (52.207, 34.07, 5.305)         (56.3841, 53.8944, -1.96422)
                                                                                    (82.795, 51.765, 13.669)

             14          B 241          B 260             20        771.933         (82.795, 51.765, 13.669)         (72.5069, 65.6217, 10.5444)
                                                                                    (55.839, 56.783, 7.195)

