Using structure file: /home/pkas7/Research/SCOP/pdbstyle-1.75B/p7/d1p7hl2.ent
Number of residues: 183
Doing a BEZIER segmentation ...

Bounding box volume: 82445.9
Null Model Fit: 8413.59 bits.
Bits per residue: 46.2285

Bezier model fit: 7511.41 bits.
Bits per residue: 41.2715

# of segments: 12
Internal segmentation:
0-->15-->32-->45-->58-->72-->90-->102-->112-->131-->145-->161-->182

CPU time used: 10.83 secs.
Wall clock time elapsed: 10 secs.

        SEGMENT          START            END   NUM_RESIDUES MESSAGE_LENGTH                    END_POINTS        INTERMEDIATE_CONTROL_POINTS
              1          L 393          L 408             16        637.724         (7.651, 79.264, -11.178)         (9.63341, 95.5577, 4.94974)
                                                                                    (-2.203, 91.655, -15.893)

              2          L 408          L 425             18        702.697         (-2.203, 91.655, -15.893)         (-23.9165, 92.8394, 10.4943)
                                                                                    (-2.756, 68.712, 14.328)

              3          L 425          L 438             14        539.985         (-2.756, 68.712, 14.328)
                                                                                    (-21.564, 82.005, 3.426)

              4          L 438          L 451             14        552.377         (-21.564, 82.005, 3.426)         (-2.30721, 93.2879, -13.1052)
                                                                                    (-5.122, 79.612, -23.733)

              5          L 451          L 465             15         556.76         (-5.122, 79.612, -23.733)         (-0.639195, 72.0123, 1.75202)
                                                                                    (3.426, 95.633, 11.484)

              6          L 465          L 483             19         750.96         (3.426, 95.633, 11.484)         (10.5258, 73.8735, 7.76028)
                                                                                    (-18.232, 67.237, -1.124)

              7          L 483          L 495             13        511.596         (-18.232, 67.237, -1.124)         (-5.83497, 71.22, -12.4242)
                                                                                    (9.853, 75.372, 4.197)

              8          L 495          L 505             11        403.193         (9.853, 75.372, 4.197)         (-5.64517, 72.7744, -3.05418)
                                                                                    (-9.165, 80.138, -19.115)

              9          L 505          L 524             20        784.952         (-9.165, 80.138, -19.115)         (-19.2188, 77.3882, -2.74095)
                                                                                    (7.298, 75.231, 20.925)

             10          L 524          L 538             15        592.181         (7.298, 75.231, 20.925)         (25.0569, 79.3158, 7.54075)
                                                                                    (-0.152, 86.995, 20.264)

             11          L 538          L 554             17         635.57         (-0.152, 86.995, 20.264)         (-7.96183, 81.1767, -5.36155)
                                                                                    (10.225, 86.912, -24.587)

             12          L 554          L 575             22        843.413         (10.225, 86.912, -24.587)         (-2.22128, 90.0604, 6.0431)
                                                                                    (-20, 82.936, 25.932)

