Using structure file: /home/pkas7/Research/SCOP/pdbstyle-1.75B/p8/d1p8ja1.ent
Number of residues: 136
Doing a BEZIER segmentation ...

Bounding box volume: 45345
Null Model Fit: 6124.41 bits.
Bits per residue: 45.366

Bezier model fit: 5535.17 bits.
Bits per residue: 41.0013

# of segments: 10
Internal segmentation:
0-->20-->42-->54-->66-->78-->87-->101-->114-->129-->135

CPU time used: 7.76 secs.
Wall clock time elapsed: 7 secs.

        SEGMENT          START            END   NUM_RESIDUES MESSAGE_LENGTH                    END_POINTS        INTERMEDIATE_CONTROL_POINTS
              1          A 443          A 463             21        809.608         (40.423, 26.553, 136.119)         (9.42732, 23.2652, 108.915)
                                                                                    (36.554, 15.327, 91.698)

              2          A 463          A 485             23        913.397         (36.554, 15.327, 91.698)         (14.9052, 45.9595, 127.38)
                                                                                    (38.779, 24.046, 122.203)

              3          A 485          A 497             13        486.111         (38.779, 24.046, 122.203)         (22.2761, 13.1721, 105.398)
                                                                                    (36.953, 4.27, 97.11)

              4          A 497          A 509             13        487.208         (36.953, 4.27, 97.11)
                                                                                    (41.28, 32.516, 111.095)

              5          A 509          A 521             13        487.206         (41.28, 32.516, 111.095)
                                                                                    (45.003, 0.711, 101.346)

              6          A 521          A 530             10        382.199         (45.003, 0.711, 101.346)         (29.6626, -0.392499, 97.1262)
                                                                                    (28.236, 10.706, 111.075)

              7          A 530          A 544             15        582.669         (28.236, 10.706, 111.075)         (54.6218, 23.453, 122.569)
                                                                                    (33.078, 33.37, 114.255)

              8          A 544          A 557             14        532.971         (33.078, 33.37, 114.255)
                                                                                    (40.491, 7.332, 88.981)

              9          A 557          A 572             16        588.126         (40.491, 7.332, 88.981)         (16.3224, 13.8778, 101.449)
                                                                                    (34.889, 26.126, 123.823)

             10          A 572          A 578              7        265.679         (34.889, 26.126, 123.823)
                                                                                    (33.502, 39.479, 135.866)

