Using structure file: /home/pkas7/Research/SCOP/pdbstyle-1.75B/pf/d1pfva1.ent
Number of residues: 162
Doing a BEZIER segmentation ...

Bounding box volume: 70312.7
Null Model Fit: 7405.81 bits.
Bits per residue: 45.9989

Bezier model fit: 6558.2 bits.
Bits per residue: 40.7342

# of segments: 10
Internal segmentation:
0-->26-->46-->48-->77-->79-->104-->118-->131-->147-->161

CPU time used: 9.22 secs.
Wall clock time elapsed: 9 secs.

        SEGMENT          START            END   NUM_RESIDUES MESSAGE_LENGTH                    END_POINTS        INTERMEDIATE_CONTROL_POINTS
              1          A 389          A 415             27        1079.49         (5.154, 5.859, 55.718)         (2.64249, -24.752, 74.1215)
                                                                                    (-13.145, 7.449, 62.886)

              2          A 415          A 435             21        803.557         (-13.145, 7.449, 62.886)         (-10.4571, 14.7066, 48.0634)
                                                                                    (0.568, 15.926, 36.906)

              3          A 435          A 437              3        96.0348         (0.568, 15.926, 36.906)
                                                                                    (3.138, 15.222, 41.473)

              4          A 437          A 466             30        1138.68         (3.138, 15.222, 41.473)         (0.40907, 15.4602, 64.0217)
                                                                                    (0.248, -1.58, 81.126)

              5          A 466          A 468              3        96.0348         (0.248, -1.58, 81.126)
                                                                                    (-5.461, -4.724, 81.18)

              6          A 468          A 493             26        978.369         (-5.461, -4.724, 81.18)         (-5.88051, 3.81208, 60.8561)
                                                                                    (1.193, 4.739, 41.38)

              7          A 493          A 507             15        594.808         (1.193, 4.739, 41.38)         (10.7407, -5.31483, 49.8919)
                                                                                    (-3.701, -9.44, 52.688)

              8          A 507          A 520             14        543.193         (-3.701, -9.44, 52.688)         (-13.3124, 12.2278, 38.5401)
                                                                                    (-11.74, -4.491, 60.412)

              9          A 520          A 536             17        662.891         (-11.74, -4.491, 60.412)         (7.31981, -17.1369, 57.4673)
                                                                                    (25.806, 8.239, 51.558)

             10          A 536          A 550             15        565.139         (25.806, 8.239, 51.558)
                                                                                    (33.444, 5.993, 31.038)

