Using structure file: /home/pkas7/Research/SCOP/pdbstyle-1.75B/pj/d1pjxa_.ent
Number of residues: 314
Doing a BEZIER segmentation ...

Bounding box volume: 91502.6
Null Model Fit: 14516.6 bits.
Bits per residue: 46.3789

Bezier model fit: 13032.6 bits.
Bits per residue: 41.6379

# of segments: 27
Internal segmentation:
0-->1-->17-->27-->41-->53-->67-->80-->90-->99-->112-->126-->140-->160-->161-->172-->183-->195-->207-->223-->234-->244-->254-->265-->276-->287-->297-->313

CPU time used: 21.36 secs.
Wall clock time elapsed: 21 secs.

        SEGMENT          START            END   NUM_RESIDUES MESSAGE_LENGTH                    END_POINTS        INTERMEDIATE_CONTROL_POINTS
              1            A 1            A 2              2        49.4159         (9.9, -25.276, 1.346)
                                                                                    (11.754, -23.438, -0.581)

              2            A 2           A 18             17        650.937         (11.754, -23.438, -0.581)         (16.7128, -29.0564, 32.5863)
                                                                                    (0.866, -6.325, 27.343)

              3           A 18           A 28             11        420.342         (0.866, -6.325, 27.343)         (15.3206, -4.44448, 17.6449)
                                                                                    (26.013, -5.475, 31.967)

              4           A 28           A 42             15         586.17         (26.013, -5.475, 31.967)
                                                                                    (-8.345, 3.213, 29.635)

              5           A 42           A 54             13        484.592         (-8.345, 3.213, 29.635)         (13.2571, 4.32874, 30.5253)
                                                                                    (16.975, -17.138, 35.71)

              6           A 54           A 68             15        577.443         (16.975, -17.138, 35.71)
                                                                                    (0.222, 13.273, 33.349)

              7           A 68           A 81             14        510.084         (0.222, 13.273, 33.349)         (6.18922, -7.67159, 16.1978)
                                                                                    (29.201, 5.473, 26.226)

              8           A 81           A 91             11        422.667         (29.201, 5.473, 26.226)
                                                                                    (3.083, 9.003, 23.063)

              9           A 91          A 100             10         383.85         (3.083, 9.003, 23.063)         (19.4754, 9.94389, 22.0315)
                                                                                    (17.509, 3.32, 38.283)

             10          A 100          A 113             14        537.045         (17.509, 3.32, 38.283)
                                                                                    (10.567, 23.151, 14.803)

             11          A 113          A 127             15        556.141         (10.567, 23.151, 14.803)         (0.260508, -5.21788, 20.0043)
                                                                                    (28.784, 6.152, 14.426)

             12          A 127          A 141             15        584.415         (28.784, 6.152, 14.426)         (3.04098, 2.91119, 8.73899)
                                                                                    (-0.597, 16.271, 24.584)

             13          A 141          A 161             21        832.964         (-0.597, 16.271, 24.584)         (-8.93715, -4.43335, -3.71421)
                                                                                    (25.329, 16.464, 17.997)

             14          A 161          A 162              2        49.4159         (25.329, 16.464, 17.997)
                                                                                    (21.856, 16.327, 19.44)

             15          A 162          A 173             12        464.581         (21.856, 16.327, 19.44)         (9.16768, 15.0064, -0.86415)
                                                                                    (3.209, 2.456, 9.96)

             16          A 173          A 184             12        455.181         (3.209, 2.456, 9.96)
                                                                                    (35.094, -2, 8.308)

             17          A 184          A 196             13        497.519         (35.094, -2, 8.308)
                                                                                    (0.593, -3.29, 6.669)

             18          A 196          A 208             13        504.479         (0.593, -3.29, 6.669)         (19.4281, -2.93751, -5.15149)
                                                                                    (24.722, 11.153, 9.629)

             19          A 208          A 224             17        676.828         (24.722, 11.153, 9.629)         (15.5519, -2.38797, -11.2934)
                                                                                    (-2.812, -11.55, 7.078)

             20          A 224          A 235             12         460.91         (-2.812, -11.55, 7.078)         (7.42979, -0.624185, 15.0294)
                                                                                    (26.675, -11.635, 12.159)

             21          A 235          A 245             11        411.662         (26.675, -11.635, 12.159)
                                                                                    (0.249, -12.312, 12.17)

             22          A 245          A 255             11        424.838         (0.249, -12.312, 12.17)         (14.2376, -20.0015, 11.8843)
                                                                                    (20.528, -8.711, -0.907)

             23          A 255          A 266             12        472.908         (20.528, -8.711, -0.907)
                                                                                    (4.567, -21.521, 18.221)

             24          A 266          A 277             12        458.043         (4.567, -21.521, 18.221)         (1.85829, -3.85358, 14.4468)
                                                                                    (25.536, -10.776, 23.066)

             25          A 277          A 288             12        455.705         (25.536, -10.776, 23.066)
                                                                                    (-0.691, -13.831, 20.931)

             26          A 288          A 298             11        426.271         (-0.691, -13.831, 20.931)         (10.2053, -14.796, 32.2836)
                                                                                    (22.396, -20.603, 13.32)

             27          A 298          A 314             17        678.243         (22.396, -20.603, 13.32)         (26.4131, 9.33618, 27.0762)
                                                                                    (40.891, -2.794, 15.775)

