Using structure file: /home/pkas7/Research/SCOP/pdbstyle-1.75B/pk/d1pkla1.ent
Number of residues: 99
Doing a BEZIER segmentation ...

Bounding box volume: 17217.8
Null Model Fit: 4308.96 bits.
Bits per residue: 43.969

Bezier model fit: 4084.77 bits.
Bits per residue: 41.6813

# of segments: 9
Internal segmentation:
0-->8-->16-->33-->49-->58-->59-->69-->79-->98

CPU time used: 5.28 secs.
Wall clock time elapsed: 5 secs.

        SEGMENT          START            END   NUM_RESIDUES MESSAGE_LENGTH                    END_POINTS        INTERMEDIATE_CONTROL_POINTS
              1           A 88           A 96              9         337.03         (153.166, 109.399, 9.375)         (166.088, 114.247, 2.72972)
                                                                                    (173.197, 122.174, 10.732)

              2           A 96          A 104              9        333.672         (173.197, 122.174, 10.732)
                                                                                    (159.07, 133.241, -2.693)

              3          A 104          A 121             18        710.272         (159.07, 133.241, -2.693)         (172.169, 93.9599, -1.47967)
                                                                                    (166.779, 124.824, 2.283)

              4          A 121          A 137             17        665.988         (166.779, 124.824, 2.283)         (157.514, 95.419, 0.102023)
                                                                                    (151.607, 120.542, -9.968)

              5          A 137          A 146             10        378.153         (151.607, 120.542, -9.968)
                                                                                    (151.046, 122.011, 8.791)

              6          A 146          A 147              2         47.006         (151.046, 122.011, 8.791)
                                                                                    (152.783, 125.319, 9.603)

              7          A 147          A 157             11        412.537         (152.783, 125.319, 9.603)         (151.24, 126.569, -11.2638)
                                                                                    (163.229, 114.148, -12.785)

              8          A 157          A 167             11         409.39         (163.229, 114.148, -12.785)
                                                                                    (155.21, 131.329, 3.719)

              9          A 167          A 186             20        790.725         (155.21, 131.329, 3.719)         (183.637, 111.641, 29.5106)
                                                                                    (150.143, 104.437, 3.581)         (129.129, 122.048, -14.1245)

