Using structure file: /home/pkas7/Research/SCOP/pdbstyle-1.75B/pl/d1plqa1.ent
Number of residues: 126
Doing a BEZIER segmentation ...

Bounding box volume: 34837.5
Null Model Fit: 5623.21 bits.
Bits per residue: 44.9857

Bezier model fit: 5122.22 bits.
Bits per residue: 40.9778

# of segments: 12
Internal segmentation:
0-->7-->21-->31-->42-->54-->57-->70-->84-->95-->105-->108-->125

CPU time used: 7.32 secs.
Wall clock time elapsed: 7 secs.

        SEGMENT          START            END   NUM_RESIDUES MESSAGE_LENGTH                    END_POINTS        INTERMEDIATE_CONTROL_POINTS
              1            A 1            A 8              8        297.582         (7.78, -1.017, -6.356)
                                                                                    (16.232, 14.151, -18.727)

              2            A 8           A 22             15        567.551         (16.232, 14.151, -18.727)
                                                                                    (32.057, 12.873, -0.168)

              3           A 22           A 32             11        413.345         (32.057, 12.873, -0.168)         (23.4443, -1.11455, 1.07915)
                                                                                    (3.894, 7.717, -2.465)

              4           A 32           A 43             12        443.058         (3.894, 7.717, -2.465)
                                                                                    (33.619, 10.538, 10.016)

              5           A 43           A 55             13        471.441         (33.619, 10.538, 10.016)
                                                                                    (6.113, 16.32, -9.891)

              6           A 55           A 58              4        140.244         (6.113, 16.32, -9.891)
                                                                                    (7.625, 12.553, -16.12)

              7           A 58           A 71             14        525.248         (7.625, 12.553, -16.12)         (-3.63273, -5.26404, 5.02478)
                                                                                    (27.521, 2.102, -3.331)

              8           A 71           A 85             15        578.063         (27.521, 2.102, -3.331)         (32.0548, 4.15943, -15.6404)
                                                                                    (18.968, 14.227, -22.973)

              9           A 85           A 96             12        455.264         (18.968, 14.227, -22.973)
                                                                                    (15.049, -5.981, -4.65)

             10           A 96          A 106             11         407.69         (15.049, -5.981, -4.65)
                                                                                    (13.202, 9.158, -28.024)

             11          A 106          A 109              4        140.244         (13.202, 9.158, -28.024)
                                                                                    (16.785, 2.922, -31.355)

             12          A 109          A 126             18        682.491         (16.785, 2.922, -31.355)         (27.1802, -14.1923, 0.699105)
                                                                                    (18.223, 11.047, 10.451)

