Using structure file: /home/pkas7/Research/SCOP/pdbstyle-1.75B/pm/d1pmma_.ent
Number of residues: 450
Doing a BEZIER segmentation ...

Bounding box volume: 250272
Null Model Fit: 21475.9 bits.
Bits per residue: 47.8305

Bezier model fit: 18579.9 bits.
Bits per residue: 41.3806

# of segments: 24
Internal segmentation:
0-->22-->35-->57-->68-->88-->106-->122-->146-->170-->183-->212-->231-->242-->263-->290-->304-->312-->332-->358-->369-->382-->411-->424-->449

CPU time used: 28.65 secs.
Wall clock time elapsed: 28 secs.

        SEGMENT          START            END   NUM_RESIDUES MESSAGE_LENGTH                    END_POINTS        INTERMEDIATE_CONTROL_POINTS
              1            A 3           A 25             23        913.717         (-25.696, -24.486, -21.997)         (-6.54207, -15.5639, -8.02046)
                                                                                    (-10.372, -8.173, -29.39)

              2           A 25           A 38             14        561.431         (-10.372, -8.173, -29.39)         (-25.0783, 12.2799, -35.2112)
                                                                                    (-14.776, -7.136, -16.684)

              3           A 38           A 60             23        896.321         (-14.776, -7.136, -16.684)         (-0.226316, -1.06936, -23.6841)
                                                                                    (12.834, 17.018, -22.138)

              4           A 60           A 71             12        470.751         (12.834, 17.018, -22.138)
                                                                                    (2.21, 13.984, -0.241)

              5           A 71           A 91             21        844.384         (2.21, 13.984, -0.241)         (-18.3784, 15.837, -12.4806)
                                                                                    (-15.252, 26.456, 1.742)

              6           A 91          A 109             19        717.871         (-15.252, 26.456, 1.742)
                                                                                    (5.51, 42.557, -5.291)

              7          A 109          A 125             17        676.024         (5.51, 42.557, -5.291)         (-15.68, 48.1989, 8.19889)
                                                                                    (-3.068, 26.986, -16.584)

              8          A 125          A 149             25        946.486         (-3.068, 26.986, -16.584)
                                                                                    (-14.565, 59.603, -27.337)

              9          A 149          A 173             25        1006.79         (-14.565, 59.603, -27.337)         (14.7735, 24.1206, -31.5166)
                                                                                    (-11.532, 37.93, -29.042)

             10          A 173          A 186             14         547.78         (-11.532, 37.93, -29.042)
                                                                                    (17.611, 39.383, -31.637)

             11          A 186          A 215             30        1215.59         (17.611, 39.383, -31.637)         (-13.1648, 62.2908, -29.0402)
                                                                                    (14.25, 29.879, -22.917)

             12          A 215          A 234             20        775.998         (14.25, 29.879, -22.917)         (11.545, 57.9095, -16.1329)
                                                                                    (2.107, 60.911, -28.048)

             13          A 234          A 245             12        453.576         (2.107, 60.911, -28.048)
                                                                                    (4.356, 31.279, -17.453)

             14          A 245          A 266             22        876.303         (4.356, 31.279, -17.453)         (25.2239, 35.075, -0.472616)
                                                                                    (2.604, 49.791, -16.196)

             15          A 266          A 293             28        1128.82         (2.604, 49.791, -16.196)         (6.59163, -2.22541, -10.6376)
                                                                                    (-8.694, 49.2, -10.49)

             16          A 293          A 307             15        591.421         (-8.694, 49.2, -10.49)         (-20.0888, 35.746, -20.992)
                                                                                    (-21.939, 35.319, 4.825)

             17          A 307          A 315              9        328.047         (-21.939, 35.319, 4.825)         (-13.2961, 40.9093, -6.81137)
                                                                                    (-13.562, 30.668, -18.179)

             18          A 315          A 335             21        834.718         (-13.562, 30.668, -18.179)         (-5.48719, 12.8588, 0.634475)
                                                                                    (8.942, 28.299, 1.09)

             19          A 335          A 361             27        1019.02         (8.942, 28.299, 1.09)
                                                                                    (30.403, 20.042, -31.523)

             20          A 361          A 372             12        474.707         (30.403, 20.042, -31.523)
                                                                                    (19.96, 36.153, -14.912)

             21          A 372          A 385             14        547.324         (19.96, 36.153, -14.912)         (14.1807, 19.2899, -21.2083)
                                                                                    (27.961, 27.743, -42.297)

             22          A 385          A 414             30        1200.72         (27.961, 27.743, -42.297)         (12.2835, -12.152, -18.4476)
                                                                                    (12.939, 36.221, -39.962)

             23          A 414          A 427             14        538.442         (12.939, 36.221, -39.962)         (21.5913, 19.9409, -38.1073)
                                                                                    (12.613, 19.159, -11.074)

             24          A 427          A 452             26        1013.68         (12.613, 19.159, -11.074)         (31.2524, 5.72382, -20.3549)
                                                                                    (27.755, 10.005, -42.268)

