Using structure file: /home/pkas7/Research/SCOP/pdbstyle-1.75B/pm/d1pmhx_.ent
Number of residues: 183
Doing a BEZIER segmentation ...

Bounding box volume: 54811.9
Null Model Fit: 8306.4 bits.
Bits per residue: 45.6396

Bezier model fit: 7536.47 bits.
Bits per residue: 41.4092

# of segments: 15
Internal segmentation:
0-->10-->34-->40-->54-->55-->68-->70-->89-->106-->109-->132-->146-->163-->179-->182

CPU time used: 10.83 secs.
Wall clock time elapsed: 10 secs.

        SEGMENT          START            END   NUM_RESIDUES MESSAGE_LENGTH                    END_POINTS        INTERMEDIATE_CONTROL_POINTS
              1            X 3           X 13             11        423.432         (3.614, 55.114, 5.085)         (12.8424, 37.7983, 11.8032)
                                                                                    (24.517, 42.889, 11.057)

              2           X 13           X 37             25        992.683         (24.517, 42.889, 11.057)         (2.59034, 26.0679, 47.823)
                                                                                    (26.549, 31.468, 9.058)

              3           X 37           X 43              7        264.898         (26.549, 31.468, 9.058)
                                                                                    (22.609, 38.182, -0.095)

              4           X 43           X 57             15        561.173         (22.609, 38.182, -0.095)         (23.449, 29.7237, 21.7853)
                                                                                    (7.828, 11.974, 27.119)

              5           X 57           X 58              2        48.6766         (7.828, 11.974, 27.119)
                                                                                    (6.546, 15.553, 27.153)

              6           X 58           X 71             14        518.362         (6.546, 15.553, 27.153)
                                                                                    (16.432, 46.579, 21.915)

              7           X 71           X 73              3        95.3162         (16.432, 46.579, 21.915)
                                                                                    (13.333, 46.706, 27.243)

              8           X 73           X 92             20        765.928         (13.333, 46.706, 27.243)         (-11.5494, 58.1724, 4.29934)
                                                                                    (17.621, 20.255, 9.134)

              9           X 92          X 109             18         698.66         (17.621, 20.255, 9.134)         (8.38287, -0.54689, 14.8145)
                                                                                    (3.045, 40.139, 20.665)

             10          X 109          X 112              4        142.205         (3.045, 40.139, 20.665)
                                                                                    (-1.279, 40.821, 27.459)

             11          X 112          X 135             24        962.013         (-1.279, 40.821, 27.459)         (1.08903, 13.1296, 0.416154)
                                                                                    (22.043, 20.201, 3.375)

             12          X 135          X 149             15        560.751         (22.043, 20.201, 3.375)         (0.908528, 31.0483, 4.97235)
                                                                                    (-7.065, 46.311, 17.828)

             13          X 149          X 166             18        704.959         (-7.065, 46.311, 17.828)         (14.149, 52.1969, 22.4748)
                                                                                    (6.419, 14.101, 22.155)

             14          X 166          X 182             17         655.21         (6.419, 14.101, 22.155)         (30.2071, 25.8156, 12.4438)
                                                                                    (2.542, 46.933, 6.452)

             15          X 182          X 185              4        142.205         (2.542, 46.933, 6.452)
                                                                                    (-1.326, 38.674, 5.814)

