Using structure file: /home/pkas7/Research/SCOP/pdbstyle-1.75B/pn/d1pn2a1.ent
Number of residues: 148
Doing a BEZIER segmentation ...

Bounding box volume: 55797.8
Null Model Fit: 6712.8 bits.
Bits per residue: 45.6653

Bezier model fit: 6052.52 bits.
Bits per residue: 41.1736

# of segments: 11
Internal segmentation:
0-->6-->30-->48-->65-->78-->84-->100-->116-->131-->146-->147

CPU time used: 8.23 secs.
Wall clock time elapsed: 8 secs.

        SEGMENT          START            END   NUM_RESIDUES MESSAGE_LENGTH                    END_POINTS        INTERMEDIATE_CONTROL_POINTS
              1            A 4           A 10              7        256.746         (73.217, 29.433, 68.209)
                                                                                    (56.292, 19.309, 68.444)

              2           A 10           A 34             25        995.298         (56.292, 19.309, 68.444)         (60.8545, -6.13513, 84.4253)
                                                                                    (44.734, 15.818, 72.629)

              3           A 34           A 52             19        746.477         (44.734, 15.818, 72.629)         (64.9879, 15.4828, 89.4515)
                                                                                    (73.053, 19.835, 67.198)

              4           A 52           A 69             18        712.604         (73.053, 19.835, 67.198)         (96.43, 29.634, 74.8517)
                                                                                    (83.713, 7.572, 69.431)

              5           A 69           A 82             14        521.252         (83.713, 7.572, 69.431)         (79.856, 11.965, 91.6183)
                                                                                    (59.651, 27.533, 83.075)

              6           A 82           A 88              7        261.506         (59.651, 27.533, 83.075)
                                                                                    (55.855, 22.294, 71.235)

              7           A 88          A 104             17        647.372         (55.855, 22.294, 71.235)         (81.493, 38.283, 77.9807)
                                                                                    (96.069, 10.776, 82.947)

              8          A 104          A 120             17        641.572         (96.069, 10.776, 82.947)
                                                                                    (60.468, 35.694, 73.788)

              9          A 120          A 135             16        597.975         (60.468, 35.694, 73.788)         (69.3219, 19.8992, 89.9116)
                                                                                    (92.588, 9.023, 74.586)

             10          A 135          A 150             16        623.015         (92.588, 9.023, 74.586)         (89.1514, 40.0889, 88.0493)
                                                                                    (74.698, 20.276, 90.38)

             11          A 150          A 151              2        48.7023         (74.698, 20.276, 90.38)
                                                                                    (77.728, 19.439, 92.591)

