Using structure file: /home/pkas7/Research/SCOP/pdbstyle-1.75B/pp/d1ppjd1.ent
Number of residues: 195
Doing a BEZIER segmentation ...

Bounding box volume: 82685.7
Null Model Fit: 8969.14 bits.
Bits per residue: 46.2327

Bezier model fit: 8089.81 bits.
Bits per residue: 41.7001

# of segments: 13
Internal segmentation:
0-->12-->17-->39-->52-->77-->86-->105-->134-->145-->153-->167-->177-->194

CPU time used: 11.67 secs.
Wall clock time elapsed: 11 secs.

        SEGMENT          START            END   NUM_RESIDUES MESSAGE_LENGTH                    END_POINTS        INTERMEDIATE_CONTROL_POINTS
              1            D 1           D 13             13        493.729         (62.7, 90.965, 28.809)         (60.5466, 107.355, 35.5578)
                                                                                    (42.191, 114.765, 41.026)

              2           D 13           D 18              6        223.585         (42.191, 114.765, 41.026)
                                                                                    (42.807, 116.068, 51.248)

              3           D 18           D 40             23        889.425         (42.807, 116.068, 51.248)         (22.9838, 106.611, 27.6774)
                                                                                    (36.425, 88.955, 30.972)

              4           D 40           D 53             14        554.649         (36.425, 88.955, 30.972)         (29.1313, 90.3313, 51.0207)
                                                                                    (25.348, 107.15, 47.387)

              5           D 53           D 78             26        1041.59         (25.348, 107.15, 47.387)         (18.8294, 99.9178, 30.5131)
                                                                                    (14.913, 71.619, 44.995)

              6           D 78           D 87             10        374.343         (14.913, 71.619, 44.995)         (15.9567, 84.6971, 30.9721)
                                                                                    (21.008, 95.526, 45.203)

              7           D 87          D 106             20        796.523         (21.008, 95.526, 45.203)         (37.4185, 75.0434, 35.8238)
                                                                                    (44.25, 81.415, 25.375)

              8          D 106          D 135             30        1203.84         (44.25, 81.415, 25.375)         (43.6257, 108.868, 61.3408)
                                                                                    (52.23, 99.673, 20.757)

              9          D 135          D 146             12        466.578         (52.23, 99.673, 20.757)         (71.6537, 89.4529, 14.6144)
                                                                                    (47.816, 85.25, 21.733)

             10          D 146          D 154              9         350.06         (47.816, 85.25, 21.733)         (54.8511, 103.606, 24.6335)
                                                                                    (56.376, 92.982, 33.233)

             11          D 154          D 168             15        585.583         (56.376, 92.982, 33.233)
                                                                                    (34.444, 101.615, 22.75)

             12          D 168          D 178             11        428.271         (34.444, 101.615, 22.75)         (18.5671, 116.853, 33.621)
                                                                                    (38.3, 108.902, 23.59)

             13          D 178          D 195             18        681.637         (38.3, 108.902, 23.59)
                                                                                    (39.51, 101.646, 48.435)

