Using structure file: /home/pkas7/Research/SCOP/pdbstyle-1.75B/pp/d1pp0a_.ent
Number of residues: 191
Doing a BEZIER segmentation ...

Bounding box volume: 69096.5
Null Model Fit: 8735 bits.
Bits per residue: 45.9737

Bezier model fit: 7795.04 bits.
Bits per residue: 41.0265

# of segments: 15
Internal segmentation:
0-->1-->11-->34-->52-->66-->90-->106-->123-->137-->138-->148-->157-->171-->182-->190

CPU time used: 11.29 secs.
Wall clock time elapsed: 11 secs.

        SEGMENT          START            END   NUM_RESIDUES MESSAGE_LENGTH                    END_POINTS        INTERMEDIATE_CONTROL_POINTS
              1            A 5            A 6              2        49.0107         (40.496, 31.855, 39.091)
                                                                                    (40.957, 35.208, 40.836)

              2            A 6           A 16             11        413.731         (40.957, 35.208, 40.836)         (25.2396, 37.3588, 25.2342)
                                                                                    (41.914, 32.166, 18.335)

              3           A 16           A 39             24        936.046         (41.914, 32.166, 18.335)         (51.0473, 41.9543, 42.8386)
                                                                                    (42.306, 38.334, 49.04)

              4           A 39           A 57             19          752.2         (42.306, 38.334, 49.04)         (53.8921, 61.2194, 37.934)
                                                                                    (49.771, 44.22, 22.507)

              5           A 57           A 71             15        567.059         (49.771, 44.22, 22.507)         (37.3958, 60.4118, 36.6379)
                                                                                    (20.706, 53.032, 50.724)

              6           A 71           A 95             25        989.967         (20.706, 53.032, 50.724)         (7.91463, 32.2194, 43.2709)
                                                                                    (24.59, 43.852, 27.306)         (42.0825, 65.9384, 25.8161)

              7           A 95          A 111             17        641.518         (24.59, 43.852, 27.306)
                                                                                    (26.316, 30.082, 49.385)

              8          A 111          A 128             18        720.291         (26.316, 30.082, 49.385)         (44.4565, 35.9878, 43.3881)
                                                                                    (28.619, 44.958, 62.707)

              9          A 128          A 142             15         548.03         (28.619, 44.958, 62.707)         (35.7255, 34.6913, 38.6934)
                                                                                    (36.688, 44.706, 19.338)

             10          A 142          A 146              2        49.0107         (36.688, 44.706, 19.338)
                                                                                    (41.299, 43.578, 12.603)

             11          A 146          A 156             11        390.654         (41.299, 43.578, 12.603)
                                                                                    (35.313, 44.535, 40.777)

             12          A 156          A 165             10        379.756         (35.313, 44.535, 40.777)         (21.4454, 50.3981, 55.5241)
                                                                                    (27.126, 37.049, 59.698)

             13          A 165          A 179             15        588.912         (27.126, 37.049, 59.698)         (12.2241, 28.822, 40.4185)
                                                                                    (20.861, 48.807, 53.565)

             14          A 179          A 190             12        419.916         (20.861, 48.807, 53.565)         (36.5219, 51.517, 42.2235)
                                                                                    (42.14, 46.878, 24.177)

             15          A 190          A 198              9        348.944         (42.14, 46.878, 24.177)         (48.3657, 32.824, 16.5216)
                                                                                    (54.551, 40.46, 31.724)

