Using structure file: /home/pkas7/Research/SCOP/pdbstyle-1.75B/pq/d1pqsa_.ent
Number of residues: 77
Doing a BEZIER segmentation ...

Bounding box volume: 16589
Null Model Fit: 3337.56 bits.
Bits per residue: 43.9153

Bezier model fit: 3131.45 bits.
Bits per residue: 41.2033

# of segments: 7
Internal segmentation:
0-->12-->31-->43-->45-->52-->67-->76

CPU time used: 3.62 secs.
Wall clock time elapsed: 3 secs.

        SEGMENT          START            END   NUM_RESIDUES MESSAGE_LENGTH                    END_POINTS        INTERMEDIATE_CONTROL_POINTS
              1          A 778          A 790             13        501.963         (-6.479, -13.062, 1.219)         (5.34039, 5.51933, -16.7459)
                                                                                    (3.275, 10.316, 2.123)

              2          A 790          A 809             20        785.025         (3.275, 10.316, 2.123)         (-14.5679, -0.395499, -8.78749)
                                                                                    (-13.89, 3.888, 0.534)

              3          A 809          A 821             13        491.672         (-13.89, 3.888, 0.534)         (-6.93409, -3.55397, 15.9869)
                                                                                    (8.955, -6.735, -5.923)

              4          A 821          A 823              3        91.8677         (8.955, -6.735, -5.923)
                                                                                    (7.995, -11.322, -3.501)

              5          A 823          A 830              8        289.344         (7.995, -11.322, -3.501)         (1.89507, -7.9966, 7.94704)
                                                                                    (2.239, 3.693, 11.77)

              6          A 830          A 845             16         605.95         (2.239, 3.693, 11.77)
                                                                                    (14.822, 0.663, -7.524)

              7          A 845          A 854             10        365.632         (14.822, 0.663, -7.524)         (0.3215, -2.61711, -7.07843)
                                                                                    (-7.064, -10.235, 5.476)

