Using structure file: /home/pkas7/Research/SCOP/pdbstyle-1.75B/pr/d1prta_.ent
Number of residues: 224
Doing a BEZIER segmentation ...

Bounding box volume: 78011
Null Model Fit: 10291.2 bits.
Bits per residue: 46.1487

Bezier model fit: 9183.97 bits.
Bits per residue: 41.1837

# of segments: 16
Internal segmentation:
0-->10-->27-->41-->54-->76-->91-->110-->126-->140-->150-->163-->173-->193-->208-->209-->223

CPU time used: 14.11 secs.
Wall clock time elapsed: 14 secs.

        SEGMENT          START            END   NUM_RESIDUES MESSAGE_LENGTH                    END_POINTS        INTERMEDIATE_CONTROL_POINTS
              1            A 2           A 12             11        417.908         (19.047, 40.368, -29.619)
                                                                                    (-7.574, 36.28, -41.935)

              2           A 12           A 29             18        708.955         (-7.574, 36.28, -41.935)         (0.554035, 50.9751, -57.2389)
                                                                                    (-5.235, 51.214, -23.537)

              3           A 29           A 43             15        588.276         (-5.235, 51.214, -23.537)         (4.70886, 37.7197, -16.1337)
                                                                                    (-15.151, 40.894, -26.071)

              4           A 43           A 56             14        538.144         (-15.151, 40.894, -26.071)         (-3.17911, 56.8319, -27.8333)
                                                                                    (8.092, 32.722, -34.032)

              5           A 56           A 78             23         867.49         (8.092, 32.722, -34.032)
                                                                                    (-22.336, 20.161, -41.096)

              6           A 78           A 93             16        608.481         (-22.336, 20.161, -41.096)         (-6.10339, 29.157, -52.0293)
                                                                                    (10.288, 44.935, -36.583)

              7           A 93          A 112             20        779.624         (10.288, 44.935, -36.583)
                                                                                    (5.279, 43.606, -7.204)

              8          A 112          A 128             17        670.394         (5.279, 43.606, -7.204)         (-3.29702, 29.0848, -15.9236)
                                                                                    (6.999, 34.853, -28.361)

              9          A 128          A 142             15        583.777         (6.999, 34.853, -28.361)         (-3.43679, 62.1827, -34.6885)
                                                                                    (7.265, 42.43, -46.376)

             10          A 142          A 152             11        404.105         (7.265, 42.43, -46.376)
                                                                                    (-13.169, 17.748, -48.483)

             11          A 152          A 165             14        521.947         (-13.169, 17.748, -48.483)         (5.95227, 24.7866, -53.516)
                                                                                    (5.135, 49.34, -50.489)

             12          A 165          A 175             11        423.188         (5.135, 49.34, -50.489)         (20.0338, 47.5374, -42.8211)
                                                                                    (15.538, 46.098, -26.794)

             13          A 175          A 195             21        806.079         (15.538, 46.098, -26.794)         (-16.1643, 56.2479, 1.1552)
                                                                                    (-6.75, 23.803, -28.59)

             14          A 195          A 210             16        628.921         (-6.75, 23.803, -28.59)         (0.0208199, 44.9812, -23.4139)
                                                                                    (-15.249, 37.642, -44.632)

             15          A 210          A 221              2        49.1858         (-15.249, 37.642, -44.632)
                                                                                    (-19.785, 33.389, -33.809)

             16          A 221          A 235             15        587.493         (-19.785, 33.389, -33.809)         (-0.569936, 32.9218, -14.0421)
                                                                                    (-9.381, 18.343, -11.776)

