Using structure file: /home/pkas7/Research/SCOP/pdbstyle-1.75B/pu/d1puja_.ent
Number of residues: 261
Doing a BEZIER segmentation ...

Bounding box volume: 90942.7
Null Model Fit: 12056.2 bits.
Bits per residue: 46.37

Bezier model fit: 10734.1 bits.
Bits per residue: 41.2848

# of segments: 15
Internal segmentation:
0-->15-->25-->42-->69-->80-->106-->119-->133-->144-->162-->180-->205-->224-->249-->260

CPU time used: 16.49 secs.
Wall clock time elapsed: 16 secs.

        SEGMENT          START            END   NUM_RESIDUES MESSAGE_LENGTH                    END_POINTS        INTERMEDIATE_CONTROL_POINTS
              1            A 9           A 24             16        608.592         (9.563, 20.475, 63.182)
                                                                                    (2.93, 37.205, 74.822)

              2           A 24           A 34             11        406.726         (2.93, 37.205, 74.822)
                                                                                    (14.807, 40.34, 49.744)

              3           A 34           A 51             18        707.572         (14.807, 40.34, 49.744)         (-1.20199, 22.2898, 56.1705)
                                                                                    (-2.645, 38.254, 68.144)

              4           A 51           A 78             28         1101.4         (-2.645, 38.254, 68.144)         (33.5735, 53.0869, 39.1017)
                                                                                    (-3.647, 45.209, 54.276)

              5           A 78           A 89             12        458.422         (-3.647, 45.209, 54.276)
                                                                                    (23.92, 47.69, 62.391)

              6           A 89          A 115             27        1048.28         (23.92, 47.69, 62.391)         (-6.71415, 52.6717, 67.0246)
                                                                                    (-6.661, 48.167, 88.18)

              7          A 115          A 128             14        530.713         (-6.661, 48.167, 88.18)         (10.121, 44.9005, 79.923)
                                                                                    (12.062, 31.122, 58.897)

              8          A 128          A 142             15        581.103         (12.062, 31.122, 58.897)
                                                                                    (22.708, 44.523, 73.869)

              9          A 142          A 165             12        479.816         (22.708, 44.523, 73.869)         (17.3428, 22.8963, 73.9464)
                                                                                    (12.606, 47.945, 81.356)

             10          A 165          A 183             19        743.818         (12.606, 47.945, 81.356)         (8.28873, 19.3103, 64.6102)
                                                                                    (9.197, 25.564, 43.096)

             11          A 183          A 201             19        759.284         (9.197, 25.564, 43.096)         (21.0984, 35.7297, 59.3704)
                                                                                    (21.231, 20.657, 44.392)

             12          A 201          A 226             26        1021.33         (21.231, 20.657, 44.392)         (12.0061, 45.3339, 34.0305)
                                                                                    (33.844, 41.613, 33.566)

             13          A 226          A 245             20        792.388         (33.844, 41.613, 33.566)         (17.4271, 23.4206, 21.8371)
                                                                                    (37.676, 33.105, 38.886)

             14          A 245          A 270             26        1033.43         (37.676, 33.105, 38.886)         (35.0697, 10.3857, 35.9527)
                                                                                    (26.027, 41.432, 48.118)

             15          A 270          A 281             12        461.191         (26.027, 41.432, 48.118)
                                                                                    (0.95, 43.279, 43.191)

