Using structure file: /home/pkas7/Research/SCOP/pdbstyle-1.75B/pv/d1pvga1.ent
Number of residues: 139
Doing a BEZIER segmentation ...

Bounding box volume: 45983.3
Null Model Fit: 6263.29 bits.
Bits per residue: 45.3862

Bezier model fit: 5714.18 bits.
Bits per residue: 41.4071

# of segments: 14
Internal segmentation:
0-->11-->13-->24-->34-->43-->52-->71-->73-->90-->98-->108-->109-->117-->138

CPU time used: 7.67 secs.
Wall clock time elapsed: 7 secs.

        SEGMENT          START            END   NUM_RESIDUES MESSAGE_LENGTH                    END_POINTS        INTERMEDIATE_CONTROL_POINTS
              1          A 246          A 257             12        456.585         (37.484, 65.019, 37.428)
                                                                                    (55.331, 58.526, 33.814)

              2          A 257          A 276              3        94.8094         (55.331, 58.526, 33.814)
                                                                                    (53.61, 71.555, 23.641)

              3          A 276          A 287             12        462.714         (53.61, 71.555, 23.641)
                                                                                    (29.246, 61.743, 27.373)

              4          A 287          A 297             11        402.157         (29.246, 61.743, 27.373)         (49.8936, 67.0503, 24.768)
                                                                                    (56.842, 51.64, 23.031)

              5          A 297          A 306             10        365.776         (56.842, 51.64, 23.031)
                                                                                    (30.026, 53.934, 32.617)

              6          A 306          A 315             10        383.158         (30.026, 53.934, 32.617)         (46.5236, 43.7057, 35.0112)
                                                                                    (34.362, 49.248, 20.132)

              7          A 315          A 334             20        758.243         (34.362, 49.248, 20.132)
                                                                                    (49.094, 65.407, 1.518)

              8          A 334          A 341              3        94.8094         (49.094, 65.407, 1.518)
                                                                                    (50.816, 52.116, 7.644)

              9          A 341          A 358             18        698.928         (50.816, 52.116, 7.644)         (57.2388, 60.5198, 28.6009)
                                                                                    (23.635, 53.246, 26.598)

             10          A 358          A 366              9        349.205         (23.635, 53.246, 26.598)         (29.8902, 37.5347, 23.606)
                                                                                    (33.968, 40.983, 33.791)

             11          A 366          A 376             11        423.153         (33.968, 40.983, 33.791)
                                                                                    (24.048, 51.742, 19.323)

             12          A 376          A 377              2        48.4232         (24.048, 51.742, 19.323)
                                                                                    (26.164, 53.977, 21.631)

             13          A 377          A 385              9        326.047         (26.164, 53.977, 21.631)
                                                                                    (40.441, 68.936, 13.467)

             14          A 385          A 406             22        850.168         (40.441, 68.936, 13.467)         (56.7182, 66.444, 23.313)
                                                                                    (62.448, 56.391, 4.58)

