Using structure file: /home/pkas7/Research/SCOP/pdbstyle-1.75B/q2/d1q2la1.ent
Number of residues: 229
Doing a BEZIER segmentation ...

Bounding box volume: 88947.4
Null Model Fit: 10565.1 bits.
Bits per residue: 46.338

Bezier model fit: 9330.35 bits.
Bits per residue: 40.9226

# of segments: 13
Internal segmentation:
0-->27-->43-->59-->87-->96-->105-->127-->149-->167-->195-->207-->219-->228

CPU time used: 13.87 secs.
Wall clock time elapsed: 13 secs.

        SEGMENT          START            END   NUM_RESIDUES MESSAGE_LENGTH                    END_POINTS        INTERMEDIATE_CONTROL_POINTS
              1          A 504          A 531             28        1133.34         (44.832, 50.966, 38.84)         (37.9918, 41.4997, -9.93378)
                                                                                    (38.169, 77.162, 17.777)

              2          A 531          A 547             17        670.229         (38.169, 77.162, 17.777)         (49.957, 42.8095, 2.26042)
                                                                                    (46.675, 51.249, 20.038)

              3          A 547          A 563             17        652.113         (46.675, 51.249, 20.038)         (43.8446, 85.0064, 18.5024)
                                                                                    (61.861, 85.095, 28.553)

              4          A 563          A 591             29        1105.49         (61.861, 85.095, 28.553)         (51.734, 66.1883, 46.9913)
                                                                                    (50.712, 50.138, 28.467)

              5          A 591          A 600             10        375.452         (50.712, 50.138, 28.467)         (57.105, 66.5601, 29.8125)
                                                                                    (54.178, 77.548, 20.721)

              6          A 600          A 609             10        377.874         (54.178, 77.548, 20.721)
                                                                                    (46.247, 50.688, 24.31)

              7          A 609          A 631             23        897.009         (46.247, 50.688, 24.31)         (34.8754, 65.5773, 29.0259)
                                                                                    (56.122, 76.75, 47.11)

              8          A 631          A 653             23        862.898         (56.122, 76.75, 47.11)
                                                                                    (82.487, 70.961, 22.346)

              9          A 653          A 671             19        758.214         (82.487, 70.961, 22.346)         (62.0707, 77.7612, 8.05406)
                                                                                    (69.602, 83.683, 26.135)

             10          A 671          A 699             29        1116.13         (69.602, 83.683, 26.135)         (54.4095, 85.8329, 56.4078)
                                                                                    (42.983, 76.865, 20.153)

             11          A 699          A 711             13        502.778         (42.983, 76.865, 20.153)         (51.1483, 47.8909, 13.5183)
                                                                                    (33.425, 59.669, 16.601)

             12          A 711          A 723             13        495.701         (33.425, 59.669, 16.601)
                                                                                    (37.408, 70.469, 30.321)

             13          A 723          A 732             10        383.136         (37.408, 70.469, 30.321)         (36.6882, 85.6727, 24.6181)
                                                                                    (48.158, 83.225, 15.8)

