Using structure file: /home/pkas7/Research/SCOP/pdbstyle-1.75B/q6/d1q6ha_.ent
Number of residues: 210
Doing a BEZIER segmentation ...

Bounding box volume: 134358
Null Model Fit: 9809.01 bits.
Bits per residue: 46.9331

Bezier model fit: 8544.7 bits.
Bits per residue: 40.8837

# of segments: 14
Internal segmentation:
0-->4-->30-->54-->70-->99-->106-->119-->124-->135-->149-->172-->182-->196-->209

CPU time used: 12.51 secs.
Wall clock time elapsed: 12 secs.

        SEGMENT          START            END   NUM_RESIDUES MESSAGE_LENGTH                    END_POINTS        INTERMEDIATE_CONTROL_POINTS
              1           A 15           A 19              5        179.759         (6.15, 69.511, 49.834)
                                                                                    (3.646, 60.506, 56.563)

              2           A 19           A 45             27        997.749         (3.646, 60.506, 56.563)
                                                                                    (-5.654, 45.548, 21.692)

              3           A 45           A 69             25        1004.37         (-5.654, 45.548, 21.692)         (-13.4035, 72.9796, 46.5784)
                                                                                    (-24.453, 51.406, 41.601)

              4           A 69           A 85             17        645.273         (-24.453, 51.406, 41.601)
                                                                                    (-10.841, 38.955, 25.632)

              5           A 85          A 114             30        1118.62         (-10.841, 38.955, 25.632)         (-2.92634, 38.7565, 5.47587)
                                                                                    (22.32, 31.566, -4.793)

              6          A 114          A 121              8        300.364         (22.32, 31.566, -4.793)
                                                                                    (8.112, 20.282, 3.078)

              7          A 121          A 134             14        534.308         (8.112, 20.282, 3.078)         (32.5714, 35.9072, 2.39525)
                                                                                    (27.707, 10.596, 9.559)

              8          A 134          A 139              6         226.58         (27.707, 10.596, 9.559)
                                                                                    (17.077, 8.916, 17.294)

              9          A 139          A 150             12        428.043         (17.077, 8.916, 17.294)         (33.9594, 25.5661, 21.7042)
                                                                                    (12.453, 36.532, 13.653)

             10          A 150          A 164             15        596.696         (12.453, 36.532, 13.653)
                                                                                    (27.479, 26.199, 25.917)

             11          A 164          A 187             24         972.71         (27.479, 26.199, 25.917)         (-3.65686, 11.6333, 6.92387)
                                                                                    (31.297, 20.221, 11.777)

             12          A 187          A 197             11        406.683         (31.297, 20.221, 11.777)         (17.1818, 34.0762, 4.90469)
                                                                                    (3.921, 25.052, 9.999)

             13          A 197          A 211             15        613.406         (3.921, 25.052, 9.999)         (5.84403, 33.7912, 28.9634)
                                                                                    (2.672, 32.235, 12.434)

             14          A 211          A 224             14        520.137         (2.672, 32.235, 12.434)         (30.7962, 34.3491, 9.7784)
                                                                                    (26.038, 10.968, 18.842)

