Using structure file: /home/pkas7/Research/SCOP/pdbstyle-1.75B/q9/d1q9ja1.ent
Number of residues: 163
Doing a BEZIER segmentation ...

Bounding box volume: 59752.5
Null Model Fit: 7413.78 bits.
Bits per residue: 45.7641

Bezier model fit: 6680.05 bits.
Bits per residue: 41.2349

# of segments: 13
Internal segmentation:
0-->1-->20-->30-->49-->62-->80-->81-->100-->112-->115-->135-->152-->162

CPU time used: 9.8 secs.
Wall clock time elapsed: 9 secs.

        SEGMENT          START            END   NUM_RESIDUES MESSAGE_LENGTH                    END_POINTS        INTERMEDIATE_CONTROL_POINTS
              1            A 1            A 2              2        48.8011         (95.003, 53.1, -21.818)
                                                                                    (98.698, 53.497, -22.751)

              2            A 2           A 21             20        793.403         (98.698, 53.497, -22.751)         (74.1787, 70.972, -21.9924)
                                                                                    (92.504, 75.163, -13.38)

              3           A 21           A 31             11        396.661         (92.504, 75.163, -13.38)         (90.1562, 68.4723, 2.23219)
                                                                                    (100.93, 64.079, 15.55)

              4           A 31           A 50             20        785.373         (100.93, 64.079, 15.55)         (110.551, 47.8258, -2.17683)
                                                                                    (92.317, 54.735, -9.706)

              5           A 50           A 63             14        548.225         (92.317, 54.735, -9.706)         (101.21, 66.8174, -21.014)
                                                                                    (88.093, 73.801, -28.046)

              6           A 63           A 81             19        731.752         (88.093, 73.801, -28.046)         (103.643, 43.9291, -17.2379)
                                                                                    (111.129, 69.104, 6.258)

              7           A 81           A 94              2        48.8011         (111.129, 69.104, 6.258)
                                                                                    (104.648, 77.795, -1.47)

              8           A 94          A 113             20        786.918         (104.648, 77.795, -1.47)         (92.3903, 60.6382, -30.0721)
                                                                                    (107.641, 68.175, 15.517)

              9          A 113          A 125             13        479.688         (107.641, 68.175, 15.517)
                                                                                    (87.589, 67.453, -12.779)

             10          A 125          A 128              4        142.579         (87.589, 67.453, -12.779)
                                                                                    (83.758, 66.347, -6.219)

             11          A 128          A 148             21        792.211         (83.758, 66.347, -6.219)
                                                                                    (99.934, 47.433, 10.62)

             12          A 148          A 165             18        693.983         (99.934, 47.433, 10.62)         (96.4025, 42.0112, -12.8849)
                                                                                    (76.197, 63.723, -18.383)

             13          A 165          A 175             11        431.655         (76.197, 63.723, -18.383)         (69.0233, 49.2887, -16.5348)
                                                                                    (69.37, 66.979, -20.817)

