Using structure file: /home/pkas7/Research/SCOP/pdbstyle-1.75B/qd/d1qdla_.ent
Number of residues: 415
Doing a BEZIER segmentation ...

Bounding box volume: 139042
Null Model Fit: 19450.8 bits.
Bits per residue: 46.9825

Bezier model fit: 17051.8 bits.
Bits per residue: 41.188

# of segments: 23
Internal segmentation:
0-->23-->33-->50-->72-->87-->107-->118-->126-->143-->170-->184-->208-->226-->242-->256-->277-->296-->311-->332-->360-->377-->389-->414

CPU time used: 27.05 secs.
Wall clock time elapsed: 27 secs.

        SEGMENT          START            END   NUM_RESIDUES MESSAGE_LENGTH                    END_POINTS        INTERMEDIATE_CONTROL_POINTS
              1           A -1           A 23             24        961.477         (88.076, 83.066, 88.876)         (74.9453, 67.6898, 117.658)
                                                                                    (70.022, 90.305, 92.722)

              2           A 23           A 40             11        425.178         (70.022, 90.305, 92.722)
                                                                                    (74.31, 65.121, 96.306)

              3           A 40           A 57             18        700.111         (74.31, 65.121, 96.306)         (74.9061, 103.569, 87.4723)
                                                                                    (58.849, 78.849, 70.719)

              4           A 57           A 79             23        915.484         (58.849, 78.849, 70.719)         (85.3865, 78.0703, 76.2621)
                                                                                    (78.855, 72.698, 84.131)

              5           A 79           A 94             16         629.26         (78.855, 72.698, 84.131)         (49.4442, 82.7677, 84.3603)
                                                                                    (54.514, 71.754, 69.877)

              6           A 94          A 114             21        824.711         (54.514, 71.754, 69.877)         (27.3963, 87.765, 84.5856)
                                                                                    (72.895, 82.271, 82.161)

              7          A 114          A 125             12        463.657         (72.895, 82.271, 82.161)
                                                                                    (83.121, 65.352, 98.657)

              8          A 125          A 133              9        334.255         (83.121, 65.352, 98.657)
                                                                                    (82.972, 87.474, 92.115)

              9          A 133          A 150             18         684.38         (82.972, 87.474, 92.115)         (75.6666, 88.6102, 118.671)
                                                                                    (43.816, 84.062, 100.969)

             10          A 150          A 177             28        1116.34         (43.816, 84.062, 100.969)         (22.2802, 61.3563, 80.3703)
                                                                                    (42.428, 56.761, 79.419)

             11          A 177          A 191             15        558.942         (42.428, 56.761, 79.419)         (38.2752, 80.8435, 93.6588)
                                                                                    (57.647, 88.886, 103.602)

             12          A 191          A 215             25        984.552         (57.647, 88.886, 103.602)         (65.0382, 49.0398, 104.787)
                                                                                    (62.79, 89.626, 89.475)

             13          A 215          A 233             19        747.825         (62.79, 89.626, 89.475)         (52.0179, 60.7211, 98.9953)
                                                                                    (73.598, 61.668, 74.642)

             14          A 233          A 249             17         646.17         (73.598, 61.668, 74.642)         (43.0615, 57.7348, 90.1865)
                                                                                    (59.093, 48.375, 110.576)

             15          A 249          A 263             15        568.283         (59.093, 48.375, 110.576)
                                                                                    (47.691, 46.73, 92.867)

             16          A 263          A 284             22        827.005         (47.691, 46.73, 92.867)
                                                                                    (64.004, 61.581, 69.175)

             17          A 284          A 303             20        797.744         (64.004, 61.581, 69.175)         (66.3699, 36.5203, 77.5555)
                                                                                    (57.871, 59.337, 103.45)

             18          A 303          A 318             16        607.088         (57.871, 59.337, 103.45)         (61.899, 44.6063, 79.8981)
                                                                                    (70.411, 65.416, 64.722)

             19          A 318          A 339             22        886.308         (70.411, 65.416, 64.722)         (54.7513, 69.0523, 87.9075)
                                                                                    (48.173, 63.285, 75.437)

             20          A 339          A 367             29        1157.95         (48.173, 63.285, 75.437)         (27.4278, 83.8598, 90.1766)
                                                                                    (78.132, 70.547, 77.576)

             21          A 367          A 384             18        704.419         (78.132, 70.547, 77.576)         (51.0431, 61.7067, 92.7513)
                                                                                    (51.14, 90.44, 94.041)

             22          A 384          A 396             13        469.052         (51.14, 90.44, 94.041)         (50.7942, 68.8018, 94.7733)
                                                                                    (37.421, 55.41, 84.147)

             23          A 396          A 421             26        1041.62         (37.421, 55.41, 84.147)
                                                                                    (49.275, 76.065, 108.665)

