Using structure file: /home/pkas7/Research/SCOP/pdbstyle-1.75B/ql/d1ql3a_.ent
Number of residues: 99
Doing a BEZIER segmentation ...

Bounding box volume: 22786.8
Null Model Fit: 4348.58 bits.
Bits per residue: 44.3733

Bezier model fit: 4094.89 bits.
Bits per residue: 41.7846

# of segments: 8
Internal segmentation:
0-->1-->21-->23-->41-->53-->72-->83-->98

CPU time used: 5.24 secs.
Wall clock time elapsed: 5 secs.

        SEGMENT          START            END   NUM_RESIDUES MESSAGE_LENGTH                    END_POINTS        INTERMEDIATE_CONTROL_POINTS
              1            A 2            A 3              2        47.4103         (13.122, -0.738, 12.087)
                                                                                    (16.82, -1.409, 12.98)

              2            A 3           A 23             21        823.432         (16.82, -1.409, 12.98)         (26.3538, 13.0204, 24.5805)
                                                                                    (16.129, 1.963, 37.893)

              3           A 23           A 25              3        92.7836         (16.129, 1.963, 37.893)
                                                                                    (17.42, 8.485, 37.894)

              4           A 25           A 43             19        759.255         (17.42, 8.485, 37.894)         (-0.578408, -1.69767, 15.4258)
                                                                                    (7.229, 7.21, 42.649)

              5           A 43           A 55             13        507.409         (7.229, 7.21, 42.649)         (5.08057, 27.2749, 33.9336)
                                                                                    (-2.609, 8.776, 27.041)

              6           A 55           A 74             20        797.098         (-2.609, 8.776, 27.041)         (16.4734, 8.29262, 11.1352)
                                                                                    (5.355, 22.012, 27.045)

              7           A 74           A 85             12        463.686         (5.355, 22.012, 27.045)         (19.9525, 18.2439, 35.1062)
                                                                                    (16.089, 12.405, 11.872)

              8           A 85          A 100             16         603.82         (16.089, 12.405, 11.872)
                                                                                    (9.772, -4.211, 26.528)

