Using structure file: /home/pkas7/Research/SCOP/pdbstyle-1.75B/qo/d1qora1.ent
Number of residues: 147
Doing a BEZIER segmentation ...

Bounding box volume: 33735.5
Null Model Fit: 6561.14 bits.
Bits per residue: 44.9393

Bezier model fit: 6081.99 bits.
Bits per residue: 41.6575

# of segments: 9
Internal segmentation:
0-->12-->27-->39-->66-->73-->87-->101-->124-->146

CPU time used: 8.49 secs.
Wall clock time elapsed: 8 secs.

        SEGMENT          START            END   NUM_RESIDUES MESSAGE_LENGTH                    END_POINTS        INTERMEDIATE_CONTROL_POINTS
              1            A 2           A 14             13        513.908         (44.887, 81.118, -12.087)         (34.1852, 55.7954, -20.4127)
                                                                                    (46.306, 64.511, -25.301)

              2           A 14           A 29             16        593.394         (46.306, 64.511, -25.301)         (37.9668, 90.3122, -14.2612)
                                                                                    (37.719, 74.216, 7.11)

              3           A 29           A 41             13        487.642         (37.719, 74.216, 7.11)         (58.3915, 85.9328, -8.84713)
                                                                                    (51.949, 60.55, -9.614)

              4           A 41           A 68             28        1130.18         (51.949, 60.55, -9.614)         (23.733, 50.0846, -24.3606)
                                                                                    (52.314, 79.169, 0.329)

              5           A 68           A 75              8        292.688         (52.314, 79.169, 0.329)
                                                                                    (37.359, 77.452, 11.149)

              6           A 75           A 89             15        589.923         (37.359, 77.452, 11.149)         (62.4942, 86.7861, 7.39016)
                                                                                    (45.51, 64.126, -0.41)

              7           A 89          A 103             15        598.342         (45.51, 64.126, -0.41)         (45.1749, 79.1072, -21.1387)
                                                                                    (43.427, 72.023, 6.262)

              8          A 103          A 305             24        967.047         (43.427, 72.023, 6.262)         (84.7136, 60.7344, 2.05119)
                                                                                    (50.868, 73.794, -19.132)

              9          A 305          A 327             23         908.87         (50.868, 73.794, -19.132)         (65.2197, 38.9819, -19.894)
                                                                                    (53.183, 76.603, -11.968)

