Using structure file: /home/pkas7/Research/SCOP/pdbstyle-1.75B/qo/d1qo3c_.ent
Number of residues: 128
Doing a BEZIER segmentation ...

Bounding box volume: 41196.1
Null Model Fit: 5743.9 bits.
Bits per residue: 45.2276

Bezier model fit: 5323.46 bits.
Bits per residue: 41.917

# of segments: 12
Internal segmentation:
0-->1-->8-->9-->17-->29-->48-->73-->81-->98-->106-->115-->127

CPU time used: 7.44 secs.
Wall clock time elapsed: 7 secs.

        SEGMENT          START            END   NUM_RESIDUES MESSAGE_LENGTH                    END_POINTS        INTERMEDIATE_CONTROL_POINTS
              1          C 126          C 127              2        48.2646         (-17.962, 12.084, -8.709)
                                                                                    (-19.536, 10.625, -5.564)

              2          C 127          C 134              8        308.629         (-19.536, 10.625, -5.564)
                                                                                    (-21.87, 18.78, -11.571)

              3          C 134          C 140              2        48.2646         (-21.87, 18.78, -11.571)
                                                                                    (-16.019, 12.37, -0.582)

              4          C 140          C 148              9         340.69         (-16.019, 12.37, -0.582)         (-23.2059, -2.76597, 4.76392)
                                                                                    (-34.842, -0.673, 5.212)

              5          C 148          C 160             13        495.259         (-34.842, -0.673, 5.212)         (-8.70937, 15.2836, 0.247077)
                                                                                    (-24.415, 20.823, 12.275)

              6          C 160          C 179             20         790.02         (-24.415, 20.823, 12.275)         (-30.4722, 22.4746, -10.9514)
                                                                                    (-34.161, 2.318, 17.961)

              7          C 179          C 204             26        1022.67         (-34.161, 2.318, 17.961)         (-3.20353, -3.71589, 7.29009)
                                                                                    (-37.478, 27.872, 22.868)

              8          C 204          C 212              9        347.603         (-37.478, 27.872, 22.868)         (-31.8683, 14.9683, 26.7754)
                                                                                    (-38.341, 15.529, 11.881)

              9          C 212          C 229             18        707.262         (-38.341, 15.529, 11.881)         (-37.2386, 0.914582, 33.797)
                                                                                    (-21.179, 22.187, 26.233)

             10          C 229          C 237              9        339.479         (-21.179, 22.187, 26.233)         (-30.6346, 19.9635, 14.5069)
                                                                                    (-18.303, 4.391, 17.887)

             11          C 237          C 246             10        381.568         (-18.303, 4.391, 17.887)         (-25.7023, 14.1998, 28.4633)
                                                                                    (-20.657, 25.525, 15.094)

             12          C 246          C 258             13        493.752         (-20.657, 25.525, 15.094)         (-17.3579, 9.35932, 7.77345)
                                                                                    (-39.838, 2.694, 0.444)

