Using structure file: /home/pkas7/Research/SCOP/pdbstyle-1.75B/qp/d1qpma_.ent
Number of residues: 69
Doing a BEZIER segmentation ...

Bounding box volume: 19811.9
Null Model Fit: 3003.66 bits.
Bits per residue: 44.1714

Bezier model fit: 2816.64 bits.
Bits per residue: 41.4212

# of segments: 6
Internal segmentation:
0-->13-->18-->40-->53-->67-->68

CPU time used: 3.18 secs.
Wall clock time elapsed: 3 secs.

        SEGMENT          START            END   NUM_RESIDUES MESSAGE_LENGTH                    END_POINTS        INTERMEDIATE_CONTROL_POINTS
              1           A 13           A 26             14        544.227         (8.119, 1.263, -9.564)         (-0.373964, -11.0385, 11.2685)
                                                                                    (-10.382, 3.015, 8.552)

              2           A 26           A 31              6        221.742         (-10.382, 3.015, 8.552)
                                                                                    (-8.728, -7.768, 11.668)

              3           A 31           A 53             23        897.638         (-8.728, -7.768, 11.668)         (-19.0515, -10.7135, -18.7438)
                                                                                    (12.007, -13.381, 9.397)

              4           A 53           A 66             14        543.806         (12.007, -13.381, 9.397)
                                                                                    (-9.574, 0.67, -7.682)

              5           A 66           A 80             15        562.022         (-9.574, 0.67, -7.682)
                                                                                    (1.12, 11.934, 9.025)

              6           A 80           A 81              2        47.2085         (1.12, 11.934, 9.025)
                                                                                    (2.901, 12.37, 5.663)

