Using structure file: /home/pkas7/Research/SCOP/pdbstyle-1.75B/qs/d1qsma_.ent
Number of residues: 150
Doing a BEZIER segmentation ...

Bounding box volume: 55426.8
Null Model Fit: 6802.69 bits.
Bits per residue: 45.6557

Bezier model fit: 6139.77 bits.
Bits per residue: 41.2065

# of segments: 13
Internal segmentation:
0-->1-->9-->26-->31-->45-->46-->58-->77-->92-->93-->113-->135-->149

CPU time used: 8.65 secs.
Wall clock time elapsed: 8 secs.

        SEGMENT          START            END   NUM_RESIDUES MESSAGE_LENGTH                    END_POINTS        INTERMEDIATE_CONTROL_POINTS
              1            A 7            A 8              2        48.6927         (31.686, 52.138, 43.888)
                                                                                    (28.413, 53.562, 45.249)

              2            A 8           A 16              9          328.6         (28.413, 53.562, 45.249)         (20.9296, 44.4069, 32.5038)
                                                                                    (6.795, 49.577, 39.341)

              3           A 16           A 33             18        690.422         (6.795, 49.577, 39.341)         (13.3349, 65.2651, 37.6649)
                                                                                    (17.014, 66.35, 22.891)

              4           A 33           A 38              6        219.824         (17.014, 66.35, 22.891)
                                                                                    (2.958, 62.95, 25.12)

              5           A 38           A 52             15        568.098         (2.958, 62.95, 25.12)
                                                                                    (8.073, 40.142, 30.614)

              6           A 52           A 53              2        48.6927         (8.073, 40.142, 30.614)
                                                                                    (6.667, 39.008, 27.261)

              7           A 53           A 65             13         488.84         (6.667, 39.008, 27.261)         (19.3149, 53.6796, 27.2483)
                                                                                    (23.869, 55.568, 49.798)

              8           A 65           A 84             20        795.712         (23.869, 55.568, 49.798)         (11.7539, 56.6836, 19.5732)
                                                                                    (19.573, 33.556, 13.303)

              9           A 84           A 99             16        610.859         (19.573, 33.556, 13.303)         (16.6124, 61.2678, 25.8319)
                                                                                    (25.701, 62.575, 38.913)

             10           A 99          A 100              2        48.6927         (25.701, 62.575, 38.913)
                                                                                    (27.828, 62.654, 35.76)

             11          A 100          A 120             21        799.349         (27.828, 62.654, 35.76)
                                                                                    (21.948, 34.908, 23.929)

             12          A 120          A 142             23        911.703         (21.948, 34.908, 23.929)         (28.2683, 81.1125, 15.5196)
                                                                                    (32.807, 50.865, 25.686)

             13          A 142          A 156             15        580.285         (32.807, 50.865, 25.686)         (27.5752, 55.3693, -2.40627)
                                                                                    (10.457, 61.103, 9.381)

