Using structure file: /home/pkas7/Research/SCOP/pdbstyle-1.75B/qw/d1qwya_.ent
Number of residues: 234
Doing a BEZIER segmentation ...

Bounding box volume: 71905
Null Model Fit: 10725.3 bits.
Bits per residue: 46.0312

Bezier model fit: 9845.71 bits.
Bits per residue: 42.2563

# of segments: 20
Internal segmentation:
0-->10-->18-->33-->41-->55-->69-->82-->101-->102-->122-->125-->134-->146-->159-->170-->181-->194-->205-->221-->233

CPU time used: 14.31 secs.
Wall clock time elapsed: 14 secs.

        SEGMENT          START            END   NUM_RESIDUES MESSAGE_LENGTH                    END_POINTS        INTERMEDIATE_CONTROL_POINTS
              1           A 45           A 55             11        431.828         (-6.631, -22.47, 48.232)         (-9.96954, -22.5184, 32.0375)
                                                                                    (2.812, -35.934, 50.673)

              2           A 55           A 63              9          341.6         (2.812, -35.934, 50.673)
                                                                                    (-4.887, -25.664, 34.335)

              3           A 63           A 78             16        632.479         (-4.887, -25.664, 34.335)         (12.3586, -46.5248, 40.904)
                                                                                    (7.099, -21.452, 36.561)

              4           A 78           A 86              9        348.768         (7.099, -21.452, 36.561)
                                                                                    (3.782, -22.683, 55.175)

              5           A 86          A 100             15        587.526         (3.782, -22.683, 55.175)         (-0.403744, -26.0895, 21.8703)
                                                                                    (-2.581, -13.361, 48.965)

              6          A 100          A 114             15        585.153         (-2.581, -13.361, 48.965)         (18.8049, -22.2326, 28.4308)
                                                                                    (24.46, -3.515, 35.84)

              7          A 114          A 127             14         543.33         (24.46, -3.515, 35.84)
                                                                                    (-0.846, -8.19, 13.283)

              8          A 127          A 146             20        795.157         (-0.846, -8.19, 13.283)         (0.125563, -22.83, 29.4429)
                                                                                    (21.705, -5.132, 20.658)

              9          A 146          A 183              2        49.0682         (21.705, -5.132, 20.658)
                                                                                    (-1.548, 10.616, 21.831)

             10          A 183          A 203             21        829.144         (-1.548, 10.616, 21.831)         (-0.00388752, 10.5125, 58.1854)
                                                                                    (19.32, 4.946, 28.576)

             11          A 203          A 206              4         143.38         (19.32, 4.946, 28.576)
                                                                                    (25.188, 4.008, 33.858)

             12          A 206          A 215             10        375.918         (25.188, 4.008, 33.858)         (12.685, -1.93757, 18.7164)
                                                                                    (10.087, 5.258, 39.679)

             13          A 215          A 227             13        504.423         (10.087, 5.258, 39.679)         (3.70967, -7.17697, 57.3646)
                                                                                    (-5.669, 3.731, 31.523)

             14          A 227          A 240             14        553.846         (-5.669, 3.731, 31.523)         (-6.30966, -19.8041, 30.5117)
                                                                                    (13.373, -9.81, 33.186)

             15          A 240          A 251             12        467.237         (13.373, -9.81, 33.186)         (-0.57902, -8.23032, 38.2568)
                                                                                    (-9.614, 1.547, 21.292)

             16          A 251          A 262             12        457.754         (-9.614, 1.547, 21.292)         (8.93325, -0.0266186, 25.1299)
                                                                                    (5.391, -8.721, 44.224)

             17          A 262          A 275             14        549.778         (5.391, -8.721, 44.224)         (-16.5393, -15.8173, 24.6603)
                                                                                    (-7.261, 3.835, 38.689)

             18          A 275          A 286             12        469.731         (-7.261, 3.835, 38.689)         (1.84526, -8.98326, 48.4079)
                                                                                    (15.87, -8.247, 37.149)

             19          A 286          A 302             17        666.745         (15.87, -8.247, 37.149)         (18.5205, 4.6111, 63.5984)
                                                                                    (7.809, -5.622, 23.354)         (-8.3359, 3.73375, 3.43248)

             20          A 302          A 314             13        512.845         (7.809, -5.622, 23.354)
                                                                                    (3.515, 14.34, 32.225)

