Using structure file: /home/pkas7/Research/SCOP/pdbstyle-1.75B/qy/d1qy9a2.ent
Number of residues: 168
Doing a BEZIER segmentation ...

Bounding box volume: 66599.3
Null Model Fit: 7668.74 bits.
Bits per residue: 45.9206

Bezier model fit: 6894.12 bits.
Bits per residue: 41.2821

# of segments: 14
Internal segmentation:
0-->20-->31-->40-->62-->74-->85-->110-->115-->116-->130-->143-->147-->166-->167

CPU time used: 9.99 secs.
Wall clock time elapsed: 9 secs.

        SEGMENT          START            END   NUM_RESIDUES MESSAGE_LENGTH                    END_POINTS        INTERMEDIATE_CONTROL_POINTS
              1          A 130          A 150             21        835.776         (-29.04, 18.641, 51.288)         (-39.606, 17.313, 29.1463)
                                                                                    (-39.268, 9.948, 55.82)

              2          A 150          A 161             12        468.528         (-39.268, 9.948, 55.82)
                                                                                    (-17.515, 2.219, 43.669)

              3          A 161          A 170             10        371.758         (-17.515, 2.219, 43.669)         (-30.9934, 12.9383, 48.3091)
                                                                                    (-42.982, 1.831, 48.632)

              4          A 170          A 192             23        903.054         (-42.982, 1.831, 48.632)         (-35.1272, 17.6924, 22.3746)
                                                                                    (-18.344, 13.716, 41.966)

              5          A 192          A 204             13        496.395         (-18.344, 13.716, 41.966)         (-34.7993, 3.29835, 38.3584)
                                                                                    (-43.142, -6.59, 55.159)

              6          A 204          A 215             12        450.498         (-43.142, -6.59, 55.159)
                                                                                    (-25.909, 9.074, 32.139)

              7          A 215          A 240             26        1039.63         (-25.909, 9.074, 32.139)         (-22.6579, -9.47889, 38.6733)
                                                                                    (-31.608, 1.13, 61.143)

              8          A 240          A 245              6        218.043         (-31.608, 1.13, 61.143)
                                                                                    (-31.246, -10.645, 64.565)

              9          A 245          A 246              2        48.9576         (-31.246, -10.645, 64.565)
                                                                                    (-28.19, -8.373, 65.025)

             10          A 246          A 260             15         572.39         (-28.19, -8.373, 65.025)
                                                                                    (-37.218, -5.878, 30.515)

             11          A 260          A 273             14        505.207         (-37.218, -5.878, 30.515)         (-25.2812, -16.4611, 47.7141)
                                                                                    (-22.067, -2.893, 66.951)

             12          A 273          A 277              5        182.764         (-22.067, -2.893, 66.951)
                                                                                    (-19.107, -4.7, 58.645)

             13          A 277          A 296             20         752.16         (-19.107, -4.7, 58.645)         (-37.2108, -26.1231, 25.4146)
                                                                                    (-6.322, -16.207, 15.142)

             14          A 296          A 297              2        48.9576         (-6.322, -16.207, 15.142)
                                                                                    (-5.889, -13.775, 18.051)

