Using structure file: /home/pkas7/Research/SCOP/pdbstyle-1.75B/qz/d1qz9a_.ent
Number of residues: 404
Doing a BEZIER segmentation ...

Bounding box volume: 142153
Null Model Fit: 18946.8 bits.
Bits per residue: 47.0144

Bezier model fit: 16715.2 bits.
Bits per residue: 41.4769

# of segments: 24
Internal segmentation:
0-->2-->22-->33-->59-->83-->94-->112-->127-->152-->175-->193-->213-->224-->231-->251-->265-->279-->300-->325-->338-->361-->369-->379-->403

CPU time used: 25.24 secs.
Wall clock time elapsed: 25 secs.

        SEGMENT          START            END   NUM_RESIDUES MESSAGE_LENGTH                    END_POINTS        INTERMEDIATE_CONTROL_POINTS
              1            A 2            A 4              3        98.0659         (2.331, 26.73, 17.518)
                                                                                    (-3.096, 30.975, 19.022)

              2            A 4           A 24             21        806.417         (-3.096, 30.975, 19.022)         (-1.22291, 19.6543, 40.8325)
                                                                                    (-3.082, 47.592, 37.086)

              3           A 24           A 35             12        466.863         (-3.082, 47.592, 37.086)         (-5.31666, 46.9827, 16.8936)
                                                                                    (12.766, 44.902, 32.27)

              4           A 35           A 61             27        1067.97         (12.766, 44.902, 32.27)         (-14.1847, 56.2407, 51.6807)
                                                                                    (8.198, 64.371, 61.851)

              5           A 61           A 85             25         984.98         (8.198, 64.371, 61.851)
                                                                                    (20.058, 34.005, 48.371)

              6           A 85           A 96             12        478.226         (20.058, 34.005, 48.371)         (19.4558, 44.3328, 64.2715)
                                                                                    (20.575, 54.289, 43.043)

              7           A 96          A 114             19        713.913         (20.575, 54.289, 43.043)
                                                                                    (45.823, 46.093, 52.056)

              8          A 114          A 129             16        640.338         (45.823, 46.093, 52.056)         (47.9114, 42.5159, 30.6586)
                                                                                    (25.468, 49.019, 30.955)

              9          A 129          A 154             26        1018.02         (25.468, 49.019, 30.955)         (52.155, 70.0554, 51.2832)
                                                                                    (32.921, 39.117, 24.588)

             10          A 154          A 177             24        972.043         (32.921, 39.117, 24.588)         (53.8701, 37.4542, 50.9958)
                                                                                    (21.534, 44.375, 25.381)

             11          A 177          A 195             19        748.232         (21.534, 44.375, 25.381)         (29.7839, 22.6748, 41.3831)
                                                                                    (42.911, 36.789, 43.704)

             12          A 195          A 215             21        834.039         (42.911, 36.789, 43.704)         (1.5142, 48.1896, 31.4072)
                                                                                    (26.077, 29.796, 47.066)

             13          A 215          A 226             12        462.499         (26.077, 29.796, 47.066)         (36.1982, 44.7677, 46.7617)
                                                                                    (12.306, 49.508, 39.358)

             14          A 226          A 233              8        316.938         (12.306, 49.508, 39.358)
                                                                                    (9.631, 54.914, 38.599)

             15          A 233          A 253             21        822.486         (9.631, 54.914, 38.599)         (41.0151, 28.3961, 62.7491)
                                                                                    (29.748, 57.706, 51.119)

             16          A 253          A 267             15          602.3         (29.748, 57.706, 51.119)         (16.623, 48.6368, 71.9468)
                                                                                    (32.08, 64.694, 65.312)

             17          A 267          A 281             15        584.934         (32.08, 64.694, 65.312)         (28.0143, 33.6743, 58.3185)
                                                                                    (21.393, 60.014, 53.689)

             18          A 281          A 302             22        864.831         (21.393, 60.014, 53.689)         (-3.76082, 52.0899, 45.9733)
                                                                                    (9.082, 31.633, 43.975)

             19          A 302          A 327             26          986.8         (9.082, 31.633, 43.975)         (8.41255, 28.7323, 25.1138)
                                                                                    (10.651, 36.155, 5.457)

             20          A 327          A 340             14        550.748         (10.651, 36.155, 5.457)
                                                                                    (23.065, 31.542, 28.997)

             21          A 340          A 363             24        960.742         (23.065, 31.542, 28.997)         (15.26, 55.6853, 4.28621)
                                                                                    (0.609, 49.333, 21.794)

             22          A 363          A 371              9         342.81         (0.609, 49.333, 21.794)
                                                                                    (22.944, 49.506, 17.277)

             23          A 371          A 381             11        414.346         (22.944, 49.506, 17.277)
                                                                                    (4.124, 37.811, 36.901)

             24          A 381          A 405             25        976.664         (4.124, 37.811, 36.901)         (-2.96414, 33.1446, 8.00199)
                                                                                    (8.443, 53.321, 6.773)

