Using structure file: /home/pkas7/Research/SCOP/pdbstyle-1.75B/r0/d1r0ma2.ent
Number of residues: 117
Doing a BEZIER segmentation ...

Bounding box volume: 40116.3
Null Model Fit: 5241.95 bits.
Bits per residue: 45.1893

Bezier model fit: 4717.44 bits.
Bits per residue: 40.6676

# of segments: 10
Internal segmentation:
0-->17-->18-->30-->31-->43-->45-->73-->88-->106-->116

CPU time used: 6.29 secs.
Wall clock time elapsed: 6 secs.

        SEGMENT          START            END   NUM_RESIDUES MESSAGE_LENGTH                    END_POINTS        INTERMEDIATE_CONTROL_POINTS
              1            A 6           A 23             18        664.484         (18.458, 24.863, 23.104)         (40.6214, -1.07129, 20.2515)
                                                                                    (41.275, 14.658, -11.776)

              2           A 23           A 34              2        48.2263         (41.275, 14.658, -11.776)
                                                                                    (46.818, 12.139, -7.816)

              3           A 34           A 46             13        459.157         (46.818, 12.139, -7.816)         (41.2986, 13.5285, 11.8427)
                                                                                    (20.43, 15.512, 18.752)

              4           A 46           A 47              2        48.2263         (20.43, 15.512, 18.752)
                                                                                    (19.556, 13.313, 15.768)

              5           A 47           A 59             13        477.711         (19.556, 13.313, 15.768)         (38.0079, 22.9061, 4.51734)
                                                                                    (54.022, 16.489, 5.896)

              6           A 59           A 61              3        94.4156         (54.022, 16.489, 5.896)
                                                                                    (54.551, 21.891, 3.653)

              7           A 61           A 89             29        1154.19         (54.551, 21.891, 3.653)         (43.0823, 1.56883, 29.4195)
                                                                                    (26.915, 26.924, 20.796)

              8           A 89          A 104             16        628.535         (26.915, 26.924, 20.796)         (44.3416, 23.8788, 31.8235)
                                                                                    (44.531, 25.529, 14.69)

              9          A 104          A 122             19        711.549         (44.531, 25.529, 14.69)
                                                                                    (18.126, 24.683, 14.27)

             10          A 122          A 132             11        430.951         (18.126, 24.683, 14.27)
                                                                                    (25.963, 36.357, 5.684)

