Using structure file: /home/pkas7/Research/SCOP/pdbstyle-1.75B/r2/d1r2qa_.ent
Number of residues: 170
Doing a BEZIER segmentation ...

Bounding box volume: 43549.5
Null Model Fit: 7657 bits.
Bits per residue: 45.3077

Bezier model fit: 6883.23 bits.
Bits per residue: 40.7291

# of segments: 12
Internal segmentation:
0-->13-->28-->39-->50-->51-->64-->66-->88-->108-->124-->151-->169

CPU time used: 10.11 secs.
Wall clock time elapsed: 10 secs.

        SEGMENT          START            END   NUM_RESIDUES MESSAGE_LENGTH                    END_POINTS        INTERMEDIATE_CONTROL_POINTS
              1           A 15           A 28             14        516.885         (11.975, 24.362, 19.068)         (-7.08954, 17.6035, 26.9892)
                                                                                    (-0.519, -6.354, 38.609)

              2           A 28           A 43             16         620.06         (-0.519, -6.354, 38.609)
                                                                                    (15.496, 9.9, 38.442)

              3           A 43           A 54             12        455.044         (15.496, 9.9, 38.442)         (13.5448, -6.10911, 55.5204)
                                                                                    (-6.15, 4.197, 44.051)

              4           A 54           A 65             12        433.268         (-6.15, 4.197, 44.051)         (8.72607, 19.3562, 37.7556)
                                                                                    (12.697, 17.197, 18.507)

              5           A 65           A 66              2        48.3448         (12.697, 17.197, 18.507)
                                                                                    (10.989, 20.587, 18.117)

              6           A 66           A 79             14        509.177         (10.989, 20.587, 18.117)         (-0.936953, 15.5945, 36.4497)
                                                                                    (-4.253, -4.57, 43.506)

              7           A 79           A 81              3        94.6525         (-4.253, -4.57, 43.506)
                                                                                    (-9.575, -4.325, 44.851)

              8           A 81          A 103             23        891.565         (-9.575, -4.325, 44.851)         (-13.9754, 22.059, 18.427)
                                                                                    (10.177, -13.033, 36.722)

              9          A 103          A 123             21        813.066         (10.177, -13.033, 36.722)         (-10.4096, -13.0914, 29.652)
                                                                                    (-10.139, 5.332, 23.423)

             10          A 123          A 139             17         665.69         (-10.139, 5.332, 23.423)
                                                                                    (18.633, -14.73, 36.25)

             11          A 139          A 166             28        1111.68         (18.633, -14.73, 36.25)         (-12.0574, -9.8119, 4.1422)
                                                                                    (18.963, 0.335, 36.87)

             12          A 166          A 184             19        723.789         (18.963, 0.335, 36.87)
                                                                                    (-1.133, 15.226, 11.706)

