Using structure file: /home/pkas7/Research/SCOP/pdbstyle-1.75B/r4/d1r4xa2.ent
Number of residues: 111
Doing a BEZIER segmentation ...

Bounding box volume: 28011.8
Null Model Fit: 4913.82 bits.
Bits per residue: 44.6711

Bezier model fit: 4485.91 bits.
Bits per residue: 40.781

# of segments: 7
Internal segmentation:
0-->8-->32-->59-->74-->86-->99-->110

CPU time used: 6.12 secs.
Wall clock time elapsed: 6 secs.

        SEGMENT          START            END   NUM_RESIDUES MESSAGE_LENGTH                    END_POINTS        INTERMEDIATE_CONTROL_POINTS
              1          A 763          A 771              9        333.295         (12.031, 32.142, 4.333)         (11.4085, 17.2084, -1.91992)
                                                                                    (2.82, 18.808, -12.265)

              2          A 771          A 795             25        987.221         (2.82, 18.808, -12.265)         (-12.6604, 46.6296, -3.75814)
                                                                                    (26.027, 35.221, -21.36)

              3          A 795          A 822             28        1112.65         (26.027, 35.221, -21.36)         (7.85229, 22.2175, 11.1523)
                                                                                    (20.609, 24.293, -29.378)

              4          A 822          A 837             16         609.08         (20.609, 24.293, -29.378)
                                                                                    (2.552, 27.548, 4.969)

              5          A 837          A 849             13        465.049         (2.552, 27.548, 4.969)         (5.48905, 29.9557, -14.9058)
                                                                                    (20.618, 37.274, -27.164)

              6          A 849          A 862             14        520.992         (20.618, 37.274, -27.164)
                                                                                    (-0.572, 35.333, -0.103)

              7          A 862          A 873             12        457.619         (-0.572, 35.333, -0.103)
                                                                                    (15.396, 38.747, -7.89)

