Using structure file: /home/pkas7/Research/SCOP/pdbstyle-1.75B/r6/d1r6da_.ent
Number of residues: 322
Doing a BEZIER segmentation ...

Bounding box volume: 94428.9
Null Model Fit: 14902.2 bits.
Bits per residue: 46.4243

Bezier model fit: 13268.2 bits.
Bits per residue: 41.3339

# of segments: 19
Internal segmentation:
0-->22-->23-->40-->64-->65-->89-->117-->131-->140-->148-->169-->185-->201-->220-->247-->261-->283-->300-->321

CPU time used: 20.38 secs.
Wall clock time elapsed: 20 secs.

        SEGMENT          START            END   NUM_RESIDUES MESSAGE_LENGTH                    END_POINTS        INTERMEDIATE_CONTROL_POINTS
              1            A 1           A 23             23        916.019         (4.66, -1.601, 16.108)         (31.8851, 22.0804, 21.1762)
                                                                                    (2.385, 11.377, 11.355)

              2           A 23           A 24              2        49.4614         (2.385, 11.377, 11.355)
                                                                                    (4.711, 12.409, 8.559)

              3           A 24           A 41             18        709.934         (4.711, 12.409, 8.559)         (1.37922, -8.96179, 20.8224)
                                                                                    (26.874, 17.488, 25.282)

              4           A 41           A 65             25        992.725         (26.874, 17.488, 25.282)         (-15.2871, 18.068, 23.8942)
                                                                                    (27.087, 0.634, 25.005)

              5           A 65           A 66              2        49.4614         (27.087, 0.634, 25.005)
                                                                                    (24.947, -0.703, 27.875)

              6           A 66           A 90             25        979.793         (24.947, -0.703, 27.875)         (-2.10166, -12.982, 17.1904)
                                                                                    (36.658, 18.725, 15.041)

              7           A 90          A 118             29         1139.1         (36.658, 18.725, 15.041)         (37.7426, -0.197721, 23.3361)
                                                                                    (15.096, -10.882, 17.608)

              8          A 118          A 132             15        587.165         (15.096, -10.882, 17.608)         (19.5146, 9.92779, 6.723)
                                                                                    (36.898, 10.683, 1.808)

              9          A 132          A 141             10         380.57         (36.898, 10.683, 1.808)         (34.9796, 22.2513, -15.8064)
                                                                                    (27.012, 3.268, -3.004)

             10          A 141          A 149              9        342.438         (27.012, 3.268, -3.004)         (39.6692, 1.37045, -2.98896)
                                                                                    (39.242, 11.864, 9.859)

             11          A 149          A 170             22        830.324         (39.242, 11.864, 9.859)
                                                                                    (21.092, -12.679, 9.099)

             12          A 170          A 186             17        662.488         (21.092, -12.679, 9.099)         (23.313, 18.6919, -1.70388)
                                                                                    (21.249, 21.66, 15.135)

             13          A 186          A 202             17         679.59         (21.249, 21.66, 15.135)
                                                                                    (27.641, 40.425, 16.816)

             14          A 202          A 221             20        781.513         (27.641, 40.425, 16.816)         (52.5155, 21.8427, -7.34204)
                                                                                    (13.432, 17.004, 7.047)

             15          A 221          A 248             28        1114.53         (13.432, 17.004, 7.047)         (10.8449, -21.3181, 2.98805)
                                                                                    (28.432, 25.083, -2.088)

             16          A 248          A 262             15        582.145         (28.432, 25.083, -2.088)
                                                                                    (22.366, 41.831, 6.809)

             17          A 262          A 284             23        909.438         (22.366, 41.831, 6.809)         (60.4667, 27.6214, 16.6701)
                                                                                    (24.866, 10.46, -6.121)

             18          A 284          A 301             18        700.094         (24.866, 10.46, -6.121)         (5.49853, -4.71744, -5.48099)
                                                                                    (16.53, 28.98, -0.198)

             19          A 301          A 322             22        861.406         (16.53, 28.98, -0.198)         (8.79151, 33.037, 21.349)
                                                                                    (27.493, 27.997, 23.302)

