Using structure file: /home/pkas7/Research/SCOP/pdbstyle-1.75B/r7/d1r75a_.ent
Number of residues: 110
Doing a BEZIER segmentation ...

Bounding box volume: 34446.7
Null Model Fit: 4901.67 bits.
Bits per residue: 44.9694

Bezier model fit: 4520.41 bits.
Bits per residue: 41.4717

# of segments: 12
Internal segmentation:
0-->11-->19-->30-->41-->53-->67-->68-->78-->86-->94-->107-->109

CPU time used: 5.98 secs.
Wall clock time elapsed: 5 secs.

        SEGMENT          START            END   NUM_RESIDUES MESSAGE_LENGTH                    END_POINTS        INTERMEDIATE_CONTROL_POINTS
              1           A 12           A 23             12        466.777         (-5.845, 11.243, -0.276)         (5.3385, 7.35575, 18.4397)
                                                                                    (-8.93, 22.432, 4.166)

              2           A 23           A 31              9        336.541         (-8.93, 22.432, 4.166)
                                                                                    (6.642, 11.661, -4.3)

              3           A 31           A 42             12        445.562         (6.642, 11.661, -4.3)
                                                                                    (-9.931, 30.633, 4.937)

              4           A 42           A 53             12        457.387         (-9.931, 30.633, 4.937)
                                                                                    (11.915, 10.189, 8.907)

              5           A 53           A 65             13        481.791         (11.915, 10.189, 8.907)         (13.1627, 28.8734, -3.1687)
                                                                                    (0.085, 40.323, -8.091)

              6           A 65           A 79             15         582.09         (0.085, 40.323, -8.091)         (2.3224, 25.77, 22.9927)
                                                                                    (12.744, 38.976, -4.641)

              7           A 79           A 91              2        48.0065         (12.744, 38.976, -4.641)
                                                                                    (9.231, 41.301, -8.564)

              8           A 91          A 101             11        398.881         (9.231, 41.301, -8.564)         (9.55688, 30.4553, 5.19405)
                                                                                    (8.119, 14.586, 10.233)

              9          A 101          A 109              9        338.226         (8.119, 14.586, 10.233)
                                                                                    (-2.823, 33.231, 3.552)

             10          A 109          A 117              9        330.281         (-2.823, 33.231, 3.552)         (-5.84579, 38.3076, -13.8333)
                                                                                    (7.979, 25.67, -6.574)

             11          A 117          A 130             14        540.892         (7.979, 25.67, -6.574)
                                                                                    (23.176, 11.091, 13.677)

             12          A 130          A 132              3        93.9759         (23.176, 11.091, 13.677)
                                                                                    (16.857, 11.985, 16.064)

