Using structure file: /home/pkas7/Research/SCOP/pdbstyle-1.75B/r8/d1r89a2.ent
Number of residues: 142
Doing a BEZIER segmentation ...

Bounding box volume: 57567.6
Null Model Fit: 6445.16 bits.
Bits per residue: 45.7103

Bezier model fit: 5818.22 bits.
Bits per residue: 41.264

# of segments: 11
Internal segmentation:
0-->1-->19-->37-->55-->68-->70-->87-->95-->106-->118-->141

CPU time used: 8.14 secs.
Wall clock time elapsed: 8 secs.

        SEGMENT          START            END   NUM_RESIDUES MESSAGE_LENGTH                    END_POINTS        INTERMEDIATE_CONTROL_POINTS
              1            A 1            A 2              2        48.7474         (-5.381, 0.454, 10.809)
                                                                                    (-5.78, 4.269, 10.765)

              2            A 2           A 20             19        728.627         (-5.78, 4.269, 10.765)
                                                                                    (2.819, -0.022, 39.132)

              3           A 20           A 38             19        716.468         (2.819, -0.022, 39.132)
                                                                                    (12.684, 15.727, 59.362)

              4           A 38           A 56             19         762.64         (12.684, 15.727, 59.362)         (5.1056, 23.4996, 30.305)
                                                                                    (8.068, -0.341, 33.393)

              5           A 56           A 69             14        518.944         (8.068, -0.341, 33.393)         (12.5588, 15.9745, 47.7209)
                                                                                    (23.461, 31.078, 52.154)

              6           A 69           A 71              3        95.4577         (23.461, 31.078, 52.154)
                                                                                    (28.156, 26.827, 51.569)

              7           A 71           A 88             18        680.769         (28.156, 26.827, 51.569)
                                                                                    (15.611, 1.952, 53.005)

              8           A 88           A 96              9        338.499         (15.611, 1.952, 53.005)         (29.0013, 3.53217, 45.7992)
                                                                                    (28.461, 15.511, 38.35)

              9           A 96          A 107             12        474.705         (28.461, 15.511, 38.35)         (16.6398, 3.11257, 54.6184)
                                                                                    (10.759, 1.703, 44.312)

             10          A 107          A 119             13        490.196         (10.759, 1.703, 44.312)         (26.7765, 20.173, 50.4665)
                                                                                    (14.314, 32.591, 39.332)

             11          A 119          A 142             24        963.166         (14.314, 32.591, 39.332)         (39.7655, 16.1246, 38.8378)
                                                                                    (-0.773, 18.984, 31.589)         (2.56822, 27.8151, 36.39)

