Using structure file: /home/pkas7/Research/SCOP/pdbstyle-1.75B/r9/d1r9la_.ent
Number of residues: 309
Doing a BEZIER segmentation ...

Bounding box volume: 118303
Null Model Fit: 14398.8 bits.
Bits per residue: 46.7495

Bezier model fit: 12741.5 bits.
Bits per residue: 41.3684

# of segments: 18
Internal segmentation:
0-->16-->34-->44-->55-->66-->84-->112-->140-->164-->179-->189-->201-->214-->224-->247-->274-->279-->308

CPU time used: 19.21 secs.
Wall clock time elapsed: 19 secs.

        SEGMENT          START            END   NUM_RESIDUES MESSAGE_LENGTH                    END_POINTS        INTERMEDIATE_CONTROL_POINTS
              1            A 1           A 17             17        669.188         (17.355, 31.821, 33.712)         (9.87007, 38.7042, 53.7831)
                                                                                    (29.452, 30.405, 70.009)

              2           A 17           A 35             19        728.816         (29.452, 30.405, 70.009)         (30.8014, 24.3558, 53)
                                                                                    (20.399, 32.989, 44.308)

              3           A 35           A 45             11        410.215         (20.399, 32.989, 44.308)         (25.6484, 41.6618, 58.2583)
                                                                                    (20.063, 32.275, 72.734)

              4           A 45           A 56             12        458.298         (20.063, 32.275, 72.734)
                                                                                    (9.425, 32.741, 60.654)

              5           A 56           A 67             12        465.519         (9.425, 32.741, 60.654)         (25.8484, 30.1494, 56.9449)
                                                                                    (19.992, 14.894, 71.594)

              6           A 67           A 85             19         755.71         (19.992, 14.894, 71.594)         (-1.27468, 29.6711, 73.635)
                                                                                    (15.93, 16.539, 56.888)

              7           A 85          A 113             29        1172.65         (15.93, 16.539, 56.888)         (56.3098, 11.0829, 89.0867)
                                                                                    (33.288, 7.38, 91.864)

              8          A 113          A 141             29        1180.18         (33.288, 7.38, 91.864)         (45.4185, 28.6364, 105.989)
                                                                                    (21.062, 22.033, 75.942)

              9          A 141          A 165             25        980.764         (21.062, 22.033, 75.942)         (21.9806, 0.475582, 105.41)
                                                                                    (30.989, 31.577, 80.364)

             10          A 165          A 180             16        608.106         (30.989, 31.577, 80.364)
                                                                                    (49.412, 19.804, 87.395)

             11          A 180          A 190             11        401.043         (49.412, 19.804, 87.395)         (29.0903, 17.1546, 89.2656)
                                                                                    (33.449, 19.657, 67.487)

             12          A 190          A 202             13        512.447         (33.449, 19.657, 67.487)
                                                                                    (46.025, 14.875, 78.908)

             13          A 202          A 215             14        536.579         (46.025, 14.875, 78.908)         (26.2274, -2.17556, 87.2659)
                                                                                    (12.882, 14.202, 78.505)

             14          A 215          A 225             11         423.58         (12.882, 14.202, 78.505)
                                                                                    (29.856, -3.921, 74.906)

             15          A 225          A 248             24        976.782         (29.856, -3.921, 74.906)         (18.4067, 26.6245, 69.2577)
                                                                                    (11.633, 27.115, 48.705)

             16          A 248          A 275             28        1077.97         (11.633, 27.115, 48.705)         (33.6673, 6.83753, 58.779)
                                                                                    (44.569, 33.118, 66.762)

             17          A 275          A 280              6        226.882         (44.569, 33.118, 66.762)
                                                                                    (37.124, 37.706, 57.731)

             18          A 280          A 309             30        1156.74         (37.124, 37.706, 57.731)         (41.4706, 11.4105, 44.1187)
                                                                                    (11.168, 24.296, 41.813)

