Using structure file: /home/pkas7/Research/SCOP/pdbstyle-1.75B/rh/d1rh9a1.ent
Number of residues: 370
Doing a BEZIER segmentation ...

Bounding box volume: 95810.6
Null Model Fit: 17138.3 bits.
Bits per residue: 46.4453

Bezier model fit: 15241.2 bits.
Bits per residue: 41.3041

# of segments: 25
Internal segmentation:
0-->9-->14-->26-->50-->63-->74-->76-->94-->106-->122-->135-->157-->181-->201-->225-->239-->258-->281-->296-->300-->321-->337-->349-->351-->369

CPU time used: 23.06 secs.
Wall clock time elapsed: 23 secs.

        SEGMENT          START            END   NUM_RESIDUES MESSAGE_LENGTH                    END_POINTS        INTERMEDIATE_CONTROL_POINTS
              1           A 30           A 39             10         388.62         (6.513, -4.072, 5.663)
                                                                                    (16.607, 6.624, 15.434)

              2           A 39           A 44              6        223.467         (16.607, 6.624, 15.434)
                                                                                    (7.869, -0.696, 15.227)

              3           A 44           A 56             13        479.386         (7.869, -0.696, 15.227)         (31.1044, 0.423728, 20.1693)
                                                                                    (34.863, -6.854, -1.561)

              4           A 56           A 80             25        983.619         (34.863, -6.854, -1.561)         (32.1102, -25.9268, -10.4003)
                                                                                    (29.367, -11.911, 16.914)

              5           A 80           A 93             14        546.499         (29.367, -11.911, 16.914)         (19.6201, 2.24971, 0.574716)
                                                                                    (39.118, -3.365, -10.501)

              6           A 93          A 104             12        465.843         (39.118, -3.365, -10.501)
                                                                                    (26.855, -2.645, -19.97)

              7          A 104          A 106              3        96.9276         (26.855, -2.645, -19.97)
                                                                                    (28.789, -8.425, -16.392)

              8          A 106          A 124             19        719.493         (28.789, -8.425, -16.392)
                                                                                    (20.117, -12.108, 9.41)

              9          A 124          A 136             13        500.079         (20.117, -12.108, 9.41)         (23.0182, 8.12797, -4.65489)
                                                                                    (40.258, 5.424, -7.977)

             10          A 136          A 152             17        663.549         (40.258, 5.424, -7.977)
                                                                                    (32.798, 13.033, -27.364)

             11          A 152          A 165             14        551.101         (32.798, 13.033, -27.364)         (41.7525, 19.4626, -3.21129)
                                                                                    (24.47, 15.953, -18.307)

             12          A 165          A 187             23        883.655         (24.47, 15.953, -18.307)
                                                                                    (13.332, -13.521, -7.155)

             13          A 187          A 211             25        1024.96         (13.332, -13.521, -7.155)         (22.6646, 0.399899, 4.82783)
                                                                                    (34.494, 24.927, -2.457)

             14          A 211          A 231             21        805.393         (34.494, 24.927, -2.457)         (17.0105, 18.2817, -9.14261)
                                                                                    (12.654, 3.305, -4.681)

             15          A 231          A 255             25        1012.42         (12.654, 3.305, -4.681)
                                                                                    (40.476, 23.234, 8.81)

             16          A 255          A 269             15        582.119         (40.476, 23.234, 8.81)
                                                                                    (14.568, 15.952, 1.713)

             17          A 269          A 288             20        808.124         (14.568, 15.952, 1.713)         (41.5639, 3.82379, 8.15101)
                                                                                    (50.366, 14.035, 18.31)

             18          A 288          A 311             24        904.297         (50.366, 14.035, 18.31)
                                                                                    (16.279, 15.463, 13.252)

             19          A 311          A 326             16        614.553         (16.279, 15.463, 13.252)         (35.7358, -3.54566, 7.53068)
                                                                                    (54.227, 2.368, 14.819)

             20          A 326          A 330              5        180.153         (54.227, 2.368, 14.819)
                                                                                    (45.982, -5.367, 18.995)

             21          A 330          A 351             22        828.656         (45.982, -5.367, 18.995)
                                                                                    (18.31, 9.515, 23.747)

             22          A 351          A 367             17        650.372         (18.31, 9.515, 23.747)
                                                                                    (42.736, -12.703, 1.724)

             23          A 367          A 379             13        510.306         (42.736, -12.703, 1.724)         (47.7572, 6.43266, 4.28096)
                                                                                    (38.376, -16.004, 12.984)

             24          A 379          A 381              3        96.9276         (38.376, -16.004, 12.984)
                                                                                    (40.94, -11.786, 16.129)

             25          A 381          A 399             19          720.7         (40.94, -11.786, 16.129)
                                                                                    (14.644, 1.002, 23.125)

