Using structure file: /home/pkas7/Research/SCOP/pdbstyle-1.75B/rm/d1rmda1.ent
Number of residues: 30
Doing a BEZIER segmentation ...

Bounding box volume: 5963.95
Null Model Fit: 1230.74 bits.
Bits per residue: 42.4394

Bezier model fit: 1193.59 bits.
Bits per residue: 41.1583

# of segments: 3
Internal segmentation:
0-->7-->15-->29

CPU time used: 0.64 secs.
Wall clock time elapsed: 0 secs.

        SEGMENT          START            END   NUM_RESIDUES MESSAGE_LENGTH                    END_POINTS        INTERMEDIATE_CONTROL_POINTS
              1           A 87           A 94              8        291.867         (-18.35, 34.901, 40.965)
                                                                                    (-18.825, 34.306, 61.991)

              2           A 94          A 102              9        331.565         (-18.825, 34.306, 61.991)         (-30.2264, 39.0059, 53.0017)
                                                                                    (-14.858, 38.096, 43.922)

              3          A 102          A 116             15        570.159         (-14.858, 38.096, 43.922)
                                                                                    (-12.447, 46.605, 70.266)

