Using structure file: /home/pkas7/Research/SCOP/pdbstyle-1.75B/rq/d1rqga2.ent
Number of residues: 361
Doing a BEZIER segmentation ...

Bounding box volume: 137554
Null Model Fit: 16908.1 bits.
Bits per residue: 46.967

Bezier model fit: 14861 bits.
Bits per residue: 41.2806

# of segments: 19
Internal segmentation:
0-->13-->39-->68-->96-->114-->130-->140-->149-->173-->199-->208-->234-->251-->260-->284-->305-->312-->341-->360

CPU time used: 22.82 secs.
Wall clock time elapsed: 22 secs.

        SEGMENT          START            END   NUM_RESIDUES MESSAGE_LENGTH                    END_POINTS        INTERMEDIATE_CONTROL_POINTS
              1            A 1           A 14             14        525.132         (19.228, 49.856, 89.769)         (13.1836, 29.8891, 97.1986)
                                                                                    (10.52, 15.409, 107.152)

              2           A 14           A 40             27        1074.37         (10.52, 15.409, 107.152)         (21.8619, 20.7431, 82.6794)
                                                                                    (28.351, 43.235, 92.153)

              3           A 40           A 69             30        1209.25         (28.351, 43.235, 92.153)         (-10.0687, 3.71653, 116.054)
                                                                                    (12.476, 16.527, 117.827)

              4           A 69           A 97             29        1143.79         (12.476, 16.527, 117.827)         (37.058, 23.8999, 88.1497)
                                                                                    (11.182, 31.02, 114.432)

              5           A 97          A 115             19        718.579         (11.182, 31.02, 114.432)
                                                                                    (-13.165, 40.321, 105.095)

              6          A 115          A 131             17         671.36         (-13.165, 40.321, 105.095)         (-19.2738, 9.54658, 107.654)
                                                                                    (-9.986, 11.209, 120.723)

              7          A 131          A 176             11        429.546         (-9.986, 11.209, 120.723)         (-2.0001, 19.6276, 97.1155)
                                                                                    (-4.654, 2.544, 115.36)

              8          A 176          A 185             10          381.5         (-4.654, 2.544, 115.36)         (-19.6579, 2.43854, 109.592)
                                                                                    (-15.474, 21.227, 112.906)

              9          A 185          A 209             25        977.794         (-15.474, 21.227, 112.906)         (-10.0018, 52.4735, 85.028)
                                                                                    (6.782, 32.019, 79.481)

             10          A 209          A 235             27         1064.5         (6.782, 32.019, 79.481)         (-24.5282, 31.4588, 83.0614)
                                                                                    (1.589, 21.039, 115.972)

             11          A 235          A 244             10        386.164         (1.589, 21.039, 115.972)         (-3.48963, 41.0196, 113.505)
                                                                                    (-13.328, 28.61, 122.165)

             12          A 244          A 270             27         1061.5         (-13.328, 28.61, 122.165)         (6.43402, 24.4295, 92.8298)
                                                                                    (18.006, 41.221, 112.566)

             13          A 270          A 287             18        713.638         (18.006, 41.221, 112.566)
                                                                                    (9.511, 49.81, 93.959)

             14          A 287          A 296             10         377.87         (9.511, 49.81, 93.959)         (16.0933, 38.2175, 92.843)
                                                                                    (9.926, 22.948, 91.142)

             15          A 296          A 320             25         974.18         (9.926, 22.948, 91.142)         (-13.2257, 30.8899, 90.6995)
                                                                                    (6.528, 53.927, 111.506)

             16          A 320          A 341             22        847.342         (6.528, 53.927, 111.506)         (2.28809, 41.3688, 82.8137)
                                                                                    (18.731, 5.162, 85.809)

             17          A 341          A 348              8        308.965         (18.731, 5.162, 85.809)
                                                                                    (9.232, 4.593, 99.276)

             18          A 348          A 377             30        1193.31         (9.232, 4.593, 99.276)         (48.7459, 16.5161, 98.902)
                                                                                    (15.183, 22.606, 82.372)

             19          A 377          A 396             20        802.225         (15.183, 22.606, 82.372)         (26.7916, -2.9845, 84.8493)
                                                                                    (35.993, 17.978, 83.634)

