Using structure file: /home/pkas7/Research/SCOP/pdbstyle-1.75B/rr/d1rrza_.ent
Number of residues: 66
Doing a BEZIER segmentation ...

Bounding box volume: 16194.3
Null Model Fit: 2852.24 bits.
Bits per residue: 43.8806

Bezier model fit: 2639.2 bits.
Bits per residue: 40.603

# of segments: 5
Internal segmentation:
0-->1-->24-->38-->60-->65

CPU time used: 2.98 secs.
Wall clock time elapsed: 2 secs.

        SEGMENT          START            END   NUM_RESIDUES MESSAGE_LENGTH                    END_POINTS        INTERMEDIATE_CONTROL_POINTS
              1            A 1            A 2              2        46.9176         (-5.764, -10.727, -0.05)
                                                                                    (-7.852, -8.896, -2.696)

              2            A 2           A 25             24         922.31         (-7.852, -8.896, -2.696)         (-8.1911, 12.0137, -2.42079)
                                                                                    (11.762, 10.084, 3.321)

              3           A 25           A 39             15         580.86         (11.762, 10.084, 3.321)         (-2.22574, -11.6201, -1.22603)
                                                                                    (0.102, 3.713, -17.128)

              4           A 39           A 61             23        866.445         (0.102, 3.713, -17.128)         (18.4761, 9.67225, -8.4439)
                                                                                    (15.034, -0.449, 11.816)

              5           A 61           A 66              6        222.665         (15.034, -0.449, 11.816)
                                                                                    (3.435, 1.364, 8.164)

