Using structure file: /home/pkas7/Research/SCOP/pdbstyle-1.75B/ry/d1rypl_.ent
Number of residues: 212
Doing a BEZIER segmentation ...

Bounding box volume: 64733.4
Null Model Fit: 9680.59 bits.
Bits per residue: 45.8796

Bezier model fit: 8672.69 bits.
Bits per residue: 41.1028

# of segments: 15
Internal segmentation:
0-->8-->24-->38-->47-->69-->74-->92-->105-->117-->130-->148-->168-->181-->203-->211

CPU time used: 12.88 secs.
Wall clock time elapsed: 12 secs.

        SEGMENT          START            END   NUM_RESIDUES MESSAGE_LENGTH                    END_POINTS        INTERMEDIATE_CONTROL_POINTS
              1            L 1            L 9              9        327.965         (11.022, -140.308, 8.527)         (15.7264, -131.804, -2.11859)
                                                                                    (11.419, -126.179, -14.307)

              2            L 9           L 25             17        658.495         (11.419, -126.179, -14.307)
                                                                                    (6.179, -147.284, 19.256)

              3           L 25           L 39             15         584.84         (6.179, -147.284, 19.256)
                                                                                    (4.527, -117.711, 2.762)

              4           L 39           L 48             10        381.896         (4.527, -117.711, 2.762)
                                                                                    (14.883, -133.722, 16.576)

              5           L 48           L 70             23        872.161         (14.883, -133.722, 16.576)         (8.19448, -117.009, 14.8934)
                                                                                    (15.668, -103.983, 4.325)

              6           L 70           L 75              6        224.657         (15.668, -103.983, 4.325)
                                                                                    (17.137, -114.654, -0.153)

              7           L 75           L 93             19        730.096         (17.137, -114.654, -0.153)
                                                                                    (25.641, -129.318, 22.717)

              8           L 93          L 106             14        516.146         (25.641, -129.318, 22.717)         (12.043, -136.843, 5.28283)
                                                                                    (13.741, -113.576, -8.277)

              9          L 106          L 118             13        513.899         (13.741, -113.576, -8.277)         (15.7187, -127.395, -5.19217)
                                                                                    (26.748, -130.485, 12.335)

             10          L 118          L 131             14        534.111         (26.748, -130.485, 12.335)         (20.4748, -121.591, -15.8744)
                                                                                    (15.645, -143.007, 7.992)

             11          L 131          L 149             19        746.079         (15.645, -143.007, 7.992)         (20.9868, -145.613, -13.9647)
                                                                                    (5.754, -130.902, -15.471)

             12          L 149          L 169             21        794.014         (5.754, -130.902, -15.471)
                                                                                    (9.55, -149.133, 9.251)

             13          L 169          L 182             14        539.081         (9.55, -149.133, 9.251)         (-3.57565, -138.522, 3.70122)
                                                                                    (8.224, -117.531, -6.936)

             14          L 182          L 204             23        900.261         (8.224, -117.531, -6.936)         (-10.6914, -149.867, 11.5026)
                                                                                    (1.108, -148.498, -11.974)

             15          L 204          L 212              9        348.988         (1.108, -148.498, -11.974)         (10.6664, -160.147, -4.25148)
                                                                                    (-3.962, -157.275, -2.638)

