Using structure file: /home/pkas7/Research/SCOP/pdbstyle-1.75B/s0/d1s0aa_.ent
Number of residues: 427
Doing a BEZIER segmentation ...

Bounding box volume: 171364
Null Model Fit: 20143 bits.
Bits per residue: 47.2841

Bezier model fit: 17720 bits.
Bits per residue: 41.5962

# of segments: 26
Internal segmentation:
0-->1-->24-->34-->39-->52-->80-->99-->110-->130-->149-->166-->183-->201-->217-->236-->253-->277-->286-->297-->325-->351-->360-->384-->391-->420-->426

CPU time used: 28.01 secs.
Wall clock time elapsed: 28 secs.

        SEGMENT          START            END   NUM_RESIDUES MESSAGE_LENGTH                    END_POINTS        INTERMEDIATE_CONTROL_POINTS
              1            A 1            A 2              2        50.3211         (33.534, 16.478, 31.38)
                                                                                    (36.925, 16.126, 33.092)

              2            A 2           A 25             24        968.539         (36.925, 16.126, 33.092)         (25.5324, -11.7098, 36.8722)
                                                                                    (37.013, 3.421, 24.777)

              3           A 25           A 35             11        413.981         (37.013, 3.421, 24.777)         (24.5796, 22.8831, 28.0092)
                                                                                    (22.119, 15.083, 12.205)

              4           A 35           A 40              6        221.605         (22.119, 15.083, 12.205)
                                                                                    (33.489, 17.119, 24.467)

              5           A 40           A 53             14         551.58         (33.489, 17.119, 24.467)         (30.0902, 13.4392, 7.15201)
                                                                                    (16.767, 3.426, 14.833)

              6           A 53           A 81             29        1162.01         (16.767, 3.426, 14.833)         (12.8939, 40.4524, 21.3349)
                                                                                    (-4.473, 4.265, 37.562)

              7           A 81          A 100             20        791.334         (-4.473, 4.265, 37.562)         (-2.91164, 20.3282, 19.8431)
                                                                                    (-4.528, -1.656, 10.374)

              8          A 100          A 111             12        468.519         (-4.528, -1.656, 10.374)         (-12.7657, -0.705715, 26.136)
                                                                                    (10.405, -0.034, 26.779)

              9          A 111          A 131             21        799.167         (10.405, -0.034, 26.779)
                                                                                    (-9.686, -22.715, 28.194)

             10          A 131          A 150             20        807.874         (-9.686, -22.715, 28.194)         (25.4983, -13.6001, 6.76246)
                                                                                    (10.131, -13.546, 28.298)

             11          A 150          A 167             18        724.253         (10.131, -13.546, 28.298)         (28.4436, -14.8687, 12.0969)
                                                                                    (16.828, -24.448, 32.523)

             12          A 167          A 185             18         708.44         (16.828, -24.448, 32.523)
                                                                                    (12.677, -14.63, -5.699)

             13          A 185          A 203             19        739.224         (12.677, -14.63, -5.699)         (10.869, -32.6319, 9.02206)
                                                                                    (-2.492, -27.533, 19.12)

             14          A 203          A 219             17         676.21         (-2.492, -27.533, 19.12)         (7.83098, -1.85075, 11.7191)
                                                                                    (21.74, -10.177, 11.733)

             15          A 219          A 238             20        788.649         (21.74, -10.177, 11.733)         (-1.34566, -11.2346, -4.88944)
                                                                                    (-5.119, -22.618, 12.792)

             16          A 238          A 255             18        707.985         (-5.119, -22.618, 12.792)         (12.7372, 2.95725, 23.2872)
                                                                                    (10.032, 2.55, 3.095)

             17          A 255          A 280             25        1008.37         (10.032, 2.55, 3.095)         (-10.0582, -19.1478, 11.3208)
                                                                                    (13.83, 11.543, 22.606)

             18          A 280          A 289             10        372.782         (13.83, 11.543, 22.606)         (7.36239, -0.676958, 27.3608)
                                                                                    (-7.733, -6.449, 18.604)

             19          A 289          A 300             12        457.985         (-7.733, -6.449, 18.604)
                                                                                    (-10.756, -15.245, 35.535)

             20          A 300          A 328             29        1141.49         (-10.756, -15.245, 35.535)         (14.1718, 19.0575, 35.3878)
                                                                                    (1.778, 13.047, 9.204)

             21          A 328          A 354             27        1025.05         (1.778, 13.047, 9.204)         (19.2952, 8.99077, -9.25075)
                                                                                    (38.127, -7.945, -0.021)

             22          A 354          A 363             10         386.56         (38.127, -7.945, -0.021)
                                                                                    (14.598, 1.837, 2.816)

             23          A 363          A 387             25        999.884         (14.598, 1.837, 2.816)         (49.0444, -16.6517, 19.5734)
                                                                                    (33.907, 12.713, 11.431)

             24          A 387          A 394              8        296.791         (33.907, 12.713, 11.431)         (25.1513, 4.42055, 15.4051)
                                                                                    (30.266, -8.445, 15.006)

             25          A 394          A 423             30        1183.24         (30.266, -8.445, 15.006)         (11.2323, 30.5761, -0.850425)
                                                                                    (41.699, -4.422, 3.775)

             26          A 423          A 429              7        268.124         (41.699, -4.422, 3.775)
                                                                                    (40.492, -7.632, 16.918)

