Using structure file: /home/pkas7/Research/SCOP/pdbstyle-1.75B/s2/d1s2xa_.ent
Number of residues: 180
Doing a BEZIER segmentation ...

Bounding box volume: 76111.1
Null Model Fit: 8254.26 bits.
Bits per residue: 46.1132

Bezier model fit: 7178.95 bits.
Bits per residue: 40.1059

# of segments: 8
Internal segmentation:
0-->16-->44-->60-->87-->101-->130-->153-->179

CPU time used: 10.37 secs.
Wall clock time elapsed: 10 secs.

        SEGMENT          START            END   NUM_RESIDUES MESSAGE_LENGTH                    END_POINTS        INTERMEDIATE_CONTROL_POINTS
              1            A 0           A 16             17         670.87         (-57.877, 58.451, 38.507)         (-46.5873, 57.5895, 53.4509)
                                                                                    (-56.97, 49.276, 60.035)

              2           A 16           A 44             29        1125.33         (-56.97, 49.276, 60.035)         (-45.2943, 53.5235, 88.2517)
                                                                                    (-19.457, 42.1, 85.999)

              3           A 44           A 60             17        645.588         (-19.457, 42.1, 85.999)
                                                                                    (-42.094, 35.624, 79.816)

              4           A 60           A 87             28         1053.2         (-42.094, 35.624, 79.816)
                                                                                    (-54.574, 49.487, 42.041)

              5           A 87          A 101             15        595.445         (-54.574, 49.487, 42.041)         (-56.5844, 51.3944, 24.5219)
                                                                                    (-48.868, 53.243, 32.923)

              6          A 101          A 130             30        1108.12         (-48.868, 53.243, 32.923)
                                                                                    (-36.093, 45.913, 75.075)

              7          A 130          A 153             24        962.276         (-36.093, 45.913, 75.075)         (-7.12285, 49.45, 79.9718)
                                                                                    (-35.433, 36.837, 72.166)

              8          A 153          A 179             27        1018.12         (-35.433, 36.837, 72.166)         (-38.4819, 37.908, 54.8332)
                                                                                    (-44.593, 46.93, 30.885)

