Using structure file: /home/pkas7/Research/SCOP/pdbstyle-1.75B/s3/d1s3aa1.ent
Number of residues: 85
Doing a BEZIER segmentation ...

Bounding box volume: 14476.2
Null Model Fit: 3672.38 bits.
Bits per residue: 43.7188

Bezier model fit: 3467.02 bits.
Bits per residue: 41.274

# of segments: 10
Internal segmentation:
0-->1-->10-->15-->35-->45-->46-->56-->68-->82-->84

CPU time used: 4.28 secs.
Wall clock time elapsed: 4 secs.

        SEGMENT          START            END   NUM_RESIDUES MESSAGE_LENGTH                    END_POINTS        INTERMEDIATE_CONTROL_POINTS
              1           A 15           A 16              2        46.7558         (3.613, -12.36, -2.765)
                                                                                    (6.569, -10.432, -1.463)

              2           A 16           A 25             10        360.204         (6.569, -10.432, -1.463)
                                                                                    (-1.176, 13.804, 6.761)

              3           A 25           A 30              6        214.321         (-1.176, 13.804, 6.761)         (3.61304, 19.9471, -1.45978)
                                                                                    (-6.739, 10.652, -1.484)

              4           A 30           A 50             21        814.566         (-6.739, 10.652, -1.484)         (-15.3406, -2.09142, 9.41937)
                                                                                    (0.912, -13.235, 2.196)

              5           A 50           A 60             11        412.316         (0.912, -13.235, 2.196)         (2.15007, 4.09487, 14.5436)
                                                                                    (7.389, 12.175, 1.201)

              6           A 60           A 61              2        46.7558         (7.389, 12.175, 1.201)
                                                                                    (4.212, 13.61, -0.283)

              7           A 61           A 71             11        415.366         (4.212, 13.61, -0.283)
                                                                                    (11.355, -10.91, -6.468)

              8           A 71           A 83             13        495.706         (11.355, -10.91, -6.468)         (9.22854, 13.5581, -3.74392)
                                                                                    (-9.125, 3.943, -4.998)

              9           A 83           A 97             15        569.554         (-9.125, 3.943, -4.998)
                                                                                    (3.589, -10.871, -9.74)

             10           A 97           A 99              3        91.4746         (3.589, -10.871, -9.74)
                                                                                    (7.4, -6.587, -10.511)

