Using structure file: /home/pkas7/Research/SCOP/pdbstyle-1.75B/s5/d1s58a_.ent
Number of residues: 523
Doing a BEZIER segmentation ...

Bounding box volume: 300636
Null Model Fit: 25105.6 bits.
Bits per residue: 48.095

Bezier model fit: 21728.6 bits.
Bits per residue: 41.6256

# of segments: 35
Internal segmentation:
0-->1-->14-->15-->32-->48-->59-->75-->93-->117-->126-->138-->157-->180-->206-->225-->250-->259-->260-->281-->282-->292-->311-->327-->335-->362-->364-->379-->402-->419-->438-->451-->469-->493-->503-->522

CPU time used: 33.51 secs.
Wall clock time elapsed: 33 secs.

        SEGMENT          START            END   NUM_RESIDUES MESSAGE_LENGTH                    END_POINTS        INTERMEDIATE_CONTROL_POINTS
              1           A 19           A 20              2        51.1321         (34.684, 5.544, 74.404)
                                                                                    (31.126, 3.973, 74.189)

              2           A 20           A 33             14        519.555         (31.126, 3.973, 74.189)         (28.4797, -1.97505, 99.0862)
                                                                                    (1.785, -4.483, 86.045)

              3           A 33           A 34              2        51.1321         (1.785, -4.483, 86.045)
                                                                                    (2.736, -8.088, 85.479)

              4           A 34           A 51             18        655.147         (2.736, -8.088, 85.479)         (34.4895, 0.82858, 97.8564)
                                                                                    (47.359, -23.983, 98.169)

              5           A 51           A 67             17        678.466         (47.359, -23.983, 98.169)
                                                                                    (27.707, -43.191, 120.132)

              6           A 67           A 78             12        473.112         (27.707, -43.191, 120.132)         (27.3023, -25.6137, 129.669)
                                                                                    (26.525, -41.361, 110.757)

              7           A 78           A 94             17         641.93         (26.525, -41.361, 110.757)         (50.2842, -22.3653, 87.5826)
                                                                                    (17.651, -14.586, 99.314)

              8           A 94          A 112             19        748.377         (17.651, -14.586, 99.314)         (11.7249, 7.22388, 100.467)
                                                                                    (-1.213, -11.119, 94.649)

              9          A 112          A 136             25        972.023         (-1.213, -11.119, 94.649)         (36.4357, -12.633, 73.7579)
                                                                                    (59.469, -5.901, 105.739)

             10          A 136          A 145             10        384.715         (59.469, -5.901, 105.739)         (48.0182, 0.172858, 101.35)
                                                                                    (46.874, -8.068, 84.542)

             11          A 145          A 157             13        490.705         (46.874, -8.068, 84.542)
                                                                                    (25.037, -29.765, 86.708)

             12          A 157          A 176             20        801.838         (25.037, -29.765, 86.708)         (19.7953, -27.025, 111.347)
                                                                                    (28.288, -1.381, 100.293)

             13          A 176          A 199             24        950.423         (28.288, -1.381, 100.293)         (34.5492, -46.8143, 92.673)
                                                                                    (34.157, -49.461, 118.387)

             14          A 199          A 225             27        1078.92         (34.157, -49.461, 118.387)         (35.0558, -43.9865, 77.8998)
                                                                                    (38.384, -5.191, 83.702)

             15          A 225          A 244             20        754.139         (38.384, -5.191, 83.702)         (8.53875, -32.0817, 77.7415)
                                                                                    (-4.454, -13.495, 103.184)

             16          A 244          A 269             26        1058.61         (-4.454, -13.495, 103.184)         (-30.6609, -22.2659, 106.071)
                                                                                    (-30.516, -47.252, 117.181)

             17          A 269          A 278             10        377.447         (-30.516, -47.252, 117.181)         (-30.6543, -33.4712, 110.669)
                                                                                    (-27.767, -20.514, 112.731)

             18          A 278          A 279              2        51.1321         (-27.767, -20.514, 112.731)
                                                                                    (-25.642, -22.966, 114.725)

             19          A 279          A 300             22        867.142         (-25.642, -22.966, 114.725)         (-6.85269, -37.8972, 93.2459)
                                                                                    (7.884, -28.511, 125.503)

             20          A 300          A 314              2        51.1321         (7.884, -28.511, 125.503)
                                                                                    (19.095, -31.435, 119.626)

             21          A 314          A 324             11        443.332         (19.095, -31.435, 119.626)         (7.59553, -43.2579, 106.697)
                                                                                    (21.566, -41.386, 116.99)

             22          A 324          A 343             20        803.062         (21.566, -41.386, 116.99)         (3.07346, -25.3226, 96.7574)
                                                                                    (-0.317, -13.38, 123.118)

             23          A 343          A 359             17        672.837         (-0.317, -13.38, 123.118)         (13.9496, -37.657, 107.753)
                                                                                    (21.597, -5.722, 119.032)

             24          A 359          A 367              9        348.701         (21.597, -5.722, 119.032)         (33.6653, -17.3063, 117.212)
                                                                                    (16.177, -17.219, 123.11)

             25          A 367          A 394             28        1135.62         (16.177, -17.219, 123.11)         (-6.91446, -14.5222, 99.2581)
                                                                                    (-14.916, -47.895, 122.405)

             26          A 394          A 396              3        100.227         (-14.916, -47.895, 122.405)
                                                                                    (-20.298, -45.105, 122.621)

             27          A 396          A 411             16        617.995         (-20.298, -45.105, 122.621)         (8.83301, -32.6137, 124.464)
                                                                                    (-7.457, -37.481, 100.147)

             28          A 411          A 434             24        943.637         (-7.457, -37.481, 100.147)         (20.337, 6.62743, 108)
                                                                                    (12.5, -40.783, 91.7)

             29          A 434          A 451             18        737.426         (12.5, -40.783, 91.7)         (2.64602, -15.7865, 110.213)
                                                                                    (17.959, -27.488, 88.173)

             30          A 451          A 470             20         772.57         (17.959, -27.488, 88.173)
                                                                                    (67.837, -13.847, 94.205)

             31          A 470          A 483             14        548.687         (67.837, -13.847, 94.205)         (57.95, -27.7817, 96.2704)
                                                                                    (37.816, -7.83, 93.739)

             32          A 483          A 501             19        692.892         (37.816, -7.83, 93.739)         (8.66085, -15.536, 81.2561)
                                                                                    (-15.794, -6.263, 97.692)

             33          A 501          A 525             25        1007.24         (-15.794, -6.263, 97.692)
                                                                                    (24.399, 4.701, 119.519)

             34          A 525          A 535             11        447.617         (24.399, 4.701, 119.519)         (10.22, 2.9643, 131.533)
                                                                                    (23.199, 1.517, 119.128)

             35          A 535          A 554             20        799.639         (23.199, 1.517, 119.128)
                                                                                    (-11.416, -17.432, 99.438)

