Using structure file: /home/pkas7/Research/SCOP/pdbstyle-1.75B/s6/d1s6la2.ent
Number of residues: 132
Doing a BEZIER segmentation ...

Bounding box volume: 53317.5
Null Model Fit: 5973.56 bits.
Bits per residue: 45.5997

Bezier model fit: 5427.46 bits.
Bits per residue: 41.431

# of segments: 10
Internal segmentation:
0-->7-->15-->27-->38-->49-->69-->73-->99-->126-->131

CPU time used: 7.3 secs.
Wall clock time elapsed: 7 secs.

        SEGMENT          START            END   NUM_RESIDUES MESSAGE_LENGTH                    END_POINTS        INTERMEDIATE_CONTROL_POINTS
              1           A 81           A 88              8        294.306         (4.793, -9.174, -10.832)
                                                                                    (-3.55, 9.084, -11.108)

              2           A 88           A 96              9        341.922         (-3.55, 9.084, -11.108)         (7.89807, 0.255716, -14.0876)
                                                                                    (0.732, -9.258, -3.193)

              3           A 96          A 108             13        505.411         (0.732, -9.258, -3.193)
                                                                                    (-6.546, 11.742, -1.93)

              4          A 108          A 119             12        445.483         (-6.546, 11.742, -1.93)         (-5.27344, -3.42772, -14.5276)
                                                                                    (-6.777, -20.759, -9.143)

              5          A 119          A 130             12        453.171         (-6.777, -20.759, -9.143)         (-10.7242, -8.28235, -18.7857)
                                                                                    (-10.095, 7.36, -0.478)

              6          A 130          A 150             21        820.352         (-10.095, 7.36, -0.478)         (-26.3458, -14.8139, -20.6767)
                                                                                    (5.515, -16.972, 15.808)

              7          A 150          A 154              5        183.581         (5.515, -16.972, 15.808)
                                                                                    (14.083, -15.89, 10.107)

              8          A 154          A 180             27        1064.92         (14.083, -15.89, 10.107)         (-27.3319, -10.6689, -17.1064)
                                                                                    (-2.189, -27.007, 5.601)

              9          A 180          A 207             28        1095.68         (-2.189, -27.007, 5.601)         (-22.8143, 5.06276, -3.80848)
                                                                                    (3.561, 1.7, 21.323)

             10          A 207          A 212              6        222.631         (3.561, 1.7, 21.323)
                                                                                    (-8.678, -6.217, 24.328)

