Using structure file: /home/pkas7/Research/SCOP/pdbstyle-1.75B/sc/d1sc6a3.ent
Number of residues: 84
Doing a BEZIER segmentation ...

Bounding box volume: 15978.5
Null Model Fit: 3640.48 bits.
Bits per residue: 43.8612

Bezier model fit: 3384.87 bits.
Bits per residue: 40.7815

# of segments: 9
Internal segmentation:
0-->10-->18-->19-->35-->48-->57-->59-->74-->83

CPU time used: 4.22 secs.
Wall clock time elapsed: 4 secs.

        SEGMENT          START            END   NUM_RESIDUES MESSAGE_LENGTH                    END_POINTS        INTERMEDIATE_CONTROL_POINTS
              1          A 327          A 337             11        419.016         (1.277, 52.042, 51.853)         (20.1787, 53.1791, 60.0385)
                                                                                    (17.912, 36.637, 62.858)

              2          A 337          A 345              9        318.662         (17.912, 36.637, 62.858)         (6.06765, 38.9593, 55.7043)
                                                                                    (-6.731, 45.931, 58.646)

              3          A 345          A 346              2        46.8983         (-6.731, 45.931, 58.646)
                                                                                    (-6.294, 48.602, 61.337)

              4          A 346          A 362             17        654.645         (-6.294, 48.602, 61.337)
                                                                                    (8.917, 31.3, 73.488)

              5          A 362          A 375             14        520.649         (8.917, 31.3, 73.488)         (17.4611, 54.1887, 62.9924)
                                                                                    (-7.639, 51.39, 57.801)

              6          A 375          A 384             10         350.85         (-7.639, 51.39, 57.801)         (8.16402, 46.3247, 58.3285)
                                                                                    (15.476, 35.283, 67.365)

              7          A 384          A 386              3        91.7595         (15.476, 35.283, 67.365)
                                                                                    (15.223, 28.793, 64.001)

              8          A 386          A 401             16        598.882         (15.223, 28.793, 64.001)
                                                                                    (-8.425, 38.302, 62.259)

              9          A 401          A 410             10        383.507         (-8.425, 38.302, 62.259)         (-2.01935, 40.6377, 51.0253)
                                                                                    (14.449, 35.502, 55.79)

