Using structure file: /home/pkas7/Research/SCOP/pdbstyle-1.75B/sh/d1sh5a1.ent
Number of residues: 120
Doing a BEZIER segmentation ...

Bounding box volume: 46220.4
Null Model Fit: 5401.84 bits.
Bits per residue: 45.3936

Bezier model fit: 4877.63 bits.
Bits per residue: 40.9885

# of segments: 7
Internal segmentation:
0-->21-->22-->32-->55-->84-->97-->119

CPU time used: 6.56 secs.
Wall clock time elapsed: 6 secs.

        SEGMENT          START            END   NUM_RESIDUES MESSAGE_LENGTH                    END_POINTS        INTERMEDIATE_CONTROL_POINTS
              1            A 8           A 29             22         829.57         (34.532, -3.963, 23.489)
                                                                                    (56.688, 5.595, -2.307)

              2           A 29           A 30              2        48.4307         (56.688, 5.595, -2.307)
                                                                                    (57.868, 1.965, -2.858)

              3           A 30           A 40             11        420.727         (57.868, 1.965, -2.858)
                                                                                    (47.134, -5.762, 13.741)

              4           A 40           A 63             24        947.544         (47.134, -5.762, 13.741)         (67.699, -22.6397, 12.1959)
                                                                                    (67.348, 0.401, 7.26)         (46.0269, 29.0004, 4.21755)

              5           A 63           A 92             30        1183.53         (67.348, 0.401, 7.26)         (59.1778, -42.2418, 16.2498)
                                                                                    (58.12, 2.908, 28.144)         (69.6547, 31.406, 10.7623)

              6           A 92          A 105             14        555.096         (58.12, 2.908, 28.144)         (62.2479, -17.6427, 13.7629)
                                                                                    (48.048, -4.291, 24.676)

              7          A 105          A 127             23        892.727         (48.048, -4.291, 24.676)         (56.5181, 5.93481, 9.51882)
                                                                                    (44.557, 31.055, 23.402)

