Using structure file: /home/pkas7/Research/SCOP/pdbstyle-1.75B/sj/d1sjra_.ent
Number of residues: 108
Doing a BEZIER segmentation ...

Bounding box volume: 34036.2
Null Model Fit: 4809.88 bits.
Bits per residue: 44.9521

Bezier model fit: 4425.24 bits.
Bits per residue: 41.3574

# of segments: 8
Internal segmentation:
0-->13-->30-->42-->52-->73-->92-->94-->107

CPU time used: 5.63 secs.
Wall clock time elapsed: 5 secs.

        SEGMENT          START            END   NUM_RESIDUES MESSAGE_LENGTH                    END_POINTS        INTERMEDIATE_CONTROL_POINTS
              1           A 40           A 53             14        521.264         (22.949, -7.111, 2.261)         (4.25856, -8.6075, 2.06643)
                                                                                    (-4.82, 14.77, -7.305)

              2           A 53           A 70             18        711.749         (-4.82, 14.77, -7.305)         (-17.2777, -3.98809, 5.25218)
                                                                                    (0.638, -9.241, -8.472)

              3           A 70           A 82             13        500.235         (0.638, -9.241, -8.472)         (-2.90303, -10.0477, 11.4642)
                                                                                    (-1.005, 17.028, 5.742)

              4           A 82           A 92             11        403.517         (-1.005, 17.028, 5.742)
                                                                                    (5.027, -12.093, 0.369)

              5           A 92          A 113             22        875.692         (5.027, -12.093, 0.369)         (9.1878, -1.84354, -16.9081)
                                                                                    (-7.184, 10.13, -12.271)

              6          A 113          A 132             20        774.132         (-7.184, 10.13, -12.271)         (27.6777, -4.38099, 7.51515)
                                                                                    (-9.344, -0.909, 12.545)

              7          A 132          A 134              3        93.9413         (-9.344, -0.909, 12.545)
                                                                                    (-6.337, 3.197, 9.042)

              8          A 134          A 147             14        544.715         (-6.337, 3.197, 9.042)         (-2.0107, -23.5685, 7.38209)
                                                                                    (-7.135, 0.451, 21.913)

