Using structure file: /home/pkas7/Research/SCOP/pdbstyle-1.75B/sn/d1snna_.ent
Number of residues: 219
Doing a BEZIER segmentation ...

Bounding box volume: 67861.3
Null Model Fit: 10016.6 bits.
Bits per residue: 45.9477

Bezier model fit: 9037.14 bits.
Bits per residue: 41.4548

# of segments: 15
Internal segmentation:
0-->11-->22-->48-->60-->81-->93-->113-->131-->145-->161-->174-->175-->189-->204-->218

CPU time used: 13.25 secs.
Wall clock time elapsed: 13 secs.

        SEGMENT          START            END   NUM_RESIDUES MESSAGE_LENGTH                    END_POINTS        INTERMEDIATE_CONTROL_POINTS
              1            A 2           A 13             12         454.45         (-20.529, 4.159, 2.359)
                                                                                    (-9.742, 16.021, 8.001)

              2           A 13           A 24             12        453.541         (-9.742, 16.021, 8.001)
                                                                                    (-9.981, -14.894, 11.452)

              3           A 24           A 50             27        1073.55         (-9.981, -14.894, 11.452)         (4.01614, 30.6455, 13.3369)
                                                                                    (-5.399, 2.353, 22.615)

              4           A 50           A 62             13        500.501         (-5.399, 2.353, 22.615)
                                                                                    (7.769, 4.944, -0.708)

              5           A 62           A 83             22        867.096         (7.769, 4.944, -0.708)
                                                                                    (24.247, -16.347, 15.424)

              6           A 83           A 95             13        497.842         (24.247, -16.347, 15.424)
                                                                                    (-1.833, -14.972, 11.964)

              7           A 95          A 115             21        841.467         (-1.833, -14.972, 11.964)         (25.1372, 12.9244, 7.26093)
                                                                                    (7.563, 12.323, 23.817)

              8          A 115          A 133             19         714.04         (7.563, 12.323, 23.817)
                                                                                    (9.812, 14.133, -3.006)

              9          A 133          A 147             15        592.321         (9.812, 14.133, -3.006)         (27.5864, 12.0818, 5.64496)
                                                                                    (11.165, 5.456, 19.084)

             10          A 147          A 163             17        670.489         (11.165, 5.456, 19.084)         (-1.50985, -8.99726, -14.1838)
                                                                                    (-3.216, -6.553, 7.646)

             11          A 163          A 176             14        530.001         (-3.216, -6.553, 7.646)
                                                                                    (-5.455, 10.96, -2.384)

             12          A 176          A 177              2        48.9847         (-5.455, 10.96, -2.384)
                                                                                    (-3.277, 11.595, 0.646)

             13          A 177          A 191             15        568.068         (-3.277, 11.595, 0.646)
                                                                                    (-5.136, -8.096, 29.562)

             14          A 191          A 206             16        631.284         (-5.136, -8.096, 29.562)         (-21.9507, -4.92073, 15.9659)
                                                                                    (-16.435, 9.504, 20.386)

             15          A 206          A 220             15        593.501         (-16.435, 9.504, 20.386)         (-14.7861, -10.111, 4.22107)
                                                                                    (-10.165, -1.01, -2.701)

