Using structure file: /home/pkas7/Research/SCOP/pdbstyle-1.75B/sq/d1sqha_.ent
Number of residues: 297
Doing a BEZIER segmentation ...

Bounding box volume: 92599.2
Null Model Fit: 13733.2 bits.
Bits per residue: 46.3961

Bezier model fit: 12216.9 bits.
Bits per residue: 41.2732

# of segments: 22
Internal segmentation:
0-->1-->8-->26-->46-->57-->70-->83-->93-->115-->136-->138-->153-->173-->201-->211-->224-->235-->237-->257-->258-->279-->296

CPU time used: 18.51 secs.
Wall clock time elapsed: 18 secs.

        SEGMENT          START            END   NUM_RESIDUES MESSAGE_LENGTH                    END_POINTS        INTERMEDIATE_CONTROL_POINTS
              1            A 7            A 8              2        49.4331         (16.642, 67.57, 125.087)
                                                                                    (18.385, 64.266, 125.852)

              2            A 8           A 15              8        294.472         (18.385, 64.266, 125.852)
                                                                                    (19.683, 59.609, 107.359)

              3           A 15           A 33             19        750.787         (19.683, 59.609, 107.359)         (39.7525, 57.8424, 106.199)
                                                                                    (34.52, 45.812, 111.006)

              4           A 33           A 53             21        794.784         (34.52, 45.812, 111.006)
                                                                                    (6.656, 51.942, 100.564)

              5           A 53           A 64             12         483.25         (6.656, 51.942, 100.564)         (2.04887, 49.8645, 119.3)
                                                                                    (14.096, 46.026, 110.739)

              6           A 64           A 77             14         547.48         (14.096, 46.026, 110.739)         (24.9034, 71.5568, 128.044)
                                                                                    (32.867, 62.47, 113.103)

              7           A 77           A 90             14        530.509         (32.867, 62.47, 113.103)
                                                                                    (12.63, 44.576, 124.216)

              8           A 90          A 100             11        409.249         (12.63, 44.576, 124.216)         (27.9033, 52.5615, 116.981)
                                                                                    (41.76, 57.11, 122.901)

              9          A 100          A 122             23        902.326         (41.76, 57.11, 122.901)         (16.7639, 64.9248, 133.582)
                                                                                    (17.1, 46.253, 127.628)

             10          A 122          A 143             22        870.344         (17.1, 46.253, 127.628)         (47.164, 46.2007, 124.59)
                                                                                    (18.517, 49.699, 139.423)

             11          A 143          A 145              3        96.8292         (18.517, 49.699, 139.423)
                                                                                    (19.617, 43.587, 140.174)

             12          A 145          A 160             16        587.291         (19.617, 43.587, 140.174)         (33.8733, 31.3742, 121.035)
                                                                                    (36.484, 36.975, 97.814)

             13          A 160          A 180             21        831.201         (36.484, 36.975, 97.814)         (25.8035, 3.2253, 96.3801)
                                                                                    (8.642, 31.425, 103.239)

             14          A 180          A 208             29        1161.21         (8.642, 31.425, 103.239)         (11.9282, 28.3955, 136.66)
                                                                                    (13.608, 41.246, 103.21)

             15          A 208          A 218             11          416.3         (13.608, 41.246, 103.21)         (22.324, 24.4054, 105.313)
                                                                                    (8.782, 13.369, 100.723)

             16          A 218          A 231             14        544.885         (8.782, 13.369, 100.723)
                                                                                    (25.008, 42.213, 110.03)

             17          A 231          A 242             12        448.073         (25.008, 42.213, 110.03)
                                                                                    (16.115, 13.959, 113.423)

             18          A 242          A 244              3        96.8292         (16.115, 13.959, 113.423)
                                                                                    (21.634, 15.742, 112.544)

             19          A 244          A 264             21        802.243         (21.634, 15.742, 112.544)
                                                                                    (26.157, 41.798, 97.371)

             20          A 264          A 265              2        49.4331         (26.157, 41.798, 97.371)
                                                                                    (29.638, 42.956, 98.209)

             21          A 265          A 286             22        861.441         (29.638, 42.956, 98.209)         (28.4636, 21.5752, 136.875)
                                                                                    (34.474, 26.789, 105.422)

             22          A 286          A 303             18         688.49         (34.474, 26.789, 105.422)         (38.9811, 45.8841, 123.093)
                                                                                    (10.74, 43.108, 139.345)

