Using structure file: /home/pkas7/Research/SCOP/pdbstyle-1.75B/ss/d1ss4a_.ent
Number of residues: 149
Doing a BEZIER segmentation ...

Bounding box volume: 59672.6
Null Model Fit: 6772.8 bits.
Bits per residue: 45.7621

Bezier model fit: 6124.77 bits.
Bits per residue: 41.3836

# of segments: 12
Internal segmentation:
0-->1-->18-->41-->52-->64-->77-->92-->101-->102-->125-->137-->148

CPU time used: 8.65 secs.
Wall clock time elapsed: 8 secs.

        SEGMENT          START            END   NUM_RESIDUES MESSAGE_LENGTH                    END_POINTS        INTERMEDIATE_CONTROL_POINTS
              1            A 0            A 1              2        48.7992         (7.444, 34.801, 12.184)
                                                                                    (4.593, 32.46, 13.086)

              2            A 1           A 18             18        706.304         (4.593, 32.46, 13.086)
                                                                                    (25.946, -1.352, 15.879)

              3           A 18           A 41             24        951.866         (25.946, -1.352, 15.879)         (47.3456, 22.2466, 17.7645)
                                                                                    (8.514, 1.774, 27.428)

              4           A 41           A 52             12        467.841         (8.514, 1.774, 27.428)         (3.21114, 11.5928, 12.2402)
                                                                                    (5.916, -3.358, 20.443)

              5           A 52           A 64             13        482.276         (5.916, -3.358, 20.443)         (26.8796, 4.34193, 22.6589)
                                                                                    (29.616, 23.975, 20.713)

              6           A 64           A 77             14        523.606         (29.616, 23.975, 20.713)
                                                                                    (10.991, -5.24, 15.653)

              7           A 77           A 92             16        637.267         (10.991, -5.24, 15.653)         (30.3495, 4.06303, -8.22303)
                                                                                    (15.688, 11.588, 0.811)

              8           A 92          A 101             10        370.591         (15.688, 11.588, 0.811)
                                                                                    (39.838, 22.23, 11.99)

              9          A 101          A 102              2        48.7992         (39.838, 22.23, 11.99)
                                                                                    (42.025, 20.141, 9.686)

             10          A 102          A 125             24        944.555         (42.025, 20.141, 9.686)         (37.7415, -13.0398, 8.03922)
                                                                                    (37.664, 28.882, -4.433)

             11          A 125          A 137             13        491.372         (37.664, 28.882, -4.433)
                                                                                    (28.472, 1.251, 8.184)

             12          A 137          A 148             12        451.499         (28.472, 1.251, 8.184)
                                                                                    (41.754, 31.993, 6.103)

