Using structure file: /home/pkas7/Research/SCOP/pdbstyle-1.75B/st/d1st6a4.ent
Number of residues: 117
Doing a BEZIER segmentation ...

Bounding box volume: 43288.8
Null Model Fit: 5254.69 bits.
Bits per residue: 45.2991

Bezier model fit: 4635.85 bits.
Bits per residue: 39.9642

# of segments: 6
Internal segmentation:
0-->27-->52-->78-->84-->113-->116

CPU time used: 6.69 secs.
Wall clock time elapsed: 6 secs.

        SEGMENT          START            END   NUM_RESIDUES MESSAGE_LENGTH                    END_POINTS        INTERMEDIATE_CONTROL_POINTS
              1          A 372          A 399             28        1080.29         (32.745, 123.299, 122.537)         (21.6891, 126.323, 143.189)
                                                                                    (21.678, 102.535, 155.577)

              2          A 399          A 424             26        1009.41         (21.678, 102.535, 155.577)         (24.6459, 109.935, 130.968)
                                                                                    (46.266, 124.632, 131.999)

              3          A 424          A 450             27        1011.16         (46.266, 124.632, 131.999)         (42.4381, 110.274, 149.553)
                                                                                    (26.564, 95.257, 150.597)

              4          A 450          A 456              7          263.3         (26.564, 95.257, 150.597)
                                                                                    (30.057, 101.768, 163.193)

              5          A 456          A 485             30        1130.51         (30.057, 101.768, 163.193)
                                                                                    (39.095, 132.188, 132.087)

              6          A 485          A 488              4        141.184         (39.095, 132.188, 132.087)
                                                                                    (34.545, 140.665, 132.974)

