Using structure file: /home/pkas7/Research/SCOP/pdbstyle-1.75B/su/d1su1a_.ent
Number of residues: 184
Doing a BEZIER segmentation ...

Bounding box volume: 50163.9
Null Model Fit: 8328.64 bits.
Bits per residue: 45.5117

Bezier model fit: 7643.85 bits.
Bits per residue: 41.7697

# of segments: 15
Internal segmentation:
0-->8-->14-->42-->53-->72-->88-->96-->117-->128-->136-->146-->152-->163-->171-->183

CPU time used: 11.44 secs.
Wall clock time elapsed: 11 secs.

        SEGMENT          START            END   NUM_RESIDUES MESSAGE_LENGTH                    END_POINTS        INTERMEDIATE_CONTROL_POINTS
              1            A 1            A 9              9        318.052         (40.797, 25.343, 127.16)         (29.5352, 17.5724, 130.683)
                                                                                    (21.112, 6.689, 125.687)

              2            A 9           A 15              7        263.829         (21.112, 6.689, 125.687)
                                                                                    (15.445, 10.345, 136.987)

              3           A 15           A 43             29        1152.21         (15.445, 10.345, 136.987)         (40.7653, 36.886, 132.335)
                                                                                    (11.321, -1.512, 120.887)

              4           A 43           A 54             12        463.896         (11.321, -1.512, 120.887)         (16.1259, -2.0707, 140.825)
                                                                                    (6.822, 13.966, 128.187)

              5           A 54           A 73             20        780.685         (6.822, 13.966, 128.187)         (26.2551, 37.628, 131.439)
                                                                                    (18.663, 5.058, 115.957)

              6           A 73           A 89             17        677.935         (18.663, 5.058, 115.957)         (1.0902, 26.0772, 124.268)
                                                                                    (22.571, 15.735, 112.608)

              7           A 89           A 97              9         328.02         (22.571, 15.735, 112.608)
                                                                                    (44.81, 22.085, 119.411)

              8           A 97          A 118             22        877.486         (44.81, 22.085, 119.411)         (12.2677, -8.22338, 113.829)
                                                                                    (43.855, 10.979, 111.78)

              9          A 118          A 129             12        464.911         (43.855, 10.979, 111.78)
                                                                                    (25.467, 1.054, 126.535)

             10          A 129          A 137              9         337.18         (25.467, 1.054, 126.535)         (40.4198, 6.08131, 131.693)
                                                                                    (45.289, 1.264, 117.474)

             11          A 137          A 147             11        411.038         (45.289, 1.264, 117.474)
                                                                                    (22.698, 7.06, 131.9)

             12          A 147          A 153              7        265.698         (22.698, 7.06, 131.9)
                                                                                    (27.052, -5.021, 135.069)

             13          A 153          A 164             12        458.602         (27.052, -5.021, 135.069)         (24.6951, 16.8654, 133.067)
                                                                                    (42.983, 16.653, 127.866)

             14          A 164          A 172              9         336.09         (42.983, 16.653, 127.866)         (33.0578, 5.20622, 131.273)
                                                                                    (25.214, 8.048, 141.596)

             15          A 172          A 184             13        508.217         (25.214, 8.048, 141.596)         (38.4596, 3.35224, 136.669)
                                                                                    (49.915, 13.766, 121.886)

