Using structure file: /home/pkas7/Research/SCOP/pdbstyle-1.75B/sv/d1svba2.ent
Number of residues: 302
Doing a BEZIER segmentation ...

Bounding box volume: 147430
Null Model Fit: 14167.2 bits.
Bits per residue: 47.067

Bezier model fit: 12421.2 bits.
Bits per residue: 41.2665

# of segments: 23
Internal segmentation:
0-->15-->27-->36-->50-->60-->74-->88-->100-->108-->123-->132-->147-->157-->177-->205-->206-->223-->249-->269-->277-->284-->300-->301

CPU time used: 18.69 secs.
Wall clock time elapsed: 18 secs.

        SEGMENT          START            END   NUM_RESIDUES MESSAGE_LENGTH                    END_POINTS        INTERMEDIATE_CONTROL_POINTS
              1            A 1           A 16             16        623.168         (-4.493, 64.28, -9.718)         (6.23639, 46.0565, -1.76217)
                                                                                    (-28.225, 59.847, -8.311)

              2           A 16           A 28             13         501.93         (-28.225, 59.847, -8.311)         (-21.2906, 58.8871, 9.85898)
                                                                                    (-0.431, 55.048, 2.1)

              3           A 28           A 37             10        371.791         (-0.431, 55.048, 2.1)         (-14.6629, 57.3139, -6.91506)
                                                                                    (-22.882, 66.75, -11.363)

              4           A 37           A 51             15        570.157         (-22.882, 66.75, -11.363)         (-2.57202, 57.0966, -1.62794)
                                                                                    (3.215, 65.524, 19.767)

              5           A 51           A 61             11        412.075         (3.215, 65.524, 19.767)         (5.01783, 55.0103, 36.2053)
                                                                                    (21.882, 49.459, 25.701)

              6           A 61           A 75             15        556.772         (21.882, 49.459, 25.701)         (41.3543, 58.9245, 41.0663)
                                                                                    (39.974, 35.363, 57.296)

              7           A 75           A 89             15        598.952         (39.974, 35.363, 57.296)         (30.594, 51.8725, 56.9652)
                                                                                    (24.199, 54, 40.728)

              8           A 89          A 101             13        481.294         (24.199, 54, 40.728)         (29.2324, 30.9582, 46.4054)
                                                                                    (50.641, 34.074, 54.154)

              9          A 101          A 109              9        356.235         (50.641, 34.074, 54.154)
                                                                                    (41.404, 30.396, 54.625)

             10          A 109          A 124             16        592.183         (41.404, 30.396, 54.625)         (29.8705, 52.8245, 45.4001)
                                                                                    (23.06, 58.152, 22.969)

             11          A 124          A 133             10        373.561         (23.06, 58.152, 22.969)
                                                                                    (-3.143, 59.124, 24.49)

             12          A 133          A 148             16         602.24         (-3.143, 59.124, 24.49)
                                                                                    (-7.777, 69.393, -15.144)

             13          A 148          A 158             11        427.698         (-7.777, 69.393, -15.144)         (14.7472, 61.4179, -6.11354)
                                                                                    (-2.643, 75.077, -5.281)

             14          A 158          A 178             21        822.169         (-2.643, 75.077, -5.281)         (-15.4876, 56.4833, 35.2859)
                                                                                    (-14.488, 78.033, -6.305)

             15          A 178          A 206             29        1139.62         (-14.488, 78.033, -6.305)         (-17.919, 39.6691, 33.9779)
                                                                                    (21.792, 57.772, 13.394)

             16          A 206          A 207              2        50.1041         (21.792, 57.772, 13.394)
                                                                                    (21.609, 57.948, 9.609)

             17          A 207          A 224             18        706.221         (21.609, 57.948, 9.609)         (-6.61391, 46.1837, 21.078)
                                                                                    (16.333, 42.391, 29.999)

             18          A 224          A 250             27        1090.85         (16.333, 42.391, 29.999)         (9.15579, 87.0004, 45.1814)
                                                                                    (42.621, 40.897, 46.819)         (26.8305, 19.6761, 24.3499)

             19          A 250          A 270             21        808.773         (42.621, 40.897, 46.819)         (23.6242, 48.2233, 17.2912)
                                                                                    (10.177, 42.348, 10.949)

             20          A 270          A 278              9        338.827         (10.177, 42.348, 10.949)         (5.36795, 54.276, 11.6224)
                                                                                    (10.889, 66.74, 15.935)

             21          A 278          A 285              8         301.22         (10.889, 66.74, 15.935)
                                                                                    (0.351, 52.39, 9.221)

             22          A 285          A 301             17        645.275         (0.351, 52.39, 9.221)         (-31.6582, 65.3719, 9.23328)
                                                                                    (-17.201, 76.122, -16.438)

             23          A 301          A 302              2        50.1041         (-17.201, 76.122, -16.438)
                                                                                    (-20.629, 74.698, -17.317)

