Using structure file: /home/pkas7/Research/SCOP/pdbstyle-1.75B/sw/d1sw6a_.ent
Number of residues: 254
Doing a BEZIER segmentation ...

Bounding box volume: 80714.8
Null Model Fit: 11688.1 bits.
Bits per residue: 46.1979

Bezier model fit: 10453.7 bits.
Bits per residue: 41.3188

# of segments: 18
Internal segmentation:
0-->17-->31-->47-->48-->62-->70-->86-->107-->123-->145-->147-->176-->187-->188-->209-->223-->243-->253

CPU time used: 15.36 secs.
Wall clock time elapsed: 15 secs.

        SEGMENT          START            END   NUM_RESIDUES MESSAGE_LENGTH                    END_POINTS        INTERMEDIATE_CONTROL_POINTS
              1          A 212          A 229             18        697.459         (12.616, 30.178, 38.308)         (48.0219, 32.2849, 46.7368)
                                                                                    (27.731, 49.226, 50.547)

              2          A 229          A 243             15        560.573         (27.731, 49.226, 50.547)         (39.0769, 50.2949, 30.0121)
                                                                                    (52.521, 29.515, 32.398)

              3          A 243          A 259             17        646.534         (52.521, 29.515, 32.398)
                                                                                    (34.197, 22.914, 17.142)

              4          A 259          A 291              2         49.235         (34.197, 22.914, 17.142)
                                                                                    (28.936, 16.485, 27.565)

              5          A 291          A 305             15        576.254         (28.936, 16.485, 27.565)
                                                                                    (51.228, 17.623, 31.726)

              6          A 305          A 313              9        343.873         (51.228, 17.623, 31.726)         (37.6573, 27.0983, 38.1622)
                                                                                    (43.418, 35.604, 28.264)

              7          A 313          A 329             17        670.707         (43.418, 35.604, 28.264)
                                                                                    (25.321, 33.888, 23.123)

              8          A 329          A 350             22        861.762         (25.321, 33.888, 23.123)         (32.0407, 16.8933, 46.7564)
                                                                                    (39.915, 47.708, 27.561)

              9          A 350          A 366             17        673.679         (39.915, 47.708, 27.561)
                                                                                    (18.707, 37.079, 18.129)

             10          A 366          A 388             23         896.03         (18.707, 37.079, 18.129)         (23.1019, 31.7381, 45.9638)
                                                                                    (34.498, 54.296, 33.414)

             11          A 388          A 390              3        96.4329         (34.498, 54.296, 33.414)
                                                                                    (29.017, 50.94, 32.548)

             12          A 390          A 419             30        1160.05         (29.017, 50.94, 32.548)         (17.9823, 49.6539, 1.34055)
                                                                                    (16.177, 44.055, 38.131)

             13          A 419          A 430             12        466.993         (16.177, 44.055, 38.131)         (5.39858, 37.3671, 47.4756)
                                                                                    (24.532, 25.912, 42.722)

             14          A 430          A 447              2         49.235         (24.532, 25.912, 42.722)
                                                                                    (24.811, 37.153, 47.74)

             15          A 447          A 468             22        855.774         (24.811, 37.153, 47.74)         (7.91435, 54.6205, 43.0427)
                                                                                    (35.56, 59.53, 31.622)

             16          A 468          A 482             15         595.99         (35.56, 59.53, 31.622)
                                                                                    (18.391, 57.683, 17.609)

             17          A 482          A 502             21        819.975         (18.391, 57.683, 17.609)         (4.30829, 54.4663, 40.8788)
                                                                                    (32.293, 70.035, 27.529)

             18          A 502          A 512             11          433.1         (32.293, 70.035, 27.529)
                                                                                    (14.43, 66.257, 27.486)

