Using structure file: /home/pkas7/Research/SCOP/pdbstyle-1.75B/sz/d1szia_.ent
Number of residues: 194
Doing a BEZIER segmentation ...

Bounding box volume: 92256
Null Model Fit: 8953.41 bits.
Bits per residue: 46.3907

Bezier model fit: 7798.89 bits.
Bits per residue: 40.4088

# of segments: 12
Internal segmentation:
0-->17-->31-->41-->55-->82-->83-->112-->118-->143-->149-->177-->193

CPU time used: 11.29 secs.
Wall clock time elapsed: 11 secs.

        SEGMENT          START            END   NUM_RESIDUES MESSAGE_LENGTH                    END_POINTS        INTERMEDIATE_CONTROL_POINTS
              1          A 206          A 223             18        711.934         (32.998, 55.046, 53.483)         (8.40675, 42.5491, 59.5218)
                                                                                    (40.461, 49.146, 70.626)

              2          A 223          A 237             15        592.531         (40.461, 49.146, 70.626)         (28.6685, 62.5012, 79.1071)
                                                                                    (27.141, 57.207, 62.164)

              3          A 237          A 247             11        429.823         (27.141, 57.207, 62.164)         (41.6855, 40.1123, 64.3808)
                                                                                    (29.343, 38.249, 54.286)

              4          A 247          A 261             15         572.67         (29.343, 38.249, 54.286)
                                                                                    (43.637, 53.424, 52.618)

              5          A 261          A 288             28        1037.17         (43.637, 53.424, 52.618)         (62.0675, 62.0576, 54.508)
                                                                                    (82.104, 66.796, 57.929)

              6          A 288          A 321              2        49.4278         (82.104, 66.796, 57.929)
                                                                                    (74.413, 83.668, 62.974)

              7          A 321          A 350             30        1120.03         (74.413, 83.668, 62.974)
                                                                                    (44.673, 52.485, 64.964)

              8          A 350          A 356              7        267.194         (44.673, 52.485, 64.964)
                                                                                    (47.585, 38.954, 63.955)

              9          A 356          A 381             26        981.926         (47.585, 38.954, 63.955)
                                                                                    (71.638, 70.408, 70.003)

             10          A 381          A 387              7        269.587         (71.638, 70.408, 70.003)
                                                                                    (78.276, 60.9, 66.629)

             11          A 387          A 415             29        1085.57         (78.276, 60.9, 66.629)         (61.2156, 51.5966, 58.4426)
                                                                                    (45.44, 37.94, 53.274)

             12          A 415          A 431             17        681.026         (45.44, 37.94, 53.274)         (39.7019, 53.8187, 64.0845)
                                                                                    (15.02, 52.376, 56.545)

