Using structure file: /home/pkas7/Research/SCOP/pdbstyle-1.75B/sz/d1szba1.ent
Number of residues: 121
Doing a BEZIER segmentation ...

Bounding box volume: 46827.1
Null Model Fit: 5449.49 bits.
Bits per residue: 45.4124

Bezier model fit: 4946.33 bits.
Bits per residue: 41.2194

# of segments: 10
Internal segmentation:
0-->15-->24-->36-->54-->56-->64-->77-->93-->107-->120

CPU time used: 6.76 secs.
Wall clock time elapsed: 6 secs.

        SEGMENT          START            END   NUM_RESIDUES MESSAGE_LENGTH                    END_POINTS        INTERMEDIATE_CONTROL_POINTS
              1            A 3           A 18             16        593.834         (12.59, 28.888, -8.956)         (15.0679, 44.1849, 9.49408)
                                                                                    (8.713, 35.477, 34.335)

              2           A 18           A 27             10        389.956         (8.713, 35.477, 34.335)         (0.629713, 48.3186, 38.1531)
                                                                                    (15.62, 31.815, 42.626)

              3           A 27           A 39             13        482.199         (15.62, 31.815, 42.626)         (15.3213, 29.1582, 19.5874)
                                                                                    (24.346, 36.536, 6.701)

              4           A 39           A 57             19        741.679         (24.346, 36.536, 6.701)         (6.38575, 54.2305, 40.7257)
                                                                                    (25.273, 42.012, 39.143)

              5           A 57           A 59              3        94.8619         (25.273, 42.012, 39.143)
                                                                                    (22.663, 38.875, 42.645)

              6           A 59           A 67              9        336.593         (22.663, 38.875, 42.645)         (18.6886, 42.379, 27.9326)
                                                                                    (29.288, 32.645, 21.466)

              7           A 67           A 80             14        543.892         (29.288, 32.645, 21.466)
                                                                                    (18.067, 55.055, 39.257)

              8           A 80           A 96             17        677.046         (18.067, 55.055, 39.257)
                                                                                    (24.314, 35.173, 14.085)

              9           A 96          A 110             15        575.621         (24.314, 35.173, 14.085)         (19.0999, 28.8125, 44.8592)
                                                                                    (11.911, 45.357, 46.867)

             10          A 110          A 123             14        510.646         (11.911, 45.357, 46.867)         (7.57207, 41.0148, 26.8683)
                                                                                    (21.267, 42.228, 7.305)

