Using structure file: /home/pkas7/Research/SCOP/pdbstyle-1.75B/t0/d1t0ya_.ent
Number of residues: 90
Doing a BEZIER segmentation ...

Bounding box volume: 27508.3
Null Model Fit: 3973.4 bits.
Bits per residue: 44.6449

Bezier model fit: 3674.17 bits.
Bits per residue: 41.2828

# of segments: 8
Internal segmentation:
0-->12-->22-->41-->43-->53-->64-->84-->89

CPU time used: 4.46 secs.
Wall clock time elapsed: 4 secs.

        SEGMENT          START            END   NUM_RESIDUES MESSAGE_LENGTH                    END_POINTS        INTERMEDIATE_CONTROL_POINTS
              1            A 1           A 13             13        481.265         (-20.069, 1.919, -6.81)         (-2.19658, -9.98272, -4.90849)
                                                                                    (7.574, -9.443, 11.062)

              2           A 13           A 23             11        411.158         (7.574, -9.443, 11.062)         (-2.33556, -22.0016, 0.886085)
                                                                                    (-11.858, -0.464, 0.053)

              3           A 23           A 42             20        785.985         (-11.858, -0.464, 0.053)         (-2.46561, 19.9974, 1.10919)
                                                                                    (2.877, 2.479, 14.656)         (-4.38898, -20.9431, 17.1404)

              4           A 42           A 44              3        93.3269         (2.877, 2.479, 14.656)
                                                                                    (5.934, 6.189, 11.077)

              5           A 44           A 54             11        399.742         (5.934, 6.189, 11.077)
                                                                                    (3.394, -8.071, -12.332)

              6           A 54           A 65             12        457.518         (3.394, -8.071, -12.332)         (14.0965, 2.08783, -1.01538)
                                                                                    (-3.778, 11.676, 2.39)

              7           A 65           A 85             21        825.975         (-3.778, 11.676, 2.39)         (-10.1165, -11.8149, -20.7839)
                                                                                    (11.516, 0.403, 14.719)

              8           A 85           A 90              6        219.199         (11.516, 0.403, 14.719)
                                                                                    (16.061, -8.773, 6.305)

