Using structure file: /home/pkas7/Research/SCOP/pdbstyle-1.75B/t0/d1t0hb_.ent
Number of residues: 187
Doing a BEZIER segmentation ...

Bounding box volume: 116913
Null Model Fit: 8692.23 bits.
Bits per residue: 46.7324

Bezier model fit: 7741.98 bits.
Bits per residue: 41.6236

# of segments: 17
Internal segmentation:
0-->2-->4-->22-->23-->47-->61-->62-->72-->89-->110-->122-->133-->134-->152-->162-->183-->186

CPU time used: 10.83 secs.
Wall clock time elapsed: 10 secs.

        SEGMENT          START            END   NUM_RESIDUES MESSAGE_LENGTH                    END_POINTS        INTERMEDIATE_CONTROL_POINTS
              1          B 207          B 209              3        97.5019         (55.806, -1.157, 56.864)
                                                                                    (53.004, -1.606, 51.334)

              2          B 209          B 217              3        97.5019         (53.004, -1.606, 51.334)
                                                                                    (35.154, -3.611, 54.955)

              3          B 217          B 235             19        737.739         (35.154, -3.611, 54.955)         (9.99601, -5.78736, 36.4847)
                                                                                    (37.824, 12.429, 23.393)

              4          B 235          B 236              2        49.7695         (37.824, 12.429, 23.393)
                                                                                    (36.154, 15.076, 25.601)

              5          B 236          B 260             25         992.13         (36.154, 15.076, 25.601)         (24.5375, 11.016, 9.8644)
                                                                                    (13.543, -2, 27.262)

              6          B 260          B 274             15        573.055         (13.543, -2, 27.262)         (27.4485, 26.6081, 31.8078)
                                                                                    (30.737, 8.189, 47.338)

              7          B 274          B 285              2        49.7695         (30.737, 8.189, 47.338)
                                                                                    (33.184, 16.891, 62.207)

              8          B 285          B 295             11        437.169         (33.184, 16.891, 62.207)         (33.7007, 24.2419, 40.2666)
                                                                                    (26.575, 20.396, 45.061)

              9          B 295          B 312             18        674.774         (26.575, 20.396, 45.061)
                                                                                    (12.288, -2.206, 37.353)

             10          B 312          B 333             22        885.162         (12.288, -2.206, 37.353)         (44.2926, 20.1213, 22.2673)
                                                                                    (28.231, 3.328, 44.093)

             11          B 333          B 345             13        493.048         (28.231, 3.328, 44.093)         (27.819, -0.443274, 25.0331)
                                                                                    (44.821, 6.06, 15.701)

             12          B 345          B 356             12        456.842         (44.821, 6.06, 15.701)
                                                                                    (35.025, 20.429, 11.792)

             13          B 356          B 363              2        49.7695         (35.025, 20.429, 11.792)
                                                                                    (40.966, 23.27, 21.916)

             14          B 363          B 381             19        742.653         (40.966, 23.27, 21.916)         (48.5934, 9.26193, 24.0068)
                                                                                    (39.889, -3.621, 34.046)

             15          B 381          B 391             11        420.626         (39.889, -3.621, 34.046)
                                                                                    (32.248, 1.218, 10.714)

             16          B 391          B 412             22        838.991         (32.248, 1.218, 10.714)
                                                                                    (16.108, -15.115, 33.872)

             17          B 412          B 425              4        145.484         (16.108, -15.115, 33.872)
                                                                                    (20.4, 13.096, 23.468)

