Using structure file: /home/pkas7/Research/SCOP/pdbstyle-1.75B/t1/d1t15a1.ent
Number of residues: 109
Doing a BEZIER segmentation ...

Bounding box volume: 23706.2
Null Model Fit: 4798.48 bits.
Bits per residue: 44.4303

Bezier model fit: 4487.15 bits.
Bits per residue: 41.5477

# of segments: 9
Internal segmentation:
0-->7-->9-->24-->34-->44-->61-->77-->92-->108

CPU time used: 5.82 secs.
Wall clock time elapsed: 5 secs.

        SEGMENT          START            END   NUM_RESIDUES MESSAGE_LENGTH                    END_POINTS        INTERMEDIATE_CONTROL_POINTS
              1         A 1649         A 1656              8        288.409         (21.167, 25.508, 37.034)         (10.2286, 21.5748, 41.0679)
                                                                                    (-1.515, 18.293, 37.784)

              2         A 1656         A 1658              3        92.8977         (-1.515, 18.293, 37.784)
                                                                                    (-1.191, 12.497, 41.217)

              3         A 1658         A 1673             16        600.943         (-1.191, 12.497, 41.217)
                                                                                    (20.579, 15.125, 40.716)

              4         A 1673         A 1683             11        419.341         (20.579, 15.125, 40.716)         (-0.378135, 25.0769, 47.668)
                                                                                    (14.544, 30.121, 40.732)

              5         A 1683         A 1693             11        421.249         (14.544, 30.121, 40.732)
                                                                                    (-0.712, 13.074, 24.165)

              6         A 1693         A 1710             18        712.159         (-0.712, 13.074, 24.165)         (-6.35904, 31.9828, 43.5902)
                                                                                    (9.202, 32.698, 31.058)

              7         A 1710         A 1726             17        661.962         (9.202, 32.698, 31.058)         (2.21941, 6.29724, 29.5684)
                                                                                    (17.627, 6.17, 30.2)

              8         A 1726         A 1741             16        624.232         (17.627, 6.17, 30.2)         (14.5643, 25.23, 20.0933)
                                                                                    (-9.275, 26.541, 27.887)

              9         A 1741         A 1757             17         665.96         (-9.275, 26.541, 27.887)         (6.73965, 24.336, 19.1626)
                                                                                    (12.064, 41.844, 26.689)

