Using structure file: /home/pkas7/Research/SCOP/pdbstyle-1.75B/t2/d1t2wa_.ent
Number of residues: 145
Doing a BEZIER segmentation ...

Bounding box volume: 41729.8
Null Model Fit: 6515.44 bits.
Bits per residue: 45.2461

Bezier model fit: 5997.16 bits.
Bits per residue: 41.647

# of segments: 11
Internal segmentation:
0-->20-->29-->36-->50-->62-->77-->86-->100-->115-->128-->144

CPU time used: 8.38 secs.
Wall clock time elapsed: 8 secs.

        SEGMENT          START            END   NUM_RESIDUES MESSAGE_LENGTH                    END_POINTS        INTERMEDIATE_CONTROL_POINTS
              1           A 62           A 82             21        848.297         (-11.856, -11.75, 3.317)         (-37.1032, 16.979, -7.83655)
                                                                                    (-29.533, -27.532, -12.949)         (-15.0946, -31.863, -3.92654)

              2           A 82           A 91             10        363.681         (-29.533, -27.532, -12.949)         (-21.5096, -10.7725, -10.111)
                                                                                    (-32.148, -8.94, 2.898)

              3           A 91           A 98              8        307.848         (-32.148, -8.94, 2.898)
                                                                                    (-36.404, -9.934, -8.653)

              4           A 98          A 112             15        595.973         (-36.404, -9.934, -8.653)
                                                                                    (-20.379, -16.949, 9.135)

              5          A 112          A 124             13        480.388         (-20.379, -16.949, 9.135)
                                                                                    (-43.897, -20.693, -15.247)

              6          A 124          A 139             16        635.402         (-43.897, -20.693, -15.247)
                                                                                    (-25.282, -35.864, -1.168)

              7          A 139          A 148             10        377.424         (-25.282, -35.864, -1.168)         (-23.851, -19.5548, -7.29172)
                                                                                    (-11.434, -15.674, -4.498)

              8          A 148          A 162             15        570.413         (-11.434, -15.674, -4.498)         (-25.0013, -42.2196, 1.76622)
                                                                                    (-40.797, -26.514, 6.569)

              9          A 162          A 177             16         642.98         (-40.797, -26.514, 6.569)         (-31.0006, -30.4641, 20.336)
                                                                                    (-19.609, -24.493, 7.917)

             10          A 177          A 190             14        520.742         (-19.609, -24.493, 7.917)         (-43.5232, -23.2607, -8.88276)
                                                                                    (-47.26, -6.471, 6.551)

             11          A 190          A 206             17        654.014         (-47.26, -6.471, 6.551)         (-43.4231, -28.3741, 0.369958)
                                                                                    (-14.056, -29.873, 4.807)

