Using structure file: /home/pkas7/Research/SCOP/pdbstyle-1.75B/t3/d1t3ta2.ent
Number of residues: 261
Doing a BEZIER segmentation ...

Bounding box volume: 94522.6
Null Model Fit: 12070.7 bits.
Bits per residue: 46.4257

Bezier model fit: 10842.1 bits.
Bits per residue: 41.7005

# of segments: 18
Internal segmentation:
0-->1-->15-->43-->60-->79-->93-->111-->115-->128-->141-->152-->161-->181-->191-->198-->215-->241-->260

CPU time used: 15.6 secs.
Wall clock time elapsed: 15 secs.

        SEGMENT          START            END   NUM_RESIDUES MESSAGE_LENGTH                    END_POINTS        INTERMEDIATE_CONTROL_POINTS
              1         A 1034         A 1035              2        49.4628         (107.637, 118.407, -24.017)
                                                                                    (108.034, 122.114, -24.853)

              2         A 1035         A 1049             15        571.379         (108.034, 122.114, -24.853)         (116.027, 107.486, -11.9813)
                                                                                    (112.738, 86.66, -26.033)

              3         A 1049         A 1077             29        1157.51         (112.738, 86.66, -26.033)         (99.8729, 123.492, -31.5128)
                                                                                    (125.318, 93.449, -14.171)

              4         A 1077         A 1094             18        702.779         (125.318, 93.449, -14.171)         (108.236, 119.86, -7.30806)
                                                                                    (107.906, 85.597, -25.596)

              5         A 1094         A 1113             20        805.101         (107.906, 85.597, -25.596)         (102.871, 78.8728, -17.0798)
                                                                                    (118.105, 87.202, -7.477)

              6         A 1113         A 1127             15         566.71         (118.105, 87.202, -7.477)
                                                                                    (105.673, 107.48, -3.697)

              7         A 1127         A 1146             19          741.2         (105.673, 107.48, -3.697)         (101.488, 86.2325, -34.6642)
                                                                                    (104.666, 90.315, -3.706)

              8         A 1146         A 1150              5         185.16         (104.666, 90.315, -3.706)
                                                                                    (98.073, 97.284, -3.689)

              9         A 1150         A 1163             14        538.357         (98.073, 97.284, -3.689)
                                                                                    (93.493, 76.972, -26.598)

             10         A 1163         A 1176             14        537.554         (93.493, 76.972, -26.598)         (92.2882, 96.2829, -42.0323)
                                                                                    (86.567, 103.403, -14.036)

             11         A 1176         A 1187             12        477.951         (86.567, 103.403, -14.036)         (105.284, 110.384, -14.2575)
                                                                                    (83.943, 105.338, -21.018)

             12         A 1187         A 1196             10        375.036         (83.943, 105.338, -21.018)         (91.6673, 100.747, -37.0575)
                                                                                    (98.571, 86.441, -27.133)

             13         A 1196         A 1216             21        820.904         (98.571, 86.441, -27.133)         (83.2826, 77.0099, 2.43897)
                                                                                    (87.416, 98.867, -8.585)

             14         A 1216         A 1226             11        426.724         (87.416, 98.867, -8.585)         (93.7328, 93.2838, -23.8299)
                                                                                    (77.037, 95.996, -29.809)

             15         A 1226         A 1233              8        301.894         (77.037, 95.996, -29.809)         (80.7983, 92.9072, -15.6307)
                                                                                    (84.521, 84.516, -28.636)

             16         A 1233         A 1250             18         713.63         (84.521, 84.516, -28.636)
                                                                                    (94.978, 100.591, -5.35)

             17         A 1250         A 1276             27        1085.91         (94.978, 100.591, -5.35)         (106.7, 91.4769, -38.3093)
                                                                                    (88.667, 111.298, -39.742)

             18         A 1276         A 1295             20         784.88         (88.667, 111.298, -39.742)         (101.301, 102.015, -22.2167)
                                                                                    (105.142, 116.635, -14.498)

