Using structure file: /home/pkas7/Research/SCOP/pdbstyle-1.75B/ta/d1tafb_.ent
Number of residues: 70
Doing a BEZIER segmentation ...

Bounding box volume: 27080.9
Null Model Fit: 3078.94 bits.
Bits per residue: 44.6223

Bezier model fit: 2791.74 bits.
Bits per residue: 40.46

# of segments: 5
Internal segmentation:
0-->9-->24-->53-->60-->69

CPU time used: 3.24 secs.
Wall clock time elapsed: 3 secs.

        SEGMENT          START            END   NUM_RESIDUES MESSAGE_LENGTH                    END_POINTS        INTERMEDIATE_CONTROL_POINTS
              1            B 1           B 10             10        388.749         (63.291, 31.926, 13.474)         (57.9213, 17.4882, 8.98205)
                                                                                    (64.639, 30.235, -4.23)

              2           B 10           B 25             16        622.143         (64.639, 30.235, -4.23)         (47.7699, 34.5874, -20.5162)
                                                                                    (65.161, 41.264, -3.349)

              3           B 25           B 54             30         1107.4         (65.161, 41.264, -3.349)         (54.0839, 27.3556, 10.6614)
                                                                                    (36.511, 13.18, 13.414)

              4           B 54           B 61              8         295.05         (36.511, 13.18, 13.414)         (48.3106, 4.66597, 12.6867)
                                                                                    (41.976, 16.601, 1.152)

              5           B 61           B 70             10        378.401         (41.976, 16.601, 1.152)
                                                                                    (39.514, 28.704, 8.673)

