Using structure file: /home/pkas7/Research/SCOP/pdbstyle-1.75B/tb/d1tbge_.ent
Number of residues: 68
Doing a BEZIER segmentation ...

Bounding box volume: 41456.4
Null Model Fit: 3030.86 bits.
Bits per residue: 45.2367

Bezier model fit: 2772.68 bits.
Bits per residue: 41.3833

# of segments: 4
Internal segmentation:
0-->2-->19-->47-->67

CPU time used: 3.05 secs.
Wall clock time elapsed: 3 secs.

        SEGMENT          START            END   NUM_RESIDUES MESSAGE_LENGTH                    END_POINTS        INTERMEDIATE_CONTROL_POINTS
              1          E 501          E 503              3        94.5104         (43.654, 84.398, 122.998)
                                                                                    (38.55, 85.964, 118.92)

              2          E 503          E 520             18        707.437         (38.55, 85.964, 118.92)         (56.6439, 91.2555, 138.307)
                                                                                    (42.633, 74.15, 132.007)

              3          E 520          E 548             29        1129.19         (42.633, 74.15, 132.007)         (43.5787, 43.4337, 120.995)
                                                                                    (47.366, 51.808, 96.669)

              4          E 548          E 568             21        841.542         (47.366, 51.808, 96.669)
                                                                                    (51.485, 64.32, 70.343)

