Using structure file: /home/pkas7/Research/SCOP/pdbstyle-1.75B/tc/d1tcaa_.ent
Number of residues: 317
Doing a BEZIER segmentation ...

Bounding box volume: 101570
Null Model Fit: 14703.3 bits.
Bits per residue: 46.5295

Bezier model fit: 13187.3 bits.
Bits per residue: 41.7319

# of segments: 22
Internal segmentation:
0-->22-->31-->40-->42-->59-->69-->74-->94-->104-->128-->148-->168-->185-->194-->216-->225-->243-->266-->288-->297-->310-->316

CPU time used: 19.93 secs.
Wall clock time elapsed: 20 secs.

        SEGMENT          START            END   NUM_RESIDUES MESSAGE_LENGTH                    END_POINTS        INTERMEDIATE_CONTROL_POINTS
              1            A 1           A 23             23        909.427         (-19.285, 1.317, 13.236)         (-42.2041, 22.6181, 34.2321)
                                                                                    (-23.114, 34.62, 5.045)

              2           A 23           A 32             10        394.074         (-23.114, 34.62, 5.045)         (-40.2598, 29.6494, 7.81563)
                                                                                    (-24.315, 25.499, -2.193)

              3           A 32           A 41             10        371.357         (-24.315, 25.499, -2.193)         (-15.1401, 21.9239, 11.2646)
                                                                                    (-10.804, 29.055, 21.744)

              4           A 41           A 43              3         97.096         (-10.804, 29.055, 21.744)
                                                                                    (-15.932, 31.375, 17.178)

              5           A 43           A 60             18        703.479         (-15.932, 31.375, 17.178)         (-6.09831, 36.0071, 4.37053)
                                                                                    (-18.999, 29.437, -5.469)

              6           A 60           A 70             11        411.359         (-18.999, 29.437, -5.469)         (-24.2365, 27.066, 10.6858)
                                                                                    (-17.981, 29.488, 25.018)

              7           A 70           A 75              6        227.171         (-17.981, 29.488, 25.018)
                                                                                    (-17.637, 19.517, 26.196)

              8           A 75           A 95             21        792.074         (-17.637, 19.517, 26.196)
                                                                                    (-32.776, 21.387, -1.493)

              9           A 95          A 105             11        415.631         (-32.776, 21.387, -1.493)
                                                                                    (-8.136, 21.862, 14.832)

             10          A 105          A 129             25        986.534         (-8.136, 21.862, 14.832)         (-37.1818, 0.561332, 13.945)
                                                                                    (-11.672, 18.73, 4.477)

             11          A 129          A 149             21        836.711         (-11.672, 18.73, 4.477)         (4.61946, 10.2373, 29.899)
                                                                                    (-5.673, 24.807, 33.921)

             12          A 149          A 169             21        835.356         (-5.673, 24.807, 33.921)
                                                                                    (-12.901, 1.831, 19.798)

             13          A 169          A 186             18        706.615         (-12.901, 1.831, 19.798)         (-21.2173, 10.1739, -6.11372)
                                                                                    (6.013, 21.266, 12.842)

             14          A 186          A 195             10        391.268         (6.013, 21.266, 12.842)         (-4.43444, 21.8411, 24.3459)
                                                                                    (5.964, 10.254, 11.196)

             15          A 195          A 217             23         931.36         (5.964, 10.254, 11.196)         (-18.5861, 6.65399, 7.82138)
                                                                                    (10.468, 18.545, 2.246)

             16          A 217          A 226             10        380.748         (10.468, 18.545, 2.246)
                                                                                    (-0.513, 28.169, 8.915)

             17          A 226          A 244             19        743.812         (-0.513, 28.169, 8.915)         (-3.21896, 28.3809, -1.58348)
                                                                                    (-14.706, 13.998, -8.3)

             18          A 244          A 267             24        965.362         (-14.706, 13.998, -8.3)         (15.8103, 17.1469, -2.45269)
                                                                                    (-6.586, 40.826, 0.502)

             19          A 267          A 289             23        891.214         (-6.586, 40.826, 0.502)         (1.46743, 36.4573, 17.1101)
                                                                                    (-13.317, 27.789, 32.117)

             20          A 289          A 298             10        380.723         (-13.317, 27.789, 32.117)         (-6.0917, 13.4497, 39.0407)
                                                                                    (-22.564, 10.569, 27.264)

             21          A 298          A 311             14        552.776         (-22.564, 10.569, 27.264)         (-13.034, -7.93168, 22.084)
                                                                                    (-14.963, 13.298, 36.614)

             22          A 311          A 317              7        263.148         (-14.963, 13.298, 36.614)
                                                                                    (-21.745, 0.859, 30.127)

