Using structure file: /home/pkas7/Research/SCOP/pdbstyle-1.75B/td/d1tdja1.ent
Number of residues: 331
Doing a BEZIER segmentation ...

Bounding box volume: 95875.6
Null Model Fit: 15327.3 bits.
Bits per residue: 46.4462

Bezier model fit: 13647.3 bits.
Bits per residue: 41.3554

# of segments: 23
Internal segmentation:
0-->22-->40-->54-->75-->82-->97-->109-->120-->129-->143-->171-->183-->209-->222-->233-->255-->261-->277-->281-->298-->302-->315-->330

CPU time used: 21.02 secs.
Wall clock time elapsed: 21 secs.

        SEGMENT          START            END   NUM_RESIDUES MESSAGE_LENGTH                    END_POINTS        INTERMEDIATE_CONTROL_POINTS
              1            A 5           A 27             23        920.076         (-24.247, 21.161, 6.065)         (-41.9606, 0.0869335, 3.48033)
                                                                                    (-8.477, 13.049, 3.35)

              2           A 27           A 45             19        746.322         (-8.477, 13.049, 3.35)         (-3.31622, -15.1759, 20.6729)
                                                                                    (-16.014, -19.841, 21.372)

              3           A 45           A 59             15        584.989         (-16.014, -19.841, 21.372)
                                                                                    (-5.995, 7.941, 18.385)

              4           A 59           A 80             22        864.605         (-5.995, 7.941, 18.385)         (-26.7398, 17.0603, 1.59061)
                                                                                    (-13.815, 31.964, 6.523)

              5           A 80           A 87              8        296.015         (-13.815, 31.964, 6.523)
                                                                                    (-13.877, 19.279, 25.132)

              6           A 87          A 102             16        615.288         (-13.877, 19.279, 25.132)
                                                                                    (-6.972, 25.357, 7.098)

              7          A 102          A 114             13        507.724         (-6.972, 25.357, 7.098)         (-19.224, 29.7936, 30.8994)
                                                                                    (-4.856, 19.451, 32.571)

              8          A 114          A 125             12        455.178         (-4.856, 19.451, 32.571)
                                                                                    (-3.538, 22.485, 15.767)

              9          A 125          A 134             10         375.38         (-3.538, 22.485, 15.767)         (-9.63991, 34.5297, 28.4405)
                                                                                    (-17.658, 23.365, 35.11)

             10          A 134          A 148             15         572.26         (-17.658, 23.365, 35.11)
                                                                                    (-21.175, 36.823, 18.665)

             11          A 148          A 176             29        1153.63         (-21.175, 36.823, 18.665)         (-26.3919, 7.16135, 11.8078)
                                                                                    (-13.464, -5.954, 5.924)

             12          A 176          A 188             13        503.728         (-13.464, -5.954, 5.924)         (-25.9748, -18.8068, 13.3539)
                                                                                    (-21.579, 7.923, 24.755)

             13          A 188          A 214             27        1067.44         (-21.579, 7.923, 24.755)         (-24.5234, 11.3337, 7.6424)
                                                                                    (-21.478, 2.207, 31.005)         (-34.1078, -20.3484, -6.1134)

             14          A 214          A 227             14        539.039         (-21.478, 2.207, 31.005)
                                                                                    (-38.559, 6.684, 25.147)

             15          A 227          A 238             12        463.009         (-38.559, 6.684, 25.147)         (-30.3048, 18.7231, 39.3585)
                                                                                    (-13.853, 6.366, 33.977)

             16          A 238          A 260             23        903.081         (-13.853, 6.366, 33.977)         (-36.7342, 23.2147, 15.7393)
                                                                                    (-30.855, -4.624, 17.92)

             17          A 260          A 266              7        254.059         (-30.855, -4.624, 17.92)         (-27.7501, -2.93868, 28.1884)
                                                                                    (-19.284, -2.04, 35.06)

             18          A 266          A 282             17        646.837         (-19.284, -2.04, 35.06)
                                                                                    (-1.032, -5.736, 22.39)

             19          A 282          A 286              5        180.922         (-1.032, -5.736, 22.39)
                                                                                    (-8.87, 3.466, 27.12)

             20          A 286          A 303             18        687.853         (-8.87, 3.466, 27.12)
                                                                                    (-26.99, -15.817, 25.361)

             21          A 303          A 307              5        178.828         (-26.99, -15.817, 25.361)
                                                                                    (-19.664, -20.287, 17.117)

             22          A 307          A 320             14        522.071         (-19.664, -20.287, 17.117)         (-16.4847, 4.5832, 12.589)
                                                                                    (-2.706, 8.418, 31.129)

             23          A 320          A 335             16        608.947         (-2.706, 8.418, 31.129)
                                                                                    (-8.374, -12.679, 39.434)

