Using structure file: /home/pkas7/Research/SCOP/pdbstyle-1.75B/td/d1tdha2.ent
Number of residues: 130
Doing a BEZIER segmentation ...

Bounding box volume: 30222.2
Null Model Fit: 5776.71 bits.
Bits per residue: 44.7807

Bezier model fit: 5298.3 bits.
Bits per residue: 41.0721

# of segments: 13
Internal segmentation:
0-->1-->18-->30-->41-->51-->64-->66-->79-->93-->104-->116-->124-->129

CPU time used: 7.34 secs.
Wall clock time elapsed: 7 secs.

        SEGMENT          START            END   NUM_RESIDUES MESSAGE_LENGTH                    END_POINTS        INTERMEDIATE_CONTROL_POINTS
              1            A 2            A 3              2        47.8177         (24.663, 16.357, 8.541)
                                                                                    (26.755, 19.28, 9.728)

              2            A 3           A 20             18        677.531         (26.755, 19.28, 9.728)
                                                                                    (9.355, 18.257, 31.744)

              3           A 20           A 32             13        498.818         (9.355, 18.257, 31.744)         (10.6854, -3.63176, 32.637)
                                                                                    (15.699, -4.399, 11.337)

              4           A 32           A 43             12        460.482         (15.699, -4.399, 11.337)         (30.1719, -2.71481, 22.5109)
                                                                                    (9.808, 3.374, 35.622)

              5           A 43           A 53             11        393.711         (9.808, 3.374, 35.622)         (17.8336, 19.0432, 29.9838)
                                                                                    (30.539, 18.441, 16.117)

              6           A 53           A 66             14        519.382         (30.539, 18.441, 16.117)
                                                                                    (12.446, 4.905, 39.896)

              7           A 66           A 68              3        93.5984         (12.446, 4.905, 39.896)
                                                                                    (14.191, -1.144, 38.94)

              8           A 68           A 81             14        514.581         (14.191, -1.144, 38.94)         (31.506, 10.3064, 30.4228)
                                                                                    (21.878, 11.248, 5.53)

              9           A 81           A 95             15        583.457         (21.878, 11.248, 5.53)         (-2.90813, 14.6607, 30.1427)
                                                                                    (7.374, 3.907, 9.894)

             10           A 95          A 106             12        462.447         (7.374, 3.907, 9.894)         (19.2941, 2.7417, 22.5073)
                                                                                    (1.421, 10.916, 33.624)

             11          A 106          A 118             13        492.115         (1.421, 10.916, 33.624)
                                                                                    (18.128, 5.017, 4.871)

             12          A 118          A 126              9        330.456         (18.128, 5.017, 4.871)
                                                                                    (28.25, 5.071, 26.317)

             13          A 126          A 131              6          223.9         (28.25, 5.071, 26.317)
                                                                                    (37.848, 8.6, 19.084)

