Using structure file: /home/pkas7/Research/SCOP/pdbstyle-1.75B/te/d1te7a_.ent
Number of residues: 103
Doing a BEZIER segmentation ...

Bounding box volume: 26509.6
Null Model Fit: 4548.34 bits.
Bits per residue: 44.5916

Bezier model fit: 4232.67 bits.
Bits per residue: 41.4967

# of segments: 7
Internal segmentation:
0-->9-->28-->44-->45-->59-->86-->102

CPU time used: 5.43 secs.
Wall clock time elapsed: 5 secs.

        SEGMENT          START            END   NUM_RESIDUES MESSAGE_LENGTH                    END_POINTS        INTERMEDIATE_CONTROL_POINTS
              1            A 1           A 10             10        373.673         (-14.003, 14.997, 9.38)         (-7.52873, -3.00613, 5.18819)
                                                                                    (5.606, 8.672, -0.801)

              2           A 10           A 29             20        790.056         (5.606, 8.672, -0.801)         (0.0697614, 2.69149, -24.8085)
                                                                                    (-6.785, -6.718, 13.301)

              3           A 29           A 45             17         660.71         (-6.785, -6.718, 13.301)         (-24.5756, -0.834718, -12.1977)
                                                                                    (4.755, 11.616, 5.029)

              4           A 45           A 46              2        47.6287         (4.755, 11.616, 5.029)
                                                                                    (2.07, 14.221, 5.605)

              5           A 46           A 60             15        582.372         (2.07, 14.221, 5.605)         (-19.1332, 8.5646, -12.8088)
                                                                                    (-4.136, -13.109, 1.53)

              6           A 60           A 87             28        1121.23         (-4.136, -13.109, 1.53)         (27.4062, -2.80051, -9.53665)
                                                                                    (7.605, 3.751, 6.268)

              7           A 87          A 103             17        656.992         (7.605, 3.751, 6.268)         (1.54967, -23.781, 13.0722)
                                                                                    (-10.481, 4.563, -12.3)

