Using structure file: /home/pkas7/Research/SCOP/pdbstyle-1.75B/te/d1teda_.ent
Number of residues: 368
Doing a BEZIER segmentation ...

Bounding box volume: 148787
Null Model Fit: 17278.4 bits.
Bits per residue: 47.0802

Bezier model fit: 15125.5 bits.
Bits per residue: 41.2138

# of segments: 24
Internal segmentation:
0-->1-->21-->37-->38-->65-->74-->101-->116-->133-->148-->167-->180-->181-->199-->212-->234-->245-->273-->290-->317-->323-->341-->354-->367

CPU time used: 22.53 secs.
Wall clock time elapsed: 22 secs.

        SEGMENT          START            END   NUM_RESIDUES MESSAGE_LENGTH                    END_POINTS        INTERMEDIATE_CONTROL_POINTS
              1           A 22           A 23              2        50.1173         (-34.421, 21.453, 11.625)
                                                                                    (-32.162, 18.768, 13.144)

              2           A 23           A 43             21        796.225         (-32.162, 18.768, 13.144)         (-7.04801, 23.7539, -10.0084)
                                                                                    (15.557, -4.234, 3.003)

              3           A 43           A 59             17         667.77         (15.557, -4.234, 3.003)         (17.4321, -23.2016, -14.0686)
                                                                                    (15.427, -28.763, 4.136)

              4           A 59           A 64              2        50.1173         (15.427, -28.763, 4.136)
                                                                                    (12.075, -38.209, 1.176)

              5           A 64           A 91             28        1103.12         (12.075, -38.209, 1.176)         (0.542783, -3.11677, -19.8037)
                                                                                    (22.589, -18.469, 12.541)

              6           A 91          A 100             10        389.541         (22.589, -18.469, 12.541)
                                                                                    (8.312, -20.565, 21.734)

              7          A 100          A 127             28         1064.5         (8.312, -20.565, 21.734)         (15.5737, -0.0434576, 13.0914)
                                                                                    (9.669, 16.937, -1.398)

              8          A 127          A 142             16         624.02         (9.669, 16.937, -1.398)         (-3.05874, 29.6289, 18.8564)
                                                                                    (1.189, -4.29, 9.896)

              9          A 142          A 159             18        723.313         (1.189, -4.29, 9.896)         (6.30669, -2.86907, 26.5267)
                                                                                    (11.402, 12.35, 12.31)

             10          A 159          A 174             16        636.637         (11.402, 12.35, 12.31)         (-6.91194, 15.9842, 25.6548)
                                                                                    (-3.777, -8.191, 6.187)

             11          A 174          A 193             20        769.504         (-3.777, -8.191, 6.187)
                                                                                    (-8.456, 20.639, 6.124)

             12          A 193          A 206             14        505.051         (-8.456, 20.639, 6.124)
                                                                                    (11.064, -12.987, 6.725)

             13          A 206          A 207              2        50.1173         (11.064, -12.987, 6.725)
                                                                                    (11.015, -12.433, 10.478)

             14          A 207          A 225             19        749.672         (11.015, -12.433, 10.478)         (-2.50962, -40.0174, 0.907879)
                                                                                    (8.417, -10.935, 1.112)

             15          A 225          A 238             14        521.045         (8.417, -10.935, 1.112)         (4.50233, 14.8993, 8.95036)
                                                                                    (-11.829, 20.724, -5.945)

             16          A 238          A 260             23         912.46         (-11.829, 20.724, -5.945)         (21.2256, 24.4114, -19.5527)
                                                                                    (-15.786, -16.688, 3.019)         (-32.2512, -0.987115, 6.27866)

             17          A 260          A 271             12        466.714         (-15.786, -16.688, 3.019)
                                                                                    (7.122, -19.704, 16.671)

             18          A 271          A 299             29        1136.11         (7.122, -19.704, 16.671)         (-20.3911, -22.1893, -16.9178)
                                                                                    (-21.905, 5.138, -7.984)

             19          A 299          A 316             18        729.501         (-21.905, 5.138, -7.984)         (-8.68731, 6.73169, -23.8116)
                                                                                    (0.242, -14.108, -5.983)

             20          A 316          A 343             28        1106.34         (0.242, -14.108, -5.983)         (-21.0299, -5.21313, -25.4945)
                                                                                    (10.317, -8.175, -8.261)

             21          A 343          A 349              7        269.699         (10.317, -8.175, -8.261)
                                                                                    (-0.355, -4.304, 2.812)

             22          A 349          A 367             19        749.232         (-0.355, -4.304, 2.812)         (10.0428, 2.9697, -11.738)
                                                                                    (-4.754, 11.32, -21.657)

             23          A 367          A 380             14        526.545         (-4.754, 11.32, -21.657)
                                                                                    (-12.989, -12.531, 6.612)

             24          A 380          A 393             14        528.114         (-12.989, -12.531, 6.612)         (-12.3973, 3.98433, -6.27223)
                                                                                    (-0.736, 17.273, -16.677)

