Using structure file: /home/pkas7/Research/SCOP/pdbstyle-1.75B/tf/d1tfea_.ent
Number of residues: 142
Doing a BEZIER segmentation ...

Bounding box volume: 62682.7
Null Model Fit: 6462.47 bits.
Bits per residue: 45.8331

Bezier model fit: 5805.28 bits.
Bits per residue: 41.1722

# of segments: 11
Internal segmentation:
0-->12-->25-->49-->59-->78-->80-->101-->110-->126-->139-->141

CPU time used: 7.72 secs.
Wall clock time elapsed: 7 secs.

        SEGMENT          START            END   NUM_RESIDUES MESSAGE_LENGTH                    END_POINTS        INTERMEDIATE_CONTROL_POINTS
              1           A 55           A 67             13        489.554         (-19.353, 1.185, -11.806)         (-6.54954, 7.72779, 1.6444)
                                                                                    (9.136, 0.123, 9.805)

              2           A 67           A 80             14        538.723         (9.136, 0.123, 9.805)         (-9.11224, -7.90789, 3.28394)
                                                                                    (-18.803, 10.51, -7.624)

              3           A 80          A 104             25        974.242         (-18.803, 10.51, -7.624)         (-4.08648, 17.2984, 5.28265)
                                                                                    (-5.728, -5.61, 12.786)

              4          A 104          A 114             11        437.635         (-5.728, -5.61, 12.786)         (-23.6566, -3.98793, 6.37531)
                                                                                    (-18.484, -17.732, 9.783)

              5          A 114          A 133             20         758.33         (-18.484, -17.732, 9.783)
                                                                                    (-18.121, -24.099, 38.154)

              6          A 133          A 135              3        95.7033         (-18.121, -24.099, 38.154)
                                                                                    (-23.852, -23.263, 35.633)

              7          A 135          A 156             22        839.284         (-23.852, -23.263, 35.633)
                                                                                    (-13.472, -3.202, 11.578)

              8          A 156          A 165             10        387.596         (-13.472, -3.202, 11.578)
                                                                                    (-11.699, 5.797, 20.492)

              9          A 165          A 181             17        665.518         (-11.699, 5.797, 20.492)
                                                                                    (-23.144, 14.16, 1.393)

             10          A 181          A 194             14         522.99         (-23.144, 14.16, 1.393)         (-17.9884, -7.41319, -0.803777)
                                                                                    (5.845, -9.35, 8.062)

             11          A 194          A 196              3        95.7033         (5.845, -9.35, 8.062)
                                                                                    (2.338, -13.14, 10.255)

