Using structure file: /home/pkas7/Research/SCOP/pdbstyle-1.75B/tf/d1tfra2.ent
Number of residues: 160
Doing a BEZIER segmentation ...

Bounding box volume: 52304.7
Null Model Fit: 7245.95 bits.
Bits per residue: 45.572

Bezier model fit: 6523.96 bits.
Bits per residue: 41.0312

# of segments: 12
Internal segmentation:
0-->19-->28-->50-->62-->77-->99-->108-->109-->125-->136-->152-->159

CPU time used: 9.23 secs.
Wall clock time elapsed: 9 secs.

        SEGMENT          START            END   NUM_RESIDUES MESSAGE_LENGTH                    END_POINTS        INTERMEDIATE_CONTROL_POINTS
              1           A 12           A 31             20        776.622         (-3.947, 20.317, -0.472)         (1.07768, -2.10974, 24.8388)
                                                                                    (-1.21, 8.776, 34.681)

              2           A 31           A 40             10        382.291         (-1.21, 8.776, 34.681)         (-0.591639, -5.4556, 48.2206)
                                                                                    (-14.04, 2.867, 31.591)

              3           A 40           A 62             23        868.695         (-14.04, 2.867, 31.591)
                                                                                    (-1.927, 23.677, 9.783)

              4           A 62           A 74             13        485.018         (-1.927, 23.677, 9.783)
                                                                                    (-6.198, -9.236, 17.721)

              5           A 74           A 98             16        629.538         (-6.198, -9.236, 17.721)         (16.924, -20.2179, -4.96712)
                                                                                    (1.723, -3.944, 38.895)

              6           A 98          A 120             23        884.751         (1.723, -3.944, 38.895)         (-19.4233, -4.38684, 22.2905)
                                                                                    (-14.624, 13.295, 13.438)

              7          A 120          A 129             10        381.044         (-14.624, 13.295, 13.438)
                                                                                    (-2.061, -4.272, 10.761)

              8          A 129          A 130              2        48.6091         (-2.061, -4.272, 10.761)
                                                                                    (0.135, -2.036, 12.911)

              9          A 130          A 146             17        647.131         (0.135, -2.036, 12.911)
                                                                                    (1.109, 17.213, -2.416)

             10          A 146          A 157             12        460.624         (1.109, 17.213, -2.416)         (1.53372, 15.0614, 23.9245)
                                                                                    (11.445, 4.421, 12.983)

             11          A 157          A 173             17          655.8         (11.445, 4.421, 12.983)         (9.31388, 19.6378, -10.3004)
                                                                                    (5.665, 13.518, 25.757)

             12          A 173          A 180              8        303.834         (5.665, 13.518, 25.757)
                                                                                    (17.157, 13.508, 11.344)

