Using structure file: /home/pkas7/Research/SCOP/pdbstyle-1.75B/tj/d1tjgh1.ent
Number of residues: 132
Doing a BEZIER segmentation ...

Bounding box volume: 38677.8
Null Model Fit: 5912.89 bits.
Bits per residue: 45.1366

Bezier model fit: 5401.46 bits.
Bits per residue: 41.2325

# of segments: 10
Internal segmentation:
0-->8-->9-->29-->30-->43-->54-->75-->93-->116-->131

CPU time used: 7.41 secs.
Wall clock time elapsed: 7 secs.

        SEGMENT          START            END   NUM_RESIDUES MESSAGE_LENGTH                    END_POINTS        INTERMEDIATE_CONTROL_POINTS
              1            H 1            H 9              9        327.431         (24.97, 0.303, 93.762)         (33.0371, -1.24035, 83.3088)
                                                                                    (41.707, 2.858, 72.763)

              2            H 9           H 10              2        48.1736         (41.707, 2.858, 72.763)
                                                                                    (39.051, 4.375, 70.479)

              3           H 10           H 30             21        818.707         (39.051, 4.375, 70.479)         (63.3553, -19.2189, 45.4245)
                                                                                    (35.538, -12.754, 94.966)         (19.3611, 12.6778, 104.088)

              4           H 30           H 31              2        48.1736         (35.538, -12.754, 94.966)
                                                                                    (31.834, -13.215, 95.756)

              5           H 31           H 42             14        527.697         (31.834, -13.215, 95.756)
                                                                                    (23.689, -1.015, 63.459)

              6           H 42           H 53             12        455.653         (23.689, -1.015, 63.459)         (29.9496, -16.6279, 70.619)
                                                                                    (34.888, -15.522, 90.801)

              7           H 53           H 74             22        868.124         (34.888, -15.522, 90.801)         (37.0206, -24.2238, 49.9503)
                                                                                    (42.431, -6.617, 94.207)

              8           H 74           H 89             19        752.975         (42.431, -6.617, 94.207)         (45.7338, -12.4948, 55.3198)
                                                                                    (30.878, -0.772, 70.821)

              9           H 89         H 100L             24        945.429         (30.878, -0.772, 70.821)         (21.0897, -27.2865, 118.563)
                                                                                    (19.857, -16.088, 84.23)

             10         H 100L          H 113             16        609.096         (19.857, -16.088, 84.23)         (27.0415, 7.87705, 83.991)
                                                                                    (44.515, 1.733, 58.922)

