Using structure file: /home/pkas7/Research/SCOP/pdbstyle-1.75B/tk/d1tkia_.ent
Number of residues: 321
Doing a BEZIER segmentation ...

Bounding box volume: 113399
Null Model Fit: 14940.3 bits.
Bits per residue: 46.6884

Bezier model fit: 13273.3 bits.
Bits per residue: 41.479

# of segments: 21
Internal segmentation:
0-->4-->17-->27-->41-->62-->73-->88-->100-->120-->136-->157-->170-->180-->197-->217-->245-->263-->284-->293-->304-->320

CPU time used: 20.13 secs.
Wall clock time elapsed: 20 secs.

        SEGMENT          START            END   NUM_RESIDUES MESSAGE_LENGTH                    END_POINTS        INTERMEDIATE_CONTROL_POINTS
              1           A 18           A 22              5         186.41         (-4.896, 45.804, 16.129)
                                                                                    (-7.284, 54.393, 18.607)

              2           A 22           A 35             14        542.493         (-7.284, 54.393, 18.607)         (16.6455, 52.5281, 2.86104)
                                                                                    (6.601, 35.411, 18.159)

              3           A 35           A 45             11        411.781         (6.601, 35.411, 18.159)         (10.2341, 53.6848, 10.1112)
                                                                                    (-2.036, 62.938, 19.577)

              4           A 45           A 59             15        580.798         (-2.036, 62.938, 19.577)         (16.5067, 51.3186, 12.9723)
                                                                                    (-3.465, 31.715, 26.627)

              5           A 59           A 80             22        867.991         (-3.465, 31.715, 26.627)         (7.31534, 47.138, 39.1062)
                                                                                    (16.35, 50.077, 30.973)

              6           A 80           A 91             12        460.208         (16.35, 50.077, 30.973)         (-2.91776, 55.866, 26.6424)
                                                                                    (-5.198, 36.774, 21.572)

              7           A 91          A 106             16        608.093         (-5.198, 36.774, 21.572)         (12.1647, 65.0032, 22.24)
                                                                                    (30.084, 45.073, 18.633)

              8          A 106          A 118             13        511.868         (30.084, 45.073, 18.633)         (33.0984, 56.5404, 3.43837)
                                                                                    (38.939, 51.279, 27.896)

              9          A 118          A 138             21        790.871         (38.939, 51.279, 27.896)         (25.208, 51.9048, 33.2642)
                                                                                    (14.248, 44.917, 43.864)

             10          A 138          A 154             17        666.963         (14.248, 44.917, 43.864)         (27.1406, 28.6512, 24.4408)
                                                                                    (21.388, 56.999, 19.323)

             11          A 154          A 175             22         875.68         (21.388, 56.999, 19.323)
                                                                                    (11.118, 28.874, 42.859)

             12          A 175          A 188             14        549.333         (11.118, 28.874, 42.859)         (24.7379, 29.9297, 13.5137)
                                                                                    (27.414, 30.95, 35.689)

             13          A 188          A 198             11        434.199         (27.414, 30.95, 35.689)         (22.4083, 14.9592, 36.3684)
                                                                                    (20.739, 34.532, 42.653)

             14          A 198          A 215             18        683.599         (20.739, 34.532, 42.653)
                                                                                    (39.897, 41.26, 24.66)

             15          A 215          A 235             21        840.652         (39.897, 41.26, 24.66)         (29.5311, 10.9645, 21.3671)
                                                                                    (35.738, 29.028, 36.443)

             16          A 235          A 263             29        1157.66         (35.738, 29.028, 36.443)         (57.6405, 57.8523, 22.9211)
                                                                                    (28.19, 33.001, 44.055)

             17          A 263          A 281             19        749.397         (28.19, 33.001, 44.055)
                                                                                    (37.353, 59.689, 37.464)

             18          A 281          A 302             22        853.896         (37.353, 59.689, 37.464)         (48.848, 45.2617, 9.74082)
                                                                                    (27.777, 35.059, 19.436)

             19          A 302          A 311             10        378.772         (27.777, 35.059, 19.436)         (17.3133, 35.5123, 3.70295)
                                                                                    (17.505, 49.28, 13.52)

             20          A 311          A 322             12        459.829         (17.505, 49.28, 13.52)
                                                                                    (8.045, 33.782, 24.539)

             21          A 322          A 338             17        662.801         (8.045, 33.782, 24.539)         (25.7447, 17.9275, 16.9478)
                                                                                    (14.261, 30.622, 53.28)

