Using structure file: /home/pkas7/Research/SCOP/pdbstyle-1.75B/tm/d1tme3_.ent
Number of residues: 230
Doing a BEZIER segmentation ...

Bounding box volume: 203195
Null Model Fit: 10884.3 bits.
Bits per residue: 47.5299

Bezier model fit: 9508.86 bits.
Bits per residue: 41.5234

# of segments: 15
Internal segmentation:
0-->26-->42-->59-->71-->73-->100-->119-->132-->144-->154-->168-->177-->197-->214-->229

CPU time used: 13.82 secs.
Wall clock time elapsed: 13 secs.

        SEGMENT          START            END   NUM_RESIDUES MESSAGE_LENGTH                    END_POINTS        INTERMEDIATE_CONTROL_POINTS
              1            3 1           3 27             27        1096.29         (-4.136, 72.113, 94.544)         (-1.70615, 45.6875, 135.211)
                                                                                    (23.764, 61.531, 101.499)

              2           3 27           3 43             17         655.18         (23.764, 61.531, 101.499)         (50.1903, 40.608, 99.9275)
                                                                                    (21.993, 34.83, 112.034)

              3           3 43           3 60             18         700.64         (21.993, 34.83, 112.034)         (28.1737, 21.0275, 119.835)
                                                                                    (32.789, 25.258, 148.37)

              4           3 60           3 72             13         507.08         (32.789, 25.258, 148.37)         (35.0957, 25.1878, 126.046)
                                                                                    (32.261, 3.646, 141.8)

              5           3 72           3 74              3        99.0968         (32.261, 3.646, 141.8)
                                                                                    (27.191, 6.723, 143.047)

              6           3 74          3 101             28        1129.83         (27.191, 6.723, 143.047)
                                                                                    (17.431, 38.289, 124.311)

              7          3 101          3 120             20        774.871         (17.431, 38.289, 124.311)         (-6.27058, 17.5372, 113.484)
                                                                                    (43.587, 3.427, 129.982)         (46.8422, 19.7928, 132.236)

              8          3 120          3 133             14        530.311         (43.587, 3.427, 129.982)         (21.6001, 7.4476, 128.817)
                                                                                    (4.261, 15.188, 135.043)

              9          3 133          3 145             13        511.362         (4.261, 15.188, 135.043)         (24.1745, 6.51634, 145.598)
                                                                                    (12.131, 4.754, 132.042)

             10          3 145          3 155             11        414.883         (12.131, 4.754, 132.042)
                                                                                    (38.657, 5.22, 121.434)

             11          3 155          3 169             15        568.466         (38.657, 5.22, 121.434)
                                                                                    (2.852, 23.912, 123.167)

             12          3 169          3 178             10        396.045         (2.852, 23.912, 123.167)         (17.0447, 32.3693, 124.115)
                                                                                    (7.115, 34.044, 137.479)

             13          3 178          3 200             21        818.099         (7.115, 34.044, 137.479)         (13.8865, 4.05955, 129.339)
                                                                                    (47.209, 0.584, 138.746)

             14          3 200          3 217             18        697.274         (47.209, 0.584, 138.746)         (36.408, 23.6315, 136.876)
                                                                                    (15.709, 21.704, 115.061)

             15          3 217          3 232             16        609.438         (15.709, 21.704, 115.061)         (6.12225, 51.6777, 123.957)
                                                                                    (29.646, 40.332, 139.64)

