Using structure file: /home/pkas7/Research/SCOP/pdbstyle-1.75B/tq/d1tqya1.ent
Number of residues: 216
Doing a BEZIER segmentation ...

Bounding box volume: 91882
Null Model Fit: 9972.74 bits.
Bits per residue: 46.3848

Bezier model fit: 8933.51 bits.
Bits per residue: 41.5512

# of segments: 14
Internal segmentation:
0-->15-->16-->37-->48-->68-->86-->102-->126-->141-->153-->165-->183-->199-->215

CPU time used: 12.75 secs.
Wall clock time elapsed: 12 secs.

        SEGMENT          START            END   NUM_RESIDUES MESSAGE_LENGTH                    END_POINTS        INTERMEDIATE_CONTROL_POINTS
              1            A 3           A 18             16        636.064         (71.069, 16.635, 50.323)
                                                                                    (95.696, 38.046, 46.501)

              2           A 18           A 19              2        49.4219         (95.696, 38.046, 46.501)
                                                                                    (94.219, 34.802, 45.193)

              3           A 19           A 40             22        852.364         (94.219, 34.802, 45.193)         (111.948, 20.9419, 59.5999)
                                                                                    (95.913, 56.349, 58.538)

              4           A 40           A 51             12         470.21         (95.913, 56.349, 58.538)         (99.876, 57.8234, 79.8948)
                                                                                    (97.165, 43.018, 58.475)

              5           A 51           A 71             21        836.215         (97.165, 43.018, 58.475)         (84.8685, 52.8913, 21.8922)
                                                                                    (82.341, 50.378, 50.421)

              6           A 71           A 89             19         718.46         (82.341, 50.378, 50.421)
                                                                                    (83.619, 26.431, 35.828)

              7           A 89          A 105             17        666.194         (83.619, 26.431, 35.828)         (57.6457, 28.7061, 28.9765)
                                                                                    (78.95, 37.425, 56.187)

              8          A 105          A 129             25        993.596         (78.95, 37.425, 56.187)         (90.9802, 68.5132, 56.498)
                                                                                    (73.271, 67.895, 64.122)

              9          A 129          A 144             16        628.563         (73.271, 67.895, 64.122)         (77.9453, 64.076, 40.8973)
                                                                                    (72.157, 49.48, 56.306)

             10          A 144          A 156             13        497.673         (72.157, 49.48, 56.306)
                                                                                    (76.858, 36.469, 39.905)

             11          A 156          A 168             13        508.184         (76.858, 36.469, 39.905)         (60.2364, 34.1097, 47.2836)
                                                                                    (80.363, 39.055, 64.829)

             12          A 168          A 186             19         733.75         (80.363, 39.055, 64.829)
                                                                                    (66.084, 22.701, 48.69)

             13          A 186          A 202             17        662.588         (66.084, 22.701, 48.69)         (83.9505, 31.8325, 44.6846)
                                                                                    (89.927, 54.739, 63.562)

             14          A 202          A 218             17        680.228         (89.927, 54.739, 63.562)         (82.8651, 42.8492, 80.1223)
                                                                                    (103.808, 48.117, 68.103)

