Using structure file: /home/pkas7/Research/SCOP/pdbstyle-1.75B/tr/d1trba2.ent
Number of residues: 126
Doing a BEZIER segmentation ...

Bounding box volume: 32527
Null Model Fit: 5610.84 bits.
Bits per residue: 44.8867

Bezier model fit: 5148.47 bits.
Bits per residue: 41.1878

# of segments: 11
Internal segmentation:
0-->18-->26-->35-->49-->58-->64-->78-->95-->108-->109-->125

CPU time used: 6.91 secs.
Wall clock time elapsed: 6 secs.

        SEGMENT          START            END   NUM_RESIDUES MESSAGE_LENGTH                    END_POINTS        INTERMEDIATE_CONTROL_POINTS
              1          A 119          A 137             19        754.741         (42.507, 23.269, -17.186)         (34.1708, 4.20948, -17.2983)
                                                                                    (34.075, 27.571, -0.063)

              2          A 137          A 145              9        339.048         (34.075, 27.571, -0.063)
                                                                                    (40.969, 16.153, 7.464)

              3          A 145          A 154             10         373.34         (40.969, 16.153, 7.464)         (47.1603, 17.1649, -9.87395)
                                                                                    (46.71, 34.351, -8.742)

              4          A 154          A 168             15        577.746         (46.71, 34.351, -8.742)
                                                                                    (42.111, 19.853, 5.093)

              5          A 168          A 177             10        367.009         (42.111, 19.853, 5.093)
                                                                                    (55.662, 29.687, -12.255)

              6          A 177          A 183              7        256.075         (55.662, 29.687, -12.255)
                                                                                    (48.032, 40.418, -2.884)

              7          A 183          A 197             15        573.431         (48.032, 40.418, -2.884)
                                                                                    (52.157, 24.34, 8.831)

              8          A 197          A 214             18        689.915         (52.157, 24.34, 8.831)         (61.8546, 27.1051, -23.7743)
                                                                                    (35.197, 4.601, -9.544)

              9          A 214          A 227             14        530.251         (35.197, 4.601, -9.544)
                                                                                    (65.414, 22.949, -16.012)

             10          A 227          A 228              2        47.9238         (65.414, 22.949, -16.012)
                                                                                    (64.319, 19.237, -15.718)

             11          A 228          A 244             17        638.989         (64.319, 19.237, -15.718)         (39.6293, 2.08771, 4.22759)
                                                                                    (40.186, 32.331, -12.325)

