Using structure file: /home/pkas7/Research/SCOP/pdbstyle-1.75B/tu/d1tuaa1.ent
Number of residues: 84
Doing a BEZIER segmentation ...

Bounding box volume: 19393.7
Null Model Fit: 3663.67 bits.
Bits per residue: 44.1407

Bezier model fit: 3408.05 bits.
Bits per residue: 41.0609

# of segments: 6
Internal segmentation:
0-->10-->31-->40-->53-->55-->83

CPU time used: 4.11 secs.
Wall clock time elapsed: 4 secs.

        SEGMENT          START            END   NUM_RESIDUES MESSAGE_LENGTH                    END_POINTS        INTERMEDIATE_CONTROL_POINTS
              1            A 1           A 11             11        412.907         (50.452, 12.547, 77.045)         (42.9852, 11.0014, 61.2558)
                                                                                    (56.431, 11.248, 49.762)

              2           A 11           A 32             22        855.707         (56.431, 11.248, 49.762)         (57.3113, 33.5356, 50.9159)
                                                                                    (42.693, 25.034, 64.052)

              3           A 32           A 41             10        370.029         (42.693, 25.034, 64.052)
                                                                                    (62.649, 11.033, 56.415)

              4           A 41           A 54             14        539.432         (62.649, 11.033, 56.415)
                                                                                    (41.409, 22.447, 71.88)

              5           A 54           A 56              3        92.3184         (41.409, 22.447, 71.88)
                                                                                    (38.744, 16.927, 69.033)

              6           A 56           A 84             29        1137.66         (38.744, 16.927, 69.033)         (56.2899, 15.8851, 36.4938)
                                                                                    (31.233, 22.456, 59.296)

