Using structure file: /home/pkas7/Research/SCOP/pdbstyle-1.75B/tx/d1txda2.ent
Number of residues: 100
Doing a BEZIER segmentation ...

Bounding box volume: 31824.9
Null Model Fit: 4440.67 bits.
Bits per residue: 44.8552

Bezier model fit: 4067.86 bits.
Bits per residue: 41.0895

# of segments: 9
Internal segmentation:
0-->13-->25-->34-->42-->59-->60-->70-->82-->99

CPU time used: 5.34 secs.
Wall clock time elapsed: 5 secs.

        SEGMENT          START            END   NUM_RESIDUES MESSAGE_LENGTH                    END_POINTS        INTERMEDIATE_CONTROL_POINTS
              1         A 1020         A 1033             14        545.826         (13.637, 37.139, 31.732)
                                                                                    (-6.86, 61.722, 32.627)

              2         A 1033         A 1045             13        487.172         (-6.86, 61.722, 32.627)         (15.3617, 49.6456, 26.3729)
                                                                                    (7.416, 34.521, 38.137)

              3         A 1045         A 1054             10        367.221         (7.416, 34.521, 38.137)         (3.73317, 51.4365, 35.442)
                                                                                    (16.939, 59.233, 31.914)

              4         A 1054         A 1075              9        332.753         (16.939, 59.233, 31.914)
                                                                                    (-1.374, 50.804, 47.198)

              5         A 1075         A 1092             18        716.995         (-1.374, 50.804, 47.198)         (7.23079, 23.8981, 38.8417)
                                                                                    (-13.364, 49.014, 24.113)

              6         A 1092         A 1094              2        47.8923         (-13.364, 49.014, 24.113)
                                                                                    (-8.06, 49.592, 22.908)

              7         A 1094         A 1104             11        405.158         (-8.06, 49.592, 22.908)
                                                                                    (-7.107, 37.304, 49.699)

              8         A 1104         A 1116             13        488.266         (-7.107, 37.304, 49.699)         (-6.49069, 52.2699, 37.1267)
                                                                                    (0.375, 47.361, 18.198)

              9         A 1116         A 1133             18         676.58         (0.375, 47.361, 18.198)
                                                                                    (3.332, 27.508, 34.731)

