Using structure file: /home/pkas7/Research/SCOP/pdbstyle-1.75B/tx/d1txka2.ent
Number of residues: 370
Doing a BEZIER segmentation ...

Bounding box volume: 116214
Null Model Fit: 17241.1 bits.
Bits per residue: 46.7238

Bezier model fit: 15214.8 bits.
Bits per residue: 41.2325

# of segments: 29
Internal segmentation:
0-->15-->31-->48-->61-->74-->84-->96-->115-->127-->136-->153-->173-->185-->186-->199-->212-->221-->232-->240-->256-->269-->284-->298-->314-->331-->332-->349-->361-->369

CPU time used: 23.75 secs.
Wall clock time elapsed: 23 secs.

        SEGMENT          START            END   NUM_RESIDUES MESSAGE_LENGTH                    END_POINTS        INTERMEDIATE_CONTROL_POINTS
              1           A 23           A 38             16        617.146         (-12.014, -4.913, -105.228)
                                                                                    (-15.327, -28.37, -108.936)

              2           A 38           A 58             17        666.181         (-15.327, -28.37, -108.936)         (9.17316, -34.7715, -92.8932)
                                                                                    (11.354, -25.101, -80.608)

              3           A 58           A 75             18        704.888         (11.354, -25.101, -80.608)
                                                                                    (0.823, 6.567, -91.474)

              4           A 75           A 88             14         532.75         (0.823, 6.567, -91.474)
                                                                                    (-0.129, -28.708, -87.03)

              5           A 88          A 101             14        517.357         (-0.129, -28.708, -87.03)
                                                                                    (-4.426, 0.934, -107.258)

              6          A 101          A 111             11         411.33         (-4.426, 0.934, -107.258)         (1.02375, -18.1984, -101.422)
                                                                                    (13.254, -12.339, -92.415)

              7          A 111          A 123             13        515.511         (13.254, -12.339, -92.415)         (16.4808, -22.6482, -74.5486)
                                                                                    (16.418, -23.251, -98.885)

              8          A 123          A 142             20        792.462         (16.418, -23.251, -98.885)         (-9.94192, -18.4603, -90.5738)
                                                                                    (-1.166, 5.67, -78.157)

              9          A 142          A 154             13        493.817         (-1.166, 5.67, -78.157)
                                                                                    (-9.167, -23.395, -89.968)

             10          A 154          A 163             10        372.872         (-9.167, -23.395, -89.968)
                                                                                    (-8.322, -3.617, -71.73)

             11          A 163          A 180             18        724.534         (-8.322, -3.617, -71.73)         (-17.2375, -20.4422, -92.8709)
                                                                                    (-21.561, -38.761, -84.901)

             12          A 180          A 200             21        797.411         (-21.561, -38.761, -84.901)         (-0.0849079, -12.2849, -105.267)
                                                                                    (-9.266, 5.388, -90.901)

             13          A 200          A 212             13        473.893         (-9.266, 5.388, -90.901)
                                                                                    (-14.806, -30.338, -98.549)

             14          A 212          A 213              2        49.7608         (-14.806, -30.338, -98.549)
                                                                                    (-18.495, -29.583, -99.039)

             15          A 213          A 226             14        505.545         (-18.495, -29.583, -99.039)         (-13.6322, -2.46192, -101.163)
                                                                                    (-13.883, -0.25, -75.692)

             16          A 226          A 239             14        519.197         (-13.883, -0.25, -75.692)         (-22.8243, -6.99417, -96.0549)
                                                                                    (-20.271, -27.901, -103.029)

             17          A 239          A 248             10        377.691         (-20.271, -27.901, -103.029)         (-29.9425, -37.4549, -90.1031)
                                                                                    (-21.701, -17.129, -87.078)

             18          A 248          A 259             12        457.948         (-21.701, -17.129, -87.078)         (-6.93071, -25.7416, -67.6658)
                                                                                    (-23.002, -23.931, -60.783)

             19          A 259          A 267              9        350.523         (-23.002, -23.931, -60.783)         (-10.5006, -37.2414, -57.3285)
                                                                                    (-7.656, -21.645, -55.103)

             20          A 267          A 283             17         659.54         (-7.656, -21.645, -55.103)         (-17.0433, -18.4997, -74.3852)
                                                                                    (-40.286, -13.6, -80.265)

             21          A 283          A 296             14        526.964         (-40.286, -13.6, -80.265)         (-22.2805, -16.1688, -62.2099)
                                                                                    (-20.952, -36.609, -71.874)

             22          A 296          A 311             16         622.54         (-20.952, -36.609, -71.874)         (-47.3051, -15.2939, -91.3834)
                                                                                    (-23.692, -14.824, -77.764)

             23          A 311          A 325             15        599.936         (-23.692, -14.824, -77.764)         (-17.9532, -10.3632, -52.0911)
                                                                                    (-3.123, -13.36, -62.19)

             24          A 325          A 341             17        641.653         (-3.123, -13.36, -62.19)
                                                                                    (-32.152, -9.295, -91.347)

             25          A 341          A 358             18        703.732         (-32.152, -9.295, -91.347)         (-32.6798, -37.0298, -79.2079)
                                                                                    (-8.783, -25.593, -69.596)

             26          A 358          A 359              2        49.7608         (-8.783, -25.593, -69.596)
                                                                                    (-6.275, -26.055, -72.429)

             27          A 359          A 376             18        703.368         (-6.275, -26.055, -72.429)         (-40.9784, -22.5173, -83.8352)
                                                                                    (-24.227, -24.158, -105.726)

             28          A 376          A 388             13        477.385         (-24.227, -24.158, -105.726)         (-28.1853, -7.74468, -93.9701)
                                                                                    (-17.232, -6.655, -74.969)

             29          A 388          A 396              9        349.094         (-17.232, -6.655, -74.969)
                                                                                    (-32.192, -5.026, -72.704)

