Using structure file: /home/pkas7/Research/SCOP/pdbstyle-1.75B/u0/d1u0ka2.ent
Number of residues: 153
Doing a BEZIER segmentation ...

Bounding box volume: 62754.5
Null Model Fit: 6966.89 bits.
Bits per residue: 45.8348

Bezier model fit: 6277.73 bits.
Bits per residue: 41.3008

# of segments: 13
Internal segmentation:
0-->13-->30-->40-->60-->70-->79-->89-->103-->107-->120-->132-->133-->152

CPU time used: 8.75 secs.
Wall clock time elapsed: 8 secs.

        SEGMENT          START            END   NUM_RESIDUES MESSAGE_LENGTH                    END_POINTS        INTERMEDIATE_CONTROL_POINTS
              1          A 131          A 144             14         543.35         (15.785, -12.544, -3.947)
                                                                                    (24.882, 2.964, -0.189)

              2          A 144          A 161             18        712.292         (24.882, 2.964, -0.189)         (25.8881, -12.0897, -22.7239)
                                                                                    (22.796, -22.507, 11.343)

              3          A 161          A 171             11        415.797         (22.796, -22.507, 11.343)         (18.7375, -10.3002, -2.41803)
                                                                                    (35.819, -5.073, -4.55)

              4          A 171          A 191             21        828.437         (35.819, -5.073, -4.55)         (15.5462, 9.26656, 10.871)
                                                                                    (14.288, -16.058, 5.902)

              5          A 191          A 201             11        421.965         (14.288, -16.058, 5.902)         (27.437, -5.08531, 9.12122)
                                                                                    (36.981, -12.787, -6.575)

              6          A 201          A 210             10         370.13         (36.981, -12.787, -6.575)
                                                                                    (21.79, -5.402, 12.822)

              7          A 210          A 220             11         428.51         (21.79, -5.402, 12.822)         (35.9188, 3.96105, 13.4437)
                                                                                    (32.853, -17.877, 11.53)

              8          A 220          A 234             15        569.066         (32.853, -17.877, 11.53)
                                                                                    (32.238, -22.873, -9.287)

              9          A 234          A 238              5        183.884         (32.238, -22.873, -9.287)
                                                                                    (35.855, -28.68, -3.702)

             10          A 238          A 251             14        537.871         (35.855, -28.68, -3.702)
                                                                                    (42.643, -2.543, 10.923)

             11          A 251          A 263             13        480.547         (42.643, -2.543, 10.923)         (42.7696, -22.8639, 5.23082)
                                                                                    (29.872, -34.764, 1.232)

             12          A 263          A 264              2        48.8719         (29.872, -34.764, 1.232)
                                                                                    (28.93, -31.075, 1.232)

             13          A 264          A 283             20        737.008         (28.93, -31.075, 1.232)         (59.2702, -10.9796, 23.2986)
                                                                                    (28.78, -13.551, 44.18)

