Using structure file: /home/pkas7/Research/SCOP/pdbstyle-1.75B/u1/d1u1ia1.ent
Number of residues: 287
Doing a BEZIER segmentation ...

Bounding box volume: 80431.9
Null Model Fit: 13211.2 bits.
Bits per residue: 46.1928

Bezier model fit: 11855.1 bits.
Bits per residue: 41.4515

# of segments: 18
Internal segmentation:
0-->25-->31-->51-->62-->84-->101-->120-->139-->156-->171-->198-->216-->226-->227-->248-->261-->270-->286

CPU time used: 17.37 secs.
Wall clock time elapsed: 17 secs.

        SEGMENT          START            END   NUM_RESIDUES MESSAGE_LENGTH                    END_POINTS        INTERMEDIATE_CONTROL_POINTS
              1            A 1           A 26             26        1037.95         (10.409, -38.893, -17.056)         (23.5555, -18.3601, 3.78384)
                                                                                    (-4.05, -37.406, -7.084)

              2           A 26           A 32              7         263.05         (-4.05, -37.406, -7.084)
                                                                                    (-0.255, -23.199, -11.658)

              3           A 32           A 52             21        831.131         (-0.255, -23.199, -11.658)         (-7.27501, -31.9283, -38.7564)
                                                                                    (11.901, -39.315, -11.368)

              4           A 52           A 63             12        466.375         (11.901, -39.315, -11.368)         (34.6448, -23.489, 0.550958)
                                                                                    (17.48, -36.891, 1.932)

              5           A 63           A 85             23        905.401         (17.48, -36.891, 1.932)         (3.63874, -12.4792, 9.13338)
                                                                                    (1.597, -37.936, 1.931)

              6           A 85          A 102             18        688.294         (1.597, -37.936, 1.931)         (19.5178, -48.516, -1.59098)
                                                                                    (33.501, -19.844, -7.744)

              7          A 102          A 121             20        807.525         (33.501, -19.844, -7.744)         (25.5453, -25.2937, 14.0588)
                                                                                    (39.926, -32.851, -6.837)

              8          A 121          A 140             20        781.364         (39.926, -32.851, -6.837)
                                                                                    (16.654, -41.161, -22.894)

              9          A 140          A 157             18        686.395         (16.654, -41.161, -22.894)         (16.0317, -13.2308, 3.57905)
                                                                                    (37.359, -14.639, -20.605)

             10          A 157          A 172             16        630.738         (37.359, -14.639, -20.605)         (32.5756, -23.8001, -32.398)
                                                                                    (42.998, -30.128, -18.188)

             11          A 172          A 199             28         1110.3         (42.998, -30.128, -18.188)         (29.7273, -0.328099, 3.47306)
                                                                                    (16.462, -21.077, -13.488)         (26.5926, -57.6711, -40.012)

             12          A 199          A 217             19        751.212         (16.462, -21.077, -13.488)         (35.1151, -14.7722, -25.8507)
                                                                                    (25.59, -32.396, -29.69)

             13          A 217          A 227             11        419.272         (25.59, -32.396, -29.69)
                                                                                    (10.546, -14.784, -13.864)

             14          A 227          A 333              2        49.2299         (10.546, -14.784, -13.864)
                                                                                    (9.034, -21.348, -4.021)

             15          A 333          A 354             22        836.371         (9.034, -21.348, -4.021)
                                                                                    (14.402, -32.435, -33.127)

             16          A 354          A 367             14        557.479         (14.402, -32.435, -33.127)
                                                                                    (13.975, -12.594, -16.784)

             17          A 367          A 376             10        386.355         (13.975, -12.594, -16.784)         (23.8462, -16.3179, -33.2886)
                                                                                    (6.82, -8.389, -22.968)

             18          A 376          A 392             17        646.683         (6.82, -8.389, -22.968)
                                                                                    (3.049, -29.853, -32.602)

