Using structure file: /home/pkas7/Research/SCOP/pdbstyle-1.75B/u6/d1u6ea2.ent
Number of residues: 148
Doing a BEZIER segmentation ...

Bounding box volume: 47124.8
Null Model Fit: 6676.97 bits.
Bits per residue: 45.4216

Bezier model fit: 6075.96 bits.
Bits per residue: 41.3331

# of segments: 10
Internal segmentation:
0-->14-->29-->37-->59-->75-->76-->101-->120-->136-->147

CPU time used: 8.58 secs.
Wall clock time elapsed: 8 secs.

        SEGMENT          START            END   NUM_RESIDUES MESSAGE_LENGTH                    END_POINTS        INTERMEDIATE_CONTROL_POINTS
              1          A 175          A 189             15        578.285         (16.908, 12.809, 17.978)         (-6.8165, 8.50655, -3.58324)
                                                                                    (10.31, 13.304, -9.257)

              2          A 189         A 202B             16        630.187         (10.31, 13.304, -9.257)         (12.4117, -11.1226, -22.037)
                                                                                    (13.072, 3.414, -28.704)

              3         A 202B          A 208              9        326.677         (13.072, 3.414, -28.704)         (19.7625, 8.15648, -14.9452)
                                                                                    (8.053, 18.716, -11.89)

              4          A 208          A 230             23        874.079         (8.053, 18.716, -11.89)         (5.5606, 28.9902, 5.34572)
                                                                                    (10.455, 15.319, 19.357)

              5          A 230          A 246             17         675.44         (10.455, 15.319, 19.357)         (24.6009, 33.0987, 25.1095)
                                                                                    (17.302, 20.825, -3.507)

              6          A 246          A 247              2        48.4586         (17.302, 20.825, -3.507)
                                                                                    (17.022, 24.534, -4.317)

              7          A 247          A 271             26        1027.93         (17.022, 24.534, -4.317)         (8.26449, 37.3185, 27.504)
                                                                                    (29.1, 24.132, -5.76)

              8          A 271          A 290             20        790.402         (29.1, 24.132, -5.76)         (15.9867, 4.95782, 3.5905)
                                                                                    (34.813, 25.779, 6.713)

              9          A 290          A 306             17        662.203         (34.813, 25.779, 6.713)         (24.3118, 22.6774, 29.675)
                                                                                    (11.173, 11.727, -4.489)

             10          A 306          A 317             12        462.302         (11.173, 11.727, -4.489)         (5.85133, 12.7281, 12.2961)
                                                                                    (27.404, 17.694, 14.807)

