Using structure file: /home/pkas7/Research/SCOP/pdbstyle-1.75B/u7/d1u7ia_.ent
Number of residues: 134
Doing a BEZIER segmentation ...

Bounding box volume: 41822.4
Null Model Fit: 6018.16 bits.
Bits per residue: 45.2493

Bezier model fit: 5501.03 bits.
Bits per residue: 41.3612

# of segments: 10
Internal segmentation:
0-->1-->13-->28-->40-->58-->76-->86-->111-->123-->133

CPU time used: 7.69 secs.
Wall clock time elapsed: 7 secs.

        SEGMENT          START            END   NUM_RESIDUES MESSAGE_LENGTH                    END_POINTS        INTERMEDIATE_CONTROL_POINTS
              1            A 0            A 1              2        48.2864         (1.241, 24.694, 47.589)
                                                                                    (3.179, 21.957, 49.357)

              2            A 1           A 13             13        486.066         (3.179, 21.957, 49.357)         (22.2677, 22.8822, 41.4193)
                                                                                    (25.324, 8.3, 25.784)

              3           A 13           A 28             16        619.708         (25.324, 8.3, 25.784)
                                                                                    (37.05, 19.679, 48.044)

              4           A 28           A 40             13        490.934         (37.05, 19.679, 48.044)         (20.7326, 9.51581, 47.8748)
                                                                                    (22.282, -6.361, 32.088)

              5           A 40           A 58             19        758.958         (22.282, -6.361, 32.088)
                                                                                    (25.933, 22.135, 49.866)

              6           A 58           A 76             19        731.087         (25.933, 22.135, 49.866)         (14.4003, -5.26605, 13.5907)
                                                                                    (24.385, 28.641, 28.264)

              7           A 76           A 86             11        426.107         (24.385, 28.641, 28.264)         (21.4548, 26.4647, 41.3507)
                                                                                    (40.075, 33.457, 45.762)

              8           A 86          A 111             26        1028.11         (40.075, 33.457, 45.762)         (40.5841, 10.351, 19.3499)
                                                                                    (33.859, 45.266, 35.489)

              9          A 111          A 123             13        501.512         (33.859, 45.266, 35.489)
                                                                                    (30.795, 17.675, 28.517)

             10          A 123          A 133             11        410.262         (30.795, 17.675, 28.517)
                                                                                    (33.033, 41.989, 44.226)

