Using structure file: /home/pkas7/Research/SCOP/pdbstyle-1.75B/u9/d1u9ya1.ent
Number of residues: 155
Doing a BEZIER segmentation ...

Bounding box volume: 97985.1
Null Model Fit: 7157.55 bits.
Bits per residue: 46.4776

Bezier model fit: 6354.95 bits.
Bits per residue: 41.2659

# of segments: 10
Internal segmentation:
0-->20-->32-->46-->57-->75-->97-->115-->116-->133-->154

CPU time used: 9.02 secs.
Wall clock time elapsed: 9 secs.

        SEGMENT          START            END   NUM_RESIDUES MESSAGE_LENGTH                    END_POINTS        INTERMEDIATE_CONTROL_POINTS
              1            A 1           A 21             21        833.852         (-18.767, 20.121, 31.834)         (-7.20639, 48.7265, 29.9586)
                                                                                    (-19.541, 22.53, 21.891)

              2           A 21           A 33             13        489.653         (-19.541, 22.53, 21.891)         (-24.8676, 33.4486, 35.0847)
                                                                                    (-19.977, 50.968, 45.249)

              3           A 33           A 47             15        586.664         (-19.977, 50.968, 45.249)
                                                                                    (-23.917, 19.213, 35.635)

              4           A 47           A 58             12        450.479         (-23.917, 19.213, 35.635)
                                                                                    (-5.182, 42.006, 37.38)

              5           A 58           A 76             19        722.523         (-5.182, 42.006, 37.38)
                                                                                    (-24.703, 24.745, 44.008)

              6           A 76           A 98             23        922.483         (-24.703, 24.745, 44.008)         (0.0442758, 27.4465, 25.0507)
                                                                                    (16.295, 37.254, 50.657)

              7           A 98          A 116             19        733.124         (16.295, 37.254, 50.657)
                                                                                    (-10.112, 23.532, 43.097)

              8          A 116          A 117              2        49.5147         (-10.112, 23.532, 43.097)
                                                                                    (-9.446, 19.936, 42.066)

              9          A 117          A 134             18        710.724         (-9.446, 19.936, 42.066)         (18.158, 35.7039, 24.8548)
                                                                                    (-1.349, 18.944, 46.165)

             10          A 134          A 155             22        855.935         (-1.349, 18.944, 46.165)         (-1.55257, 29.83, 12.8844)
                                                                                    (11.902, 33.914, 5.08)

