Using structure file: /home/pkas7/Research/SCOP/pdbstyle-1.75B/uf/d1uf2c1.ent
Number of residues: 262
Doing a BEZIER segmentation ...

Bounding box volume: 103773
Null Model Fit: 12152.3 bits.
Bits per residue: 46.5604

Bezier model fit: 10705.3 bits.
Bits per residue: 41.0165

# of segments: 17
Internal segmentation:
0-->1-->24-->32-->47-->49-->67-->91-->115-->133-->156-->180-->202-->218-->232-->233-->257-->261

CPU time used: 15.93 secs.
Wall clock time elapsed: 15 secs.

        SEGMENT          START            END   NUM_RESIDUES MESSAGE_LENGTH                    END_POINTS        INTERMEDIATE_CONTROL_POINTS
              1            C 1            C 2              2        49.5975         (202.741, -237.532, -40.34)
                                                                                    (205.065, -235.139, -38.543)

              2            C 2           C 25             24        902.197         (205.065, -235.139, -38.543)
                                                                                    (200.982, -261.215, -12.385)

              3           C 25           C 33              9        348.228         (200.982, -261.215, -12.385)         (184.263, -259.726, -6.2836)
                                                                                    (195.252, -251.114, -9.324)

              4           C 33           C 48             16        605.011         (195.252, -251.114, -9.324)
                                                                                    (189.157, -243.893, -32.075)

              5           C 48           C 56              3        97.1579         (189.157, -243.893, -32.075)
                                                                                    (190.48, -257.254, -25.847)

              6           C 56           C 74             19         722.23         (190.48, -257.254, -25.847)
                                                                                    (204.887, -250.42, -49.493)

              7           C 74           C 98             25        1007.06         (204.887, -250.42, -49.493)         (222.087, -219.635, -41.3602)
                                                                                    (194.505, -244.987, -43.412)

              8           C 98          C 122             25        978.581         (194.505, -244.987, -43.412)         (200.073, -228.415, -21.4902)
                                                                                    (219.24, -233.887, -13.469)

              9          C 122          C 140             19        758.581         (219.24, -233.887, -13.469)         (213.851, -256.397, -19.8684)
                                                                                    (217.118, -237.103, -34.357)

             10          C 140          C 316             24        975.127         (217.118, -237.103, -34.357)         (224.831, -230.715, -11.0327)
                                                                                    (236.597, -243.884, -43.235)

             11          C 316          C 340             25        965.207         (236.597, -243.884, -43.235)         (209.229, -256.47, -17.7202)
                                                                                    (207.47, -267.079, -42.657)

             12          C 340          C 362             23        871.029         (207.47, -267.079, -42.657)
                                                                                    (221.615, -235.682, -55.822)

             13          C 362          C 378             17        676.682         (221.615, -235.682, -55.822)         (228.803, -257.888, -57.9298)
                                                                                    (222.191, -256.154, -38.281)

             14          C 378          C 392             15        580.269         (222.191, -256.154, -38.281)
                                                                                    (229.376, -239.495, -51.232)

             15          C 392          C 393              2        49.5975         (229.376, -239.495, -51.232)
                                                                                    (229.822, -236.485, -48.947)

             16          C 393          C 417             25        936.266         (229.822, -236.485, -48.947)         (218.069, -242.173, -35.9859)
                                                                                    (202.15, -257.394, -32.238)

             17          C 417          C 421              5        182.484         (202.15, -257.394, -32.238)
                                                                                    (196.81, -264.443, -41.181)

