Using structure file: /home/pkas7/Research/SCOP/pdbstyle-1.75B/uh/d1uhua_.ent
Number of residues: 105
Doing a BEZIER segmentation ...

Bounding box volume: 40171.5
Null Model Fit: 4699.89 bits.
Bits per residue: 45.1912

Bezier model fit: 4312.41 bits.
Bits per residue: 41.4655

# of segments: 8
Internal segmentation:
0-->8-->26-->48-->57-->72-->78-->103-->104

CPU time used: 5.47 secs.
Wall clock time elapsed: 5 secs.

        SEGMENT          START            END   NUM_RESIDUES MESSAGE_LENGTH                    END_POINTS        INTERMEDIATE_CONTROL_POINTS
              1            A 0            A 8              9        343.877         (-5.388, -17.65, -11.255)         (-10.8363, -2.46534, -21.9003)
                                                                                    (-5.076, -0.79, -6.55)

              2            A 8           A 26             19        729.625         (-5.076, -0.79, -6.55)         (-15.8308, 9.0474, 2.60059)
                                                                                    (-2.008, -0.28, 13.54)

              3           A 26           A 48             23        912.389         (-2.008, -0.28, 13.54)         (-1.22581, 22.3557, -9.57945)
                                                                                    (12.369, -3.215, -7.24)

              4           A 48           A 57             10        387.911         (12.369, -3.215, -7.24)         (-4.55572, 7.45025, -13.6829)
                                                                                    (1.681, -8.435, -4.278)

              5           A 57           A 72             16        605.956         (1.681, -8.435, -4.278)
                                                                                    (20.296, 4.452, 7.774)

              6           A 72           A 78              7        261.247         (20.296, 4.452, 7.774)
                                                                                    (6.807, 8.169, 6.877)

              7           A 78          A 103             26        1023.18         (6.807, 8.169, 6.877)
                                                                                    (-17.949, -21.877, -3.59)

              8          A 103          A 104              2        48.2283         (-17.949, -21.877, -3.59)
                                                                                    (-18.685, -22.778, 0.011)

