Using structure file: /home/pkas7/Research/SCOP/pdbstyle-1.75B/ui/d1uita_.ent
Number of residues: 117
Doing a BEZIER segmentation ...

Bounding box volume: 64443.1
Null Model Fit: 5321.28 bits.
Bits per residue: 45.8731

Bezier model fit: 4781.92 bits.
Bits per residue: 41.2234

# of segments: 9
Internal segmentation:
0-->11-->13-->28-->40-->57-->70-->90-->100-->116

CPU time used: 6.3 secs.
Wall clock time elapsed: 6 secs.

        SEGMENT          START            END   NUM_RESIDUES MESSAGE_LENGTH                    END_POINTS        INTERMEDIATE_CONTROL_POINTS
              1            A 1           A 12             12        445.634         (-33.686, -0.872, -19.933)         (-22.0497, -1.21417, -5.4731)
                                                                                    (-11.329, -18.82, 0.449)

              2           A 12           A 14              3        95.7833         (-11.329, -18.82, 0.449)
                                                                                    (-5.314, -15.734, -0.715)

              3           A 14           A 29             16        608.164         (-5.314, -15.734, -0.715)
                                                                                    (-9.963, 24.295, 4.124)

              4           A 29           A 41             13        485.982         (-9.963, 24.295, 4.124)         (10.0997, 14.6362, 1.02022)
                                                                                    (4.929, 1.752, -15.888)

              5           A 41           A 58             18        719.214         (4.929, 1.752, -15.888)         (7.01707, 22.0437, 13.1147)
                                                                                    (-5.063, 11.256, 8.625)

              6           A 58           A 71             14        548.397         (-5.063, 11.256, 8.625)         (10.8318, -0.199378, -3.82736)
                                                                                    (-12.844, 8.626, -6.168)

              7           A 71           A 91             21        823.677         (-12.844, 8.626, -6.168)         (12.2081, 13.6108, -20.4263)
                                                                                    (-13.064, 20.215, 3.612)

              8           A 91          A 101             11        398.562         (-13.064, 20.215, 3.612)         (-10.3759, 2.91479, -1.73083)
                                                                                    (5.054, -5.19, -0.044)

              9          A 101          A 117             17        656.504         (5.054, -5.19, -0.044)         (30.1232, 14.3692, -3.51382)
                                                                                    (13.531, 30.906, -8.138)

