Using structure file: /home/pkas7/Research/SCOP/pdbstyle-1.75B/ui/d1uira_.ent
Number of residues: 309
Doing a BEZIER segmentation ...

Bounding box volume: 98035.5
Null Model Fit: 14315.3 bits.
Bits per residue: 46.4784

Bezier model fit: 12797.4 bits.
Bits per residue: 41.5501

# of segments: 24
Internal segmentation:
0-->11-->13-->30-->40-->49-->57-->75-->87-->109-->132-->148-->163-->187-->199-->200-->214-->225-->226-->237-->256-->265-->291-->301-->308

CPU time used: 19.33 secs.
Wall clock time elapsed: 19 secs.

        SEGMENT          START            END   NUM_RESIDUES MESSAGE_LENGTH                    END_POINTS        INTERMEDIATE_CONTROL_POINTS
              1            A 1           A 12             12         464.76         (45.309, 43.504, 140.434)         (51.2894, 61.2648, 144.112)
                                                                                    (29.335, 53.434, 131.595)

              2           A 12           A 14              3        96.9938         (29.335, 53.434, 131.595)
                                                                                    (27.797, 49.894, 135.283)

              3           A 14           A 31             18        682.868         (27.797, 49.894, 135.283)         (68.2644, 51.3881, 139.238)
                                                                                    (38.528, 76.926, 134.275)

              4           A 31           A 41             11        414.161         (38.528, 76.926, 134.275)
                                                                                    (53.074, 50.69, 131.349)

              5           A 41           A 50             10        390.827         (53.074, 50.69, 131.349)
                                                                                    (37.352, 65.152, 134.067)

              6           A 50           A 58              9        345.493         (37.352, 65.152, 134.067)
                                                                                    (50.618, 54.561, 122.25)

              7           A 58           A 76             19        726.669         (50.618, 54.561, 122.25)         (36.4007, 59.786, 112.187)
                                                                                    (40.028, 65.565, 95.971)

              8           A 76           A 88             13        510.808         (40.028, 65.565, 95.971)         (36.6748, 80.0457, 111.571)
                                                                                    (46.46, 67.578, 122.012)

              9           A 88          A 110             23        908.354         (46.46, 67.578, 122.012)         (51.4184, 68.304, 84.1244)
                                                                                    (40.702, 75.705, 126.78)

             10          A 110          A 133             24        945.604         (40.702, 75.705, 126.78)         (61.9874, 59.3844, 130.254)
                                                                                    (50.387, 76.508, 107.972)

             11          A 133          A 149             17        674.715         (50.387, 76.508, 107.972)         (27.4917, 80.0049, 132.28)
                                                                                    (33.371, 84.248, 107.477)

             12          A 149          A 164             16        624.947         (33.371, 84.248, 107.477)         (43.6505, 60.583, 104.83)
                                                                                    (25.4, 65.882, 131.423)

             13          A 164          A 188             25        1000.69         (25.4, 65.882, 131.423)         (22.395, 80.2877, 116.728)
                                                                                    (32.561, 70.291, 97.491)

             14          A 188          A 200             13        482.762         (32.561, 70.291, 97.491)         (37.7193, 64.5957, 120.904)
                                                                                    (24.29, 48.373, 122.446)

             15          A 200          A 204              2        49.5154         (24.29, 48.373, 122.446)
                                                                                    (22.116, 56.102, 121.613)

             16          A 204          A 218             15        585.835         (22.116, 56.102, 121.613)
                                                                                    (22.395, 65.578, 102.394)

             17          A 218          A 229             12        438.772         (22.395, 65.578, 102.394)         (33.1097, 47.9779, 110.29)
                                                                                    (43.189, 52.765, 124.685)

             18          A 229          A 230              2        49.5154         (43.189, 52.765, 124.685)
                                                                                    (39.482, 53.559, 125.209)

             19          A 230          A 241             12        450.211         (39.482, 53.559, 125.209)
                                                                                    (26.054, 68.164, 100.54)

             20          A 241          A 260             20        782.723         (26.054, 68.164, 100.54)         (39.1665, 43.2033, 91.7779)
                                                                                    (50.111, 62.525, 98.96)

             21          A 260          A 269             10        384.827         (50.111, 62.525, 98.96)         (53.8962, 52.4786, 117.816)
                                                                                    (42.91, 52.111, 101.645)

             22          A 269          A 295             27        1062.66         (42.91, 52.111, 101.645)         (14.3302, 33.8538, 112.741)
                                                                                    (19.333, 74.82, 119.927)

             23          A 295          A 305             11        419.633         (19.333, 74.82, 119.927)
                                                                                    (23.525, 56.793, 129.33)

             24          A 305          A 312              8          304.1         (23.525, 56.793, 129.33)         (11.0742, 64.4892, 122.945)
                                                                                    (19.684, 74.471, 127.707)

