Using structure file: /home/pkas7/Research/SCOP/pdbstyle-1.75B/uo/d1uoka1.ent
Number of residues: 79
Doing a BEZIER segmentation ...

Bounding box volume: 17071.1
Null Model Fit: 3428.62 bits.
Bits per residue: 43.9566

Bezier model fit: 3217.86 bits.
Bits per residue: 41.2547

# of segments: 8
Internal segmentation:
0-->11-->20-->32-->42-->54-->56-->69-->78

CPU time used: 3.99 secs.
Wall clock time elapsed: 3 secs.

        SEGMENT          START            END   NUM_RESIDUES MESSAGE_LENGTH                    END_POINTS        INTERMEDIATE_CONTROL_POINTS
              1          A 480          A 491             12        466.666         (48.593, 56.424, -7.118)         (65.7216, 46.2962, -19.5155)
                                                                                    (72.813, 51.406, -6.845)

              2          A 491          A 500             10        362.599         (72.813, 51.406, -6.845)         (57.7738, 54.5607, -7.64831)
                                                                                    (45.726, 61.782, -12.357)

              3          A 500          A 512             13        478.903         (45.726, 61.782, -12.357)
                                                                                    (77.698, 54.498, 0.679)

              4          A 512          A 522             11        412.258         (77.698, 54.498, 0.679)         (74.9624, 63.1696, -14.5806)
                                                                                    (60.157, 58.94, -21.157)

              5          A 522          A 534             13        498.368         (60.157, 58.94, -21.157)         (51.0809, 79.2197, -10.541)
                                                                                    (67.535, 63.646, 3.763)

              6          A 534          A 536              3        91.9503         (67.535, 63.646, 3.763)
                                                                                    (70.553, 69.67, 1.848)

              7          A 536          A 549             14        540.052         (70.553, 69.67, 1.848)         (63.8905, 70.9647, -26.1848)
                                                                                    (75.816, 58.304, 0.194)

              8          A 549          A 558             10        367.069         (75.816, 58.304, 0.194)         (61.2704, 60.9457, 0.242513)
                                                                                    (53.342, 68.956, -12.422)

