Using structure file: /home/pkas7/Research/SCOP/pdbstyle-1.75B/ur/d1urja_.ent
Number of residues: 1028
Doing a BEZIER segmentation ...

Bounding box volume: 662353
Null Model Fit: 50563.9 bits.
Bits per residue: 49.2346

Bezier model fit: 42766.5 bits.
Bits per residue: 41.6422

# of segments: 58
Internal segmentation:
0-->19-->35-->50-->67-->82-->110-->118-->135-->139-->157-->173-->174-->190-->198-->220-->243-->272-->274-->300-->324-->353-->364-->387-->404-->423-->452-->464-->488-->502-->512-->530-->549-->577-->579-->604-->632-->638-->659-->672-->685-->704-->733-->753-->773-->795-->823-->838-->856-->872-->890-->905-->928-->946-->974-->991-->992-->1011-->1027

CPU time used: 65.55 secs.
Wall clock time elapsed: 65 secs.

        SEGMENT          START            END   NUM_RESIDUES MESSAGE_LENGTH                    END_POINTS        INTERMEDIATE_CONTROL_POINTS
              1            A 9           A 28             20         780.42         (1.757, 44.436, 50.657)         (8.44143, 20.439, 78.7376)
                                                                                    (6.631, -2.06, 53.767)

              2           A 28           A 44             17        675.149         (6.631, -2.06, 53.767)         (19.9618, 11.8857, 41.7798)
                                                                                    (24.029, 2.629, 63.103)

              3           A 44           A 59             16        645.238         (24.029, 2.629, 63.103)
                                                                                    (0.606, 16.668, 51.77)

              4           A 59           A 81             18        717.095         (0.606, 16.668, 51.77)         (14.5556, 38.1761, 69.0814)
                                                                                    (2.463, 37.148, 78.773)

              5           A 81           A 96             16        609.334         (2.463, 37.148, 78.773)         (14.3371, 33.7842, 47.0836)
                                                                                    (15.844, 9.573, 61.736)

              6           A 96          A 124             29        1166.41         (15.844, 9.573, 61.736)         (29.7453, -11.0243, 51.3789)
                                                                                    (41.421, 17.715, 66.762)

              7          A 124          A 132              9        340.883         (41.421, 17.715, 66.762)         (26.5603, 15.2339, 69.5113)
                                                                                    (26.154, 11.847, 82.936)

              8          A 132          A 149             18        703.299         (26.154, 11.847, 82.936)
                                                                                    (1.774, 2.38, 71.045)

              9          A 149          A 153              5        189.539         (1.774, 2.38, 71.045)
                                                                                    (11.489, -2.777, 66.209)

             10          A 153          A 171             19        750.784         (11.489, -2.777, 66.209)         (11.4376, 33.5853, 54.6792)
                                                                                    (21.68, 21.364, 73.005)

             11          A 171          A 187             17        654.546         (21.68, 21.364, 73.005)         (-8.09529, 20.4357, 81.7237)
                                                                                    (0.921, 7.511, 51.544)

             12          A 187          A 188              2        52.2717         (0.921, 7.511, 51.544)
                                                                                    (-2.24, 6.242, 53.2)

             13          A 188          A 204             17        671.026         (-2.24, 6.242, 53.2)         (12.0993, 19.0529, 75.5977)
                                                                                    (9.645, 35.689, 79.581)

             14          A 204          A 212              9        340.114         (9.645, 35.689, 79.581)         (22.0653, 36.9427, 69.3867)
                                                                                    (21.509, 23.702, 82.292)

             15          A 212          A 234             23        926.801         (21.509, 23.702, 82.292)         (-4.42591, 40.7796, 94.8464)
                                                                                    (20.939, 10.771, 72.633)

             16          A 234          A 257             24        952.083         (20.939, 10.771, 72.633)         (31.9695, 24.9639, 51.3006)
                                                                                    (31.835, 21.31, 67.921)

             17          A 257          A 286             30        1210.03         (31.835, 21.31, 67.921)         (4.98685, 48.1817, 72.9448)
                                                                                    (49.407, 26.434, 62.146)

             18          A 286          A 307              3        102.506         (49.407, 26.434, 62.146)
                                                                                    (51.872, 41.789, 63.517)

             19          A 307          A 333             27        1029.81         (51.872, 41.789, 63.517)
                                                                                    (13.965, 33.56, 55.806)

             20          A 333          A 357             25        1009.73         (13.965, 33.56, 55.806)         (0.475236, 4.42031, 30.8398)
                                                                                    (10.041, 2.696, 40.384)

             21          A 357          A 386             30        1171.78         (10.041, 2.696, 40.384)         (36.3492, 13.9642, 34.245)
                                                                                    (38.805, 25.437, 54.867)

             22          A 386          A 401             12        466.914         (38.805, 25.437, 54.867)         (55.5342, 44.0904, 51.9457)
                                                                                    (44.924, 51.256, 49.595)

             23          A 401          A 424             24        957.304         (44.924, 51.256, 49.595)         (40.0356, 3.03497, 49.8863)
                                                                                    (48.632, 34.968, 69.466)

             24          A 424          A 441             18        722.153         (48.632, 34.968, 69.466)         (51.6817, 10.7277, 77.9877)
                                                                                    (53.355, 20.605, 48.038)

             25          A 441          A 460             20        811.521         (53.355, 20.605, 48.038)
                                                                                    (25.533, 8.766, 58.405)

             26          A 460          A 493             30        1195.06         (25.533, 8.766, 58.405)         (38.6922, 9.35311, 19.3662)
                                                                                    (44.006, -12.379, 52.568)

             27          A 493          A 505             13        518.651         (44.006, -12.379, 52.568)         (48.2922, 5.96119, 63.4615)
                                                                                    (34.75, -10.534, 53.57)

             28          A 505          A 529             25         1007.8         (34.75, -10.534, 53.57)         (41.0088, 1.1129, 42.2568)
                                                                                    (47.737, 31.785, 44.92)

             29          A 529          A 543             15        574.549         (47.737, 31.785, 44.92)         (22.1292, 18.4971, 47.1762)
                                                                                    (15.27, 32.256, 33.048)

             30          A 543          A 553             11        443.677         (15.27, 32.256, 33.048)         (32.7877, 29.383, 21.481)
                                                                                    (19.423, 42.403, 24.435)

             31          A 553          A 590             19        720.664         (19.423, 42.403, 24.435)
                                                                                    (11.546, 19.032, 11.5)

             32          A 590          A 609             20        814.813         (11.546, 19.032, 11.5)         (18.6692, 15.3815, 29.8199)
                                                                                    (19.861, 12.716, -1.976)

             33          A 609          A 637             29        1086.63         (19.861, 12.716, -1.976)         (19.7845, 32.0933, 9.34057)
                                                                                    (14.202, 51.695, 15.234)

             34          A 637          A 642              3        102.506         (14.202, 51.695, 15.234)
                                                                                    (24.555, 50.773, 20.249)

             35          A 642          A 667             26        1053.87         (24.555, 50.773, 20.249)
                                                                                    (21.225, 14.815, 52.431)

             36          A 667          A 695             29        1100.45         (21.225, 14.815, 52.431)         (31.2621, 31.7938, 45.5891)
                                                                                    (43.746, 52.18, 61.091)

             37          A 695          A 701              7        271.843         (43.746, 52.18, 61.091)
                                                                                    (41.547, 41.974, 73.858)

             38          A 701          A 722             22        856.258         (41.547, 41.974, 73.858)         (23.5725, 46.1437, 61.756)
                                                                                    (26.091, 42.767, 41.722)

             39          A 722          A 738             14        537.422         (26.091, 42.767, 41.722)
                                                                                    (-5.632, 33.995, 68.907)

             40          A 738          A 751             14        568.137         (-5.632, 33.995, 68.907)         (8.76937, 20.5573, 87.5262)
                                                                                    (-3.745, 20.322, 75.667)

             41          A 751          A 770             20        781.761         (-3.745, 20.322, 75.667)         (3.14891, 54.2141, 71.6441)
                                                                                    (20.399, 33.941, 44.824)

             42          A 770          A 818             30        1206.99         (20.399, 33.941, 44.824)         (60.6425, 39.2824, 3.39996)
                                                                                    (26.565, 16.541, 8.17)

             43          A 818          A 838             21        858.748         (26.565, 16.541, 8.17)
                                                                                    (31.447, 5.429, 0.721)

             44          A 838          A 858             21        856.639         (31.447, 5.429, 0.721)         (54.5526, 19.7374, 0.57013)
                                                                                    (29.42, 12.981, -11.032)

             45          A 858          A 880             23        882.718         (29.42, 12.981, -11.032)         (29.1338, 28.5054, -3.94279)
                                                                                    (34.451, 33.557, 15.597)

             46          A 880          A 908             29        1174.31         (34.451, 33.557, 15.597)         (22.3797, -3.10115, 18.3835)
                                                                                    (40.462, 39.313, 15.231)         (15.5808, 57.1181, 9.68387)

             47          A 908          A 923             16        583.546         (40.462, 39.313, 15.231)         (25.5649, 27.293, 33.4802)
                                                                                    (24.046, 0.052, 34.309)

             48          A 923          A 941             19        775.105         (24.046, 0.052, 34.309)
                                                                                    (33.466, -12.021, 45.592)

             49          A 941          A 957             17         676.22         (33.466, -12.021, 45.592)         (19.3344, -14.7612, 31.5755)
                                                                                    (20.723, 1.102, 43.171)

             50          A 957          A 975             19        750.572         (20.723, 1.102, 43.171)         (35.5459, 26.9861, 15.2933)
                                                                                    (16.151, 21.605, 33.08)

             51          A 975          A 998             16        623.287         (16.151, 21.605, 33.08)         (43.0288, 27.1383, 44.6506)
                                                                                    (30.276, 46.174, 43.597)

             52          A 998         A 1021             24        969.935         (30.276, 46.174, 43.597)         (43.319, -2.298, 37.358)
                                                                                    (38.42, 30.582, 25.635)

             53         A 1021         A 1048             19        760.216         (38.42, 30.582, 25.635)         (14.1554, 4.88399, 48.1258)
                                                                                    (-4.339, 27.2, 26.815)

             54         A 1048         A 1076             29        1140.62         (-4.339, 27.2, 26.815)         (-19.0453, 49.2641, 47.4267)
                                                                                    (-5.607, 36.923, 18.106)

             55         A 1076         A 1093             18        721.796         (-5.607, 36.923, 18.106)         (-21.802, 36.5029, 11.2426)
                                                                                    (-18.418, 29.792, 29.846)

             56         A 1093         A 1094              2        52.2717         (-18.418, 29.792, 29.846)
                                                                                    (-20.237, 33.051, 30.664)

             57         A 1094         A 1113             20        761.784         (-20.237, 33.051, 30.664)
                                                                                    (-14.39, 52.832, 10.633)

             58         A 1113         A 1129             17        680.911         (-14.39, 52.832, 10.633)         (-4.84151, 46.0538, 21.3703)
                                                                                    (-13.575, 52.577, 38.621)

