Using structure file: /home/pkas7/Research/SCOP/pdbstyle-1.75B/us/d1us0a_.ent
Number of residues: 313
Doing a BEZIER segmentation ...

Bounding box volume: 104791
Null Model Fit: 14531.2 bits.
Bits per residue: 46.5745

Bezier model fit: 12944.3 bits.
Bits per residue: 41.488

# of segments: 17
Internal segmentation:
0-->9-->25-->47-->71-->84-->100-->120-->126-->151-->174-->189-->215-->244-->256-->265-->291-->312

CPU time used: 19.52 secs.
Wall clock time elapsed: 20 secs.

        SEGMENT          START            END   NUM_RESIDUES MESSAGE_LENGTH                    END_POINTS        INTERMEDIATE_CONTROL_POINTS
              1            A 0            A 9             10        386.566         (17.937, 11.685, 40.368)
                                                                                    (1.244, 13.752, 29.601)

              2            A 9           A 25             17        678.687         (1.244, 13.752, 29.601)         (23.4716, -2.35187, 29.9299)
                                                                                    (12.859, -20.253, 31.404)

              3           A 25           A 47             23        901.255         (12.859, -20.253, 31.404)         (11.5211, 6.86215, 55.3475)
                                                                                    (9.657, -10.722, 18.198)

              4           A 47           A 71             25        985.759         (9.657, -10.722, 18.198)         (-1.2716, -18.9903, 48.5403)
                                                                                    (2.826, 2.137, 38.806)

              5           A 71           A 84             14        542.724         (2.826, 2.137, 38.806)         (12.7527, -8.46704, 14.1093)
                                                                                    (-0.535, -3.486, 7.518)

              6           A 84          A 100             17        648.621         (-0.535, -3.486, 7.518)
                                                                                    (-1.619, -10.32, 30.778)

              7          A 100          A 120             21         851.98         (-1.619, -10.32, 30.778)         (9.71555, 14.2346, 9.63923)
                                                                                    (8.284, -15.895, 9.413)

              8          A 120          A 126              7        264.539         (8.284, -15.895, 9.413)
                                                                                    (15.75, -16.973, -2.523)

              9          A 126          A 151             26        1018.25         (15.75, -16.973, -2.523)         (0.775374, 13.5929, 5.05867)
                                                                                    (-7.734, 2.316, 24.616)

             10          A 151          A 174             24        944.675         (-7.734, 2.316, 24.616)         (32.1534, 8.31931, 9.20207)
                                                                                    (-3.289, 15.071, 9.605)

             11          A 174          A 189             16        624.389         (-3.289, 15.071, 9.605)         (7.88318, 4.88471, 27.3274)
                                                                                    (30.751, 3.76, 21.088)

             12          A 189          A 215             27        1072.38         (30.751, 3.76, 21.088)         (-0.843287, 30.7738, 19.2197)
                                                                                    (27.703, -8.516, 24.867)

             13          A 215          A 244             30        1205.77         (27.703, -8.516, 24.867)         (33.3641, -20.2071, -0.62142)
                                                                                    (31.393, -0.273, 34.746)         (42.8214, 19.5334, 56.0326)

             14          A 244          A 256             13        495.473         (31.393, -0.273, 34.746)
                                                                                    (17.914, 12.95, 29.682)

             15          A 256          A 265             10        376.565         (17.914, 12.95, 29.682)         (16.2228, -3.73119, 25.9284)
                                                                                    (21.222, -12.466, 36.49)

             16          A 265          A 291             27        1054.43         (21.222, -12.466, 36.49)         (23.6194, 20.8685, 48.0057)
                                                                                    (34.633, 7.289, 22.852)

             17          A 291          A 312             22        892.204         (34.633, 7.289, 22.852)         (8.45111, -14.4654, -0.0665775)
                                                                                    (24.035, 3.775, 6.361)

