Using structure file: /home/pkas7/Research/SCOP/pdbstyle-1.75B/ut/d1utha_.ent
Number of residues: 219
Doing a BEZIER segmentation ...

Bounding box volume: 86404.9
Null Model Fit: 10092.6 bits.
Bits per residue: 46.2962

Bezier model fit: 9079.57 bits.
Bits per residue: 41.6494

# of segments: 16
Internal segmentation:
0-->1-->7-->18-->38-->59-->74-->85-->101-->118-->131-->141-->154-->162-->181-->194-->218

CPU time used: 13.4 secs.
Wall clock time elapsed: 13 secs.

        SEGMENT          START            END   NUM_RESIDUES MESSAGE_LENGTH                    END_POINTS        INTERMEDIATE_CONTROL_POINTS
              1           A 86           A 87              2        49.3332         (61.383, 9.652, 108.218)
                                                                                    (63.535, 12.802, 107.741)

              2           A 87           A 93              7        262.499         (63.535, 12.802, 107.741)
                                                                                    (68.121, -1.841, 107.805)

              3           A 93          A 104             12         458.07         (68.121, -1.841, 107.805)         (58.7909, 10.0973, 98.0508)
                                                                                    (78.838, 7.796, 83.636)

              4          A 104          A 124             21        817.041         (78.838, 7.796, 83.636)         (83.8664, -7.10381, 95.6264)
                                                                                    (68.059, -4.8, 102.012)

              5          A 124          A 145             22        872.705         (68.059, -4.8, 102.012)         (75.324, 23.5196, 69.8534)
                                                                                    (66.3, 16.499, 95.623)

              6          A 145          A 160             16        644.985         (66.3, 16.499, 95.623)         (90.8222, 8.96027, 81.4203)
                                                                                    (75.864, 25.229, 96.006)

              7          A 160          A 171             12        441.869         (75.864, 25.229, 96.006)         (90.2135, 8.11874, 103.039)
                                                                                    (94.624, 5.677, 81.366)

              8          A 171          A 187             17        678.318         (94.624, 5.677, 81.366)         (95.8027, -24.5619, 67.5523)
                                                                                    (106.198, 1.472, 73.426)

              9          A 187          A 204             18        709.445         (106.198, 1.472, 73.426)         (92.5375, -2.20485, 57.6765)
                                                                                    (83.007, 13.694, 79.785)

             10          A 204          A 217             14        533.152         (83.007, 13.694, 79.785)
                                                                                    (101.601, 14.472, 67.535)

             11          A 217          A 227             11        417.203         (101.601, 14.472, 67.535)         (93.1061, -3.47432, 58.0159)
                                                                                    (80.488, 6.856, 71.274)

             12          A 227          A 240             14         554.96         (80.488, 6.856, 71.274)         (81.6084, -11.9569, 79.0478)
                                                                                    (93.753, -7.308, 67.045)

             13          A 240          A 248              9        339.468         (93.753, -7.308, 67.045)         (93.196, 8.16283, 74.9035)
                                                                                    (88.894, 1.146, 86.458)

             14          A 248          A 267             20        790.742         (88.894, 1.146, 86.458)         (87.8803, -24.739, 77.5381)
                                                                                    (101.441, 11.339, 78.906)

             15          A 267          A 280             14        521.322         (101.441, 11.339, 78.906)         (84.6135, 9.60432, 92.8443)
                                                                                    (70.722, 21.503, 101.079)

             16          A 280          A 304             25        988.458         (70.722, 21.503, 101.079)         (71.1435, -0.90698, 105.968)
                                                                                    (99.337, 5.368, 98.354)

