Using structure file: /home/pkas7/Research/SCOP/pdbstyle-1.75B/uw/d1uwwa_.ent
Number of residues: 184
Doing a BEZIER segmentation ...

Bounding box volume: 67946.3
Null Model Fit: 8408.75 bits.
Bits per residue: 45.9495

Bezier model fit: 7607.84 bits.
Bits per residue: 41.5729

# of segments: 15
Internal segmentation:
0-->10-->16-->27-->41-->48-->64-->79-->94-->107-->124-->131-->147-->166-->180-->183

CPU time used: 11.05 secs.
Wall clock time elapsed: 11 secs.

        SEGMENT          START            END   NUM_RESIDUES MESSAGE_LENGTH                    END_POINTS        INTERMEDIATE_CONTROL_POINTS
              1            A 8           A 18             11        424.659         (1.861, 18.247, 24.05)         (11.0325, 16.6925, 39.4713)
                                                                                    (25.676, 21.496, 32.345)

              2           A 18           A 24              7        263.037         (25.676, 21.496, 32.345)
                                                                                    (18.126, 11.339, 35.712)

              3           A 24           A 35             12        460.314         (18.126, 11.339, 35.712)
                                                                                    (10.554, 30.957, 18.37)

              4           A 35           A 49             15        593.741         (10.554, 30.957, 18.37)         (3.69508, 12.1351, 22.858)
                                                                                    (24.094, 3.139, 24.861)

              5           A 49           A 56              8         294.51         (24.094, 3.139, 24.861)         (18.5857, 16.3707, 30.1593)
                                                                                    (10.908, 13.656, 16.022)

              6           A 56           A 72             17        673.201         (10.908, 13.656, 16.022)         (8.88814, 38.0707, -9.71066)
                                                                                    (13.822, 23.231, 15.846)

              7           A 72           A 87             16          625.4         (13.822, 23.231, 15.846)         (24.4946, 35.6859, 46.632)
                                                                                    (36.961, 26.976, 23.463)

              8           A 87          A 102             16        616.774         (36.961, 26.976, 23.463)         (11.8395, 0.873247, 18.9224)
                                                                                    (18.908, 15.237, -0.1)

              9          A 102          A 115             14        514.536         (18.908, 15.237, -0.1)         (24.1732, 26.8734, 20.0888)
                                                                                    (25.48, 43.093, 28.017)

             10          A 115          A 132             18        693.859         (25.48, 43.093, 28.017)
                                                                                    (26.98, 12.083, 2.678)

             11          A 132          A 139              8        309.083         (26.98, 12.083, 2.678)
                                                                                    (25.248, 1.607, 13.625)

             12          A 139          A 155             17        642.602         (25.248, 1.607, 13.625)
                                                                                    (34.84, 38.368, 20.214)

             13          A 155          A 174             20        784.669         (34.84, 38.368, 20.214)         (22.5476, 33.075, 44.6489)
                                                                                    (16.783, 22.185, 1.072)

             14          A 174          A 188             15         568.32         (16.783, 22.185, 1.072)         (9.10455, 1.20383, 19.9572)
                                                                                    (31.755, 23.48, 27.137)

             15          A 188          A 191              4        143.135         (31.755, 23.48, 27.137)
                                                                                    (40.847, 23.076, 23.011)

