Using structure file: /home/pkas7/Research/SCOP/pdbstyle-1.75B/ux/d1uxya1.ent
Number of residues: 198
Doing a BEZIER segmentation ...

Bounding box volume: 57592.5
Null Model Fit: 9005.06 bits.
Bits per residue: 45.7109

Bezier model fit: 8186.57 bits.
Bits per residue: 41.5562

# of segments: 13
Internal segmentation:
0-->7-->22-->37-->44-->56-->73-->97-->106-->122-->139-->155-->180-->197

CPU time used: 11.87 secs.
Wall clock time elapsed: 11 secs.

        SEGMENT          START            END   NUM_RESIDUES MESSAGE_LENGTH                    END_POINTS        INTERMEDIATE_CONTROL_POINTS
              1            A 3           A 10              8        305.586         (3.855, -13.479, 14.762)
                                                                                    (7.111, 1.966, 10.512)

              2           A 10           A 25             16        621.249         (7.111, 1.966, 10.512)         (11.2799, -20.3549, 23.5684)
                                                                                    (-14.834, -3.381, 10.562)

              3           A 25           A 40             16        606.105         (-14.834, -3.381, 10.562)
                                                                                    (-6.487, -12.86, 29.516)

              4           A 40           A 47              8        295.268         (-6.487, -12.86, 29.516)         (-2.55119, -3.77916, 23.6397)
                                                                                    (-3.225, 2.231, 12.549)

              5           A 47           A 59             13        510.838         (-3.225, 2.231, 12.549)         (16.6416, 5.96079, 18.8825)
                                                                                    (2.232, -10.902, 25.105)

              6           A 59           A 76             18         664.48         (2.232, -10.902, 25.105)         (-13.7811, -3.17742, 0.276985)
                                                                                    (-24.01, 25.48, 4.294)

              7           A 76          A 100             25        992.105         (-24.01, 25.48, 4.294)         (3.75588, -7.11221, 11.4659)
                                                                                    (-12.259, 20.487, -3.868)

              8          A 100          A 109             10        386.413         (-12.259, 20.487, -3.868)         (-4.83457, 25.4945, 10.2559)
                                                                                    (2.146, 13.496, 4.169)

              9          A 109          A 125             17        677.336         (2.146, 13.496, 4.169)         (-13.4741, -0.483175, 25.4775)
                                                                                    (3.025, 23.64, 9.488)

             10          A 125          A 142             18         711.65         (3.025, 23.64, 9.488)         (-19.1979, 22.3997, 12.3189)
                                                                                    (-15.938, -3.495, 27.251)

             11          A 142          A 158             17        678.687         (-15.938, -3.495, 27.251)         (-26.7783, 18.6939, 18.5192)
                                                                                    (0.277, 19.637, 21.875)

             12          A 158          A 183             26           1032         (0.277, 19.637, 21.875)         (-14.7822, -15.4501, 32.9768)
                                                                                    (-14.565, 29.215, 2.621)

             13          A 183          A 200             18        704.857         (-14.565, 29.215, 2.621)         (19.2315, 29.1557, 13.3974)
                                                                                    (-2.713, 33.941, -5.028)

