Using structure file: /home/pkas7/Research/SCOP/pdbstyle-1.75B/v0/d1v0wa2.ent
Number of residues: 240
Doing a BEZIER segmentation ...

Bounding box volume: 94877
Null Model Fit: 11097 bits.
Bits per residue: 46.4311

Bezier model fit: 9871.71 bits.
Bits per residue: 41.3042

# of segments: 16
Internal segmentation:
0-->12-->29-->46-->66-->81-->101-->112-->113-->139-->167-->180-->192-->205-->226-->233-->239

CPU time used: 14.65 secs.
Wall clock time elapsed: 14 secs.

        SEGMENT          START            END   NUM_RESIDUES MESSAGE_LENGTH                    END_POINTS        INTERMEDIATE_CONTROL_POINTS
              1          A 264          A 276             13         491.57         (12.869, 36.025, 40.243)         (16.0186, 23.0339, 24.2743)
                                                                                    (28.516, 20.674, 10.618)

              2          A 276          A 296             18        689.421         (28.516, 20.674, 10.618)         (35.6185, 10.0481, 40.9626)
                                                                                    (8.976, 2.938, 13.431)

              3          A 296          A 314             18        720.209         (8.976, 2.938, 13.431)         (15.2468, 10.8615, -5.36098)
                                                                                    (22.83, 9.448, 19.39)

              4          A 314          A 334             21        820.014         (22.83, 9.448, 19.39)         (20.4811, 24.9662, 19.6654)
                                                                                    (0.883, 16.486, 34.985)

              5          A 334          A 349             16        628.046         (0.883, 16.486, 34.985)         (-2.82225, 30.9664, 14.0503)
                                                                                    (12.801, 13.549, 1.864)

              6          A 349          A 369             21        816.748         (12.801, 13.549, 1.864)         (8.89885, 9.10098, 25.7421)
                                                                                    (-5.168, 11.034, 31.012)

              7          A 369          A 380             12        446.455         (-5.168, 11.034, 31.012)         (0.27539, 26.1747, 19.2565)
                                                                                    (-4.28, 25.113, 2.565)

              8          A 380          A 381              2        49.4682         (-4.28, 25.113, 2.565)
                                                                                    (-0.943, 26.997, 3.035)

              9          A 381          A 413             27        1064.39         (-0.943, 26.997, 3.035)
                                                                                    (-4.084, -2.226, 20.36)

             10          A 413          A 442             29        1160.16         (-4.084, -2.226, 20.36)         (-11.121, 25.6359, 26.6708)
                                                                                    (-9.239, 35, 1.017)

             11          A 442          A 455             14        525.798         (-9.239, 35, 1.017)         (12.2431, 28.6516, 12.4486)
                                                                                    (0.279, 22.842, 33.261)

             12          A 455          A 467             13        505.261         (0.279, 22.842, 33.261)         (15.2602, 36.5778, 24.6945)
                                                                                    (8.918, 18.809, 13.225)

             13          A 467          A 480             14        547.823         (8.918, 18.809, 13.225)         (28.4265, 27.7119, 12.6382)
                                                                                    (6.424, 30.967, 35.923)

             14          A 480          A 501             22        839.955         (6.424, 30.967, 35.923)         (-4.75009, 38.6198, 26.2368)
                                                                                    (-14.108, 25.037, 14.765)

             15          A 501          A 508              8        303.498         (-14.108, 25.037, 14.765)         (-7.11807, 12.0894, 12.7449)
                                                                                    (-14.048, 18.59, 25.418)

             16          A 508          A 514              7        262.892         (-14.048, 18.59, 25.418)
                                                                                    (-10.263, 10.615, 12.908)

