Using structure file: /home/pkas7/Research/SCOP/pdbstyle-1.75B/v1/d1v1aa_.ent
Number of residues: 301
Doing a BEZIER segmentation ...

Bounding box volume: 84307.9
Null Model Fit: 13878.2 bits.
Bits per residue: 46.2607

Bezier model fit: 12335 bits.
Bits per residue: 41.1167

# of segments: 22
Internal segmentation:
0-->2-->16-->22-->33-->46-->58-->81-->95-->124-->138-->156-->168-->187-->200-->202-->221-->230-->245-->263-->265-->284-->300

CPU time used: 18.86 secs.
Wall clock time elapsed: 19 secs.

        SEGMENT          START            END   NUM_RESIDUES MESSAGE_LENGTH                    END_POINTS        INTERMEDIATE_CONTROL_POINTS
              1            A 1            A 3              3        96.5585         (39.082, 66.28, 30.816)
                                                                                    (36.932, 61.935, 26.543)

              2            A 3           A 17             15        568.916         (36.932, 61.935, 26.543)         (15.5257, 47.3141, 40.2375)
                                                                                    (35.841, 27.023, 34.841)

              3           A 17           A 23              7         270.47         (35.841, 27.023, 34.841)         (29.4106, 21.5338, 24.7919)
                                                                                    (23.857, 21.991, 36.936)

              4           A 23           A 34             12        457.074         (23.857, 21.991, 36.936)         (41.7678, 27.5344, 45.3733)
                                                                                    (28.241, 45.011, 32.558)

              5           A 34           A 47             14        534.422         (28.241, 45.011, 32.558)
                                                                                    (44.76, 55.63, 28.007)

              6           A 47           A 59             13        488.078         (44.76, 55.63, 28.007)         (21.4477, 60.5366, 33.7849)
                                                                                    (26.821, 45.07, 49.529)

              7           A 59           A 82             24        940.709         (26.821, 45.07, 49.529)         (51.0755, 55.187, 28.5376)
                                                                                    (23.24, 53.018, 47.04)

              8           A 82           A 96             15        557.895         (23.24, 53.018, 47.04)
                                                                                    (28.951, 21.803, 21.481)

              9           A 96          A 125             30        1185.14         (28.951, 21.803, 21.481)         (3.87225, 57.3243, 54.8933)
                                                                                    (33.636, 68.707, 26.455)

             10          A 125          A 139             15        579.752         (33.636, 68.707, 26.455)         (25.0736, 44.1058, 20.9524)
                                                                                    (12.934, 49.455, 33.236)

             11          A 139          A 157             19        718.007         (12.934, 49.455, 33.236)
                                                                                    (27.858, 68.721, 21.492)

             12          A 157          A 169             13        478.996         (27.858, 68.721, 21.492)         (27.47, 47.0578, 17.0971)
                                                                                    (15.415, 37.748, 28.178)

             13          A 169          A 188             20        785.547         (15.415, 37.748, 28.178)         (2.89529, 53.9803, 16.2418)
                                                                                    (25.666, 59.293, 15.761)

             14          A 188          A 201             14        553.398         (25.666, 59.293, 15.761)         (26.312, 30.946, 16.3771)
                                                                                    (15.02, 43.195, 11.277)

             15          A 201          A 203              3        96.5585         (15.02, 43.195, 11.277)
                                                                                    (17.824, 40.331, 7.324)

             16          A 203          A 222             20        780.926         (17.824, 40.331, 7.324)         (17.7501, 69.221, 9.74378)
                                                                                    (35.08, 36.603, 13.542)

             17          A 222          A 231             10        374.615         (35.08, 36.603, 13.542)
                                                                                    (28.314, 56.601, 1.771)

             18          A 231          A 246             16         612.58         (28.314, 56.601, 1.771)         (50.1227, 29.7108, 12.6926)
                                                                                    (33.263, 35.498, 23.746)

             19          A 246          A 264             19        725.941         (33.263, 35.498, 23.746)
                                                                                    (41.082, 60.812, 15.201)

             20          A 264          A 266              3        96.5585         (41.082, 60.812, 15.201)
                                                                                    (40.973, 56.563, 9.648)

             21          A 266          A 285             20        752.251         (40.973, 56.563, 9.648)
                                                                                    (37.771, 34.439, 30.295)

             22          A 285          A 301             17        680.627         (37.771, 34.439, 30.295)         (47.8277, 55.4388, 31.0848)
                                                                                    (50.125, 42.73, 14.903)

