Using structure file: /home/pkas7/Research/SCOP/pdbstyle-1.75B/v5/d1v5ja_.ent
Number of residues: 108
Doing a BEZIER segmentation ...

Bounding box volume: 37475.3
Null Model Fit: 4824.74 bits.
Bits per residue: 45.091

Bezier model fit: 4414.65 bits.
Bits per residue: 41.2584

# of segments: 10
Internal segmentation:
0-->6-->20-->34-->46-->62-->72-->84-->85-->98-->107

CPU time used: 5.85 secs.
Wall clock time elapsed: 5 secs.

        SEGMENT          START            END   NUM_RESIDUES MESSAGE_LENGTH                    END_POINTS        INTERMEDIATE_CONTROL_POINTS
              1            A 1            A 7              7         263.48         (14.127, 10.484, -16.678)         (4.64087, 15.9806, -18.3183)
                                                                                    (5.822, 19.063, -5.68)

              2            A 7           A 21             15         568.68         (5.822, 19.063, -5.68)         (11.7568, -3.97766, 9.31397)
                                                                                    (-8.794, -10.664, 9.206)

              3           A 21           A 35             15        574.667         (-8.794, -10.664, 9.206)         (12.1416, 8.97848, 6.46961)
                                                                                    (-1.82, 21.357, -1.59)

              4           A 35           A 47             13        481.405         (-1.82, 21.357, -1.59)         (-9.23002, 2.64878, -3.80791)
                                                                                    (6.619, -12.791, -5.097)

              5           A 47           A 63             17        677.115         (6.619, -12.791, -5.097)         (-13.2813, 6.09608, -13.6117)
                                                                                    (-2.262, 5.917, 7.292)

              6           A 63           A 73             11        415.224         (-2.262, 5.917, 7.292)         (-12.8011, -10.2156, -0.604022)
                                                                                    (2.448, -20.076, 0.995)

              7           A 73           A 85             13        474.352         (2.448, -20.076, 0.995)         (7.7493, 2.01558, -0.362338)
                                                                                    (-5.05, 15.294, -8.8)

              8           A 85           A 86              2        48.1281         (-5.05, 15.294, -8.8)
                                                                                    (-2.833, 15.593, -11.854)

              9           A 86           A 99             14        513.264         (-2.833, 15.593, -11.854)         (15.0336, 4.74178, -0.279981)
                                                                                    (2.203, -16.256, 5.616)

             10           A 99          A 108             10         398.33         (2.203, -16.256, 5.616)         (-4.91118, -25.0119, 14.2687)
                                                                                    (6.109, -14.705, 20.87)

