Using structure file: /home/pkas7/Research/SCOP/pdbstyle-1.75B/v5/d1v5va1.ent
Number of residues: 89
Doing a BEZIER segmentation ...

Bounding box volume: 24138.6
Null Model Fit: 3912.16 bits.
Bits per residue: 44.4564

Bezier model fit: 3664.94 bits.
Bits per residue: 41.647

# of segments: 7
Internal segmentation:
0-->9-->22-->36-->48-->64-->74-->88

CPU time used: 4.81 secs.
Wall clock time elapsed: 4 secs.

        SEGMENT          START            END   NUM_RESIDUES MESSAGE_LENGTH                    END_POINTS        INTERMEDIATE_CONTROL_POINTS
              1          A 313          A 322             10         368.39         (24.372, 6.626, 28.044)         (26.9254, 2.96761, 10.2388)
                                                                                    (9.179, 1.727, 8.37)

              2          A 322          A 335             14        540.282         (9.179, 1.727, 8.37)         (19.4868, 27.4572, 16.2586)
                                                                                    (10.084, -2.78, 24.154)

              3          A 335          A 349             15        578.955         (10.084, -2.78, 24.154)         (19.7296, 18.9569, 27.8061)
                                                                                    (20.289, 8.599, -0.615)

              4          A 349          A 361             13        504.913         (20.289, 8.599, -0.615)
                                                                                    (20.805, 4.045, 27.877)

              5          A 361          A 377             17        673.402         (20.805, 4.045, 27.877)         (25.0697, -10.9694, 13.4726)
                                                                                    (3.068, 11.313, 17.044)

              6          A 377          A 387             11         407.85         (3.068, 11.313, 17.044)         (11.8007, -6.50601, 14.5959)
                                                                                    (28.288, 1.82, 10.798)

              7          A 387          A 401             15        591.145         (28.288, 1.82, 10.798)
                                                                                    (38.809, -2.857, -6.955)

