Using structure file: /home/pkas7/Research/SCOP/pdbstyle-1.75B/v8/d1v8pa_.ent
Number of residues: 132
Doing a BEZIER segmentation ...

Bounding box volume: 39657.8
Null Model Fit: 5917.62 bits.
Bits per residue: 45.1727

Bezier model fit: 5403.64 bits.
Bits per residue: 41.2492

# of segments: 9
Internal segmentation:
0-->15-->30-->48-->73-->85-->87-->101-->115-->131

CPU time used: 7.15 secs.
Wall clock time elapsed: 7 secs.

        SEGMENT          START            END   NUM_RESIDUES MESSAGE_LENGTH                    END_POINTS        INTERMEDIATE_CONTROL_POINTS
              1            A 2           A 17             16        629.315         (60.89, 50.623, 42.916)         (52.4853, 53.1783, 69.291)
                                                                                    (65.558, 65.449, 60.417)

              2           A 17           A 32             16        620.152         (65.558, 65.449, 60.417)         (75.489, 57.3318, 38.6486)
                                                                                    (50.547, 54.421, 54.086)

              3           A 32           A 50             19        714.952         (50.547, 54.421, 54.086)
                                                                                    (53.752, 74.719, 73.642)

              4           A 50           A 75             26        1024.36         (53.752, 74.719, 73.642)         (66.4336, 76.729, 42.2883)
                                                                                    (42.074, 44.811, 53.576)

              5           A 75           A 87             13        489.427         (42.074, 44.811, 53.576)
                                                                                    (48.908, 41.668, 70.01)

              6           A 87           A 89              3        94.3824         (48.908, 41.668, 70.01)
                                                                                    (46.962, 47.806, 67.598)

              7           A 89          A 103             15        568.942         (46.962, 47.806, 67.598)
                                                                                    (57.765, 41.787, 50.648)

              8          A 103          A 117             15        589.625         (57.765, 41.787, 50.648)         (62.4338, 57.9702, 76.0906)
                                                                                    (57.483, 42.027, 61.867)

              9          A 117          A 133             17        672.486         (57.483, 42.027, 61.867)         (72.3501, 57.5355, 63.6855)
                                                                                    (74.204, 51.775, 48.191)

