Using structure file: /home/pkas7/Research/SCOP/pdbstyle-1.75B/v9/d1v9fa_.ent
Number of residues: 250
Doing a BEZIER segmentation ...

Bounding box volume: 112088
Null Model Fit: 11621.2 bits.
Bits per residue: 46.6716

Bezier model fit: 10333.4 bits.
Bits per residue: 41.4995

# of segments: 19
Internal segmentation:
0-->15-->24-->32-->53-->74-->88-->89-->100-->113-->128-->143-->153-->154-->166-->175-->198-->213-->225-->249

CPU time used: 15.33 secs.
Wall clock time elapsed: 15 secs.

        SEGMENT          START            END   NUM_RESIDUES MESSAGE_LENGTH                    END_POINTS        INTERMEDIATE_CONTROL_POINTS
              1           A 77           A 92             16         635.23         (6.793, 34.769, 29.583)         (15.9926, 36.4514, 59.6972)
                                                                                    (28.446, 35.41, 34.203)

              2           A 92          A 101             10        368.032         (28.446, 35.41, 34.203)         (21.3708, 27.3573, 49.4961)
                                                                                    (6.632, 25.025, 46.052)

              3          A 101          A 109              9         344.59         (6.632, 25.025, 46.052)         (14.6915, 28.0484, 28.2495)
                                                                                    (-0.652, 23.407, 34.593)

              4          A 109          A 130             22        876.235         (-0.652, 23.407, 34.593)         (18.5513, 49.0134, 42.7529)
                                                                                    (18.224, 31.041, 25.943)

              5          A 130          A 151             22        888.295         (18.224, 31.041, 25.943)         (8.84195, 9.81049, 58.0423)
                                                                                    (25.127, 35.711, 29.365)

              6          A 151          A 165             15        571.167         (25.127, 35.711, 29.365)
                                                                                    (29.262, 15.31, 32.401)

              7          A 165          A 166              2        49.7087         (29.262, 15.31, 32.401)
                                                                                    (31.69, 17.912, 33.763)

              8          A 166          A 177             12        441.654         (31.69, 17.912, 33.763)         (19.0313, 20.633, 51.4174)
                                                                                    (13.856, 1.122, 53.741)

              9          A 177          A 190             14        536.686         (13.856, 1.122, 53.741)         (37.0176, -1.21049, 43.4272)
                                                                                    (9.273, 7.441, 30.231)

             10          A 190          A 205             16         650.32         (9.273, 7.441, 30.231)
                                                                                    (12.678, 5.519, 27.549)

             11          A 205          A 220             16         618.54         (12.678, 5.519, 27.549)         (36.7751, 11.8502, 50.9411)
                                                                                    (13.962, 1.474, 58.36)

             12          A 220          A 230             11        405.566         (13.962, 1.474, 58.36)         (28.6975, 14.0341, 50.1849)
                                                                                    (21.55, 13.197, 33.533)

             13          A 230          A 231              2        49.7087         (21.55, 13.197, 33.533)
                                                                                    (18.563, 15.245, 34.598)

             14          A 231          A 243             13        507.853         (18.563, 15.245, 34.598)
                                                                                    (14.936, 0.081, 43.424)

             15          A 243          A 252             10        387.307         (14.936, 0.081, 43.424)         (10.9236, 12.7676, 57.2535)
                                                                                    (3.693, 10.545, 43.873)

             16          A 252          A 275             24        942.969         (3.693, 10.545, 43.873)         (9.65609, -0.975641, 83.2171)
                                                                                    (4.973, 16.297, 52.965)

             17          A 275          A 290             16        616.406         (4.973, 16.297, 52.965)         (29.7857, 14.8775, 47.6483)
                                                                                    (34.347, 31.871, 31.451)

             18          A 290          A 302             13         501.52         (34.347, 31.871, 31.451)         (39.3184, 23.2085, 45.4166)
                                                                                    (16.767, 22.751, 54.889)

             19          A 302          A 326             25        941.589         (16.767, 22.751, 54.889)         (11.9949, 9.50157, 66.396)
                                                                                    (25.715, -8.547, 74.963)

