Using structure file: /home/pkas7/Research/SCOP/pdbstyle-1.75B/va/d1vaja1.ent
Number of residues: 203
Doing a BEZIER segmentation ...

Bounding box volume: 55329
Null Model Fit: 9221.93 bits.
Bits per residue: 45.6531

Bezier model fit: 8349.34 bits.
Bits per residue: 41.3334

# of segments: 14
Internal segmentation:
0-->3-->25-->42-->52-->68-->89-->100-->118-->137-->154-->167-->177-->190-->202

CPU time used: 12.54 secs.
Wall clock time elapsed: 12 secs.

        SEGMENT          START            END   NUM_RESIDUES MESSAGE_LENGTH                    END_POINTS        INTERMEDIATE_CONTROL_POINTS
              1            A 3            A 6              4        142.246         (3.526, 54.969, 3.876)
                                                                                    (6.196, 60.134, 0.937)

              2            A 6           A 28             23        874.888         (6.196, 60.134, 0.937)
                                                                                    (25.618, 79.217, 15.148)

              3           A 28           A 45             18        705.597         (25.618, 79.217, 15.148)         (-1.47285, 76.3044, -7.99252)
                                                                                    (5.021, 64.502, 14.779)

              4           A 45           A 55             11        404.772         (5.021, 64.502, 14.779)         (23.5178, 61.9596, 17.5712)
                                                                                    (32.111, 53.142, 5.694)

              5           A 55           A 71             17        680.583         (32.111, 53.142, 5.694)         (31.0417, 53.6323, 22.6166)
                                                                                    (4.513, 65.42, 18.749)

              6           A 71           A 92             22        867.589         (4.513, 65.42, 18.749)         (17.8688, 77.0848, 6.09044)
                                                                                    (27.478, 60.536, 25.109)

              7           A 92          A 103             12        464.924         (27.478, 60.536, 25.109)         (34.9704, 76.8015, 9.28349)
                                                                                    (32.297, 61.432, 6.808)

              8          A 103          A 121             19        714.977         (32.297, 61.432, 6.808)         (-7.35336, 61.6077, 13.201)
                                                                                    (2.748, 42.169, 31.862)

              9          A 121          A 140             20        785.697         (2.748, 42.169, 31.862)         (11.4087, 39.8919, -0.476651)
                                                                                    (7.684, 56.736, 38.133)

             10          A 140          A 157             18        717.162         (7.684, 56.736, 38.133)         (22.9131, 53.0829, 6.4304)
                                                                                    (14.402, 39.144, 20.285)

             11          A 157          A 170             14        532.851         (14.402, 39.144, 20.285)
                                                                                    (17.502, 53.438, 34.221)

             12          A 170          A 180             11         433.29         (17.502, 53.438, 34.221)         (11.7319, 35.5644, 32.6787)
                                                                                    (2.841, 49.433, 37.279)

             13          A 180          A 193             14        509.175         (2.841, 49.433, 37.279)         (1.14354, 51.5544, 12.9697)
                                                                                    (21.751, 59.014, 2.918)

             14          A 193          A 205             13        515.586         (21.751, 59.014, 2.918)
                                                                                    (13.965, 46.957, 8.687)

