Using structure file: /home/pkas7/Research/SCOP/pdbstyle-1.75B/vb/d1vb7a_.ent
Number of residues: 94
Doing a BEZIER segmentation ...

Bounding box volume: 31793.1
Null Model Fit: 4171.4 bits.
Bits per residue: 44.8538

Bezier model fit: 3846.58 bits.
Bits per residue: 41.3611

# of segments: 7
Internal segmentation:
0-->15-->25-->44-->58-->77-->78-->93

CPU time used: 4.8 secs.
Wall clock time elapsed: 4 secs.

        SEGMENT          START            END   NUM_RESIDUES MESSAGE_LENGTH                    END_POINTS        INTERMEDIATE_CONTROL_POINTS
              1            A 1           A 16             16        620.406         (-0.19, 24.83, 14.143)         (-8.52949, 20.6757, -10.3699)
                                                                                    (5.205, -11.487, 1.631)         (9.0879, -3.62528, 17.0598)

              2           A 16           A 26             11        413.965         (5.205, -11.487, 1.631)         (-12.9484, -7.10145, 1.86346)
                                                                                    (-2.527, 2.709, -15.079)

              3           A 26           A 45             20        814.297         (-2.527, 2.709, -15.079)         (-13.197, -7.54895, 1.24065)
                                                                                    (-1.122, -4.689, 11.269)

              4           A 45           A 59             15        585.503         (-1.122, -4.689, 11.269)         (-15.0378, 5.23414, -6.14952)
                                                                                    (8.135, 6.343, -2.283)

              5           A 59           A 78             20        775.358         (8.135, 6.343, -2.283)         (-8.10883, -4.78986, -23.3091)
                                                                                    (11.311, -5.567, 1.047)

              6           A 78           A 79              2        47.8909         (11.311, -5.567, 1.047)
                                                                                    (10, -5.092, 4.566)

              7           A 79           A 94             16        589.162         (10, -5.092, 4.566)         (-1.76474, 15.8819, -2.64218)
                                                                                    (-27.286, 14.899, 8.489)

