Using structure file: /home/pkas7/Research/SCOP/pdbstyle-1.75B/vc/d1vcta2.ent
Number of residues: 94
Doing a BEZIER segmentation ...

Bounding box volume: 23203.7
Null Model Fit: 4129.15 bits.
Bits per residue: 44.3994

Bezier model fit: 3864.97 bits.
Bits per residue: 41.5589

# of segments: 8
Internal segmentation:
0-->12-->23-->40-->52-->65-->74-->87-->93

CPU time used: 5.13 secs.
Wall clock time elapsed: 5 secs.

        SEGMENT          START            END   NUM_RESIDUES MESSAGE_LENGTH                    END_POINTS        INTERMEDIATE_CONTROL_POINTS
              1          A 108          A 120             13        501.918         (30.196, 55.525, 59.642)
                                                                                    (26.332, 39.65, 73.049)

              2          A 120          A 131             12        438.962         (26.332, 39.65, 73.049)         (42.4547, 54.9161, 73.244)
                                                                                    (44.678, 52.949, 92.956)

              3          A 131          A 148             18        709.773         (44.678, 52.949, 92.956)         (57.2274, 32.8638, 80.0899)
                                                                                    (37.507, 38.125, 84.393)

              4          A 148          A 160             13        498.708         (37.507, 38.125, 84.393)
                                                                                    (51.854, 54.105, 71.773)

              5          A 160          A 173             14        550.508         (51.854, 54.105, 71.773)         (52.8887, 25.794, 74.2629)
                                                                                    (48.394, 53.333, 85.871)

              6          A 173          A 182             10        373.918         (48.394, 53.333, 85.871)         (44.7186, 49.1589, 70.8481)
                                                                                    (30.219, 40.755, 77.665)

              7          A 182          A 195             14        528.672         (30.219, 40.755, 77.665)
                                                                                    (39.871, 50.928, 92.226)

              8          A 195          A 201              7        262.517         (39.871, 50.928, 92.226)
                                                                                    (39.498, 36.345, 91.918)

