Using structure file: /home/pkas7/Research/SCOP/pdbstyle-1.75B/vc/d1vc1a_.ent
Number of residues: 110
Doing a BEZIER segmentation ...

Bounding box volume: 28333.8
Null Model Fit: 4870.95 bits.
Bits per residue: 44.6876

Bezier model fit: 4470.59 bits.
Bits per residue: 41.0146

# of segments: 9
Internal segmentation:
0-->11-->20-->22-->47-->58-->75-->84-->107-->109

CPU time used: 5.82 secs.
Wall clock time elapsed: 5 secs.

        SEGMENT          START            END   NUM_RESIDUES MESSAGE_LENGTH                    END_POINTS        INTERMEDIATE_CONTROL_POINTS
              1            A 1           A 12             12         443.74         (52.436, -58.424, 0.121)         (51.9449, -74.0957, 9.48302)
                                                                                    (36.911, -79.917, 21.604)

              2           A 12           A 21             10        369.321         (36.911, -79.917, 21.604)
                                                                                    (53.567, -63.384, 11.021)

              3           A 21           A 23              3        93.4122         (53.567, -63.384, 11.021)
                                                                                    (48.715, -58.774, 10.963)

              4           A 23           A 48             26        1023.12         (48.715, -58.774, 10.963)         (52.0992, -50.5314, -4.84316)
                                                                                    (40.226, -68.997, 18.563)         (18.0233, -87.8402, 9.06879)

              5           A 48           A 59             12        451.015         (40.226, -68.997, 18.563)         (62.8491, -65.8053, 19.9763)
                                                                                    (45.596, -49.996, 11.568)

              6           A 59           A 76             18        677.435         (45.596, -49.996, 11.568)
                                                                                    (26.727, -67.74, 14.66)

              7           A 76           A 85             10        379.069         (26.727, -67.74, 14.66)         (40.6128, -66.9564, 23.0431)
                                                                                    (52.288, -60.97, 23.281)

              8           A 85          A 108             24        940.068         (52.288, -60.97, 23.281)         (34.7493, -36.9043, 21.6178)
                                                                                    (42.856, -73.844, 26.384)

              9          A 108          A 110              3        93.4122         (42.856, -73.844, 26.384)
                                                                                    (38.895, -70.232, 25.601)

