Using structure file: /home/pkas7/Research/SCOP/pdbstyle-1.75B/vd/d1vdma1.ent
Number of residues: 151
Doing a BEZIER segmentation ...

Bounding box volume: 55902.8
Null Model Fit: 6850.2 bits.
Bits per residue: 45.668

Bezier model fit: 6213.05 bits.
Bits per residue: 41.4203

# of segments: 13
Internal segmentation:
0-->6-->23-->34-->48-->62-->63-->72-->88-->91-->109-->123-->134-->150

CPU time used: 8.8 secs.
Wall clock time elapsed: 8 secs.

        SEGMENT          START            END   NUM_RESIDUES MESSAGE_LENGTH                    END_POINTS        INTERMEDIATE_CONTROL_POINTS
              1            A 1            A 7              7        258.977         (79.006, 97.559, 4.45)
                                                                                    (82.405, 82.991, 8.466)

              2            A 7           A 24             18        677.609         (82.405, 82.991, 8.466)
                                                                                    (103.317, 68.343, -0.407)

              3           A 24           A 35             12        456.544         (103.317, 68.343, -0.407)         (112.782, 71.7595, 14.3208)
                                                                                    (97.26, 87.581, 16.835)

              4           A 35           A 49             15        574.527         (97.26, 87.581, 16.835)
                                                                                    (99.764, 65.504, 12.183)

              5           A 49           A 63             15        564.829         (99.764, 65.504, 12.183)         (109.082, 82.5629, 18.7719)
                                                                                    (103.541, 107.889, 19.311)

              6           A 63           A 66              2        48.7051         (103.541, 107.889, 19.311)
                                                                                    (106.247, 106.548, 24.466)

              7           A 66           A 75             10        383.275         (106.247, 106.548, 24.466)         (113.168, 100.478, 11.2868)
                                                                                    (106.835, 87.148, 21.918)

              8           A 75           A 91             17        649.367         (106.835, 87.148, 21.918)         (128.992, 61.8745, 6.61057)
                                                                                    (95.519, 85.363, 8.76)

              9           A 91           A 94              4         142.29         (95.519, 85.363, 8.76)
                                                                                    (98.068, 93.226, 4.062)

             10           A 94          A 112             19        742.904         (98.068, 93.226, 4.062)         (117.268, 91.6127, 15.7291)
                                                                                    (116.452, 75.083, 6.23)

             11          A 112          A 126             15        586.311         (116.452, 75.083, 6.23)         (82.382, 86.7432, 1.4217)
                                                                                    (105.097, 93.148, -0.507)

             12          A 126          A 137             12        458.041         (105.097, 93.148, -0.507)         (96.6338, 68.2442, -0.148093)
                                                                                    (91.248, 95.091, -1.002)

             13          A 137          A 153             17        669.664         (91.248, 95.091, -1.002)         (83.5339, 78.1512, 21.0986)
                                                                                    (79.299, 112.12, 19.226)

