Using structure file: /home/pkas7/Research/SCOP/pdbstyle-1.75B/vf/d1vfga1.ent
Number of residues: 215
Doing a BEZIER segmentation ...

Bounding box volume: 56530.4
Null Model Fit: 9776.4 bits.
Bits per residue: 45.6841

Bezier model fit: 8708.89 bits.
Bits per residue: 40.6957

# of segments: 12
Internal segmentation:
0-->25-->31-->51-->78-->91-->113-->120-->144-->146-->171-->195-->214

CPU time used: 12.93 secs.
Wall clock time elapsed: 13 secs.

        SEGMENT          START            END   NUM_RESIDUES MESSAGE_LENGTH                    END_POINTS        INTERMEDIATE_CONTROL_POINTS
              1          A 137          A 162             26        1032.23         (31.856, -0.367, 6.373)         (27.539, -8.72826, 38.4814)
                                                                                    (30.669, -11.753, 2.962)

              2          A 162          A 168              7        261.145         (30.669, -11.753, 2.962)
                                                                                    (35.775, 1.101, 10.952)

              3          A 168          A 188             21        817.466         (35.775, 1.101, 10.952)         (47.2089, -6.32734, 27.7099)
                                                                                    (26.648, -18.529, 25.376)

              4          A 188          A 215             28        1074.62         (26.648, -18.529, 25.376)         (28.0837, -23.8813, -8.97168)
                                                                                    (41.857, -11.24, 15.117)

              5          A 215          A 228             14        547.537         (41.857, -11.24, 15.117)         (33.1161, -28.4022, 28.594)
                                                                                    (49.669, -22.833, 11.123)

              6          A 228          A 250             23        875.719         (49.669, -22.833, 11.123)         (42.4951, -23.4094, -7.88132)
                                                                                    (28.442, -29.067, -11.245)

              7          A 250          A 257              8        303.225         (28.442, -29.067, -11.245)
                                                                                    (32.149, -25.045, 3.588)

              8          A 257          A 281             25        973.629         (32.149, -25.045, 3.588)         (54.1441, -37.5171, 24.1439)
                                                                                    (25.309, -29.775, 13.699)

              9          A 281          A 283              3        95.4053         (25.309, -29.775, 13.699)
                                                                                    (26.124, -33.623, 8.587)

             10          A 283          A 308             26        997.469         (26.124, -33.623, 8.587)         (49.4644, -41.8101, 15.1884)
                                                                                    (48.68, -47.932, -13.966)

             11          A 308          A 332             25        961.193         (48.68, -47.932, -13.966)         (18.6293, -42.5451, 5.5722)
                                                                                    (49.758, -31.968, -6.065)

             12          A 332          A 351             20        769.248         (49.758, -31.968, -6.065)
                                                                                    (31.479, -45.86, -24.327)

