Using structure file: /home/pkas7/Research/SCOP/pdbstyle-1.75B/vg/d1vg0a1.ent
Number of residues: 375
Doing a BEZIER segmentation ...

Bounding box volume: 177673
Null Model Fit: 17703.7 bits.
Bits per residue: 47.3362

Bezier model fit: 15601.5 bits.
Bits per residue: 41.7153

# of segments: 20
Internal segmentation:
0-->14-->35-->61-->82-->105-->129-->148-->157-->184-->199-->223-->244-->272-->291-->302-->315-->316-->336-->361-->374

CPU time used: 23.15 secs.
Wall clock time elapsed: 23 secs.

        SEGMENT          START            END   NUM_RESIDUES MESSAGE_LENGTH                    END_POINTS        INTERMEDIATE_CONTROL_POINTS
              1            A 3           A 17             15        592.793         (73.713, 32.276, 60.1)         (60.0231, 52.4796, 50.9031)
                                                                                    (67.856, 30.467, 35.259)

              2           A 17           A 38             22        873.243         (67.856, 30.467, 35.259)         (82.2613, 59.5426, 42.3946)
                                                                                    (65.737, 28.859, 44.034)

              3           A 38           A 74             27        1109.49         (65.737, 28.859, 44.034)         (78.0262, -0.257973, 19.2384)
                                                                                    (49.761, 29.499, 56.541)

              4           A 74           A 95             22        874.155         (49.761, 29.499, 56.541)         (44.7005, 53.3599, 58.1241)
                                                                                    (57.55, 20.468, 31.463)

              5           A 95          A 222             24        955.965         (57.55, 20.468, 31.463)         (74.9686, -20.6316, 19.8526)
                                                                                    (78.766, 11.233, 36.605)

              6          A 222          A 246             25         994.13         (78.766, 11.233, 36.605)         (69.7651, 36.867, 8.15092)
                                                                                    (82.223, 41.33, 32.756)

              7          A 246          A 265             20        795.505         (82.223, 41.33, 32.756)         (92.3121, 22.8209, 28.0144)
                                                                                    (69.355, 13.011, -0.27)

              8          A 265          A 274             10        386.897         (69.355, 13.011, -0.27)
                                                                                    (85.274, 28.565, 4.651)

              9          A 274          A 301             28         1092.8         (85.274, 28.565, 4.651)         (80.5715, 17.2176, -18.7763)
                                                                                    (77.724, 44.373, 3.538)

             10          A 301          A 316             16        638.434         (77.724, 44.373, 3.538)         (63.6131, 54.7373, -6.75792)
                                                                                    (60.088, 35.877, 2.688)

             11          A 316          A 340             25         994.69         (60.088, 35.877, 2.688)         (76.7231, 26.1648, -16.0057)
                                                                                    (68.785, 29.174, 9.558)

             12          A 340          A 363             22        870.492         (68.785, 29.174, 9.558)         (57.0085, 45.8011, 3.48823)
                                                                                    (87.183, 32.32, 12.143)

             13          A 363          A 391             29        1150.27         (87.183, 32.32, 12.143)         (72.0144, 15.5476, 30.4336)
                                                                                    (79.888, 41.201, 45.096)

             14          A 391          A 410             20        779.943         (79.888, 41.201, 45.096)         (54.6343, 15.4982, 52.5794)
                                                                                    (50.484, 52.071, 46.981)

             15          A 410          A 421             12        468.282         (50.484, 52.071, 46.981)
                                                                                    (57.327, 32.13, 57.278)

             16          A 421          A 434             14        531.393         (57.327, 32.13, 57.278)         (68.0156, 56.5999, 44.9161)
                                                                                    (57.445, 29.38, 36.322)

             17          A 434          A 435              2        50.3733         (57.445, 29.38, 36.322)
                                                                                    (57.153, 30.654, 39.927)

             18          A 435          A 568             21        857.317         (57.153, 30.654, 39.927)         (36.9204, 36.197, 23.1533)
                                                                                    (58.33, 46.715, 41.1)

             19          A 568          A 593             26        1025.76         (58.33, 46.715, 41.1)         (72.2618, 16.4658, 10.2815)
                                                                                    (68.075, 49.561, 33.114)

             20          A 593          A 606             14        559.602         (68.075, 49.561, 33.114)
                                                                                    (88.13, 46.394, 39.71)

