Using structure file: /home/pkas7/Research/SCOP/pdbstyle-1.75B/vg/d1vgya2.ent
Number of residues: 113
Doing a BEZIER segmentation ...

Bounding box volume: 40538.3
Null Model Fit: 5062.89 bits.
Bits per residue: 45.2044

Bezier model fit: 4559.78 bits.
Bits per residue: 40.7123

# of segments: 8
Internal segmentation:
0-->17-->45-->61-->69-->81-->99-->111-->112

CPU time used: 6.19 secs.
Wall clock time elapsed: 6 secs.

        SEGMENT          START            END   NUM_RESIDUES MESSAGE_LENGTH                    END_POINTS        INTERMEDIATE_CONTROL_POINTS
              1          A 181          A 198             18        691.807         (29.936, 30.817, 0.069)         (13.5786, 57.8538, -12.1971)
                                                                                    (11.686, 60.314, -28.557)

              2          A 198          A 226             29        1139.86         (11.686, 60.314, -28.557)
                                                                                    (41.227, 20.632, -5.832)

              3          A 226          A 242             17        636.928         (41.227, 20.632, -5.832)
                                                                                    (5.834, 49.764, -16.918)

              4          A 242          A 250              9        348.236         (5.834, 49.764, -16.918)         (2.58653, 50.2251, -32.4126)
                                                                                    (13.473, 54.78, -16.153)

              5          A 250          A 262             13        471.321         (13.473, 54.78, -16.153)         (18.3808, 33.058, -8.4601)
                                                                                    (37.936, 29.742, -1.748)

              6          A 262          A 280             19        738.586         (37.936, 29.742, -1.748)         (33.4605, 47.3453, -3.99087)
                                                                                    (30.653, 50.528, -19.367)

              7          A 280          A 292             13        484.797         (30.653, 50.528, -19.367)         (16.9386, 55.8118, -3.8048)
                                                                                    (28.022, 32.86, 4.252)

              8          A 292          A 293              2        48.2414         (28.022, 32.86, 4.252)
                                                                                    (31.634, 32.26, 3.279)

