Using structure file: /home/pkas7/Research/SCOP/pdbstyle-1.75B/vi/d1vi0a2.ent
Number of residues: 117
Doing a BEZIER segmentation ...

Bounding box volume: 45267
Null Model Fit: 5262.17 bits.
Bits per residue: 45.3635

Bezier model fit: 4683.34 bits.
Bits per residue: 40.3736

# of segments: 7
Internal segmentation:
0-->20-->35-->63-->70-->93-->114-->116

CPU time used: 6.26 secs.
Wall clock time elapsed: 6 secs.

        SEGMENT          START            END   NUM_RESIDUES MESSAGE_LENGTH                    END_POINTS        INTERMEDIATE_CONTROL_POINTS
              1           A 78           A 98             21        792.879         (12.931, 49.592, -11.044)
                                                                                    (3.49, 31.391, 12.81)

              2           A 98          A 113             16         614.82         (3.49, 31.391, 12.81)
                                                                                    (26.464, 40.414, 22.557)

              3          A 113          A 141             29        1093.43         (26.464, 40.414, 22.557)         (21.8319, 35.0611, -0.483302)
                                                                                    (18.241, 58.438, -11.36)

              4          A 141          A 148              8        309.713         (18.241, 58.438, -11.36)
                                                                                    (22.467, 57.95, 2.35)

              5          A 148          A 171             24         903.12         (22.467, 57.95, 2.35)
                                                                                    (-1.037, 37.556, 17.818)

              6          A 171          A 192             22        874.614         (-1.037, 37.556, 17.818)         (3.55199, 44.0952, -8.87384)
                                                                                    (4.815, 64.645, 3.682)

              7          A 192          A 194              3        94.7641         (4.815, 64.645, 3.682)
                                                                                    (1.65, 66.416, -1.793)

