Using structure file: /home/pkas7/Research/SCOP/pdbstyle-1.75B/vj/d1vj2a_.ent
Number of residues: 114
Doing a BEZIER segmentation ...

Bounding box volume: 32568.6
Null Model Fit: 5072.41 bits.
Bits per residue: 44.8885

Bezier model fit: 4677.97 bits.
Bits per residue: 41.398

# of segments: 11
Internal segmentation:
0-->16-->31-->34-->44-->58-->71-->79-->88-->98-->109-->113

CPU time used: 6.11 secs.
Wall clock time elapsed: 6 secs.

        SEGMENT          START            END   NUM_RESIDUES MESSAGE_LENGTH                    END_POINTS        INTERMEDIATE_CONTROL_POINTS
              1            A 1           A 17             17        666.219         (37.181, 11.777, 20.837)         (17.8632, 20.1464, 9.32543)
                                                                                    (32.168, 9.691, -16.036)

              2           A 17           A 32             16        626.209         (32.168, 9.691, -16.036)         (22.8844, 10.1858, 4.09144)
                                                                                    (41.856, 12.886, 11.955)

              3           A 32           A 35              4        139.952         (41.856, 12.886, 11.955)
                                                                                    (45.868, 4.67, 9.441)

              4           A 35           A 45             11        395.069         (45.868, 4.67, 9.441)         (28.8098, 9.52823, 4.90196)
                                                                                    (17.538, 5.358, -6.973)

              5           A 45           A 59             15         581.39         (17.538, 5.358, -6.973)         (48.9578, 0.224487, -18.618)
                                                                                    (35.884, -2.646, 3.905)

              6           A 59           A 72             14        529.406         (35.884, -2.646, 3.905)         (7.18719, 2.74552, 5.71967)
                                                                                    (34.437, -8.678, -12.826)

              7           A 72           A 80              9          336.4         (34.437, -8.678, -12.826)         (22.0303, -12.4099, -11.1553)
                                                                                    (21.448, -3.84, 4.905)

              8           A 80           A 89             10        368.858         (21.448, -3.84, 4.905)
                                                                                    (43.039, -4.467, -7.423)

              9           A 89           A 99             11        411.474         (43.039, -4.467, -7.423)
                                                                                    (13.28, 3.171, -5.641)

             10           A 99          A 110             12        444.056         (13.28, 3.171, -5.641)         (27.9836, 0.613543, 7.43492)
                                                                                    (45.062, 6.21, 4.061)

             11          A 110          A 114              5         178.94         (45.062, 6.21, 4.061)
                                                                                    (39.654, 9.99, 1.308)

