Using structure file: /home/pkas7/Research/SCOP/pdbstyle-1.75B/vk/d1vkna2.ent
Number of residues: 163
Doing a BEZIER segmentation ...

Bounding box volume: 53071.3
Null Model Fit: 7386.07 bits.
Bits per residue: 45.593

Bezier model fit: 6668.33 bits.
Bits per residue: 41.1625

# of segments: 15
Internal segmentation:
0-->21-->31-->39-->58-->74-->88-->90-->102-->103-->117-->137-->139-->150-->152-->162

CPU time used: 9.5 secs.
Wall clock time elapsed: 9 secs.

        SEGMENT          START            END   NUM_RESIDUES MESSAGE_LENGTH                    END_POINTS        INTERMEDIATE_CONTROL_POINTS
              1          A 145          A 166             22        875.636         (23.757, 8.52, 33.049)         (15.8231, 15.739, 57.9239)
                                                                                    (2.832, 8.184, 41.418)

              2          A 166          A 176             11        395.942         (2.832, 8.184, 41.418)         (12.7422, 20.4952, 31.9005)
                                                                                    (26.147, 14.525, 22.687)

              3          A 176          A 184              9        353.611         (26.147, 14.525, 22.687)         (27.27, 3.76434, 29.3004)
                                                                                    (25.721, 7.603, 12.126)

              4          A 184          A 203             20        785.119         (25.721, 7.603, 12.126)         (26.5261, 34.4958, 14.0624)
                                                                                    (10.273, 5.149, 25.198)

              5          A 203          A 219             17        664.871         (10.273, 5.149, 25.198)         (19.9983, 2.30368, 39.7362)
                                                                                    (7.826, 1.447, 48.219)

              6          A 219          A 233             15        546.212         (7.826, 1.447, 48.219)         (2.80868, 11.3156, 23.4275)
                                                                                    (27.698, 20.515, 23.743)

              7          A 233          A 235              3        95.2231         (27.698, 20.515, 23.743)
                                                                                    (29.119, 16.717, 27.902)

              8          A 235          A 247             13        482.746         (29.119, 16.717, 27.902)         (5.27673, 16.236, 35.3014)
                                                                                    (5.187, 20.204, 51.664)

              9          A 247          A 248              2        48.6301         (5.187, 20.204, 51.664)
                                                                                    (6.989, 23.572, 51.88)

             10          A 248          A 262             15        564.945         (6.989, 23.572, 51.88)
                                                                                    (28.004, 13.511, 54.515)

             11          A 262          A 282             21        834.997         (28.004, 13.511, 54.515)         (11.386, 36.2042, 39.6817)
                                                                                    (35.358, 16.468, 34.298)

             12          A 282          A 284              3        95.2231         (35.358, 16.468, 34.298)
                                                                                    (32.477, 13.2, 39.918)

             13          A 284          A 295             12        434.873         (32.477, 13.2, 39.918)         (17.3147, 25.5124, 45.2102)
                                                                                    (-0.113, 27.947, 42.501)

             14          A 295          A 297              3        95.2231         (-0.113, 27.947, 42.501)
                                                                                    (2.126, 22.861, 44.318)

             15          A 297          A 307             11        395.077         (2.126, 22.861, 44.318)         (20.5707, 21.5643, 40.7324)
                                                                                    (27.609, 12.243, 32.081)

