Using structure file: /home/pkas7/Research/SCOP/pdbstyle-1.75B/vk/d1vk4a_.ent
Number of residues: 283
Doing a BEZIER segmentation ...

Bounding box volume: 77065.7
Null Model Fit: 13009 bits.
Bits per residue: 46.1312

Bezier model fit: 11705.9 bits.
Bits per residue: 41.5102

# of segments: 23
Internal segmentation:
0-->6-->22-->33-->44-->54-->67-->76-->86-->87-->101-->118-->135-->152-->168-->175-->186-->207-->215-->226-->249-->251-->269-->282

CPU time used: 17.52 secs.
Wall clock time elapsed: 17 secs.

        SEGMENT          START            END   NUM_RESIDUES MESSAGE_LENGTH                    END_POINTS        INTERMEDIATE_CONTROL_POINTS
              1           A -6            A 0              7        268.708         (56.354, 49.827, 10.033)
                                                                                    (49.53, 43.003, -0.742)

              2            A 0           A 16             17        653.958         (49.53, 43.003, -0.742)         (34.0719, 41.2521, 23.7778)
                                                                                    (24.486, 14.16, 24.644)

              3           A 16           A 27             12        455.416         (24.486, 14.16, 24.644)         (40.2648, 24.4068, 28.4655)
                                                                                    (38.534, 34.751, 11.825)

              4           A 27           A 38             12        451.787         (38.534, 34.751, 11.825)
                                                                                    (51.255, 32.893, 1.41)

              5           A 38           A 48             11         416.19         (51.255, 32.893, 1.41)         (41.4329, 45.9668, 9.04258)
                                                                                    (39.064, 40.216, 27.403)

              6           A 48           A 61             14        543.051         (39.064, 40.216, 27.403)
                                                                                    (51.686, 31.268, 13.233)

              7           A 61           A 70             10        377.536         (51.686, 31.268, 13.233)         (48.6812, 46.3478, 12.7759)
                                                                                    (36.284, 44.328, 25.525)

              8           A 70           A 80             11        400.358         (36.284, 44.328, 25.525)
                                                                                    (23.343, 18.969, 19.472)

              9           A 80           A 86              2        49.1682         (23.343, 18.969, 19.472)
                                                                                    (19.633, 19.012, 14.652)

             10           A 86          A 100             15        571.995         (19.633, 19.012, 14.652)         (29.1828, 36.9284, 33.8561)
                                                                                    (34.107, 53.176, 13.257)

             11          A 100          A 117             18        715.089         (34.107, 53.176, 13.257)         (55.3991, 45.5097, -3.7655)
                                                                                    (26.28, 37.24, 15.263)

             12          A 117          A 134             18        704.929         (26.28, 37.24, 15.263)         (26.084, 58.9611, 9.54955)
                                                                                    (39.911, 48.16, -2.572)

             13          A 134          A 151             18        712.694         (39.911, 48.16, -2.572)         (18.5995, 33.8887, 11.9341)
                                                                                    (19.481, 31.633, 21.109)

             14          A 151          A 167             17        664.311         (19.481, 31.633, 21.109)         (11.9814, 49.0113, -2.83638)
                                                                                    (30.568, 44.307, -1.311)

             15          A 167          A 174              8        295.939         (30.568, 44.307, -1.311)
                                                                                    (22.976, 26.834, 2.534)

             16          A 174          A 185             12        474.417         (22.976, 26.834, 2.534)         (12.7642, 39.9412, 6.40532)
                                                                                    (17.528, 25.975, -4.635)

             17          A 185          A 206             22        869.043         (17.528, 25.975, -4.635)         (24.44, 57.4052, -12.0617)
                                                                                    (27.833, 20.293, 2.213)

             18          A 206          A 214              9        338.515         (27.833, 20.293, 2.213)
                                                                                    (26.168, 36.236, -13.636)

             19          A 214          A 225             12        438.438         (26.168, 36.236, -13.636)         (36.3917, 18.6103, -9.75504)
                                                                                    (35.751, 12.199, 8.707)

             20          A 225          A 248             24        937.368         (35.751, 12.199, 8.707)         (35.1914, 36.106, 7.03819)
                                                                                    (45.011, 36.879, -9.709)

             21          A 248          A 250              3        96.2994         (45.011, 36.879, -9.709)
                                                                                    (40.37, 33.654, -12.981)

             22          A 250          A 268             19        709.814         (40.37, 33.654, -12.981)
                                                                                    (41.97, 16.255, 9.625)

             23          A 268          A 281             14        560.865         (41.97, 16.255, 9.625)         (53.0209, 26.8162, 10.8409)
                                                                                    (47.86, 20.801, -6.54)

