Using structure file: /home/pkas7/Research/SCOP/pdbstyle-1.75B/vl/d1vlja_.ent
Number of residues: 398
Doing a BEZIER segmentation ...

Bounding box volume: 132372
Null Model Fit: 18623.9 bits.
Bits per residue: 46.9116

Bezier model fit: 16307 bits.
Bits per residue: 41.0757

# of segments: 23
Internal segmentation:
0-->18-->42-->62-->74-->101-->125-->139-->150-->159-->170-->187-->210-->212-->235-->263-->286-->314-->321-->340-->353-->382-->384-->397

CPU time used: 25.01 secs.
Wall clock time elapsed: 25 secs.

        SEGMENT          START            END   NUM_RESIDUES MESSAGE_LENGTH                    END_POINTS        INTERMEDIATE_CONTROL_POINTS
              1           A -2           A 16             19        708.615         (29.58, 16.213, 25.61)         (20.7825, 21.4266, 60.1367)
                                                                                    (-2.949, 41.56, 38.246)

              2           A 16           A 40             25        996.238         (-2.949, 41.56, 38.246)         (1.95783, 31.7279, 78.2442)
                                                                                    (13.071, 58.048, 42.41)

              3           A 40           A 60             21        827.235         (13.071, 58.048, 42.41)         (-6.59363, 52.3096, 40.0421)
                                                                                    (-1.869, 46.959, 60.767)

              4           A 60           A 72             13         494.33         (-1.869, 46.959, 60.767)         (14.5925, 62.1993, 54.0189)
                                                                                    (22.634, 51.795, 39.715)

              5           A 72           A 99             28        1126.47         (22.634, 51.795, 39.715)         (13.8317, 53.8202, 82.2924)
                                                                                    (16.166, 45.674, 40.948)

              6           A 99          A 123             25        993.137         (16.166, 45.674, 40.948)         (19.6744, 47.1333, 69.7402)
                                                                                    (35.037, 42.768, 49.289)

              7          A 123          A 137             15        574.875         (35.037, 42.768, 49.289)         (23.6786, 31.1599, 68.3698)
                                                                                    (6.882, 44.597, 45.243)

              8          A 137          A 148             12        474.723         (6.882, 44.597, 45.243)         (15.4034, 44.475, 28.8679)
                                                                                    (17.444, 35.007, 44.294)

              9          A 148          A 157             10        369.888         (17.444, 35.007, 44.294)
                                                                                    (33.873, 56.621, 46.645)

             10          A 157          A 168             12        461.364         (33.873, 56.621, 46.645)         (32.1049, 39.9752, 36.5551)
                                                                                    (20.021, 35.067, 53.716)

             11          A 168          A 185             18        694.879         (20.021, 35.067, 53.716)         (-7.7775, 39.346, 40.7002)
                                                                                    (10.066, 53.73, 28.954)

             12          A 185          A 208             24        911.943         (10.066, 53.73, 28.954)
                                                                                    (28.111, 22.582, 29.96)

             13          A 208          A 210              3        97.8603         (28.111, 22.582, 29.96)
                                                                                    (22.718, 19.135, 29.449)

             14          A 210          A 233             24        899.821         (22.718, 19.135, 29.449)
                                                                                    (4.952, 48.097, 19.704)

             15          A 233          A 261             29        1156.88         (4.952, 48.097, 19.704)         (1.1999, 34.0794, 41.739)
                                                                                    (29.166, 24.539, 35.833)

             16          A 261          A 284             24        959.498         (29.166, 24.539, 35.833)         (35.4153, 60.4809, 37.0522)
                                                                                    (22.686, 48.489, 27.91)

             17          A 284          A 312             29        1137.74         (22.686, 48.489, 27.91)         (46.2096, 22.4126, 18.3717)
                                                                                    (17.321, 30.472, 18.82)

             18          A 312          A 319              8         304.24         (17.321, 30.472, 18.82)         (16.1567, 25.8434, 4.63001)
                                                                                    (30.952, 25.019, 12.013)

             19          A 319          A 338             20        755.273         (30.952, 25.019, 12.013)
                                                                                    (17.275, 49.676, 20.175)

             20          A 338          A 351             14        550.892         (17.275, 49.676, 20.175)
                                                                                    (40.306, 55.845, 24.198)

             21          A 351          A 380             30        1182.62         (40.306, 55.845, 24.198)         (36.0391, 36.3845, 56.5202)
                                                                                    (39.715, 32.896, 31.911)

             22          A 380          A 382              3        97.8603         (39.715, 32.896, 31.911)
                                                                                    (43.412, 38.372, 31.582)

             23          A 382          A 395             14        530.666         (43.412, 38.372, 31.582)
                                                                                    (32.524, 50.596, 17.155)

