Using structure file: /home/pkas7/Research/SCOP/pdbstyle-1.75B/vm/d1vm9a_.ent
Number of residues: 109
Doing a BEZIER segmentation ...

Bounding box volume: 22682.5
Null Model Fit: 4791.6 bits.
Bits per residue: 44.3666

Bezier model fit: 4506.24 bits.
Bits per residue: 41.7245

# of segments: 11
Internal segmentation:
0-->13-->21-->32-->45-->57-->64-->72-->79-->93-->101-->108

CPU time used: 6.01 secs.
Wall clock time elapsed: 6 secs.

        SEGMENT          START            END   NUM_RESIDUES MESSAGE_LENGTH                    END_POINTS        INTERMEDIATE_CONTROL_POINTS
              1            A 2           A 15             14         542.07         (19.475, 6.702, 47.457)         (33.9356, 24.5006, 36.1662)
                                                                                    (14.992, 26.445, 30.121)

              2           A 15           A 23              9        326.599         (14.992, 26.445, 30.121)         (20.7777, 12.4734, 26.3418)
                                                                                    (26.649, 5.8, 38.762)

              3           A 23           A 34             12        455.466         (26.649, 5.8, 38.762)         (16.9718, 5.60265, 28.5661)
                                                                                    (11.8, 28.237, 34.97)

              4           A 34           A 47             14        551.354         (11.8, 28.237, 34.97)         (18.0817, 11.8015, 41.6103)
                                                                                    (6.785, 5.322, 23.046)

              5           A 47           A 59             13        510.141         (6.785, 5.322, 23.046)         (25.2289, 10.5451, 20.7633)
                                                                                    (7.351, 27.118, 26.587)

              6           A 59           A 66              8        296.953         (7.351, 27.118, 26.587)
                                                                                    (10.446, 10.925, 16.693)

              7           A 66           A 74              9        339.404         (10.446, 10.925, 16.693)
                                                                                    (6.796, 20.317, 35.707)

              8           A 74           A 81              8        301.694         (6.796, 20.317, 35.707)
                                                                                    (-1.367, 12.469, 24.002)

              9           A 81           A 95             15        564.649         (-1.367, 12.469, 24.002)         (7.48921, 3.12079, 40.119)
                                                                                    (24.031, 23.896, 47.2)

             10           A 95          A 103              9        326.982         (24.031, 23.896, 47.2)
                                                                                    (15.969, 3.429, 43.65)

             11          A 103          A 110              8         290.93         (15.969, 3.429, 43.65)
                                                                                    (4.132, 2.187, 26.323)

