Using structure file: /home/pkas7/Research/SCOP/pdbstyle-1.75B/vp/d1vp5a_.ent
Number of residues: 284
Doing a BEZIER segmentation ...

Bounding box volume: 90173.8
Null Model Fit: 13119.2 bits.
Bits per residue: 46.3578

Bezier model fit: 11729.2 bits.
Bits per residue: 41.446

# of segments: 17
Internal segmentation:
0-->8-->25-->47-->71-->85-->100-->111-->130-->153-->166-->192-->211-->212-->225-->234-->260-->283

CPU time used: 17.6 secs.
Wall clock time elapsed: 17 secs.

        SEGMENT          START            END   NUM_RESIDUES MESSAGE_LENGTH                    END_POINTS        INTERMEDIATE_CONTROL_POINTS
              1            A 2           A 10              9        340.132         (55.31, 44.379, -15.49)         (62.518, 57.1774, -11.1294)
                                                                                    (74.315, 56.745, -12.142)

              2           A 10           A 27             18        723.507         (74.315, 56.745, -12.142)         (50.4303, 49.6178, -2.32097)
                                                                                    (62.113, 34.861, 12.68)

              3           A 27           A 49             23        900.293         (62.113, 34.861, 12.68)         (51.9288, 35.5141, -22.1706)
                                                                                    (68.53, 48.213, 12.744)

              4           A 49           A 73             25        984.897         (68.53, 48.213, 12.744)         (65.9296, 18.4378, -3.94314)
                                                                                    (66.952, 40.731, -10.966)

              5           A 73           A 87             15        585.143         (66.952, 40.731, -10.966)         (67.6702, 54.8052, 19.1954)
                                                                                    (84.738, 56.277, 8.439)

              6           A 87          A 102             16        607.307         (84.738, 56.277, 8.439)
                                                                                    (75.018, 36.415, 2.247)

              7          A 102          A 113             12        466.411         (75.018, 36.415, 2.247)         (75.494, 49.4302, -10.7919)
                                                                                    (69.52, 58.904, 9.818)

              8          A 113          A 132             20        788.339         (69.52, 58.904, 9.818)         (88.367, 64.7591, 6.67727)
                                                                                    (82.251, 47.944, -6.807)

              9          A 132          A 155             24        953.766         (82.251, 47.944, -6.807)         (56.2284, 75.6301, 12.5442)
                                                                                    (81.771, 64.125, -5.453)

             10          A 155          A 168             14        540.799         (81.771, 64.125, -5.453)         (63.8017, 53.4421, -0.659967)
                                                                                    (49.048, 63.137, 4.747)

             11          A 168          A 194             27        1067.25         (49.048, 63.137, 4.747)         (82.0176, 71.5927, -19.1229)
                                                                                    (47.95, 52.83, 8.768)

             12          A 194          A 213             20        795.431         (47.95, 52.83, 8.768)         (31.5178, 64.0124, -2.03379)
                                                                                    (40.714, 49.127, -6.795)

             13          A 213          A 214              2        49.3948         (40.714, 49.127, -6.795)
                                                                                    (41.474, 49.406, -3.044)

             14          A 214          A 227             14        534.495         (41.474, 49.406, -3.044)
                                                                                    (57.863, 58.963, -10.136)

             15          A 227          A 236             10        377.302         (57.863, 58.963, -10.136)         (59.6838, 50.2493, 4.87517)
                                                                                    (50.165, 38.857, 4.139)

             16          A 236          A 262             27        1056.13         (50.165, 38.857, 4.139)         (45.4325, 55.7223, -27.0159)
                                                                                    (44.864, 65.733, 1.791)

             17          A 262          A 285             24        958.619         (44.864, 65.733, 1.791)         (67.4383, 72.0422, 21.8568)
                                                                                    (71.54, 51.863, 20.505)

