Using structure file: /home/pkas7/Research/SCOP/pdbstyle-1.75B/vp/d1vp4a_.ent
Number of residues: 420
Doing a BEZIER segmentation ...

Bounding box volume: 221719
Null Model Fit: 19967.7 bits.
Bits per residue: 47.6557

Bezier model fit: 17264.4 bits.
Bits per residue: 41.2038

# of segments: 26
Internal segmentation:
0-->16-->38-->51-->78-->96-->110-->127-->147-->158-->175-->191-->192-->215-->230-->257-->283-->302-->331-->332-->342-->354-->355-->373-->394-->417-->419

CPU time used: 26.42 secs.
Wall clock time elapsed: 26 secs.

        SEGMENT          START            END   NUM_RESIDUES MESSAGE_LENGTH                    END_POINTS        INTERMEDIATE_CONTROL_POINTS
              1           A -6           A 10             17        642.368         (-42.975, 117.075, 55.578)
                                                                                    (-42.099, 130.911, 27.582)

              2           A 10           A 32             23        894.728         (-42.099, 130.911, 27.582)
                                                                                    (-19.135, 93.584, 20.221)

              3           A 32           A 45             14        550.184         (-19.135, 93.584, 20.221)         (-30.3877, 113.947, 10.0665)
                                                                                    (-8.986, 111.32, 8.973)

              4           A 45           A 72             28        1098.03         (-8.986, 111.32, 8.973)         (14.3571, 137.68, 24.9377)
                                                                                    (-19.689, 139.292, 14.83)

              5           A 72           A 90             19        744.773         (-19.689, 139.292, 14.83)         (-3.49871, 133.07, -0.698341)
                                                                                    (-18.906, 125.478, -7.313)

              6           A 90          A 104             15        587.502         (-18.906, 125.478, -7.313)         (-18.7491, 152.038, -5.20748)
                                                                                    (-21.286, 128.226, 15.637)

              7          A 104          A 121             18        703.137         (-21.286, 128.226, 15.637)
                                                                                    (-48.285, 132.37, 12.402)

              8          A 121          A 141             21         839.95         (-48.285, 132.37, 12.402)         (-25.5708, 103.792, 1.62465)
                                                                                    (-40.258, 128.996, 17.316)

              9          A 141          A 152             12        443.355         (-40.258, 128.996, 17.316)         (-52.1926, 121.315, 4.60518)
                                                                                    (-34.848, 109.876, -5.41)

             10          A 152          A 169             18        691.065         (-34.848, 109.876, -5.41)
                                                                                    (-56.122, 130.494, -2.769)

             11          A 169          A 185             17        661.807         (-56.122, 130.494, -2.769)         (-42.7156, 138.941, 9.09701)
                                                                                    (-26.262, 113.876, -0.189)

             12          A 185          A 186              2        50.6928         (-26.262, 113.876, -0.189)
                                                                                    (-29.256, 114.482, 2.034)

             13          A 186          A 209             24        957.641         (-29.256, 114.482, 2.034)         (-32.9004, 117.444, -17.6744)
                                                                                    (-42.111, 135.141, -2.983)

             14          A 209          A 224             16        614.154         (-42.111, 135.141, -2.983)         (-17.382, 120.632, 10.8811)
                                                                                    (-19.087, 109.57, -8.283)

             15          A 224          A 251             28        1121.15         (-19.087, 109.57, -8.283)         (-40.9415, 148.97, -8.63481)
                                                                                    (-13.547, 119.015, 12.205)

             16          A 251          A 277             27        1071.36         (-13.547, 119.015, 12.205)         (-35.6972, 149.556, -3.91742)
                                                                                    (-23.243, 135.209, 21.498)

             17          A 277          A 296             20         781.26         (-23.243, 135.209, 21.498)         (-1.473, 131.338, 13.9862)
                                                                                    (-5.475, 122.859, -0.264)

             18          A 296          A 325             30        1128.35         (-5.475, 122.859, -0.264)         (-12.52, 100.243, 2.02753)
                                                                                    (-34.787, 88.734, -1.409)

             19          A 325          A 326              2        50.6928         (-34.787, 88.734, -1.409)
                                                                                    (-37.294, 90.715, 0.622)

             20          A 326          A 336             11        423.724         (-37.294, 90.715, 0.622)
                                                                                    (-21.551, 111.078, -1.683)

             21          A 336          A 348             13        495.449         (-21.551, 111.078, -1.683)
                                                                                    (-42.288, 97.423, 9.153)

             22          A 348          A 349              2        50.6928         (-42.288, 97.423, 9.153)
                                                                                    (-41.814, 99.879, 11.992)

             23          A 349          A 367             19        759.868         (-41.814, 99.879, 11.992)         (-20.9245, 87.1476, 26.8735)
                                                                                    (-36.644, 106.913, 10.442)

             24          A 367          A 388             22        890.319         (-36.644, 106.913, 10.442)
                                                                                    (-14.176, 99.016, 9.475)

             25          A 388          A 411             24        912.793         (-14.176, 99.016, 9.475)
                                                                                    (-46.159, 87.941, 10.116)

             26          A 411          A 413              3        99.3485         (-46.159, 87.941, 10.116)
                                                                                    (-42.416, 87.55, 6.129)

