Using structure file: /home/pkas7/Research/SCOP/pdbstyle-1.75B/vp/d1vpaa_.ent
Number of residues: 221
Doing a BEZIER segmentation ...

Bounding box volume: 77878.9
Null Model Fit: 10152.2 bits.
Bits per residue: 46.1463

Bezier model fit: 9114.76 bits.
Bits per residue: 41.4307

# of segments: 17
Internal segmentation:
0-->14-->26-->45-->55-->69-->79-->93-->103-->125-->142-->143-->157-->179-->188-->199-->205-->220

CPU time used: 13.41 secs.
Wall clock time elapsed: 13 secs.

        SEGMENT          START            END   NUM_RESIDUES MESSAGE_LENGTH                    END_POINTS        INTERMEDIATE_CONTROL_POINTS
              1           A -1           A 13             15        571.671         (-8.631, 123.647, -29.637)         (-6.56933, 121.178, -5.93652)
                                                                                    (-13.367, 120.068, 10.754)

              2           A 13           A 25             13        515.498         (-13.367, 120.068, 10.754)
                                                                                    (-3.274, 108.178, 3.918)

              3           A 25           A 44             20         780.08         (-3.274, 108.178, 3.918)
                                                                                    (-10.087, 114.684, -21.714)

              4           A 44           A 54             11        411.239         (-10.087, 114.684, -21.714)
                                                                                    (0.017, 127.542, 1.976)

              5           A 54           A 68             15        587.926         (0.017, 127.542, 1.976)         (9.74347, 110.962, 1.5508)
                                                                                    (-0.166, 118.118, -16.791)

              6           A 68           A 78             11         417.46         (-0.166, 118.118, -16.791)         (2.5336, 131.297, -3.21593)
                                                                                    (-13.942, 128.974, 1.656)

              7           A 78           A 92             15        564.892         (-13.942, 128.974, 1.656)
                                                                                    (-3.422, 133.535, -18.335)

              8           A 92          A 102             11        413.335         (-3.422, 133.535, -18.335)         (-16.387, 123.979, -27.7252)
                                                                                    (-13.699, 118, -4.262)

              9          A 102          A 124             23        913.215         (-13.699, 118, -4.262)         (-14.3383, 100.282, -20.7062)
                                                                                    (-22.246, 125.397, -20.494)

             10          A 124          A 141             18        701.054         (-22.246, 125.397, -20.494)         (-32.7065, 96.2059, -3.80504)
                                                                                    (-36.792, 122.025, 17.752)

             11          A 141          A 142              2        49.1834         (-36.792, 122.025, 17.752)
                                                                                    (-37.03, 118.308, 18.726)

             12          A 142          A 156             15        571.281         (-37.03, 118.308, 18.726)         (-48.7556, 112.503, -9.68895)
                                                                                    (-21.717, 115.437, -6.38)

             13          A 156          A 178             23         919.53         (-21.717, 115.437, -6.38)         (-11.076, 126.272, -36.8946)
                                                                                    (-21.132, 124.276, -4.939)         (-21.0975, 151.874, 3.05299)

             14          A 178          A 187             10        383.584         (-21.132, 124.276, -4.939)
                                                                                    (-30.019, 131.781, -15.996)

             15          A 187          A 198             12        435.888         (-30.019, 131.781, -15.996)         (-28.5172, 110.892, -18.5378)
                                                                                    (-18.529, 105.794, -5.059)

             16          A 198          A 204              7         264.39         (-18.529, 105.794, -5.059)
                                                                                    (-17.097, 112.329, 8.837)

             17          A 204          A 219             16        614.538         (-17.097, 112.329, 8.837)         (-14.6497, 97.3104, 5.49561)
                                                                                    (-5.116, 100.509, -8.025)

