Using structure file: /home/pkas7/Research/SCOP/pdbstyle-1.75B/vq/d1vq8o1.ent
Number of residues: 115
Doing a BEZIER segmentation ...

Bounding box volume: 27351.7
Null Model Fit: 5088.58 bits.
Bits per residue: 44.6367

Bezier model fit: 4729.4 bits.
Bits per residue: 41.486

# of segments: 9
Internal segmentation:
0-->5-->20-->35-->55-->67-->76-->91-->96-->114

CPU time used: 6.34 secs.
Wall clock time elapsed: 6 secs.

        SEGMENT          START            END   NUM_RESIDUES MESSAGE_LENGTH                    END_POINTS        INTERMEDIATE_CONTROL_POINTS
              1            O 1            O 6              6        223.628         (21.825, 92.739, 56.638)
                                                                                    (15.146, 88.823, 45.928)

              2            O 6           O 21             16        598.461         (15.146, 88.823, 45.928)
                                                                                    (2.977, 73.13, 55.526)

              3           O 21           O 36             16        613.131         (2.977, 73.13, 55.526)
                                                                                    (26.807, 84.722, 55.961)

              4           O 36           O 56             21         830.74         (26.807, 84.722, 55.961)         (35.2761, 61.0519, 35.597)
                                                                                    (13.868, 62.83, 44.922)

              5           O 56           O 68             13        502.592         (13.868, 62.83, 44.922)         (23.1922, 87.5958, 49.9921)
                                                                                    (31.786, 67.401, 36.76)

              6           O 68           O 77             10        369.781         (31.786, 67.401, 36.76)         (15.1494, 54.7265, 32.453)
                                                                                    (16.37, 73.131, 43.189)

              7           O 77           O 92             16        623.801         (16.37, 73.131, 43.189)         (30.7247, 84.9062, 31.9452)
                                                                                    (19.622, 64.94, 31.585)

              8           O 92           O 97              6        217.122         (19.622, 64.94, 31.585)
                                                                                    (14.458, 77.731, 41.287)

              9           O 97          O 115             19        750.147         (14.458, 77.731, 41.287)         (-7.60267, 66.7386, 51.4454)
                                                                                    (26.003, 71.1, 50.001)

