Using structure file: /home/pkas7/Research/SCOP/pdbstyle-1.75B/vq/d1vq821.ent
Number of residues: 46
Doing a BEZIER segmentation ...

Bounding box volume: 23340.8
Null Model Fit: 1998.36 bits.
Bits per residue: 44.4079

Bezier model fit: 1880.82 bits.
Bits per residue: 41.796

# of segments: 5
Internal segmentation:
0-->2-->26-->28-->39-->45

CPU time used: 1.72 secs.
Wall clock time elapsed: 1 secs.

        SEGMENT          START            END   NUM_RESIDUES MESSAGE_LENGTH                    END_POINTS        INTERMEDIATE_CONTROL_POINTS
              1            2 1            2 3              3        92.8529         (77.785, 161.976, 58.971)
                                                                                    (75.674, 162.363, 52.831)

              2            2 3           2 27             25        968.858         (75.674, 162.363, 52.831)
                                                                                    (35.777, 162.166, 50.469)

              3           2 27           2 29              3        92.8529         (35.777, 162.166, 50.469)
                                                                                    (36.77, 157.116, 48.802)

              4           2 29           2 43             12        468.446         (36.77, 157.116, 48.802)
                                                                                    (63.047, 159.103, 66.31)

              5           2 43           2 49              7        257.811         (63.047, 159.103, 66.31)
                                                                                    (71.372, 152.635, 54.779)

