Using structure file: /home/pkas7/Research/SCOP/pdbstyle-1.75B/vq/d1vq811.ent
Number of residues: 56
Doing a BEZIER segmentation ...

Bounding box volume: 25563.3
Null Model Fit: 2449.65 bits.
Bits per residue: 44.5391

Bezier model fit: 2313.54 bits.
Bits per residue: 42.0643

# of segments: 4
Internal segmentation:
0-->3-->20-->43-->55

CPU time used: 2.34 secs.
Wall clock time elapsed: 2 secs.

        SEGMENT          START            END   NUM_RESIDUES MESSAGE_LENGTH                    END_POINTS        INTERMEDIATE_CONTROL_POINTS
              1            1 1            1 4              4        138.904         (81.602, 146.096, 81.387)
                                                                                    (74.375, 143.772, 77.104)

              2            1 4           1 21             18        690.371         (74.375, 143.772, 77.104)         (81.8853, 158.241, 69.3555)
                                                                                    (71.879, 146.207, 42.346)

              3           1 21           1 44             24        972.745         (71.879, 146.207, 42.346)         (81.8036, 147.202, 62.8019)
                                                                                    (74.939, 135.698, 39.041)

              4           1 44           1 56             13        511.519         (74.939, 135.698, 39.041)         (66.0197, 125.355, 57.1817)
                                                                                    (58.573, 123.596, 47.204)

