Using structure file: /home/pkas7/Research/SCOP/pdbstyle-1.75B/vq/d1vqqa2.ent
Number of residues: 188
Doing a BEZIER segmentation ...

Bounding box volume: 112321
Null Model Fit: 8728.15 bits.
Bits per residue: 46.6746

Bezier model fit: 7725.02 bits.
Bits per residue: 41.3103

# of segments: 12
Internal segmentation:
0-->18-->37-->65-->82-->93-->106-->113-->128-->143-->163-->173-->187

CPU time used: 11.1 secs.
Wall clock time elapsed: 11 secs.

        SEGMENT          START            END   NUM_RESIDUES MESSAGE_LENGTH                    END_POINTS        INTERMEDIATE_CONTROL_POINTS
              1          A 139          A 157             19        702.395         (10.961, 39.346, 5.203)         (17.4297, 25.3713, 32.6809)
                                                                                    (7.586, 36.553, 59.238)

              2          A 157          A 176             20        769.953         (7.586, 36.553, 59.238)
                                                                                    (40.549, 41.349, 21.626)

              3          A 176          A 204             29        1152.91         (40.549, 41.349, 21.626)         (54.7559, 27.9282, 53.6861)
                                                                                    (32.109, 27.281, 19.895)

              4          A 204          A 221             18        725.657         (32.109, 27.281, 19.895)         (39.8635, 52.1903, 9.58949)
                                                                                    (34.587, 48.503, 43.987)         (26.9917, 20.148, 50.0738)

              5          A 221          A 232             12        457.286         (34.587, 48.503, 43.987)
                                                                                    (42.227, 44.847, 30.485)

              6          A 232          A 245             14        534.921         (42.227, 44.847, 30.485)         (16.8703, 35.3387, 33.6901)
                                                                                    (21.363, 39.772, 56.17)

              7          A 245          A 252              8        310.396         (21.363, 39.772, 56.17)
                                                                                    (20.145, 28.966, 58.479)

              8          A 252          A 267             16        628.969         (20.145, 28.966, 58.479)         (33.4342, 20.249, 29.7774)
                                                                                    (16.682, 10.172, 45.647)

              9          A 267          A 282             16        636.022         (16.682, 10.172, 45.647)         (20.1173, 23.5346, 23.9916)
                                                                                    (20.608, 25.041, 54.866)

             10          A 282          A 302             21        825.911         (20.608, 25.041, 54.866)         (8.21318, 18.7571, 46.1076)
                                                                                    (8.624, 37.797, 13.484)

             11          A 302          A 313             11        438.416         (8.624, 37.797, 13.484)
                                                                                    (3.844, 28.939, 16.96)

             12          A 313          A 327             15        542.182         (3.844, 28.939, 16.96)         (9.21375, 28.4426, 38.7755)
                                                                                    (8.662, 32.394, 61.367)

