Using structure file: /home/pkas7/Research/SCOP/pdbstyle-1.75B/vy/d1vyhc1.ent
Number of residues: 310
Doing a BEZIER segmentation ...

Bounding box volume: 98098.7
Null Model Fit: 14362.1 bits.
Bits per residue: 46.4793

Bezier model fit: 12961.5 bits.
Bits per residue: 41.9466

# of segments: 30
Internal segmentation:
0-->16-->27-->37-->46-->58-->69-->79-->89-->100-->111-->121-->130-->142-->153-->163-->172-->184-->195-->208-->209-->217-->227-->239-->250-->260-->269-->281-->292-->302-->309

CPU time used: 19.67 secs.
Wall clock time elapsed: 19 secs.

        SEGMENT          START            END   NUM_RESIDUES MESSAGE_LENGTH                    END_POINTS        INTERMEDIATE_CONTROL_POINTS
              1           C 92          C 108             17         680.52         (104.803, 75.414, 112.152)         (108.844, 70.6917, 137.758)
                                                                                    (84.536, 60.28, 140.913)

              2          C 108          C 119             12        457.689         (84.536, 60.28, 140.913)         (91.1785, 54.7683, 123.786)
                                                                                    (85.925, 76.321, 118.388)

              3          C 119          C 129             11        417.731         (85.925, 76.321, 118.388)
                                                                                    (80.766, 58.693, 136.594)

              4          C 129          C 138             10        383.996         (80.766, 58.693, 136.594)
                                                                                    (93.541, 77.397, 129.123)

              5          C 138          C 150             13        510.222         (93.541, 77.397, 129.123)         (77.7362, 76.3386, 137.636)
                                                                                    (72.539, 55.647, 134.035)

              6          C 150          C 161             12        460.471         (72.539, 55.647, 134.035)         (88.133, 54.8429, 123.139)
                                                                                    (80.07, 73.186, 114.442)

              7          C 161          C 171             11        405.294         (80.07, 73.186, 114.442)
                                                                                    (73.023, 52.112, 129.549)

              8          C 171          C 181             11        422.795         (73.023, 52.112, 129.549)         (71.8408, 64.6695, 116.623)
                                                                                    (74.916, 74.716, 127.1)

              9          C 181          C 192             12        459.832         (74.916, 74.716, 127.1)         (62.3263, 61.7765, 120.485)
                                                                                    (71.265, 45.373, 123.35)

             10          C 192          C 203             12        454.547         (71.265, 45.373, 123.35)         (87.6531, 55.966, 125.185)
                                                                                    (77.682, 66.041, 107.214)

             11          C 203          C 213             11        413.533         (77.682, 66.041, 107.214)
                                                                                    (76.184, 43.888, 120.307)

             12          C 213          C 222             10        380.064         (76.184, 43.888, 120.307)
                                                                                    (67.241, 64.878, 113.851)

             13          C 222          C 234             13        509.976         (67.241, 64.878, 113.851)         (68.0059, 49.4954, 107.106)
                                                                                    (81.953, 37.746, 115.767)

             14          C 234          C 245             12        457.903         (81.953, 37.746, 115.767)         (86.2008, 54.9478, 123.791)
                                                                                    (85.237, 62.237, 103.4)

             15          C 245          C 255             11        410.767         (85.237, 62.237, 103.4)
                                                                                    (87.978, 39.336, 117.132)

             16          C 255          C 264             10        381.781         (87.978, 39.336, 117.132)         (92.1817, 49.1495, 107.579)
                                                                                    (76.358, 53.614, 101.669)

             17          C 264          C 276             13        504.105         (76.358, 53.614, 101.669)         (88.2907, 42.2924, 99.7782)
                                                                                    (97.617, 39.074, 117.738)

             18          C 276          C 287             12        456.958         (97.617, 39.074, 117.738)         (85.5334, 51.8083, 122.074)
                                                                                    (97.195, 65.887, 105.557)

             19          C 287          C 300             14        551.314         (97.195, 65.887, 105.557)         (113.394, 51.5414, 107.204)
                                                                                    (104.584, 51.763, 89.327)

             20          C 300          C 308              2        49.5164         (104.584, 51.763, 89.327)
                                                                                    (95.687, 55.671, 98.872)

             21          C 308          C 316              9         324.88         (95.687, 55.671, 98.872)         (94.3985, 55.4922, 113.111)
                                                                                    (96.393, 44.692, 123.441)

             22          C 316          C 326             11        424.381         (96.393, 44.692, 123.441)         (106.013, 52.0803, 116.006)
                                                                                    (93.308, 49.758, 99.078)

             23          C 326          C 338             13        508.083         (93.308, 49.758, 99.078)         (108.46, 47.5571, 106.983)
                                                                                    (104.569, 47.81, 127.865)

             24          C 338          C 349             12        462.753         (104.569, 47.81, 127.865)         (88.0174, 54.2393, 121.713)
                                                                                    (101.155, 67.692, 110.401)

             25          C 349          C 359             11        414.438         (101.155, 67.692, 110.401)
                                                                                    (101.371, 51.551, 130.811)

             26          C 359          C 368             10        379.214         (101.371, 51.551, 130.811)
                                                                                    (110.185, 58.682, 110.237)

             27          C 368          C 380             13        511.683         (110.185, 58.682, 110.237)
                                                                                    (99.667, 56.94, 138.024)

             28          C 380          C 391             12        456.112         (99.667, 56.94, 138.024)         (89.6624, 53.7935, 123.438)
                                                                                    (95.123, 74.263, 115.881)

             29          C 391          C 401             11        414.677         (95.123, 74.263, 115.881)
                                                                                    (93.318, 57.921, 138.317)

             30          C 401          C 408              8         296.27         (93.318, 57.921, 138.317)
                                                                                    (101.66, 72.059, 126.548)

