Using structure file: /home/pkas7/Research/SCOP/pdbstyle-1.75B/vz/d1vzia1.ent
Number of residues: 88
Doing a BEZIER segmentation ...

Bounding box volume: 22196.6
Null Model Fit: 3857.18 bits.
Bits per residue: 44.3354

Bezier model fit: 3594.31 bits.
Bits per residue: 41.3139

# of segments: 8
Internal segmentation:
0-->18-->26-->34-->47-->56-->68-->79-->87

CPU time used: 4.53 secs.
Wall clock time elapsed: 4 secs.

        SEGMENT          START            END   NUM_RESIDUES MESSAGE_LENGTH                    END_POINTS        INTERMEDIATE_CONTROL_POINTS
              1           A 38           A 56             19          755.1         (75.226, 25.815, -14.018)         (89.6972, 42.1759, -14.0852)
                                                                                    (78.866, 13.845, 11.174)

              2           A 56           A 64              9        333.029         (78.866, 13.845, 11.174)
                                                                                    (82.556, 29.146, -1.843)

              3           A 64           A 72              9        338.374         (82.556, 29.146, -1.843)
                                                                                    (70.279, 42.725, 0.608)

              4           A 72           A 85             14        532.612         (70.279, 42.725, 0.608)
                                                                                    (66.758, 10.597, -6.23)

              5           A 85           A 94             10        359.687         (66.758, 10.597, -6.23)         (65.7609, 23.5017, 2.20917)
                                                                                    (70.712, 38.387, 3.572)

              6           A 94          A 106             13        500.719         (70.712, 38.387, 3.572)
                                                                                    (74.977, 9.317, 0.4)

              7          A 106          A 117             12         441.43         (74.977, 9.317, 0.4)
                                                                                    (73.265, 38.267, -9.393)

              8          A 117          A 125              9        333.358         (73.265, 38.267, -9.393)
                                                                                    (82.409, 15.126, -4.688)

