Using structure file: /home/pkas7/Research/SCOP/pdbstyle-1.75B/w0/d1w0na_.ent
Number of residues: 120
Doing a BEZIER segmentation ...

Bounding box volume: 28917.1
Null Model Fit: 5321.32 bits.
Bits per residue: 44.717

Bezier model fit: 4917.8 bits.
Bits per residue: 41.326

# of segments: 9
Internal segmentation:
0-->22-->32-->42-->56-->66-->79-->94-->106-->119

CPU time used: 6.72 secs.
Wall clock time elapsed: 6 secs.

        SEGMENT          START            END   NUM_RESIDUES MESSAGE_LENGTH                    END_POINTS        INTERMEDIATE_CONTROL_POINTS
              1           A 12           A 34             23         926.65         (36.157, 10.171, 9.558)         (-3.04295, 20.1798, -2.29138)
                                                                                    (28.322, 25.401, -1.882)

              2           A 34           A 44             11        423.686         (28.322, 25.401, -1.882)
                                                                                    (12.48, 21.952, 6.883)

              3           A 44           A 54             11        404.048         (12.48, 21.952, 6.883)         (21.9744, 2.35129, 4.80755)
                                                                                    (30.609, 3.909, 19.457)

              4           A 54           A 68             15        576.088         (30.609, 3.909, 19.457)
                                                                                    (25.254, 38.702, 7.881)

              5           A 68           A 78             11        407.313         (25.254, 38.702, 7.881)         (20.2544, 25.8909, 16.0636)
                                                                                    (17.972, 9.247, 17.395)

              6           A 78           A 91             14        546.132         (17.972, 9.247, 17.395)         (22.4188, 28.9372, 23.499)
                                                                                    (31.024, 32.94, 4.595)

              7           A 91          A 106             16        618.751         (31.024, 32.94, 4.595)         (34.185, 13.7897, 32.2191)
                                                                                    (21.102, 2.547, 13.594)

              8          A 106          A 118             13        503.018         (21.102, 2.547, 13.594)
                                                                                    (14.632, 33.627, 15.603)

              9          A 118          A 131             14        512.114         (14.632, 33.627, 15.603)         (25.2939, 23.4905, -7.04007)
                                                                                    (35.911, 9.776, 17.356)

