Using structure file: /home/pkas7/Research/SCOP/pdbstyle-1.75B/w0/d1w0ma_.ent
Number of residues: 225
Doing a BEZIER segmentation ...

Bounding box volume: 60125.3
Null Model Fit: 10253.2 bits.
Bits per residue: 45.773

Bezier model fit: 9320.04 bits.
Bits per residue: 41.6073

# of segments: 15
Internal segmentation:
0-->2-->16-->34-->45-->62-->73-->94-->98-->113-->122-->147-->170-->194-->195-->224

CPU time used: 13.67 secs.
Wall clock time elapsed: 13 secs.

        SEGMENT          START            END   NUM_RESIDUES MESSAGE_LENGTH                    END_POINTS        INTERMEDIATE_CONTROL_POINTS
              1            A 1            A 3              3        95.5831         (-0.373, 139.323, 121.967)
                                                                                    (0.183, 136.766, 128.155)

              2            A 3           A 17             15        596.525         (0.183, 136.766, 128.155)         (-22.8849, 126.299, 113.673)
                                                                                    (-23.9, 136.876, 112.871)

              3           A 17           A 35             19         714.84         (-23.9, 136.876, 112.871)
                                                                                    (-11.637, 140.45, 135.114)

              4           A 35           A 46             12         460.31         (-11.637, 140.45, 135.114)
                                                                                    (-18.291, 139.723, 107.098)

              5           A 46           A 63             18        705.987         (-18.291, 139.723, 107.098)         (-13.1885, 157.284, 129.937)
                                                                                    (-8.269, 133.212, 108.696)

              6           A 63           A 74             12        474.118         (-8.269, 133.212, 108.696)         (4.79608, 147.04, 91.9299)
                                                                                    (-13.548, 137.196, 97.57)

              7           A 74           A 95             22        889.694         (-13.548, 137.196, 97.57)         (3.28392, 156.04, 119.117)
                                                                                    (-12.29, 123.948, 109.227)

              8           A 95           A 99              5        178.698         (-12.29, 123.948, 109.227)
                                                                                    (-0.917, 124.639, 102.533)

              9           A 99          A 114             16        604.398         (-0.917, 124.639, 102.533)
                                                                                    (2.419, 143.793, 113.397)

             10          A 114          A 123             10        378.101         (2.419, 143.793, 113.397)         (-5.47546, 130.127, 114.449)
                                                                                    (-1.985, 117.118, 116.949)

             11          A 123          A 148             26        1040.46         (-1.985, 117.118, 116.949)         (16.1748, 135.807, 112.193)
                                                                                    (-18.76, 117.999, 120.955)

             12          A 148          A 171             24        947.991         (-18.76, 117.999, 120.955)         (1.75022, 111.53, 132.793)
                                                                                    (10.788, 126.605, 119.659)

             13          A 171          A 195             25        999.763         (10.788, 126.605, 119.659)         (-31.0019, 124.239, 131.915)
                                                                                    (1.086, 124.086, 130.484)

             14          A 195          A 196              2        48.8101         (1.086, 124.086, 130.484)
                                                                                    (-1.07, 126.048, 128.107)

             15          A 196          A 225             30        1184.75         (-1.07, 126.048, 128.107)         (-43.1862, 136.748, 120.715)
                                                                                    (-3.262, 131.847, 137.192)

