Using structure file: /home/pkas7/Research/SCOP/pdbstyle-1.75B/w2/d1w2za2.ent
Number of residues: 93
Doing a BEZIER segmentation ...

Bounding box volume: 33546.9
Null Model Fit: 4133.67 bits.
Bits per residue: 44.9312

Bezier model fit: 3786.12 bits.
Bits per residue: 41.1535

# of segments: 6
Internal segmentation:
0-->27-->41-->51-->69-->79-->92

CPU time used: 4.64 secs.
Wall clock time elapsed: 4 secs.

        SEGMENT          START            END   NUM_RESIDUES MESSAGE_LENGTH                    END_POINTS        INTERMEDIATE_CONTROL_POINTS
              1            A 6           A 33             28        1118.18         (17.114, 19.063, -30.726)
                                                                                    (-11.164, -1.188, -48.929)

              2           A 33           A 47             15        571.656         (-11.164, -1.188, -48.929)         (-4.04949, 2.38404, -24.26)
                                                                                    (20.748, -0.194, -32.078)

              3           A 47           A 57             11        419.686         (20.748, -0.194, -32.078)
                                                                                    (29.056, 13.009, -30.716)

              4           A 57           A 75             19        731.696         (29.056, 13.009, -30.716)
                                                                                    (-8.708, -9.504, -39.164)

              5           A 75           A 85             11         405.12         (-8.708, -9.504, -39.164)         (8.73803, -6.9682, -37.6419)
                                                                                    (13.291, 9.662, -42.332)

              6           A 85           A 98             14        539.783         (13.291, 9.662, -42.332)         (5.93592, -6.47636, -51.3195)
                                                                                    (-0.478, -17.444, -30.805)

