Using structure file: /home/pkas7/Research/SCOP/pdbstyle-1.75B/w3/d1w3ia_.ent
Number of residues: 293
Doing a BEZIER segmentation ...

Bounding box volume: 80542.9
Null Model Fit: 13488.9 bits.
Bits per residue: 46.1948

Bezier model fit: 12051 bits.
Bits per residue: 41.2704

# of segments: 19
Internal segmentation:
0-->13-->41-->49-->64-->75-->103-->106-->122-->132-->145-->157-->171-->189-->215-->238-->252-->267-->288-->292

CPU time used: 18.67 secs.
Wall clock time elapsed: 18 secs.

        SEGMENT          START            END   NUM_RESIDUES MESSAGE_LENGTH                    END_POINTS        INTERMEDIATE_CONTROL_POINTS
              1            A 2           A 15             14        524.275         (-23.959, 56.279, 92.581)         (-19.8116, 60.8856, 71.4654)
                                                                                    (-16.558, 66.548, 55.788)

              2           A 15           A 43             29        1167.79         (-16.558, 66.548, 55.788)         (-46.5418, 50.2861, 85.2378)
                                                                                    (-12.303, 64.579, 76.344)

              3           A 43           A 51              9         339.19         (-12.303, 64.579, 76.344)
                                                                                    (-14.975, 75.643, 68.41)

              4           A 51           A 66             16        609.095         (-14.975, 75.643, 68.41)
                                                                                    (-32.616, 64.755, 77.294)

              5           A 66           A 77             12        456.953         (-32.616, 64.755, 77.294)
                                                                                    (-10.262, 82.018, 75.498)

              6           A 77          A 105             29        1146.07         (-10.262, 82.018, 75.498)         (-49.7105, 73.5191, 83.4166)
                                                                                    (2.841, 74.767, 81.777)

              7          A 105          A 108              4        143.871         (2.841, 74.767, 81.777)
                                                                                    (0.004, 80.025, 88.992)

              8          A 108          A 124             17        642.209         (0.004, 80.025, 88.992)
                                                                                    (-26.637, 80.173, 85.51)

              9          A 124          A 134             11        412.781         (-26.637, 80.173, 85.51)         (-16.952, 67.7975, 91.5629)
                                                                                    (-2.279, 64.342, 82.437)

             10          A 134          A 147             14        551.459         (-2.279, 64.342, 82.437)
                                                                                    (-10.414, 77.525, 97.805)

             11          A 147          A 159             13        501.142         (-10.414, 77.525, 97.805)         (-27.5866, 72.4988, 88.2488)
                                                                                    (-5.555, 56.6, 88.73)

             12          A 159          A 173             15        592.074         (-5.555, 56.6, 88.73)         (-7.7188, 64.3505, 103.784)
                                                                                    (-21.129, 68.312, 100.238)

             13          A 173          A 191             19        744.071         (-21.129, 68.312, 100.238)         (-7.87688, 43.9208, 74.7036)
                                                                                    (-18.778, 55.685, 99.092)

             14          A 191          A 217             27        1066.04         (-18.778, 55.685, 99.092)         (-22.0203, 52.8351, 59.6824)
                                                                                    (-22.506, 44.395, 97.876)

             15          A 217          A 240             24        922.643         (-22.506, 44.395, 97.876)         (-11.2077, 37.3178, 79.9234)
                                                                                    (-5.743, 54.833, 70.279)

             16          A 240          A 254             15        575.765         (-5.743, 54.833, 70.279)
                                                                                    (-25.016, 48.552, 66.229)

             17          A 254          A 269             16        634.216         (-25.016, 48.552, 66.229)         (-4.56793, 77.2611, 65.6435)
                                                                                    (-10.238, 48.688, 58.048)

             18          A 269          A 290             22        836.562         (-10.238, 48.688, 58.048)         (-7.99363, 36.7185, 73.5664)
                                                                                    (-27.277, 37.9, 79.431)

             19          A 290          A 294              5         184.76         (-27.277, 37.9, 79.431)
                                                                                    (-27.087, 38.91, 70.249)

