Using structure file: /home/pkas7/Research/SCOP/pdbstyle-1.75B/w6/d1w68a_.ent
Number of residues: 281
Doing a BEZIER segmentation ...

Bounding box volume: 99675.6
Null Model Fit: 13020.6 bits.
Bits per residue: 46.5023

Bezier model fit: 11345.7 bits.
Bits per residue: 40.5203

# of segments: 17
Internal segmentation:
0-->14-->36-->55-->84-->89-->118-->131-->133-->153-->182-->185-->214-->218-->245-->249-->269-->280

CPU time used: 17.11 secs.
Wall clock time elapsed: 17 secs.

        SEGMENT          START            END   NUM_RESIDUES MESSAGE_LENGTH                    END_POINTS        INTERMEDIATE_CONTROL_POINTS
              1           A 68           A 82             15        595.014         (122.292, 103.822, 75.393)
                                                                                    (105.959, 117.767, 79.691)

              2           A 82          A 104             23        908.804         (105.959, 117.767, 79.691)         (98.0221, 98.6627, 62.971)
                                                                                    (91.88, 100.927, 96.833)

              3          A 104          A 123             20        772.305         (91.88, 100.927, 96.833)         (75.8704, 85.8739, 113.091)
                                                                                    (96.47, 72.261, 105.586)

              4          A 123          A 152             30        1142.72         (96.47, 72.261, 105.586)         (106.553, 93.4259, 99.8913)
                                                                                    (114.761, 106.656, 86.562)

              5          A 152          A 157              6        225.748         (114.761, 106.656, 86.562)
                                                                                    (107.302, 110.776, 79.468)

              6          A 157          A 186             30        1130.05         (107.302, 110.776, 79.468)
                                                                                    (95.459, 87.253, 115.179)

              7          A 186          A 199             14        546.931         (95.459, 87.253, 115.179)
                                                                                    (114.155, 86.463, 106.397)

              8          A 199          A 201              3        97.0417         (114.155, 86.463, 106.397)
                                                                                    (110.794, 81.372, 105.204)

              9          A 201          A 221             21        821.199         (110.794, 81.372, 105.204)
                                                                                    (121.126, 95.686, 80.748)

             10          A 221          A 250             30        1132.67         (121.126, 95.686, 80.748)
                                                                                    (85.522, 75.95, 95.359)

             11          A 250          A 253              4        144.793         (85.522, 75.95, 95.359)
                                                                                    (87.749, 83.011, 101.049)

             12          A 253          A 282             30         1119.8         (87.749, 83.011, 101.049)         (94.1598, 96.2118, 85.2987)
                                                                                    (116.808, 98.442, 70.115)

             13          A 282          A 286              5         185.41         (116.808, 98.442, 70.115)
                                                                                    (119.182, 87.445, 72.329)

             14          A 286          A 313             28        1077.37         (119.182, 87.445, 72.329)         (113.637, 76.0687, 91.1895)
                                                                                    (97.439, 71.038, 100.399)

             15          A 313          A 317              5        185.715         (97.439, 71.038, 100.399)
                                                                                    (97.361, 68.32, 91.027)

             16          A 317          A 337             21        790.862         (97.361, 68.32, 91.027)
                                                                                    (107.789, 88.523, 70.229)

             17          A 337          A 348             12        469.249         (107.789, 88.523, 70.229)         (109.535, 68.3605, 72.6927)
                                                                                    (92.674, 74.899, 83.739)

