Using structure file: /home/pkas7/Research/SCOP/pdbstyle-1.75B/w6/d1w6na_.ent
Number of residues: 133
Doing a BEZIER segmentation ...

Bounding box volume: 28295.3
Null Model Fit: 5898.5 bits.
Bits per residue: 44.6856

Bezier model fit: 5429.4 bits.
Bits per residue: 41.1319

# of segments: 13
Internal segmentation:
0-->13-->24-->34-->53-->54-->63-->64-->80-->91-->100-->109-->122-->132

CPU time used: 7.9 secs.
Wall clock time elapsed: 7 secs.

        SEGMENT          START            END   NUM_RESIDUES MESSAGE_LENGTH                    END_POINTS        INTERMEDIATE_CONTROL_POINTS
              1         A 1001         A 1014             14        539.282         (0.257, 41.791, 32.021)         (20.6486, 49.6227, 42.509)
                                                                                    (28.172, 58.102, 26.899)

              2         A 1014         A 1026             12        457.118         (28.172, 58.102, 26.899)         (15.8441, 37.9647, 21.7789)
                                                                                    (-1.021, 42.947, 14.859)

              3         A 1026         A 1036             11        411.705         (-1.021, 42.947, 14.859)
                                                                                    (14.763, 58.104, 36.83)

              4         A 1036         A 1055             20        801.523         (14.763, 58.104, 36.83)
                                                                                    (-0.208, 56.042, 11.509)

              5         A 1055         A 1056              2        47.7227         (-0.208, 56.042, 11.509)
                                                                                    (3.326, 54.63, 11.475)

              6         A 1056         A 1065             10        360.571         (3.326, 54.63, 11.475)         (11.841, 63.6512, 22.2004)
                                                                                    (7.036, 64.513, 37.775)

              7         A 1065         A 1066              2        47.7227         (7.036, 64.513, 37.775)
                                                                                    (4.063, 62.942, 36.015)

              8         A 1066         A 1082             17        640.117         (4.063, 62.942, 36.015)         (13.4138, 72.0683, 3.81541)
                                                                                    (5.688, 40.417, 13.105)

              9         A 1082         A 1093             12        427.896         (5.688, 40.417, 13.105)         (22.642, 47.5356, 18.7597)
                                                                                    (24.017, 65.214, 29.284)

             10         A 1093         A 1102             10        372.327         (24.017, 65.214, 29.284)
                                                                                    (17.716, 50.729, 9.757)

             11         A 1102         A 1111             10         374.23         (17.716, 50.729, 9.757)         (20.3539, 64.0187, 15.8399)
                                                                                    (14.848, 68.002, 29.408)

             12         A 1111         A 1124             14        533.472         (14.848, 68.002, 29.408)         (28.5272, 54.4422, 43.1333)
                                                                                    (2.717, 47.531, 24.322)

             13         A 1124         A 1134             11        415.719         (2.717, 47.531, 24.322)         (12.9998, 34.3657, 22.1066)
                                                                                    (27.007, 49.073, 28.206)

