Using structure file: /home/pkas7/Research/SCOP/pdbstyle-1.75B/w9/d1w98b1.ent
Number of residues: 130
Doing a BEZIER segmentation ...

Bounding box volume: 50764.2
Null Model Fit: 5873.23 bits.
Bits per residue: 45.5289

Bezier model fit: 5313.94 bits.
Bits per residue: 41.1933

# of segments: 8
Internal segmentation:
0-->18-->28-->46-->72-->98-->107-->112-->129

CPU time used: 7.26 secs.
Wall clock time elapsed: 7 secs.

        SEGMENT          START            END   NUM_RESIDUES MESSAGE_LENGTH                    END_POINTS        INTERMEDIATE_CONTROL_POINTS
              1          B 228          B 246             19         738.01         (33.468, -0.076, -22.597)         (20.5054, -12.388, -29.3139)
                                                                                    (8.07, 6.094, -37.839)

              2          B 246          B 256             11        426.739         (8.07, 6.094, -37.839)         (19.2543, 11.8329, -22.4997)
                                                                                    (10.317, -7.814, -27.794)

              3          B 256          B 274             19        720.988         (10.317, -7.814, -27.794)         (20.3962, -19.0977, -25.1729)
                                                                                    (38.311, -17.091, -25.31)

              4          B 274          B 300             27        1083.62         (38.311, -17.091, -25.31)         (36.451, 6.50056, -34.1153)
                                                                                    (20.177, -2.41, -41.361)         (12.7384, -29.3406, -38.3611)

              5          B 300          B 326             27        1055.22         (20.177, -2.41, -41.361)         (44.0683, -16.753, -42.703)
                                                                                    (18.663, -27.505, -27.792)

              6          B 326          B 335             10        364.247         (18.663, -27.505, -27.792)         (10.0845, -14.7824, -24.8473)
                                                                                    (10.793, -11.263, -7.991)

              7          B 335          B 340              6         223.03         (10.793, -11.263, -7.991)
                                                                                    (9.509, -4.27, -18.585)

              8          B 340          B 357             18        702.085         (9.509, -4.27, -18.585)         (27.0979, -21.3821, -12.0158)
                                                                                    (30.097, -29.135, -28.65)

