Using structure file: /home/pkas7/Research/SCOP/pdbstyle-1.75B/wd/d1wd3a1.ent
Number of residues: 319
Doing a BEZIER segmentation ...

Bounding box volume: 83127.1
Null Model Fit: 14704.4 bits.
Bits per residue: 46.2404

Bezier model fit: 13294.6 bits.
Bits per residue: 41.8071

# of segments: 24
Internal segmentation:
0-->18-->36-->49-->64-->76-->91-->113-->123-->139-->149-->162-->177-->187-->201-->214-->223-->233-->244-->245-->270-->278-->289-->299-->318

CPU time used: 19.96 secs.
Wall clock time elapsed: 20 secs.

        SEGMENT          START            END   NUM_RESIDUES MESSAGE_LENGTH                    END_POINTS        INTERMEDIATE_CONTROL_POINTS
              1           A 19           A 37             19        751.955         (21.134, -6.904, -16.029)         (29.0919, 10.009, -35.6927)
                                                                                    (28.812, -8.405, -3.636)

              2           A 37           A 55             19        756.628         (28.812, -8.405, -3.636)         (22.4868, -14.0967, -30.5595)
                                                                                    (40.676, -14.594, 10.559)

              3           A 55           A 68             14        549.685         (40.676, -14.594, 10.559)
                                                                                    (24.529, -16.954, -14.384)

              4           A 68           A 83             16         619.94         (24.529, -16.954, -14.384)
                                                                                    (33.082, -19.892, 13.981)

              5           A 83           A 95             13        492.462         (33.082, -19.892, 13.981)         (41.1002, -3.66006, 1.78721)
                                                                                    (33.062, -6.206, -16.946)

              6           A 95          A 110             16        628.954         (33.062, -6.206, -16.946)
                                                                                    (46.819, 7.645, 5.927)

              7          A 110          A 132             23        930.958         (46.819, 7.645, 5.927)         (42.8033, -5.48231, 10.6183)
                                                                                    (14.018, -13.532, -1.255)

              8          A 132          A 142             11        419.081         (14.018, -13.532, -1.255)         (29.4256, -10.2194, 0.00715459)
                                                                                    (35.104, 5.068, 9.162)

              9          A 142          A 158             17        664.908         (35.104, 5.068, 9.162)         (47.417, -8.85508, -18.2911)
                                                                                    (37.011, 15.555, -20.03)

             10          A 158          A 168             11        405.588         (37.011, 15.555, -20.03)         (24.9856, 1.80789, -18.1357)
                                                                                    (22.025, 2.552, 2.373)

             11          A 168          A 181             14         550.16         (22.025, 2.552, 2.373)         (32.0727, 17.4875, 16.68)
                                                                                    (33.621, 6.756, -8.764)

             12          A 181          A 196             16        653.548         (33.621, 6.756, -8.764)         (57.9557, 19.6305, -4.21936)
                                                                                    (34.111, 12.73, -10.534)

             13          A 196          A 206             11        420.561         (34.111, 12.73, -10.534)         (20.9535, 8.07112, 10.1053)
                                                                                    (31.531, 22.107, 0.786)

             14          A 206          A 220             15        601.424         (31.531, 22.107, 0.786)         (6.08924, 12.2233, 8.3639)
                                                                                    (34.748, 16.84, -8.427)

             15          A 220          A 233             14        557.558         (34.748, 16.84, -8.427)
                                                                                    (21.872, 24.207, -3.451)

             16          A 233          A 242             10        368.834         (21.872, 24.207, -3.451)
                                                                                    (17.007, 2.369, 3.353)

             17          A 242          A 252             11        398.749         (17.007, 2.369, 3.353)         (22.9507, 5.74852, -10.9003)
                                                                                    (31.724, 18.164, -21.667)

             18          A 252          A 263             12        452.347         (31.724, 18.164, -21.667)         (19.4022, 17.2167, -7.75224)
                                                                                    (13.141, -0.442, -3.731)

             19          A 263          A 264              2        49.2775         (13.141, -0.442, -3.731)
                                                                                    (10.465, 1.426, -5.671)

             20          A 264          A 289             26        1029.79         (10.465, 1.426, -5.671)         (34.7881, 45.7709, -21.4934)
                                                                                    (41.161, 5.591, -10.798)

             21          A 289          A 297              9        347.418         (41.161, 5.591, -10.798)         (28.4948, 2.35808, 3.3481)
                                                                                    (43.182, 11.886, -1.409)

             22          A 297          A 308             12        453.496         (43.182, 11.886, -1.409)         (29.8283, 7.37704, 16.1126)
                                                                                    (26.229, -2.652, -6.246)

             23          A 308          A 318             11        414.427         (26.229, -2.652, -6.246)         (38.6328, 8.22084, -26.731)
                                                                                    (17.94, 9.419, -18.889)

             24          A 318          A 337             20        776.893         (17.94, 9.419, -18.889)         (12.015, -3.9573, -18.6119)
                                                                                    (18.734, -10.378, 9.595)

