Using structure file: /home/pkas7/Research/SCOP/pdbstyle-1.75B/wd/d1wdja_.ent
Number of residues: 186
Doing a BEZIER segmentation ...

Bounding box volume: 52271.6
Null Model Fit: 8430.65 bits.
Bits per residue: 45.5711

Bezier model fit: 7655.03 bits.
Bits per residue: 41.3786

# of segments: 14
Internal segmentation:
0-->11-->22-->32-->41-->60-->68-->78-->91-->110-->124-->146-->156-->172-->185

CPU time used: 11.11 secs.
Wall clock time elapsed: 11 secs.

        SEGMENT          START            END   NUM_RESIDUES MESSAGE_LENGTH                    END_POINTS        INTERMEDIATE_CONTROL_POINTS
              1            A 2           A 13             12        462.958         (24.321, 66.864, 26.325)         (47.9184, 63.3708, 36.6314)
                                                                                    (26.586, 71.706, 44.036)

              2           A 13           A 24             12        456.572         (26.586, 71.706, 44.036)
                                                                                    (21.338, 81.656, 31.545)

              3           A 24           A 34             11        420.382         (21.338, 81.656, 31.545)
                                                                                    (30.472, 63.008, 38.814)

              4           A 34           A 43             10        364.111         (30.472, 63.008, 38.814)         (26.7194, 71.6978, 27.0613)
                                                                                    (12.549, 78.241, 22.384)

              5           A 43           A 62             20        757.151         (12.549, 78.241, 22.384)
                                                                                    (-7.167, 69.455, 41.007)

              6           A 62           A 70              9          339.3         (-7.167, 69.455, 41.007)         (1.8067, 62.5363, 51.8984)
                                                                                    (9.457, 73.095, 36.36)

              7           A 70           A 80             11        422.024         (9.457, 73.095, 36.36)
                                                                                    (25.148, 61.376, 43.738)

              8           A 80           A 93             14        534.389         (25.148, 61.376, 43.738)         (7.29731, 72.3186, 23.6546)
                                                                                    (4.954, 63.338, 52.321)

              9           A 93          A 112             20        795.077         (4.954, 63.338, 52.321)         (27.6106, 82.1917, 54.9825)
                                                                                    (7.995, 59.741, 42.136)

             10          A 112          A 126             15        585.745         (7.995, 59.741, 42.136)         (15.7782, 73.684, 10.9676)
                                                                                    (21.164, 58.901, 25.405)

             11          A 126          A 148             23        897.618         (21.164, 58.901, 25.405)         (11.4292, 49.376, 56.3193)
                                                                                    (10.125, 64.783, 16.466)

             12          A 148          A 158             11        412.604         (10.125, 64.783, 16.466)
                                                                                    (10.434, 46.15, 36.73)

             13          A 158          A 174             17        652.158         (10.434, 46.15, 36.73)         (-1.92552, 64.6145, 4.02926)
                                                                                    (-1.677, 54.508, 38.827)

             14          A 174          A 187             14        554.947         (-1.677, 54.508, 38.827)
                                                                                    (4.374, 68.614, 19.056)

