Using structure file: /home/pkas7/Research/SCOP/pdbstyle-1.75B/wd/d1wdda2.ent
Number of residues: 140
Doing a BEZIER segmentation ...

Bounding box volume: 49698.1
Null Model Fit: 6324.26 bits.
Bits per residue: 45.4983

Bezier model fit: 5758.6 bits.
Bits per residue: 41.4287

# of segments: 11
Internal segmentation:
0-->8-->24-->36-->51-->64-->82-->93-->101-->117-->132-->139

CPU time used: 7.77 secs.
Wall clock time elapsed: 7 secs.

        SEGMENT          START            END   NUM_RESIDUES MESSAGE_LENGTH                    END_POINTS        INTERMEDIATE_CONTROL_POINTS
              1           A 11           A 19              9        333.067         (9.436, 49.524, 33.164)         (20.118, 35.3771, 37.8681)
                                                                                    (8.825, 34.695, 22.861)

              2           A 19           A 35             17        667.826         (8.825, 34.695, 22.861)         (-2.05641, 49.6504, 10.8856)
                                                                                    (13.876, 50.63, 5.385)

              3           A 35           A 47             13        482.022         (13.876, 50.63, 5.385)         (13.141, 27.5689, -2.52096)
                                                                                    (5.085, 23.294, 16.801)

              4           A 47           A 62             16        624.291         (5.085, 23.294, 16.801)
                                                                                    (18.824, 42.873, 13.84)

              5           A 62           A 75             14        543.893         (18.824, 42.873, 13.84)         (17.3459, 33.4314, 36.7958)
                                                                                    (19.03, 52.427, 23.542)

              6           A 75           A 93             19        751.305         (19.03, 52.427, 23.542)         (4.8013, 46.8039, 7.54505)
                                                                                    (2.489, 24.357, 0.962)

              7           A 93          A 104             12        438.814         (2.489, 24.357, 0.962)
                                                                                    (15.866, 50.397, 9.654)

              8          A 104          A 112              9        346.868         (15.866, 50.397, 9.654)
                                                                                    (29.166, 47.572, 2.469)

              9          A 112          A 128             17        647.703         (29.166, 47.572, 2.469)
                                                                                    (17.017, 25.018, 15.435)

             10          A 128          A 143             16        616.116         (17.017, 25.018, 15.435)         (10.4685, 29.634, -6.85724)
                                                                                    (18.983, 56.118, 0.594)

             11          A 143          A 150              8        306.692         (18.983, 56.118, 0.594)
                                                                                    (28.05, 50.465, -8.204)

