Using structure file: /home/pkas7/Research/SCOP/pdbstyle-1.75B/wf/d1wf3a2.ent
Number of residues: 118
Doing a BEZIER segmentation ...

Bounding box volume: 37120.4
Null Model Fit: 5274.04 bits.
Bits per residue: 45.0773

Bezier model fit: 4798 bits.
Bits per residue: 41.0085

# of segments: 7
Internal segmentation:
0-->25-->26-->45-->66-->88-->99-->117

CPU time used: 6.31 secs.
Wall clock time elapsed: 6 secs.

        SEGMENT          START            END   NUM_RESIDUES MESSAGE_LENGTH                    END_POINTS        INTERMEDIATE_CONTROL_POINTS
              1          A 181          A 206             26        1036.33         (78.173, 53.008, 0.929)         (76.3839, 28.3273, -5.48067)
                                                                                    (56.713, 20.882, -10.031)

              2          A 206          A 207              2        48.1143         (56.713, 20.882, -10.031)
                                                                                    (54.717, 18.999, -7.427)

              3          A 207          A 226             20        780.885         (54.717, 18.999, -7.427)         (82.1846, 23.5128, 3.93595)
                                                                                    (86.385, 38.396, -19.002)

              4          A 226          A 247             22        858.119         (86.385, 38.396, -19.002)         (62.376, 5.96153, 8.16811)
                                                                                    (65.438, 15.117, -16.898)

              5          A 247          A 269             23        871.716         (65.438, 15.117, -16.898)
                                                                                    (76.362, 42.823, -16.973)

              6          A 269          A 280             12        436.236         (76.362, 42.823, -16.973)         (83.0309, 24.371, -20.0692)
                                                                                    (70.952, 13.933, -3.26)

              7          A 280          A 298             19        766.596         (70.952, 13.933, -3.26)
                                                                                    (69.806, 28.637, 14.267)

