Using structure file: /home/pkas7/Research/SCOP/pdbstyle-1.75B/wg/d1wgra_.ent
Number of residues: 100
Doing a BEZIER segmentation ...

Bounding box volume: 30137.2
Null Model Fit: 4432.88 bits.
Bits per residue: 44.7766

Bezier model fit: 4101.21 bits.
Bits per residue: 41.4263

# of segments: 9
Internal segmentation:
0-->16-->17-->28-->42-->58-->59-->81-->94-->99

CPU time used: 5.3 secs.
Wall clock time elapsed: 5 secs.

        SEGMENT          START            END   NUM_RESIDUES MESSAGE_LENGTH                    END_POINTS        INTERMEDIATE_CONTROL_POINTS
              1            A 1           A 17             17        638.179         (-21.461, -1.561, 10.936)         (-7.77896, -27.1603, 1.86465)
                                                                                    (5.198, 8.379, -6.457)

              2           A 17           A 18              2        47.8137         (5.198, 8.379, -6.457)
                                                                                    (7.487, 6.986, -9.13)

              3           A 18           A 29             12        451.965         (7.487, 6.986, -9.13)         (0.595509, -12.7677, -5.78466)
                                                                                    (-5.605, -6.862, 10.592)

              4           A 29           A 43             15        592.022         (-5.605, -6.862, 10.592)         (4.36226, 7.22456, 2.36959)
                                                                                    (14.351, -8.887, 6.354)

              5           A 43           A 59             17        659.872         (14.351, -8.887, 6.354)         (11.1628, 11.6211, 16.1301)
                                                                                    (-11.701, 10.568, -9.359)

              6           A 59           A 60              2        47.8137         (-11.701, 10.568, -9.359)
                                                                                    (-12.108, 13.437, -6.925)

              7           A 60           A 82             23        909.879         (-12.108, 13.437, -6.925)         (4.15678, -4.29379, 25.5822)
                                                                                    (-17.939, 4.969, -7.308)

              8           A 82           A 95             14          530.3         (-17.939, 4.969, -7.308)         (11.5552, -0.434491, -1.22637)
                                                                                    (0.938, 20.662, 6.606)

              9           A 95          A 100              6        223.363         (0.938, 20.662, 6.606)
                                                                                    (10.345, 13.398, 15.133)

