Using structure file: /home/pkas7/Research/SCOP/pdbstyle-1.75B/wg/d1wgva_.ent
Number of residues: 124
Doing a BEZIER segmentation ...

Bounding box volume: 60548
Null Model Fit: 5631.33 bits.
Bits per residue: 45.7831

Bezier model fit: 5111.28 bits.
Bits per residue: 41.5551

# of segments: 11
Internal segmentation:
0-->19-->28-->37-->44-->53-->62-->74-->89-->100-->110-->123

CPU time used: 6.92 secs.
Wall clock time elapsed: 6 secs.

        SEGMENT          START            END   NUM_RESIDUES MESSAGE_LENGTH                    END_POINTS        INTERMEDIATE_CONTROL_POINTS
              1            A 1           A 20             20        811.674         (19.359, -19.714, -1.226)         (-5.48724, -14.0876, 8.93019)
                                                                                    (1.33, 4.476, -7.552)

              2           A 20           A 29             10        376.894         (1.33, 4.476, -7.552)
                                                                                    (-10.796, -1.069, 13.697)

              3           A 29           A 38             10        358.847         (-10.796, -1.069, 13.697)         (-0.98385, 5.00957, 2.64875)
                                                                                    (10.444, 13.54, -1.883)

              4           A 38           A 45              8        305.842         (10.444, 13.54, -1.883)
                                                                                    (4.125, 22.99, 6.18)

              5           A 45           A 54             10        365.047         (4.125, 22.99, 6.18)
                                                                                    (-15.559, 11.738, 5.157)

              6           A 54           A 63             10        368.157         (-15.559, 11.738, 5.157)         (0.223959, 15.1682, 0.620743)
                                                                                    (8.923, 24.25, -5.768)

              7           A 63           A 75             13        494.882         (8.923, 24.25, -5.768)
                                                                                    (-15.96, 6.126, 2.035)

              8           A 75           A 90             16        619.526         (-15.96, 6.126, 2.035)         (-12.5391, 15.1609, 27.1787)
                                                                                    (12.647, 12.189, 3.421)

              9           A 90          A 101             12        441.206         (12.647, 12.189, 3.421)         (-4.2782, 8.92793, 9.46151)
                                                                                    (-17.739, 2.211, 14.98)

             10          A 101          A 111             11        434.064         (-17.739, 2.211, 14.98)
                                                                                    (-14.226, 5.687, -5.755)

             11          A 111          A 124             14        535.142         (-14.226, 5.687, -5.755)         (-5.10731, -17.6147, 2.79052)
                                                                                    (-28.227, -9.691, 6.091)

