Using structure file: /home/pkas7/Research/SCOP/pdbstyle-1.75B/wg/d1wgwa_.ent
Number of residues: 99
Doing a BEZIER segmentation ...

Bounding box volume: 33396.7
Null Model Fit: 4402.63 bits.
Bits per residue: 44.9248

Bezier model fit: 4020.01 bits.
Bits per residue: 41.0205

# of segments: 7
Internal segmentation:
0-->3-->25-->27-->46-->71-->92-->98

CPU time used: 5.02 secs.
Wall clock time elapsed: 5 secs.

        SEGMENT          START            END   NUM_RESIDUES MESSAGE_LENGTH                    END_POINTS        INTERMEDIATE_CONTROL_POINTS
              1            A 1            A 4              4        140.061         (17.341, -17.359, -0.147)
                                                                                    (12.306, -16.78, 8.838)

              2            A 4           A 26             23        887.434         (12.306, -16.78, 8.838)
                                                                                    (10.077, 19.4, -1.081)

              3           A 26           A 28              3        93.8866         (10.077, 19.4, -1.081)
                                                                                    (4.32, 17.413, -2.323)

              4           A 28           A 47             20        762.302         (4.32, 17.413, -2.323)         (7.81472, 2.95595, -5.9953)
                                                                                    (-0.97, -10.407, -2.33)

              5           A 47           A 72             26        1037.36         (-0.97, -10.407, -2.33)         (-15.752, 12.0205, -5.76791)
                                                                                    (6.372, 21.245, 8.678)

              6           A 72           A 93             22        838.335         (6.372, 21.245, 8.678)         (5.50418, 5.21352, 6.42423)
                                                                                    (-10.947, -7.902, 9.641)

              7           A 93           A 99              7        260.627         (-10.947, -7.902, 9.641)         (-11.3279, -2.33398, 21.762)
                                                                                    (-18.574, 1.37, 9.932)

