Using structure file: /home/pkas7/Research/SCOP/pdbstyle-1.75B/wi/d1wiba_.ent
Number of residues: 92
Doing a BEZIER segmentation ...

Bounding box volume: 50611
Null Model Fit: 4142.73 bits.
Bits per residue: 45.5245

Bezier model fit: 3769.09 bits.
Bits per residue: 41.4186

# of segments: 9
Internal segmentation:
0-->12-->13-->23-->39-->61-->71-->72-->84-->91

CPU time used: 4.4 secs.
Wall clock time elapsed: 4 secs.

        SEGMENT          START            END   NUM_RESIDUES MESSAGE_LENGTH                    END_POINTS        INTERMEDIATE_CONTROL_POINTS
              1           A -6            A 7             13        478.498         (1.306, -41.624, -35.691)         (9.25071, -20.2327, -29.4594)
                                                                                    (3.227, -21.861, -7.021)

              2            A 7            A 8              2        48.5616         (3.227, -21.861, -7.021)
                                                                                    (6.831, -22.873, -6.342)

              3            A 8           A 18             11         401.69         (6.831, -22.873, -6.342)         (8.61489, -5.40506, -13.4523)
                                                                                    (-1.079, 7.695, -5.857)

              4           A 18           A 34             17        677.725         (-1.079, 7.695, -5.857)         (-19.6933, 4.52118, -5.60277)
                                                                                    (-11.258, -14.124, -11.169)

              5           A 34           A 56             23        909.685         (-11.258, -14.124, -11.169)         (-5.44818, -0.221914, 13.2461)
                                                                                    (2.547, 11.456, -2.231)

              6           A 56           A 66             11        403.935         (2.547, 11.456, -2.231)         (8.72607, -3.16873, -8.40886)
                                                                                    (0.273, -19.237, -2.474)

              7           A 66           A 67              2        48.5616         (0.273, -19.237, -2.474)
                                                                                    (-2.774, -16.987, -2.827)

              8           A 67           A 79             13        492.002         (-2.774, -16.987, -2.827)         (8.10964, 8.69057, 7.40116)
                                                                                    (17.832, 0.315, -12.103)

              9           A 79           A 86              8        308.434         (17.832, 0.315, -12.103)         (16.6911, -16.6725, -11.2118)
                                                                                    (26.482, -9.962, -7.039)

