Using structure file: /home/pkas7/Research/SCOP/pdbstyle-1.75B/wj/d1wj4a_.ent
Number of residues: 124
Doing a BEZIER segmentation ...

Bounding box volume: 134572
Null Model Fit: 5773.05 bits.
Bits per residue: 46.9354

Bezier model fit: 4989.13 bits.
Bits per residue: 40.562

# of segments: 8
Internal segmentation:
0-->15-->39-->51-->62-->88-->109-->121-->123

CPU time used: 6.67 secs.
Wall clock time elapsed: 6 secs.

        SEGMENT          START            END   NUM_RESIDUES MESSAGE_LENGTH                    END_POINTS        INTERMEDIATE_CONTROL_POINTS
              1            A 1           A 16             16        546.226         (-17.876, -67.822, 38.588)         (-17.3366, -68.4956, 9.49341)
                                                                                    (-5.729, -52.42, -9.609)

              2           A 16           A 40             25        938.327         (-5.729, -52.42, -9.609)         (7.88477, -21.01, -26.4446)
                                                                                    (13.398, 15.263, -7.419)

              3           A 40           A 52             13        489.954         (13.398, 15.263, -7.419)         (1.05943, 6.20021, 4.86735)
                                                                                    (1.641, -14.37, 4.236)

              4           A 52           A 63             12        455.023         (1.641, -14.37, 4.236)         (14.7441, 1.33196, 4.50513)
                                                                                    (2.467, 11.653, -9.023)

              5           A 63           A 89             27        1086.67         (2.467, 11.653, -9.023)         (2.27017, -26.2649, -16.3723)
                                                                                    (-7.017, 4.419, 7.704)

              6           A 89          A 110             22        885.053         (-7.017, 4.419, 7.704)         (-12.567, 2.13755, -22.7534)
                                                                                    (2.559, 11.435, 2.036)

              7          A 110          A 122             13        489.972         (2.559, 11.435, 2.036)         (-2.36778, -14.2185, 7.14082)
                                                                                    (-13.583, -9.571, -9.135)

              8          A 122          A 124              3        97.9078         (-13.583, -9.571, -9.135)
                                                                                    (-16.843, -9.187, -4.912)

