Using structure file: /home/pkas7/Research/SCOP/pdbstyle-1.75B/wk/d1wkaa1.ent
Number of residues: 143
Doing a BEZIER segmentation ...

Bounding box volume: 40435.2
Null Model Fit: 6418.5 bits.
Bits per residue: 45.2007

Bezier model fit: 5919.34 bits.
Bits per residue: 41.6855

# of segments: 10
Internal segmentation:
0-->12-->20-->36-->54-->69-->82-->102-->118-->133-->142

CPU time used: 8.2 secs.
Wall clock time elapsed: 8 secs.

        SEGMENT          START            END   NUM_RESIDUES MESSAGE_LENGTH                    END_POINTS        INTERMEDIATE_CONTROL_POINTS
              1          A 195          A 207             13        495.852         (50.108, 167.58, 65.759)
                                                                                    (77.936, 178.752, 54.723)

              2          A 207          A 215              9        323.748         (77.936, 178.752, 54.723)         (64.5665, 181.326, 59.6756)
                                                                                    (54.038, 170.605, 59.851)

              3          A 215          A 231             17        658.362         (54.038, 170.605, 59.851)         (64.2808, 160.999, 40.3174)
                                                                                    (61.494, 193.489, 52.836)

              4          A 231          A 249             19        765.321         (61.494, 193.489, 52.836)
                                                                                    (72.272, 167.005, 47.279)

              5          A 249          A 264             16        619.778         (72.272, 167.005, 47.279)         (55.9006, 196.817, 41.9957)
                                                                                    (54.235, 182.992, 59.99)

              6          A 264          A 277             14        562.368         (54.235, 182.992, 59.99)         (66.1138, 172.674, 47.7547)
                                                                                    (47.676, 175.216, 46.822)

              7          A 277          A 297             21        824.891         (47.676, 175.216, 46.822)         (66.6682, 188.518, 33.9815)
                                                                                    (48.371, 155.752, 46.658)

              8          A 297          A 313             17        680.671         (48.371, 155.752, 46.658)         (78.857, 161.869, 47.1612)
                                                                                    (52.896, 155.594, 53.467)

              9          A 313          A 328             16        606.109         (52.896, 155.594, 53.467)
                                                                                    (71.527, 164.417, 60.831)

             10          A 328          A 337             10        382.237         (71.527, 164.417, 60.831)
                                                                                    (49.789, 172.099, 68.936)

