Using structure file: /home/pkas7/Research/SCOP/pdbstyle-1.75B/wm/d1wmza_.ent
Number of residues: 140
Doing a BEZIER segmentation ...

Bounding box volume: 40855.2
Null Model Fit: 6284.97 bits.
Bits per residue: 45.2156

Bezier model fit: 5785.63 bits.
Bits per residue: 41.6233

# of segments: 15
Internal segmentation:
0-->1-->10-->11-->22-->38-->49-->64-->79-->80-->88-->105-->116-->118-->127-->139

CPU time used: 8.01 secs.
Wall clock time elapsed: 8 secs.

        SEGMENT          START            END   NUM_RESIDUES MESSAGE_LENGTH                    END_POINTS        INTERMEDIATE_CONTROL_POINTS
              1            A 1            A 2              2        48.2527         (9.861, -22.329, 32.84)
                                                                                    (7.224, -19.579, 33.051)

              2            A 2           A 11             10        388.123         (7.224, -19.579, 33.051)         (18.1315, -8.78765, 44.3626)
                                                                                    (5.261, -28.323, 39.375)

              3           A 11           A 12              2        48.2527         (5.261, -28.323, 39.375)
                                                                                    (2.425, -25.872, 38.792)

              4           A 12           A 23             12        457.927         (2.425, -25.872, 38.792)         (22.6007, -12.3084, 50.3225)
                                                                                    (7.621, -11.941, 62.126)

              5           A 23           A 39             17        652.842         (7.621, -11.941, 62.126)
                                                                                    (-3.589, -12.614, 35.888)

              6           A 39           A 50             12        455.631         (-3.589, -12.614, 35.888)         (3.26107, -13.1246, 56.3326)
                                                                                    (3.1, -33.566, 49.738)

              7           A 50           A 65             16         605.81         (3.1, -33.566, 49.738)
                                                                                    (20.624, -20.538, 54.197)

              8           A 65           A 80             16        625.764         (20.624, -20.538, 54.197)
                                                                                    (-9.618, -21.098, 65.717)

              9           A 80           A 81              2        48.2527         (-9.618, -21.098, 65.717)
                                                                                    (-7.154, -22.525, 68.302)

             10           A 81           A 89              9        346.948         (-7.154, -22.525, 68.302)
                                                                                    (-7.243, -21.338, 51.342)

             11           A 89          A 106             18        707.195         (-7.243, -21.338, 51.342)         (9.5861, -46.3908, 60.3661)
                                                                                    (2.466, -20.481, 76.544)

             12          A 106          A 117             12        450.883         (2.466, -20.481, 76.544)         (-2.19112, -16.9286, 57.2779)
                                                                                    (16.345, -30.298, 61.132)

             13          A 117          A 119              3        94.4682         (16.345, -30.298, 61.132)
                                                                                    (13.782, -32.517, 56.789)

             14          A 119          A 128             10        374.481         (13.782, -32.517, 56.789)         (0.428771, -26.5189, 66.9284)
                                                                                    (6.987, -12.347, 68.501)

             15          A 128          A 140             13        480.804         (6.987, -12.347, 68.501)         (18.1054, -20.0927, 48.9893)
                                                                                    (-5.957, -19.316, 40.498)

