Using structure file: /home/pkas7/Research/SCOP/pdbstyle-1.75B/wr/d1wraa1.ent
Number of residues: 305
Doing a BEZIER segmentation ...

Bounding box volume: 89284.3
Null Model Fit: 14088.4 bits.
Bits per residue: 46.3435

Bezier model fit: 12611.6 bits.
Bits per residue: 41.4856

# of segments: 20
Internal segmentation:
0-->10-->11-->21-->40-->52-->69-->82-->95-->108-->134-->152-->168-->189-->212-->223-->228-->248-->269-->289-->304

CPU time used: 18.91 secs.
Wall clock time elapsed: 19 secs.

        SEGMENT          START            END   NUM_RESIDUES MESSAGE_LENGTH                    END_POINTS        INTERMEDIATE_CONTROL_POINTS
              1           A 30           A 40             11        409.074         (60.246, 60.504, 10.387)
                                                                                    (46.642, 53.842, 35.198)

              2           A 40           A 41              2        49.3805         (46.642, 53.842, 35.198)
                                                                                    (48.541, 56.536, 37.116)

              3           A 41           A 51             11        404.757         (48.541, 56.536, 37.116)         (61.7715, 58.8596, 27.2461)
                                                                                    (64.125, 59.743, 9.233)

              4           A 51           A 70             20        797.532         (64.125, 59.743, 9.233)         (54.0903, 52.0129, 37.9714)
                                                                                    (70.255, 45.042, 49.964)

              5           A 70           A 82             13        517.418         (70.255, 45.042, 49.964)         (62.6219, 58.7786, 55.5275)
                                                                                    (52.017, 47.833, 41.229)

              6           A 82           A 99             18         685.28         (52.017, 47.833, 41.229)
                                                                                    (61.542, 47.368, 14.007)

              7           A 99          A 112             14        548.395         (61.542, 47.368, 14.007)         (76.7862, 63.5784, 22.268)
                                                                                    (62.129, 58.428, 39.753)

              8          A 112          A 125             14        535.927         (62.129, 58.428, 39.753)
                                                                                    (68.34, 44.452, 24.81)

              9          A 125          A 138             14        533.477         (68.34, 44.452, 24.81)         (77.9002, 66.9972, 19.2745)
                                                                                    (70.45, 60.646, 47.985)

             10          A 138          A 164             27        1076.17         (70.45, 60.646, 47.985)         (59.4926, 58.8463, 50.5987)
                                                                                    (77.605, 47.19, 27.847)

             11          A 164          A 182             19        736.446         (77.605, 47.19, 27.847)         (81.2886, 83.2858, 36.723)
                                                                                    (67.832, 62.718, 12.292)

             12          A 182          A 198             17        663.034         (67.832, 62.718, 12.292)         (64.2002, 76.9304, 30.3714)
                                                                                    (82.28, 71.927, 48.287)

             13          A 198          A 219             22        876.908         (82.28, 71.927, 48.287)         (57.7139, 64.6082, 50.3038)
                                                                                    (59.253, 70.856, 10.25)

             14          A 219          A 242             24        951.529         (59.253, 70.856, 10.25)         (57.4898, 69.6255, 57.0096)
                                                                                    (64.094, 81, 27.934)

             15          A 242          A 253             12          459.3         (64.094, 81, 27.934)         (48.7067, 73.1669, 12.9551)
                                                                                    (54.59, 65.996, 36.371)

             16          A 253          A 258              6        219.653         (54.59, 65.996, 36.371)
                                                                                    (49.845, 72.586, 42.778)

             17          A 258          A 278             21        833.884         (49.845, 72.586, 42.778)         (55.8189, 91.1992, 15.6648)
                                                                                    (48.511, 60.37, 33.009)

             18          A 278          A 299             22        868.769         (48.511, 60.37, 33.009)         (35.543, 75.2638, 49.2957)
                                                                                    (42.138, 77.68, 23.243)

             19          A 299          A 319             21        818.889         (42.138, 77.68, 23.243)         (46.3531, 32.6587, 34.6686)
                                                                                    (54.691, 71.245, 8.306)

             20          A 319          A 334             16        625.809         (54.691, 71.245, 8.306)
                                                                                    (43.402, 40.976, 23.148)

