Using structure file: /home/pkas7/Research/SCOP/pdbstyle-1.75B/wx/d1wx9a1.ent
Number of residues: 73
Doing a BEZIER segmentation ...

Bounding box volume: 19359.3
Null Model Fit: 3177.94 bits.
Bits per residue: 44.1381

Bezier model fit: 2985.88 bits.
Bits per residue: 41.4706

# of segments: 7
Internal segmentation:
0-->8-->17-->38-->45-->52-->71-->72

CPU time used: 3.4 secs.
Wall clock time elapsed: 3 secs.

        SEGMENT          START            END   NUM_RESIDUES MESSAGE_LENGTH                    END_POINTS        INTERMEDIATE_CONTROL_POINTS
              1            A 8           A 16              9        334.224         (7.602, -8.858, -4.779)
                                                                                    (-4.171, -0.437, 14.235)

              2           A 16           A 25             10        364.418         (-4.171, -0.437, 14.235)         (1.62528, -12.5045, 7.20106)
                                                                                    (4.18, -7.811, -9.643)

              3           A 25           A 46             22        868.787         (4.18, -7.811, -9.643)         (3.14272, 15.266, -15.6399)
                                                                                    (-8.62, 7.214, -3.959)         (-15.6785, -21.5304, 10.8344)

              4           A 46           A 53              8        292.907         (-8.62, 7.214, -3.959)
                                                                                    (9.603, 7.293, 5.246)

              5           A 53           A 60              8         296.67         (9.603, 7.293, 5.246)
                                                                                    (2.351, 6.624, -11.179)

              6           A 60           A 79             20        781.702         (2.351, 6.624, -11.179)         (23.085, -13.8563, 4.07835)
                                                                                    (-11.682, 10.846, 6.335)

              7           A 79           A 80              2        47.1752         (-11.682, 10.846, 6.335)
                                                                                    (-11.975, 9.961, 10.03)

