Using structure file: /home/pkas7/Research/SCOP/pdbstyle-1.75B/wz/d1wzva1.ent
Number of residues: 150
Doing a BEZIER segmentation ...

Bounding box volume: 46352.5
Null Model Fit: 6764.26 bits.
Bits per residue: 45.3977

Bezier model fit: 6170.96 bits.
Bits per residue: 41.4159

# of segments: 12
Internal segmentation:
0-->17-->28-->40-->45-->57-->59-->70-->94-->114-->119-->144-->149

CPU time used: 8.46 secs.
Wall clock time elapsed: 8 secs.

        SEGMENT          START            END   NUM_RESIDUES MESSAGE_LENGTH                    END_POINTS        INTERMEDIATE_CONTROL_POINTS
              1            A 2           A 19             18        699.662         (6.441, 15.593, 59.003)         (12.5214, 4.80345, 68.4869)
                                                                                    (31.038, 5.815, 59.287)

              2           A 19           A 30             12        460.391         (31.038, 5.815, 59.287)
                                                                                    (12.884, 22.049, 65.772)

              3           A 30           A 42             13        480.114         (12.884, 22.049, 65.772)
                                                                                    (38.975, 12.064, 49.531)

              4           A 42           A 47              6        226.267         (38.975, 12.064, 49.531)
                                                                                    (41.96, 15.731, 57.369)

              5           A 47           A 59             13        473.442         (41.96, 15.731, 57.369)         (20.9471, 24.3421, 60.6539)
                                                                                    (5.455, 18.453, 53.16)

              6           A 59           A 61              3        94.8325         (5.455, 18.453, 53.16)
                                                                                    (8.538, 13.228, 52.285)

              7           A 61           A 72             12        449.254         (8.538, 13.228, 52.285)
                                                                                    (33.484, 26.512, 54.755)

              8           A 72           A 96             25        1019.43         (33.484, 26.512, 54.755)         (28.6409, 25.3878, 37.6625)
                                                                                    (8.877, 10.31, 47.882)

              9           A 96          A 116             21        818.082         (8.877, 10.31, 47.882)         (30.9817, 6.33127, 60.1485)
                                                                                    (33.881, 18.874, 37.006)

             10          A 116          A 121              6         225.66         (33.881, 18.874, 37.006)
                                                                                    (32.821, 26.905, 41.262)

             11          A 121          A 146             26        1001.93         (32.821, 26.905, 41.262)         (55.9173, 15.8284, 34.344)
                                                                                    (38.432, 26.14, 58.271)

             12          A 146          A 151              6        221.898         (38.432, 26.14, 58.271)
                                                                                    (36.31, 12.853, 65.145)

