Using structure file: /home/pkas7/Research/SCOP/pdbstyle-1.75B/x1/d1x1ta_.ent
Number of residues: 236
Doing a BEZIER segmentation ...

Bounding box volume: 69337.4
Null Model Fit: 10805 bits.
Bits per residue: 45.9787

Bezier model fit: 9715.19 bits.
Bits per residue: 41.3412

# of segments: 17
Internal segmentation:
0-->14-->27-->37-->53-->65-->81-->92-->102-->131-->143-->151-->174-->187-->189-->192-->220-->235

CPU time used: 14.7 secs.
Wall clock time elapsed: 14 secs.

        SEGMENT          START            END   NUM_RESIDUES MESSAGE_LENGTH                    END_POINTS        INTERMEDIATE_CONTROL_POINTS
              1            A 1           A 15             15        600.735         (-4.426, 18.098, 48.992)         (-8.76684, 27.4541, 27.4439)
                                                                                    (12.416, 29.935, 38.785)

              2           A 15           A 28             14        533.837         (12.416, 29.935, 38.785)
                                                                                    (-2.283, 16.22, 43.29)

              3           A 28           A 38             11        423.995         (-2.283, 16.22, 43.29)         (-1.93906, 31.9957, 29.8554)
                                                                                    (13.973, 25.528, 25.3)

              4           A 38           A 54             17          647.3         (13.973, 25.528, 25.3)
                                                                                    (0.953, 11.158, 38.788)

              5           A 54           A 66             13        500.121         (0.953, 11.158, 38.788)         (3.54895, 27.2415, 23.4821)
                                                                                    (-0.333, 40.01, 24.354)

              6           A 66           A 82             17        649.032         (-0.333, 40.01, 24.354)
                                                                                    (-11.904, 20.732, 31.94)

              7           A 82           A 93             12        456.146         (-11.904, 20.732, 31.94)         (-5.59257, 31.2349, 45.5845)
                                                                                    (10.376, 40.957, 33.748)

              8           A 93          A 103             11        433.584         (10.376, 40.957, 33.748)         (20.9723, 63.6633, 40.3075)
                                                                                    (13.173, 53.574, 27.926)

              9          A 103          A 132             30         1145.7         (13.173, 53.574, 27.926)
                                                                                    (-17.578, 26.275, 39.556)

             10          A 132          A 144             13        486.137         (-17.578, 26.275, 39.556)
                                                                                    (8.092, 46.086, 45.534)

             11          A 144          A 152              9        356.158         (8.092, 46.086, 45.534)
                                                                                    (12.917, 50.302, 39.451)

             12          A 152          A 175             24        909.358         (12.917, 50.302, 39.451)
                                                                                    (-18.356, 35.024, 49.158)

             13          A 175          A 188             14        527.204         (-18.356, 35.024, 49.158)
                                                                                    (15.009, 34.815, 45.456)

             14          A 188          A 190              3        95.9945         (15.009, 34.815, 45.456)
                                                                                    (16.785, 33.15, 40.351)

             15          A 190          A 217              4        143.223         (16.785, 33.15, 40.351)
                                                                                    (22.093, 43.064, 53.634)

             16          A 217          A 245             29        1160.96         (22.093, 43.064, 53.634)         (8.70259, 18.1941, 44.5568)
                                                                                    (-11.382, 33.469, 54.116)

             17          A 245          A 260             16        645.703         (-11.382, 33.469, 54.116)         (10.8529, 37.5414, 47.4722)
                                                                                    (11.488, 48.023, 58.616)

