Using structure file: /home/pkas7/Research/SCOP/pdbstyle-1.75B/x2/d1x2ma1.ent
Number of residues: 52
Doing a BEZIER segmentation ...

Bounding box volume: 11055.7
Null Model Fit: 2209.82 bits.
Bits per residue: 43.3299

Bezier model fit: 2099.21 bits.
Bits per residue: 41.1611

# of segments: 5
Internal segmentation:
0-->2-->31-->33-->49-->51

CPU time used: 2.08 secs.
Wall clock time elapsed: 2 secs.

        SEGMENT          START            END   NUM_RESIDUES MESSAGE_LENGTH                    END_POINTS        INTERMEDIATE_CONTROL_POINTS
              1            A 8           A 10              3        90.6968         (8.114, 1.48, -13.129)
                                                                                    (8.753, 0.024, -7.859)

              2           A 10           A 39             30        1192.47         (8.753, 0.024, -7.859)         (-22.5418, 7.15978, -6.9596)
                                                                                    (5.484, -8.741, -3.379)

              3           A 39           A 41              3        90.6968         (5.484, -8.741, -3.379)
                                                                                    (0.528, -9.587, 1.579)

              4           A 41           A 57             17        634.656         (0.528, -9.587, 1.579)
                                                                                    (-4.193, 16.333, 3.342)

              5           A 57           A 59              3        90.6968         (-4.193, 16.333, 3.342)
                                                                                    (-8.099, 19.843, -0.797)

