Using structure file: /home/pkas7/Research/SCOP/pdbstyle-1.75B/x3/d1x36a_.ent
Number of residues: 198
Doing a BEZIER segmentation ...

Bounding box volume: 60944.9
Null Model Fit: 9021.14 bits.
Bits per residue: 45.7926

Bezier model fit: 8145.32 bits.
Bits per residue: 41.3468

# of segments: 15
Internal segmentation:
0-->20-->29-->45-->61-->62-->75-->91-->97-->110-->120-->138-->156-->172-->188-->197

CPU time used: 11.75 secs.
Wall clock time elapsed: 11 secs.

        SEGMENT          START            END   NUM_RESIDUES MESSAGE_LENGTH                    END_POINTS        INTERMEDIATE_CONTROL_POINTS
              1           A 71           A 91             21        812.093         (16.69, 42.102, 91.608)         (27.6716, 21.5866, 64.3919)
                                                                                    (58.649, 20.332, 65.626)

              2           A 91          A 100             10        368.829         (58.649, 20.332, 65.626)         (50.5327, 31.288, 74.1029)
                                                                                    (37.885, 35.508, 78.327)

              3          A 100          A 116             17        668.634         (37.885, 35.508, 78.327)         (28.165, 30.5397, 61.3196)
                                                                                    (29.621, 44.811, 81.471)

              4          A 116          A 132             17        657.233         (29.621, 44.811, 81.471)         (35.5617, 20.8056, 87.8593)
                                                                                    (43.149, 9.095, 60.614)

              5          A 132          A 133              2        48.8296         (43.149, 9.095, 60.614)
                                                                                    (44.475, 6.85, 63.402)

              6          A 133          A 146             14        530.174         (44.475, 6.85, 63.402)
                                                                                    (50.016, 35.532, 85.578)

              7          A 146          A 162             17        669.265         (50.016, 35.532, 85.578)         (67.2183, 20.5212, 69.9418)
                                                                                    (47.587, 23.116, 86.287)

              8          A 162          A 168              7        251.751         (47.587, 23.116, 86.287)
                                                                                    (47.74, 11.52, 70.445)

              9          A 168          A 181             14        536.986         (47.74, 11.52, 70.445)
                                                                                    (26.614, 18.005, 77.653)

             10          A 181          A 191             11        423.208         (26.614, 18.005, 77.653)         (32.662, -1.19736, 83.7568)
                                                                                    (41.928, 15.27, 75.943)

             11          A 191          A 209             19        742.828         (41.928, 15.27, 75.943)         (35.5759, 37.4985, 107.687)
                                                                                    (38.025, 43.49, 73.561)

             12          A 209          A 227             19        738.426         (38.025, 43.49, 73.561)         (60.5693, 50.1331, 79.1456)
                                                                                    (41.341, 42.044, 83.24)

             13          A 227          A 243             17        662.491         (41.341, 42.044, 83.24)         (54.3528, 10.6993, 74.4651)
                                                                                    (54.073, 21.483, 56.977)

             14          A 243          A 259             17        645.089         (54.073, 21.483, 56.977)         (32.2881, 13.3992, 73.6014)
                                                                                    (25.834, 40.873, 84.641)

             15          A 259          A 268             10        389.489         (25.834, 40.873, 84.641)         (21.2338, 52.587, 69.8053)
                                                                                    (35.592, 48.074, 75.125)

