Using structure file: /home/pkas7/Research/SCOP/pdbstyle-1.75B/x4/d1x4ha1.ent
Number of residues: 98
Doing a BEZIER segmentation ...

Bounding box volume: 38322.4
Null Model Fit: 4376.96 bits.
Bits per residue: 45.1233

Bezier model fit: 4023.14 bits.
Bits per residue: 41.4757

# of segments: 9
Internal segmentation:
0-->17-->44-->45-->59-->71-->73-->82-->96-->97

CPU time used: 5.06 secs.
Wall clock time elapsed: 5 secs.

        SEGMENT          START            END   NUM_RESIDUES MESSAGE_LENGTH                    END_POINTS        INTERMEDIATE_CONTROL_POINTS
              1            A 8           A 25             18        696.653         (-16.74, 19.903, -7.627)         (-2.25733, 6.24097, -24.0084)
                                                                                    (13.494, -11.394, 7.909)         (-0.344457, 0.918251, 19.3475)

              2           A 25           A 52             28        1115.79         (13.494, -11.394, 7.909)         (-20.4906, -9.04236, -18.8212)
                                                                                    (24.507, 0.038, 7.014)

              3           A 52           A 53              2        48.1603         (24.507, 0.038, 7.014)
                                                                                    (24.129, -3.509, 5.693)

              4           A 53           A 67             15        580.396         (24.129, -3.509, 5.693)
                                                                                    (-7.83, 2.757, -4.15)

              5           A 67           A 79             13        487.798         (-7.83, 2.757, -4.15)
                                                                                    (-6.539, -8.387, 13.313)

              6           A 79           A 81              3        94.2836         (-6.539, -8.387, 13.313)
                                                                                    (-11.528, -6.22, 12.056)

              7           A 81           A 90             10        380.006         (-11.528, -6.22, 12.056)
                                                                                    (5.147, -16.262, 12.242)

              8           A 90          A 104             15        571.892         (5.147, -16.262, 12.242)         (-5.92063, 3.8293, 1.96818)
                                                                                    (9.42, 21.653, 2.157)

              9          A 104          A 105              2        48.1603         (9.42, 21.653, 2.157)
                                                                                    (7.406, 24.877, 2.274)

