Using structure file: /home/pkas7/Research/SCOP/pdbstyle-1.75B/x4/d1x4ga1.ent
Number of residues: 96
Doing a BEZIER segmentation ...

Bounding box volume: 29673.3
Null Model Fit: 4251.65 bits.
Bits per residue: 44.7542

Bezier model fit: 3928.31 bits.
Bits per residue: 41.3506

# of segments: 8
Internal segmentation:
0-->15-->26-->41-->52-->62-->81-->93-->95

CPU time used: 4.88 secs.
Wall clock time elapsed: 4 secs.

        SEGMENT          START            END   NUM_RESIDUES MESSAGE_LENGTH                    END_POINTS        INTERMEDIATE_CONTROL_POINTS
              1            A 8           A 23             16        628.606         (-11.682, -12.099, 17.065)
                                                                                    (-6.046, 15.383, 11.431)

              2           A 23           A 34             12        444.538         (-6.046, 15.383, 11.431)
                                                                                    (8.775, -5.505, -4.132)

              3           A 34           A 49             16        631.503         (8.775, -5.505, -4.132)         (-0.0533055, 7.19138, -15.3767)
                                                                                    (-10.129, 5.136, -2.181)

              4           A 49           A 60             12        455.949         (-10.129, 5.136, -2.181)         (1.28744, 19.6552, -4.95053)
                                                                                    (14.493, -0.296, -3.719)

              5           A 60           A 70             11        402.126         (14.493, -0.296, -3.719)
                                                                                    (-8.254, 14.701, 4.074)

              6           A 70           A 89             20        781.922         (-8.254, 14.701, 4.074)         (-11.3785, -4.07044, 7.28542)
                                                                                    (2.209, -9.298, -2.107)

              7           A 89          A 101             13        490.117         (2.209, -9.298, -2.107)         (-5.06936, 7.24207, 11.5472)
                                                                                    (14.334, 16.68, 12.029)

              8          A 101          A 103              3        93.5455         (14.334, 16.68, 12.029)
                                                                                    (14.874, 17.198, 18.87)

