Using structure file: /home/pkas7/Research/SCOP/pdbstyle-1.75B/xa/d1xaua_.ent
Number of residues: 104
Doing a BEZIER segmentation ...

Bounding box volume: 33378.5
Null Model Fit: 4627.17 bits.
Bits per residue: 44.924

Bezier model fit: 4228.34 bits.
Bits per residue: 41.0519

# of segments: 10
Internal segmentation:
0-->2-->17-->30-->42-->51-->63-->73-->89-->90-->103

CPU time used: 5.57 secs.
Wall clock time elapsed: 5 secs.

        SEGMENT          START            END   NUM_RESIDUES MESSAGE_LENGTH                    END_POINTS        INTERMEDIATE_CONTROL_POINTS
              1           A 11           A 13              3         93.885         (31.979, 23.457, -6.306)
                                                                                    (31.315, 27.73, -0.928)

              2           A 13           A 28             16        615.332         (31.315, 27.73, -0.928)         (14.1918, 12.9232, 17.4762)
                                                                                    (35.867, 25.112, 33.2)

              3           A 28           A 41             14        529.347         (35.867, 25.112, 33.2)         (29.4655, 19.938, 11.51)
                                                                                    (39.84, 28.545, -4.613)

              4           A 41           A 53             13        483.672         (39.84, 28.545, -4.613)         (36.8528, 35.9649, 13.8645)
                                                                                    (17.541, 35.658, 22.259)

              5           A 53           A 62             10        378.485         (17.541, 35.658, 22.259)         (23.5172, 39.4512, 9.4431)
                                                                                    (38.899, 37.887, 23.744)

              6           A 62           A 74             13         498.32         (38.899, 37.887, 23.744)
                                                                                    (39.365, 16.041, 4.765)

              7           A 74           A 84             11        403.703         (39.365, 16.041, 4.765)         (35.5034, 32.0191, 11.5279)
                                                                                    (37.788, 27.688, 29.252)

              8           A 84          A 100             17        668.364         (37.788, 27.688, 29.252)         (16.3233, 27.7716, 28.871)
                                                                                    (32.03, 37.193, -3.324)

              9          A 100          A 101              2        47.9611         (32.03, 37.193, -3.324)
                                                                                    (28.702, 39.074, -3.387)

             10          A 101          A 114             14        509.274         (28.702, 39.074, -3.387)         (20.7331, 22.9592, 11.2329)
                                                                                    (26.64, 22.128, 32.966)

