Using structure file: /home/pkas7/Research/SCOP/pdbstyle-1.75B/xd/d1xdya_.ent
Number of residues: 263
Doing a BEZIER segmentation ...

Bounding box volume: 91817.5
Null Model Fit: 12152.6 bits.
Bits per residue: 46.3838

Bezier model fit: 10954.4 bits.
Bits per residue: 41.8106

# of segments: 17
Internal segmentation:
0-->18-->35-->58-->59-->73-->85-->114-->132-->149-->176-->185-->197-->209-->227-->239-->240-->262

CPU time used: 16.52 secs.
Wall clock time elapsed: 16 secs.

        SEGMENT          START            END   NUM_RESIDUES MESSAGE_LENGTH                    END_POINTS        INTERMEDIATE_CONTROL_POINTS
              1           A 18           A 36             19        749.154         (3.883, 30.538, 68.299)         (-11.7733, -6.99687, 69.0944)
                                                                                    (15.115, 17.765, 73.62)

              2           A 36           A 53             18        723.041         (15.115, 17.765, 73.62)         (20.4205, 27.4981, 50.9177)
                                                                                    (24.746, 21.692, 62.188)

              3           A 53           A 76             24        932.515         (24.746, 21.692, 62.188)         (10.5442, 47.9332, 60.9659)
                                                                                    (-4.6, 17.702, 39.432)

              4           A 76           A 77              2        49.4209         (-4.6, 17.702, 39.432)
                                                                                    (-8.283, 18.55, 38.768)

              5           A 77           A 91             15        582.389         (-8.283, 18.55, 38.768)         (3.63313, 39.743, 59.5209)
                                                                                    (-6.9, 21.192, 58.113)

              6           A 91          A 103             13        477.988         (-6.9, 21.192, 58.113)         (3.86353, 9.23302, 75.7359)
                                                                                    (21.2, 9.392, 56.345)

              7          A 103          A 132             30        1196.95         (21.2, 9.392, 56.345)         (11.4854, 18.4833, 90.6178)
                                                                                    (4.455, 11.063, 41.466)         (-27.4015, 17.8968, 25.117)

              8          A 132          A 150             19        749.115         (4.455, 11.063, 41.466)         (16.5852, 46.0424, 55.7102)
                                                                                    (29.29, 26.541, 46.193)

              9          A 150          A 167             18        709.025         (29.29, 26.541, 46.193)
                                                                                    (1.08, 5.934, 47.059)

             10          A 167          A 194             28         1136.3         (1.08, 5.934, 47.059)         (8.05941, 30.8051, 76.1601)
                                                                                    (7.79, 21.136, 55.822)

             11          A 194          A 203             10        387.575         (7.79, 21.136, 55.822)         (8.57504, -1.48873, 59.4247)
                                                                                    (16.817, 14.196, 53.136)

             12          A 203          A 215             13        506.665         (16.817, 14.196, 53.136)         (5.03886, 32.8415, 55.4722)
                                                                                    (3.401, 14.595, 37.749)

             13          A 215          A 227             13         504.21         (3.401, 14.595, 37.749)
                                                                                    (25.321, 11.904, 44.105)

             14          A 227          A 245             19        761.846         (25.321, 11.904, 44.105)         (5.02884, -4.15413, 55.1049)
                                                                                    (31.07, 5.854, 52.859)

             15          A 245          A 257             13        511.419         (31.07, 5.854, 52.859)         (16.3804, -1.73886, 65.2138)
                                                                                    (23.598, 16.146, 76.863)

             16          A 257          A 264              2        49.4209         (23.598, 16.146, 76.863)
                                                                                    (24.37, 4.239, 69.869)

             17          A 264          A 286             23        927.343         (24.37, 4.239, 69.869)         (-7.88852, -5.53002, 56.4973)
                                                                                    (14.628, -0.181, 43.264)

