Using structure file: /home/pkas7/Research/SCOP/pdbstyle-1.75B/xf/d1xfea2.ent
Number of residues: 44
Doing a BEZIER segmentation ...

Bounding box volume: 12684.9
Null Model Fit: 1871.71 bits.
Bits per residue: 43.5282

Bezier model fit: 1812.88 bits.
Bits per residue: 42.1599

# of segments: 4
Internal segmentation:
0-->7-->15-->27-->43

CPU time used: 1.52 secs.
Wall clock time elapsed: 1 secs.

        SEGMENT          START            END   NUM_RESIDUES MESSAGE_LENGTH                    END_POINTS        INTERMEDIATE_CONTROL_POINTS
              1            A 1            A 8              8        292.882         (112.37, 18.572, 21.422)         (110.45, 14.5159, 6.55223)
                                                                                    (117.405, 3.26, 14.157)

              2            A 8           A 16              9        335.481         (117.405, 3.26, 14.157)
                                                                                    (111.942, 9.461, -2.993)

              3           A 16           A 28             13        512.149         (111.942, 9.461, -2.993)         (119.069, -1.9929, 14.6728)
                                                                                    (115.877, -9.506, -5.376)

              4           A 28           A 44             17        672.364         (115.877, -9.506, -5.376)         (110.995, 13.8123, -8.34266)
                                                                                    (127.824, -7.397, -5.155)

