Using structure file: /home/pkas7/Research/SCOP/pdbstyle-1.75B/xi/d1xi3a_.ent
Number of residues: 202
Doing a BEZIER segmentation ...

Bounding box volume: 45164.3
Null Model Fit: 9117.41 bits.
Bits per residue: 45.3602

Bezier model fit: 8351.07 bits.
Bits per residue: 41.5476

# of segments: 15
Internal segmentation:
0-->15-->17-->39-->41-->60-->76-->84-->97-->107-->128-->131-->148-->160-->175-->201

CPU time used: 12.1 secs.
Wall clock time elapsed: 12 secs.

        SEGMENT          START            END   NUM_RESIDUES MESSAGE_LENGTH                    END_POINTS        INTERMEDIATE_CONTROL_POINTS
              1            A 2           A 17             16        620.283         (1.706, 20.795, 91.894)
                                                                                    (25.196, 3.061, 83.306)

              2           A 17           A 19              3        94.7576         (25.196, 3.061, 83.306)
                                                                                    (19.762, 2.012, 78.877)

              3           A 19           A 41             23        907.375         (19.762, 2.012, 78.877)         (-4.70663, 4.78212, 102.766)
                                                                                    (26.114, 12.648, 71.609)

              4           A 41           A 43              3        94.7576         (26.114, 12.648, 71.609)
                                                                                    (21.393, 11.913, 66.734)

              5           A 43           A 62             20        760.248         (21.393, 11.913, 66.734)
                                                                                    (1.503, 10.061, 86.204)

              6           A 62           A 78             17         666.99         (1.503, 10.061, 86.204)         (27.748, 25.7688, 69.7489)
                                                                                    (5.539, 16.806, 74.326)

              7           A 78           A 86              9          334.6         (5.539, 16.806, 74.326)
                                                                                    (24.931, 27.664, 81.706)

              8           A 86           A 99             14        549.522         (24.931, 27.664, 81.706)
                                                                                    (6.038, 29.035, 76.13)

              9           A 99          A 109             11        417.554         (6.038, 29.035, 76.13)
                                                                                    (25.657, 29.332, 93.351)

             10          A 109          A 130             22        857.519         (25.657, 29.332, 93.351)         (0.713342, 40.3649, 79.7575)
                                                                                    (28.501, 16.608, 97.087)

             11          A 130          A 137              4        141.367         (28.501, 16.608, 97.087)
                                                                                    (30.249, 21.182, 85.413)

             12          A 137          A 154             18        708.709         (30.249, 21.182, 85.413)         (26.9914, 24.8232, 112.494)
                                                                                    (10.42, 31.194, 96.347)

             13          A 154          A 166             13        507.603         (10.42, 31.194, 96.347)         (24.032, 14.2505, 87.411)
                                                                                    (23.053, 7.509, 103.112)

             14          A 166          A 181             16        624.906         (23.053, 7.509, 103.112)         (9.30542, 30.3019, 108.23)
                                                                                    (19.578, 11.233, 91.516)

             15          A 181          A 207             27        1064.88         (19.578, 11.233, 91.516)         (20.3526, -9.84585, 90.3023)
                                                                                    (5.695, 13.932, 105.016)

