Using structure file: /home/pkas7/Research/SCOP/pdbstyle-1.75B/xj/d1xjua_.ent
Number of residues: 156
Doing a BEZIER segmentation ...

Bounding box volume: 59167.9
Null Model Fit: 7091.23 bits.
Bits per residue: 45.7499

Bezier model fit: 6425.57 bits.
Bits per residue: 41.4553

# of segments: 10
Internal segmentation:
0-->2-->14-->34-->42-->64-->82-->100-->127-->150-->155

CPU time used: 8.82 secs.
Wall clock time elapsed: 8 secs.

        SEGMENT          START            END   NUM_RESIDUES MESSAGE_LENGTH                    END_POINTS        INTERMEDIATE_CONTROL_POINTS
              1           A 29           A 31              3        95.5368         (7.607, 0.553, 0.952)
                                                                                    (10.754, 5.586, 2.218)

              2           A 31           A 43             13        498.604         (10.754, 5.586, 2.218)
                                                                                    (18.283, 11.492, -13.208)

              3           A 43           A 65             21        846.508         (18.283, 11.492, -13.208)
                                                                                    (30.168, -13.797, -26.495)

              4           A 65           A 73              9        333.969         (30.168, -13.797, -26.495)
                                                                                    (15.979, 3.732, -24.852)

              5           A 73           A 95             23        879.483         (15.979, 3.732, -24.852)         (4.28351, 2.84787, -7.61643)
                                                                                    (16.327, -12.937, -0.075)

              6           A 95          A 113             19        740.761         (16.327, -12.937, -0.075)         (10.7962, 7.09299, 15.8123)
                                                                                    (19.319, -3.804, -5.217)

              7          A 113          A 131             19        754.654         (19.319, -3.804, -5.217)
                                                                                    (33.488, -20.317, -7.197)

              8          A 131          A 158             28        1108.67         (33.488, -20.317, -7.197)         (12.0235, -3.0398, 27.6461)
                                                                                    (32.44, -2.429, -8.963)

              9          A 158          A 181             24        943.163         (32.44, -2.429, -8.963)         (33.5567, 8.08712, -10.2512)
                                                                                    (17.955, 4.394, 14.235)

             10          A 181          A 186              6        224.222         (17.955, 4.394, 14.235)
                                                                                    (25.379, 10.815, 19.292)

