Using structure file: /home/pkas7/Research/SCOP/pdbstyle-1.75B/xk/d1xkta_.ent
Number of residues: 260
Doing a BEZIER segmentation ...

Bounding box volume: 74868.6
Null Model Fit: 11937.2 bits.
Bits per residue: 46.0894

Bezier model fit: 10721.7 bits.
Bits per residue: 41.3965

# of segments: 18
Internal segmentation:
0-->19-->37-->58-->82-->91-->107-->108-->119-->121-->140-->150-->176-->198-->214-->216-->228-->240-->259

CPU time used: 16.61 secs.
Wall clock time elapsed: 16 secs.

        SEGMENT          START            END   NUM_RESIDUES MESSAGE_LENGTH                    END_POINTS        INTERMEDIATE_CONTROL_POINTS
              1         A 2217         A 2236             20         793.35         (49.25, 39.409, 21.814)         (22.3286, 27.8918, 26.3043)
                                                                                    (42.249, 29.441, -0.309)

              2         A 2236         A 2254             19        741.913         (42.249, 29.441, -0.309)         (36.3058, 5.65074, -24.6545)
                                                                                    (42.188, 27.437, 15.211)         (42.4711, 26.5203, 45.029)

              3         A 2254         A 2275             22        874.012         (42.188, 27.437, 15.211)         (58.8414, 19.789, -10.8173)
                                                                                    (28.947, 28.849, 22.484)

              4         A 2275         A 2299             25        988.198         (28.947, 28.849, 22.484)         (32.2479, -2.57299, 34.4623)
                                                                                    (30.16, 12.129, 1.943)         (28.2719, 33.4028, 5.67408)

              5         A 2299         A 2308             10        374.333         (30.16, 12.129, 1.943)
                                                                                    (46.55, 18.412, 21.693)

              6         A 2308         A 2324             17        645.737         (46.55, 18.412, 21.693)
                                                                                    (28.005, 4.755, 12.124)

              7         A 2324         A 2331              2        49.1265         (28.005, 4.755, 12.124)
                                                                                    (38.426, 4.262, 6.058)

              8         A 2331         A 2342             12        463.585         (38.426, 4.262, 6.058)         (52.9831, 21.7165, 15.5811)
                                                                                    (44.659, 9.946, 27.019)

              9         A 2342         A 2357              3        96.2159         (44.659, 9.946, 27.019)
                                                                                    (31.341, 13.976, 42.255)

             10         A 2357         A 2376             20         769.22         (31.341, 13.976, 42.255)
                                                                                    (48.396, 37.163, 34.268)

             11         A 2376         A 2386             11        434.349         (48.396, 37.163, 34.268)         (52.1471, 27.9945, 48.4028)
                                                                                    (40.436, 34.296, 45.871)

             12         A 2386         A 2412             27        1063.91         (40.436, 34.296, 45.871)         (11.7723, 17.1614, 39.4828)
                                                                                    (36.845, 41.682, 25.75)         (59.6934, 53.5087, 38.3098)

             13         A 2412         A 2434             23        870.937         (36.845, 41.682, 25.75)         (34.1757, 27.6388, 34.909)
                                                                                    (36.974, 7.039, 27.676)

             14         A 2434         A 2450             17        666.138         (36.974, 7.039, 27.676)         (38.3999, -3.14004, 1.33317)
                                                                                    (60.991, 17.352, 23.399)

             15         A 2450         A 2458              3        96.2159         (60.991, 17.352, 23.399)
                                                                                    (52.369, 7.271, 27.474)

             16         A 2458         A 2470             13        514.212         (52.369, 7.271, 27.474)
                                                                                    (44.508, -0.941, 13.286)

             17         A 2470         A 2482             13        496.393         (44.508, -0.941, 13.286)         (66.815, 14.1663, 14.1239)
                                                                                    (53.733, 24.253, 21.173)

             18         A 2482         A 2502             20        783.837         (53.733, 24.253, 21.173)         (62.052, 20.9696, 6.87896)
                                                                                    (47.234, 10.699, -1.766)

