Using structure file: /home/pkas7/Research/SCOP/pdbstyle-1.75B/xl/d1xl7a2.ent
Number of residues: 207
Doing a BEZIER segmentation ...

Bounding box volume: 86423.1
Null Model Fit: 9537.08 bits.
Bits per residue: 46.2965

Bezier model fit: 8376.18 bits.
Bits per residue: 40.6611

# of segments: 13
Internal segmentation:
0-->9-->11-->28-->44-->71-->96-->98-->123-->146-->157-->167-->179-->206

CPU time used: 12.27 secs.
Wall clock time elapsed: 12 secs.

        SEGMENT          START            END   NUM_RESIDUES MESSAGE_LENGTH                    END_POINTS        INTERMEDIATE_CONTROL_POINTS
              1          A 393          A 402             10        366.619         (-2.622, 120.095, 77.027)         (-13.8446, 124.591, 68.0347)
                                                                                    (-27.489, 127.972, 62.243)

              2          A 402          A 415              3          96.63         (-27.489, 127.972, 62.243)
                                                                                    (-29.928, 140.796, 71.805)

              3          A 415          A 432             18        683.853         (-29.928, 140.796, 71.805)
                                                                                    (-21.488, 120.659, 85.725)

              4          A 432          A 448             17        657.527         (-21.488, 120.659, 85.725)
                                                                                    (-10.487, 158.094, 76.254)

              5          A 448          A 475             28        1116.96         (-10.487, 158.094, 76.254)         (-28.3383, 121.519, 93.8228)
                                                                                    (-44.8, 126.066, 83.346)

              6          A 475          A 500             26        970.988         (-44.8, 126.066, 83.346)
                                                                                    (-18.223, 152.971, 82.762)

              7          A 500          A 502              3          96.63         (-18.223, 152.971, 82.762)
                                                                                    (-19.476, 148.533, 86.098)

              8          A 502          A 527             26        1028.87         (-19.476, 148.533, 86.098)         (9.97513, 158.118, 101.978)
                                                                                    (-13.332, 137.672, 101.968)

              9          A 527          A 550             24        953.465         (-13.332, 137.672, 101.968)
                                                                                    (-16.859, 136.891, 60.363)

             10          A 550          A 561             12        466.575         (-16.859, 136.891, 60.363)         (-2.57812, 133.39, 78.8752)
                                                                                    (-10.539, 123.913, 85.82)

             11          A 561          A 571             11        393.134         (-10.539, 123.913, 85.82)         (-13.763, 134.894, 71.6463)
                                                                                    (-27.008, 137.512, 60.386)

             12          A 571          A 583             13        481.477         (-27.008, 137.512, 60.386)
                                                                                    (-5.11, 117.831, 82.377)

             13          A 583          A 610             28        1063.46         (-5.11, 117.831, 82.377)         (-27.53, 122.566, 68.4308)
                                                                                    (-44.54, 130.779, 73.913)

