Using structure file: /home/pkas7/Research/SCOP/pdbstyle-1.75B/xo/d1xoda1.ent
Number of residues: 105
Doing a BEZIER segmentation ...

Bounding box volume: 34633.8
Null Model Fit: 4677.63 bits.
Bits per residue: 44.9772

Bezier model fit: 4291.87 bits.
Bits per residue: 41.268

# of segments: 10
Internal segmentation:
0-->1-->10-->15-->34-->44-->65-->73-->83-->103-->104

CPU time used: 5.66 secs.
Wall clock time elapsed: 5 secs.

        SEGMENT          START            END   NUM_RESIDUES MESSAGE_LENGTH                    END_POINTS        INTERMEDIATE_CONTROL_POINTS
              1           A 10           A 11              2        48.0143         (-1.329, 13.765, 50.053)
                                                                                    (-3.603, 11.066, 48.658)

              2           A 11           A 20             10        365.798         (-3.603, 11.066, 48.658)         (-2.41333, 6.66459, 68.4505)
                                                                                    (7.319, -7.145, 56.664)

              3           A 20           A 25              6        226.799         (7.319, -7.145, 56.664)
                                                                                    (5.752, -19.414, 54.351)

              4           A 25           A 53             20        792.624         (5.752, -19.414, 54.351)         (3.58071, 6.20202, 80.2143)
                                                                                    (6.388, 13.006, 38.812)

              5           A 53           A 63             11        410.601         (6.388, 13.006, 38.812)         (3.98454, 2.27456, 52.6096)
                                                                                    (9.036, 7.586, 68.037)

              6           A 63           A 84             22        873.326         (9.036, 7.586, 68.037)         (11.6919, -1.32645, 25.7336)
                                                                                    (-10.087, -4.838, 56.612)

              7           A 84           A 92              9        331.049         (-10.087, -4.838, 56.612)
                                                                                    (8.108, -7.042, 41.403)

              8           A 92          A 102             11        413.741         (8.108, -7.042, 41.403)         (7.05794, -5.3034, 57.8334)
                                                                                    (-9.07, 1.08, 61.926)

              9          A 102          A 122             21        781.902         (-9.07, 1.08, 61.926)
                                                                                    (-1.022, 7.943, 31.479)

             10          A 122          A 123              2        48.0143         (-1.022, 7.943, 31.479)
                                                                                    (-1.658, 5.951, 28.284)

