Using structure file: /home/pkas7/Research/SCOP/pdbstyle-1.75B/xo/d1xoya_.ent
Number of residues: 161
Doing a BEZIER segmentation ...

Bounding box volume: 40565.3
Null Model Fit: 7232.85 bits.
Bits per residue: 45.2053

Bezier model fit: 6654.29 bits.
Bits per residue: 41.5893

# of segments: 11
Internal segmentation:
0-->11-->28-->56-->66-->79-->92-->105-->127-->147-->159-->160

CPU time used: 9.65 secs.
Wall clock time elapsed: 9 secs.

        SEGMENT          START            END   NUM_RESIDUES MESSAGE_LENGTH                    END_POINTS        INTERMEDIATE_CONTROL_POINTS
              1            A 1           A 12             12        456.946         (-7.161, -12.869, -10.878)         (-11.0555, 8.15115, -18.1647)
                                                                                    (10.526, 0.517, -15.607)

              2           A 12           A 29             18         712.55         (10.526, 0.517, -15.607)         (-8.31446, -20.9311, -7.20904)
                                                                                    (-8.849, -2.563, 10.393)

              3           A 29           A 57             29        1180.69         (-8.849, -2.563, 10.393)         (-18.4431, 3.73486, -22.4972)
                                                                                    (-7.789, 4.188, 14.323)

              4           A 57           A 67             11        393.023         (-7.789, 4.188, 14.323)
                                                                                    (0.726, -14.392, -6.346)

              5           A 67           A 80             14        532.051         (0.726, -14.392, -6.346)         (18.4997, -1.5284, -9.28131)
                                                                                    (-6.802, 13.991, 0.479)

              6           A 80           A 93             14        545.519         (-6.802, 13.991, 0.479)         (2.08068, 14.9474, 9.95079)
                                                                                    (9.308, -11.308, 3.695)

              7           A 93          A 106             14        551.941         (9.308, -11.308, 3.695)         (-5.99743, -6.18636, 23.2593)
                                                                                    (12.867, -2.628, 11.207)

              8          A 106          A 128             23        911.796         (12.867, -2.628, 11.207)         (-10.5639, 26.5019, -13.7456)
                                                                                    (17.896, -2.912, -2.684)

              9          A 128          A 148             21        837.969         (17.896, -2.912, -2.684)         (-0.269772, -33.0704, -3.29217)
                                                                                    (-6.733, 12.211, 13.168)         (3.83431, 25.0153, 11.5947)

             10          A 148          A 160             13        483.561         (-6.733, 12.211, 13.168)         (-12.1491, 4.68274, -6.27419)
                                                                                    (10.136, -4.429, -11.428)

             11          A 160          A 161              2        48.2424         (10.136, -4.429, -11.428)
                                                                                    (9.859, -8.242, -11.227)

