Using structure file: /home/pkas7/Research/SCOP/pdbstyle-1.75B/xq/d1xqra1.ent
Number of residues: 264
Doing a BEZIER segmentation ...

Bounding box volume: 99112.3
Null Model Fit: 12228 bits.
Bits per residue: 46.4941

Bezier model fit: 10648.4 bits.
Bits per residue: 40.4882

# of segments: 14
Internal segmentation:
0-->20-->22-->46-->72-->89-->115-->131-->155-->156-->174-->199-->216-->243-->263

CPU time used: 15.89 secs.
Wall clock time elapsed: 15 secs.

        SEGMENT          START            END   NUM_RESIDUES MESSAGE_LENGTH                    END_POINTS        INTERMEDIATE_CONTROL_POINTS
              1           A 87          A 107             21        813.795         (35.008, 3.222, -60.853)
                                                                                    (2.125, 17.354, -65.455)

              2          A 107          A 109              3        97.0253         (2.125, 17.354, -65.455)
                                                                                    (-0.828, 13.206, -60.378)

              3          A 109          A 133             25        935.631         (-0.828, 13.206, -60.378)         (14.9866, 7.54301, -52.6798)
                                                                                    (34.86, 10.369, -48.287)

              4          A 133          A 159             27        1056.66         (34.86, 10.369, -48.287)         (30.0864, 28.1302, -70.0471)
                                                                                    (11.042, 19.249, -47.248)

              5          A 159          A 176             18        686.617         (11.042, 19.249, -47.248)
                                                                                    (37.669, 20.643, -46.814)

              6          A 176          A 202             27           1059         (37.669, 20.643, -46.814)         (22.2943, 41.232, -57.1504)
                                                                                    (12.455, 21.392, -38.261)

              7          A 202          A 218             17        642.832         (12.455, 21.392, -38.261)
                                                                                    (37.322, 27.718, -40.217)

              8          A 218          A 242             25        967.851         (37.322, 27.718, -40.217)         (25.0105, 48.4166, -46.4853)
                                                                                    (11.125, 26.246, -28.85)

              9          A 242          A 243              2        49.5312         (11.125, 26.246, -28.85)
                                                                                    (12.741, 23.124, -30.355)

             10          A 243          A 261             19        721.994         (12.741, 23.124, -30.355)
                                                                                    (36.718, 34.979, -33.883)

             11          A 261          A 286             26        1019.32         (36.718, 34.979, -33.883)         (18.236, 56.0117, -26.5048)
                                                                                    (18.192, 23.549, -19.222)

             12          A 286          A 303             18        690.294         (18.192, 23.549, -19.222)
                                                                                    (36.723, 43.429, -23.768)

             13          A 303          A 330             28        1077.36         (36.723, 43.429, -23.768)         (12.8995, 52.4075, -12.5641)
                                                                                    (25.268, 21.174, -5.947)

             14          A 330          A 350             21         830.49         (25.268, 21.174, -5.947)         (31.5525, 27.1696, -23.9717)
                                                                                    (34.098, 42.838, -8.645)

