Using structure file: /home/pkas7/Research/SCOP/pdbstyle-1.75B/xr/d1xrsb1.ent
Number of residues: 160
Doing a BEZIER segmentation ...

Bounding box volume: 36441.7
Null Model Fit: 7163.05 bits.
Bits per residue: 45.0507

Bezier model fit: 6566.07 bits.
Bits per residue: 41.296

# of segments: 10
Internal segmentation:
0-->4-->16-->28-->54-->78-->89-->107-->121-->142-->159

CPU time used: 9.03 secs.
Wall clock time elapsed: 9 secs.

        SEGMENT          START            END   NUM_RESIDUES MESSAGE_LENGTH                    END_POINTS        INTERMEDIATE_CONTROL_POINTS
              1          B 102          B 106              5        178.832         (57.669, 66.573, 62.88)
                                                                                    (53.731, 54.164, 64.646)

              2          B 106          B 118             13        497.709         (53.731, 54.164, 64.646)
                                                                                    (53.306, 50.891, 48.553)

              3          B 118          B 130             13        491.364         (53.306, 50.891, 48.553)
                                                                                    (84.352, 44.746, 67.283)

              4          B 130          B 156             27        1094.51         (84.352, 44.746, 67.283)         (57.0985, 54.3133, 81.1218)
                                                                                    (53.468, 46.701, 60.421)

              5          B 156          B 180             25        985.758         (53.468, 46.701, 60.421)         (96.2724, 39.4566, 65.3942)
                                                                                    (67.373, 43.394, 50.154)

              6          B 180          B 191             12        453.823         (67.373, 43.394, 50.154)
                                                                                    (85.445, 55.699, 70.582)

              7          B 191          B 209             19         715.26         (85.445, 55.699, 70.582)
                                                                                    (83.771, 50.337, 46.007)

              8          B 209          B 223             15        573.604         (83.771, 50.337, 46.007)         (63.185, 53.0399, 42.8241)
                                                                                    (76.258, 57.656, 72.446)

              9          B 223          B 244             22        894.212         (76.258, 57.656, 72.446)         (84.0866, 67.9296, 46.4679)
                                                                                    (64.15, 56.89, 69.566)

             10          B 244          B 261             18        680.992         (64.15, 56.89, 69.566)
                                                                                    (59.749, 60.249, 44.316)

