Using structure file: /home/pkas7/Research/SCOP/pdbstyle-1.75B/xu/d1xuba1.ent
Number of residues: 128
Doing a BEZIER segmentation ...

Bounding box volume: 63488.2
Null Model Fit: 5823.15 bits.
Bits per residue: 45.8516

Bezier model fit: 5276.51 bits.
Bits per residue: 41.5474

# of segments: 11
Internal segmentation:
0-->10-->15-->41-->54-->65-->73-->97-->98-->108-->112-->127

CPU time used: 7.36 secs.
Wall clock time elapsed: 7 secs.

        SEGMENT          START            END   NUM_RESIDUES MESSAGE_LENGTH                    END_POINTS        INTERMEDIATE_CONTROL_POINTS
              1            A 1           A 11             11        417.755         (14.465, 47.263, 2.811)
                                                                                    (29.821, 24.805, 11.808)

              2           A 11           A 16              6        223.612         (29.821, 24.805, 11.808)
                                                                                    (29.005, 22.93, 6.601)

              3           A 16           A 42             27        1073.52         (29.005, 22.93, 6.601)         (-5.45399, 57.3044, 14.6943)
                                                                                    (13.137, 28.373, 1.238)

              4           A 42           A 55             14        544.833         (13.137, 28.373, 1.238)
                                                                                    (12.872, 42.437, 29.205)

              5           A 55           A 66             12        450.997         (12.872, 42.437, 29.205)
                                                                                    (5.268, 26.936, 5.609)

              6           A 66           A 74              9        339.627         (5.268, 26.936, 5.609)         (5.30572, 28.8055, 24.7531)
                                                                                    (19.956, 25.591, 15.021)

              7           A 74           A 98             25        997.584         (19.956, 25.591, 15.021)         (37.6229, 53.8479, 20.1211)
                                                                                    (8.62, 29.261, 24.735)

              8           A 98           A 99              2        48.8886         (8.62, 29.261, 24.735)
                                                                                    (10.009, 32.117, 26.803)

              9           A 99          A 109             11        400.401         (10.009, 32.117, 26.803)         (27.8351, 29.8343, 27.0288)
                                                                                    (38.39, 39.934, 17.933)

             10          A 109          A 113              5        183.958         (38.39, 39.934, 17.933)
                                                                                    (32.28, 32.354, 16.521)

             11          A 113          A 128             16        595.341         (32.28, 32.354, 16.521)         (10.3784, 25.2027, 37.1199)
                                                                                    (5.397, 2.258, 21.47)

