Using structure file: /home/pkas7/Research/SCOP/pdbstyle-1.75B/xv/d1xvwa1.ent
Number of residues: 152
Doing a BEZIER segmentation ...

Bounding box volume: 35740.5
Null Model Fit: 6798.42 bits.
Bits per residue: 45.0226

Bezier model fit: 6254.29 bits.
Bits per residue: 41.4191

# of segments: 11
Internal segmentation:
0-->4-->15-->28-->38-->60-->73-->93-->110-->122-->134-->151

CPU time used: 8.84 secs.
Wall clock time elapsed: 8 secs.

        SEGMENT          START            END   NUM_RESIDUES MESSAGE_LENGTH                    END_POINTS        INTERMEDIATE_CONTROL_POINTS
              1            A 1            A 5              5        181.084         (47.56, 5.814, 17.49)
                                                                                    (39.205, -1.661, 21.985)

              2            A 5           A 16             12        440.895         (39.205, -1.661, 21.985)         (44.4931, 12.2452, 37.4129)
                                                                                    (36.91, 28.216, 24.64)

              3           A 16           A 29             14        554.401         (36.91, 28.216, 24.64)         (38.8456, 13.8012, 36.8695)
                                                                                    (25.405, 8.78, 29.234)

              4           A 29           A 39             11         404.87         (25.405, 8.78, 29.234)         (37.4059, 9.46522, 15.1272)
                                                                                    (46.21, 24.54, 14.468)

              5           A 39           A 62             23        903.418         (46.21, 24.54, 14.468)         (32.1056, 24.7154, -1.74194)
                                                                                    (20.886, 12.999, 23.87)

              6           A 62           A 75             14        540.344         (20.886, 12.999, 23.87)         (48.2336, 14.5955, 17.1402)
                                                                                    (41.546, 32.755, 23.928)

              7           A 75           A 95             21        836.393         (41.546, 32.755, 23.928)         (19.2598, 28.0781, 6.42436)
                                                                                    (49.938, 22.936, 29.122)

              8           A 95          A 112             18        707.802         (49.938, 22.936, 29.122)         (46.6321, 1.31376, 18.2226)
                                                                                    (54.458, 20.113, 18.331)

              9          A 112          A 124             13        489.225         (54.458, 20.113, 18.331)         (35.7029, 10.1863, 8.2818)
                                                                                    (31.859, 2.6, 28.763)

             10          A 124          A 136             13         498.95         (31.859, 2.6, 28.763)         (41.8091, 1.97095, 14.7995)
                                                                                    (46.508, 15.968, 2.141)

             11          A 136          A 153             18        696.908         (46.508, 15.968, 2.141)
                                                                                    (19.834, 2.209, 17.473)

