Using structure file: /home/pkas7/Research/SCOP/pdbstyle-1.75B/y0/d1y0pa3.ent
Number of residues: 143
Doing a BEZIER segmentation ...

Bounding box volume: 28956
Null Model Fit: 6350.09 bits.
Bits per residue: 44.7189

Bezier model fit: 5877.79 bits.
Bits per residue: 41.3929

# of segments: 12
Internal segmentation:
0-->11-->29-->51-->52-->60-->77-->93-->95-->113-->117-->130-->142

CPU time used: 8.22 secs.
Wall clock time elapsed: 8 secs.

        SEGMENT          START            END   NUM_RESIDUES MESSAGE_LENGTH                    END_POINTS        INTERMEDIATE_CONTROL_POINTS
              1          A 362          A 373             12        472.547         (15.715, 28.099, 70.359)         (26.3084, 41.6394, 87.6289)
                                                                                    (22.399, 44.754, 75.772)

              2          A 373          A 391             19        744.418         (22.399, 44.754, 75.772)         (44.7388, 21.0184, 83.4179)
                                                                                    (17.732, 39.949, 97.811)

              3          A 391          A 413             23        905.728         (17.732, 39.949, 97.811)         (27.3805, 12.8008, 72.5638)
                                                                                    (12.66, 39.684, 91.442)

              4          A 413          A 414              2         47.756         (12.66, 39.684, 91.442)
                                                                                    (12.778, 42.077, 88.482)

              5          A 414          A 422              9        327.279         (12.778, 42.077, 88.482)
                                                                                    (36.296, 39.699, 92.469)

              6          A 422          A 439             18        688.802         (36.296, 39.699, 92.469)         (44.8168, 33.4533, 76.0079)
                                                                                    (30.841, 50.412, 81.599)

              7          A 439          A 455             17          674.1         (30.841, 50.412, 81.599)         (36.3955, 45.0642, 107.55)
                                                                                    (20.054, 47.862, 94.673)

              8          A 455          A 457              3        93.4749         (20.054, 47.862, 94.673)
                                                                                    (20.725, 43.941, 99.89)

              9          A 457          A 475             19        714.766         (20.725, 43.941, 99.89)
                                                                                    (34.862, 21.47, 98.125)

             10          A 475          A 479              5        181.198         (34.862, 21.47, 98.125)
                                                                                    (23.19, 24.905, 98.489)

             11          A 479          A 492             14        544.611         (23.19, 24.905, 98.489)         (36.2715, 18.4042, 86.9972)
                                                                                    (40.729, 42.898, 95.667)

             12          A 492          A 504             13        483.112         (40.729, 42.898, 95.667)         (15.6549, 45.0596, 87.5018)
                                                                                    (20.971, 33.682, 71.149)

