Using structure file: /home/pkas7/Research/SCOP/pdbstyle-1.75B/y4/d1y4wa1.ent
Number of residues: 164
Doing a BEZIER segmentation ...

Bounding box volume: 54471.4
Null Model Fit: 7437.78 bits.
Bits per residue: 45.6306

Bezier model fit: 6729.1 bits.
Bits per residue: 41.2828

# of segments: 15
Internal segmentation:
0-->18-->21-->32-->42-->55-->71-->88-->102-->113-->123-->124-->136-->146-->151-->163

CPU time used: 9.78 secs.
Wall clock time elapsed: 9 secs.

        SEGMENT          START            END   NUM_RESIDUES MESSAGE_LENGTH                    END_POINTS        INTERMEDIATE_CONTROL_POINTS
              1          A 373          A 391             19        739.831         (4.301, -13.483, 31.893)         (15.3213, -26.1318, 48.696)
                                                                                    (-17.465, -17.585, 57.41)

              2          A 391          A 394              4        142.178         (-17.465, -17.585, 57.41)
                                                                                    (-16.014, -9.108, 60.879)

              3          A 394          A 405             12        451.712         (-16.014, -9.108, 60.879)         (6.05637, -12.255, 63.852)
                                                                                    (6.791, -8.959, 45.047)

              4          A 405          A 415             11        407.013         (6.791, -8.959, 45.047)         (-9.82406, -18.7943, 44.6151)
                                                                                    (-23.937, -12.682, 49.057)

              5          A 415          A 428             14        550.078         (-23.937, -12.682, 49.057)
                                                                                    (3.437, -1.096, 57.9)

              6          A 428          A 444             17        669.002         (3.437, -1.096, 57.9)
                                                                                    (-20.508, -4.615, 43.004)

              7          A 444          A 461             18         710.65         (-20.508, -4.615, 43.004)         (13.2279, 8.59408, 55.9347)
                                                                                    (-4.613, 13.639, 43.217)

              8          A 461          A 475             15         569.28         (-4.613, 13.639, 43.217)
                                                                                    (-22.204, -19.205, 40.824)

              9          A 475          A 486             12        434.832         (-22.204, -19.205, 40.824)
                                                                                    (7.908, -2.823, 44.281)

             10          A 486          A 496             11        424.816         (7.908, -2.823, 44.281)
                                                                                    (-10.152, -10.589, 33.548)

             11          A 496          A 497              2        48.6676         (-10.152, -10.589, 33.548)
                                                                                    (-13.095, -8.443, 32.385)

             12          A 497          A 509             13         478.46         (-13.095, -8.443, 32.385)         (3.41115, 9.72556, 40.893)
                                                                                    (8.922, -1.791, 56.206)

             13          A 509          A 519             11        410.406         (8.922, -1.791, 56.206)         (-2.60882, -13.947, 52.9975)
                                                                                    (-19.325, -4.088, 58.548)

             14          A 519          A 524              6        220.661         (-19.325, -4.088, 58.548)
                                                                                    (-16.8, -18.675, 51.407)

             15          A 524          A 536             13        471.509         (-16.8, -18.675, 51.407)         (5.22254, -17.5164, 49.1962)
                                                                                    (16.402, -9.179, 36.336)

