Using structure file: /home/pkas7/Research/SCOP/pdbstyle-1.75B/y7/d1y7ba1.ent
Number of residues: 210
Doing a BEZIER segmentation ...

Bounding box volume: 69658.7
Null Model Fit: 9610.94 bits.
Bits per residue: 45.9854

Bezier model fit: 8666.45 bits.
Bits per residue: 41.4663

# of segments: 16
Internal segmentation:
0-->12-->23-->48-->64-->77-->79-->88-->104-->115-->133-->144-->153-->178-->194-->195-->209

CPU time used: 12.85 secs.
Wall clock time elapsed: 12 secs.

        SEGMENT          START            END   NUM_RESIDUES MESSAGE_LENGTH                    END_POINTS        INTERMEDIATE_CONTROL_POINTS
              1          A 325          A 337             13        514.522         (84.749, 79.165, -50.598)         (73.0931, 94.4704, -39.3666)
                                                                                    (66.599, 84.422, -56.567)

              2          A 337          A 348             12        473.885         (66.599, 84.422, -56.567)         (75.5801, 76.131, -38.3364)
                                                                                    (57.406, 71.75, -45.329)

              3          A 348          A 373             26        1047.67         (57.406, 71.75, -45.329)         (62.8653, 105.168, -66.2115)
                                                                                    (54.231, 76.882, -31.398)

              4          A 373          A 389             17        682.945         (54.231, 76.882, -31.398)         (59.423, 75.7956, -50.8463)
                                                                                    (79.998, 83.36, -30.062)

              5          A 389          A 402             14        509.367         (79.998, 83.36, -30.062)         (63.8853, 99.7897, -49.829)
                                                                                    (46.906, 93.954, -33.954)

              6          A 402          A 404              3        96.0078         (46.906, 93.954, -33.954)
                                                                                    (47.826, 88.996, -33.669)

              7          A 404          A 413             10        364.582         (47.826, 88.996, -33.669)         (67.5937, 94.2378, -38.4816)
                                                                                    (65.108, 74.993, -30.645)

              8          A 413          A 429             17        671.863         (65.108, 74.993, -30.645)
                                                                                    (51.173, 102.513, -28.05)

              9          A 429          A 440             12         460.06         (51.173, 102.513, -28.05)
                                                                                    (59.967, 74.067, -21.841)

             10          A 440          A 458             19        745.657         (59.967, 74.067, -21.841)         (52.7241, 103.233, -14.7543)
                                                                                    (60.445, 103.968, -39.393)

             11          A 458          A 469             12        438.289         (60.445, 103.968, -39.393)
                                                                                    (78.685, 81.674, -24.759)

             12          A 469          A 478             10         366.27         (78.685, 81.674, -24.759)
                                                                                    (65.828, 102.499, -36.076)

             13          A 478          A 503             26        1048.17         (65.828, 102.499, -36.076)         (77.4851, 88.1486, -15.6119)
                                                                                    (61.527, 62.148, -25.997)

             14          A 503          A 519             17        642.277         (61.527, 62.148, -25.997)         (80.9999, 85.0965, -40.1098)
                                                                                    (44.222, 86.818, -38.284)

             15          A 519          A 520              2        49.0224         (44.222, 86.818, -38.284)
                                                                                    (44.488, 84.923, -41.573)

             16          A 520          A 534             15        555.859         (44.488, 84.923, -41.573)         (62.2919, 98.9514, -51.5664)
                                                                                    (81.069, 84.307, -35.849)

