Using structure file: /home/pkas7/Research/SCOP/pdbstyle-1.75B/yb/d1yb5a1.ent
Number of residues: 150
Doing a BEZIER segmentation ...

Bounding box volume: 40816.4
Null Model Fit: 6736.92 bits.
Bits per residue: 45.2142

Bezier model fit: 6236.82 bits.
Bits per residue: 41.8579

# of segments: 12
Internal segmentation:
0-->12-->29-->44-->50-->60-->73-->84-->99-->114-->115-->126-->149

CPU time used: 8.95 secs.
Wall clock time elapsed: 9 secs.

        SEGMENT          START            END   NUM_RESIDUES MESSAGE_LENGTH                    END_POINTS        INTERMEDIATE_CONTROL_POINTS
              1            A 6           A 18             13        511.849         (31.508, 16.653, -16.875)         (41.8654, 17.3444, 2.08959)
                                                                                    (39.592, -5.517, 2.068)         (29.0123, -13.7266, -15.7115)

              2           A 18           A 35             18         684.17         (39.592, -5.517, 2.068)         (47.2808, 15.1293, -17.1888)
                                                                                    (12.259, 12.669, -12.321)

              3           A 35           A 50             16        608.291         (12.259, 12.669, -12.321)         (37.4835, 26.1288, 2.91546)
                                                                                    (27.902, -1.037, 6.961)

              4           A 50           A 56              7          264.8         (27.902, -1.037, 6.961)
                                                                                    (33.905, -7.022, 1.862)

              5           A 56           A 66             11        424.934         (33.905, -7.022, 1.862)         (16.3295, -11.4147, 3.13687)
                                                                                    (31.895, -1.211, -9.972)

              6           A 66           A 79             14        538.459         (31.895, -1.211, -9.972)         (26.6227, 15.9569, 14.8831)
                                                                                    (20.539, 20.174, -9.954)

              7           A 79           A 90             12        473.443         (20.539, 20.174, -9.954)         (0.041227, 13.0133, -8.50037)
                                                                                    (21.626, 26.116, -3.681)

              8           A 90          A 105             16        642.522         (21.626, 26.116, -3.681)         (18.013, -3.86466, 5.07906)
                                                                                    (32.309, 15.059, -5.427)

              9          A 105          A 120             16        621.201         (32.309, 15.059, -5.427)         (3.11081, 4.99438, -4.94999)
                                                                                    (23.655, 26.543, 12.009)

             10          A 120          A 295              2        48.2513         (23.655, 26.543, 12.009)
                                                                                    (20.865, 17.548, 17.944)

             11          A 295          A 306             12        457.485         (20.865, 17.548, 17.944)         (39.9795, 13.6236, 16.4999)
                                                                                    (42.289, 9.856, -0.875)

             12          A 306          A 329             24        961.415         (42.289, 9.856, -0.875)         (36.5751, -8.16444, 31.7418)
                                                                                    (35.667, 16.215, -0.425)

