Using structure file: /home/pkas7/Research/SCOP/pdbstyle-1.75B/ye/d1yeya1.ent
Number of residues: 248
Doing a BEZIER segmentation ...

Bounding box volume: 100674
Null Model Fit: 11489.6 bits.
Bits per residue: 46.5167

Bezier model fit: 10219.1 bits.
Bits per residue: 41.3731

# of segments: 15
Internal segmentation:
0-->25-->36-->63-->80-->105-->106-->128-->141-->142-->157-->167-->191-->204-->220-->247

CPU time used: 15.16 secs.
Wall clock time elapsed: 15 secs.

        SEGMENT          START            END   NUM_RESIDUES MESSAGE_LENGTH                    END_POINTS        INTERMEDIATE_CONTROL_POINTS
              1          A 184          A 213             26        1031.22         (105.456, 17.907, 60.478)         (105.966, 48.7004, 97.9337)
                                                                                    (105.433, 29.826, 64.446)

              2          A 213          A 224             12        458.688         (105.433, 29.826, 64.446)
                                                                                    (95.478, 34.601, 92.35)

              3          A 224          A 251             28        1103.97         (95.478, 34.601, 92.35)         (97.1567, 49.1901, 54.1518)
                                                                                    (94.973, 20.246, 89.899)

              4          A 251          A 268             18        711.695         (94.973, 20.246, 89.899)         (77.1256, 29.3343, 96.4195)
                                                                                    (90.365, 36.301, 77.366)

              5          A 268          A 293             26        1041.04         (90.365, 36.301, 77.366)         (91.5019, -0.394866, 97.4908)
                                                                                    (80.728, 26.279, 79.547)

              6          A 293          A 294              2        49.5538         (80.728, 26.279, 79.547)
                                                                                    (81.832, 27.09, 76.862)

              7          A 294          A 316             23        906.825         (81.832, 27.09, 76.862)         (106.546, -5.96618, 88.1336)
                                                                                    (81.615, 13.874, 79.247)

              8          A 316          A 329             14        556.988         (81.615, 13.874, 79.247)         (103.574, 20.5832, 74.8574)
                                                                                    (101.163, 1.218, 81.067)

              9          A 329          A 330              2        49.5538         (101.163, 1.218, 81.067)
                                                                                    (103.318, 1.982, 78.036)

             10          A 330          A 345             16        603.475         (103.318, 1.982, 78.036)
                                                                                    (85.39, 12.079, 69.192)

             11          A 345          A 355             11        408.164         (85.39, 12.079, 69.192)         (100.001, 20.2326, 75.0782)
                                                                                    (112.929, 14.719, 80.669)

             12          A 355          A 379             25        988.127         (112.929, 14.719, 80.669)         (95.175, 0.146397, 54.7507)
                                                                                    (95.378, 19.568, 67.897)

             13          A 379          A 392             14        538.438         (95.378, 19.568, 67.897)         (118.899, 26.3645, 83.7699)
                                                                                    (120.708, 10.945, 70.769)

             14          A 392          A 408             17        667.623         (120.708, 10.945, 70.769)         (98.6869, 36.7248, 60.1631)
                                                                                    (114.854, 3.786, 64.424)

             15          A 408          A 435             28        1103.79         (114.854, 3.786, 64.424)
                                                                                    (131.098, 17.716, 98.859)

