Using structure file: /home/pkas7/Research/SCOP/pdbstyle-1.75B/yf/d1yf3a1.ent
Number of residues: 259
Doing a BEZIER segmentation ...

Bounding box volume: 109080
Null Model Fit: 12031.2 bits.
Bits per residue: 46.6324

Bezier model fit: 10701.1 bits.
Bits per residue: 41.477

# of segments: 17
Internal segmentation:
0-->7-->25-->42-->51-->76-->82-->97-->119-->147-->163-->176-->185-->203-->216-->236-->248-->258

CPU time used: 15.98 secs.
Wall clock time elapsed: 16 secs.

        SEGMENT          START            END   NUM_RESIDUES MESSAGE_LENGTH                    END_POINTS        INTERMEDIATE_CONTROL_POINTS
              1            A 1            A 8              8        307.864         (15.892, 18.797, 46.588)         (11.3319, 26.1074, 33.3451)
                                                                                    (4.333, 12.984, 39.05)

              2            A 8           A 26             19        753.143         (4.333, 12.984, 39.05)         (20.2937, 7.90996, 61.26)
                                                                                    (33.2, 9.52, 35.647)

              3           A 26           A 43             18        707.587         (33.2, 9.52, 35.647)         (-2.49195, 13.8638, 33.2676)
                                                                                    (28.041, 15.634, 40.736)

              4           A 43           A 52             10        378.843         (28.041, 15.634, 40.736)
                                                                                    (9.44, 12.479, 25.885)

              5           A 52           A 77             26        1008.19         (9.44, 12.479, 25.885)         (26.2718, 37.4594, 32.8754)
                                                                                    (-0.701, 36.357, 26.636)

              6           A 77           A 83              7        270.148         (-0.701, 36.357, 26.636)
                                                                                    (-7.443, 33.698, 32.136)

              7           A 83           A 98             16        607.637         (-7.443, 33.698, 32.136)
                                                                                    (6.099, 23.959, 19.045)

              8           A 98          A 120             23        923.306         (6.099, 23.959, 19.045)         (0.199603, 29.7224, 50.892)
                                                                                    (0.263, 13.936, 17.759)

              9          A 120          A 148             29        1138.59         (0.263, 13.936, 17.759)         (-4.68483, 40.555, 56.2106)
                                                                                    (25.814, 23.6, 33.072)

             10          A 148          A 164             17        668.739         (25.814, 23.6, 33.072)         (4.62757, 1.60271, 16.3786)
                                                                                    (32.794, 2.42, 31.31)

             11          A 164          A 177             14        534.645         (32.794, 2.42, 31.31)
                                                                                    (0.729, 3.262, 40.42)

             12          A 177          A 186             10        394.622         (0.729, 3.262, 40.42)         (1.73109, 15.2873, 27.117)
                                                                                    (4.065, -2.241, 29.622)

             13          A 186          A 204             19        717.693         (4.065, -2.241, 29.622)
                                                                                    (31.426, -3.801, 35.672)

             14          A 204          A 217             14        535.521         (31.426, -3.801, 35.672)         (11.4118, 6.74882, 43.7037)
                                                                                    (-2.912, -4.54, 47.417)

             15          A 217          A 237             21        830.526         (-2.912, -4.54, 47.417)         (29.6997, -18.4017, 32.6559)
                                                                                    (9.176, 4.504, 56.435)

             16          A 237          A 249             13        520.137         (9.176, 4.504, 56.435)         (6.66511, -6.76929, 67.0108)
                                                                                    (-3.699, -4.881, 53.094)

             17          A 249          A 259             11        403.868         (-3.699, -4.881, 53.094)         (8.47797, 7.3628, 48.4698)
                                                                                    (24.26, -3.832, 42.316)

