Using structure file: /home/pkas7/Research/SCOP/pdbstyle-1.75B/yi/d1yi9a2.ent
Number of residues: 143
Doing a BEZIER segmentation ...

Bounding box volume: 39856.5
Null Model Fit: 6415.54 bits.
Bits per residue: 45.1799

Bezier model fit: 5787.83 bits.
Bits per residue: 40.7594

# of segments: 12
Internal segmentation:
0-->19-->31-->46-->49-->58-->71-->87-->99-->100-->113-->123-->142

CPU time used: 8.42 secs.
Wall clock time elapsed: 8 secs.

        SEGMENT          START            END   NUM_RESIDUES MESSAGE_LENGTH                    END_POINTS        INTERMEDIATE_CONTROL_POINTS
              1          A 199          A 218             20        770.816         (49.361, 25.422, 41.347)         (13.698, 40.6727, 43.8317)
                                                                                    (0.846, 26.081, 40.405)

              2          A 218          A 230             13        470.618         (0.846, 26.081, 40.405)
                                                                                    (34.454, 34.501, 29.798)

              3          A 230          A 245             16        607.926         (34.454, 34.501, 29.798)         (43.053, 13.1532, 44.3314)
                                                                                    (10.686, 27.041, 49.113)

              4          A 245          A 248              4        140.826         (10.686, 27.041, 49.113)
                                                                                    (11.974, 19.465, 44.25)

              5          A 248          A 257             10        358.555         (11.974, 19.465, 44.25)         (28.6136, 22.9363, 37.8348)
                                                                                    (27.928, 24.615, 21.361)

              6          A 257          A 270             14        541.053         (27.928, 24.615, 21.361)
                                                                                    (18.531, 16.897, 51.966)

              7          A 270          A 286             17         670.85         (18.531, 16.897, 51.966)         (41.4709, 9.92415, 42.8481)
                                                                                    (32.337, 30.745, 25.393)

              8          A 286          A 298             13        468.251         (32.337, 30.745, 25.393)         (18.2907, 24.1201, 38.4071)
                                                                                    (2.101, 22.379, 47.667)

              9          A 298          A 313              2         48.217         (2.101, 22.379, 47.667)
                                                                                    (12.043, 32.77, 45.899)

             10          A 313          A 326             14        517.051         (12.043, 32.77, 45.899)         (33.6676, 17.727, 43.4072)
                                                                                    (48.237, 32.407, 37.368)

             11          A 326          A 336             11        412.661         (48.237, 32.407, 37.368)         (34.4701, 33.0508, 47.276)
                                                                                    (20.75, 36.411, 35.545)

             12          A 336          A 355             20        781.004         (20.75, 36.411, 35.545)         (15.2894, 20.0038, 13.5228)
                                                                                    (12.542, 12.032, 45.942)

