Using structure file: /home/pkas7/Research/SCOP/pdbstyle-1.75B/yj/d1yjga_.ent
Number of residues: 157
Doing a BEZIER segmentation ...

Bounding box volume: 56343.2
Null Model Fit: 7125.97 bits.
Bits per residue: 45.6793

Bezier model fit: 6257.65 bits.
Bits per residue: 40.1132

# of segments: 9
Internal segmentation:
0-->29-->38-->48-->71-->74-->100-->118-->127-->156

CPU time used: 8.9 secs.
Wall clock time elapsed: 8 secs.

        SEGMENT          START            END   NUM_RESIDUES MESSAGE_LENGTH                    END_POINTS        INTERMEDIATE_CONTROL_POINTS
              1           A 45           A 74             30         1124.7         (8.389, 22.614, 4.576)         (2.65958, 3.06349, 16.3778)
                                                                                    (13.947, -11.881, 31.974)

              2           A 74           A 83             10         396.06         (13.947, -11.881, 31.974)
                                                                                    (24.207, -10.839, 34.4)

              3           A 83           A 93             11        416.711         (24.207, -10.839, 34.4)         (9.68622, -27.6607, 39.907)
                                                                                    (5.914, -7.985, 38.874)

              4           A 93          A 116             24        896.751         (5.914, -7.985, 38.874)
                                                                                    (-5.322, 16.642, 12.78)

              5          A 116          A 119              4        142.324         (-5.322, 16.642, 12.78)
                                                                                    (-5.296, 10.595, 6.335)

              6          A 119          A 145             27        1006.09         (-5.296, 10.595, 6.335)
                                                                                    (-5.919, -14.658, 39.112)

              7          A 145          A 163             19        767.134         (-5.919, -14.658, 39.112)         (8.69211, -19.8865, 41.8729)
                                                                                    (5.486, -14.272, 21.486)

              8          A 163          A 172             10        392.369         (5.486, -14.272, 21.486)         (2.78615, -29.6687, 24.2616)
                                                                                    (-2.141, -11.94, 26.505)

              9          A 172          A 201             30        1115.51         (-2.141, -11.94, 26.505)         (3.04895, -2.74001, 6.99012)
                                                                                    (12.391, 18.34, -1.976)

