Using structure file: /home/pkas7/Research/SCOP/pdbstyle-1.75B/yk/d1ykwa2.ent
Number of residues: 131
Doing a BEZIER segmentation ...

Bounding box volume: 43465
Null Model Fit: 5889.64 bits.
Bits per residue: 45.3049

Bezier model fit: 5377.04 bits.
Bits per residue: 41.3618

# of segments: 10
Internal segmentation:
0-->16-->28-->48-->63-->65-->74-->86-->111-->123-->130

CPU time used: 7 secs.
Wall clock time elapsed: 7 secs.

        SEGMENT          START            END   NUM_RESIDUES MESSAGE_LENGTH                    END_POINTS        INTERMEDIATE_CONTROL_POINTS
              1            A 4           A 20             17        677.766         (27.051, 39.621, 55.679)         (51.7465, 38.3827, 60.7581)
                                                                                    (44.254, 31.524, 74.105)

              2           A 20           A 32             13        474.144         (44.254, 31.524, 74.105)         (45.9222, 11.5895, 56.1425)
                                                                                    (29.175, 27.186, 47.083)

              3           A 32           A 63             21        833.256         (29.175, 27.186, 47.083)
                                                                                    (34.13, 32.788, 71.757)

              4           A 63           A 78             16        609.994         (34.13, 32.788, 71.757)         (53.5108, 31.5989, 46.1431)
                                                                                    (32.114, 15.628, 42.709)

              5           A 78           A 80              3        94.6469         (32.114, 15.628, 42.709)
                                                                                    (35.215, 12.454, 47.349)

              6           A 80           A 89             10        376.814         (35.215, 12.454, 47.349)         (15.5957, 11.6094, 55.9366)
                                                                                    (27.253, 24.952, 43.799)

              7           A 89          A 101             13        481.129         (27.253, 24.952, 43.799)         (49.9417, 20.2003, 49.0229)
                                                                                    (39.527, 29.673, 71.65)

              8          A 101          A 126             26        1036.02         (39.527, 29.673, 71.65)         (36.1427, 9.13504, 84.3586)
                                                                                    (27.802, 23.218, 52.538)

              9          A 126          A 138             13        492.187         (27.802, 23.218, 52.538)         (42.7805, 7.66976, 56.6172)
                                                                                    (49.706, 26.249, 73.305)

             10          A 138          A 145              8        301.087         (49.706, 26.249, 73.305)
                                                                                    (47.304, 18.551, 81.866)

