Using structure file: /home/pkas7/Research/SCOP/pdbstyle-1.75B/yl/d1yl7a1.ent
Number of residues: 135
Doing a BEZIER segmentation ...

Bounding box volume: 35260
Null Model Fit: 6030.42 bits.
Bits per residue: 45.0031

Bezier model fit: 5564.03 bits.
Bits per residue: 41.5226

# of segments: 10
Internal segmentation:
0-->22-->33-->53-->67-->80-->102-->104-->119-->126-->134

CPU time used: 7.54 secs.
Wall clock time elapsed: 7 secs.

        SEGMENT          START            END   NUM_RESIDUES MESSAGE_LENGTH                    END_POINTS        INTERMEDIATE_CONTROL_POINTS
              1            A 2           A 24             23        909.238         (113.257, -3.004, 33.563)         (113.183, -14.5731, 0.556765)
                                                                                    (109.3, 6.484, 29.89)

              2           A 24           A 35             12        455.408         (109.3, 6.484, 29.89)
                                                                                    (124.039, -15.803, 19.386)

              3           A 35           A 55             21        840.399         (124.039, -15.803, 19.386)         (116.837, 2.75069, 47.5175)
                                                                                    (109.227, -21.594, 17.821)

              4           A 55           A 69             15        569.859         (109.227, -21.594, 17.821)
                                                                                    (112.032, -15.249, 37.942)

              5           A 69           A 82             14        538.249         (112.032, -15.249, 37.942)         (101.971, -8.69107, 11.1759)
                                                                                    (102.085, -29.823, 25.225)

              6           A 82          A 104             23        898.702         (102.085, -29.823, 25.225)         (112.776, -21.2589, 55.1949)
                                                                                    (97.725, -12.067, 18.497)

              7          A 104          A 215              3        94.0433         (97.725, -12.067, 18.497)
                                                                                    (103.354, -1.217, 15.37)

              8          A 215          A 230             16         610.43         (103.354, -1.217, 15.37)
                                                                                    (99.165, -8.693, 38.164)

              9          A 230          A 237              8        298.099         (99.165, -8.693, 38.164)         (102.752, -23.902, 37.9771)
                                                                                    (95.749, -14.579, 25.231)

             10          A 237          A 245              9        349.599         (95.749, -14.579, 25.231)
                                                                                    (83.143, -8.096, 30.864)

