Using structure file: /home/pkas7/Research/SCOP/pdbstyle-1.75B/yo/d1yoxa1.ent
Number of residues: 190
Doing a BEZIER segmentation ...

Bounding box volume: 81786.8
Null Model Fit: 8735 bits.
Bits per residue: 46.2169

Bezier model fit: 7873.08 bits.
Bits per residue: 41.6565

# of segments: 17
Internal segmentation:
0-->9-->19-->34-->42-->52-->62-->63-->83-->97-->98-->107-->117-->126-->134-->150-->160-->189

CPU time used: 11.34 secs.
Wall clock time elapsed: 11 secs.

        SEGMENT          START            END   NUM_RESIDUES MESSAGE_LENGTH                    END_POINTS        INTERMEDIATE_CONTROL_POINTS
              1            A 5           A 14             10        377.429         (31.371, 105.292, 52.082)         (35.051, 89.8592, 61.4536)
                                                                                    (38.226, 94.74, 75.184)

              2           A 14           A 24             11        407.548         (38.226, 94.74, 75.184)
                                                                                    (37.181, 98.556, 44.268)

              3           A 24           A 39             16        632.904         (37.181, 98.556, 44.268)         (56.2755, 112.93, 71.2072)
                                                                                    (43.684, 90.813, 51.522)

              4           A 39           A 47              9        339.365         (43.684, 90.813, 51.522)
                                                                                    (51.639, 110.036, 51.446)

              5           A 47           A 84             11        418.197         (51.639, 110.036, 51.446)
                                                                                    (36.664, 92.212, 44.954)

              6           A 84           A 94             11        405.449         (36.664, 92.212, 44.954)
                                                                                    (48.884, 99.721, 72.891)

              7           A 94           A 95              2         49.254         (48.884, 99.721, 72.891)
                                                                                    (45.9, 97.832, 74.401)

              8           A 95          A 115             21        835.003         (45.9, 97.832, 74.401)         (12.5843, 124.651, 53.3377)
                                                                                    (48.169, 109.21, 69.522)

              9          A 115          A 129             15        592.468         (48.169, 109.21, 69.522)         (33.6021, 103.748, 42.8799)
                                                                                    (44.588, 122.612, 66.504)

             10          A 129          A 142              2         49.254         (44.588, 122.612, 66.504)
                                                                                    (56.978, 115.863, 70.937)

             11          A 142          A 151             10        371.024         (56.978, 115.863, 70.937)
                                                                                    (34.534, 115.742, 56.561)

             12          A 151          A 161             11        421.001         (34.534, 115.742, 56.561)
                                                                                    (42.62, 100.802, 78.49)

             13          A 161          A 170             10          365.1         (42.62, 100.802, 78.49)         (27.3399, 107.53, 75.9343)
                                                                                    (27.156, 123.096, 80.915)

             14          A 170          A 178              9        339.736         (27.156, 123.096, 80.915)         (39.5605, 117.192, 88.6844)
                                                                                    (46.872, 112.384, 78.322)

             15          A 178          A 194             17         673.35         (46.872, 112.384, 78.322)         (20.6437, 123.911, 61.0298)
                                                                                    (50.433, 122.089, 88.724)

             16          A 194          A 215             11        415.151         (50.433, 122.089, 88.724)
                                                                                    (27.422, 120.808, 75.997)

             17          A 215          A 244             30        1180.85         (27.422, 120.808, 75.997)         (57.7872, 92.5869, 80.4726)
                                                                                    (76.94, 103.183, 87.277)

