Using structure file: /home/pkas7/Research/SCOP/pdbstyle-1.75B/yo/d1yoca1.ent
Number of residues: 145
Doing a BEZIER segmentation ...

Bounding box volume: 34905.2
Null Model Fit: 6478.34 bits.
Bits per residue: 44.9885

Bezier model fit: 5902.81 bits.
Bits per residue: 40.9917

# of segments: 12
Internal segmentation:
0-->1-->23-->39-->49-->55-->80-->81-->95-->108-->116-->128-->144

CPU time used: 8.34 secs.
Wall clock time elapsed: 8 secs.

        SEGMENT          START            END   NUM_RESIDUES MESSAGE_LENGTH                    END_POINTS        INTERMEDIATE_CONTROL_POINTS
              1            A 1            A 2              2        48.0256         (-85.776, 1.534, -7.704)
                                                                                    (-83.301, -0.763, -5.928)

              2            A 2           A 24             23        896.553         (-83.301, -0.763, -5.928)         (-67.0004, 10.4204, -21.0662)
                                                                                    (-65.414, -5.605, -1.695)

              3           A 24           A 40             17        678.691         (-65.414, -5.605, -1.695)         (-54.3128, -3.02442, -20.0604)
                                                                                    (-82.578, -10.111, -13.607)

              4           A 40           A 50             11        401.791         (-82.578, -10.111, -13.607)         (-65.3257, -6.78666, -21.2104)
                                                                                    (-50.463, -11.416, -16.128)

              5           A 50           A 56              7        264.281         (-50.463, -11.416, -16.128)
                                                                                    (-50.144, -22.888, -17.342)

              6           A 56           A 81             26        988.384         (-50.144, -22.888, -17.342)
                                                                                    (-87.243, -6.058, -3.25)

              7           A 81           A 82              2        48.0256         (-87.243, -6.058, -3.25)
                                                                                    (-85.831, -3.395, -0.861)

              8           A 82           A 96             15        567.316         (-85.831, -3.395, -0.861)         (-73.93, -23.4512, 8.3328)
                                                                                    (-65.464, -26.635, -19.324)

              9           A 96          A 109             14         533.08         (-65.464, -26.635, -19.324)         (-51.0521, -7.66333, -25.5191)
                                                                                    (-81.762, -14.098, -13.802)

             10          A 109          A 117              9        348.334         (-81.762, -14.098, -13.802)
                                                                                    (-87.946, -15.798, -0.669)

             11          A 117          A 129             13        480.222         (-87.946, -15.798, -0.669)
                                                                                    (-64.53, -15.478, -27.703)

             12          A 129          A 145             17        648.107         (-64.53, -15.478, -27.703)         (-72.9094, -31.6107, -9.21719)
                                                                                    (-85.553, -7.969, 6.435)

