Using structure file: /home/pkas7/Research/SCOP/pdbstyle-1.75B/yp/d1yp2a2.ent
Number of residues: 293
Doing a BEZIER segmentation ...

Bounding box volume: 91013.5
Null Model Fit: 13540.4 bits.
Bits per residue: 46.3711

Bezier model fit: 12209 bits.
Bits per residue: 41.8118

# of segments: 19
Internal segmentation:
0-->17-->32-->51-->73-->76-->96-->113-->127-->141-->150-->164-->177-->191-->213-->230-->242-->259-->285-->292

CPU time used: 18.29 secs.
Wall clock time elapsed: 18 secs.

        SEGMENT          START            END   NUM_RESIDUES MESSAGE_LENGTH                    END_POINTS        INTERMEDIATE_CONTROL_POINTS
              1           A 10           A 33             18        707.589         (25.82, -23.536, 50.067)         (29.3164, -19.6997, 78.5073)
                                                                                    (62.034, -0.909, 56.867)

              2           A 33           A 48             16        647.669         (62.034, -0.909, 56.867)         (55.725, 10.6226, 71.4619)
                                                                                    (48.265, 4.586, 52.344)

              3           A 48           A 67             20        792.541         (48.265, 4.586, 52.344)
                                                                                    (35.695, -11.75, 61.709)

              4           A 67           A 89             23        909.587         (35.695, -11.75, 61.709)         (62.3599, 11.7382, 75.6659)
                                                                                    (35.688, 0.445, 63.626)

              5           A 89          A 100              4          144.4         (35.688, 0.445, 63.626)
                                                                                    (33.636, -7.597, 68.351)

              6          A 100          A 120             21        836.376         (33.636, -7.597, 68.351)         (72.1447, 12.0639, 84.5564)
                                                                                    (55.951, -13.162, 64.733)

              7          A 120          A 137             18        706.696         (55.951, -13.162, 64.733)         (48.8777, -11.0418, 85.5751)
                                                                                    (38.253, -22.505, 67.52)

              8          A 137          A 151             15         573.83         (38.253, -22.505, 67.52)         (63.2258, 1.41415, 51.6369)
                                                                                    (37.904, -13.508, 52.037)

              9          A 151          A 165             15        594.723         (37.904, -13.508, 52.037)         (34.083, -30.185, 54.6161)
                                                                                    (46.008, -28.148, 62.547)

             10          A 165          A 174             10        363.159         (46.008, -28.148, 62.547)         (46.4766, -16.765, 50.631)
                                                                                    (57.998, -18.81, 39.033)

             11          A 174          A 188             15        587.127         (57.998, -18.81, 39.033)         (69.2651, -10.8799, 54.7616)
                                                                                    (48.847, -35.218, 46.394)

             12          A 188          A 201             14        560.757         (48.847, -35.218, 46.394)         (55.9163, -22.7879, 63.0212)
                                                                                    (70.385, -24.185, 43.415)

             13          A 201          A 215             15        583.785         (70.385, -24.185, 43.415)
                                                                                    (43.748, -25.547, 41.552)

             14          A 215          A 237             23        928.921         (43.748, -25.547, 41.552)         (65.0246, -16.7354, 29.0544)
                                                                                    (43.467, -22.771, 69.398)

             15          A 237          A 254             18        716.749         (43.467, -22.771, 69.398)         (63.408, -28.028, 79.4367)
                                                                                    (56.098, -18.809, 62.556)

             16          A 254          A 266             13        484.861         (56.098, -18.809, 62.556)
                                                                                    (53.598, -35.104, 62.115)

             17          A 266          A 283             18        685.137         (53.598, -35.104, 62.115)         (34.9496, -15.7362, 37.0565)
                                                                                    (59.969, -1.337, 51.774)

             18          A 283          A 309             27        1078.64         (59.969, -1.337, 51.774)         (46.7229, 8.55664, 27.7229)
                                                                                    (34.502, -5.944, 50.192)

             19          A 309          A 316              8        306.498         (34.502, -5.944, 50.192)
                                                                                    (35.848, 12.465, 58.382)

