Using structure file: /home/pkas7/Research/SCOP/pdbstyle-1.75B/yu/d1yuda1.ent
Number of residues: 158
Doing a BEZIER segmentation ...

Bounding box volume: 45781.5
Null Model Fit: 7124.63 bits.
Bits per residue: 45.3798

Bezier model fit: 6527.55 bits.
Bits per residue: 41.5767

# of segments: 12
Internal segmentation:
0-->18-->33-->48-->66-->78-->89-->90-->103-->113-->135-->152-->157

CPU time used: 9.16 secs.
Wall clock time elapsed: 9 secs.

        SEGMENT          START            END   NUM_RESIDUES MESSAGE_LENGTH                    END_POINTS        INTERMEDIATE_CONTROL_POINTS
              1            A 1           A 19             19        760.974         (-27.593, 48.187, 115.96)         (-46.5063, 32.4863, 117.255)
                                                                                    (-47.068, 48.175, 130.655)

              2           A 19           A 34             16        621.786         (-47.068, 48.175, 130.655)         (-31.908, 21.757, 126.2)
                                                                                    (-50.311, 22.057, 143.834)

              3           A 34           A 49             16        616.316         (-50.311, 22.057, 143.834)         (-31.9961, 32.2563, 130.779)
                                                                                    (-42.946, 55.612, 125.662)

              4           A 49           A 67             19        740.228         (-42.946, 55.612, 125.662)         (-50.3637, 31.3177, 161.163)
                                                                                    (-29.153, 44.855, 126.626)

              5           A 67           A 79             13        491.098         (-29.153, 44.855, 126.626)
                                                                                    (-44.111, 51.245, 155.518)

              6           A 79           A 90             12        458.227         (-44.111, 51.245, 155.518)
                                                                                    (-22.049, 50.549, 133.852)

              7           A 90           A 91              2        48.4169         (-22.049, 50.549, 133.852)
                                                                                    (-19.906, 49.428, 136.783)

              8           A 91          A 104             14        537.578         (-19.906, 49.428, 136.783)
                                                                                    (-44.773, 42.235, 149.153)

              9          A 104          A 114             11         418.84         (-44.773, 42.235, 149.153)
                                                                                    (-34.273, 57.179, 125.551)

             10          A 114          A 136             23        912.043         (-34.273, 57.179, 125.551)         (-41.5627, 10.7016, 144.153)
                                                                                    (-54.38, 53.21, 140.384)

             11          A 136          A 153             18        703.923         (-54.38, 53.21, 140.384)         (-47.059, 63.8036, 158.964)
                                                                                    (-44.762, 58.677, 136.484)

             12          A 153          A 158              6        218.118         (-44.762, 58.677, 136.484)
                                                                                    (-59.1, 56.426, 137.247)

