Using structure file: /home/pkas7/Research/SCOP/pdbstyle-1.75B/yu/d1yuaa2.ent
Number of residues: 57
Doing a BEZIER segmentation ...

Bounding box volume: 21498.2
Null Model Fit: 2480.2 bits.
Bits per residue: 44.2893

Bezier model fit: 2317.34 bits.
Bits per residue: 41.3811

# of segments: 7
Internal segmentation:
0-->14-->25-->27-->36-->38-->48-->56

CPU time used: 2.46 secs.
Wall clock time elapsed: 2 secs.

        SEGMENT          START            END   NUM_RESIDUES MESSAGE_LENGTH                    END_POINTS        INTERMEDIATE_CONTROL_POINTS
              1           A 66           A 80             15        577.953         (4.107, -9.282, 4.786)
                                                                                    (20.481, 11.417, -6.86)

              2           A 80           A 91             12        445.069         (20.481, 11.417, -6.86)         (2.2645, 2.04494, -4.107)
                                                                                    (12.076, -12.458, -18.255)

              3           A 91           A 93              3        92.6156         (12.076, -12.458, -18.255)
                                                                                    (8.584, -13.113, -13.399)

              4           A 93          A 102             10        368.722         (8.584, -13.113, -13.399)         (17.3138, -0.234285, -6.17887)
                                                                                    (10.153, 13.73, -11.572)

              5          A 102          A 104              3        92.6156         (10.153, 13.73, -11.572)
                                                                                    (12.012, 11.418, -16.925)

              6          A 104          A 114             11        405.129         (12.012, 11.418, -16.925)
                                                                                    (17.403, -14.497, -3.743)

              7          A 114          A 122              9        335.237         (17.403, -14.497, -3.743)
                                                                                    (21.414, 0.691, -18.631)

