Using structure file: /home/pkas7/Research/SCOP/pdbstyle-1.75B/yv/d1yvra2.ent
Number of residues: 174
Doing a BEZIER segmentation ...

Bounding box volume: 48000.7
Null Model Fit: 7862.52 bits.
Bits per residue: 45.4481

Bezier model fit: 7168 bits.
Bits per residue: 41.4335

# of segments: 14
Internal segmentation:
0-->11-->22-->28-->43-->54-->78-->93-->105-->116-->127-->138-->149-->172-->173

CPU time used: 10.51 secs.
Wall clock time elapsed: 10 secs.

        SEGMENT          START            END   NUM_RESIDUES MESSAGE_LENGTH                    END_POINTS        INTERMEDIATE_CONTROL_POINTS
              1          A 364          A 375             12        444.228         (15.529, -7.133, 99.75)         (24.2155, -8.29471, 120.511)
                                                                                    (-0.653, -1.757, 114.125)

              2          A 375          A 386             12        465.287         (-0.653, -1.757, 114.125)         (-17.6492, 6.4196, 119.355)
                                                                                    (-8.237, 2.522, 97.699)

              3          A 386          A 392              7        263.799         (-8.237, 2.522, 97.699)         (-18.0296, -6.3884, 99.3054)
                                                                                    (-6.778, 0.601, 107.025)

              4          A 392          A 407             16        604.025         (-6.778, 0.601, 107.025)
                                                                                    (12.801, -9.753, 109.222)

              5          A 407          A 418             12        455.102         (12.801, -9.753, 109.222)
                                                                                    (-4.212, 1.091, 125.245)

              6          A 418          A 442             25        981.434         (-4.212, 1.091, 125.245)         (0.757797, -32.2404, 94.769)
                                                                                    (-12.416, 1.163, 117.766)

              7          A 442          A 457             16        630.822         (-12.416, 1.163, 117.766)         (9.77418, 11.21, 121.617)
                                                                                    (8.349, -4.362, 129.376)

              8          A 457          A 469             13        497.121         (8.349, -4.362, 129.376)         (21.7961, -4.32466, 112.853)
                                                                                    (-2.858, 7.5, 109.908)

              9          A 469          A 480             12        459.371         (-2.858, 7.5, 109.908)         (-8.17659, 14.8687, 132.901)
                                                                                    (8.576, 11.516, 119.407)

             10          A 480          A 491             12        456.752         (8.576, 11.516, 119.407)
                                                                                    (20.466, 2.618, 125.821)

             11          A 491          A 502             12        447.149         (20.466, 2.618, 125.821)         (12.7699, 3.82237, 109.821)
                                                                                    (-3.754, 7.374, 104.174)

             12          A 502          A 513             12        469.681         (-3.754, 7.374, 104.174)
                                                                                    (15.386, 13.839, 114.095)

             13          A 513          A 536             24        944.737         (15.386, 13.839, 114.095)         (-3.47892, -8.86904, 91.0583)
                                                                                    (22.16, 4.169, 107.187)

             14          A 536          A 537              2        48.4852         (22.16, 4.169, 107.187)
                                                                                    (22.913, 3.13, 103.601)

