Using structure file: /home/pkas7/Research/SCOP/pdbstyle-1.75B/yw/d1ywfa1.ent
Number of residues: 241
Doing a BEZIER segmentation ...

Bounding box volume: 70633.1
Null Model Fit: 11041.3 bits.
Bits per residue: 46.0054

Bezier model fit: 9903.69 bits.
Bits per residue: 41.2654

# of segments: 15
Internal segmentation:
0-->7-->30-->31-->53-->68-->80-->82-->101-->118-->142-->147-->176-->191-->213-->240

CPU time used: 14.56 secs.
Wall clock time elapsed: 14 secs.

        SEGMENT          START            END   NUM_RESIDUES MESSAGE_LENGTH                    END_POINTS        INTERMEDIATE_CONTROL_POINTS
              1            A 4           A 11              8         306.97         (7.057, 47.032, 12.837)         (3.90466, 65.8667, 13.5138)
                                                                                    (11.136, 51.943, 5.206)

              2           A 11           A 34             24        962.489         (11.136, 51.943, 5.206)         (29.0075, 23.8125, 21.7276)
                                                                                    (11.816, 64.963, 9.494)

              3           A 34           A 35              2        49.0425         (11.816, 64.963, 9.494)
                                                                                    (8.089, 64.157, 9.959)

              4           A 35           A 57             23        911.551         (8.089, 64.157, 9.959)         (11.0237, 43.6033, 37.7237)
                                                                                    (23.086, 66.141, 2.234)

              5           A 57           A 72             16        627.722         (23.086, 66.141, 2.234)         (8.25514, 74.2003, 1.83027)
                                                                                    (18.04, 61.934, 24.804)

              6           A 72           A 84             13         484.57         (18.04, 61.934, 24.804)         (32.5363, 63.2843, 7.01923)
                                                                                    (20.171, 63.834, -7.75)

              7           A 84          A 117              3        96.0479         (20.171, 63.834, -7.75)
                                                                                    (9.75, 51.633, -22.348)

              8          A 117          A 136             20         771.68         (9.75, 51.633, -22.348)         (27.101, 50.8475, -10.0501)
                                                                                    (31.958, 60.405, -2.479)

              9          A 136          A 153             18        687.876         (31.958, 60.405, -2.479)
                                                                                    (27.554, 49.686, 22.267)

             10          A 153          A 177             25        984.841         (27.554, 49.686, 22.267)         (8.59403, 62.8025, -11.0812)
                                                                                    (32.56, 43.942, 8.366)

             11          A 177          A 182              6        220.658         (32.56, 43.942, 8.366)
                                                                                    (26.256, 38.318, 1.002)

             12          A 182          A 211             30        1140.91         (26.256, 38.318, 1.002)         (0.0933057, 46.8617, -0.896461)
                                                                                    (5.015, 75.638, -2.116)

             13          A 211          A 226             16        632.511         (5.015, 75.638, -2.116)         (21.9037, 63.633, -3.05232)
                                                                                    (8.981, 58.742, -14.324)

             14          A 226          A 248             23        906.666         (8.981, 58.742, -14.324)         (19.3465, 41.2852, -0.638973)
                                                                                    (39.006, 48.248, -7.545)

             15          A 248          A 275             28        1120.15         (39.006, 48.248, -7.545)         (46.0512, 55.9615, 17.7721)
                                                                                    (26.604, 39.199, 17.103)

