Using structure file: /home/pkas7/Research/SCOP/pdbstyle-1.75B/yw/d1ywsa1.ent
Number of residues: 82
Doing a BEZIER segmentation ...

Bounding box volume: 23090.7
Null Model Fit: 3595.78 bits.
Bits per residue: 44.3924

Bezier model fit: 3365.23 bits.
Bits per residue: 41.5461

# of segments: 7
Internal segmentation:
0-->17-->18-->26-->40-->48-->70-->81

CPU time used: 3.96 secs.
Wall clock time elapsed: 3 secs.

        SEGMENT          START            END   NUM_RESIDUES MESSAGE_LENGTH                    END_POINTS        INTERMEDIATE_CONTROL_POINTS
              1            A 1           A 18             18        708.094         (-12.706, 7.81, -11.786)         (16.3726, 15.2281, -23.9297)
                                                                                    (-2.805, 0.564, -35.774)

              2           A 18           A 19              2        47.4294         (-2.805, 0.564, -35.774)
                                                                                    (-2.89, 4.364, -36.108)

              3           A 19           A 27              9         333.32         (-2.89, 4.364, -36.108)         (5.32267, 4.36332, -20.3246)
                                                                                    (-3.137, -7.279, -16.919)

              4           A 27           A 41             15        582.774         (-3.137, -7.279, -16.919)         (-5.80069, 7.46451, -37.1363)
                                                                                    (-9.224, 17.18, -28.819)

              5           A 41           A 49              9        331.981         (-9.224, 17.18, -28.819)         (-4.20084, 7.10313, -21.4137)
                                                                                    (-9.165, -6.182, -19.096)

              6           A 49           A 71             23        899.147         (-9.165, -6.182, -19.096)         (5.81139, 32.0137, -27.6128)
                                                                                    (-0.037, 6.503, -43.075)

              7           A 71           A 82             12        462.489         (-0.037, 6.503, -43.075)         (-12.2739, 23.0744, -38.848)
                                                                                    (7.045, 29.094, -42.181)

