Using structure file: /home/pkas7/Research/SCOP/pdbstyle-1.75B/yw/d1ywia1.ent
Number of residues: 28
Doing a BEZIER segmentation ...

Bounding box volume: 4668.98
Null Model Fit: 1136.33 bits.
Bits per residue: 42.0862

Bezier model fit: 1126.58 bits.
Bits per residue: 41.7254

# of segments: 4
Internal segmentation:
0-->9-->18-->26-->27

CPU time used: 0.54 secs.
Wall clock time elapsed: 0 secs.

        SEGMENT          START            END   NUM_RESIDUES MESSAGE_LENGTH                    END_POINTS        INTERMEDIATE_CONTROL_POINTS
              1           A 15           A 24             10        371.242         (-9.217, -6.02, -0.129)         (2.05975, 1.73662, -9.55448)
                                                                                    (12.674, 6.885, -0.366)

              2           A 24           A 33             10        371.376         (12.674, 6.885, -0.366)
                                                                                    (-11.261, 0.293, 0.383)

              3           A 33           A 41              9        338.843         (-11.261, 0.293, 0.383)         (0.242572, 10.3855, 7.42861)
                                                                                    (1.884, -6.263, 2.051)

              4           A 41           A 42              2        45.1233         (1.884, -6.263, 2.051)
                                                                                    (-1.19, -6.697, 4.327)

