Using structure file: /home/pkas7/Research/SCOP/pdbstyle-1.75B/yw/d1yw4a1.ent
Number of residues: 319
Doing a BEZIER segmentation ...

Bounding box volume: 119694
Null Model Fit: 14871.7 bits.
Bits per residue: 46.7663

Bezier model fit: 13278.6 bits.
Bits per residue: 41.7565

# of segments: 25
Internal segmentation:
0-->4-->23-->31-->32-->54-->75-->86-->108-->118-->138-->155-->165-->166-->188-->193-->210-->227-->249-->250-->264-->275-->286-->287-->302-->318

CPU time used: 19.94 secs.
Wall clock time elapsed: 20 secs.

        SEGMENT          START            END   NUM_RESIDUES MESSAGE_LENGTH                    END_POINTS        INTERMEDIATE_CONTROL_POINTS
              1            A 2            A 6              5        185.333         (16.158, 17.083, 136.479)
                                                                                    (23.987, 20.119, 128.066)

              2            A 6           A 25             20        793.554         (23.987, 20.119, 128.066)         (36.8599, 10.4906, 148.328)
                                                                                    (11.306, 8.301, 119.519)

              3           A 25           A 33              9         332.87         (11.306, 8.301, 119.519)
                                                                                    (31.415, 6.241, 132.076)

              4           A 33           A 34              2        49.8034         (31.415, 6.241, 132.076)
                                                                                    (32.319, 9.843, 132.93)

              5           A 34           A 56             23        915.226         (32.319, 9.843, 132.93)         (9.13224, -9.63553, 101.567)
                                                                                    (43.201, 17.918, 124.536)

              6           A 56           A 77             22        865.142         (43.201, 17.918, 124.536)
                                                                                    (15.549, 19.066, 116.581)

              7           A 77           A 88             12        449.477         (15.549, 19.066, 116.581)         (22.1805, -4.30455, 110.182)
                                                                                    (34.488, 13.997, 126.12)

              8           A 88          A 110             23        923.756         (34.488, 13.997, 126.12)         (49.9407, 31.4201, 138.627)
                                                                                    (47.541, 2.09, 121.28)

              9          A 110          A 120             11        429.367         (47.541, 2.09, 121.28)         (58.0302, 0.81649, 135.332)
                                                                                    (45.18, 9.241, 135.74)

             10          A 120          A 140             21        792.707         (45.18, 9.241, 135.74)
                                                                                    (27.178, -4.628, 112.028)

             11          A 140          A 157             18        706.982         (27.178, -4.628, 112.028)         (46.2967, 26.3891, 124.098)
                                                                                    (45.56, 23.977, 105.017)

             12          A 157          A 167             11        418.142         (45.56, 23.977, 105.017)
                                                                                    (48.744, -2.306, 107.907)

             13          A 167          A 170              2        49.8034         (48.744, -2.306, 107.907)
                                                                                    (41.944, -2.415, 101.708)

             14          A 170          A 192             23        904.125         (41.944, -2.415, 101.708)         (23.985, 32.3982, 99.9785)
                                                                                    (53.33, 5.522, 107.392)

             15          A 192          A 197              6        226.223         (53.33, 5.522, 107.392)
                                                                                    (46.836, 8.173, 118.875)

             16          A 197          A 214             18        705.095         (46.836, 8.173, 118.875)         (35.477, -14.0116, 111.522)
                                                                                    (42.27, 19.26, 112.833)

             17          A 214          A 231             18        713.499         (42.27, 19.26, 112.833)         (34.0578, 40.5753, 131.675)
                                                                                    (31.299, 22.365, 107.322)

             18          A 231          A 253             23        902.708         (31.299, 22.365, 107.322)         (9.79705, 1.69489, 113.223)
                                                                                    (43.055, 16.382, 92.177)

             19          A 253          A 254              2        49.8034         (43.055, 16.382, 92.177)
                                                                                    (41.531, 18.738, 94.745)

             20          A 254          A 268             15        566.477         (41.531, 18.738, 94.745)         (58.8115, 5.8808, 105.914)
                                                                                    (73.454, 20.191, 120.283)

             21          A 268          A 281             12        480.133         (73.454, 20.191, 120.283)         (60.6479, 38.6162, 109.682)
                                                                                    (51.968, 23.79, 109.407)

             22          A 281          A 292             12        465.418         (51.968, 23.79, 109.407)         (62.1343, 28.147, 89.9235)
                                                                                    (72.658, 20.165, 107.247)

             23          A 292          A 301              2        49.8034         (72.658, 20.165, 107.247)
                                                                                    (66.271, 15.952, 99.533)

             24          A 301          A 316             16        639.485         (66.271, 15.952, 99.533)         (46.2974, 25.6474, 104.511)
                                                                                    (66.365, 20.114, 121.368)

             25          A 316          A 332             17        663.629         (66.365, 20.114, 121.368)
                                                                                    (44.456, 4.875, 91.712)

