Using structure file: /home/pkas7/Research/SCOP/pdbstyle-1.75B/yx/d1yxoa_.ent
Number of residues: 328
Doing a BEZIER segmentation ...

Bounding box volume: 126389
Null Model Fit: 15318.3 bits.
Bits per residue: 46.8449

Bezier model fit: 13518.7 bits.
Bits per residue: 41.3415

# of segments: 20
Internal segmentation:
0-->10-->24-->36-->59-->69-->80-->89-->109-->126-->144-->154-->162-->175-->195-->216-->245-->263-->286-->301-->327

CPU time used: 20.52 secs.
Wall clock time elapsed: 20 secs.

        SEGMENT          START            END   NUM_RESIDUES MESSAGE_LENGTH                    END_POINTS        INTERMEDIATE_CONTROL_POINTS
              1         A 1001         A 1011             11        406.527         (27.858, 12.813, 44.14)         (37.2867, -0.719819, 44.7666)
                                                                                    (41.392, -15.954, 45.864)

              2         A 1011         A 1025             15        579.482         (41.392, -15.954, 45.864)
                                                                                    (49.275, 1.399, 37.016)

              3         A 1025         A 1037             13        503.664         (49.275, 1.399, 37.016)         (28.6299, 12.6491, 39.5983)
                                                                                    (45.478, -8.136, 52.689)

              4         A 1037         A 1060             24        942.252         (45.478, -8.136, 52.689)         (70.0925, -9.77786, 30.4894)
                                                                                    (36.496, 6.435, 59.064)

              5         A 1060         A 1070             11        421.938         (36.496, 6.435, 59.064)         (36.4172, 14.5972, 41.1927)
                                                                                    (50.892, 3.516, 40.207)

              6         A 1070         A 1081             12         441.19         (50.892, 3.516, 40.207)         (35.1119, 0.247894, 58.5087)
                                                                                    (48.243, -17.706, 56.79)

              7         A 1081         A 1090             10        387.079         (48.243, -17.706, 56.79)         (56.0588, -19.2091, 36.008)
                                                                                    (41.737, -23.559, 53.076)

              8         A 1090         A 1110             21        793.481         (41.737, -23.559, 53.076)
                                                                                    (25.799, 3.225, 51.19)

              9         A 1110         A 1127             18        707.982         (25.799, 3.225, 51.19)         (40.573, -12.4646, 33.1878)
                                                                                    (36.958, -27.644, 51.382)

             10         A 1127         A 1145             19        759.872         (36.958, -27.644, 51.382)
                                                                                    (17.619, -10.891, 46.96)

             11         A 1145         A 1155             11         418.46         (17.619, -10.891, 46.96)
                                                                                    (31.133, -4.725, 23.102)

             12         A 1155         A 1163              9        338.428         (31.133, -4.725, 23.102)
                                                                                    (19.349, -20.339, 34.507)

             13         A 1163         A 1176             14        551.515         (19.349, -20.339, 34.507)         (25.2096, -37.7833, 33.5603)
                                                                                    (8.645, -21.795, 35.075)

             14         A 1176         A 1196             21        792.533         (8.645, -21.795, 35.075)
                                                                                    (20.238, 4.047, 30.117)

             15         A 1196         A 1217             22        873.165         (20.238, 4.047, 30.117)
                                                                                    (10.304, -30.74, 19.881)

             16         A 1217         A 1246             30           1190         (10.304, -30.74, 19.881)         (-8.49536, 5.14807, 38.2934)
                                                                                    (20.655, -20.387, 16.302)

             17         A 1246         A 1264             19        755.847         (20.655, -20.387, 16.302)         (20.5452, 7.17791, 11.4607)
                                                                                    (20.53, -21.776, 29.97)

             18         A 1264         A 1287             24        946.633         (20.53, -21.776, 29.97)         (46.9501, -12.5337, 11.3203)
                                                                                    (20.648, -6.817, 43.273)

             19         A 1287         A 1302             16        633.695         (20.648, -6.817, 43.273)
                                                                                    (49.744, -18.202, 36.197)

             20         A 1302         A 1328             27        1074.94         (49.744, -18.202, 36.197)         (39.8739, 1.54032, 27.136)
                                                                                    (22.085, 1.926, 40.737)

