Using structure file: /home/pkas7/Research/SCOP/pdbstyle-1.75B/z2/d1z2ma1.ent
Number of residues: 76
Doing a BEZIER segmentation ...

Bounding box volume: 21277.9
Null Model Fit: 3320.58 bits.
Bits per residue: 44.2744

Bezier model fit: 3110.5 bits.
Bits per residue: 41.4733

# of segments: 7
Internal segmentation:
0-->8-->18-->21-->32-->46-->54-->75

CPU time used: 3.63 secs.
Wall clock time elapsed: 3 secs.

        SEGMENT          START            END   NUM_RESIDUES MESSAGE_LENGTH                    END_POINTS        INTERMEDIATE_CONTROL_POINTS
              1            A 3           A 11              9        334.369         (10.669, 9.384, -0.409)
                                                                                    (0.529, 9.967, 21.447)

              2           A 11           A 21             11        403.857         (0.529, 9.967, 21.447)         (-1.31899, 5.28019, 3.44027)
                                                                                    (14.242, 17.318, -3.001)

              3           A 21           A 24              4         138.11         (14.242, 17.318, -3.001)
                                                                                    (16.638, 17.122, 4.868)

              4           A 24           A 35             12        452.433         (16.638, 17.122, 4.868)
                                                                                    (-0.054, 17.364, 8.406)

              5           A 35           A 49             15        580.357         (-0.054, 17.364, 8.406)         (11.1464, 32.4521, 21.6159)
                                                                                    (14.208, 1.643, 15.962)

              6           A 49           A 57              9        336.079         (14.208, 1.643, 15.962)
                                                                                    (22.781, 19.115, 9.87)

              7           A 57           A 78             22        865.295         (22.781, 19.115, 9.87)         (14.2034, -11.1037, -3.20615)
                                                                                    (3.685, 24.265, 26.263)

