Using structure file: /home/pkas7/Research/SCOP/pdbstyle-1.75B/z2/d1z2wa1.ent
Number of residues: 182
Doing a BEZIER segmentation ...

Bounding box volume: 51640.8
Null Model Fit: 8245.2 bits.
Bits per residue: 45.5536

Bezier model fit: 7463.36 bits.
Bits per residue: 41.234

# of segments: 16
Internal segmentation:
0-->11-->12-->31-->41-->61-->69-->78-->94-->116-->124-->135-->144-->156-->168-->169-->181

CPU time used: 10.92 secs.
Wall clock time elapsed: 10 secs.

        SEGMENT          START            END   NUM_RESIDUES MESSAGE_LENGTH                    END_POINTS        INTERMEDIATE_CONTROL_POINTS
              1            A 1           A 12             12         450.44         (29.574, 19.999, 25.42)         (15.0202, 29.7998, 37.8213)
                                                                                    (5.79, 17.104, 44.349)

              2           A 12           A 13              2        48.5906         (5.79, 17.104, 44.349)
                                                                                    (4.91, 19.857, 46.934)

              3           A 13           A 32             20        786.099         (4.91, 19.857, 46.934)         (2.84985, 13.1996, 17.4201)
                                                                                    (27.356, 16.107, 29.475)

              4           A 32           A 42             11         415.49         (27.356, 16.107, 29.475)         (18.229, 32.7513, 43.2113)
                                                                                    (12.119, 15.076, 46.725)

              5           A 42           A 62             21        827.181         (12.119, 15.076, 46.725)         (32.6942, 4.29775, 22.0119)
                                                                                    (15.394, 27.579, 50.494)

              6           A 62           A 70              9        346.332         (15.394, 27.579, 50.494)         (17.836, 11.5845, 55.1119)
                                                                                    (26.486, 23.208, 48.618)

              7           A 70           A 79             10        377.608         (26.486, 23.208, 48.618)
                                                                                    (36.838, 27.235, 28.572)

              8           A 79           A 95             17         658.08         (36.838, 27.235, 28.572)         (8.96706, 31.3514, 50.4471)
                                                                                    (28.979, 43.051, 55.76)

              9           A 95          A 117             23        908.638         (28.979, 43.051, 55.76)         (45.0576, 32.6547, 34.3166)
                                                                                    (10.917, 31.63, 38.7)

             10          A 117          A 125              9        329.196         (10.917, 31.63, 38.7)         (17.1537, 35.7213, 25.4923)
                                                                                    (30.521, 43.136, 29.667)

             11          A 125          A 136             12         447.23         (30.521, 43.136, 29.667)
                                                                                    (7.328, 23.223, 35.908)

             12          A 136          A 145             10        388.515         (7.328, 23.223, 35.908)         (5.27924, 39.2021, 51.2063)
                                                                                    (0.894, 32.354, 35.691)

             13          A 145          A 157             13        472.628         (0.894, 32.354, 35.691)         (16.198, 21.4476, 28.0666)
                                                                                    (35.625, 26.65, 22.387)

             14          A 157          A 169             13        484.412         (35.625, 26.65, 22.387)
                                                                                    (0.045, 27.904, 25.07)

             15          A 169          A 170              2        48.5906         (0.045, 27.904, 25.07)
                                                                                    (0.164, 24.787, 22.929)

             16          A 170          A 182             13        474.325         (0.164, 24.787, 22.929)         (18.9039, 30.9071, 19.6562)
                                                                                    (36.567, 37.927, 23.971)

