Using structure file: /home/pkas7/Research/SCOP/pdbstyle-1.75B/z7/d1z7kb_.ent
Number of residues: 62
Doing a BEZIER segmentation ...

Bounding box volume: 14208.8
Null Model Fit: 2665.2 bits.
Bits per residue: 43.6919

Bezier model fit: 2533.49 bits.
Bits per residue: 41.5325

# of segments: 5
Internal segmentation:
0-->15-->31-->39-->57-->61

CPU time used: 2.74 secs.
Wall clock time elapsed: 2 secs.

        SEGMENT          START            END   NUM_RESIDUES MESSAGE_LENGTH                    END_POINTS        INTERMEDIATE_CONTROL_POINTS
              1            B 2           B 17             16        623.673         (20.754, -60.869, 46.661)         (13.2368, -35.0973, 54.2247)
                                                                                    (0.086, -38.824, 44.64)

              2           B 17           B 33             17        644.528         (0.086, -38.824, 44.64)         (39.0139, -34.6009, 48.4565)
                                                                                    (18.453, -57.377, 35.026)

              3           B 33           B 41              9        347.975         (18.453, -57.377, 35.026)         (25.9642, -45.6957, 27.5782)
                                                                                    (21.224, -48.282, 43.084)

              4           B 41           B 59             19        739.877         (21.224, -48.282, 43.084)         (-4.32086, -42.3811, 33.8803)
                                                                                    (25.22, -57.294, 40.127)

              5           B 59           B 63              5        177.433         (25.22, -57.294, 40.127)
                                                                                    (27.181, -54.371, 33.073)

