Using structure file: /home/pkas7/Research/SCOP/pdbstyle-1.75B/za/d1za0a1.ent
Number of residues: 242
Doing a BEZIER segmentation ...

Bounding box volume: 95167.5
Null Model Fit: 11191 bits.
Bits per residue: 46.4355

Bezier model fit: 9777.22 bits.
Bits per residue: 40.5694

# of segments: 14
Internal segmentation:
0-->28-->54-->70-->71-->99-->111-->114-->141-->142-->169-->191-->208-->229-->241

CPU time used: 14.44 secs.
Wall clock time elapsed: 14 secs.

        SEGMENT          START            END   NUM_RESIDUES MESSAGE_LENGTH                    END_POINTS        INTERMEDIATE_CONTROL_POINTS
              1            A 8           A 36             29        1124.82         (46.476, 23.287, 13.227)         (37.1468, 39.4262, -5.672)
                                                                                    (7.912, 40.4, 14.846)

              2           A 36           A 62             27         1091.3         (7.912, 40.4, 14.846)         (-14.9668, 31.0884, 49.6142)
                                                                                    (-3.758, 21.251, 10.602)

              3           A 62           A 78             17        643.033         (-3.758, 21.251, 10.602)
                                                                                    (19.089, 20.994, 21.203)

              4           A 78           A 94              2        49.4726         (19.089, 20.994, 21.203)
                                                                                    (39.062, 33.488, 15.171)

              5           A 94          A 122             29        1081.94         (39.062, 33.488, 15.171)         (17.5081, 31.4974, 15.046)
                                                                                    (-2.284, 27.992, 21.65)

              6          A 122          A 134             13        505.401         (-2.284, 27.992, 21.65)
                                                                                    (9.98, 14.38, 30.255)

              7          A 134          A 147              4        144.593         (9.98, 14.38, 30.255)
                                                                                    (36.791, 14.433, 13.061)

              8          A 147          A 174             28        1051.93         (36.791, 14.433, 13.061)         (21.5243, 19.5739, 1.47255)
                                                                                    (-1.868, 28.952, 4.705)

              9          A 174          A 175              2        49.4726         (-1.868, 28.952, 4.705)
                                                                                    (-1.823, 30.935, 7.92)

             10          A 175          A 202             28        1049.46         (-1.823, 30.935, 7.92)         (18.7993, 31.6794, 7.74466)
                                                                                    (37.7, 23.496, 0.522)

             11          A 202          A 224             23        904.704         (37.7, 23.496, 0.522)         (44.3749, 3.15091, 0.30363)
                                                                                    (15.111, 11.884, 8.813)

             12          A 224          A 241             18        711.626         (15.111, 11.884, 8.813)         (7.57653, 9.91215, 28.3761)
                                                                                    (2.628, 11.524, 4.635)

             13          A 241          A 262             22        850.913         (2.628, 11.524, 4.635)
                                                                                    (30.667, 17.616, -8.3)

             14          A 262          A 274             13         518.55         (30.667, 17.616, -8.3)         (35.2851, -0.660373, -3.47382)
                                                                                    (19.566, 8.942, -8.232)

