Using structure file: /home/pkas7/Research/SCOP/pdbstyle-1.75B/zc/d1zc3b_.ent
Number of residues: 109
Doing a BEZIER segmentation ...

Bounding box volume: 33124.9
Null Model Fit: 4850.6 bits.
Bits per residue: 44.913

Bezier model fit: 4360.02 bits.
Bits per residue: 40.3706

# of segments: 11
Internal segmentation:
0-->15-->16-->29-->30-->41-->54-->55-->66-->76-->86-->108

CPU time used: 6.03 secs.
Wall clock time elapsed: 6 secs.

        SEGMENT          START            END   NUM_RESIDUES MESSAGE_LENGTH                    END_POINTS        INTERMEDIATE_CONTROL_POINTS
              1          B 171          B 186             16        613.465         (27.924, 47.028, 15.457)         (20.2858, 42.8054, 43.2449)
                                                                                    (19.587, 15.64, 35.49)

              2          B 186          B 187              2        47.9501         (19.587, 15.64, 35.49)
                                                                                    (18.882, 15.845, 39.239)

              3          B 187          B 200             14        519.025         (18.882, 15.845, 39.239)         (28.1235, 36.3823, 48.4261)
                                                                                    (25.112, 40.139, 19.206)

              4          B 200          B 201              2        47.9501         (25.112, 40.139, 19.206)
                                                                                    (26.702, 36.826, 18.274)

              5          B 201          B 212             12        426.111         (26.702, 36.826, 18.274)         (27.2541, 32.7059, 37.1274)
                                                                                    (39.577, 27.077, 50.297)

              6          B 212          B 225             14        522.531         (39.577, 27.077, 50.297)
                                                                                    (24.879, 29.802, 15.739)

              7          B 225          B 226              2        47.9501         (24.879, 29.802, 15.739)
                                                                                    (25.669, 26.679, 17.777)

              8          B 226          B 237             12        451.338         (25.669, 26.679, 17.777)         (4.42627, 26.4662, 28.5463)
                                                                                    (11.262, 21.151, 41.488)

              9          B 237          B 247             11        414.601         (11.262, 21.151, 41.488)         (11.7487, 35.2657, 29.5672)
                                                                                    (28.173, 19.672, 23.699)

             10          B 247          B 257             11        408.825         (28.173, 19.672, 23.699)
                                                                                    (10.814, 35.449, 38.085)

             11          B 257          B 279             23        860.277         (10.814, 35.449, 38.085)
                                                                                    (24.181, 36.572, 7.083)

