Using structure file: /home/pkas7/Research/SCOP/pdbstyle-1.75B/zc/d1zcza2.ent
Number of residues: 295
Doing a BEZIER segmentation ...

Bounding box volume: 120543
Null Model Fit: 13752.3 bits.
Bits per residue: 46.7765

Bezier model fit: 12240 bits.
Bits per residue: 41.6326

# of segments: 25
Internal segmentation:
0-->16-->18-->29-->40-->57-->66-->77-->103-->117-->135-->144-->155-->173-->178-->196-->197-->205-->216-->217-->235-->246-->266-->267-->281-->294

CPU time used: 18.52 secs.
Wall clock time elapsed: 18 secs.

        SEGMENT          START            END   NUM_RESIDUES MESSAGE_LENGTH                    END_POINTS        INTERMEDIATE_CONTROL_POINTS
              1          A 158          A 174             17        655.373         (4.967, 6.853, 12.915)         (1.25848, -28.5742, 3.52525)
                                                                                    (-0.924, -9.955, -14.615)

              2          A 174          A 176              3        97.5902         (-0.924, -9.955, -14.615)
                                                                                    (4.219, -11.983, -15.857)

              3          A 176          A 187             12        455.315         (4.219, -11.983, -15.857)         (6.55444, -6.87991, 9.66273)
                                                                                    (-11.217, -12.633, 5.509)

              4          A 187          A 198             12        459.571         (-11.217, -12.633, 5.509)         (-16.1149, -35.8223, -6.48677)
                                                                                    (-4.777, -10.752, -6.574)

              5          A 198          A 215             18        683.625         (-4.777, -10.752, -6.574)
                                                                                    (-28.537, 2.533, 4.611)

              6          A 215          A 224             10        380.734         (-28.537, 2.533, 4.611)         (-30.1602, -10.1838, -3.40218)
                                                                                    (-12.535, -4.099, -12.432)

              7          A 224          A 235             12        476.182         (-12.535, -4.099, -12.432)         (-26.3235, 4.73291, -7.9002)
                                                                                    (-36.334, -8.618, -0.193)

              8          A 235          A 261             27        1074.47         (-36.334, -8.618, -0.193)         (-16.4196, -3.02078, -31.5352)
                                                                                    (-26.427, -13.372, 5.519)

              9          A 261          A 275             15        600.574         (-26.427, -13.372, 5.519)         (-39.7109, -23.4212, -11.1483)
                                                                                    (-16.04, -14.785, -9.672)

             10          A 275          A 293             19        750.066         (-16.04, -14.785, -9.672)         (-30.7089, -21.1178, 18.6577)
                                                                                    (-20.006, -23.424, -8.787)

             11          A 293          A 302             10        370.519         (-20.006, -23.424, -8.787)
                                                                                    (-13.315, -6.333, 10.98)

             12          A 302          A 313             12        467.388         (-13.315, -6.333, 10.98)         (-6.08976, 8.92361, -4.76721)
                                                                                    (9.019, 3.964, -3.625)

             13          A 313          A 331             19        723.897         (9.019, 3.964, -3.625)         (-20.619, 5.69155, 15.8249)
                                                                                    (-32.422, 24.755, -4.614)

             14          A 331          A 336              6        226.175         (-32.422, 24.755, -4.614)
                                                                                    (-39.851, 12.559, -0.435)

             15          A 336          A 354             19        722.828         (-39.851, 12.559, -0.435)
                                                                                    (-13.562, 5.445, -9.861)

             16          A 354          A 355              2        49.8136         (-13.562, 5.445, -9.861)
                                                                                    (-13.21, 9.186, -10.497)

             17          A 355          A 363              9         331.92         (-13.21, 9.186, -10.497)
                                                                                    (-36.404, 3.227, -6.894)

             18          A 363          A 374             12        466.346         (-36.404, 3.227, -6.894)         (-24.0143, -0.574419, -14.8428)
                                                                                    (-10.951, 12.299, -17.277)

             19          A 374          A 375              2        49.8136         (-10.951, 12.299, -17.277)
                                                                                    (-13.739, 14.941, -17.147)

             20          A 375          A 393             19        752.554         (-13.739, 14.941, -17.147)         (-26.4994, 1.66124, -25.0686)
                                                                                    (-37.593, 10.883, -12.773)

             21          A 393          A 404             12        459.478         (-37.593, 10.883, -12.773)         (-13.1817, 9.66966, -0.518951)
                                                                                    (-19.48, 23.949, -15.301)

             22          A 404          A 424             21        830.307         (-19.48, 23.949, -15.301)         (-46.2639, 4.88625, -21.0234)
                                                                                    (-16.57, 24.228, -4.226)

             23          A 424          A 425              2        49.8136         (-16.57, 24.228, -4.226)
                                                                                    (-16.28, 25.278, -7.885)

             24          A 425          A 439             15        573.137         (-16.28, 25.278, -7.885)
                                                                                    (-36.108, 22.805, -12.365)

             25          A 439          A 452             14        532.491         (-36.108, 22.805, -12.365)         (-21.3565, 19.7021, 9.75351)
                                                                                    (-9.25, 6.455, -7.792)

