Using structure file: /home/pkas7/Research/SCOP/pdbstyle-1.75B/zd/d1zd3a1.ent
Number of residues: 225
Doing a BEZIER segmentation ...

Bounding box volume: 61017.2
Null Model Fit: 10257.9 bits.
Bits per residue: 45.7943

Bezier model fit: 9218.29 bits.
Bits per residue: 41.1531

# of segments: 11
Internal segmentation:
0-->29-->57-->76-->87-->114-->129-->155-->176-->185-->203-->224

CPU time used: 13.26 secs.
Wall clock time elapsed: 13 secs.

        SEGMENT          START            END   NUM_RESIDUES MESSAGE_LENGTH                    END_POINTS        INTERMEDIATE_CONTROL_POINTS
              1            A 2           A 31             30        1197.32         (-50.033, -10.931, 103.662)         (-54.1447, 17.8301, 79.0461)
                                                                                    (-60.15, 35.761, 91.433)

              2           A 31           A 59             29         1157.6         (-60.15, 35.761, 91.433)         (-80.6036, 6.94542, 96.9344)
                                                                                    (-68.868, 11.557, 76.572)

              3           A 59           A 78             20        761.985         (-68.868, 11.557, 76.572)
                                                                                    (-72.984, 33.041, 94.616)

              4           A 78           A 89             12        462.583         (-72.984, 33.041, 94.616)         (-64.0894, 43.203, 78.3373)
                                                                                    (-62.787, 23.203, 77.088)

              5           A 89          A 116             28        1073.47         (-62.787, 23.203, 77.088)         (-38.1519, 14.4054, 88.5409)
                                                                                    (-44.944, -10.889, 92.682)

              6          A 116          A 131             16        609.481         (-44.944, -10.889, 92.682)         (-69.5418, 6.93926, 90.8363)
                                                                                    (-60.086, 16.766, 69.331)

              7          A 131          A 157             27        1059.86         (-60.086, 16.766, 69.331)         (-36.0642, -7.02595, 85.741)
                                                                                    (-70.411, 1.793, 84.533)

              8          A 157          A 178             22        891.161         (-70.411, 1.793, 84.533)         (-68.2405, 10.6158, 112.327)
                                                                                    (-56.846, -8.344, 103.506)         (-61.2374, -20.3887, 74.2689)

              9          A 178          A 187             10        383.188         (-56.846, -8.344, 103.506)         (-49.9094, 4.62892, 91.2469)
                                                                                    (-60.093, 10.278, 101.211)

             10          A 187          A 205             19        744.398         (-60.093, 10.278, 101.211)         (-68.9834, -14.69, 106.412)
                                                                                    (-47.24, 13.87, 98.473)

             11          A 205          A 224             22        877.241         (-47.24, 13.87, 98.473)         (-47.0643, -8.62819, 111.839)
                                                                                    (-32.319, 3.552, 88.816)

