Using structure file: /home/pkas7/Research/SCOP/pdbstyle-1.75B/zd/d1zdna1.ent
Number of residues: 151
Doing a BEZIER segmentation ...

Bounding box volume: 37337.2
Null Model Fit: 6762.85 bits.
Bits per residue: 45.0857

Bezier model fit: 6210.55 bits.
Bits per residue: 41.4036

# of segments: 13
Internal segmentation:
0-->3-->23-->33-->47-->51-->63-->65-->76-->85-->102-->124-->149-->150

CPU time used: 9.03 secs.
Wall clock time elapsed: 9 secs.

        SEGMENT          START            END   NUM_RESIDUES MESSAGE_LENGTH                    END_POINTS        INTERMEDIATE_CONTROL_POINTS
              1            A 6            A 9              4        140.544         (55.782, 35.236, -3.517)
                                                                                    (55.052, 34.84, 3.467)

              2            A 9           A 29             21        814.562         (55.052, 34.84, 3.467)         (64.4735, 50.1616, 3.85149)
                                                                                    (84.076, 42.725, 8.988)

              3           A 29           A 39             11        419.938         (84.076, 42.725, 8.988)
                                                                                    (65.496, 38.78, -7.321)

              4           A 39           A 53             15        560.548         (65.496, 38.78, -7.321)
                                                                                    (94.465, 31.154, 7.234)

              5           A 53           A 57              5        182.564         (94.465, 31.154, 7.234)
                                                                                    (94.464, 37.885, 0.821)

              6           A 57           A 69             13        479.235         (94.464, 37.885, 0.821)         (73.6848, 34.4548, -8.49387)
                                                                                    (61.799, 26.633, 3.204)

              7           A 69           A 71              3        94.2084         (61.799, 26.633, 3.204)
                                                                                    (63.896, 30.496, 7.172)

              8           A 71           A 82             12          447.7         (63.896, 30.496, 7.172)
                                                                                    (87.062, 28.409, -6.773)

              9           A 82           A 91             10        389.407         (87.062, 28.409, -6.773)         (88.3158, 17.7143, 10.5311)
                                                                                    (79.996, 22.707, -7.77)

             10           A 91          A 108             18        709.436         (79.996, 22.707, -7.77)         (71.2382, 18.3325, 20.8608)
                                                                                    (68.846, 34.987, 9.087)

             11          A 108          A 130             23        915.236         (68.846, 34.987, 9.087)         (91.3473, 30.8826, 14.4218)
                                                                                    (85.905, 17.752, -0.649)

             12          A 130          A 155             26        1009.05         (85.905, 17.752, -0.649)         (107.622, 15.6865, 12.8773)
                                                                                    (91.358, 32.563, -7.894)

             13          A 155          A 156              2        48.1227         (91.358, 32.563, -7.894)
                                                                                    (91.209, 35.061, -5.009)

