Using structure file: /home/pkas7/Research/SCOP/pdbstyle-1.75B/zk/d1zk8a2.ent
Number of residues: 105
Doing a BEZIER segmentation ...

Bounding box volume: 30391.8
Null Model Fit: 4658.03 bits.
Bits per residue: 44.7887

Bezier model fit: 4185.47 bits.
Bits per residue: 40.2449

# of segments: 8
Internal segmentation:
0-->1-->20-->31-->53-->55-->78-->87-->104

CPU time used: 5.6 secs.
Wall clock time elapsed: 5 secs.

        SEGMENT          START            END   NUM_RESIDUES MESSAGE_LENGTH                    END_POINTS        INTERMEDIATE_CONTROL_POINTS
              1           A 78           A 79              2        47.8258         (17.724, 65.326, 36.821)
                                                                                    (16.698, 66.675, 33.436)

              2           A 79           A 98             20        755.955         (16.698, 66.675, 33.436)
                                                                                    (24.554, 41.692, 36.691)

              3           A 98          A 109             12        457.985         (24.554, 41.692, 36.691)
                                                                                    (7.837, 36.664, 26.345)

              4          A 109          A 131             23         869.12         (7.837, 36.664, 26.345)         (11.124, 53.8236, 36.0837)
                                                                                    (11.428, 68.731, 22.265)

              5          A 131          A 133              3        93.6146         (11.428, 68.731, 22.265)
                                                                                    (7.656, 64.203, 19.806)

              6          A 133          A 156             24        903.245         (7.656, 64.203, 19.806)
                                                                                    (31.79, 42.723, 28.661)

              7          A 156          A 165             10        373.482         (31.79, 42.723, 28.661)         (44.694, 45.2839, 16.8549)
                                                                                    (39.382, 55.294, 29.518)

              8          A 165          A 182             18        684.243         (39.382, 55.294, 29.518)
                                                                                    (19.686, 69.207, 19.995)

