Using structure file: /home/pkas7/Research/SCOP/pdbstyle-1.75B/zl/d1zl0a1.ent
Number of residues: 138
Doing a BEZIER segmentation ...

Bounding box volume: 37313.9
Null Model Fit: 6176.61 bits.
Bits per residue: 45.0848

Bezier model fit: 5675.43 bits.
Bits per residue: 41.4265

# of segments: 14
Internal segmentation:
0-->9-->11-->22-->32-->41-->50-->52-->66-->81-->93-->104-->118-->132-->137

CPU time used: 8.01 secs.
Wall clock time elapsed: 8 secs.

        SEGMENT          START            END   NUM_RESIDUES MESSAGE_LENGTH                    END_POINTS        INTERMEDIATE_CONTROL_POINTS
              1          A 170          A 179             10        375.432         (-4.45, 30.002, 25.527)         (4.65368, 46.7487, 32.1286)
                                                                                    (16.507, 35.58, 37.706)

              2          A 179          A 181              3        94.2066         (16.507, 35.58, 37.706)
                                                                                    (15.395, 34.121, 31.314)

              3          A 181          A 192             12        441.863         (15.395, 34.121, 31.314)         (2.3682, 14.9123, 31.285)
                                                                                    (-3.952, 34.879, 46.724)

              4          A 192          A 202             11        421.544         (-3.952, 34.879, 46.724)
                                                                                    (-2.48, 22.643, 57.9)

              5          A 202          A 211             10        372.268         (-2.48, 22.643, 57.9)
                                                                                    (8.643, 22.68, 38.62)

              6          A 211          A 220             10        361.678         (8.643, 22.68, 38.62)         (-0.382413, 34.0531, 39.2446)
                                                                                    (-5.18, 45.459, 50.96)

              7          A 220          A 222              3        94.2066         (-5.18, 45.459, 50.96)
                                                                                    (1.055, 46.717, 53.928)

              8          A 222          A 236             15        568.623         (1.055, 46.717, 53.928)
                                                                                    (6.46, 25.981, 54.023)

              9          A 236          A 251             16        614.613         (6.46, 25.981, 54.023)         (17.089, 22.1974, 30.5589)
                                                                                    (-4.154, 46.181, 44.603)

             10          A 251          A 263             13        494.438         (-4.154, 46.181, 44.603)         (10.7408, 60.5128, 59.7828)
                                                                                    (9.627, 44.327, 43.146)

             11          A 263          A 274             12         449.22         (9.627, 44.327, 43.146)
                                                                                    (17.249, 30.691, 42.651)

             12          A 274          A 288             15        588.238         (17.249, 30.691, 42.651)
                                                                                    (-8.07, 42.9, 35.379)

             13          A 288          A 302             15        577.559         (-8.07, 42.9, 35.379)         (-6.86776, 10.1388, 38.0533)
                                                                                    (9.416, 35.924, 26.565)

             14          A 302          A 307              6        221.546         (9.416, 35.924, 26.565)
                                                                                    (-1.029, 26.756, 28.145)

