Using structure file: /home/pkas7/Research/SCOP/pdbstyle-1.75B/zs/d1zswa1.ent
Number of residues: 144
Doing a BEZIER segmentation ...

Bounding box volume: 62451.2
Null Model Fit: 6553.37 bits.
Bits per residue: 45.8278

Bezier model fit: 5965.98 bits.
Bits per residue: 41.7201

# of segments: 13
Internal segmentation:
0-->14-->15-->40-->41-->50-->55-->66-->75-->86-->112-->122-->132-->143

CPU time used: 8.04 secs.
Wall clock time elapsed: 8 secs.

        SEGMENT          START            END   NUM_RESIDUES MESSAGE_LENGTH                    END_POINTS        INTERMEDIATE_CONTROL_POINTS
              1            A 1           A 15             15        579.685         (10.309, 27.534, 33.727)         (4.42967, 40.5457, 18.9954)
                                                                                    (-15.045, 57.809, 24.343)

              2           A 15           A 16              2        48.8649         (-15.045, 57.809, 24.343)
                                                                                    (-16.178, 57.473, 20.704)

              3           A 16           A 41             26        1034.53         (-16.178, 57.473, 20.704)         (2.36346, 48.2438, -3.84577)
                                                                                    (-20.575, 44.371, 30.414)

              4           A 41           A 42              2        48.8649         (-20.575, 44.371, 30.414)
                                                                                    (-22.477, 43.649, 27.136)

              5           A 42           A 51             10        375.406         (-22.477, 43.649, 27.136)
                                                                                    (-2.92, 42.393, 11.526)

              6           A 51           A 56              6        223.781         (-2.92, 42.393, 11.526)
                                                                                    (-0.999, 37.789, 19.275)

              7           A 56           A 67             12        447.857         (-0.999, 37.789, 19.275)
                                                                                    (-19.569, 59.302, 29.078)

              8           A 67           A 76             10        373.393         (-19.569, 59.302, 29.078)         (-2.42331, 68.6994, 31.2798)
                                                                                    (1.602, 54.348, 38.061)

              9           A 76           A 87             12        461.056         (1.602, 54.348, 38.061)         (0.0374606, 50.0984, 19.5901)
                                                                                    (12.302, 50.742, 7.88)

             10           A 87          A 113             27        1069.84         (12.302, 50.742, 7.88)         (-12.6644, 76.8869, 5.03986)
                                                                                    (17.55, 52.734, 21.096)

             11          A 113          A 123             11         422.04         (17.55, 52.734, 21.096)         (5.9714, 61.2229, 10.8531)
                                                                                    (-7.825, 61.304, 23.009)

             12          A 123          A 133             11        415.312         (-7.825, 61.304, 23.009)
                                                                                    (14.482, 46.411, 10.14)

             13          A 133          A 144             12        465.351         (14.482, 46.411, 10.14)         (4.37704, 29.3237, 19.3479)
                                                                                    (-4.14, 43.354, 1.902)

