Using structure file: /home/pkas7/Research/SCOP/pdbstyle-1.75B/zu/d1zunb3.ent
Number of residues: 197
Doing a BEZIER segmentation ...

Bounding box volume: 63994.5
Null Model Fit: 8989.15 bits.
Bits per residue: 45.863

Bezier model fit: 8063.79 bits.
Bits per residue: 41.1418

# of segments: 12
Internal segmentation:
0-->17-->35-->36-->49-->61-->75-->97-->117-->133-->151-->180-->196

CPU time used: 11.9 secs.
Wall clock time elapsed: 11 secs.

        SEGMENT          START            END   NUM_RESIDUES MESSAGE_LENGTH                    END_POINTS        INTERMEDIATE_CONTROL_POINTS
              1           B 16           B 33             18        690.508         (14.458, 63.054, 83.244)         (12.1311, 77.3648, 63.2486)
                                                                                    (41.455, 90.833, 81.375)

              2           B 33           B 51             19        719.248         (41.455, 90.833, 81.375)
                                                                                    (19.087, 72.532, 90.719)

              3           B 51           B 70              2        48.9001         (19.087, 72.532, 90.719)
                                                                                    (30.203, 73.95, 99.064)

              4           B 70           B 90             14        535.175         (30.203, 73.95, 99.064)
                                                                                    (49.162, 83.191, 68.761)

              5           B 90          B 102             13        491.709         (49.162, 83.191, 68.761)
                                                                                    (15.707, 72.039, 82.295)

              6          B 102          B 116             15        574.912         (15.707, 72.039, 82.295)
                                                                                    (45.044, 90.195, 68.317)

              7          B 116          B 138             23        887.965         (45.044, 90.195, 68.317)         (16.9872, 71.6088, 58.0393)
                                                                                    (34.166, 101.547, 87.196)

              8          B 138          B 158             21        829.486         (34.166, 101.547, 87.196)         (39.1462, 95.531, 59.2852)
                                                                                    (20.553, 89.408, 67.08)

              9          B 158          B 174             17        661.059         (20.553, 89.408, 67.08)         (37.6958, 94.5038, 100.452)
                                                                                    (21.817, 103.304, 89.999)

             10          B 174          B 192             19        718.735         (21.817, 103.304, 89.999)
                                                                                    (22.808, 101.372, 63.051)

             11          B 192          B 221             30        1231.21         (22.808, 101.372, 63.051)         (27.3985, 77.7883, 103.8)
                                                                                    (16.225, 97.131, 88.734)

             12          B 221          B 237             17        674.889         (16.225, 97.131, 88.734)         (17.8653, 76.4672, 84.0099)
                                                                                    (15.81, 84.704, 64.941)

