Using structure file: /home/pkas7/Research/SCOP/pdbstyle-1.75B/zy/d1zyma2.ent
Number of residues: 124
Doing a BEZIER segmentation ...

Bounding box volume: 36385.9
Null Model Fit: 5540.96 bits.
Bits per residue: 45.0484

Bezier model fit: 5130.09 bits.
Bits per residue: 41.708

# of segments: 11
Internal segmentation:
0-->4-->18-->20-->35-->49-->62-->80-->97-->98-->108-->123

CPU time used: 6.78 secs.
Wall clock time elapsed: 6 secs.

        SEGMENT          START            END   NUM_RESIDUES MESSAGE_LENGTH                    END_POINTS        INTERMEDIATE_CONTROL_POINTS
              1            A 3            A 7              5        183.456         (1.523, 12.267, 108.447)
                                                                                    (-0.167, 0.567, 105.165)

              2            A 7           A 21             15        561.767         (-0.167, 0.567, 105.165)         (26.5226, 2.73034, 117.578)
                                                                                    (10.684, 11.257, 87.403)

              3           A 21          A 146              3         94.134         (10.684, 11.257, 87.403)
                                                                                    (14.914, 5.806, 82.508)

              4          A 146          A 161             16        628.902         (14.914, 5.806, 82.508)         (29.7115, -7.74841, 107.053)
                                                                                    (4.939, 10.008, 95.192)

              5          A 161          A 175             15        591.746         (4.939, 10.008, 95.192)         (5.96705, -10.5457, 82.1282)
                                                                                    (17.883, -3.253, 100.196)

              6          A 175          A 188             14        549.438         (17.883, -3.253, 100.196)         (-2.63531, 14.3424, 103.285)
                                                                                    (-2.879, 0.563, 96.813)

              7          A 188          A 206             19        741.831         (-2.879, 0.563, 96.813)         (11.5909, -18.0479, 108.292)
                                                                                    (0.471, 14.747, 101.615)

              8          A 206          A 223             18        702.365         (0.471, 14.747, 101.615)         (30.7016, 17.9075, 97.0652)
                                                                                    (3.854, 1.955, 114.661)

              9          A 223          A 224              2        48.0855         (3.854, 1.955, 114.661)
                                                                                    (2.58, 5.299, 115.875)

             10          A 224          A 234             11        412.241         (2.58, 5.299, 115.875)         (16.5495, 17.762, 102.608)
                                                                                    (18.581, 10.74, 121.162)

             11          A 234          A 249             16        616.118         (18.581, 10.74, 121.162)
                                                                                    (7.044, -8.44, 122.463)

