Using structure file: /home/pkas7/Research/SCOP/pdbstyle-1.75B/a1/d2a15a1.ent
Number of residues: 132
Doing a BEZIER segmentation ...

Bounding box volume: 29269
Null Model Fit: 5860.21 bits.
Bits per residue: 44.7344

Bezier model fit: 5360.68 bits.
Bits per residue: 40.9212

# of segments: 10
Internal segmentation:
0-->2-->18-->40-->65-->79-->97-->111-->112-->126-->131

CPU time used: 7.44 secs.
Wall clock time elapsed: 7 secs.

        SEGMENT          START            END   NUM_RESIDUES MESSAGE_LENGTH                    END_POINTS        INTERMEDIATE_CONTROL_POINTS
              1            A 5            A 7              3        93.5059         (7.744, -20.557, 21.96)
                                                                                    (11.225, -19.638, 16.322)

              2            A 7           A 23             17        644.528         (11.225, -19.638, 16.322)
                                                                                    (-2.05, -3.898, 3.861)

              3           A 23           A 45             23        915.684         (-2.05, -3.898, 3.861)         (26.078, -6.62535, 14.1713)
                                                                                    (10.414, -13.405, -13.945)

              4           A 45           A 70             26        1031.71         (10.414, -13.405, -13.945)         (23.8813, -0.902753, 3.18879)
                                                                                    (-1.324, -2.86, -6.453)

              5           A 70           A 84             15        565.387         (-1.324, -2.86, -6.453)         (-8.60548, -26.0933, 2.46478)
                                                                                    (16.991, -27.633, 12.581)

              6           A 84          A 102             19        730.765         (16.991, -27.633, 12.581)
                                                                                    (-9.451, -7.881, -12.24)

              7          A 102          A 116             15        540.776         (-9.451, -7.881, -12.24)         (4.0801, -32.8029, -7.64058)
                                                                                    (19.613, -12.935, 11.038)

              8          A 116          A 117              2        47.7715         (19.613, -12.935, 11.038)
                                                                                    (20.269, -13.18, 14.828)

              9          A 117          A 131             15        571.963         (20.269, -13.18, 14.828)
                                                                                    (4.216, -21.758, -16.231)

             10          A 131          A 136              6        218.584         (4.216, -21.758, -16.231)
                                                                                    (-9.46, -17.044, -13.264)

