Using structure file: /home/pkas7/Research/SCOP/pdbstyle-1.75B/a1/d2a19b_.ent
Number of residues: 263
Doing a BEZIER segmentation ...

Bounding box volume: 107003
Null Model Fit: 12210.4 bits.
Bits per residue: 46.6047

Bezier model fit: 10910.7 bits.
Bits per residue: 41.6438

# of segments: 18
Internal segmentation:
0-->12-->22-->32-->45-->64-->77-->78-->89-->109-->131-->146-->158-->168-->184-->208-->221-->243-->262

CPU time used: 16.35 secs.
Wall clock time elapsed: 16 secs.

        SEGMENT          START            END   NUM_RESIDUES MESSAGE_LENGTH                    END_POINTS        INTERMEDIATE_CONTROL_POINTS
              1          B 256          B 268             13        514.501         (20.267, 25.421, -26.006)         (17.4697, 9.01662, -11.0714)
                                                                                    (30.6, 20.599, -20.448)

              2          B 268          B 278             11        426.291         (30.6, 20.599, -20.448)         (27.2349, 21.016, -40.68)
                                                                                    (15.877, 8.349, -34.544)

              3          B 278          B 288             11        410.462         (15.877, 8.349, -34.544)         (31.8174, 20.2905, -30.4328)
                                                                                    (35.62, 14.836, -13.912)

              4          B 288          B 301             14        539.989         (35.62, 14.836, -13.912)         (34.9373, 13.6739, -34.7626)
                                                                                    (9.914, 4.369, -25.409)

              5          B 301          B 320             20        798.191         (9.914, 4.369, -25.409)         (29.104, -10.082, -23.7405)
                                                                                    (34.107, -1.582, -32.926)

              6          B 320          B 333             14        541.094         (34.107, -1.582, -32.926)         (22.6147, 7.54707, -8.06997)
                                                                                    (12.18, 14.92, -28.447)

              7          B 333          B 356              2        49.6417         (12.18, 14.92, -28.447)
                                                                                    (8.079, 21.974, -27.184)

              8          B 356          B 367             12        447.957         (8.079, 21.974, -27.184)         (11.848, 3.18177, -18.2248)
                                                                                    (33.692, 6.667, -28.111)

              9          B 367          B 387             21        843.909         (33.692, 6.667, -28.111)         (31.1245, 16.793, -57.5245)
                                                                                    (45.449, 3.197, -52.76)

             10          B 387          B 409             23        862.424         (45.449, 3.197, -52.76)
                                                                                    (25.929, -14.357, -31.692)

             11          B 409          B 424             16        633.849         (25.929, -14.357, -31.692)         (18.7699, 6.38261, -49.8461)
                                                                                    (43.407, 7.304, -37.722)

             12          B 424          B 436             13        503.601         (43.407, 7.304, -37.722)
                                                                                    (21.576, -4.777, -34.178)

             13          B 436          B 447             11         430.55         (21.576, -4.777, -34.178)         (14.8297, -27.6907, -33.6938)
                                                                                    (10.76, -5.391, -42.328)

             14          B 447          B 463             17        690.296         (10.76, -5.391, -42.328)         (28.9284, 2.20778, -56.6831)
                                                                                    (11.452, -11.618, -42.919)

             15          B 463          B 487             25        989.951         (11.452, -11.618, -42.919)         (43.266, -13.5115, -46.1444)
                                                                                    (30.909, 10.598, -59.357)

             16          B 487          B 500             14        530.583         (30.909, 10.598, -59.357)
                                                                                    (22.677, -7.95, -60.491)

             17          B 500          B 522             23         911.91         (22.677, -7.95, -60.491)         (54.2744, -8.25808, -60.9567)
                                                                                    (21.868, -17.173, -52.63)

             18          B 522          B 541             20        785.478         (21.868, -17.173, -52.63)         (37.7768, -15.3837, -37.9912)
                                                                                    (51.26, -13.758, -50.225)

