Using structure file: /home/pkas7/Research/SCOP/pdbstyle-1.75B/ad/d2adza1.ent
Number of residues: 105
Doing a BEZIER segmentation ...

Bounding box volume: 36542.8
Null Model Fit: 4685.68 bits.
Bits per residue: 45.0547

Bezier model fit: 4263.21 bits.
Bits per residue: 40.9924

# of segments: 10
Internal segmentation:
0-->15-->22-->35-->43-->52-->63-->65-->77-->87-->104

CPU time used: 5.81 secs.
Wall clock time elapsed: 5 secs.

        SEGMENT          START            END   NUM_RESIDUES MESSAGE_LENGTH                    END_POINTS        INTERMEDIATE_CONTROL_POINTS
              1            A 1           A 16             16        617.787         (4.099, -15.981, 14.013)         (20.0793, -4.28171, 0.518732)
                                                                                    (-3.69, 7.047, -13.017)

              2           A 16           A 23              8        306.888         (-3.69, 7.047, -13.017)         (-4.90429, 7.1416, -29.1859)
                                                                                    (-2.568, 17.072, -18.866)

              3           A 23           A 36             14        506.034         (-2.568, 17.072, -18.866)         (-3.37314, 6.2274, 2.62336)
                                                                                    (12.898, -12.264, -4.06)

              4           A 36          A 117              9        337.849         (12.898, -12.264, -4.06)
                                                                                    (-6.807, -0.631, -5.822)

              5          A 117          A 126             10        368.517         (-6.807, -0.631, -5.822)
                                                                                    (10.373, -15.216, -13.952)

              6          A 126          A 137             12        448.097         (10.373, -15.216, -13.952)         (14.275, 1.35119, -18.3362)
                                                                                    (11.279, 17.608, -17.074)

              7          A 137          A 139              3        94.1464         (11.279, 17.608, -17.074)
                                                                                    (12.445, 17.05, -11.319)

              8          A 139          A 151             13        497.701         (12.445, 17.05, -11.319)         (13.9094, -3.45595, -13.0838)
                                                                                    (-0.712, -10.505, -19.785)

              9          A 151          A 161             11        408.667         (-0.712, -10.505, -19.785)         (2.83829, 5.10166, -14.2186)
                                                                                    (14.216, 9.918, -4.162)

             10          A 161          A 178             18        677.528         (14.216, 9.918, -4.162)
                                                                                    (17.4, -14.61, -13.571)

