Using structure file: /home/pkas7/Research/SCOP/pdbstyle-1.75B/ad/d2adca1.ent
Number of residues: 109
Doing a BEZIER segmentation ...

Bounding box volume: 27990.8
Null Model Fit: 4824.36 bits.
Bits per residue: 44.67

Bezier model fit: 4455.93 bits.
Bits per residue: 41.2586

# of segments: 7
Internal segmentation:
0-->9-->26-->38-->48-->66-->83-->108

CPU time used: 5.67 secs.
Wall clock time elapsed: 5 secs.

        SEGMENT          START            END   NUM_RESIDUES MESSAGE_LENGTH                    END_POINTS        INTERMEDIATE_CONTROL_POINTS
              1          A 335          A 344             10        375.078         (11.212, -6.774, -14.831)
                                                                                    (12.513, 6.356, 3.808)

              2          A 344          A 361             18        705.649         (12.513, 6.356, 3.808)         (2.69434, -3.31941, 15.7344)
                                                                                    (-1.057, -1.004, -5.612)

              3          A 361          A 373             13        495.353         (-1.057, -1.004, -5.612)         (11.1848, -17.5066, 3.16958)
                                                                                    (20.087, 3.264, 10.011)

              4          A 373          A 383             11        406.344         (20.087, 3.264, 10.011)
                                                                                    (4.814, -8.934, -10.666)

              5          A 383          A 401             19        740.726         (4.814, -8.934, -10.666)         (2.61811, 6.98619, -14.1294)
                                                                                    (8.884, 13.114, 7.3)

              6          A 401          A 418             18        677.663         (8.884, 13.114, 7.3)         (18.5197, -6.37266, -25.0092)
                                                                                    (14.268, -18.291, 10.463)

              7          A 418          A 443             26        1055.11         (14.268, -18.291, 10.463)         (5.36406, -7.26707, 11.8914)
                                                                                    (-8.728, -10.172, -12.475)

