Using structure file: /home/pkas7/Research/SCOP/pdbstyle-1.75B/ah/d2ahme1.ent
Number of residues: 155
Doing a BEZIER segmentation ...

Bounding box volume: 90332.5
Null Model Fit: 7139.49 bits.
Bits per residue: 46.3603

Bezier model fit: 6378.23 bits.
Bits per residue: 41.4171

# of segments: 10
Internal segmentation:
0-->12-->32-->47-->75-->96-->108-->113-->124-->137-->154

CPU time used: 8.8 secs.
Wall clock time elapsed: 8 secs.

        SEGMENT          START            END   NUM_RESIDUES MESSAGE_LENGTH                    END_POINTS        INTERMEDIATE_CONTROL_POINTS
              1           E 43           E 55             13        525.988         (77.551, 14.099, 137.112)         (63.7593, 11.8857, 146.422)
                                                                                    (67.387, 4.848, 128.917)

              2           E 55           E 75             21        787.942         (67.387, 4.848, 128.917)
                                                                                    (43.997, 27.81, 134.687)

              3           E 75           E 90             16        625.184         (43.997, 27.81, 134.687)
                                                                                    (58.069, 52.252, 147.54)

              4           E 90          E 118             29        1122.91         (58.069, 52.252, 147.54)         (83.0417, 73.3647, 143.726)
                                                                                    (50.978, 71.262, 149.225)

              5          E 118          E 139             22        889.186         (50.978, 71.262, 149.225)         (67.1213, 81.1878, 110.557)
                                                                                    (46.82, 78.054, 152.311)

              6          E 139          E 151             13        505.537         (46.82, 78.054, 152.311)
                                                                                    (56.472, 88.146, 142.438)

              7          E 151          E 156              6        226.575         (56.472, 88.146, 142.438)
                                                                                    (65.566, 79.005, 142.604)

              8          E 156          E 167             12        442.587         (65.566, 79.005, 142.604)         (50.4846, 95.712, 132.138)
                                                                                    (38.644, 77.126, 144.242)

              9          E 167          E 180             14        558.178         (38.644, 77.126, 144.242)         (45.0121, 94.5793, 136.407)
                                                                                    (43.254, 89.294, 157.782)

             10          E 180          E 197             18         694.15         (43.254, 89.294, 157.782)         (32.3308, 70.9187, 144.069)
                                                                                    (64.764, 87.21, 133.155)

