Using structure file: /home/pkas7/Research/SCOP/pdbstyle-1.75B/ak/d2akja3.ent
Number of residues: 126
Doing a BEZIER segmentation ...

Bounding box volume: 31606.2
Null Model Fit: 5605.66 bits.
Bits per residue: 44.8453

Bezier model fit: 5159.75 bits.
Bits per residue: 41.278

# of segments: 10
Internal segmentation:
0-->2-->16-->37-->50-->51-->61-->75-->91-->106-->125

CPU time used: 7.32 secs.
Wall clock time elapsed: 7 secs.

        SEGMENT          START            END   NUM_RESIDUES MESSAGE_LENGTH                    END_POINTS        INTERMEDIATE_CONTROL_POINTS
              1          A 431          A 433              3        93.7276         (139.257, 27.094, 27.235)
                                                                                    (139.915, 23.599, 32.574)

              2          A 433          A 447             15        583.701         (139.915, 23.599, 32.574)
                                                                                    (134.771, 49.678, 42.094)

              3          A 447          A 468             22        855.969         (134.771, 49.678, 42.094)
                                                                                    (152.206, 24.342, 37.508)

              4          A 468          A 481             14        524.834         (152.206, 24.342, 37.508)         (129.638, 10.82, 35.2935)
                                                                                    (137.383, 42.245, 45.924)

              5          A 481          A 482              2        47.8823         (137.383, 42.245, 45.924)
                                                                                    (135.875, 42.928, 49.338)

              6          A 482          A 492             11        429.097         (135.875, 42.928, 49.338)
                                                                                    (133.424, 28.353, 45.197)

              7          A 492          A 506             15        564.434         (133.424, 28.353, 45.197)
                                                                                    (155.117, 46.189, 57.418)

              8          A 506          A 522             17        658.045         (155.117, 46.189, 57.418)
                                                                                    (121.143, 20.203, 45.313)

              9          A 522          A 537             16        610.865         (121.143, 20.203, 45.313)         (139.864, 32.3801, 64.7422)
                                                                                    (153.017, 36.814, 45.796)

             10          A 537          A 556             20          791.2         (153.017, 36.814, 45.796)         (136.256, 14.4017, 51.7395)
                                                                                    (153.997, 19.137, 36.039)

