Using structure file: /home/pkas7/Research/SCOP/pdbstyle-1.75B/al/d2al6a2.ent
Number of residues: 110
Doing a BEZIER segmentation ...

Bounding box volume: 32333.2
Null Model Fit: 4891.71 bits.
Bits per residue: 44.8781

Bezier model fit: 4471.23 bits.
Bits per residue: 41.0204

# of segments: 8
Internal segmentation:
0-->11-->22-->34-->56-->68-->79-->99-->109

CPU time used: 6.03 secs.
Wall clock time elapsed: 6 secs.

        SEGMENT          START            END   NUM_RESIDUES MESSAGE_LENGTH                    END_POINTS        INTERMEDIATE_CONTROL_POINTS
              1          A 254          A 265             12        459.271         (15.714, -12.385, -18.859)         (-4.01552, -15.3775, -20.6171)
                                                                                    (-11.161, -25.253, -7.451)

              2          A 265          A 276             12        441.978         (-11.161, -25.253, -7.451)         (-5.62259, -7.69251, -17.7452)
                                                                                    (16.27, -17.088, -13.548)

              3          A 276          A 288             13        521.424         (16.27, -17.088, -13.548)         (-2.37001, -14.8357, -9.9448)
                                                                                    (4.617, -3.881, -9.25)

              4          A 288          A 310             23        893.367         (4.617, -3.881, -9.25)         (22.5519, -42.0251, -2.93855)
                                                                                    (-16.131, -28.918, -25.067)

              5          A 310          A 322             13        486.358         (-16.131, -28.918, -25.067)         (2.86587, -26.6416, -20.292)
                                                                                    (7.442, -28.667, 0.391)

              6          A 322          A 333             12        455.839         (7.442, -28.667, 0.391)
                                                                                    (-4.981, -22.842, -25.291)

              7          A 333          A 353             21        792.626         (-4.981, -22.842, -25.291)
                                                                                    (21.848, -30.878, -14.394)

              8          A 353          A 363             11        420.365         (21.848, -30.878, -14.394)
                                                                                    (-2.66, -39.673, -14.951)

