Using structure file: /home/pkas7/Research/SCOP/pdbstyle-1.75B/an/d2anea1.ent
Number of residues: 110
Doing a BEZIER segmentation ...

Bounding box volume: 25515.5
Null Model Fit: 4854.47 bits.
Bits per residue: 44.5364

Bezier model fit: 4475.4 bits.
Bits per residue: 41.0587

# of segments: 11
Internal segmentation:
0-->9-->15-->25-->39-->49-->63-->77-->78-->93-->99-->109

CPU time used: 5.97 secs.
Wall clock time elapsed: 6 secs.

        SEGMENT          START            END   NUM_RESIDUES MESSAGE_LENGTH                    END_POINTS        INTERMEDIATE_CONTROL_POINTS
              1            A 8           A 17             10        367.647         (22.597, 34.113, 44.743)         (24.3566, 26.7207, 60.4614)
                                                                                    (37.454, 39.955, 64.608)

              2           A 17           A 23              7        257.883         (37.454, 39.955, 64.608)
                                                                                    (40.081, 34.286, 48.058)

              3           A 23           A 33             11        405.892         (40.081, 34.286, 48.058)         (50.5185, 25.223, 59.9596)
                                                                                    (31.925, 30.417, 70.962)

              4           A 33           A 47             15        571.584         (31.925, 30.417, 70.962)
                                                                                    (28.425, 21.935, 51.26)

              5           A 47           A 57             11        401.102         (28.425, 21.935, 51.26)
                                                                                    (35.35, 48.757, 64.862)

              6           A 57           A 71             15         603.36         (35.35, 48.757, 64.862)         (21.1211, 38.4156, 76.4996)
                                                                                    (30.672, 41.966, 52.247)

              7           A 71           A 85             15        558.288         (30.672, 41.966, 52.247)         (40.3113, 13.4636, 49.0624)
                                                                                    (37.609, 21.493, 75.861)

              8           A 85           A 86              2        47.5735         (37.609, 21.493, 75.861)
                                                                                    (34.62, 22.788, 73.837)

              9           A 86          A 101             16         591.94         (34.62, 22.788, 73.837)         (49.7284, 27.5977, 41.5274)
                                                                                    (21.869, 41.674, 50.768)

             10          A 101          A 107              7        254.356         (21.869, 41.674, 50.768)
                                                                                    (18.464, 31.928, 66.671)

             11          A 107          A 117             11         415.77         (18.464, 31.928, 66.671)
                                                                                    (31.18, 39.363, 43.343)

