Using structure file: /home/pkas7/Research/SCOP/pdbstyle-1.75B/ar/d2arka1.ent
Number of residues: 184
Doing a BEZIER segmentation ...

Bounding box volume: 44811.6
Null Model Fit: 8298.86 bits.
Bits per residue: 45.3489

Bezier model fit: 7496.4 bits.
Bits per residue: 40.9639

# of segments: 12
Internal segmentation:
0-->11-->29-->39-->59-->77-->94-->95-->115-->127-->143-->167-->183

CPU time used: 10.83 secs.
Wall clock time elapsed: 10 secs.

        SEGMENT          START            END   NUM_RESIDUES MESSAGE_LENGTH                    END_POINTS        INTERMEDIATE_CONTROL_POINTS
              1            A 1           A 12             12        443.821         (85.775, 84.738, 71.076)         (99.8983, 70.4029, 73.1393)
                                                                                    (115.269, 75.744, 81.899)

              2           A 12           A 30             19        722.413         (115.269, 75.744, 81.899)         (105.079, 84.406, 72.5705)
                                                                                    (90.93, 91.767, 70.058)

              3           A 30           A 40             11        411.616         (90.93, 91.767, 70.058)
                                                                                    (101.917, 68.967, 83.588)

              4           A 40           A 60             21        835.329         (101.917, 68.967, 83.588)         (75.2875, 80.5115, 65.9293)
                                                                                    (115.563, 67.706, 72.941)

              5           A 60           A 78             19        735.062         (115.563, 67.706, 72.941)
                                                                                    (91.251, 58.979, 73.509)

              6           A 78           A 95             18        697.188         (91.251, 58.979, 73.509)         (82.8848, 76.8761, 55.8078)
                                                                                    (121.07, 75.247, 72.818)

              7           A 95           A 96              2         48.386         (121.07, 75.247, 72.818)
                                                                                    (122.328, 76.816, 69.619)

              8           A 96          A 116             21        805.402         (122.328, 76.816, 69.619)
                                                                                    (94.054, 65.731, 61.744)

              9          A 116          A 128             13        500.584         (94.054, 65.731, 61.744)
                                                                                    (115.956, 91.645, 58.472)

             10          A 128          A 144             17         690.61         (115.956, 91.645, 58.472)         (106.71, 65.7373, 68.2962)
                                                                                    (116.584, 90.32, 71.312)

             11          A 144          A 168             25        944.933         (116.584, 90.32, 71.312)         (98.6245, 81.5456, 65.8849)
                                                                                    (84.693, 83.9, 59.883)

             12          A 168          A 184             17        661.057         (84.693, 83.9, 59.883)         (94.5107, 94.7182, 49.3831)
                                                                                    (111.043, 94.136, 57.917)

