Using structure file: /home/pkas7/Research/SCOP/pdbstyle-1.75B/au/d2auwa2.ent
Number of residues: 84
Doing a BEZIER segmentation ...

Bounding box volume: 16544.4
Null Model Fit: 3644.65 bits.
Bits per residue: 43.9114

Bezier model fit: 3423.94 bits.
Bits per residue: 41.2523

# of segments: 8
Internal segmentation:
0-->13-->21-->38-->39-->57-->64-->65-->83

CPU time used: 4.23 secs.
Wall clock time elapsed: 4 secs.

        SEGMENT          START            END   NUM_RESIDUES MESSAGE_LENGTH                    END_POINTS        INTERMEDIATE_CONTROL_POINTS
              1            A 4           A 17             14        535.484         (-3.665, 40.9, 63.236)         (-4.17556, 26.4891, 42.2874)
                                                                                    (-3.863, 49.615, 34.689)

              2           A 17           A 25              9         326.03         (-3.863, 49.615, 34.689)
                                                                                    (-7.649, 31.87, 51.569)

              3           A 25           A 42             18        699.387         (-7.649, 31.87, 51.569)         (-15.2761, 52.1385, 37.518)
                                                                                    (5.664, 59.849, 44.634)

              4           A 42           A 43              2        46.9485         (5.664, 59.849, 44.634)
                                                                                    (7.833, 56.868, 45.591)

              5           A 43           A 61             19        728.718         (7.833, 56.868, 45.591)         (-1.51216, 47.0765, 19.9569)
                                                                                    (8.208, 37.008, 53.611)

              6           A 61           A 68              8        300.661         (8.208, 37.008, 53.611)         (-4.92186, 42.1179, 49.0122)
                                                                                    (9.803, 46.167, 43.728)

              7           A 68           A 69              2        46.9485         (9.803, 46.167, 43.728)
                                                                                    (9.577, 46.005, 47.53)

              8           A 69           A 87             19        739.768         (9.577, 46.005, 47.53)
                                                                                    (-18.874, 46.908, 51.746)

