Using structure file: /home/pkas7/Research/SCOP/pdbstyle-1.75B/au/d2au7a_.ent
Number of residues: 175
Doing a BEZIER segmentation ...

Bounding box volume: 41282.4
Null Model Fit: 7870.12 bits.
Bits per residue: 45.2306

Bezier model fit: 7177.95 bits.
Bits per residue: 41.2526

# of segments: 14
Internal segmentation:
0-->9-->25-->35-->45-->59-->63-->75-->85-->97-->110-->124-->147-->156-->174

CPU time used: 10.32 secs.
Wall clock time elapsed: 10 secs.

        SEGMENT          START            END   NUM_RESIDUES MESSAGE_LENGTH                    END_POINTS        INTERMEDIATE_CONTROL_POINTS
              1            A 1           A 10             10        374.889         (57.268, 92.444, 8.801)
                                                                                    (68.732, 75.484, 9.924)

              2           A 10           A 26             17         662.41         (68.732, 75.484, 9.924)
                                                                                    (48.372, 88.983, 32.079)

              3           A 26           A 36             11        422.555         (48.372, 88.983, 32.079)
                                                                                    (48.442, 92.305, 8.307)

              4           A 36           A 46             11        415.247         (48.442, 92.305, 8.307)
                                                                                    (38.35, 83.349, 31.553)

              5           A 46           A 60             15        576.774         (38.35, 83.349, 31.553)         (60.9468, 80.9819, 37.9645)
                                                                                    (56.033, 79.19, 7.677)

              6           A 60           A 64              5        179.869         (56.033, 79.19, 7.677)
                                                                                    (46.462, 70.476, 12.017)

              7           A 64           A 76             13        497.722         (46.462, 70.476, 12.017)
                                                                                    (65.315, 84.359, 32.413)

              8           A 76           A 86             11        419.032         (65.315, 84.359, 32.413)         (48.9423, 97.926, 18.9632)
                                                                                    (66.565, 82.064, 17.956)

              9           A 86           A 98             13        481.786         (66.565, 82.064, 17.956)         (62.8119, 58.7827, 27.6423)
                                                                                    (38.952, 71.602, 19.6)

             10           A 98          A 111             14        524.948         (38.952, 71.602, 19.6)
                                                                                    (73.687, 79.093, 22.541)

             11          A 111          A 125             15        593.564         (73.687, 79.093, 22.541)
                                                                                    (66.609, 67.907, 31.305)

             12          A 125          A 148             24        944.892         (66.609, 67.907, 31.305)         (42.5533, 75.9943, 38.4842)
                                                                                    (36.861, 74.689, 23.794)

             13          A 148          A 157             10        366.975         (36.861, 74.689, 23.794)         (46.4757, 60.3131, 29.0691)
                                                                                    (61.752, 63.982, 23.403)

             14          A 157          A 175             19        717.285         (61.752, 63.982, 23.403)
                                                                                    (48.963, 73.605, 1.394)

