Using structure file: /home/pkas7/Research/SCOP/pdbstyle-1.75B/az/d2azna1.ent
Number of residues: 219
Doing a BEZIER segmentation ...

Bounding box volume: 57361.3
Null Model Fit: 9963.72 bits.
Bits per residue: 45.7051

Bezier model fit: 9028.74 bits.
Bits per residue: 41.4162

# of segments: 16
Internal segmentation:
0-->12-->21-->43-->65-->66-->77-->92-->103-->117-->141-->160-->177-->191-->195-->207-->218

CPU time used: 13.35 secs.
Wall clock time elapsed: 13 secs.

        SEGMENT          START            END   NUM_RESIDUES MESSAGE_LENGTH                    END_POINTS        INTERMEDIATE_CONTROL_POINTS
              1            A 6           A 18             13        485.676         (4.281, -70.912, -31.945)         (-11.872, -63.0793, -33.0717)
                                                                                    (-24.627, -51.373, -44.708)

              2           A 18           A 27             10        390.267         (-24.627, -51.373, -44.708)
                                                                                    (-16.942, -39.68, -49.121)

              3           A 27           A 49             23        891.928         (-16.942, -39.68, -49.121)         (-33.2606, -53.8195, -20.7626)
                                                                                    (-5.157, -59.887, -26.724)

              4           A 49           A 71             23        911.408         (-5.157, -59.887, -26.724)         (-3.9536, -34.1849, -57.7684)
                                                                                    (-15.628, -50.963, -18.123)

              5           A 71           A 72              2        48.7422         (-15.628, -50.963, -18.123)
                                                                                    (-11.941, -51.226, -19.018)

              6           A 72           A 83             12        447.692         (-11.941, -51.226, -19.018)
                                                                                    (3.996, -51.699, -45.587)

              7           A 83           A 98             16        631.404         (3.996, -51.699, -45.587)         (-0.857, -30.7243, -34.8377)
                                                                                    (-2.122, -48.914, -24.976)

              8           A 98          A 109             12        461.173         (-2.122, -48.914, -24.976)         (5.52909, -60.8317, -44.3925)
                                                                                    (15.508, -46.425, -47.064)

              9          A 109          A 123             15        568.633         (15.508, -46.425, -47.064)
                                                                                    (7.442, -46.447, -27.145)

             10          A 123          A 147             25        995.833         (7.442, -46.447, -27.145)         (5.11777, -67.5947, -62.5678)
                                                                                    (1.843, -63.904, -26.269)

             11          A 147          A 166             20        794.401         (1.843, -63.904, -26.269)         (-19.4913, -46.6495, -48.8228)
                                                                                    (-4.248, -66.393, -46.655)

             12          A 166          A 183             18        698.166         (-4.248, -66.393, -46.655)         (-33.0399, -59.793, -25.6286)
                                                                                    (-21.251, -46.588, -55.012)

             13          A 183          A 197             15        591.982         (-21.251, -46.588, -55.012)         (-6.82516, -51.7298, -44.0197)
                                                                                    (-14.478, -68.537, -58.652)

             14          A 197          A 201              5        184.749         (-14.478, -68.537, -58.652)
                                                                                    (-13.803, -68.42, -52.196)

             15          A 201          A 213             13        482.988         (-13.803, -68.42, -52.196)         (-27.0195, -76.9348, -32.847)
                                                                                    (-30.711, -51.905, -32.219)

             16          A 213          A 224             12        443.701         (-30.711, -51.905, -32.219)
                                                                                    (-11.021, -73.915, -43.165)

