Using structure file: /home/pkas7/Research/SCOP/pdbstyle-1.75B/b0/d2b0ta_.ent
Number of residues: 735
Doing a BEZIER segmentation ...

Bounding box volume: 439545
Null Model Fit: 35704 bits.
Bits per residue: 48.643

Bezier model fit: 30332.4 bits.
Bits per residue: 41.3248

# of segments: 41
Internal segmentation:
0-->28-->52-->72-->85-->100-->113-->138-->165-->188-->199-->214-->224-->242-->255-->273-->292-->321-->329-->348-->375-->398-->424-->436-->446-->458-->475-->502-->514-->529-->537-->554-->555-->568-->589-->615-->644-->672-->673-->701-->724-->734

CPU time used: 49.19 secs.
Wall clock time elapsed: 49 secs.

        SEGMENT          START            END   NUM_RESIDUES MESSAGE_LENGTH                    END_POINTS        INTERMEDIATE_CONTROL_POINTS
              1            A 2           A 30             29        1146.13         (52.434, 10.441, 20.087)         (35.724, -28.5799, 36.367)
                                                                                    (56.949, 2.75, 11.647)

              2           A 30           A 54             25        1008.48         (56.949, 2.75, 11.647)         (34.5537, -3.248, 44.072)
                                                                                    (52.233, -3.266, 49.944)

              3           A 54           A 74             21        823.252         (52.233, -3.266, 49.944)
                                                                                    (44.992, 16.346, 23.915)

              4           A 74           A 87             14        531.704         (44.992, 16.346, 23.915)         (42.7527, -6.04477, 19.7244)
                                                                                    (30.65, -8.891, 41.124)

              5           A 87          A 102             16         609.31         (30.65, -8.891, 41.124)
                                                                                    (51.788, -12.429, 48.822)

              6          A 102          A 115             14        561.847         (51.788, -12.429, 48.822)         (26.0342, -9.55711, 53.6439)
                                                                                    (35.452, 1.639, 61.421)

              7          A 115          A 140             26        1031.67         (35.452, 1.639, 61.421)         (37.8108, -7.26892, 42.2405)
                                                                                    (29.978, 11.969, 23.53)

              8          A 140          A 167             28        1103.48         (29.978, 11.969, 23.53)         (38.8367, -21.3689, -8.23071)
                                                                                    (0.62, -7.682, 9.737)

              9          A 167          A 190             24        953.769         (0.62, -7.682, 9.737)         (-5.76486, 14.2364, 33.1341)
                                                                                    (23.789, 31.609, 35.248)

             10          A 190          A 201             12        452.448         (23.789, 31.609, 35.248)         (19.2214, 17.8328, 47.9423)
                                                                                    (-3.093, 20.618, 49.193)

             11          A 201          A 216             16        630.324         (-3.093, 20.618, 49.193)         (17.8243, 12.9617, 56.6819)
                                                                                    (25.343, 28.346, 33.29)

             12          A 216          A 226             11        410.729         (25.343, 28.346, 33.29)
                                                                                    (0.148, 10.483, 34.876)

             13          A 226          A 244             19        720.757         (0.148, 10.483, 34.876)
                                                                                    (-7.312, -8.507, 17.892)

             14          A 244          A 257             14        543.447         (-7.312, -8.507, 17.892)
                                                                                    (16.011, 3.461, 34.237)

             15          A 257          A 275             19        726.087         (16.011, 3.461, 34.237)
                                                                                    (-9.409, -8.581, 38.191)

             16          A 275          A 294             20        794.701         (-9.409, -8.581, 38.191)         (-1.90335, -2.45868, 59.6802)
                                                                                    (7.452, -8.778, 38.139)

             17          A 294          A 323             30        1173.03         (7.452, -8.778, 38.139)         (-6.02978, -26.4956, 62.7603)
                                                                                    (-4.679, -11.722, 25.91)

             18          A 323          A 331              9        352.436         (-4.679, -11.722, 25.91)         (12.0378, -11.4167, 25.1308)
                                                                                    (9.753, -24.107, 28.482)

             19          A 331          A 350             20        812.052         (9.753, -24.107, 28.482)         (9.62251, -0.566894, 40.8931)
                                                                                    (14.801, -4.682, 16.726)

             20          A 350          A 377             28        1147.75         (14.801, -4.682, 16.726)         (-3.96064, -33.7111, 16.8788)
                                                                                    (9.001, 10.17, 23.485)

             21          A 377          A 400             24        957.729         (9.001, 10.17, 23.485)         (0.980137, -8.85029, 1.26159)
                                                                                    (20.833, -1.311, 2.245)

             22          A 400          A 426             27        1075.82         (20.833, -1.311, 2.245)         (36.7782, 20.3997, 36.3345)
                                                                                    (2.6, 10.091, 47.177)

             23          A 426          A 438             13        516.252         (2.6, 10.091, 47.177)
                                                                                    (13.291, 31.609, 45.572)

             24          A 438          A 448             11        426.912         (13.291, 31.609, 45.572)         (5.92951, 26.1633, 30.0991)
                                                                                    (-0.478, 10.472, 44.118)

             25          A 448          A 460             13        481.243         (-0.478, 10.472, 44.118)
                                                                                    (29.879, 22.045, 26.739)

             26          A 460          A 477             18        687.193         (29.879, 22.045, 26.739)
                                                                                    (30.39, 12.816, 3.253)

             27          A 477          A 504             28        1109.22         (30.39, 12.816, 3.253)         (-5.58102, 21.0487, 34.6068)
                                                                                    (30.538, 28.229, 14.841)

             28          A 504          A 516             13        507.361         (30.538, 28.229, 14.841)         (32.427, 20.1984, -5.95686)
                                                                                    (11.513, 15.109, 14.519)

             29          A 516          A 531             16         608.86         (11.513, 15.109, 14.519)
                                                                                    (21.491, 2.18, -0.572)

             30          A 531          A 539              9        334.148         (21.491, 2.18, -0.572)         (25.1444, 12.9021, 8.57748)
                                                                                    (20.254, 12.483, 22.496)

             31          A 539          A 556             18        696.862         (20.254, 12.483, 22.496)
                                                                                    (22.06, -8.879, 12.313)

             32          A 556          A 557              2        51.6801         (22.06, -8.879, 12.313)
                                                                                    (23.847, -7.839, 15.493)

             33          A 557          A 570             14        538.968         (23.847, -7.839, 15.493)
                                                                                    (40.699, 16.56, 21.809)

             34          A 570          A 591             22        874.409         (40.699, 16.56, 21.809)         (27.9657, -16.491, 27.976)
                                                                                    (41.731, -27.038, 29.417)

             35          A 591          A 617             27         1048.9         (41.731, -27.038, 29.417)         (35.3282, 1.28983, 7.98292)
                                                                                    (48.074, 15.065, 14.702)

             36          A 617          A 646             30        1188.11         (48.074, 15.065, 14.702)         (42.9295, -4.42822, -6.91857)
                                                                                    (37.006, -25.901, 18.323)

             37          A 646          A 674             29        1140.31         (37.006, -25.901, 18.323)
                                                                                    (57.527, 4.244, -0.746)

             38          A 674          A 675              2        51.6801         (57.527, 4.244, -0.746)
                                                                                    (59.363, 4.226, 2.561)

             39          A 675          A 703             29        1119.13         (59.363, 4.226, 2.561)         (59.5564, -20.5253, -0.459504)
                                                                                    (45.358, -29.785, 22.713)

             40          A 703          A 726             24        960.651         (45.358, -29.785, 22.713)         (49.0675, -5.28874, 51.3271)
                                                                                    (56.152, -19.553, 17.702)

             41          A 726          A 736             11        423.539         (56.152, -19.553, 17.702)
                                                                                    (60.662, -4.658, 12.773)

