Using structure file: /home/pkas7/Research/SCOP/pdbstyle-1.75B/b3/d2b34a_.ent
Number of residues: 192
Doing a BEZIER segmentation ...

Bounding box volume: 64169.8
Null Model Fit: 8760.59 bits.
Bits per residue: 45.867

Bezier model fit: 7910.84 bits.
Bits per residue: 41.418

# of segments: 13
Internal segmentation:
0-->6-->24-->43-->62-->77-->102-->118-->132-->147-->151-->152-->181-->191

CPU time used: 11.46 secs.
Wall clock time elapsed: 11 secs.

        SEGMENT          START            END   NUM_RESIDUES MESSAGE_LENGTH                    END_POINTS        INTERMEDIATE_CONTROL_POINTS
              1            A 8           A 14              7        274.209         (-17.084, 9.009, 36.255)         (-5.22997, 14.9606, 27.086)
                                                                                    (-13.14, 18, 33.389)

              2           A 14           A 32             19         745.89         (-13.14, 18, 33.389)         (13.7503, 21.961, 65.0875)
                                                                                    (7.016, 4.347, 50.91)

              3           A 32           A 51             20        755.788         (7.016, 4.347, 50.91)
                                                                                    (-3.031, 21.269, 30.776)

              4           A 51           A 70             20        782.265         (-3.031, 21.269, 30.776)         (0.824472, 27.7327, 76.0908)
                                                                                    (11.199, 17.469, 42.948)

              5           A 70           A 85             16        623.912         (11.199, 17.469, 42.948)         (0.805489, 31.158, 26.3068)
                                                                                    (-4.209, 23.995, 59.33)

              6           A 85          A 110             26        1047.56         (-4.209, 23.995, 59.33)         (-23.8898, 28.7041, 24.1971)
                                                                                    (-2.015, 11.188, 55.625)

              7          A 110          A 126             17        641.058         (-2.015, 11.188, 55.625)
                                                                                    (-20.768, 16.187, 44.141)

              8          A 126          A 140             15        590.826         (-20.768, 16.187, 44.141)         (3.3484, 5.05046, 37.3213)
                                                                                    (1.141, 3.254, 59.476)

              9          A 140          A 155             16        608.689         (1.141, 3.254, 59.476)
                                                                                    (-17.752, 6.389, 46.649)

             10          A 155          A 159              5         165.94         (-17.752, 6.389, 46.649)
                                                                                    (-7.113, 3.962, 40.934)

             11          A 159          A 160              2         48.904         (-7.113, 3.962, 40.934)
                                                                                    (-3.418, 3.776, 40.015)

             12          A 160          A 189             30        1193.83         (-3.418, 3.776, 40.015)         (-4.84836, 17.6693, 5.75488)
                                                                                    (7.412, 1.762, 42.12)

             13          A 189          A 199             11        431.967         (7.412, 1.762, 42.12)         (-7.6128, -6.32855, 50.685)
                                                                                    (6.442, -17.528, 49.034)

