Using structure file: /home/pkas7/Research/SCOP/pdbstyle-1.75B/b4/d2b4va2.ent
Number of residues: 259
Doing a BEZIER segmentation ...

Bounding box volume: 161128
Null Model Fit: 12176.4 bits.
Bits per residue: 47.1952

Bezier model fit: 10678.7 bits.
Bits per residue: 41.3903

# of segments: 17
Internal segmentation:
0-->2-->22-->23-->45-->64-->75-->87-->114-->122-->147-->158-->174-->182-->193-->214-->241-->258

CPU time used: 15.7 secs.
Wall clock time elapsed: 15 secs.

        SEGMENT          START            END   NUM_RESIDUES MESSAGE_LENGTH                    END_POINTS        INTERMEDIATE_CONTROL_POINTS
              1           A 30           A 32              3        98.4275         (42.938, 53.549, 12.29)
                                                                                    (39.083, 58.665, 14.053)

              2           A 32           A 52             21        794.429         (39.083, 58.665, 14.053)         (25.0766, 58.5348, 9.46809)
                                                                                    (6.724, 54.606, 11.205)

              3           A 52           A 53              2        50.2323         (6.724, 54.606, 11.205)
                                                                                    (5.2, 57.318, 13.398)

              4           A 53           A 75             23        875.282         (5.2, 57.318, 13.398)         (-8.9862, 45.1749, 15.637)
                                                                                    (-13.226, 30.53, 22.061)

              5           A 75           A 94             20        805.038         (-13.226, 30.53, 22.061)         (15.4911, 44.333, 27.7406)
                                                                                    (7.629, 50.531, 7.806)

              6           A 94          A 105             12          450.5         (7.629, 50.531, 7.806)
                                                                                    (-3.165, 27.499, 29.429)

              7          A 105          A 117             13        516.301         (-3.165, 27.499, 29.429)         (8.31782, 15.7011, 14.239)
                                                                                    (-5.558, 25.325, 16.068)

              8          A 117          A 144             28        1109.42         (-5.558, 25.325, 16.068)         (-24.1559, 48.0427, -7.58875)
                                                                                    (7.791, 23.921, 12.093)

              9          A 144          A 152              9        341.766         (7.791, 23.921, 12.093)         (-4.87561, 31.5239, 13.7261)
                                                                                    (-1.208, 40.176, 1.388)

             10          A 152          A 177             26        1040.87         (-1.208, 40.176, 1.388)         (-2.08854, 74.7719, 11.1593)
                                                                                    (-18.792, 47.2, 4.342)

             11          A 177          A 188             12        453.346         (-18.792, 47.2, 4.342)         (-27.4345, 30.4322, -15.7967)
                                                                                    (-36.806, 47.221, 2.588)

             12          A 188          A 204             17        670.905         (-36.806, 47.221, 2.588)         (-28.9598, 37.1945, 19.2574)
                                                                                    (-25.726, 53.946, 10.945)

             13          A 204          A 212              9        330.254         (-25.726, 53.946, 10.945)         (-30.28, 50.8933, -2.98238)
                                                                                    (-27.407, 42.835, -13.793)

             14          A 212          A 223             12        446.366         (-27.407, 42.835, -13.793)
                                                                                    (-17.207, 51.386, 14.374)

             15          A 223          A 244             22        878.824         (-17.207, 51.386, 14.374)
                                                                                    (-25.673, 29.716, -0.847)

             16          A 244          A 271             28        1124.25         (-25.673, 29.716, -0.847)         (-7.43132, 68.4653, -3.55566)
                                                                                    (3.226, 28.891, 21.122)

             17          A 271          A 288             18        692.483         (3.226, 28.891, 21.122)
                                                                                    (22.31, 48.091, 27.456)

