Using structure file: /home/pkas7/Research/SCOP/pdbstyle-1.75B/b7/d2b7ea1.ent
Number of residues: 56
Doing a BEZIER segmentation ...

Bounding box volume: 9717.43
Null Model Fit: 2372.9 bits.
Bits per residue: 43.1437

Bezier model fit: 2255.49 bits.
Bits per residue: 41.009

# of segments: 3
Internal segmentation:
0-->21-->40-->55

CPU time used: 2.33 secs.
Wall clock time elapsed: 2 secs.

        SEGMENT          START            END   NUM_RESIDUES MESSAGE_LENGTH                    END_POINTS        INTERMEDIATE_CONTROL_POINTS
              1            A 4           A 25             22        874.426         (-5.167, -5.749, 10.48)         (12.3527, 11.0526, 5.69919)
                                                                                    (2.487, 0.373, -10.649)

              2           A 25           A 44             20        776.177         (2.487, 0.373, -10.649)         (14.0896, -13.4641, 6.74484)
                                                                                    (-8.315, -5.706, -3.961)

              3           A 44           A 59             16         604.89         (-8.315, -5.706, -3.961)
                                                                                    (-0.518, 9.297, 4.276)

