Using structure file: /home/pkas7/Research/SCOP/pdbstyle-1.75B/b8/d2b82a_.ent
Number of residues: 211
Doing a BEZIER segmentation ...

Bounding box volume: 99142.9
Null Model Fit: 9763.86 bits.
Bits per residue: 46.4946

Bezier model fit: 8724.55 bits.
Bits per residue: 41.5455

# of segments: 12
Internal segmentation:
0-->9-->34-->59-->81-->103-->116-->134-->145-->166-->177-->190-->210

CPU time used: 12.42 secs.
Wall clock time elapsed: 12 secs.

        SEGMENT          START            END   NUM_RESIDUES MESSAGE_LENGTH                    END_POINTS        INTERMEDIATE_CONTROL_POINTS
              1            A 2           A 11             10        382.969         (-6.703, 21.552, -2.346)         (-21.6091, 10.6114, -5.43996)
                                                                                    (-1.949, 5.529, -10.298)

              2           A 11           A 36             26        1033.02         (-1.949, 5.529, -10.298)
                                                                                    (24.802, -11.912, 22.926)

              3           A 36           A 61             26        1039.38         (24.802, -11.912, 22.926)
                                                                                    (-15.07, 11.431, 29.238)

              4           A 61           A 83             23        926.042         (-15.07, 11.431, 29.238)         (-0.983273, 24.6419, 36.076)
                                                                                    (-7.831, -1.68, 37.382)

              5           A 83          A 105             23        896.259         (-7.831, -1.68, 37.382)         (0.870263, -9.96329, 10.0553)
                                                                                    (17.222, -14.711, 29.666)

              6          A 105          A 118             14        541.407         (17.222, -14.711, 29.666)         (5.91436, 11.7399, 25.6716)
                                                                                    (0.041, 5.475, 45.574)

              7          A 118          A 136             19        748.547         (0.041, 5.475, 45.574)         (-4.04933, -17.9196, 26.432)
                                                                                    (12.794, -11.539, 34.344)

              8          A 136          A 147             12         445.82         (12.794, -11.539, 34.344)         (4.63596, 4.25213, 41.9378)
                                                                                    (6.408, 18.16, 28.002)

              9          A 147          A 168             22        871.973         (6.408, 18.16, 28.002)         (32.0367, -8.70893, 38.6684)
                                                                                    (6.345, 7.669, 20.626)

             10          A 168          A 179             12        459.742         (6.345, 7.669, 20.626)
                                                                                    (23.234, 5.061, 23.381)

             11          A 179          A 192             14        540.952         (23.234, 5.061, 23.381)         (1.0709, -5.01702, 10.3088)
                                                                                    (-7.243, 7.881, 20.989)

             12          A 192          A 212             21        838.431         (-7.243, 7.881, 20.989)         (27.8767, 9.69255, 4.48755)
                                                                                    (-1.767, -5.189, 16.82)

