Using structure file: /home/pkas7/Research/SCOP/pdbstyle-1.75B/be/d2be3a1.ent
Number of residues: 203
Doing a BEZIER segmentation ...

Bounding box volume: 75768.4
Null Model Fit: 9313.55 bits.
Bits per residue: 46.1067

Bezier model fit: 8261.62 bits.
Bits per residue: 40.8991

# of segments: 14
Internal segmentation:
0-->2-->4-->33-->49-->73-->81-->96-->114-->129-->143-->159-->165-->188-->202

CPU time used: 12.07 secs.
Wall clock time elapsed: 12 secs.

        SEGMENT          START            END   NUM_RESIDUES MESSAGE_LENGTH                    END_POINTS        INTERMEDIATE_CONTROL_POINTS
              1            A 1            A 3              3        96.2504         (-11.233, 81.307, 3.112)
                                                                                    (-15.94, 77.609, -0.641)

              2            A 3            A 5              3        96.2504         (-15.94, 77.609, -0.641)
                                                                                    (-10.652, 77.984, -1.982)

              3            A 5           A 34             30        1132.32         (-10.652, 77.984, -1.982)
                                                                                    (17.724, 47.859, 12.674)

              4           A 34           A 50             17        661.596         (17.724, 47.859, 12.674)
                                                                                    (-2.756, 84.824, 1.49)

              5           A 50           A 74             25        1009.96         (-2.756, 84.824, 1.49)         (0.794441, 87.3727, -24.4156)
                                                                                    (1.934, 71.32, -0.81)

              6           A 74           A 82              9        335.698         (1.934, 71.32, -0.81)         (12.4648, 66.24, 9.50892)
                                                                                    (24.289, 65.172, 7.37)

              7           A 82           A 97             16        603.065         (24.289, 65.172, 7.37)
                                                                                    (6.409, 54.821, -8.025)

              8           A 97          A 115             19        764.773         (6.409, 54.821, -8.025)         (22.4879, 76.8734, -11.0776)
                                                                                    (23.668, 82.01, 2.929)

              9          A 115          A 130             16        595.746         (23.668, 82.01, 2.929)         (12.3886, 61.3207, -10.9812)
                                                                                    (-14.334, 61.134, -4.505)

             10          A 130          A 144             15        569.838         (-14.334, 61.134, -4.505)         (0.893586, 70.1504, -15.7142)
                                                                                    (20.063, 69.51, 7.869)

             11          A 144          A 160             17        640.602         (20.063, 69.51, 7.869)
                                                                                    (9.145, 91.664, 7.757)

             12          A 160          A 166              7        270.008         (9.145, 91.664, 7.757)         (15.3089, 91.866, -3.69287)
                                                                                    (18.808, 96.386, 9.422)

             13          A 166          A 189             24        899.405         (18.808, 96.386, 9.422)
                                                                                    (34.589, 65.519, 8.324)

             14          A 189          A 203             15        586.104         (34.589, 65.519, 8.324)         (31.4721, 48.8209, 10.8306)
                                                                                    (17.957, 53.083, 20.564)

