Using structure file: /home/pkas7/Research/SCOP/pdbstyle-1.75B/bf/d2bfda1.ent
Number of residues: 374
Doing a BEZIER segmentation ...

Bounding box volume: 192607
Null Model Fit: 17699.8 bits.
Bits per residue: 47.4527

Bezier model fit: 15442.3 bits.
Bits per residue: 41.4003

# of segments: 23
Internal segmentation:
0-->8-->16-->35-->47-->75-->100-->116-->136-->148-->176-->186-->206-->218-->241-->251-->270-->283-->286-->301-->303-->332-->361-->373

CPU time used: 22.63 secs.
Wall clock time elapsed: 22 secs.

        SEGMENT          START            END   NUM_RESIDUES MESSAGE_LENGTH                    END_POINTS        INTERMEDIATE_CONTROL_POINTS
              1            A 6           A 14              9        354.431         (45.454, -1.877, 45.013)         (65.0504, 1.74806, 42.296)
                                                                                    (48.213, -0.585, 37.488)

              2           A 14           A 22              9        338.221         (48.213, -0.585, 37.488)         (38.4277, -17.4175, 41.5399)
                                                                                    (49.523, -11.962, 27.562)

              3           A 22           A 41             20        774.769         (49.523, -11.962, 27.562)
                                                                                    (47.553, 17.172, -4.62)

              4           A 41           A 53             13        510.907         (47.553, 17.172, -4.62)         (34.3297, 16.0997, 15.145)
                                                                                    (51.164, 31.339, 2.159)

              5           A 53           A 81             29        1093.82         (51.164, 31.339, 2.159)         (66.0671, 18.7518, -8.9471)
                                                                                    (85.291, 9.823, -10.2)

              6           A 81          A 106             26         1036.4         (85.291, 9.823, -10.2)         (48.9658, 10.7441, 1.50858)
                                                                                    (67.684, 28.577, 15.269)

              7          A 106          A 122             17        669.789         (67.684, 28.577, 15.269)         (72.7686, 1.00274, 3.02297)
                                                                                    (67.977, 26.976, 5.495)

              8          A 122          A 142             21        852.226         (67.977, 26.976, 5.495)         (87.8579, 19.8064, -9.58623)
                                                                                    (88.732, 21.319, 5.876)

              9          A 142          A 154             13        513.648         (88.732, 21.319, 5.876)         (78.7654, 3.24628, 0.364978)
                                                                                    (75.635, 29.425, 11.27)

             10          A 154          A 182             29        1149.01         (75.635, 29.425, 11.27)         (76.2995, -8.06124, 17.3905)
                                                                                    (65.708, 28.839, 28.771)

             11          A 182          A 192             11        410.722         (65.708, 28.839, 28.771)
                                                                                    (66.419, 5.96, 9.76)

             12          A 192          A 212             21        824.292         (66.419, 5.96, 9.76)         (72.626, -2.92785, 25.2527)
                                                                                    (62.12, 15.855, 30.118)

             13          A 212          A 224             13        498.476         (62.12, 15.855, 30.118)         (60.3532, 16.5824, 9.98739)
                                                                                    (65.105, -0.718, 3.893)

             14          A 224          A 247             24        973.822         (65.105, -0.718, 3.893)         (59.1049, -10.2946, 9.34948)
                                                                                    (56.379, 7.53, 27.522)

             15          A 247          A 257             11        428.267         (56.379, 7.53, 27.522)
                                                                                    (53.098, 14.64, 1.823)

             16          A 257          A 276             20        767.123         (53.098, 14.64, 1.823)
                                                                                    (59.679, 19.981, 27.746)

             17          A 276          A 289             14        524.832         (59.679, 19.981, 27.746)         (51.262, 3.86969, 8.80993)
                                                                                    (67.552, 5.706, -5.077)

             18          A 289          A 313              4        147.644         (67.552, 5.706, -5.077)
                                                                                    (53.686, 9.184, -5.685)

             19          A 313          A 328             16        628.927         (53.686, 9.184, -5.685)
                                                                                    (50.355, 28.908, -8.196)

             20          A 328          A 330              3        98.9424         (50.355, 28.908, -8.196)
                                                                                    (52.33, 26.327, -14.393)

             21          A 330          A 359             30        1148.07         (52.33, 26.327, -14.393)         (72.8966, 27.1802, -20.1041)
                                                                                    (97.029, 22.797, 2.684)

             22          A 359          A 388             30        1183.66         (97.029, 22.797, 2.684)         (94.7869, 17.4323, 34.3548)
                                                                                    (112.631, 15.762, -0.151)

             23          A 388          A 400             13        514.317         (112.631, 15.762, -0.151)         (94.8631, 10.6191, -11.8711)
                                                                                    (100.491, 26.327, -0.374)

