Using structure file: /home/pkas7/Research/SCOP/pdbstyle-1.75B/bf/d2bfdb2.ent
Number of residues: 138
Doing a BEZIER segmentation ...

Bounding box volume: 62577.7
Null Model Fit: 6278.81 bits.
Bits per residue: 45.8307

Bezier model fit: 5657.51 bits.
Bits per residue: 41.2957

# of segments: 8
Internal segmentation:
0-->12-->23-->41-->67-->77-->96-->114-->137

CPU time used: 8.18 secs.
Wall clock time elapsed: 8 secs.

        SEGMENT          START            END   NUM_RESIDUES MESSAGE_LENGTH                    END_POINTS        INTERMEDIATE_CONTROL_POINTS
              1          B 205          B 217             13        499.859         (90.135, 26.273, 43.016)         (101.628, 16.5863, 22.9614)
                                                                                    (112.091, 12.492, 43.923)

              2          B 217          B 228             12        467.447         (112.091, 12.492, 43.923)         (127.367, 2.84722, 32.1891)
                                                                                    (97.858, 6.481, 40.059)

              3          B 228          B 246             19        731.798         (97.858, 6.481, 40.059)
                                                                                    (122.652, 2.046, 47.404)

              4          B 246          B 272             27        1069.99         (122.652, 2.046, 47.404)         (85.2235, 21.5994, 18.2698)
                                                                                    (120.157, 8.132, 34.61)

              5          B 272          B 282             11        415.593         (120.157, 8.132, 34.61)
                                                                                    (98.267, -5.892, 31.678)

              6          B 282          B 301             20        776.301         (98.267, -5.892, 31.678)         (103.526, 7.25192, 21.8497)
                                                                                    (122.66, 6.124, 23.082)

              7          B 301          B 319             19        756.305         (122.66, 6.124, 23.082)
                                                                                    (89.418, -12.183, 42.691)

              8          B 319          B 342             24        940.217         (89.418, -12.183, 42.691)         (110.432, -2.74975, 46.7941)
                                                                                    (122.512, -6.052, 33.636)

