Using structure file: /home/pkas7/Research/SCOP/pdbstyle-1.75B/bh/d2bhua2.ent
Number of residues: 72
Doing a BEZIER segmentation ...

Bounding box volume: 19287.7
Null Model Fit: 3133.42 bits.
Bits per residue: 44.1327

Bezier model fit: 2941.82 bits.
Bits per residue: 41.4341

# of segments: 8
Internal segmentation:
0-->10-->11-->20-->32-->43-->54-->64-->71

CPU time used: 3.5 secs.
Wall clock time elapsed: 3 secs.

        SEGMENT          START            END   NUM_RESIDUES MESSAGE_LENGTH                    END_POINTS        INTERMEDIATE_CONTROL_POINTS
              1          A 531          A 541             11        410.645         (68.891, -1.917, 5.424)
                                                                                    (62.262, -23.323, 20.098)

              2          A 541          A 542              2        47.1698         (62.262, -23.323, 20.098)
                                                                                    (61.609, -20.319, 22.298)

              3          A 542          A 551             10        353.604         (61.609, -20.319, 22.298)         (68.5981, -10.4611, 13.7115)
                                                                                    (80.765, -4.693, 5.656)

              4          A 551          A 563             13        477.796         (80.765, -4.693, 5.656)
                                                                                    (61.046, -20.174, 31.309)

              5          A 563          A 574             12         471.64         (61.046, -20.174, 31.309)         (80.0305, -24.7098, 27.5004)
                                                                                    (71.935, -21.747, 10.157)

              6          A 574          A 585             12        454.798         (71.935, -21.747, 10.157)         (90.6563, -11.0474, 20.3675)
                                                                                    (70.744, -7.965, 29.545)

              7          A 585          A 595             11        430.352         (70.744, -7.965, 29.545)         (87.5433, -17.7026, 30.4931)
                                                                                    (64.527, -17.217, 31.313)

              8          A 595          A 602              8        295.814         (64.527, -17.217, 31.313)
                                                                                    (79.693, -10.111, 17.552)

