Using structure file: /home/pkas7/Research/SCOP/pdbstyle-1.75B/bj/d2bjia_.ent
Number of residues: 274
Doing a BEZIER segmentation ...

Bounding box volume: 82074.8
Null Model Fit: 12618.6 bits.
Bits per residue: 46.222

Bezier model fit: 11286.2 bits.
Bits per residue: 41.3413

# of segments: 19
Internal segmentation:
0-->25-->34-->35-->61-->73-->100-->111-->124-->132-->139-->152-->165-->183-->194-->211-->229-->233-->253-->273

CPU time used: 16.89 secs.
Wall clock time elapsed: 17 secs.

        SEGMENT          START            END   NUM_RESIDUES MESSAGE_LENGTH                    END_POINTS        INTERMEDIATE_CONTROL_POINTS
              1         A 1003         A 1028             26        973.725         (67.603, -40.781, 26.378)         (67.5348, -22.2507, 21.2707)
                                                                                    (65.375, -1.927, 19.56)

              2         A 1028         A 1037             10        371.758         (65.375, -1.927, 19.56)         (56.8968, -0.773543, 5.64851)
                                                                                    (43.263, -12.837, 10.636)

              3         A 1037         A 1038              2        49.2591         (43.263, -12.837, 10.636)
                                                                                    (41.856, -9.6, 12.115)

              4         A 1038         A 1064             27         1060.9         (41.856, -9.6, 12.115)         (74.6395, -12.2635, 14.326)
                                                                                    (62.468, -37.365, 10.133)

              5         A 1064         A 1076             13        512.742         (62.468, -37.365, 10.133)         (50.5975, -15.0893, 17.184)
                                                                                    (49.962, -22.199, 3.629)

              6         A 1076         A 1103             28        1126.12         (49.962, -22.199, 3.629)         (57.2504, -67.2291, 26.4926)
                                                                                    (57.439, -7.179, 28.888)         (52.2529, 13.0603, 11.0724)

              7         A 1103         A 1114             12        439.525         (57.439, -7.179, 28.888)         (60.9165, -23.0079, 20.4741)
                                                                                    (51.955, -40.209, 19.769)

              8         A 1114         A 1127             14        538.165         (51.955, -40.209, 19.769)
                                                                                    (62.287, -11.44, 31.884)

              9         A 1127         A 1135              9        327.792         (62.287, -11.44, 31.884)
                                                                                    (56.631, -35.885, 31.161)

             10         A 1135         A 1142              8        304.626         (56.631, -35.885, 31.161)
                                                                                    (65.506, -21.367, 35.733)

             11         A 1142         A 1155             14         541.73         (65.506, -21.367, 35.733)         (49.5404, -32.5342, 46.6758)
                                                                                    (34.751, -17.88, 44.737)

             12         A 1155         A 1168             14        539.088         (34.751, -17.88, 44.737)         (51.8331, -14.1786, 28.6738)
                                                                                    (33.815, -9.062, 15.381)

             13         A 1168         A 1186             19        714.104         (33.815, -9.062, 15.381)
                                                                                    (31.926, -13.98, 42.464)

             14         A 1186         A 1197             12         471.53         (31.926, -13.98, 42.464)         (48.5374, -5.45532, 32.2098)
                                                                                    (51.971, -19.467, 26.999)

             15         A 1197         A 1214             18        710.141         (51.971, -19.467, 26.999)         (54.6357, -20.9421, 53.6558)
                                                                                    (38.769, -20.022, 23.211)

             16         A 1214         A 1232             19        746.846         (38.769, -20.022, 23.211)         (60.5083, -26.6054, 18.8614)
                                                                                    (50.614, -30.699, 39.201)

             17         A 1232         A 1236              5        174.545         (50.614, -30.699, 39.201)
                                                                                    (40.461, -29.856, 30.165)

             18         A 1236         A 1256             21        858.446         (40.461, -29.856, 30.165)
                                                                                    (39.98, -30.57, 38.572)

             19         A 1256         A 1276             21        825.127         (39.98, -30.57, 38.572)         (24.3492, -13.6322, 31.5772)
                                                                                    (39.852, -29.343, 10.006)

