Using structure file: /home/pkas7/Research/SCOP/pdbstyle-1.75B/bl/d2bl9a_.ent
Number of residues: 216
Doing a BEZIER segmentation ...

Bounding box volume: 85902
Null Model Fit: 9951.87 bits.
Bits per residue: 46.2878

Bezier model fit: 8885.55 bits.
Bits per residue: 41.3281

# of segments: 17
Internal segmentation:
0-->6-->23-->40-->68-->82-->83-->92-->108-->121-->130-->131-->152-->162-->175-->187-->203-->215

CPU time used: 13.17 secs.
Wall clock time elapsed: 13 secs.

        SEGMENT          START            END   NUM_RESIDUES MESSAGE_LENGTH                    END_POINTS        INTERMEDIATE_CONTROL_POINTS
              1            A 2            A 8              7        270.881         (64.395, 2.476, 23.486)
                                                                                    (69.428, 10.264, 29.413)

              2            A 8           A 25             18        679.903         (69.428, 10.264, 29.413)         (105.704, 13.7351, 23.6871)
                                                                                    (106.364, -9.697, 33.868)

              3           A 25           A 42             18        701.903         (106.364, -9.697, 33.868)         (92.6508, 2.5441, 5.50563)
                                                                                    (99.075, 3.379, 41.333)

              4           A 42           A 70             29        1152.63         (99.075, 3.379, 41.333)         (98.7719, 30.3081, 26.4344)
                                                                                    (63.433, 21.715, 26.732)

              5           A 70           A 84             15        567.341         (63.433, 21.715, 26.732)
                                                                                    (54.415, 4.24, 32.85)

              6           A 84          A 106              2        49.3248         (54.415, 4.24, 32.85)
                                                                                    (70.607, 26.384, 37.705)

              7          A 106          A 115             10        366.197         (70.607, 26.384, 37.705)         (77.6489, 12.5626, 29.9167)
                                                                                    (85.159, 5.571, 44.464)

              8          A 115          A 131             17        667.007         (85.159, 5.571, 44.464)         (98.2667, 20.6088, 50.1283)
                                                                                    (78.274, 19.949, 38.094)

              9          A 131          A 144             14        546.379         (78.274, 19.949, 38.094)         (77.8754, -6.65914, 47.4326)
                                                                                    (82.076, 10.305, 56.222)

             10          A 144          A 153             10        379.461         (82.076, 10.305, 56.222)         (77.3448, 24.5952, 45.0103)
                                                                                    (75.082, 1.95, 45.034)

             11          A 153          A 154              2        49.3248         (75.082, 1.95, 45.034)
                                                                                    (74.854, 0.758, 41.409)

             12          A 154          A 175             22        867.774         (74.854, 0.758, 41.409)         (54.3471, 23.861, 31.6456)
                                                                                    (87.416, 4.916, 36.283)

             13          A 175          A 185             11        420.711         (87.416, 4.916, 36.283)
                                                                                    (75.535, -2.464, 29.237)

             14          A 185          A 198             14        530.004         (75.535, -2.464, 29.237)         (77.9512, 16.8094, 20.2068)
                                                                                    (103.322, 10.129, 25.708)

             15          A 198          A 210             13         499.65         (103.322, 10.129, 25.708)         (99.4963, -2.31178, 43.6147)
                                                                                    (82.712, -3.575, 20.491)

             16          A 210          A 226             17        656.391         (82.712, -3.575, 20.491)         (78.5658, 17.5472, 6.11394)
                                                                                    (104.904, 21.309, 27.566)

             17          A 226          A 238             13        480.671         (104.904, 21.309, 27.566)
                                                                                    (75.813, 4.253, 15.508)

