Using structure file: /home/pkas7/Research/SCOP/pdbstyle-1.75B/bl/d2bl5a1.ent
Number of residues: 134
Doing a BEZIER segmentation ...

Bounding box volume: 43406.8
Null Model Fit: 6025.3 bits.
Bits per residue: 45.303

Bezier model fit: 5483.51 bits.
Bits per residue: 41.2294

# of segments: 8
Internal segmentation:
0-->10-->37-->51-->69-->80-->100-->120-->133

CPU time used: 7.09 secs.
Wall clock time elapsed: 7 secs.

        SEGMENT          START            END   NUM_RESIDUES MESSAGE_LENGTH                    END_POINTS        INTERMEDIATE_CONTROL_POINTS
              1            A 1           A 11             11        405.364         (-10.555, 14.386, -10.507)         (4.05143, 2.27613, -5.9624)
                                                                                    (-3.151, -12.345, -5.809)

              2           A 11           A 38             28        1096.88         (-3.151, -12.345, -5.809)         (-3.58412, -0.627253, 20.22)
                                                                                    (-7.223, 17.058, 0.26)

              3           A 38           A 52             15        592.778         (-7.223, 17.058, 0.26)         (-5.71915, -7.75971, -6.98109)
                                                                                    (-20.337, -7.35, 6.753)

              4           A 52           A 70             19        744.737         (-20.337, -7.35, 6.753)         (-29.6045, 5.09951, -4.70294)
                                                                                    (-7.341, -6.001, -7.519)

              5           A 70           A 81             12        470.005         (-7.341, -6.001, -7.519)
                                                                                    (-3.663, 21.727, -7.98)

              6           A 81          A 101             21        785.821         (-3.663, 21.727, -7.98)         (4.98061, 13.7374, 3.32174)
                                                                                    (4.927, -7.33, 2.119)

              7          A 101          A 121             21        832.211         (4.927, -7.33, 2.119)         (16.1243, 5.95814, 16.1335)
                                                                                    (26.15, 3.883, -7.36)

              8          A 121          A 134             14        555.708         (26.15, 3.883, -7.36)         (29.2926, -7.86325, -10.5502)
                                                                                    (13.579, -2.056, -8.09)

