Using structure file: /home/pkas7/Research/SCOP/pdbstyle-1.75B/bo/d2bo4a1.ent
Number of residues: 380
Doing a BEZIER segmentation ...

Bounding box volume: 129536
Null Model Fit: 17767.6 bits.
Bits per residue: 46.8803

Bezier model fit: 15529.2 bits.
Bits per residue: 40.9741

# of segments: 22
Internal segmentation:
0-->12-->36-->56-->67-->96-->97-->119-->130-->151-->168-->186-->201-->220-->240-->258-->281-->303-->325-->331-->356-->357-->379

CPU time used: 23.67 secs.
Wall clock time elapsed: 23 secs.

        SEGMENT          START            END   NUM_RESIDUES MESSAGE_LENGTH                    END_POINTS        INTERMEDIATE_CONTROL_POINTS
              1            A 2           A 14             13         502.32         (94.448, -19.08, 21.742)         (101.605, 1.95206, 42.2485)
                                                                                    (101.463, -17.827, 43.954)

              2           A 14           A 38             25        984.176         (101.463, -17.827, 43.954)         (85.9246, -36.057, 16.302)
                                                                                    (108.971, -3.909, 36.055)

              3           A 38           A 58             21        828.895         (108.971, -3.909, 36.055)         (112.248, -22.7935, 42.0757)
                                                                                    (103.083, -28.278, 26.077)

              4           A 58           A 69             12        445.503         (103.083, -28.278, 26.077)         (110.12, -8.96451, 33.9992)
                                                                                    (102.326, 2.944, 24.144)

              5           A 69           A 98             30        1206.76         (102.326, 2.944, 24.144)         (91.587, 12.0775, 53.1597)
                                                                                    (92.496, -11.274, 29.303)         (108.689, -26.3289, -9.78538)

              6           A 98           A 99              2        49.9174         (92.496, -11.274, 29.303)
                                                                                    (92.087, -12.131, 32.998)

              7           A 99          A 121             23        910.841         (92.087, -12.131, 32.998)         (87.6569, -27.6365, 42.083)
                                                                                    (80.884, -15.946, 15.911)

              8          A 121          A 132             12        456.635         (80.884, -15.946, 15.911)
                                                                                    (78.04, -6.569, 46.465)

              9          A 132          A 153             22        859.028         (78.04, -6.569, 46.465)         (84.356, 12.5534, 37.1514)
                                                                                    (69.399, 4.817, 22.635)

             10          A 153          A 170             18        718.711         (69.399, 4.817, 22.635)         (84.6784, -5.16965, 44.9521)
                                                                                    (88.563, -12.384, 18.132)

             11          A 170          A 188             19        740.997         (88.563, -12.384, 18.132)         (94.4371, 6.22465, 9.3903)
                                                                                    (95.674, 4.341, 32.437)

             12          A 188          A 203             16        615.447         (95.674, 4.341, 32.437)
                                                                                    (78.946, -2.759, 16.103)

             13          A 203          A 222             20        782.013         (78.946, -2.759, 16.103)         (81.6602, -31.0575, 42.8423)
                                                                                    (87.718, 3.984, 52.375)

             14          A 222          A 242             21        808.443         (87.718, 3.984, 52.375)         (93.9915, 6.91754, 35.1502)
                                                                                    (81.035, 14.266, 21.623)

             15          A 242          A 260             19        728.505         (81.035, 14.266, 21.623)         (66.3972, -16.2353, 10.7315)
                                                                                    (75.935, -16.025, 46.47)

             16          A 260          A 283             24        931.508         (75.935, -16.025, 46.47)         (82.9568, 2.12913, 62.7392)
                                                                                    (91.319, 24.179, 49.364)

             17          A 283          A 305             23        885.681         (91.319, 24.179, 49.364)         (65.4073, 26.1432, 34.3083)
                                                                                    (84.311, 21.294, 55.357)

             18          A 305          A 327             23        904.735         (84.311, 21.294, 55.357)         (60.215, 6.05929, 43.7071)
                                                                                    (81.815, 20.457, 30.782)

             19          A 327          A 333              7        266.322         (81.815, 20.457, 30.782)
                                                                                    (94.183, 19.472, 37.925)

             20          A 333          A 358             26        979.567         (94.183, 19.472, 37.925)         (78.9264, 13.0608, 49.106)
                                                                                    (67.201, -1.474, 52.307)

             21          A 358          A 359              2        49.9174         (67.201, -1.474, 52.307)
                                                                                    (68.822, -4.76, 51.211)

             22          A 359          A 381             23        873.277         (68.822, -4.76, 51.211)         (68.2159, -1.09975, 33.2336)
                                                                                    (65.495, 16.521, 26.371)

