Using structure file: /home/pkas7/Research/SCOP/pdbstyle-1.75B/br/d2brja1.ent
Number of residues: 174
Doing a BEZIER segmentation ...

Bounding box volume: 63956.2
Null Model Fit: 7934.15 bits.
Bits per residue: 45.8621

Bezier model fit: 7154.71 bits.
Bits per residue: 41.3567

# of segments: 15
Internal segmentation:
0-->13-->24-->30-->44-->46-->64-->81-->93-->105-->120-->121-->134-->150-->172-->173

CPU time used: 10.26 secs.
Wall clock time elapsed: 10 secs.

        SEGMENT          START            END   NUM_RESIDUES MESSAGE_LENGTH                    END_POINTS        INTERMEDIATE_CONTROL_POINTS
              1           A 15           A 28             14        526.437         (43.465, 75.755, 13.618)         (54.6871, 71.8735, 35.2603)
                                                                                    (51.386, 82.134, 50.133)

              2           A 28           A 39             12         456.75         (51.386, 82.134, 50.133)         (37.5304, 79.5522, 50.9647)
                                                                                    (27.255, 65.226, 55.572)

              3           A 39           A 45              7        269.355         (27.255, 65.226, 55.572)         (42.1581, 61.1966, 56.6854)
                                                                                    (28.68, 67.446, 48.338)

              4           A 45           A 59             15         561.43         (28.68, 67.446, 48.338)         (43.9199, 87.8514, 48.269)
                                                                                    (58.781, 76.407, 29.751)

              5           A 59           A 61              3        95.7614         (58.781, 76.407, 29.751)
                                                                                    (60.877, 80.546, 32.674)

              6           A 61           A 79             19        713.106         (60.877, 80.546, 32.674)         (24.4946, 87.6241, 45.9079)
                                                                                    (37.836, 53.388, 45.156)

              7           A 79           A 96             18        707.091         (37.836, 53.388, 45.156)         (33.8503, 78.8436, 41.7183)
                                                                                    (47.577, 89.602, 27.705)

              8           A 96          A 108             13        485.435         (47.577, 89.602, 27.705)         (27.0503, 74.2306, 33.1294)
                                                                                    (43.212, 61.126, 41.205)

              9          A 108          A 120             13        497.546         (43.212, 61.126, 41.205)         (31.3182, 70.6846, 24.0486)
                                                                                    (42.336, 90.297, 25.64)

             10          A 120          A 135             16        615.143         (42.336, 90.297, 25.64)         (32.639, 70.7411, 15.7901)
                                                                                    (52.009, 66.684, 42.73)

             11          A 135          A 136              2        48.8992         (52.009, 66.684, 42.73)
                                                                                    (48.798, 66.628, 44.727)

             12          A 136          A 149             14        530.627         (48.798, 66.628, 44.727)
                                                                                    (42.116, 83.375, 18.58)

             13          A 149          A 165             17        666.673         (42.116, 83.375, 18.58)         (62.8511, 88.1665, 18.7164)
                                                                                    (57.054, 65.491, 36.054)

             14          A 165          A 187             23        931.558         (57.054, 65.491, 36.054)         (72.5599, 94.4784, 39.2746)
                                                                                    (48.85, 89.005, 37.637)

             15          A 187          A 188              2        48.8992         (48.85, 89.005, 37.637)
                                                                                    (49.087, 88.728, 41.425)

