Using structure file: /home/pkas7/Research/SCOP/pdbstyle-1.75B/bs/d2bska1.ent
Number of residues: 73
Doing a BEZIER segmentation ...

Bounding box volume: 47356.4
Null Model Fit: 3270.86 bits.
Bits per residue: 45.4286

Bezier model fit: 2860.29 bits.
Bits per residue: 39.7262

# of segments: 3
Internal segmentation:
0-->21-->43-->72

CPU time used: 3.32 secs.
Wall clock time elapsed: 3 secs.

        SEGMENT          START            END   NUM_RESIDUES MESSAGE_LENGTH                    END_POINTS        INTERMEDIATE_CONTROL_POINTS
              1           A 13           A 34             22        832.524         (54.101, 37.418, 68.789)
                                                                                    (53.836, 15.19, 43.324)

              2           A 34           A 56             23        920.187         (53.836, 15.19, 43.324)         (36.1253, 15.0496, 41.3979)
                                                                                    (53.134, 18.028, 62.336)

              3           A 56           A 85             30        1107.58         (53.134, 18.028, 62.336)
                                                                                    (75.566, 24.196, 101.613)

