Using structure file: /home/pkas7/Research/SCOP/pdbstyle-1.75B/bv/d2bvca2.ent
Number of residues: 374
Doing a BEZIER segmentation ...

Bounding box volume: 174885
Null Model Fit: 17647.9 bits.
Bits per residue: 47.3134

Bezier model fit: 15449 bits.
Bits per residue: 41.4183

# of segments: 24
Internal segmentation:
0-->22-->35-->44-->53-->66-->77-->86-->104-->118-->130-->152-->163-->179-->193-->209-->225-->254-->270-->289-->310-->318-->335-->364-->373

CPU time used: 23.71 secs.
Wall clock time elapsed: 23 secs.

        SEGMENT          START            END   NUM_RESIDUES MESSAGE_LENGTH                    END_POINTS        INTERMEDIATE_CONTROL_POINTS
              1          A 105          A 127             23        907.958         (-49.094, 60.969, 14.886)         (-26.559, 60.729, 13.8786)
                                                                                    (-39.896, 78.615, 4.318)         (-66.8931, 87.1218, 0.334886)

              2          A 127          A 140             14         509.11         (-39.896, 78.615, 4.318)         (-25.7708, 79.7955, 21.4486)
                                                                                    (-13.304, 63.27, 31.077)

              3          A 140          A 149             10        375.538         (-13.304, 63.27, 31.077)         (-29.8745, 55.3894, 39.9313)
                                                                                    (-29.522, 55.876, 52.24)

              4          A 149          A 158             10        353.274         (-29.522, 55.876, 52.24)         (-24.1188, 64.6457, 37.8094)
                                                                                    (-8.736, 68.13, 33.32)

              5          A 158          A 171             14         560.35         (-8.736, 68.13, 33.32)         (-7.2272, 79.5191, 48.9999)
                                                                                    (-3.487, 59.141, 35.1)

              6          A 171          A 182             12        466.727         (-3.487, 59.141, 35.1)         (7.48996, 74.8502, 34.202)
                                                                                    (-15.178, 79.615, 36.126)

              7          A 182          A 191             10        384.748         (-15.178, 79.615, 36.126)         (-15.2658, 86.601, 20.9101)
                                                                                    (-2.625, 76.002, 26.348)

              8          A 191          A 209             19        729.696         (-2.625, 76.002, 26.348)
                                                                                    (-20.893, 64.766, 6.588)

              9          A 209          A 223             15        599.183         (-20.893, 64.766, 6.588)         (-17.864, 89.1416, 13.7711)
                                                                                    (-14.169, 72.121, 32.336)

             10          A 223          A 235             13        492.147         (-14.169, 72.121, 32.336)         (-18.4935, 79.4473, 6.66589)
                                                                                    (-37.219, 73.469, 9.645)

             11          A 235          A 257             23        870.015         (-37.219, 73.469, 9.645)
                                                                                    (-11.086, 59.228, 25.223)

             12          A 257          A 268             12        467.584         (-11.086, 59.228, 25.223)         (-33.9176, 70.1482, 24.8704)
                                                                                    (-23.343, 74.715, 39.534)

             13          A 268          A 284             17        643.834         (-23.343, 74.715, 39.534)
                                                                                    (-40.456, 83.122, -3.05)

             14          A 284          A 298             15        597.349         (-40.456, 83.122, -3.05)
                                                                                    (-37.569, 94.534, 12.113)

             15          A 298          A 314             17        652.426         (-37.569, 94.534, 12.113)
                                                                                    (-45.49, 79.886, 29.483)

             16          A 314          A 330             17        674.367         (-45.49, 79.886, 29.483)         (-35.1777, 61.6637, 27.0624)
                                                                                    (-32.828, 79.687, 33.71)

             17          A 330          A 359             30        1234.37         (-32.828, 79.687, 33.71)         (-33.5503, 92.8884, 34.1098)
                                                                                    (-28.614, 93.361, 4.518)

             18          A 359          A 375             17        682.804         (-28.614, 93.361, 4.518)         (-33.3325, 84.9922, 27.3347)
                                                                                    (-36.497, 66.917, 20.78)

             19          A 375          A 394             20         755.65         (-36.497, 66.917, 20.78)
                                                                                    (-50.855, 90.601, 15.225)

             20          A 394          A 415             22        884.971         (-50.855, 90.601, 15.225)         (-17.9092, 98.954, 41.4429)
                                                                                    (-43.275, 94.821, 36.025)

             21          A 415          A 423              9        347.166         (-43.275, 94.821, 36.025)
                                                                                    (-41.121, 71.95, 34.474)

             22          A 423          A 440             18        702.509         (-41.121, 71.95, 34.474)         (-56.0763, 76.4547, 33.6724)
                                                                                    (-53.956, 72.524, 11.114)

             23          A 440          A 469             30        1167.69         (-53.956, 72.524, 11.114)         (-50.8077, 54.6135, 33.4246)
                                                                                    (-28.132, 66.315, 49.059)

             24          A 469          A 478             10        389.568         (-28.132, 66.315, 49.059)
                                                                                    (-33.175, 70.38, 62.808)

