Using structure file: /home/pkas7/Research/SCOP/pdbstyle-1.75B/bw/d2bw8a_.ent
Number of residues: 226
Doing a BEZIER segmentation ...

Bounding box volume: 46363.7
Null Model Fit: 10214.6 bits.
Bits per residue: 45.3981

Bezier model fit: 9275.91 bits.
Bits per residue: 41.2263

# of segments: 19
Internal segmentation:
0-->14-->26-->27-->37-->62-->66-->78-->83-->95-->110-->119-->131-->147-->158-->167-->175-->198-->207-->225

CPU time used: 13.81 secs.
Wall clock time elapsed: 13 secs.

        SEGMENT          START            END   NUM_RESIDUES MESSAGE_LENGTH                    END_POINTS        INTERMEDIATE_CONTROL_POINTS
              1            A 2           A 16             15        585.185         (14.597, 9.306, 0.186)         (31.5051, 14.1096, 22.8263)
                                                                                    (3.025, 17.069, 5.256)

              2           A 16           A 28             13        492.156         (3.025, 17.069, 5.256)
                                                                                    (26.276, 7.075, 22.466)

              3           A 28           A 29              2        48.4351         (26.276, 7.075, 22.466)
                                                                                    (28.681, 8.591, 19.978)

              4           A 29           A 39             11        406.506         (28.681, 8.591, 19.978)         (21.9126, 2.34606, 4.6917)
                                                                                    (6.016, 11.4, 2.25)

              5           A 39           A 64             26        1038.38         (6.016, 11.4, 2.25)         (45.9658, -12.8624, 30.0011)
                                                                                    (3.326, 12.617, 16.573)

              6           A 64           A 68              5        179.215         (3.326, 12.617, 16.573)
                                                                                    (11.239, 17.818, 24.121)

              7           A 68           A 80             13        494.923         (11.239, 17.818, 24.121)         (-0.977575, 22.0835, 4.54228)
                                                                                    (-5.011, 15.992, 29.215)

              8           A 80           A 85              6        223.269         (-5.011, 15.992, 29.215)
                                                                                    (-11.736, 9.724, 24.054)

              9           A 85           A 97             13         464.88         (-11.736, 9.724, 24.054)         (2.26107, 1.31736, 6.18154)
                                                                                    (17.924, -11.641, 13.459)

             10           A 97          A 112             16         612.95         (17.924, -11.641, 13.459)
                                                                                    (2.628, 20.502, 32.601)

             11          A 112          A 121             10        387.493         (2.628, 20.502, 32.601)         (16.1421, 22.3587, 20.4033)
                                                                                    (7.497, 14.062, 37.374)

             12          A 121          A 133             13          486.8         (7.497, 14.062, 37.374)         (-2.02799, -3.06162, 18.1418)
                                                                                    (19.229, -10.34, 21.876)

             13          A 133          A 149             17        667.348         (19.229, -10.34, 21.876)         (6.49289, -1.59743, 49.6986)
                                                                                    (-6.484, -8.089, 21.775)

             14          A 149          A 160             12        445.414         (-6.484, -8.089, 21.775)         (8.44167, -10.8412, 37.6755)
                                                                                    (12.626, 10.606, 37.668)

             15          A 160          A 169             10        374.988         (12.626, 10.606, 37.668)         (3.34635, 2.11337, 30.0004)
                                                                                    (3.976, -12.1, 25.503)

             16          A 169          A 177              9        329.732         (3.976, -12.1, 25.503)         (9.15388, -9.48413, 8.6467)
                                                                                    (-5.529, 0.763, 14.803)

             17          A 177          A 200             24        946.894         (-5.529, 0.763, 14.803)         (-6.48994, 1.02355, 52.3794)
                                                                                    (2.671, 15.027, 24.884)

             18          A 200          A 209             10        366.439         (2.671, 15.027, 24.884)         (6.44239, 1.5043, 12.1967)
                                                                                    (21.918, -1.441, 22.337)

             19          A 209          A 227             19          724.9         (21.918, -1.441, 22.337)         (12.4933, -2.9072, -5.05922)
                                                                                    (-14.064, 14.396, 24.354)

