Using structure file: /home/pkas7/Research/SCOP/pdbstyle-1.75B/c9/d2c9wa2.ent
Number of residues: 103
Doing a BEZIER segmentation ...

Bounding box volume: 26133.2
Null Model Fit: 4546.24 bits.
Bits per residue: 44.5709

Bezier model fit: 4216.97 bits.
Bits per residue: 41.3429

# of segments: 11
Internal segmentation:
0-->14-->34-->35-->45-->47-->58-->59-->69-->77-->89-->102

CPU time used: 5.8 secs.
Wall clock time elapsed: 5 secs.

        SEGMENT          START            END   NUM_RESIDUES MESSAGE_LENGTH                    END_POINTS        INTERMEDIATE_CONTROL_POINTS
              1           A 32           A 46             15        562.334         (-1.902, 11.787, 30.953)
                                                                                    (-5.684, 25.617, 15.14)

              2           A 46           A 66             21        823.033         (-5.684, 25.617, 15.14)         (-12.5669, -0.752107, -3.06641)
                                                                                    (3.049, 26.44, -2.434)

              3           A 66           A 67              2         47.608         (3.049, 26.44, -2.434)
                                                                                    (6.088, 24.626, -1.012)

              4           A 67           A 77             11        408.593         (6.088, 24.626, -1.012)         (-8.06144, 21.153, 13.3883)
                                                                                    (-1.308, 3.795, 10.457)

              5           A 77           A 79              3         93.179         (-1.308, 3.795, 10.457)
                                                                                    (1.524, 2.92, 15.333)

              6           A 79           A 90             12        455.915         (1.524, 2.92, 15.333)         (-2.47045, 23.8611, 9.77345)
                                                                                    (8.71, 17.135, -5.261)

              7           A 90           A 91              2         47.608         (8.71, 17.135, -5.261)
                                                                                    (5.022, 16.818, -4.362)

              8           A 91          A 101             11        395.369         (5.022, 16.818, -4.362)         (2.87979, 10.6009, 10.7288)
                                                                                    (4.889, 8.271, 27.121)

              9          A 101          A 109              9        342.057         (4.889, 8.271, 27.121)         (4.81928, 20.1071, 17.6136)
                                                                                    (11.678, 5.741, 11.505)

             10          A 109          A 121             13        507.312         (11.678, 5.741, 11.505)         (24.7573, 14.3203, 19.1026)
                                                                                    (1.69, 19.615, 23.005)

             11          A 121          A 134             14        533.966         (1.69, 19.615, 23.005)
                                                                                    (12.16, 31.296, 10.204)

