Using structure file: /home/pkas7/Research/SCOP/pdbstyle-1.75B/ca/d2cala_.ent
Number of residues: 153
Doing a BEZIER segmentation ...

Bounding box volume: 39320.9
Null Model Fit: 6864.37 bits.
Bits per residue: 45.1604

Bezier model fit: 6297.78 bits.
Bits per residue: 41.4328

# of segments: 13
Internal segmentation:
0-->9-->25-->33-->42-->66-->78-->79-->88-->101-->115-->128-->144-->152

CPU time used: 8.72 secs.
Wall clock time elapsed: 8 secs.

        SEGMENT          START            END   NUM_RESIDUES MESSAGE_LENGTH                    END_POINTS        INTERMEDIATE_CONTROL_POINTS
              1         A 1003         A 1012             10        370.218         (9.627, 7.552, -1.582)         (3.99553, 2.30493, -16.7743)
                                                                                    (-10.716, -5.66, -10.021)

              2         A 1012         A 1028             17        667.378         (-10.716, -5.66, -10.021)         (4.66341, -16.3374, -5.55826)
                                                                                    (-8.929, -10.305, 16.486)

              3         A 1028         A 1036              9         328.67         (-8.929, -10.305, 16.486)
                                                                                    (12.3, -15.056, 5.858)

              4         A 1036         A 1045             10        364.959         (12.3, -15.056, 5.858)         (0.740576, -6.66189, -0.0631395)
                                                                                    (-10.703, 1.816, 1.766)

              5         A 1045         A 1069             25        1027.93         (-10.703, 1.816, 1.766)         (-20.6541, -1.23743, 10.0236)
                                                                                    (15.101, -9.758, 10.619)

              6         A 1069         A 1081             13        479.613         (15.101, -9.758, 10.619)         (2.59776, -5.68838, -4.51322)
                                                                                    (-12.528, 6.442, -5.836)

              7         A 1081         A 1082              2        48.1974         (-12.528, 6.442, -5.836)
                                                                                    (-11.725, 10.142, -5.815)

              8         A 1082         A 1091             10        367.941         (-11.725, 10.142, -5.815)         (2.81913, 4.59963, -1.01068)
                                                                                    (8.208, 5.781, 13.934)

              9         A 1091         A 1104             14        547.533         (8.208, 5.781, 13.934)         (-14.5784, 22.1902, 14.2237)
                                                                                    (11.564, 10.57, 8.473)

             10         A 1104         A 1118             15        576.111         (11.564, 10.57, 8.473)
                                                                                    (-12.032, 1.007, -14.47)

             11         A 1118         A 1131             14        515.868         (-12.032, 1.007, -14.47)         (13.0625, -1.67437, -5.78451)
                                                                                    (13.134, -4.081, 15.679)

             12         A 1131         A 1147             17        677.607         (13.134, -4.081, 15.679)         (-7.4508, 19.7631, -0.464941)
                                                                                    (-8.181, 7.344, 11.824)

             13         A 1147         A 1155              9        325.752         (-8.181, 7.344, 11.824)
                                                                                    (10.388, -7.96, 17.359)

