Using structure file: /home/pkas7/Research/SCOP/pdbstyle-1.75B/cf/d2cf7a_.ent
Number of residues: 156
Doing a BEZIER segmentation ...

Bounding box volume: 60864.2
Null Model Fit: 7097.55 bits.
Bits per residue: 45.7907

Bezier model fit: 6204.87 bits.
Bits per residue: 40.0314

# of segments: 10
Internal segmentation:
0-->7-->34-->37-->66-->82-->95-->123-->124-->150-->155

CPU time used: 8.82 secs.
Wall clock time elapsed: 8 secs.

        SEGMENT          START            END   NUM_RESIDUES MESSAGE_LENGTH                    END_POINTS        INTERMEDIATE_CONTROL_POINTS
              1           A 14           A 24              8        306.787         (64.884, 172.489, 36.724)
                                                                                    (70.254, 149.484, 30.974)

              2           A 24           A 51             28        1050.58         (70.254, 149.484, 30.974)         (53.1606, 155.937, 41.7915)
                                                                                    (29.698, 145.494, 39.183)

              3           A 51           A 54              4        142.658         (29.698, 145.494, 39.183)
                                                                                    (31.501, 137.662, 40.541)

              4           A 54           A 83             30        1130.11         (31.501, 137.662, 40.541)         (50.7417, 145.766, 49.5787)
                                                                                    (72.324, 150.801, 42.16)

              5           A 83           A 99             17        668.387         (72.324, 150.801, 42.16)         (49.612, 170.817, 42.0757)
                                                                                    (53.366, 152.784, 28.51)

              6           A 99          A 112             14        533.749         (53.366, 152.784, 28.51)         (24.4726, 161.736, 37.6809)
                                                                                    (34.339, 139.767, 31.673)

              7          A 112          A 140             29        1085.98         (34.339, 139.767, 31.673)         (55.5851, 145.291, 28.7488)
                                                                                    (75.557, 140.781, 34.356)

              8          A 140          A 141              2        48.8277         (75.557, 140.781, 34.356)
                                                                                    (73.348, 142.255, 37.074)

              9          A 141          A 167             27        1014.43         (73.348, 142.255, 37.074)         (52.9056, 135.76, 42.2895)
                                                                                    (37.053, 130.132, 29.769)

             10          A 167          A 172              6        223.356         (37.053, 130.132, 29.769)
                                                                                    (51.495, 132.786, 27.086)

