Using structure file: /home/pkas7/Research/SCOP/pdbstyle-1.75B/cp/d2cpia1.ent
Number of residues: 89
Doing a BEZIER segmentation ...

Bounding box volume: 35031.1
Null Model Fit: 3959.45 bits.
Bits per residue: 44.9937

Bezier model fit: 3632.34 bits.
Bits per residue: 41.2766

# of segments: 6
Internal segmentation:
0-->14-->33-->50-->64-->82-->88

CPU time used: 4.41 secs.
Wall clock time elapsed: 4 secs.

        SEGMENT          START            END   NUM_RESIDUES MESSAGE_LENGTH                    END_POINTS        INTERMEDIATE_CONTROL_POINTS
              1          A 101          A 115             15        567.601         (18.261, 12.197, -4.433)         (-9.63523, 10.3134, -18.745)
                                                                                    (1.664, -1.318, 9.742)

              2          A 115          A 134             20        801.985         (1.664, -1.318, 9.742)         (-5.69875, -19.6931, -0.760101)
                                                                                    (-15.273, -2.658, 0.007)

              3          A 134          A 151             18        709.578         (-15.273, -2.658, 0.007)         (4.87565, -5.17312, -15.6299)
                                                                                    (14.146, -12.737, 14.643)

              4          A 151          A 165             15        562.064         (14.146, -12.737, 14.643)
                                                                                    (-10.892, 4.338, -10.482)

              5          A 165          A 183             19        737.571         (-10.892, 4.338, -10.482)         (-9.5277, 14.2199, 3.10332)
                                                                                    (-6.352, -2.959, 17.422)

              6          A 183          A 189              7        253.542         (-6.352, -2.959, 17.422)
                                                                                    (-1.008, 7.351, 1.768)

