Using structure file: /home/pkas7/Research/SCOP/pdbstyle-1.75B/cr/d2cr8a1.ent
Number of residues: 41
Doing a BEZIER segmentation ...

Bounding box volume: 15049.7
Null Model Fit: 1750.99 bits.
Bits per residue: 43.7748

Bezier model fit: 1665.56 bits.
Bits per residue: 41.6389

# of segments: 4
Internal segmentation:
0-->8-->16-->24-->40

CPU time used: 1.34 secs.
Wall clock time elapsed: 1 secs.

        SEGMENT          START            END   NUM_RESIDUES MESSAGE_LENGTH                    END_POINTS        INTERMEDIATE_CONTROL_POINTS
              1            A 8           A 16              9        332.248         (-6.332, 3.77, 14.826)
                                                                                    (2.762, -12.203, 2.075)

              2           A 16           A 24              9        339.098         (2.762, -12.203, 2.075)         (-5.39055, -7.91425, 13.3421)
                                                                                    (4.247, 5.236, 8.256)

              3           A 24           A 32              9        344.896         (4.247, 5.236, 8.256)
                                                                                    (10.17, -8.482, 6.584)

              4           A 32           A 48             17        649.315         (10.17, -8.482, 6.584)         (-3.78033, -1.64741, -25.358)
                                                                                    (2.633, 19.05, -16.781)

