Using structure file: /home/pkas7/Research/SCOP/pdbstyle-1.75B/cs/d2csua3.ent
Number of residues: 163
Doing a BEZIER segmentation ...

Bounding box volume: 44962.9
Null Model Fit: 7347.32 bits.
Bits per residue: 45.3538

Bezier model fit: 6641.23 bits.
Bits per residue: 40.9953

# of segments: 11
Internal segmentation:
0-->2-->24-->33-->52-->76-->90-->110-->124-->142-->161-->162

CPU time used: 9.57 secs.
Wall clock time elapsed: 9 secs.

        SEGMENT          START            END   NUM_RESIDUES MESSAGE_LENGTH                    END_POINTS        INTERMEDIATE_CONTROL_POINTS
              1          A 291          A 293              3        94.7447         (-17.212, 15.327, 30.947)
                                                                                    (-19.543, 16.066, 35.683)

              2          A 293          A 315             23        898.538         (-19.543, 16.066, 35.683)         (-47.745, -2.08773, 14.4752)
                                                                                    (-24.508, 0.212, 38.929)

              3          A 315          A 324             10        364.428         (-24.508, 0.212, 38.929)
                                                                                    (-34.567, 22.494, 33.225)

              4          A 324          A 343             20        791.669         (-34.567, 22.494, 33.225)         (-53.656, 16.748, 12)
                                                                                    (-34.519, 12.476, 33.273)

              5          A 343          A 367             25        974.184         (-34.519, 12.476, 33.273)         (-41.2316, 8.10575, -1.9196)
                                                                                    (-26.662, 23.293, 31.773)

              6          A 367          A 381             15        572.534         (-26.662, 23.293, 31.773)         (-21.2739, 2.40198, 26.328)
                                                                                    (-41.084, 1.62, 8.746)

              7          A 381          A 401             21        815.338         (-41.084, 1.62, 8.746)
                                                                                    (-20.297, 22.747, 19.512)

              8          A 401          A 415             15        585.829         (-20.297, 22.747, 19.512)         (-22.2113, 2.03448, 29.7698)
                                                                                    (-30.174, -2.749, 10.097)

              9          A 415          A 433             19         745.61         (-30.174, -2.749, 10.097)         (-9.86981, 19.5966, 8.66578)
                                                                                    (-25.08, -3.077, 24.069)

             10          A 433          A 452             20        749.966         (-25.08, -3.077, 24.069)
                                                                                    (-8.891, 16.321, 38.017)

             11          A 452          A 453              2        48.3909         (-8.891, 16.321, 38.017)
                                                                                    (-12.205, 17.706, 36.769)

