Using structure file: /home/pkas7/Research/SCOP/pdbstyle-1.75B/cs/d2csga1.ent
Number of residues: 417
Doing a BEZIER segmentation ...

Bounding box volume: 135466
Null Model Fit: 19529.1 bits.
Bits per residue: 46.9449

Bezier model fit: 17213.6 bits.
Bits per residue: 41.3789

# of segments: 25
Internal segmentation:
0-->27-->28-->52-->67-->83-->100-->126-->137-->162-->176-->190-->212-->238-->247-->264-->269-->280-->306-->330-->348-->365-->381-->396-->415-->416

CPU time used: 26.52 secs.
Wall clock time elapsed: 26 secs.

        SEGMENT          START            END   NUM_RESIDUES MESSAGE_LENGTH                    END_POINTS        INTERMEDIATE_CONTROL_POINTS
              1            A 3           A 30             28        1121.14         (28.051, 69.482, 20.541)         (12.6111, 49.5367, 31.7004)
                                                                                    (43.097, 69.153, 28.355)

              2           A 30           A 31              2         49.982         (43.097, 69.153, 28.355)
                                                                                    (44.622, 68.061, 31.66)

              3           A 31           A 55             25         941.39         (44.622, 68.061, 31.66)         (40.0828, 78.1259, 47.7285)
                                                                                    (37.783, 77.765, 65.944)

              4           A 55           A 70             16        625.068         (37.783, 77.765, 65.944)
                                                                                    (14.46, 96.699, 56.262)

              5           A 70           A 86             17        670.538         (14.46, 96.699, 56.262)         (37.8619, 97.7048, 51.5347)
                                                                                    (26.8, 81.412, 49.473)

              6           A 86          A 103             18        704.523         (26.8, 81.412, 49.473)         (4.87607, 95.8103, 72.1492)
                                                                                    (3.179, 77.475, 63.959)

              7          A 103          A 129             27        1059.19         (3.179, 77.475, 63.959)         (-20.5504, 59.502, 59.3606)
                                                                                    (20.95, 58.247, 46.298)

              8          A 129          A 140             12        470.889         (20.95, 58.247, 46.298)         (17.4274, 58.4011, 63.7897)
                                                                                    (1.254, 70.741, 52.679)

              9          A 140          A 165             26         1013.3         (1.254, 70.741, 52.679)         (-0.742891, 96.9652, 56.7819)
                                                                                    (23.349, 89.808, 44.749)

             10          A 165          A 179             15         592.96         (23.349, 89.808, 44.749)         (24.1886, 89.7641, 15.6812)
                                                                                    (12.478, 92.99, 42.581)

             11          A 179          A 193             15        554.836         (12.478, 92.99, 42.581)         (0.590173, 69.793, 42.2957)
                                                                                    (10.258, 67.002, 70.633)

             12          A 193          A 215             23        924.944         (10.258, 67.002, 70.633)         (26.419, 61.1942, 44.3915)
                                                                                    (22.947, 72.697, 26.76)

             13          A 215          A 241             27        1080.92         (22.947, 72.697, 26.76)         (50.8351, 82.1173, 40.5726)
                                                                                    (16.7, 80.701, 33.125)

             14          A 241          A 250             10        377.146         (16.7, 80.701, 33.125)         (16.9135, 64.9965, 29.186)
                                                                                    (5.44, 61.641, 39.604)

             15          A 250          A 267             18        705.833         (5.44, 61.641, 39.604)         (23.3275, 88.745, 34.1114)
                                                                                    (10.217, 77.143, 66.168)

             16          A 267          A 272              6        225.466         (10.217, 77.143, 66.168)
                                                                                    (22.845, 69.892, 67.913)

             17          A 272          A 283             12        460.263         (22.845, 69.892, 67.913)
                                                                                    (32.013, 77.61, 43.859)

             18          A 283          A 309             27        1073.02         (32.013, 77.61, 43.859)         (44.7041, 48.965, 29.9343)
                                                                                    (17.178, 61.546, 41.947)

             19          A 309          A 333             25        989.681         (17.178, 61.546, 41.947)         (54.8972, 63.5107, 52.6075)
                                                                                    (11.503, 81.275, 65.694)

             20          A 333          A 351             19        733.414         (11.503, 81.275, 65.694)         (30.9794, 80.6493, 29.6105)
                                                                                    (18.492, 61.38, 68.836)

             21          A 351          A 368             18        704.519         (18.492, 61.38, 68.836)         (6.46923, 78.7884, 66.0003)
                                                                                    (11.179, 86.207, 34.51)

             22          A 368          A 384             17        649.778         (11.179, 86.207, 34.51)
                                                                                    (-8.432, 73.795, 44.058)

             23          A 384          A 399             16        633.409         (-8.432, 73.795, 44.058)         (15.6796, 62.9618, 40.3196)
                                                                                    (-10.715, 69.002, 50.474)

             24          A 399          A 418             20        801.431         (-10.715, 69.002, 50.474)         (-3.28649, 96.317, 54.2501)
                                                                                    (1.243, 87.827, 37.939)

             25          A 418          A 419              2         49.982         (1.243, 87.827, 37.939)
                                                                                    (-2.357, 89.132, 38.112)

