Using structure file: /home/pkas7/Research/SCOP/pdbstyle-1.75B/cs/d2cspa1.ent
Number of residues: 117
Doing a BEZIER segmentation ...

Bounding box volume: 44528
Null Model Fit: 5259.41 bits.
Bits per residue: 45.3398

Bezier model fit: 4784.48 bits.
Bits per residue: 41.2455

# of segments: 11
Internal segmentation:
0-->24-->25-->37-->45-->55-->66-->80-->92-->107-->108-->116

CPU time used: 6.38 secs.
Wall clock time elapsed: 6 secs.

        SEGMENT          START            END   NUM_RESIDUES MESSAGE_LENGTH                    END_POINTS        INTERMEDIATE_CONTROL_POINTS
              1            A 8           A 32             25        967.176         (-37.127, -0.958, 12.05)         (-3.9905, 11.5246, -15.156)
                                                                                    (19.55, -0.546, 0.439)

              2           A 32           A 33              2        48.3768         (19.55, -0.546, 0.439)
                                                                                    (17.204, -3.298, 1.615)

              3           A 33           A 45             13        475.169         (17.204, -3.298, 1.615)         (2.06323, 10.3284, -10.0569)
                                                                                    (-14.022, 14.696, 1.671)

              4           A 45           A 53              9        342.889         (-14.022, 14.696, 1.671)
                                                                                    (-15.087, 5.062, 3.97)

              5           A 53           A 63             11        414.828         (-15.087, 5.062, 3.97)         (2.0077, 7.71856, 8.23919)
                                                                                    (2.399, -11.166, -4.542)

              6           A 63           A 74             12        468.545         (2.399, -11.166, -4.542)         (3.14995, -3.93735, 12.1539)
                                                                                    (-2.542, 11.548, 3.192)

              7           A 74           A 88             15         583.79         (-2.542, 11.548, 3.192)         (19.0088, -4.63211, 2.18824)
                                                                                    (8.161, -14.151, -3.464)

              8           A 88          A 100             13        486.306         (8.161, -14.151, -3.464)         (5.5414, 2.42695, -13.8199)
                                                                                    (-12.174, 1.386, 8.781)

              9          A 100          A 115             16        604.533         (-12.174, 1.386, 8.781)         (-7.28548, -3.57212, -15.7978)
                                                                                    (19.101, -1.748, -9.311)

             10          A 115          A 116              2        48.3768         (19.101, -1.748, -9.311)
                                                                                    (17.285, -1.29, -5.999)

             11          A 116          A 124              9         344.49         (17.285, -1.29, -5.999)
                                                                                    (36.095, -5.549, -7.47)

