Using structure file: /home/pkas7/Research/SCOP/pdbstyle-1.75B/cu/d2cu5a_.ent
Number of residues: 129
Doing a BEZIER segmentation ...

Bounding box volume: 42124.2
Null Model Fit: 5793.24 bits.
Bits per residue: 45.2597

Bezier model fit: 5296.42 bits.
Bits per residue: 41.3783

# of segments: 9
Internal segmentation:
0-->2-->12-->41-->51-->78-->99-->105-->117-->128

CPU time used: 7.43 secs.
Wall clock time elapsed: 7 secs.

        SEGMENT          START            END   NUM_RESIDUES MESSAGE_LENGTH                    END_POINTS        INTERMEDIATE_CONTROL_POINTS
              1            A 1            A 3              3        94.5565         (7.757, 54.439, 36.276)
                                                                                    (9.983, 49.297, 39.374)

              2            A 3           A 13             11        396.266         (9.983, 49.297, 39.374)         (17.0982, 53.8141, 23.0377)
                                                                                    (8.858, 50.817, 8.419)

              3           A 13           A 42             30        1214.48         (8.858, 50.817, 8.419)         (32.0948, 32.5006, 55.3663)
                                                                                    (0.631, 47.93, 15.775)

              4           A 42           A 52             11        418.768         (0.631, 47.93, 15.775)         (12.7719, 32.0226, 25.3647)
                                                                                    (19.898, 33.375, 9.562)

              5           A 52           A 79             28        1102.82         (19.898, 33.375, 9.562)         (-10.5858, 38.671, 0.794031)
                                                                                    (-5.335, 51.822, 6.842)

              6           A 79          A 100             22        857.528         (-5.335, 51.822, 6.842)         (-7.46476, 33.8988, 17.0859)
                                                                                    (22.933, 37.249, 36.292)

              7          A 100          A 106              7        261.186         (22.933, 37.249, 36.292)
                                                                                    (17.877, 28.481, 23.083)

              8          A 106          A 118             13        494.664         (17.877, 28.481, 23.083)
                                                                                    (6.912, 52.166, 11.486)

              9          A 118          A 129             12        456.159         (6.912, 52.166, 11.486)
                                                                                    (10.02, 39.322, 38.938)

