Using structure file: /home/pkas7/Research/SCOP/pdbstyle-1.75B/cy/d2cyea1.ent
Number of residues: 130
Doing a BEZIER segmentation ...

Bounding box volume: 33384.4
Null Model Fit: 5795.23 bits.
Bits per residue: 44.9242

Bezier model fit: 5311.66 bits.
Bits per residue: 41.1757

# of segments: 11
Internal segmentation:
0-->2-->18-->42-->43-->53-->65-->80-->92-->107-->127-->129

CPU time used: 7.09 secs.
Wall clock time elapsed: 7 secs.

        SEGMENT          START            END   NUM_RESIDUES MESSAGE_LENGTH                    END_POINTS        INTERMEDIATE_CONTROL_POINTS
              1            A 1            A 3              3        93.8856         (35.576, 31.147, 46.16)
                                                                                    (32.314, 27.924, 50.644)

              2            A 3           A 19             17        673.657         (32.314, 27.924, 50.644)         (34.6162, 35.888, 23.6393)
                                                                                    (22.581, 55.643, 33.219)

              3           A 19           A 43             25        965.177         (22.581, 55.643, 33.219)
                                                                                    (24.412, 17.56, 38.175)

              4           A 43           A 46              2        47.9613         (24.412, 17.56, 38.175)
                                                                                    (20.355, 19.096, 29.486)

              5           A 46           A 56             11        420.934         (20.355, 19.096, 29.486)
                                                                                    (10.196, 29.882, 41.111)

              6           A 56           A 68             13        480.093         (10.196, 29.882, 41.111)         (23.4058, 48.0888, 56.7544)
                                                                                    (32.549, 49.048, 34.588)

              7           A 68           A 83             16        620.103         (32.549, 49.048, 34.588)         (36.4123, 28.9479, 48.1436)
                                                                                    (10.779, 17.59, 47.394)

              8           A 83           A 95             13        473.128         (10.779, 17.59, 47.394)
                                                                                    (36.881, 43.516, 43.453)

              9           A 95          A 110             16        605.433         (36.881, 43.516, 43.453)         (17.8916, 39.2392, 53.7849)
                                                                                    (8.314, 16.747, 34.456)

             10          A 110          A 130             21        837.404         (8.314, 16.747, 34.456)
                                                                                    (30.179, 17.372, 50.136)

             11          A 130          A 132              3        93.8856         (30.179, 17.372, 50.136)
                                                                                    (24.121, 15.023, 53.234)

