Using structure file: /home/pkas7/Research/SCOP/pdbstyle-1.75B/cz/d2czvc1.ent
Number of residues: 118
Doing a BEZIER segmentation ...

Bounding box volume: 37540.5
Null Model Fit: 5275.94 bits.
Bits per residue: 45.0935

Bezier model fit: 4801.08 bits.
Bits per residue: 41.0349

# of segments: 9
Internal segmentation:
0-->9-->23-->27-->44-->61-->70-->89-->102-->117

CPU time used: 6.42 secs.
Wall clock time elapsed: 6 secs.

        SEGMENT          START            END   NUM_RESIDUES MESSAGE_LENGTH                    END_POINTS        INTERMEDIATE_CONTROL_POINTS
              1            C 3           C 12             10        386.049         (-27.437, 11.281, 33.262)
                                                                                    (-15.458, 2.446, 19.594)

              2           C 12           C 26             15        551.149         (-15.458, 2.446, 19.594)         (-14.2835, 19.0883, 3.10355)
                                                                                    (-34.432, 31.194, -5.875)

              3           C 26           C 30              5         177.45         (-34.432, 31.194, -5.875)
                                                                                    (-34.917, 27.54, 7.25)

              4           C 30           C 47             18         685.35         (-34.917, 27.54, 7.25)
                                                                                    (-33.704, 3.361, 3.176)

              5           C 47           C 64             18        700.594         (-33.704, 3.361, 3.176)         (-21.2152, 2.49495, 16.0709)
                                                                                    (-28.282, 33.959, 5.014)

              6           C 64           C 73             10        366.967         (-28.282, 33.959, 5.014)
                                                                                    (-20.146, 8.099, 8.66)

              7           C 73           C 92             20        774.519         (-20.146, 8.099, 8.66)         (-20.7662, 7.8329, -7.95585)
                                                                                    (-42.366, 23.836, -3.76)

              8           C 92          C 105             14        524.842         (-42.366, 23.836, -3.76)         (-16.4304, 21.0091, -10.2029)
                                                                                    (-13.464, 17.984, 11.806)

              9          C 105          C 120             16        634.164         (-13.464, 17.984, 11.806)         (-13.6311, 31.2628, -2.1914)
                                                                                    (-16.83, 31.61, 12.753)

