Using structure file: /home/pkas7/Research/SCOP/pdbstyle-1.75B/d1/d2d1ha1.ent
Number of residues: 102
Doing a BEZIER segmentation ...

Bounding box volume: 40089.8
Null Model Fit: 4564.02 bits.
Bits per residue: 45.1883

Bezier model fit: 4154.09 bits.
Bits per residue: 41.1296

# of segments: 6
Internal segmentation:
0-->4-->33-->62-->71-->80-->101

CPU time used: 5.35 secs.
Wall clock time elapsed: 5 secs.

        SEGMENT          START            END   NUM_RESIDUES MESSAGE_LENGTH                    END_POINTS        INTERMEDIATE_CONTROL_POINTS
              1            A 1            A 5              5        184.705         (13.31, 32.551, 83.769)
                                                                                    (19.497, 35.618, 85.118)

              2            A 5           A 34             30        1192.59         (19.497, 35.618, 85.118)         (13.3043, 40.0387, 116.204)
                                                                                    (26.515, 22.969, 86.933)

              3           A 34           A 63             30         1200.1         (26.515, 22.969, 86.933)         (43.3171, 26.5397, 118.058)
                                                                                    (12.766, 24.331, 99.751)

              4           A 63           A 79             10        379.694         (12.766, 24.331, 99.751)
                                                                                    (31.121, 7.693, 102.336)

              5           A 79           A 88             10         372.64         (31.121, 7.693, 102.336)         (25.1345, 22.2165, 94.6644)
                                                                                    (13.189, 21.671, 87.738)

              6           A 88          A 109             22        824.353         (13.189, 21.671, 87.738)
                                                                                    (-6.412, 44.219, 100.196)

