Using structure file: /home/pkas7/Research/SCOP/pdbstyle-1.75B/d4/d2d4ca1.ent
Number of residues: 220
Doing a BEZIER segmentation ...

Bounding box volume: 56175.5
Null Model Fit: 10002.8 bits.
Bits per residue: 45.675

Bezier model fit: 8678.19 bits.
Bits per residue: 39.6264

# of segments: 11
Internal segmentation:
0-->20-->48-->56-->60-->89-->118-->146-->160-->189-->218-->219

CPU time used: 12.69 secs.
Wall clock time elapsed: 12 secs.

        SEGMENT          START            END   NUM_RESIDUES MESSAGE_LENGTH                    END_POINTS        INTERMEDIATE_CONTROL_POINTS
              1           A 11           A 31             21        804.665         (3.914, 72.386, 17.619)
                                                                                    (5.685, 44.311, 20.762)

              2           A 31           A 59             29        1083.17         (5.685, 44.311, 20.762)         (3.09025, 24.2687, 15.6726)
                                                                                    (0.836, 2.912, 15.127)

              3           A 59           A 67              9        346.121         (0.836, 2.912, 15.127)         (10.6472, -1.28394, 8.61827)
                                                                                    (-3.874, 5.497, 6.878)

              4           A 67           A 88              5        185.824         (-3.874, 5.497, 6.878)
                                                                                    (-3.869, -4.236, 14.468)

              5           A 88          A 117             30        1177.07         (-3.869, -4.236, 14.468)         (-7.70855, -41.7255, 20.2174)
                                                                                    (-7.976, -15.571, 25.213)

              6          A 117          A 146             30        1123.65         (-7.976, -15.571, 25.213)         (-12.8013, 4.4823, 15.8007)
                                                                                    (-5.518, 24.382, 12.786)

              7          A 146          A 174             29        1071.46         (-5.518, 24.382, 12.786)
                                                                                    (8.953, 61.695, 7.515)

              8          A 174          A 188             15        597.122         (8.953, 61.695, 7.515)         (4.97773, 77.259, 9.21291)
                                                                                    (-6.528, 62.871, 12.939)

              9          A 188          A 217             30         1116.9         (-6.528, 62.871, 12.939)
                                                                                    (-9.999, 20.967, 24.857)

             10          A 217          A 246             30        1123.49         (-9.999, 20.967, 24.857)         (-9.48304, -0.672486, 25.9327)
                                                                                    (-12.322, -21.182, 36.604)

             11          A 246          A 247              2        48.7121         (-12.322, -21.182, 36.604)
                                                                                    (-10.894, -23.425, 33.877)

