Using structure file: /home/pkas7/Research/SCOP/pdbstyle-1.75B/da/d2dasa1.ent
Number of residues: 49
Doing a BEZIER segmentation ...

Bounding box volume: 18616
Null Model Fit: 2115.92 bits.
Bits per residue: 44.0816

Bezier model fit: 2021.18 bits.
Bits per residue: 42.1079

# of segments: 5
Internal segmentation:
0-->5-->17-->25-->33-->48

CPU time used: 1.86 secs.
Wall clock time elapsed: 1 secs.

        SEGMENT          START            END   NUM_RESIDUES MESSAGE_LENGTH                    END_POINTS        INTERMEDIATE_CONTROL_POINTS
              1            A 8           A 13              6        213.705         (-24.346, 11.003, 5.088)
                                                                                    (-7.986, 11.089, 8.354)

              2           A 13           A 25             13        501.223         (-7.986, 11.089, 8.354)         (11.3655, 8.47609, -7.04266)
                                                                                    (-1.78, -10.323, 0.349)

              3           A 25           A 33              9        337.271         (-1.78, -10.323, 0.349)         (9.7263, -4.08888, 5.8117)
                                                                                    (12.499, -3.414, -9.575)

              4           A 33           A 41              9        334.421         (12.499, -3.414, -9.575)         (1.11184, -13.5555, -9.81019)
                                                                                    (-9.647, -3.775, -13.873)

              5           A 41           A 56             16         634.56         (-9.647, -3.775, -13.873)         (12.586, -15.8895, -1.09542)
                                                                                    (-9.191, -13.895, -4.014)

