Using structure file: /home/pkas7/Research/SCOP/pdbstyle-1.75B/dm/d2dmca1.ent
Number of residues: 103
Doing a BEZIER segmentation ...

Bounding box volume: 46397.6
Null Model Fit: 4630.71 bits.
Bits per residue: 45.3991

Bezier model fit: 4239.19 bits.
Bits per residue: 41.5607

# of segments: 11
Internal segmentation:
0-->10-->22-->23-->37-->47-->60-->61-->72-->82-->101-->102

CPU time used: 5.49 secs.
Wall clock time elapsed: 5 secs.

        SEGMENT          START            END   NUM_RESIDUES MESSAGE_LENGTH                    END_POINTS        INTERMEDIATE_CONTROL_POINTS
              1            A 8           A 18             11        420.705         (12.323, -9.657, -15.757)         (-3.07846, -24.2006, -27.014)
                                                                                    (-4.188, -16.169, -8.619)

              2           A 18           A 30             13          505.2         (-4.188, -16.169, -8.619)         (-20.6431, 1.15965, -9.03642)
                                                                                    (5.634, -7.738, 3.414)

              3           A 30           A 31              2        48.4362         (5.634, -7.738, 3.414)
                                                                                    (6.756, -5.34, 0.693)

              4           A 31           A 45             15        578.013         (6.756, -5.34, 0.693)         (-14.6603, 18.9816, -10.6247)
                                                                                    (6.779, 17.381, 4.628)

              5           A 45           A 55             11         401.36         (6.779, 17.381, 4.628)
                                                                                    (-4.776, -5.713, 14.684)

              6           A 55           A 68             14         523.58         (-4.776, -5.713, 14.684)         (13.5057, 7.86013, 10.293)
                                                                                    (2.647, 13.038, -13.401)

              7           A 68           A 69              2        48.4362         (2.647, 13.038, -13.401)
                                                                                    (1.746, 15.575, -10.713)

              8           A 69           A 80             12         462.67         (1.746, 15.575, -10.713)         (8.78542, 0.547536, 8.03571)
                                                                                    (-4.309, -7.891, 5.586)

              9           A 80           A 90             11        413.833         (-4.309, -7.891, 5.586)
                                                                                    (1.46, 20.057, 11.466)

             10           A 90          A 109             20        788.525         (1.46, 20.057, 11.466)         (-18.2159, 8.16576, -0.282384)
                                                                                    (2.885, -18.334, 1.675)

             11          A 109          A 110              2        48.4362         (2.885, -18.334, 1.675)
                                                                                    (4.518, -17.447, 4.986)

