Using structure file: /home/pkas7/Research/SCOP/pdbstyle-1.75B/dp/d2dpwa1.ent
Number of residues: 231
Doing a BEZIER segmentation ...

Bounding box volume: 65265.8
Null Model Fit: 10555 bits.
Bits per residue: 45.8914

Bezier model fit: 9540.73 bits.
Bits per residue: 41.4814

# of segments: 15
Internal segmentation:
0-->18-->45-->58-->70-->81-->90-->111-->128-->138-->151-->170-->190-->206-->224-->230

CPU time used: 14.05 secs.
Wall clock time elapsed: 14 secs.

        SEGMENT          START            END   NUM_RESIDUES MESSAGE_LENGTH                    END_POINTS        INTERMEDIATE_CONTROL_POINTS
              1            A 1           A 19             19        739.623         (23.004, 4.818, 105.31)         (-2.68122, 32.1509, 95.4697)
                                                                                    (10.855, 30.289, 80.507)

              2           A 19           A 46             28        1119.37         (10.855, 30.289, 80.507)
                                                                                    (25.639, 13.104, 102.436)

              3           A 46           A 59             14        546.834         (25.639, 13.104, 102.436)         (-4.23576, 17.6463, 88.9167)
                                                                                    (20.249, 15.777, 87.474)

              4           A 59           A 71             13        513.726         (20.249, 15.777, 87.474)         (8.18036, 4.01406, 94.5293)
                                                                                    (0.542, 22.921, 98.772)

              5           A 71           A 82             12        456.153         (0.542, 22.921, 98.772)
                                                                                    (8.567, 8.073, 102.412)

              6           A 82           A 91             10        375.271         (8.567, 8.073, 102.412)         (20.1122, 11.3215, 118.105)
                                                                                    (12.479, 24.535, 98.847)

              7           A 91          A 112             22        871.419         (12.479, 24.535, 98.847)         (39.5476, 25.938, 99.5028)
                                                                                    (14.684, 19.19, 118.881)

              8          A 112          A 129             18        711.068         (14.684, 19.19, 118.881)
                                                                                    (24.16, 43.217, 99.465)

              9          A 129          A 139             11        410.338         (24.16, 43.217, 99.465)         (6.19868, 39.8821, 100.189)
                                                                                    (17.248, 41.246, 121.51)

             10          A 139          A 152             14        531.492         (17.248, 41.246, 121.51)         (17.1466, 36.4018, 96.2296)
                                                                                    (12.411, 14.752, 113.484)

             11          A 152          A 171             20        758.843         (12.411, 14.752, 113.484)         (-5.49489, 14.3722, 117.584)
                                                                                    (-2.278, 34.459, 104.455)

             12          A 171          A 191             21        828.984         (-2.278, 34.459, 104.455)         (-6.32115, 36.4779, 127.314)
                                                                                    (12.562, 44.284, 118.822)

             13          A 191          A 207             17        666.029         (12.562, 44.284, 118.822)
                                                                                    (3.456, 20.963, 121.752)

             14          A 207          A 225             19        742.458         (3.456, 20.963, 121.752)         (37.5891, 31.9914, 111.046)
                                                                                    (12.077, 35.361, 92.747)

             15          A 225          A 231              7        269.123         (12.077, 35.361, 92.747)
                                                                                    (21.85, 37.15, 86.869)

