Using structure file: /home/pkas7/Research/SCOP/pdbstyle-1.75B/dt/d2dtge1.ent
Number of residues: 102
Doing a BEZIER segmentation ...

Bounding box volume: 27047.7
Null Model Fit: 4506.68 bits.
Bits per residue: 44.6206

Bezier model fit: 4128.56 bits.
Bits per residue: 40.8768

# of segments: 9
Internal segmentation:
0-->15-->32-->43-->54-->72-->83-->84-->99-->101

CPU time used: 5.74 secs.
Wall clock time elapsed: 5 secs.

        SEGMENT          START            END   NUM_RESIDUES MESSAGE_LENGTH                    END_POINTS        INTERMEDIATE_CONTROL_POINTS
              1          E 808          E 823             16        597.608         (-37.497, 140.89, 30.815)         (-53.0823, 161.496, 27.2459)
                                                                                    (-66.215, 172.86, 40.24)

              2          E 823          E 840             18        704.056         (-66.215, 172.86, 40.24)
                                                                                    (-44.552, 137.564, 38.266)

              3          E 840          E 851             12        445.904         (-44.552, 137.564, 38.266)         (-48.3171, 152.968, 45.2471)
                                                                                    (-42.934, 172.268, 38.58)

              4          E 851          E 862             12        446.917         (-42.934, 172.268, 38.58)
                                                                                    (-49.233, 144.715, 50.956)

              5          E 862          E 880             19        763.091         (-49.233, 144.715, 50.956)         (-63.2007, 151.829, 40.9433)
                                                                                    (-49.63, 175.748, 37.951)

              6          E 880          E 891             12        432.122         (-49.63, 175.748, 37.951)         (-43.8539, 159.075, 32.5398)
                                                                                    (-41.445, 141.458, 41.704)

              7          E 891          E 892              2        47.6576         (-41.445, 141.458, 41.704)
                                                                                    (-37.752, 142.274, 41.51)

              8          E 892          E 907             16        597.927         (-37.752, 142.274, 41.51)         (-42.3882, 162.397, 23.2304)
                                                                                    (-57.433, 181.936, 39.023)

              9          E 907          E 909              3        93.2782         (-57.433, 181.936, 39.023)
                                                                                    (-56.208, 188.727, 38.25)

