Using structure file: /home/pkas7/Research/SCOP/pdbstyle-1.75B/dy/d2dyrb2.ent
Number of residues: 89
Doing a BEZIER segmentation ...

Bounding box volume: 39858.3
Null Model Fit: 3975.84 bits.
Bits per residue: 45.1799

Bezier model fit: 3524.98 bits.
Bits per residue: 40.0566

# of segments: 6
Internal segmentation:
0-->1-->5-->18-->47-->59-->88

CPU time used: 4.38 secs.
Wall clock time elapsed: 4 secs.

        SEGMENT          START            END   NUM_RESIDUES MESSAGE_LENGTH                    END_POINTS        INTERMEDIATE_CONTROL_POINTS
              1            B 2            B 3              2         48.217         (45.549, 295.967, 171.69)
                                                                                    (42.049, 294.473, 171.776)

              2            B 3            B 7              5        179.826         (42.049, 294.473, 171.776)
                                                                                    (45.518, 290.755, 179.715)

              3            B 7           B 20             14        546.887         (45.518, 290.755, 179.715)         (61.2693, 288.811, 156.718)
                                                                                    (60.302, 288.272, 174.869)

              4           B 20           B 49             30        1115.05         (60.302, 288.272, 174.869)
                                                                                    (47.644, 278.834, 218.778)

              5           B 49           B 61             13        502.884         (47.644, 278.834, 218.778)         (71.8671, 285.654, 225.647)
                                                                                    (68.022, 279.473, 207.7)

              6           B 61           B 90             30        1132.11         (68.022, 279.473, 207.7)         (65.3948, 283.469, 186.426)
                                                                                    (74.938, 292.454, 163.674)

