Using structure file: /home/pkas7/Research/SCOP/pdbstyle-1.75B/dy/d2dy1a3.ent
Number of residues: 115
Doing a BEZIER segmentation ...

Bounding box volume: 36500.7
Null Model Fit: 5136.04 bits.
Bits per residue: 45.053

Bezier model fit: 4626.45 bits.
Bits per residue: 40.5829

# of segments: 10
Internal segmentation:
0-->20-->21-->36-->47-->71-->72-->84-->94-->113-->114

CPU time used: 6.13 secs.
Wall clock time elapsed: 6 secs.

        SEGMENT          START            END   NUM_RESIDUES MESSAGE_LENGTH                    END_POINTS        INTERMEDIATE_CONTROL_POINTS
              1          A 455          A 475             21        790.574         (-17.068, 24.988, 29.835)         (-39.8427, 34.4879, 63.0008)
                                                                                    (-42.718, -7.888, 36.691)

              2          A 475          A 476              2        48.0901         (-42.718, -7.888, 36.691)
                                                                                    (-42.541, -9.555, 40.077)

              3          A 476          A 491             16        597.601         (-42.541, -9.555, 40.077)         (-39.5086, 17.1876, 54.8407)
                                                                                    (-17.705, 27.483, 48.083)

              4          A 491          A 502             12        453.262         (-17.705, 27.483, 48.083)
                                                                                    (-31.941, 4.553, 60.625)

              5          A 502          A 526             25        970.373         (-31.941, 4.553, 60.625)         (-19.7218, 3.38978, 42.4878)
                                                                                    (-28.851, 25.612, 30.975)

              6          A 526          A 527              2        48.0901         (-28.851, 25.612, 30.975)
                                                                                    (-27.669, 22.019, 31.345)

              7          A 527          A 539             13        488.177         (-27.669, 22.019, 31.345)         (-13.7065, 26.5233, 48.9722)
                                                                                    (-34.765, 12.254, 55.885)

              8          A 539          A 549             11         426.54         (-34.765, 12.254, 55.885)         (-44.529, -11.548, 51.5243)
                                                                                    (-29.222, 1.273, 44.819)

              9          A 549          A 568             20        755.656         (-29.222, 1.273, 44.819)
                                                                                    (-32.116, 30.269, 42.468)

             10          A 568          A 569              2        48.0901         (-32.116, 30.269, 42.468)
                                                                                    (-29.631, 28.783, 39.968)

