Using structure file: /home/pkas7/Research/SCOP/pdbstyle-1.75B/e7/d2e7ga1.ent
Number of residues: 116
Doing a BEZIER segmentation ...

Bounding box volume: 61743.4
Null Model Fit: 5268.31 bits.
Bits per residue: 45.8114

Bezier model fit: 4670.1 bits.
Bits per residue: 40.6095

# of segments: 9
Internal segmentation:
0-->25-->33-->46-->48-->59-->86-->88-->98-->115

CPU time used: 6.01 secs.
Wall clock time elapsed: 6 secs.

        SEGMENT          START            END   NUM_RESIDUES MESSAGE_LENGTH                    END_POINTS        INTERMEDIATE_CONTROL_POINTS
              1           A 86          A 111             26        983.638         (17.867, -20.594, 1.63)         (7.42758, -6.82361, 11.4282)
                                                                                    (0.03, 13.409, 12.94)

              2          A 111          A 119              9        354.994         (0.03, 13.409, 12.94)
                                                                                    (-7.445, 12.484, 13.151)

              3          A 119          A 132             14        526.069         (-7.445, 12.484, 13.151)         (-4.74996, -9.80148, 16.1505)
                                                                                    (7.602, -13.062, -4.307)

              4          A 132          A 134              3        95.6598         (7.602, -13.062, -4.307)
                                                                                    (6.487, -7.976, -5.001)

              5          A 134          A 145             12        446.659         (6.487, -7.976, -5.001)         (-4.77022, -3.28363, 14.5671)
                                                                                    (-19.89, 0.983, 7.757)

              6          A 145          A 172             28        1064.62         (-19.89, 0.983, 7.757)         (-3.49823, 16.1655, -4.51127)
                                                                                    (18.471, -1.14, 6.17)

              7          A 172          A 174              3        95.6598         (18.471, -1.14, 6.17)
                                                                                    (16.707, -3.607, 0.755)

              8          A 174          A 184             11         405.09         (16.707, -3.607, 0.755)         (-0.789852, 2.66877, -6.06775)
                                                                                    (-10.464, -7.034, 6.692)

              9          A 184          A 201             18        697.711         (-10.464, -7.034, 6.692)         (-29.1923, -15.3237, -13.5367)
                                                                                    (-31.172, -41.547, -5.785)

