Using structure file: /home/pkas7/Research/SCOP/pdbstyle-1.75B/ej/d2ej5a_.ent
Number of residues: 250
Doing a BEZIER segmentation ...

Bounding box volume: 85083.9
Null Model Fit: 11522.2 bits.
Bits per residue: 46.274

Bezier model fit: 10284.9 bits.
Bits per residue: 41.3047

# of segments: 15
Internal segmentation:
0-->2-->10-->22-->45-->66-->86-->99-->115-->127-->152-->165-->192-->212-->241-->249

CPU time used: 14.76 secs.
Wall clock time elapsed: 14 secs.

        SEGMENT          START            END   NUM_RESIDUES MESSAGE_LENGTH                    END_POINTS        INTERMEDIATE_CONTROL_POINTS
              1            A 3            A 5              3         96.585         (-35.446, 24.199, 28.469)
                                                                                    (-39.15, 20.428, 31.792)

              2            A 5           A 13              9        332.077         (-39.15, 20.428, 31.792)
                                                                                    (-21.683, 12.907, 19.476)

              3           A 13           A 25             13        498.656         (-21.683, 12.907, 19.476)
                                                                                    (-43.711, 9.565, 39.247)

              4           A 25           A 48             24        943.062         (-43.711, 9.565, 39.247)         (-51.3647, 18.9896, 21.0347)
                                                                                    (-28.571, 16.442, 10.191)

              5           A 48           A 76             22        886.232         (-28.571, 16.442, 10.191)         (-29.2878, -4.58988, 46.9714)
                                                                                    (-62.65, 11.682, 28.245)

              6           A 76           A 96             21        805.037         (-62.65, 11.682, 28.245)
                                                                                    (-36.665, 7.983, 9.864)

              7           A 96          A 109             14        537.147         (-36.665, 7.983, 9.864)         (-25.3233, -2.36638, 36.1548)
                                                                                    (-49.047, 0.803, 30.364)

              8          A 109          A 125             17         666.87         (-49.047, 0.803, 30.364)         (-39.4651, 4.8424, 8.60751)
                                                                                    (-31.572, -7.064, 33.647)

              9          A 125          A 137             13        495.279         (-31.572, -7.064, 33.647)
                                                                                    (-60.607, -2.077, 32.976)

             10          A 137          A 162             26        1047.26         (-60.607, -2.077, 32.976)         (-37.1788, -7.88075, 3.58412)
                                                                                    (-56.075, -9.854, 28.265)

             11          A 162          A 175             14        547.078         (-56.075, -9.854, 28.265)         (-31.0026, -9.26283, 38.0639)
                                                                                    (-41.029, -13.559, 23.534)

             12          A 175          A 202             28        1105.27         (-41.029, -13.559, 23.534)         (-14.2721, 4.11333, 42.1734)
                                                                                    (-25.656, 4.841, 6.704)

             13          A 202          A 222             21        830.764         (-25.656, 4.841, 6.704)         (-46.4811, 2.74099, 12.401)
                                                                                    (-47.157, -5.205, -6.499)

             14          A 222          A 251             30        1151.66         (-47.157, -5.205, -6.499)         (-27.3031, 17.0562, -2.99279)
                                                                                    (-10.591, -4.172, 1.428)

             15          A 251          A 259              9        341.887         (-10.591, -4.172, 1.428)         (-17.0264, 6.70605, 11.912)
                                                                                    (-26.1, 11.323, 3.567)

