Using structure file: /home/pkas7/Research/SCOP/pdbstyle-1.75B/el/d2elca2.ent
Number of residues: 264
Doing a BEZIER segmentation ...

Bounding box volume: 67737.7
Null Model Fit: 12083.5 bits.
Bits per residue: 45.945

Bezier model fit: 10869 bits.
Bits per residue: 41.327

# of segments: 15
Internal segmentation:
0-->16-->35-->45-->59-->77-->92-->117-->143-->168-->193-->211-->229-->233-->261-->263

CPU time used: 15.8 secs.
Wall clock time elapsed: 15 secs.

        SEGMENT          START            END   NUM_RESIDUES MESSAGE_LENGTH                    END_POINTS        INTERMEDIATE_CONTROL_POINTS
              1           A 66           A 82             17        665.289         (139.019, -27.489, 44.712)         (166.795, -39.7915, 41.3286)
                                                                                    (123.599, -39.639, 22.459)         (125.088, -35.8806, 29.6417)

              2           A 82          A 101             20        784.159         (123.599, -39.639, 22.459)         (130.13, -51.6004, 36.9459)
                                                                                    (147.927, -45.726, 39.835)

              3          A 101          A 111             11        407.404         (147.927, -45.726, 39.835)         (137.838, -31.0859, 38.9365)
                                                                                    (120.198, -38.733, 34.822)

              4          A 111          A 125             15        586.824         (120.198, -38.733, 34.822)
                                                                                    (127.03, -48.356, 45.032)

              5          A 125          A 143             19        743.453         (127.03, -48.356, 45.032)         (134.605, -19.9438, 53.3355)
                                                                                    (143.1, -42.764, 47.522)

              6          A 143          A 158             16         625.53         (143.1, -42.764, 47.522)
                                                                                    (120.851, -23.162, 39.173)

              7          A 158          A 183             26        1027.24         (120.851, -23.162, 39.173)         (111.604, -29.4081, 11.4559)
                                                                                    (139.368, -30.404, 40.064)

              8          A 183          A 209             27        1076.96         (139.368, -30.404, 40.064)         (125.989, -41.0697, 2.51694)
                                                                                    (145.679, -26.649, 28.328)

              9          A 209          A 234             26        1052.64         (145.679, -26.649, 28.328)         (114.897, -63.9389, 14.2909)
                                                                                    (148.581, -32.893, 19.764)

             10          A 234          A 259             26        1044.16         (148.581, -32.893, 19.764)         (140.596, -69.1721, 8.08629)
                                                                                    (117.638, -49.964, 34.672)

             11          A 259          A 277             19        752.357         (117.638, -49.964, 34.672)         (135.668, -55.3119, 48.129)
                                                                                    (132.087, -60.357, 28.153)

             12          A 277          A 295             19        720.722         (132.087, -60.357, 28.153)
                                                                                    (150.842, -40.752, 30.065)

             13          A 295          A 299              5          185.7         (150.842, -40.752, 30.065)
                                                                                    (150.449, -46.613, 23.81)

             14          A 299          A 327             29        1100.65         (150.449, -46.613, 23.81)         (139.519, -66.6071, 39.771)
                                                                                    (133.353, -40.566, 52.416)

             15          A 327          A 329              3        95.9271         (133.353, -40.566, 52.416)
                                                                                    (134.171, -41.66, 57.609)

