Using structure file: /home/pkas7/Research/SCOP/pdbstyle-1.75B/en/d2enga_.ent
Number of residues: 205
Doing a BEZIER segmentation ...

Bounding box volume: 54196.2
Null Model Fit: 9307.14 bits.
Bits per residue: 45.6233

Bezier model fit: 8537.17 bits.
Bits per residue: 41.8489

# of segments: 15
Internal segmentation:
0-->11-->33-->47-->66-->77-->96-->109-->111-->125-->141-->154-->172-->185-->190-->204

CPU time used: 12.48 secs.
Wall clock time elapsed: 12 secs.

        SEGMENT          START            END   NUM_RESIDUES MESSAGE_LENGTH                    END_POINTS        INTERMEDIATE_CONTROL_POINTS
              1            A 1           A 12             12        450.382         (-21.375, 15.69, 25.301)         (0.47494, 27.3507, 20.9251)
                                                                                    (-1.361, 28.249, 41.148)

              2           A 12           A 34             23         919.72         (-1.361, 28.249, 41.148)         (-31.5956, 10.0095, 55.0914)
                                                                                    (10.24, 22.819, 45.894)

              3           A 34           A 48             15        588.686         (10.24, 22.819, 45.894)         (-9.00695, 16.2911, 59.3463)
                                                                                    (-1.766, 35.768, 46.08)

              4           A 48           A 67             20        789.046         (-1.766, 35.768, 46.08)         (7.65726, 15.9448, 46.2324)
                                                                                    (-3.563, 5.871, 21.321)

              5           A 67           A 78             12        445.533         (-3.563, 5.871, 21.321)         (-0.459557, 20.3802, 41.9517)
                                                                                    (-22.517, 23.472, 31.317)

              6           A 78           A 97             20        804.918         (-22.517, 23.472, 31.317)         (-16.14, 8.73828, 52.6646)
                                                                                    (-6.5, 17.979, 14.615)

              7           A 97          A 110             14        544.959         (-6.5, 17.979, 14.615)         (-8.46395, -1.01123, 24.4802)
                                                                                    (-9.662, 23.076, 39.151)

              8          A 110          A 117              3        95.2836         (-9.662, 23.076, 39.151)
                                                                                    (-19.805, 26.19, 28.122)

              9          A 117          A 131             15        588.974         (-19.805, 26.19, 28.122)         (11.1169, 13.5068, 28.8063)
                                                                                    (-3.897, 35.556, 33.563)

             10          A 131          A 147             17        673.311         (-3.897, 35.556, 33.563)         (21.7874, 27.2742, 46.8908)
                                                                                    (-0.42, 33.782, 26.388)

             11          A 147          A 160             14        547.617         (-0.42, 33.782, 26.388)         (15.9163, 18.763, 13.9905)
                                                                                    (12.811, 22.382, 35.964)

             12          A 160          A 178             19        756.211         (12.811, 22.382, 35.964)         (5.96913, 7.34608, 24.4422)
                                                                                    (-3.902, 23.343, 18.698)

             13          A 178          A 191             14        524.413         (-3.902, 23.343, 18.698)         (-28.9741, 11.0467, 26.2461)
                                                                                    (-6.431, 4.432, 40.568)

             14          A 191          A 196              6        225.624         (-6.431, 4.432, 40.568)
                                                                                    (-1.439, 11.578, 42.371)

             15          A 196          A 210             15        582.495         (-1.439, 11.578, 42.371)         (-30.0234, 10.3962, 51.4972)
                                                                                    (-12.519, 2.47, 31.558)

