Using structure file: /home/pkas7/Research/SCOP/pdbstyle-1.75B/er/d2erfa_.ent
Number of residues: 209
Doing a BEZIER segmentation ...

Bounding box volume: 54691.1
Null Model Fit: 9492.37 bits.
Bits per residue: 45.6364

Bezier model fit: 8604.26 bits.
Bits per residue: 41.3667

# of segments: 16
Internal segmentation:
0-->19-->29-->38-->61-->74-->86-->101-->110-->111-->126-->137-->146-->156-->181-->192-->208

CPU time used: 12.6 secs.
Wall clock time elapsed: 12 secs.

        SEGMENT          START            END   NUM_RESIDUES MESSAGE_LENGTH                    END_POINTS        INTERMEDIATE_CONTROL_POINTS
              1            A 7           A 26             20         789.91         (39.317, -17.298, 18.555)
                                                                                    (32.47, 13.563, 28.68)

              2           A 26           A 36             11        432.175         (32.47, 13.563, 28.68)
                                                                                    (19.075, -3.093, 22.724)

              3           A 36           A 45             10        372.271         (19.075, -3.093, 22.724)
                                                                                    (33.485, 16.023, 21.426)

              4           A 45           A 68             24        933.148         (33.485, 16.023, 21.426)         (51.9399, -7.5223, 33.2651)
                                                                                    (47.944, -10.821, 9.895)

              5           A 68           A 81             14        520.688         (47.944, -10.821, 9.895)         (20.2574, -1.84624, 19.9062)
                                                                                    (27.856, 14.266, 3.495)

              6           A 81           A 93             13        501.337         (27.856, 14.266, 3.495)         (40.0982, -0.748427, 16.0829)
                                                                                    (53.969, 12.912, 20.312)

              7           A 93          A 108             16        632.428         (53.969, 12.912, 20.312)
                                                                                    (30.861, 7.69, -0.752)

              8          A 108          A 117             10        368.666         (30.861, 7.69, -0.752)         (42.1517, 1.40463, 8.05995)
                                                                                    (58.324, 4.225, 7.035)

              9          A 117          A 118              2        48.6734         (58.324, 4.225, 7.035)
                                                                                    (57.308, 7.93, 6.706)

             10          A 118          A 133             16        606.895         (57.308, 7.93, 6.706)         (32.3541, -3.16459, -10.12)
                                                                                    (21.6, 9.566, 8.533)

             11          A 133          A 144             12        433.439         (21.6, 9.566, 8.533)         (25.8872, -8.84621, 11.4566)
                                                                                    (47.418, -9.15, 4.576)

             12          A 144          A 153             10        377.917         (47.418, -9.15, 4.576)
                                                                                    (23.534, -8.16, 4.761)

             13          A 153          A 163             11        409.806         (23.534, -8.16, 4.761)         (35.5676, -2.68844, -7.9071)
                                                                                    (51.321, -2.669, 2.238)

             14          A 163          A 188             26        1042.83         (51.321, -2.669, 2.238)         (54.7255, -1.63093, 34.3151)
                                                                                    (37.314, 14.546, 10.451)

             15          A 188          A 199             12        455.404         (37.314, 14.546, 10.451)         (17.104, 7.87177, 20.2886)
                                                                                    (37.63, -6.202, 16.688)

             16          A 199          A 215             17        678.684         (37.63, -6.202, 16.688)         (30.9246, -26.2889, 4.3518)
                                                                                    (23.302, -5.707, 13.497)

