Using structure file: /home/pkas7/Research/SCOP/pdbstyle-1.75B/et/d2et1a_.ent
Number of residues: 201
Doing a BEZIER segmentation ...

Bounding box volume: 97363.4
Null Model Fit: 9293.69 bits.
Bits per residue: 46.4684

Bezier model fit: 8310.05 bits.
Bits per residue: 41.5502

# of segments: 14
Internal segmentation:
0-->14-->29-->48-->68-->80-->91-->100-->112-->125-->143-->154-->163-->183-->200

CPU time used: 12.03 secs.
Wall clock time elapsed: 12 secs.

        SEGMENT          START            END   NUM_RESIDUES MESSAGE_LENGTH                    END_POINTS        INTERMEDIATE_CONTROL_POINTS
              1            A 1           A 15             15        592.047         (5.501, 3.461, 52.78)         (6.05197, -20.8459, 43.2464)
                                                                                    (12.023, 3.4, 28.121)

              2           A 15           A 30             16        643.033         (12.023, 3.4, 28.121)         (-3.25406, 11.0434, 42.0769)
                                                                                    (11.772, -13.16, 29.474)

              3           A 30           A 49             20        780.806         (11.772, -13.16, 29.474)         (29.5692, -10.1421, 46.3218)
                                                                                    (34.643, 19.381, 43.196)

              4           A 49           A 69             21          849.2         (34.643, 19.381, 43.196)
                                                                                    (8.308, -2.815, 43.717)

              5           A 69           A 81             13        480.615         (8.308, -2.815, 43.717)
                                                                                    (37.424, 18.338, 53.671)

              6           A 81           A 92             12        454.998         (37.424, 18.338, 53.671)         (19.9415, 24.8588, 54.3085)
                                                                                    (8.805, 9.494, 50.977)

              7           A 92          A 101             10        370.478         (8.805, 9.494, 50.977)         (20.7034, 1.83343, 61.5308)
                                                                                    (35.677, 6.553, 56.195)

              8          A 101          A 113             13        495.242         (35.677, 6.553, 56.195)
                                                                                    (5.855, 19.702, 68.109)

              9          A 113          A 126             14        536.044         (5.855, 19.702, 68.109)         (27.6049, 23.538, 68.8064)
                                                                                    (31.477, 1.756, 61.139)

             10          A 126          A 144             19        744.688         (31.477, 1.756, 61.139)         (-5.19986, 19.7172, 57.8363)
                                                                                    (41.183, 16.586, 57.327)

             11          A 144          A 155             12        449.226         (41.183, 16.586, 57.327)         (28.7808, 2.56193, 52.5545)
                                                                                    (11.605, 3.485, 49.314)

             12          A 155          A 164             10        371.669         (11.605, 3.485, 49.314)
                                                                                    (18.982, 26.006, 50.094)

             13          A 164          A 184             21        827.151         (18.982, 26.006, 50.094)         (5.83272, 33.5364, 33.8546)
                                                                                    (12.602, 38.789, 58.008)

             14          A 184          A 201             18        714.853         (12.602, 38.789, 58.008)         (24.0768, 43.6165, 41.7284)
                                                                                    (23.065, 23.504, 41.531)

