Using structure file: /home/pkas7/Research/SCOP/pdbstyle-1.75B/f1/d2f1na1.ent
Number of residues: 250
Doing a BEZIER segmentation ...

Bounding box volume: 88840.8
Null Model Fit: 11537.7 bits.
Bits per residue: 46.3363

Bezier model fit: 10292.7 bits.
Bits per residue: 41.336

# of segments: 18
Internal segmentation:
0-->3-->16-->37-->49-->61-->75-->91-->102-->115-->116-->127-->139-->161-->186-->204-->218-->239-->249

CPU time used: 15.58 secs.
Wall clock time elapsed: 15 secs.

        SEGMENT          START            END   NUM_RESIDUES MESSAGE_LENGTH                    END_POINTS        INTERMEDIATE_CONTROL_POINTS
              1            A 1            A 4              4        144.295         (12.675, 25.374, 19.232)
                                                                                    (16.275, 22.767, 23.61)

              2            A 4           A 17             14        525.776         (16.275, 22.767, 23.61)         (18.5184, -1.52004, 12.3643)
                                                                                    (6.482, -11.601, 24.968)

              3           A 17           A 38             22        872.607         (6.482, -11.601, 24.968)         (26.9007, 4.75506, 35.4316)
                                                                                    (13.999, 14.005, 26.723)

              4           A 38           A 50             13        495.281         (13.999, 14.005, 26.723)         (8.10934, -5.93478, 8.36669)
                                                                                    (5.348, -4.363, 33.242)

              5           A 50           A 62             13        487.698         (5.348, -4.363, 33.242)         (-7.68707, 14.1067, 37.9136)
                                                                                    (-9.033, 6.896, 13.97)

              6           A 62           A 76             15        572.207         (-9.033, 6.896, 13.97)
                                                                                    (15.224, 10.023, 44.164)

              7           A 76           A 92             17        667.291         (15.224, 10.023, 44.164)         (3.66017, 14.3383, 23.4659)
                                                                                    (-1.536, -10.522, 17.652)

              8           A 92          A 103             12        466.579         (-1.536, -10.522, 17.652)         (8.29596, -1.82408, 12.5016)
                                                                                    (10.072, 13.148, 30.443)

              9          A 103          A 116             14         536.25         (10.072, 13.148, 30.443)         (-8.98509, 19.042, 22.0401)
                                                                                    (0.048, 2.174, 2.575)

             10          A 116          A 117              2        49.3734         (0.048, 2.174, 2.575)
                                                                                    (-1.542, -1.241, 3.068)

             11          A 117          A 128             12        447.387         (-1.542, -1.241, 3.068)
                                                                                    (4.525, 23.224, 23.674)

             12          A 128          A 140             13        485.622         (4.525, 23.224, 23.674)
                                                                                    (10.551, -3.075, 0.958)

             13          A 140          A 162             23        890.342         (10.551, -3.075, 0.958)
                                                                                    (-2.576, 28.963, 12.736)

             14          A 162          A 187             26        1041.44         (-2.576, 28.963, 12.736)         (26.7036, -5.28297, 12.5725)
                                                                                    (7.843, 16.779, -3.18)

             15          A 187          A 205             19        754.656         (7.843, 16.779, -3.18)         (19.4036, 27.8898, 10.8358)
                                                                                    (24.663, -4.126, 11.287)

             16          A 205          A 219             15        571.808         (24.663, -4.126, 11.287)
                                                                                    (4.339, 27.174, 7.28)

             17          A 219          A 240             22        870.787         (4.339, 27.174, 7.28)         (41.8561, 13.7182, 21.1905)
                                                                                    (19.84, -8.12, 21.007)

             18          A 240          A 250             11         413.26         (19.84, -8.12, 21.007)
                                                                                    (22.246, 20.818, 18.97)

