Using structure file: /home/pkas7/Research/SCOP/pdbstyle-1.75B/f4/d2f4la1.ent
Number of residues: 275
Doing a BEZIER segmentation ...

Bounding box volume: 85479.9
Null Model Fit: 12680.9 bits.
Bits per residue: 46.2807

Bezier model fit: 11371.4 bits.
Bits per residue: 41.5014

# of segments: 21
Internal segmentation:
0-->14-->25-->36-->38-->55-->68-->78-->88-->98-->105-->124-->146-->155-->167-->180-->198-->205-->212-->240-->260-->274

CPU time used: 17.74 secs.
Wall clock time elapsed: 17 secs.

        SEGMENT          START            END   NUM_RESIDUES MESSAGE_LENGTH                    END_POINTS        INTERMEDIATE_CONTROL_POINTS
              1            A 1           A 15             15        590.192         (28.851, 86.938, 48.577)         (45.7035, 77.5657, 69.1819)
                                                                                    (21.361, 83.062, 74.556)

              2           A 15           A 26             12         461.77         (21.361, 83.062, 74.556)         (33.3929, 95.6768, 62.8813)
                                                                                    (17.571, 84.353, 50.801)

              3           A 26           A 37             12        440.827         (17.571, 84.353, 50.801)         (37.5423, 81.6657, 53.5523)
                                                                                    (40.401, 69.389, 67.125)

              4           A 37           A 47              3        96.5984         (40.401, 69.389, 67.125)
                                                                                    (41.264, 70.686, 74.464)

              5           A 47           A 64             18        704.502         (41.264, 70.686, 74.464)         (25.0725, 93.716, 53.3657)
                                                                                    (9.128, 80.535, 67.327)

              6           A 64           A 77             14          519.8         (9.128, 80.535, 67.327)         (19.243, 74.8472, 45.2667)
                                                                                    (40.996, 69.953, 51.957)

              7           A 77           A 87             11        400.758         (40.996, 69.953, 51.957)
                                                                                    (38.058, 57.794, 78.007)

              8           A 87           A 97             11        446.309         (38.058, 57.794, 78.007)         (28.2305, 48.3011, 73.7749)
                                                                                    (46.866, 55.95, 75.288)

              9           A 97          A 107             11        399.807         (46.866, 55.95, 75.288)         (48.581, 62.2952, 58.5353)
                                                                                    (37.816, 63.322, 45.394)

             10          A 107          A 114              8        307.671         (37.816, 63.322, 45.394)
                                                                                    (44.758, 50.251, 52.448)

             11          A 114          A 133             20        780.795         (44.758, 50.251, 52.448)         (19.7589, 73.7748, 51.8275)
                                                                                    (21.969, 80.003, 79.29)

             12          A 133          A 155             23        942.007         (21.969, 80.003, 79.29)         (27.6495, 61.2603, 71.9971)
                                                                                    (21.906, 69.459, 48.875)

             13          A 155          A 164             10        368.983         (21.906, 69.459, 48.875)         (11.9797, 71.118, 63.9944)
                                                                                    (16.458, 84.552, 69.833)

             14          A 164          A 176             13        501.014         (16.458, 84.552, 69.833)
                                                                                    (35.177, 64.377, 55.153)

             15          A 176          A 189             14        558.442         (35.177, 64.377, 55.153)         (25.5289, 47.5232, 74.5004)
                                                                                    (38.056, 66.107, 61.061)

             16          A 189          A 207             19        717.544         (38.056, 66.107, 61.061)         (43.5753, 82.8204, 41.5698)
                                                                                    (13.623, 69.724, 67.371)         (-11.6724, 86.834, 60.9287)

             17          A 207          A 214              8        303.602         (13.623, 69.724, 67.371)         (19.4408, 69.8463, 53.3092)
                                                                                    (12.886, 62.133, 49.716)

             18          A 214          A 221              8        295.264         (12.886, 62.133, 49.716)         (12.2862, 64.8053, 61.7862)
                                                                                    (19.767, 65.025, 71.289)

             19          A 221          A 249             29         1134.5         (19.767, 65.025, 71.289)         (20.4061, 43.1758, 87.9654)
                                                                                    (-2.994, 55.374, 66.502)         (-6.3006, 81.418, 44.7462)

             20          A 249          A 269             21        823.298         (-2.994, 55.374, 66.502)         (12.0448, 48.0558, 49.8491)
                                                                                    (27.509, 64.523, 76.37)

             21          A 269          A 283             15        577.701         (27.509, 64.523, 76.37)         (10.3775, 55.48, 56.5208)
                                                                                    (2.822, 62.657, 48.283)

