Using structure file: /home/pkas7/Research/SCOP/pdbstyle-1.75B/f5/d2f5va2.ent
Number of residues: 198
Doing a BEZIER segmentation ...

Bounding box volume: 139205
Null Model Fit: 9255.89 bits.
Bits per residue: 46.9842

Bezier model fit: 8168.72 bits.
Bits per residue: 41.4656

# of segments: 12
Internal segmentation:
0-->15-->33-->43-->52-->76-->96-->112-->126-->141-->153-->175-->197

CPU time used: 11.45 secs.
Wall clock time elapsed: 11 secs.

        SEGMENT          START            END   NUM_RESIDUES MESSAGE_LENGTH                    END_POINTS        INTERMEDIATE_CONTROL_POINTS
              1          A 355          A 370             16        598.226         (-2.119, 33.024, 18.199)         (8.18822, 11.4132, 8.80892)
                                                                                    (30.042, 2.632, 3.556)

              2          A 370          A 388             19        762.113         (30.042, 2.632, 3.556)         (46.1103, 4.81955, 15.6848)
                                                                                    (37.912, -19.348, 7.705)

              3          A 388          A 398             11        409.911         (37.912, -19.348, 7.705)
                                                                                    (47.533, 2.744, 22.52)

              4          A 398          A 407             10        392.298         (47.533, 2.744, 22.52)         (46.4137, 10.967, 8.83888)
                                                                                    (37.539, 0.861, 24.541)

              5          A 407          A 431             25        998.603         (37.539, 0.861, 24.541)         (34.53, -22.8366, 3.53482)
                                                                                    (23.19, 2.165, 22.055)

              6          A 431          A 451             21         827.25         (23.19, 2.165, 22.055)         (19.0759, 50.2931, 9.524)
                                                                                    (16.545, 6.765, 17.106)

              7          A 451          A 467             17         683.42         (16.545, 6.765, 17.106)         (-1.76512, -8.90174, 8.39046)
                                                                                    (22.742, 1.302, 10.053)

              8          A 467          A 481             15        551.201         (22.742, 1.302, 10.053)         (14.279, 24.5756, 13.7641)
                                                                                    (-4.192, 35.996, 15.563)

              9          A 481          A 496             16        640.049         (-4.192, 35.996, 15.563)
                                                                                    (-19.535, 15.509, 26.57)

             10          A 496          A 508             13        489.728         (-19.535, 15.509, 26.57)
                                                                                    (2.96, 32.388, 4.64)

             11          A 508          A 530             23        875.792         (2.96, 32.388, 4.64)
                                                                                    (24.199, 8.224, 4.37)

             12          A 530          A 552             23        940.128         (24.199, 8.224, 4.37)         (0.785359, 8.35053, 3.19485)
                                                                                    (-3.374, 28.584, 23.251)

