Using structure file: /home/pkas7/Research/SCOP/pdbstyle-1.75B/f6/d2f6ma_.ent
Number of residues: 65
Doing a BEZIER segmentation ...

Bounding box volume: 21460.6
Null Model Fit: 2834.35 bits.
Bits per residue: 44.2868

Bezier model fit: 2502.28 bits.
Bits per residue: 39.098

# of segments: 5
Internal segmentation:
0-->1-->30-->34-->62-->64

CPU time used: 2.96 secs.
Wall clock time elapsed: 2 secs.

        SEGMENT          START            END   NUM_RESIDUES MESSAGE_LENGTH                    END_POINTS        INTERMEDIATE_CONTROL_POINTS
              1          A 321          A 322              2        47.3238         (0.814, 25.307, 56.992)
                                                                                    (1.412, 26.782, 53.536)

              2          A 322          A 351             30        1111.45         (1.412, 26.782, 53.536)
                                                                                    (27.705, -7.072, 60.989)

              3          A 351          A 355              5        178.736         (27.705, -7.072, 60.989)
                                                                                    (26.338, -9.232, 51.323)

              4          A 355          A 383             29        1072.15         (26.338, -9.232, 51.323)         (17.8635, 8.59403, 42.1804)
                                                                                    (17.223, 32.791, 50.889)

              5          A 383          A 385              3        92.6106         (17.223, 32.791, 50.889)
                                                                                    (17.994, 30.274, 55.536)

