Using structure file: /home/pkas7/Research/SCOP/pdbstyle-1.75B/f8/d2f8la1.ent
Number of residues: 323
Doing a BEZIER segmentation ...

Bounding box volume: 128076
Null Model Fit: 15090.2 bits.
Bits per residue: 46.864

Bezier model fit: 13290.4 bits.
Bits per residue: 41.2745

# of segments: 21
Internal segmentation:
0-->23-->25-->40-->51-->79-->94-->109-->111-->137-->150-->177-->193-->206-->229-->230-->246-->258-->273-->288-->306-->322

CPU time used: 20.19 secs.
Wall clock time elapsed: 20 secs.

        SEGMENT          START            END   NUM_RESIDUES MESSAGE_LENGTH                    END_POINTS        INTERMEDIATE_CONTROL_POINTS
              1            A 2           A 25             24        906.337         (63.062, 10.62, 49.405)         (59.5337, 17.3178, 66.51)
                                                                                    (44.231, 24.149, 71.757)

              2           A 25           A 27              3         97.765         (44.231, 24.149, 71.757)
                                                                                    (43.045, 21.077, 65.714)

              3           A 27           A 42             16        602.151         (43.045, 21.077, 65.714)
                                                                                    (62.023, 30.718, 60.239)

              4           A 42           A 57             12        484.299         (62.023, 30.718, 60.239)         (45.3845, 37.9113, 78.3894)
                                                                                    (61.601, 22.932, 71.646)

              5           A 57           A 85             29        1131.46         (61.601, 22.932, 71.646)         (70.3165, 21.4764, 35.5594)
                                                                                    (46.833, 12.475, 59.617)

              6           A 85          A 100             16        636.228         (46.833, 12.475, 59.617)         (23.0271, 19.8097, 58.7902)
                                                                                    (48.676, 11.339, 44.822)

              7          A 100          A 115             16        599.047         (48.676, 11.339, 44.822)
                                                                                    (51.811, 16.732, 24.108)

              8          A 115          A 117              3         97.765         (51.811, 16.732, 24.108)
                                                                                    (53.467, 22.246, 24.585)

              9          A 117          A 143             27         1066.5         (53.467, 22.246, 24.585)         (31.2771, 24.5925, 60.5543)
                                                                                    (61.579, 16.747, 32.779)

             10          A 143          A 156             14         535.35         (61.579, 16.747, 32.779)         (49.8307, 32.5408, 29.5666)
                                                                                    (37.455, 27.658, 52.788)

             11          A 156          A 183             28        1117.74         (37.455, 27.658, 52.788)         (72.1577, 24.155, 49.5492)
                                                                                    (31.73, 33.737, 41.469)

             12          A 183          A 199             17        670.215         (31.73, 33.737, 41.469)         (56.5228, 27.5316, 22.0151)
                                                                                    (29.192, 17.244, 45.789)

             13          A 199          A 212             14        545.674         (29.192, 17.244, 45.789)         (19.8107, 41.5411, 50.1892)
                                                                                    (22.561, 27.562, 32.771)

             14          A 212          A 235             24        953.924         (22.561, 27.562, 32.771)         (18.9951, 18.4507, 53.0835)
                                                                                    (40.205, 27.826, 26.264)

             15          A 235          A 236              2        49.9011         (40.205, 27.826, 26.264)
                                                                                    (38.565, 26.566, 23.091)

             16          A 236          A 252             17        661.488         (38.565, 26.566, 23.091)         (40.6752, 4.55882, 47.8978)
                                                                                    (18.198, 11.366, 35.585)

             17          A 252          A 264             13         497.39         (18.198, 11.366, 35.585)
                                                                                    (30.063, 23.344, 24.541)

             18          A 264          A 279             16        620.558         (30.063, 23.344, 24.541)         (42.1062, -4.26033, 31.9596)
                                                                                    (37.703, 5.457, 52.401)

             19          A 279          A 295             16        609.663         (37.703, 5.457, 52.401)
                                                                                    (36.97, 25.015, 15.002)

             20          A 295          A 313             19        752.265         (36.97, 25.015, 15.002)         (29.3962, 0.398278, 28.0914)
                                                                                    (47.434, -5.522, 38.847)

             21          A 313          A 329             17        654.672         (47.434, -5.522, 38.847)
                                                                                    (47.512, 11.221, 19.672)

