Using structure file: /home/pkas7/Research/SCOP/pdbstyle-1.75B/f8/d2f8ja_.ent
Number of residues: 335
Doing a BEZIER segmentation ...

Bounding box volume: 149735
Null Model Fit: 15727.9 bits.
Bits per residue: 47.0894

Bezier model fit: 13816.4 bits.
Bits per residue: 41.3663

# of segments: 20
Internal segmentation:
0-->23-->25-->52-->70-->84-->106-->128-->152-->168-->190-->191-->219-->247-->273-->281-->289-->304-->311-->320-->334

CPU time used: 21.05 secs.
Wall clock time elapsed: 21 secs.

        SEGMENT          START            END   NUM_RESIDUES MESSAGE_LENGTH                    END_POINTS        INTERMEDIATE_CONTROL_POINTS
              1            A 0           A 23             24        960.888         (-31.619, -13.6, -21.136)
                                                                                    (-32.206, 3.084, 19.215)

              2           A 23           A 25              3        98.2159         (-32.206, 3.084, 19.215)
                                                                                    (-28.449, 4.038, 14.841)

              3           A 25           A 52             28        1096.39         (-28.449, 4.038, 14.841)         (-56.1205, 33.2838, 28.129)
                                                                                    (-55.241, 21.007, -4.577)

              4           A 52           A 70             19        739.051         (-55.241, 21.007, -4.577)
                                                                                    (-29.318, 34.855, 6.424)

              5           A 70           A 84             15        595.794         (-29.318, 34.855, 6.424)         (-32.9799, 37.9652, -14.5945)
                                                                                    (-35.798, 14.587, 2.172)

              6           A 84          A 106             23         917.61         (-35.798, 14.587, 2.172)         (-19.6996, 12.3893, -24.3647)
                                                                                    (-23.083, 8.181, 3.511)

              7          A 106          A 128             23        908.928         (-23.083, 8.181, 3.511)         (-35.146, -2.34859, -25.1016)
                                                                                    (-6.031, 10.695, 7.704)

              8          A 128          A 152             25        1007.56         (-6.031, 10.695, 7.704)         (-22.0783, 18.2575, -27.2709)
                                                                                    (-18.393, 13.384, 11.721)

              9          A 152          A 168             17        672.167         (-18.393, 13.384, 11.721)         (-3.11685, 30.0947, -4.28609)
                                                                                    (-16.508, 19, -11.319)

             10          A 168          A 190             23        908.419         (-16.508, 19, -11.319)         (-31.3157, 18.782, 29.2152)
                                                                                    (-17.733, 32.834, -6.429)

             11          A 190          A 191              2        50.1265         (-17.733, 32.834, -6.429)
                                                                                    (-18.399, 29.252, -7.621)

             12          A 191          A 219             29        1165.99         (-18.399, 29.252, -7.621)         (-48.7758, 4.12691, 30.3831)
                                                                                    (-28.687, 27.532, -13.539)

             13          A 219          A 247             29        1142.19         (-28.687, 27.532, -13.539)         (-53.0443, 8.49293, -6.46394)
                                                                                    (-39.724, 28.999, 16.471)

             14          A 247          A 273             27        1014.78         (-39.724, 28.999, 16.471)         (-22.2417, 18.5466, 26.8115)
                                                                                    (-8.476, 4.809, 25.786)

             15          A 273          A 281              9        349.245         (-8.476, 4.809, 25.786)
                                                                                    (-22.385, 15.777, 13.976)

             16          A 281          A 289              9        334.799         (-22.385, 15.777, 13.976)
                                                                                    (-11.028, -4.066, 15.573)

             17          A 289          A 304             16        609.467         (-11.028, -4.066, 15.573)
                                                                                    (-31.778, -3.848, 23.758)

             18          A 304          A 311              8        296.049         (-31.778, -3.848, 23.758)         (-26.8698, 4.47687, 14.808)
                                                                                    (-16.107, -1.747, 8.786)

             19          A 311          A 320             10        377.428         (-16.107, -1.747, 8.786)
                                                                                    (-30.905, 11.564, 25.891)

             20          A 320          A 334             15        571.268         (-30.905, 11.564, 25.891)
                                                                                    (-16.075, -3.563, 27.846)

