Using structure file: /home/pkas7/Research/SCOP/pdbstyle-1.75B/f9/d2f9wa2.ent
Number of residues: 114
Doing a BEZIER segmentation ...

Bounding box volume: 28175.8
Null Model Fit: 5048.79 bits.
Bits per residue: 44.6795

Bezier model fit: 4663.74 bits.
Bits per residue: 41.272

# of segments: 11
Internal segmentation:
0-->9-->18-->19-->30-->43-->54-->56-->71-->81-->92-->113

CPU time used: 6.26 secs.
Wall clock time elapsed: 6 secs.

        SEGMENT          START            END   NUM_RESIDUES MESSAGE_LENGTH                    END_POINTS        INTERMEDIATE_CONTROL_POINTS
              1            A 1           A 10             10        374.463         (29.943, 14.364, 36.903)         (25.3727, 11.1435, 54.0949)
                                                                                    (29.528, 19.48, 62.748)

              2           A 10           A 19             10        363.759         (29.528, 19.48, 62.748)         (33.7736, 18.882, 46.419)
                                                                                    (33.571, 8.657, 35.902)

              3           A 19           A 20              2        47.7166         (33.571, 8.657, 35.902)
                                                                                    (33.23, 5.844, 38.427)

              4           A 20           A 31             12        457.956         (33.23, 5.844, 38.427)         (44.112, 19.9402, 45.3195)
                                                                                    (28.622, 25.439, 57.868)

              5           A 31           A 44             14        528.933         (28.622, 25.439, 57.868)
                                                                                    (32.061, 25.543, 36.598)

              6           A 44           A 55             12         447.33         (32.061, 25.543, 36.598)         (22.2843, 8.73753, 34.4459)
                                                                                    (23.025, 11.961, 60.068)

              7           A 55           A 57              3        93.3961         (23.025, 11.961, 60.068)
                                                                                    (17.687, 15.792, 61.09)

              8           A 57           A 72             16        601.797         (17.687, 15.792, 61.09)
                                                                                    (23.349, 22.349, 40.21)

              9           A 72           A 82             11        410.245         (23.349, 22.349, 40.21)
                                                                                    (17.938, -0.814, 55.398)

             10           A 82           A 93             12        470.533         (17.938, -0.814, 55.398)         (31.2512, -10.8379, 46.4503)
                                                                                    (17.769, -4.518, 66.985)

             11           A 93          A 114             22        867.611         (17.769, -4.518, 66.985)         (29.2673, 14.116, 54.2852)
                                                                                    (34.572, -10.168, 51.554)

