Using structure file: /home/pkas7/Research/SCOP/pdbstyle-1.75B/fb/d2fbha1.ent
Number of residues: 137
Doing a BEZIER segmentation ...

Bounding box volume: 48005.1
Null Model Fit: 6180.96 bits.
Bits per residue: 45.4483

Bezier model fit: 5507.84 bits.
Bits per residue: 40.4988

# of segments: 8
Internal segmentation:
0-->22-->40-->69-->79-->90-->113-->115-->136

CPU time used: 7.74 secs.
Wall clock time elapsed: 7 secs.

        SEGMENT          START            END   NUM_RESIDUES MESSAGE_LENGTH                    END_POINTS        INTERMEDIATE_CONTROL_POINTS
              1            A 8           A 30             23        857.069         (15.808, 52.794, 26.958)         (11.9654, 38.2328, 33.3498)
                                                                                    (17.505, 22.007, 43.355)

              2           A 30           A 48             19        753.432         (17.505, 22.007, 43.355)         (22.7256, 27.2152, 27.0116)
                                                                                    (3.621, 19.02, 20.67)

              3           A 48           A 77             30        1200.15         (3.621, 19.02, 20.67)         (31.8481, 36.6724, 12.983)
                                                                                    (20.695, 11.933, 32.384)

              4           A 77           A 87             11        413.761         (20.695, 11.933, 32.384)
                                                                                    (9.32, 7.849, 7.08)

              5           A 87           A 98             12        461.586         (9.32, 7.849, 7.08)         (21.5095, 21.1123, 11.8626)
                                                                                    (9.075, 8.814, 30.151)

              6           A 98          A 121             24        905.878         (9.075, 8.814, 30.151)         (9.84685, 24.2437, 39.7614)
                                                                                    (-1.072, 43.313, 40.857)

              7          A 121          A 123              3        94.9336         (-1.072, 43.313, 40.857)
                                                                                    (-4.628, 43.666, 35.479)

              8          A 123          A 144             22        821.027         (-4.628, 43.666, 35.479)
                                                                                    (13.403, 42.359, 8.951)

