Using structure file: /home/pkas7/Research/SCOP/pdbstyle-1.75B/fd/d2fd6u1.ent
Number of residues: 77
Doing a BEZIER segmentation ...

Bounding box volume: 27116.4
Null Model Fit: 3391.44 bits.
Bits per residue: 44.6242

Bezier model fit: 3088.5 bits.
Bits per residue: 40.6381

# of segments: 7
Internal segmentation:
0-->8-->19-->33-->44-->56-->69-->76

CPU time used: 3.75 secs.
Wall clock time elapsed: 3 secs.

        SEGMENT          START            END   NUM_RESIDUES MESSAGE_LENGTH                    END_POINTS        INTERMEDIATE_CONTROL_POINTS
              1            U 1            U 9              9        336.222         (14.713, -48.587, 65.242)
                                                                                    (36.913, -41.042, 70.098)

              2            U 9           U 20             12        446.272         (36.913, -41.042, 70.098)         (20.1275, -52.3735, 76.4903)
                                                                                    (10.989, -39.825, 62.487)

              3           U 20           U 37             15        569.542         (10.989, -39.825, 62.487)
                                                                                    (46.321, -40.692, 56.821)

              4           U 37           U 48             12        446.534         (46.321, -40.692, 56.821)         (27.6466, -42.8652, 71.127)
                                                                                    (14.31, -40.835, 57.001)

              5           U 48           U 60             13        478.865         (14.31, -40.835, 57.001)         (29.1995, -42.1626, 45.2621)
                                                                                    (46.855, -28.519, 48.284)

              6           U 60           U 73             14        509.026         (46.855, -28.519, 48.284)
                                                                                    (17.79, -52.208, 60.132)

              7           U 73           U 80              8        302.038         (17.79, -52.208, 60.132)
                                                                                    (32.552, -51.461, 59.242)

