Using structure file: /home/pkas7/Research/SCOP/pdbstyle-1.75B/fe/d2fefa2.ent
Number of residues: 156
Doing a BEZIER segmentation ...

Bounding box volume: 47495.3
Null Model Fit: 7042.09 bits.
Bits per residue: 45.4328

Bezier model fit: 6418.05 bits.
Bits per residue: 41.4068

# of segments: 10
Internal segmentation:
0-->11-->39-->53-->65-->78-->80-->99-->116-->140-->155

CPU time used: 9.13 secs.
Wall clock time elapsed: 9 secs.

        SEGMENT          START            END   NUM_RESIDUES MESSAGE_LENGTH                    END_POINTS        INTERMEDIATE_CONTROL_POINTS
              1          A 135          A 146             12        474.495         (24.999, 24.378, 61.061)
                                                                                    (17.042, 14.06, 49.829)

              2          A 146          A 174             29        1129.19         (17.042, 14.06, 49.829)         (14.7983, 26.3315, 20.6525)
                                                                                    (26.889, 23.114, 50.135)

              3          A 174          A 188             15        593.447         (26.889, 23.114, 50.135)         (23.5865, 0.930881, 41.4004)
                                                                                    (26.888, 21.081, 34.706)

              4          A 188          A 200             13        501.211         (26.888, 21.081, 34.706)         (43.5673, 8.01633, 42.5557)
                                                                                    (19.583, 6.304, 50.761)

              5          A 200          A 213             14        543.772         (19.583, 6.304, 50.761)
                                                                                    (28.985, -1.839, 35.179)

              6          A 213          A 218              3        94.9028         (28.985, -1.839, 35.179)
                                                                                    (22.184, 0.837, 27.186)

              7          A 218          A 237             20        765.056         (22.184, 0.837, 27.186)
                                                                                    (-1.071, -0.586, 49.845)

              8          A 237          A 254             18        721.602         (-1.071, -0.586, 49.845)         (16.156, 4.03314, 58.2508)
                                                                                    (6.282, 11.203, 44.453)

              9          A 254          A 278             25        981.389         (6.282, 11.203, 44.453)         (33.6617, 8.86225, 16.7166)
                                                                                    (4.109, 4.573, 33.965)

             10          A 278          A 293             16        612.987         (4.109, 4.573, 33.965)
                                                                                    (18.645, 20.997, 20.489)

