Using structure file: /home/pkas7/Research/SCOP/pdbstyle-1.75B/fh/d2fh1a2.ent
Number of residues: 96
Doing a BEZIER segmentation ...

Bounding box volume: 23399.1
Null Model Fit: 4219.09 bits.
Bits per residue: 44.4115

Bezier model fit: 3933.2 bits.
Bits per residue: 41.4021

# of segments: 9
Internal segmentation:
0-->2-->13-->24-->39-->40-->66-->74-->76-->95

CPU time used: 5.1 secs.
Wall clock time elapsed: 5 secs.

        SEGMENT          START            END   NUM_RESIDUES MESSAGE_LENGTH                    END_POINTS        INTERMEDIATE_CONTROL_POINTS
              1          A 533          A 535              3        92.8601         (-29.263, 70.266, 14.764)
                                                                                    (-22.989, 69.107, 13.708)

              2          A 535          A 546             12        439.677         (-22.989, 69.107, 13.708)         (-23.3833, 67.1019, 34.2401)
                                                                                    (-35.46, 59.073, 42.56)

              3          A 546          A 557             12        454.333         (-35.46, 59.073, 42.56)         (-34.5205, 67.2146, 23.0915)
                                                                                    (-17.114, 73.25, 24.949)

              4          A 557          A 572             16        621.257         (-17.114, 73.25, 24.949)         (-23.1512, 61.9595, 49.5699)
                                                                                    (-19.743, 64.104, 12.485)

              5          A 572          A 573              2        47.4486         (-19.743, 64.104, 12.485)
                                                                                    (-16.994, 61.499, 12.86)

              6          A 573          A 599             27        1060.97         (-16.994, 61.499, 12.86)         (-27.1106, 56.6868, 56.779)
                                                                                    (-27.825, 56.485, 16.202)

              7          A 599          A 607              9        330.303         (-27.825, 56.485, 16.202)         (-14.2523, 51.3515, 22.2755)
                                                                                    (-13.09, 61.51, 33.617)

              8          A 607          A 609              3        92.8601         (-13.09, 61.51, 33.617)
                                                                                    (-8.374, 59.57, 30.958)

              9          A 609          A 628             20        793.489         (-8.374, 59.57, 30.958)         (-11.7662, 77.6413, 6.22538)
                                                                                    (-14.671, 67.822, 45.773)

