Using structure file: /home/pkas7/Research/SCOP/pdbstyle-1.75B/fl/d2flha_.ent
Number of residues: 144
Doing a BEZIER segmentation ...

Bounding box volume: 45452.4
Null Model Fit: 6487.83 bits.
Bits per residue: 45.3694

Bezier model fit: 5849.67 bits.
Bits per residue: 40.9068

# of segments: 11
Internal segmentation:
0-->12-->35-->49-->60-->76-->95-->105-->109-->121-->123-->143

CPU time used: 8.6 secs.
Wall clock time elapsed: 8 secs.

        SEGMENT          START            END   NUM_RESIDUES MESSAGE_LENGTH                    END_POINTS        INTERMEDIATE_CONTROL_POINTS
              1            A 1           A 13             13        472.868         (34.738, -34.967, 9.79)         (47.553, -21.6345, -5.5407)
                                                                                    (42.326, -2.994, -5.545)

              2           A 13           A 36             24        947.113         (42.326, -2.994, -5.545)         (26.6155, -0.378361, 11.7548)
                                                                                    (22.958, -15.097, -13.169)

              3           A 36           A 50             15        591.618         (22.958, -15.097, -13.169)         (11.5936, -5.03763, 10.2138)
                                                                                    (29.128, -11.583, 14.23)

              4           A 50           A 61             12        455.492         (29.128, -11.583, 14.23)
                                                                                    (15.291, -21.385, -12.187)

              5           A 61           A 77             17        655.519         (15.291, -21.385, -12.187)         (19.2822, -23.3157, 12.5984)
                                                                                    (41.978, -5.419, 12.582)

              6           A 77           A 96             20        802.071         (41.978, -5.419, 12.582)         (15.053, -27.1158, -2.95159)
                                                                                    (26.434, -31.345, 6.151)

              7           A 96          A 106             11        384.598         (26.434, -31.345, 6.151)         (35.0901, -16.3068, 5.87558)
                                                                                    (48.094, -5.675, 1.824)

              8          A 106          A 110              5        184.875         (48.094, -5.675, 1.824)
                                                                                    (46.836, -1.309, -4.877)

              9          A 110          A 122             13        472.576         (46.836, -1.309, -4.877)         (43.2719, -18.9543, 5.35647)
                                                                                    (29.366, -34.286, 3.497)

             10          A 122          A 131              3        94.7759         (29.366, -34.286, 3.497)
                                                                                    (33.226, -30.501, -4.19)

             11          A 131          A 151             21        788.164         (33.226, -30.501, -4.19)
                                                                                    (37.677, -0.667, -10.732)

