Using structure file: /home/pkas7/Research/SCOP/pdbstyle-1.75B/fm/d2fm8a1.ent
Number of residues: 134
Doing a BEZIER segmentation ...

Bounding box volume: 40912.7
Null Model Fit: 6013.94 bits.
Bits per residue: 45.2176

Bezier model fit: 5435.5 bits.
Bits per residue: 40.8684

# of segments: 9
Internal segmentation:
0-->1-->28-->37-->48-->59-->81-->98-->111-->133

CPU time used: 7.51 secs.
Wall clock time elapsed: 7 secs.

        SEGMENT          START            END   NUM_RESIDUES MESSAGE_LENGTH                    END_POINTS        INTERMEDIATE_CONTROL_POINTS
              1            A 1            A 2              2        48.2547         (-1.344, 31.907, 28.279)
                                                                                    (-2.276, 31.867, 31.914)

              2            A 2           A 29             28        1109.24         (-2.276, 31.867, 31.914)         (34.8709, 50.7895, 18.0716)
                                                                                    (2.651, 45.699, 38.943)

              3           A 29           A 38             10        376.564         (2.651, 45.699, 38.943)
                                                                                    (13.948, 59.077, 21.361)

              4           A 38           A 49             12        444.659         (13.948, 59.077, 21.361)
                                                                                    (-8.102, 39.348, 29.749)

              5           A 49           A 60             12        453.629         (-8.102, 39.348, 29.749)         (5.23124, 43.4344, 18.3565)
                                                                                    (-2.048, 65.343, 19.029)

              6           A 60           A 82             23        879.535         (-2.048, 65.343, 19.029)         (-10.8776, 62.9459, -7.24225)
                                                                                    (2.944, 38.837, 10.582)

              7           A 82           A 99             18        722.308         (2.944, 38.837, 10.582)
                                                                                    (-3.923, 54.691, 18.013)

              8           A 99          A 112             14        539.595         (-3.923, 54.691, 18.013)         (-2.8618, 26.5459, 17.4714)
                                                                                    (11.82, 36.493, 24.278)

              9          A 112          A 134             23        861.714         (11.82, 36.493, 24.278)
                                                                                    (3.069, 64.048, 9.993)

