Using structure file: /home/pkas7/Research/SCOP/pdbstyle-1.75B/fo/d2foka1.ent
Number of residues: 132
Doing a BEZIER segmentation ...

Bounding box volume: 39540.1
Null Model Fit: 5917.06 bits.
Bits per residue: 45.1684

Bezier model fit: 5451.05 bits.
Bits per residue: 41.6111

# of segments: 9
Internal segmentation:
0-->23-->43-->71-->86-->87-->91-->106-->114-->131

CPU time used: 7.42 secs.
Wall clock time elapsed: 7 secs.

        SEGMENT          START            END   NUM_RESIDUES MESSAGE_LENGTH                    END_POINTS        INTERMEDIATE_CONTROL_POINTS
              1            A 5           A 28             24        954.165         (22.38, 88.234, 130.504)         (60.2051, 77.407, 129.458)
                                                                                    (42.039, 104.843, 125.709)

              2           A 28           A 48             21         827.02         (42.039, 104.843, 125.709)         (53.2289, 102.069, 112.206)
                                                                                    (32.608, 93.615, 104.804)

              3           A 48           A 76             29        1148.05         (32.608, 93.615, 104.804)         (34.553, 123.132, 132.042)
                                                                                    (30.964, 80.264, 113.141)

              4           A 76           A 96             16        642.722         (30.964, 80.264, 113.141)         (38.0678, 105.841, 119.373)
                                                                                    (49.896, 81.04, 113.896)

              5           A 96           A 99              2        48.2055         (49.896, 81.04, 113.896)
                                                                                    (44.09, 84.941, 109.853)

              6           A 99          A 103              5        180.644         (44.09, 84.941, 109.853)
                                                                                    (37.692, 84.365, 117.125)

              7          A 103          A 118             16        601.858         (37.692, 84.365, 117.125)
                                                                                    (38.848, 96.359, 136.815)

              8          A 118          A 126              9        334.262         (38.848, 96.359, 136.815)
                                                                                    (23.403, 99.565, 127.818)

              9          A 126          A 143             18        714.133         (23.403, 99.565, 127.818)         (45.3067, 107.541, 137.548)
                                                                                    (56.146, 98.077, 129.493)

