Using structure file: /home/pkas7/Research/SCOP/pdbstyle-1.75B/fp/d2fp1a_.ent
Number of residues: 165
Doing a BEZIER segmentation ...

Bounding box volume: 68727.5
Null Model Fit: 7538.42 bits.
Bits per residue: 45.966

Bezier model fit: 6621.46 bits.
Bits per residue: 40.3748

# of segments: 10
Internal segmentation:
0-->2-->27-->35-->53-->55-->84-->94-->123-->148-->164

CPU time used: 9.38 secs.
Wall clock time elapsed: 9 secs.

        SEGMENT          START            END   NUM_RESIDUES MESSAGE_LENGTH                    END_POINTS        INTERMEDIATE_CONTROL_POINTS
              1           A 35           A 37              3         95.969         (30.441, 27.287, 58.109)
                                                                                    (24.452, 24.899, 59.382)

              2           A 37           A 62             26        981.753         (24.452, 24.899, 59.382)
                                                                                    (8.518, -5.071, 39.296)

              3           A 62           A 70              9        342.517         (8.518, -5.071, 39.296)
                                                                                    (-3.03, 5.792, 52.951)

              4           A 70           A 88             19        714.461         (-3.03, 5.792, 52.951)
                                                                                    (9.557, 13.952, 74.925)

              5           A 88           A 90              3         95.969         (9.557, 13.952, 74.925)
                                                                                    (6.279, 17.226, 70.317)

              6           A 90          A 119             30        1124.43         (6.279, 17.226, 70.317)
                                                                                    (11.147, 3.636, 28.789)

              7          A 119          A 129             11        427.604         (11.147, 3.636, 28.789)
                                                                                    (13.61, -6.752, 48.159)

              8          A 129          A 158             30        1156.26         (13.61, -6.752, 48.159)         (19.624, 8.12116, 73.6847)
                                                                                    (13.489, 33.346, 63.779)

              9          A 158          A 183             26        1025.88         (13.489, 33.346, 63.779)         (33.8475, 14.4893, 44.4787)
                                                                                    (12.08, 19.905, 44.938)

             10          A 183          A 199             17        656.624         (12.08, 19.905, 44.938)         (10.969, 14.6655, 59.6678)
                                                                                    (3.709, 40.39, 68.177)

