Using structure file: /home/pkas7/Research/SCOP/pdbstyle-1.75B/ft/d2ftxb1.ent
Number of residues: 59
Doing a BEZIER segmentation ...

Bounding box volume: 19317.6
Null Model Fit: 2559.83 bits.
Bits per residue: 44.135

Bezier model fit: 2396.33 bits.
Bits per residue: 41.316

# of segments: 6
Internal segmentation:
0-->1-->21-->29-->31-->57-->58

CPU time used: 2.56 secs.
Wall clock time elapsed: 2 secs.

        SEGMENT          START            END   NUM_RESIDUES MESSAGE_LENGTH                    END_POINTS        INTERMEDIATE_CONTROL_POINTS
              1          B 155          B 156              2        47.1721         (58.375, 16.162, 20.225)
                                                                                    (59.096, 19.717, 21.493)

              2          B 156          B 176             21        825.941         (59.096, 19.717, 21.493)         (38.3303, 18.8408, 29.2109)
                                                                                    (40.279, 30.071, 5.12)

              3          B 176          B 184              9        327.791         (40.279, 30.071, 5.12)
                                                                                    (30.25, 18.521, 20.679)

              4          B 184          B 186              3         92.307         (30.25, 18.521, 20.679)
                                                                                    (28.238, 15.851, 16.496)

              5          B 186          B 212             27        1055.95         (28.238, 15.851, 16.496)         (45.6684, 58.8294, 10.7739)
                                                                                    (31.131, 26.383, 27.806)

              6          B 212          B 213              2        47.1721         (31.131, 26.383, 27.806)
                                                                                    (28.205, 24.73, 25.936)

