Using structure file: /home/pkas7/Research/SCOP/pdbstyle-1.75B/fu/d2fura1.ent
Number of residues: 193
Doing a BEZIER segmentation ...

Bounding box volume: 102073
Null Model Fit: 8935.03 bits.
Bits per residue: 46.5366

Bezier model fit: 7872.02 bits.
Bits per residue: 41.0001

# of segments: 13
Internal segmentation:
0-->4-->26-->39-->60-->77-->86-->100-->115-->131-->140-->157-->178-->192

CPU time used: 11.45 secs.
Wall clock time elapsed: 11 secs.

        SEGMENT          START            END   NUM_RESIDUES MESSAGE_LENGTH                    END_POINTS        INTERMEDIATE_CONTROL_POINTS
              1           A 16           A 20              5        182.115         (6.826, 49.455, -2.521)
                                                                                    (9.201, 39.402, -9.889)

              2           A 20           A 42             23        901.546         (9.201, 39.402, -9.889)         (32.9778, 34.1158, 1.13044)
                                                                                    (-4.432, 25.651, 15.529)

              3           A 42           A 55             14        528.486         (-4.432, 25.651, 15.529)         (22.9022, 30.2079, 17.2121)
                                                                                    (16.427, 29.27, -8.305)

              4           A 55           A 76             22        876.202         (16.427, 29.27, -8.305)         (16.0394, 8.48103, 26.3377)
                                                                                    (0.496, 21.767, 4.91)

              5           A 76           A 93             18        670.738         (0.496, 21.767, 4.91)         (27.614, 46.0975, 4.15189)
                                                                                    (8.874, 64.642, 11.774)

              6           A 93          A 102             10        378.861         (8.874, 64.642, 11.774)
                                                                                    (13.619, 44.388, 2.004)

              7          A 102          A 116             15        550.262         (13.619, 44.388, 2.004)         (-6.24906, 19.5301, 0.330985)
                                                                                    (20.537, 10.297, -0.999)

              8          A 116          A 131             16        606.968         (20.537, 10.297, -0.999)
                                                                                    (31.215, 29.828, 1.878)

              9          A 131          A 147             17         677.35         (31.215, 29.828, 1.878)         (40.5308, 12.5339, 1.07756)
                                                                                    (19.775, 8.838, 6.728)

             10          A 147          A 156             10        364.402         (19.775, 8.838, 6.728)
                                                                                    (6.495, 28.817, -4.19)

             11          A 156          A 173             18        686.505         (6.495, 28.817, -4.19)
                                                                                    (11.404, 73.877, 6.591)

             12          A 173          A 194             22        852.124         (11.404, 73.877, 6.591)         (26.4028, 46.5828, 11.4722)
                                                                                    (42.401, 30.323, 7.262)

             13          A 194          A 208             15        596.465         (42.401, 30.323, 7.262)
                                                                                    (22.725, 43.044, 0.061)

