Using structure file: /home/pkas7/Research/SCOP/pdbstyle-1.75B/fw/d2fwha_.ent
Number of residues: 117
Doing a BEZIER segmentation ...

Bounding box volume: 24218.7
Null Model Fit: 5157.5 bits.
Bits per residue: 44.4612

Bezier model fit: 4780.46 bits.
Bits per residue: 41.2108

# of segments: 10
Internal segmentation:
0-->7-->8-->21-->33-->56-->77-->82-->91-->96-->116

CPU time used: 6.41 secs.
Wall clock time elapsed: 6 secs.

        SEGMENT          START            END   NUM_RESIDUES MESSAGE_LENGTH                    END_POINTS        INTERMEDIATE_CONTROL_POINTS
              1          A 428          A 435              8        292.556         (20.295, 0.877, 2.286)         (17.1407, -6.57638, 11.7384)
                                                                                    (5.493, -12.471, 6.523)

              2          A 435          A 436              2        47.4983         (5.493, -12.471, 6.523)
                                                                                    (2.77, -13.381, 9.033)

              3          A 436          A 449             14        529.037         (2.77, -13.381, 9.033)
                                                                                    (13.296, -3.185, 25.159)

              4          A 449          A 461             13        493.759         (13.296, -3.185, 25.159)
                                                                                    (3.641, 1.008, -4.565)

              5          A 461          A 484             24         925.61         (3.641, 1.008, -4.565)         (25.6197, 16.356, 0.207841)
                                                                                    (15.658, 0.975, 16.092)

              6          A 484          A 505             22        863.166         (15.658, 0.975, 16.092)         (-6.51107, -20.8745, -13.0527)
                                                                                    (-2.833, -4.243, 11.75)

              7          A 505          A 510              6        219.736         (-2.833, -4.243, 11.75)
                                                                                    (0.057, 1.442, 1.226)

              8          A 510          A 519             10        366.546         (0.057, 1.442, 1.226)
                                                                                    (7.368, -2.11, 25.328)

              9          A 519          A 524              6        217.277         (7.368, -2.11, 25.328)
                                                                                    (-1.419, 5.149, 16.1)

             10          A 524          A 544             21        825.269         (-1.419, 5.149, 16.1)         (16.6368, 17.853, -6.33091)
                                                                                    (7.237, 9.837, 17.565)

