Using structure file: /home/pkas7/Research/SCOP/pdbstyle-1.75B/fx/d2fxta1.ent
Number of residues: 192
Doing a BEZIER segmentation ...

Bounding box volume: 95790.5
Null Model Fit: 8870.99 bits.
Bits per residue: 46.4449

Bezier model fit: 7842.75 bits.
Bits per residue: 41.0615

# of segments: 14
Internal segmentation:
0-->12-->14-->27-->46-->74-->101-->102-->124-->129-->146-->156-->173-->190-->191

CPU time used: 11.16 secs.
Wall clock time elapsed: 11 secs.

        SEGMENT          START            END   NUM_RESIDUES MESSAGE_LENGTH                    END_POINTS        INTERMEDIATE_CONTROL_POINTS
              1          A 234          A 246             13        490.769         (70.231, 61.238, 19.946)
                                                                                    (56.131, 74.505, 26.045)

              2          A 246          A 248              3         96.927         (56.131, 74.505, 26.045)
                                                                                    (54.315, 74.903, 20.811)

              3          A 248          A 261             14         536.36         (54.315, 74.903, 20.811)
                                                                                    (48.48, 62.172, 35.658)

              4          A 261          A 280             20        786.164         (48.48, 62.172, 35.658)         (45.6545, 49.5406, 2.80165)
                                                                                    (28.138, 58.435, 18.989)

              5          A 280          A 308             29        1145.48         (28.138, 58.435, 18.989)         (36.9864, 77.5894, 0.46468)
                                                                                    (36.209, 87.607, 31.693)

              6          A 308          A 335             28        1097.48         (36.209, 87.607, 31.693)         (34.3279, 58.6094, 31.3456)
                                                                                    (44.545, 93.178, 41.655)

              7          A 335          A 336              2         49.482         (44.545, 93.178, 41.655)
                                                                                    (41.341, 95.127, 40.938)

              8          A 336          A 358             23        877.762         (41.341, 95.127, 40.938)         (40.5564, 84.9163, -8.63816)
                                                                                    (44.572, 55.217, 28.013)

              9          A 358          A 363              6        224.675         (44.572, 55.217, 28.013)
                                                                                    (38.285, 59.375, 22.19)

             10          A 363          A 380             18        657.904         (38.285, 59.375, 22.19)         (52.8371, 91.051, 5.03776)
                                                                                    (38.096, 97.95, 39.207)

             11          A 380          A 390             11        431.118         (38.096, 97.95, 39.207)
                                                                                    (50.372, 100.042, 25.289)

             12          A 390          A 407             18        672.449         (50.372, 100.042, 25.289)         (52.8699, 71.7496, 14.1841)
                                                                                    (25.263, 60.85, 26.842)

             13          A 407          A 424             18        726.701         (25.263, 60.85, 26.842)         (12.3598, 84.2721, 14.4393)
                                                                                    (47.339, 79.198, 24.985)         (39.5842, 55.9684, 32.9258)

             14          A 424          A 425              2         49.482         (47.339, 79.198, 24.985)
                                                                                    (50.516, 80.093, 23.166)

