Using structure file: /home/pkas7/Research/SCOP/pdbstyle-1.75B/fy/d2fyia1.ent
Number of residues: 220
Doing a BEZIER segmentation ...

Bounding box volume: 73088.6
Null Model Fit: 10086 bits.
Bits per residue: 46.0547

Bezier model fit: 9101.74 bits.
Bits per residue: 41.5605

# of segments: 17
Internal segmentation:
0-->1-->12-->33-->42-->53-->69-->80-->95-->113-->126-->138-->149-->162-->175-->190-->191-->219

CPU time used: 13.27 secs.
Wall clock time elapsed: 13 secs.

        SEGMENT          START            END   NUM_RESIDUES MESSAGE_LENGTH                    END_POINTS        INTERMEDIATE_CONTROL_POINTS
              1           A 88           A 89              2        49.0918         (73.68, 24.454, 19.458)
                                                                                    (75.567, 25.954, 16.507)

              2           A 89          A 100             12        449.611         (75.567, 25.954, 16.507)         (59.1436, 19.4064, 9.73519)
                                                                                    (49.831, 39.939, 19.389)

              3          A 100          A 121             22        857.265         (49.831, 39.939, 19.389)         (68.3522, 46.8456, 27.6946)
                                                                                    (70.674, 27.841, 12.221)

              4          A 121          A 130             10        367.177         (70.674, 27.841, 12.221)         (57.2627, 34.3804, 9.88303)
                                                                                    (44.181, 37.933, 18.063)

              5          A 130          A 141             12        455.177         (44.181, 37.933, 18.063)
                                                                                    (50.002, 22.723, 15.9)

              6          A 141          A 157             17        683.401         (50.002, 22.723, 15.9)         (49.7219, 46.7545, 31.1708)
                                                                                    (43.962, 22.373, 25.934)

              7          A 157          A 168             12        444.356         (43.962, 22.373, 25.934)         (63.3743, 33.0573, 36.6425)
                                                                                    (48.092, 50.447, 31.566)

              8          A 168          A 183             16        629.409         (48.092, 50.447, 31.566)         (48.2749, 80.1786, 19.8471)
                                                                                    (45.719, 62.988, 42.021)

              9          A 183          A 201             19        765.648         (45.719, 62.988, 42.021)         (30.0442, 63.8247, 24.6705)
                                                                                    (42.414, 42.48, 24.048)

             10          A 201          A 214             14        532.723         (42.414, 42.48, 24.048)
                                                                                    (32.861, 53.256, 40.475)

             11          A 214          A 226             13        503.594         (32.861, 53.256, 40.475)         (28.5383, 58.795, 19.0773)
                                                                                    (46.728, 48.062, 18.867)

             12          A 226          A 237             12        459.469         (46.728, 48.062, 18.867)
                                                                                    (42.905, 65.415, 19.266)

             13          A 237          A 250             14        540.681         (42.905, 65.415, 19.266)         (44.8043, 44.9976, 35.3458)
                                                                                    (61.106, 53.661, 21.251)

             14          A 250          A 263             14        539.522         (61.106, 53.661, 21.251)         (52.4344, 71.532, 20.9764)
                                                                                    (47.277, 52.882, 41.365)

             15          A 263          A 278             16        611.613         (47.277, 52.882, 41.365)
                                                                                    (52.732, 17.987, 23.046)

             16          A 278          A 279              2        49.0918         (52.732, 17.987, 23.046)
                                                                                    (56.348, 16.859, 22.376)

             17          A 279          A 307             29        1163.91         (56.348, 16.859, 22.376)         (75.5344, 42.6171, 34.1619)
                                                                                    (48.537, 15.032, 32.049)

