Using structure file: /home/pkas7/Research/SCOP/pdbstyle-1.75B/fy/d2fy7a_.ent
Number of residues: 268
Doing a BEZIER segmentation ...

Bounding box volume: 104948
Null Model Fit: 12436 bits.
Bits per residue: 46.5767

Bezier model fit: 11068.8 bits.
Bits per residue: 41.4561

# of segments: 20
Internal segmentation:
0-->11-->13-->30-->42-->49-->64-->84-->97-->116-->126-->140-->156-->167-->187-->203-->220-->221-->241-->254-->267

CPU time used: 16.75 secs.
Wall clock time elapsed: 16 secs.

        SEGMENT          START            END   NUM_RESIDUES MESSAGE_LENGTH                    END_POINTS        INTERMEDIATE_CONTROL_POINTS
              1          A 122          A 133             12        457.618         (-25.835, 27.394, -1.423)         (-8.60924, 30.6961, 3.47389)
                                                                                    (-3.065, 12.151, 5.445)

              2          A 133          A 135              3        97.1904         (-3.065, 12.151, 5.445)
                                                                                    (-5.046, 10.291, -0.43)

              3          A 135          A 152             18        695.711         (-5.046, 10.291, -0.43)         (28.1272, -6.03371, -7.25086)
                                                                                    (13.795, 21.744, -17.84)

              4          A 152          A 164             13        511.846         (13.795, 21.744, -17.84)         (-2.50383, 15.5401, -14.761)
                                                                                    (11.469, 29.608, -6.916)

              5          A 164          A 171              8        301.162         (11.469, 29.608, -6.916)
                                                                                    (-8.31, 22.349, -3.897)

              6          A 171          A 186             16        609.554         (-8.31, 22.349, -3.897)         (6.97352, 25.9768, 16.5737)
                                                                                    (29.051, 22.559, -5.678)

              7          A 186          A 206             21        804.731         (29.051, 22.559, -5.678)         (12.61, 9.53237, -11.2913)
                                                                                    (-0.238, 18.287, -0.268)

              8          A 206          A 219             14        531.198         (-0.238, 18.287, -0.268)         (15.6582, 32.0199, -0.474669)
                                                                                    (36.323, 27.871, -0.628)

              9          A 219          A 238             20        790.039         (36.323, 27.871, -0.628)         (19.2754, 23.5777, 17.7609)
                                                                                    (9.695, 35.372, 1.623)

             10          A 238          A 248             11        411.482         (9.695, 35.372, 1.623)         (0.62813, 24.8405, 15.4314)
                                                                                    (21.13, 17.224, 3.189)

             11          A 248          A 262             15        586.918         (21.13, 17.224, 3.189)         (6.54523, -1.86609, -6.23526)
                                                                                    (6.314, 19.139, 11.416)

             12          A 262          A 278             17        679.341         (6.314, 19.139, 11.416)
                                                                                    (18.684, 0.868, 7.423)

             13          A 278          A 289             12        468.398         (18.684, 0.868, 7.423)         (24.4056, 9.20142, 28.1634)
                                                                                    (16.813, 15.161, 7.33)

             14          A 289          A 309             21        832.979         (16.813, 15.161, 7.33)         (3.20599, 39.1718, 28.6135)
                                                                                    (33.3, 20.54, 9.97)

             15          A 309          A 325             17        653.726         (33.3, 20.54, 9.97)
                                                                                    (12.068, 19.602, 27.237)

             16          A 325          A 342             18        705.026         (12.068, 19.602, 27.237)         (-0.40603, -3.83899, 5.12817)
                                                                                    (27.336, 8.408, -2.987)

             17          A 342          A 352              2        49.6137         (27.336, 8.408, -2.987)
                                                                                    (28.371, 4.088, 11.496)

             18          A 352          A 372             21        818.919         (28.371, 4.088, 11.496)         (28.9974, 26.4897, 38.1769)
                                                                                    (20.539, 35.437, 17.914)

             19          A 372          A 385             14        528.489         (20.539, 35.437, 17.914)         (33.1102, 42.7096, -2.47641)
                                                                                    (11.805, 27.335, -11.696)

             20          A 385          A 398             14        534.833         (11.805, 27.335, -11.696)
                                                                                    (36.815, 32.337, 14.379)

