Using structure file: /home/pkas7/Research/SCOP/pdbstyle-1.75B/g6/d2g62a1.ent
Number of residues: 295
Doing a BEZIER segmentation ...

Bounding box volume: 101626
Null Model Fit: 13679.9 bits.
Bits per residue: 46.5303

Bezier model fit: 12110.3 bits.
Bits per residue: 41.1916

# of segments: 16
Internal segmentation:
0-->12-->41-->49-->70-->77-->103-->120-->130-->148-->177-->187-->212-->237-->255-->275-->294

CPU time used: 18.2 secs.
Wall clock time elapsed: 18 secs.

        SEGMENT          START            END   NUM_RESIDUES MESSAGE_LENGTH                    END_POINTS        INTERMEDIATE_CONTROL_POINTS
              1           A 22           A 34             13        502.991         (18.715, 36.022, 3.524)         (33.2737, 54.4382, 1.44079)
                                                                                    (20.326, 65.077, 7.107)

              2           A 34           A 63             30        1171.19         (20.326, 65.077, 7.107)         (13.2649, 43.0291, 19.613)
                                                                                    (38.349, 42.012, 36.786)

              3           A 63           A 71              9        347.407         (38.349, 42.012, 36.786)
                                                                                    (33.626, 28.78, 24.095)

              4           A 71           A 92             22        829.522         (33.626, 28.78, 24.095)
                                                                                    (57.377, 45.295, 8.575)

              5           A 92           A 99              8        309.112         (57.377, 45.295, 8.575)         (63.0175, 57.1028, -0.99091)
                                                                                    (56.239, 61.784, 7.479)

              6           A 99          A 125             27        1053.05         (56.239, 61.784, 7.479)         (44.5364, 37.9057, -1.75284)
                                                                                    (29.386, 27.387, 10.936)

              7          A 125          A 142             18        699.841         (29.386, 27.387, 10.936)         (24.5834, 37.886, -0.83224)
                                                                                    (37.274, 47.721, 11.754)

              8          A 142          A 152             11        434.845         (37.274, 47.721, 11.754)         (51.9271, 58.0292, -3.06537)
                                                                                    (39.238, 56.248, 14.676)

              9          A 152          A 170             19        717.046         (39.238, 56.248, 14.676)
                                                                                    (23.834, 32.886, 17.354)

             10          A 170          A 199             30        1174.66         (23.834, 32.886, 17.354)         (39.5775, 40.3375, 35.7363)
                                                                                    (52.64, 51.768, 11.255)

             11          A 199          A 215             11        449.936         (52.64, 51.768, 11.255)         (35.7664, 69.7926, 20.8289)
                                                                                    (41.876, 56.087, 18.761)

             12          A 215          A 240             26        1027.99         (41.876, 56.087, 18.761)         (22.6442, 43.2742, 49.214)
                                                                                    (48.627, 58.085, 38.882)

             13          A 240          A 265             26        1034.43         (48.627, 58.085, 38.882)         (37.9624, 35.2143, 32.5575)
                                                                                    (54.988, 63.183, 25.752)

             14          A 265          A 283             19        760.586         (54.988, 63.183, 25.752)         (40.7908, 71.2686, 28.5436)
                                                                                    (32.847, 57.648, 41.133)

             15          A 283          A 303             21        792.434         (32.847, 57.648, 41.133)
                                                                                    (28.354, 62.619, 11.146)

             16          A 303          A 322             20         805.28         (28.354, 62.619, 11.146)         (30.1396, 41.635, 0.369335)
                                                                                    (8.394, 47.723, 18.32)

