Using structure file: /home/pkas7/Research/SCOP/pdbstyle-1.75B/g7/d2g7za_.ent
Number of residues: 275
Doing a BEZIER segmentation ...

Bounding box volume: 77312.7
Null Model Fit: 12641.2 bits.
Bits per residue: 46.1358

Bezier model fit: 11330.1 bits.
Bits per residue: 41.3506

# of segments: 19
Internal segmentation:
0-->9-->23-->34-->35-->57-->68-->93-->109-->121-->138-->162-->178-->179-->190-->200-->229-->255-->263-->274

CPU time used: 16.7 secs.
Wall clock time elapsed: 16 secs.

        SEGMENT          START            END   NUM_RESIDUES MESSAGE_LENGTH                    END_POINTS        INTERMEDIATE_CONTROL_POINTS
              1            A 0            A 9             10        372.862         (63.73, 52.65, 35.166)
                                                                                    (47.077, 34.196, 44.813)

              2            A 9           A 23             15        594.307         (47.077, 34.196, 44.813)         (46.1388, 24.7072, 25.4025)
                                                                                    (58.025, 34.725, 36.586)

              3           A 23           A 34             12        432.984         (58.025, 34.725, 36.586)         (46.1377, 33.5888, 51.3695)
                                                                                    (37.478, 15.4, 54.708)

              4           A 34           A 35              2        49.1728         (37.478, 15.4, 54.708)
                                                                                    (39.837, 16.586, 57.488)

              5           A 35           A 57             23        909.965         (39.837, 16.586, 57.488)         (51.5364, 25.3985, 24.1622)
                                                                                    (31.858, 12.906, 52.649)

              6           A 57           A 68             12        449.391         (31.858, 12.906, 52.649)         (36.9404, 32.8812, 49.9001)
                                                                                    (53.448, 34.076, 57.715)

              7           A 68           A 93             26        1024.93         (53.448, 34.076, 57.715)         (80.4861, 44.5876, 37.6802)
                                                                                    (34.209, 40.696, 48.941)

              8           A 93          A 109             17        655.631         (34.209, 40.696, 48.941)
                                                                                    (59.034, 45.048, 55.784)

              9          A 109          A 121             13        511.569         (59.034, 45.048, 55.784)         (42.6635, 52.3231, 42.4114)
                                                                                    (40.067, 33.654, 38.119)

             10          A 121          A 138             18         686.53         (40.067, 33.654, 38.119)
                                                                                    (61.479, 47.102, 32.792)

             11          A 138          A 162             25        985.382         (61.479, 47.102, 32.792)         (43.795, 63.5457, 34.1034)
                                                                                    (23.314, 25.605, 38.68)

             12          A 162          A 178             17        670.886         (23.314, 25.605, 38.68)         (35.5802, 28.924, 61.8512)
                                                                                    (18.9, 38.817, 44.704)

             13          A 178          A 184              2        49.1728         (18.9, 38.817, 44.704)
                                                                                    (18.81, 25.973, 46.184)

             14          A 184          A 195             12        462.374         (18.81, 25.973, 46.184)         (23.9074, 36.182, 27.8113)
                                                                                    (31.532, 44.079, 46.762)

             15          A 195          A 205             11        425.642         (31.532, 44.079, 46.762)         (15.4929, 40.2305, 37.6493)
                                                                                    (17.514, 25.03, 32.216)

             16          A 205          A 234             30        1180.52         (17.514, 25.03, 32.216)         (34.0404, 64.358, 11.1964)
                                                                                    (32.266, 20.593, 36.361)

             17          A 234          A 260             27        1076.79         (32.266, 20.593, 36.361)         (28.5492, 42.7363, -1.14649)
                                                                                    (40.611, 26.191, 40.535)

             18          A 260          A 268              9        342.123         (40.611, 26.191, 40.535)
                                                                                    (29.755, 23.817, 42.941)

             19          A 268          A 279             12        449.838         (29.755, 23.817, 42.941)
                                                                                    (39.54, 47.969, 24.58)

