Using structure file: /home/pkas7/Research/SCOP/pdbstyle-1.75B/ga/d2gana1.ent
Number of residues: 182
Doing a BEZIER segmentation ...

Bounding box volume: 66661.2
Null Model Fit: 8311.87 bits.
Bits per residue: 45.9219

Bezier model fit: 7500.02 bits.
Bits per residue: 41.4366

# of segments: 13
Internal segmentation:
0-->8-->27-->44-->66-->74-->87-->102-->116-->118-->138-->159-->168-->181

CPU time used: 10.78 secs.
Wall clock time elapsed: 10 secs.

        SEGMENT          START            END   NUM_RESIDUES MESSAGE_LENGTH                    END_POINTS        INTERMEDIATE_CONTROL_POINTS
              1            A 1            A 9              9        344.693         (45.437, 30.411, 12.385)         (48.878, 31.0695, 27.4921)
                                                                                    (51.19, 46.31, 26.22)

              2            A 9           A 28             20        771.467         (51.19, 46.31, 26.22)         (32.8206, 49.4585, 19.0475)
                                                                                    (24.239, 38.006, 28.757)

              3           A 28           A 45             18        723.459         (24.239, 38.006, 28.757)         (32.6288, 54.2816, 50.3965)
                                                                                    (21.899, 46.935, 23.837)

              4           A 45           A 67             23        891.405         (21.899, 46.935, 23.837)         (37.2837, 61.1947, 33.8547)
                                                                                    (50.429, 42.152, 35.368)

              5           A 67           A 75              9        331.719         (50.429, 42.152, 35.368)         (42.0191, 32.9182, 25.4557)
                                                                                    (43.555, 35.296, 12.517)

              6           A 75           A 88             14        548.179         (43.555, 35.296, 12.517)         (35.9841, 35.2412, 28.509)
                                                                                    (52.56, 42.731, 45.213)

              7           A 88          A 103             16        638.581         (52.56, 42.731, 45.213)         (30.4484, 47.4078, 48.7456)
                                                                                    (50.752, 37.249, 50.579)

              8          A 103          A 117             15         562.76         (50.752, 37.249, 50.579)
                                                                                    (29.868, 33.103, 19.238)

              9          A 117          A 119              3        95.8809         (29.868, 33.103, 19.238)
                                                                                    (31.424, 28.909, 23.128)

             10          A 119          A 139             21        802.376         (31.424, 28.909, 23.128)
                                                                                    (55.233, 29.942, 42.489)

             11          A 139          A 160             22        867.038         (55.233, 29.942, 42.489)
                                                                                    (10.935, 40.915, 38.004)

             12          A 160          A 169             10         377.21         (10.935, 40.915, 38.004)         (13.8664, 42.3596, 54.4133)
                                                                                    (21.83, 26.447, 53.39)

             13          A 169          A 182             14        545.248         (21.83, 26.447, 53.39)
                                                                                    (4.87, 48.051, 39.804)

