Using structure file: /home/pkas7/Research/SCOP/pdbstyle-1.75B/gh/d2ghta_.ent
Number of residues: 180
Doing a BEZIER segmentation ...

Bounding box volume: 58826.4
Null Model Fit: 8187.73 bits.
Bits per residue: 45.7415

Bezier model fit: 7446.9 bits.
Bits per residue: 41.6028

# of segments: 12
Internal segmentation:
0-->8-->31-->44-->45-->57-->68-->91-->92-->109-->131-->151-->179

CPU time used: 10.33 secs.
Wall clock time elapsed: 10 secs.

        SEGMENT          START            END   NUM_RESIDUES MESSAGE_LENGTH                    END_POINTS        INTERMEDIATE_CONTROL_POINTS
              1           A 77           A 85              9        342.795         (31.012, -19.038, 17.06)
                                                                                    (22.829, -4.643, 28.865)

              2           A 85          A 108             24        961.404         (22.829, -4.643, 28.865)         (16.9001, -3.65606, 2.07503)
                                                                                    (42.754, 12.956, -6.09)

              3          A 108          A 121             14        543.708         (42.754, 12.956, -6.09)         (32.9477, 20.3258, 10.2795)
                                                                                    (52.675, -4.19, -0.245)

              4          A 121          A 122              2        48.7786         (52.675, -4.19, -0.245)
                                                                                    (54.96, -1.547, 1.248)

              5          A 122          A 134             13        480.136         (54.96, -1.547, 1.248)         (40.3646, 12.7219, -4.19767)
                                                                                    (23.382, 14.216, 6.552)

              6          A 134          A 145             12          455.8         (23.382, 14.216, 6.552)
                                                                                    (17.707, 3.953, 18.344)

              7          A 145          A 168             24        940.939         (17.707, 3.953, 18.344)         (51.7239, -10.937, -5.11002)
                                                                                    (32.132, 10.74, 16.601)

              8          A 168          A 169              2        48.7786         (32.132, 10.74, 16.601)
                                                                                    (29.24, 9.534, 18.778)

              9          A 169          A 186             18        715.978         (29.24, 9.534, 18.778)         (35.5679, -15.2586, 13.317)
                                                                                    (31.869, -14.444, -6.543)

             10          A 186          A 208             23        919.695         (31.869, -14.444, -6.543)         (12.049, -13.2477, 34.4234)
                                                                                    (24.179, -3.488, -2.791)

             11          A 208          A 228             21        838.424         (24.179, -3.488, -2.791)         (11.51, -20.0347, 9.13674)
                                                                                    (25.689, 13.888, -5.321)

             12          A 228          A 256             29        1150.46         (25.689, 13.888, -5.321)         (5.98167, 6.46069, 25.3594)
                                                                                    (8.36, -12.223, 5.512)

