Using structure file: /home/pkas7/Research/SCOP/pdbstyle-1.75B/gi/d2giba1.ent
Number of residues: 97
Doing a BEZIER segmentation ...

Bounding box volume: 43469
Null Model Fit: 4349.29 bits.
Bits per residue: 45.3051

Bezier model fit: 3968.41 bits.
Bits per residue: 41.3377

# of segments: 5
Internal segmentation:
0-->11-->30-->59-->74-->96

CPU time used: 5.11 secs.
Wall clock time elapsed: 5 secs.

        SEGMENT          START            END   NUM_RESIDUES MESSAGE_LENGTH                    END_POINTS        INTERMEDIATE_CONTROL_POINTS
              1          A 270          A 281             12        468.169         (57.843, 12.893, -2.221)
                                                                                    (60.075, 29.084, 9.074)

              2          A 281          A 300             20        808.729         (60.075, 29.084, 9.074)
                                                                                    (49.591, 3.665, 6.242)

              3          A 300          A 329             30        1200.18         (49.591, 3.665, 6.242)         (23.2759, 33.0111, 9.74526)
                                                                                    (54.282, 37.674, -5.831)

              4          A 329          A 344             16        605.969         (54.282, 37.674, -5.831)         (37.7041, 29.4394, 16.59)
                                                                                    (34.396, 10.661, 18.892)

              5          A 344          A 366             23        885.365         (34.396, 10.661, 18.892)
                                                                                    (71.438, 16.751, 11.68)

