Using structure file: /home/pkas7/Research/SCOP/pdbstyle-1.75B/gk/d2gkpa1.ent
Number of residues: 164
Doing a BEZIER segmentation ...

Bounding box volume: 45168.7
Null Model Fit: 7393.74 bits.
Bits per residue: 45.3604

Bezier model fit: 6669.52 bits.
Bits per residue: 40.9173

# of segments: 12
Internal segmentation:
0-->5-->16-->28-->35-->48-->68-->94-->116-->128-->129-->147-->163

CPU time used: 9.63 secs.
Wall clock time elapsed: 9 secs.

        SEGMENT          START            END   NUM_RESIDUES MESSAGE_LENGTH                    END_POINTS        INTERMEDIATE_CONTROL_POINTS
              1            A 1            A 6              6        221.383         (21.983, 7.215, 42.608)
                                                                                    (7.418, 2.805, 39.04)

              2            A 6           A 17             12        430.745         (7.418, 2.805, 39.04)         (11.6268, 8.19664, 55.8249)
                                                                                    (15.34, 22.987, 68.596)

              3           A 17           A 29             13        487.096         (15.34, 22.987, 68.596)         (23.062, 6.68955, 56.1914)
                                                                                    (1.748, -0.209, 50.241)

              4           A 29           A 36              8        299.985         (1.748, -0.209, 50.241)         (8.25167, 8.67737, 61.3636)
                                                                                    (17.659, -0.551, 59.782)

              5           A 36           A 49             14        543.273         (17.659, -0.551, 59.782)         (22.7534, 28.0391, 68.4822)
                                                                                    (23.22, 21.24, 49.218)

              6           A 49           A 69             21        804.155         (23.22, 21.24, 49.218)
                                                                                    (8.013, -11.778, 52.494)

              7           A 69           A 95             27        1037.37         (8.013, -11.778, 52.494)         (2.95186, -2.89285, 74.3963)
                                                                                    (22.572, 11.663, 70.723)

              8           A 95          A 117             23        914.195         (22.572, 11.663, 70.723)         (2.78729, 24.0061, 86.9757)
                                                                                    (8.894, 8.564, 38.695)

              9          A 117          A 129             13        485.156         (8.894, 8.564, 38.695)         (6.08909, 24.5175, 51.6567)
                                                                                    (0.126, 14.65, 69.544)

             10          A 129          A 130              2        48.3975         (0.126, 14.65, 69.544)
                                                                                    (3.284, 14.414, 71.608)

             11          A 130          A 148             19        760.518         (3.284, 14.414, 71.608)         (-8.30143, 20.9636, 42.3888)
                                                                                    (19.783, 19.981, 42.108)

             12          A 148          A 164             17        637.243         (19.783, 19.981, 42.108)
                                                                                    (2.596, 23.555, 62.612)

