Using structure file: /home/pkas7/Research/SCOP/pdbstyle-1.75B/gl/d2gl5a2.ent
Number of residues: 122
Doing a BEZIER segmentation ...

Bounding box volume: 43559.8
Null Model Fit: 5482.28 bits.
Bits per residue: 45.3081

Bezier model fit: 4974.35 bits.
Bits per residue: 41.1103

# of segments: 8
Internal segmentation:
0-->11-->21-->33-->46-->69-->90-->112-->121

CPU time used: 6.52 secs.
Wall clock time elapsed: 6 secs.

        SEGMENT          START            END   NUM_RESIDUES MESSAGE_LENGTH                    END_POINTS        INTERMEDIATE_CONTROL_POINTS
              1            A 1           A 12             12        453.466         (26.959, 43.706, -6.472)         (39.9847, 33.0634, -2.65557)
                                                                                    (42.165, 25.077, 15.034)

              2           A 12           A 22             11        429.763         (42.165, 25.077, 15.034)         (48.1198, 30.2889, 29.3317)
                                                                                    (38.233, 18.457, 20.219)

              3           A 22           A 34             13        473.637         (38.233, 18.457, 20.219)         (33.7923, 31.584, 2.69661)
                                                                                    (30.747, 47.281, -2.749)

              4           A 34           A 47             14        535.445         (30.747, 47.281, -2.749)
                                                                                    (33.782, 14.761, 14.919)

              5           A 47           A 70             24        940.338         (33.782, 14.761, 14.919)         (44.7002, 25.1326, -12.3549)
                                                                                    (21.675, 38.777, -4.154)

              6           A 70           A 91             22         880.34         (21.675, 38.777, -4.154)         (22.2335, 15.2338, -18.2827)
                                                                                    (27.123, 16.404, 5.457)

              7           A 91          A 113             23        865.128         (27.123, 16.404, 5.457)
                                                                                    (19.689, 47.538, 6.26)

              8          A 113          A 122             10        396.227         (19.689, 47.538, 6.26)
                                                                                    (9.601, 39.31, 10.651)

