Using structure file: /home/pkas7/Research/SCOP/pdbstyle-1.75B/gl/d2glia2.ent
Number of residues: 33
Doing a BEZIER segmentation ...

Bounding box volume: 6060.71
Null Model Fit: 1358.8 bits.
Bits per residue: 42.4626

Bezier model fit: 1333.32 bits.
Bits per residue: 41.6662

# of segments: 3
Internal segmentation:
0-->9-->31-->32

CPU time used: 0.85 secs.
Wall clock time elapsed: 0 secs.

        SEGMENT          START            END   NUM_RESIDUES MESSAGE_LENGTH                    END_POINTS        INTERMEDIATE_CONTROL_POINTS
              1          A 135          A 144             10        381.513         (-23.299, -4.063, -24.514)
                                                                                    (-29.092, 9.495, -10.923)

              2          A 144          A 166             23        906.304         (-29.092, 9.495, -10.923)         (-11.547, -6.13224, -20.3536)
                                                                                    (-31.38, 0.905, 0.1)

              3          A 166          A 167              2        45.4997         (-31.38, 0.905, 0.1)
                                                                                    (-29.861, -2.563, 0.338)

