Using structure file: /home/pkas7/Research/SCOP/pdbstyle-1.75B/gm/d2gmna1.ent
Number of residues: 264
Doing a BEZIER segmentation ...

Bounding box volume: 83615.1
Null Model Fit: 12163.4 bits.
Bits per residue: 46.2488

Bezier model fit: 10876.5 bits.
Bits per residue: 41.3556

# of segments: 15
Internal segmentation:
0-->16-->24-->34-->59-->74-->96-->124-->136-->149-->163-->177-->205-->216-->237-->263

CPU time used: 16.43 secs.
Wall clock time elapsed: 16 secs.

        SEGMENT          START            END   NUM_RESIDUES MESSAGE_LENGTH                    END_POINTS        INTERMEDIATE_CONTROL_POINTS
              1           A 29           A 45             17        671.508         (-4.611, 15.978, -8.171)         (-2.52506, 9.0051, -22.5389)
                                                                                    (12.19, -10.208, -7.66)

              2           A 45           A 53              9        341.383         (12.19, -10.208, -7.66)
                                                                                    (2.226, 7.999, -12.237)

              3           A 53           A 63             11        402.753         (2.226, 7.999, -12.237)
                                                                                    (3.777, -20.105, -6.77)

              4           A 63           A 88             26         1031.7         (3.777, -20.105, -6.77)         (-18.8601, 19.3588, -8.44013)
                                                                                    (1.318, -11.031, -18.922)

              5           A 88          A 103             16        636.542         (1.318, -11.031, -18.922)         (-7.59707, -19.6051, 0.446036)
                                                                                    (-8.96, 5.575, 1.407)

              6          A 103          A 125             23        921.728         (-8.96, 5.575, 1.407)         (-16.2369, -17.1618, -22.4396)
                                                                                    (-8.908, -4.704, 11.539)

              7          A 125          A 153             29        1174.49         (-8.908, -4.704, 11.539)         (-24.8852, 27.9847, -3.63049)
                                                                                    (-12.437, -11.542, 4.513)

              8          A 153          A 165             13        500.825         (-12.437, -11.542, 4.513)         (4.05921, -3.27754, 22.5121)
                                                                                    (2.218, -20.514, -1.949)

              9          A 165          A 178             14        543.889         (2.218, -20.514, -1.949)         (7.32298, -2.47442, 15.3383)
                                                                                    (-6, 5.71, 8.823)

             10          A 178          A 192             15        573.269         (-6, 5.71, 8.823)
                                                                                    (21.75, -14.838, -3.611)

             11          A 192          A 206             15        568.333         (21.75, -14.838, -3.611)         (4.19965, -1.52905, 8.09602)
                                                                                    (-3.158, 14.856, 4.16)

             12          A 206          A 234             29        1159.64         (-3.158, 14.856, 4.16)         (-14.4824, 15.5948, 28.6652)
                                                                                    (15.256, -2.906, 9.406)

             13          A 234          A 245             12        477.394         (15.256, -2.906, 9.406)
                                                                                    (6.975, 7.814, -0.814)

             14          A 245          A 266             22        864.221         (6.975, 7.814, -0.814)         (24.5203, -3.0177, -29.8581)
                                                                                    (18.244, 0.57, 3.514)

             15          A 266          A 292             27        1008.86         (18.244, 0.57, 3.514)         (6.48476, 18.5822, 10.219)
                                                                                    (-8.827, 29.664, 18.269)

