Using structure file: /home/pkas7/Research/SCOP/pdbstyle-1.75B/gm/d2gmha3.ent
Number of residues: 102
Doing a BEZIER segmentation ...

Bounding box volume: 35278.6
Null Model Fit: 4545.39 bits.
Bits per residue: 45.0039

Bezier model fit: 4176.67 bits.
Bits per residue: 41.3532

# of segments: 5
Internal segmentation:
0-->26-->47-->58-->81-->101

CPU time used: 5.26 secs.
Wall clock time elapsed: 5 secs.

        SEGMENT          START            END   NUM_RESIDUES MESSAGE_LENGTH                    END_POINTS        INTERMEDIATE_CONTROL_POINTS
              1          A 483          A 509             27         1089.5         (36.702, 28.889, 72.492)         (39.7697, 40.8667, 42.6958)
                                                                                    (34.279, 8.536, 48.348)

              2          A 509          A 530             22         858.73         (34.279, 8.536, 48.348)         (36.3073, -4.41311, 69.7147)
                                                                                    (38.966, 24.012, 61.022)

              3          A 530          A 541             12        452.059         (38.966, 24.012, 61.022)
                                                                                    (17.185, 5.489, 57.341)

              4          A 541          A 564             24        940.976         (17.185, 5.489, 57.341)         (50.9305, 40.6039, 51.563)
                                                                                    (44.646, 6.41, 58.499)

              5          A 564          A 584             21         835.41         (44.646, 6.41, 58.499)         (38.2979, 33.0142, 33.3651)
                                                                                    (51.271, 35.102, 62.561)

