Using structure file: /home/pkas7/Research/SCOP/pdbstyle-1.75B/gq/d2gqfa1.ent
Number of residues: 253
Doing a BEZIER segmentation ...

Bounding box volume: 66747.8
Null Model Fit: 11572.8 bits.
Bits per residue: 45.9238

Bezier model fit: 10461.8 bits.
Bits per residue: 41.5149

# of segments: 18
Internal segmentation:
0-->10-->12-->26-->33-->48-->65-->90-->97-->122-->138-->150-->157-->170-->193-->203-->214-->230-->252

CPU time used: 15.06 secs.
Wall clock time elapsed: 15 secs.

        SEGMENT          START            END   NUM_RESIDUES MESSAGE_LENGTH                    END_POINTS        INTERMEDIATE_CONTROL_POINTS
              1            A 1           A 11             11        420.526         (42.259, 99.687, 14.439)         (55.5891, 101.992, -3.74056)
                                                                                    (53.148, 82.706, 6.163)

              2           A 11           A 13              3        95.8846         (53.148, 82.706, 6.163)
                                                                                    (58.065, 79.836, 6.555)

              3           A 13           A 27             15        568.158         (58.065, 79.836, 6.555)
                                                                                    (64.238, 98.995, 1.004)

              4           A 27           A 34              8        296.512         (64.238, 98.995, 1.004)         (53.236, 96.5309, 5.85793)
                                                                                    (51.75, 83.7, 10.718)

              5           A 34           A 49             16        621.595         (51.75, 83.7, 10.718)
                                                                                    (67.095, 68.574, 12.499)

              6           A 49           A 66             18        717.534         (67.095, 68.574, 12.499)         (80.1257, 72.9347, -14.8445)
                                                                                    (51.799, 70.441, -14.815)

              7           A 66           A 91             26         1013.4         (51.799, 70.441, -14.815)         (74.692, 86.0836, -14.1226)
                                                                                    (79.094, 82.36, 8.849)

              8           A 91           A 98              8        298.592         (79.094, 82.36, 8.849)
                                                                                    (75.049, 62.485, -0.314)

              9           A 98          A 123             26        1038.86         (75.049, 62.485, -0.314)         (70.7475, 78.3183, 17.7545)
                                                                                    (63.176, 96.308, 9.105)

             10          A 123          A 139             17        642.992         (63.176, 96.308, 9.105)         (40.1006, 72.848, 20.7207)
                                                                                    (39.559, 98.346, -6.822)

             11          A 139          A 151             13        521.855         (39.559, 98.346, -6.822)
                                                                                    (42.69, 88.616, 14.405)

             12          A 151          A 158              8        293.726         (42.69, 88.616, 14.405)
                                                                                    (49.386, 97.268, -2.063)

             13          A 158          A 171             14        540.176         (49.386, 97.268, -2.063)         (54.1519, 70.5048, -2.82688)
                                                                                    (49.65, 69.668, 13.574)

             14          A 171          A 194             24         948.07         (49.65, 69.668, 13.574)         (32.9457, 96.0469, -17.9373)
                                                                                    (50.565, 64.17, -0.388)

             15          A 194          A 352             11        413.502         (50.565, 64.17, -0.388)
                                                                                    (48.284, 81.786, -14.544)

             16          A 352          A 363             12          480.9         (48.284, 81.786, -14.544)         (64.9417, 86.4779, -11.3181)
                                                                                    (44.874, 89.57, -10.037)

             17          A 363          A 379             17        678.167         (44.874, 89.57, -10.037)
                                                                                    (63.85, 64.901, -2.026)

             18          A 379          A 401             23        871.308         (63.85, 64.901, -2.026)
                                                                                    (57.943, 99.365, -8.671)

