Using structure file: /home/pkas7/Research/SCOP/pdbstyle-1.75B/gt/d2gtlm2.ent
Number of residues: 42
Doing a BEZIER segmentation ...

Bounding box volume: 7432.64
Null Model Fit: 1753.04 bits.
Bits per residue: 42.757

Bezier model fit: 1724.17 bits.
Bits per residue: 42.0529

# of segments: 3
Internal segmentation:
0-->12-->23-->41

CPU time used: 1.42 secs.
Wall clock time elapsed: 1 secs.

        SEGMENT          START            END   NUM_RESIDUES MESSAGE_LENGTH                    END_POINTS        INTERMEDIATE_CONTROL_POINTS
              1           M 60           M 72             13        509.409         (19.864, 83.239, 12.015)         (9.18816, 100.538, 12.2668)
                                                                                    (11.001, 74.041, 5.63)

              2           M 72           M 83             12        458.848         (11.001, 74.041, 5.63)         (15.8704, 98.2102, 6.19821)
                                                                                    (-0.797, 87.079, 9.012)

              3           M 83          M 101             19        755.913         (-0.797, 87.079, 9.012)         (8.20647, 78.6782, -6.35347)
                                                                                    (-2.657, 81.383, 16.37)

