Using structure file: /home/pkas7/Research/SCOP/pdbstyle-1.75B/gt/d2gtlm1.ent
Number of residues: 124
Doing a BEZIER segmentation ...

Bounding box volume: 41756.6
Null Model Fit: 5565.39 bits.
Bits per residue: 45.2471

Bezier model fit: 5053.07 bits.
Bits per residue: 41.0818

# of segments: 11
Internal segmentation:
0-->5-->17-->23-->39-->56-->72-->85-->97-->98-->110-->123

CPU time used: 6.98 secs.
Wall clock time elapsed: 7 secs.

        SEGMENT          START            END   NUM_RESIDUES MESSAGE_LENGTH                    END_POINTS        INTERMEDIATE_CONTROL_POINTS
              1          M 102          M 107              6        220.241         (-4.34, 83.919, 18.612)
                                                                                    (-8.535, 87.778, 26.466)

              2          M 107          M 119             13        481.174         (-8.535, 87.778, 26.466)         (8.46032, 77.1086, 41.0568)
                                                                                    (18.134, 97.342, 37.738)

              3          M 119          M 125              7        267.298         (18.134, 97.342, 37.738)         (12.3398, 100.859, 48.9647)
                                                                                    (12.938, 87.937, 43.443)

              4          M 125          M 141             17        645.831         (12.938, 87.937, 43.443)         (-16.1009, 91.1115, 27.2468)
                                                                                    (-4.76, 95.64, 9.532)

              5          M 141          M 158             18        687.388         (-4.76, 95.64, 9.532)
                                                                                    (5.085, 89.404, 54.037)

              6          M 158          M 174             17        626.428         (5.085, 89.404, 54.037)         (-7.6786, 106.929, 32.6018)
                                                                                    (6.621, 87.684, 13.307)

              7          M 174          M 187             14        543.557         (6.621, 87.684, 13.307)
                                                                                    (2.762, 106.706, 38.342)

              8          M 187          M 199             13          488.2         (2.762, 106.706, 38.342)         (10.8326, 92.2727, 25.0811)
                                                                                    (8.3, 76.562, 21.129)

              9          M 199          M 200              2        48.2841         (8.3, 76.562, 21.129)
                                                                                    (4.683, 76.703, 22.252)

             10          M 200          M 212             13        502.228         (4.683, 76.703, 22.252)         (10.5955, 85.14, 35.6608)
                                                                                    (11.185, 104.855, 27.638)

             11          M 212          M 225             14        542.437         (11.185, 104.855, 27.638)         (23.6924, 88.1485, 35.3785)
                                                                                    (-2.172, 79.995, 33.45)

