Using structure file: /home/pkas7/Research/SCOP/pdbstyle-1.75B/gv/d2gvha2.ent
Number of residues: 113
Doing a BEZIER segmentation ...

Bounding box volume: 36906.6
Null Model Fit: 5047.72 bits.
Bits per residue: 45.0689

Bezier model fit: 4554.86 bits.
Bits per residue: 40.6684

# of segments: 11
Internal segmentation:
0-->10-->15-->39-->46-->59-->69-->75-->89-->90-->107-->112

CPU time used: 6.02 secs.
Wall clock time elapsed: 6 secs.

        SEGMENT          START            END   NUM_RESIDUES MESSAGE_LENGTH                    END_POINTS        INTERMEDIATE_CONTROL_POINTS
              1          A 147          A 157             11        407.478         (67.659, 5.238, 11.47)         (47.0837, 7.09245, 7.17381)
                                                                                    (46.614, 20.63, -0.507)

              2          A 157          A 162              6        222.516         (46.614, 20.63, -0.507)
                                                                                    (45.024, 14.814, -11.231)

              3          A 162          A 186             25        958.286         (45.024, 14.814, -11.231)
                                                                                    (74.314, 15.652, 16.598)

              4          A 186          A 193              8        307.175         (74.314, 15.652, 16.598)         (66.1692, 24.3795, 17.9108)
                                                                                    (73.099, 22.881, 2.874)

              5          A 193          A 206             14         522.52         (73.099, 22.881, 2.874)         (67.1342, 2.66202, -18.2863)
                                                                                    (46.022, 11.183, -2.661)

              6          A 206          A 216             11        394.854         (46.022, 11.183, -2.661)
                                                                                    (73.239, 9.285, 8.664)

              7          A 216          A 222              7        258.862         (73.239, 9.285, 8.664)
                                                                                    (80.26, 20.372, 10.865)

              8          A 222          A 236             15        545.299         (80.26, 20.372, 10.865)         (65.9548, 4.6961, -3.92974)
                                                                                    (43.174, 0.292, 1.931)

              9          A 236          A 237              2         48.106         (43.174, 0.292, 1.931)
                                                                                    (45.101, -2.206, -0.239)

             10          A 237          A 254             18        665.802         (45.101, -2.206, -0.239)         (73.607, 6.88333, -12.0322)
                                                                                    (74.784, 27.151, 17.263)

             11          A 254          A 262              6        223.966         (74.784, 27.151, 17.263)
                                                                                    (79.208, 17.482, 15.25)

