Using structure file: /home/pkas7/Research/SCOP/pdbstyle-1.75B/gx/d2gx8a1.ent
Number of residues: 359
Doing a BEZIER segmentation ...

Bounding box volume: 264825
Null Model Fit: 17152.5 bits.
Bits per residue: 47.912

Bezier model fit: 14915.1 bits.
Bits per residue: 41.6622

# of segments: 23
Internal segmentation:
0-->23-->41-->56-->64-->79-->92-->108-->128-->141-->164-->179-->180-->195-->210-->237-->256-->265-->276-->291-->300-->316-->340-->358

CPU time used: 21.96 secs.
Wall clock time elapsed: 21 secs.

        SEGMENT          START            END   NUM_RESIDUES MESSAGE_LENGTH                    END_POINTS        INTERMEDIATE_CONTROL_POINTS
              1            A 4           A 27             24        968.117         (36.765, 10.648, 0.68)         (28.7503, -11.6691, 13.9134)
                                                                                    (26.606, 0.11, 28.372)

              2           A 27           A 45             19        770.022         (26.606, 0.11, 28.372)         (27.1092, 24.5603, -1.94936)
                                                                                    (41.563, 5.677, 18.316)

              3           A 45           A 60             16        634.628         (41.563, 5.677, 18.316)         (40.7161, 19.8489, 34.1464)
                                                                                    (46.119, 15.387, 13.445)

              4           A 60           A 68              9        339.436         (46.119, 15.387, 13.445)         (33.0096, 14.6828, 10.6839)
                                                                                    (37.105, 2.586, 24.458)

              5           A 68           A 83             16        639.929         (37.105, 2.586, 24.458)         (15.3406, 17.6739, 32.998)
                                                                                    (35.019, 22.848, 34.66)

              6           A 83           A 96             14        538.137         (35.019, 22.848, 34.66)
                                                                                    (33.444, 19.569, 15.157)

              7           A 96          A 112             17        670.014         (33.444, 19.569, 15.157)         (29.7071, -11.2993, 27.965)
                                                                                    (39.284, -7.289, 21.252)

              8          A 112          A 132             21        843.144         (39.284, -7.289, 21.252)         (62.7332, -21.6313, 27.8564)
                                                                                    (28.094, -13.229, 27.42)

              9          A 132          A 145             14         513.98         (28.094, -13.229, 27.42)         (16.2953, -22.5943, 11.9689)
                                                                                    (10.72, -31.388, -6.743)

             10          A 145          A 168             24        975.122         (10.72, -31.388, -6.743)         (28.5164, -19.1477, 1.15898)
                                                                                    (30.58, -27.326, 4.565)

             11          A 168          A 183             16        597.208         (30.58, -27.326, 4.565)         (6.92874, -47.3938, 3.12384)
                                                                                    (-6.88, -22.08, -5.99)

             12          A 183          A 195              2        50.9491         (-6.88, -22.08, -5.99)
                                                                                    (-9.775, -32.806, -4.889)

             13          A 195          A 210             16        601.894         (-9.775, -32.806, -4.889)         (20.2623, -41.3577, -3.21984)
                                                                                    (20.67, -16.342, 12.316)

             14          A 210          A 225             16        617.207         (20.67, -16.342, 12.316)
                                                                                    (12.039, -24.05, -9.749)

             15          A 225          A 252             28        1130.52         (12.039, -24.05, -9.749)         (8.90448, -15.7774, 29.3392)
                                                                                    (54.388, -21.767, 27.74)

             16          A 252          A 271             20        803.157         (54.388, -21.767, 27.74)         (60.904, -14.6204, 60.6289)
                                                                                    (56.123, 0.48, 35.732)         (50.5888, -8.38258, 14.7902)

             17          A 271          A 280             10        380.527         (56.123, 0.48, 35.732)         (42.0682, -10.292, 49.2694)
                                                                                    (56.947, -17.985, 45.806)

             18          A 280          A 291             12        447.348         (56.947, -17.985, 45.806)         (45.4727, -27.1579, 28.6269)
                                                                                    (39.295, -3.034, 33.056)

             19          A 291          A 306             16        641.736         (39.295, -3.034, 33.056)         (27.5505, -21.5084, 42.5846)
                                                                                    (46.501, -20.106, 38.91)

             20          A 306          A 315             10        380.493         (46.501, -20.106, 38.91)         (41.6412, 0.61073, 30.3774)
                                                                                    (40.449, -4.338, 49.153)

             21          A 315          A 331             17        667.796         (40.449, -4.338, 49.153)         (37.7039, -28.6804, 52.2496)
                                                                                    (48.705, -3.752, 36.495)

             22          A 331          A 355             25        959.072         (48.705, -3.752, 36.495)
                                                                                    (39.936, 1.415, -1.049)

             23          A 355          A 373             19        744.619         (39.936, 1.415, -1.049)         (44.9781, 13.4186, 23.0587)
                                                                                    (56.028, 5.05, 44.142)

