Using structure file: /home/pkas7/Research/SCOP/pdbstyle-1.75B/h0/d2h0ua_.ent
Number of residues: 196
Doing a BEZIER segmentation ...

Bounding box volume: 83413.6
Null Model Fit: 9017.84 bits.
Bits per residue: 46.2453

Bezier model fit: 7992.64 bits.
Bits per residue: 40.9879

# of segments: 11
Internal segmentation:
0-->24-->42-->54-->55-->66-->90-->108-->135-->156-->176-->195

CPU time used: 11.68 secs.
Wall clock time elapsed: 11 secs.

        SEGMENT          START            END   NUM_RESIDUES MESSAGE_LENGTH                    END_POINTS        INTERMEDIATE_CONTROL_POINTS
              1            A 2           A 26             25         992.11         (-4.325, -5.985, 30.97)         (22.8764, 14.3866, 37.2809)
                                                                                    (14.459, -0.583, 11.201)

              2           A 26           A 44             19        724.865         (14.459, -0.583, 11.201)
                                                                                    (-11.667, 19.93, 14.483)

              3           A 44           A 56             13        487.812         (-11.667, 19.93, 14.483)
                                                                                    (21.139, 15.339, 7.327)

              4           A 56           A 77              2        49.2824         (21.139, 15.339, 7.327)
                                                                                    (19.64, 8.604, 18.657)

              5           A 77           A 88             12        438.473         (19.64, 8.604, 18.657)
                                                                                    (-2.987, 31.397, 11.416)

              6           A 88          A 112             25        1017.34         (-2.987, 31.397, 11.416)         (-9.45185, 12.2339, -3.26913)
                                                                                    (-21.607, 28.352, 6.548)

              7          A 112          A 130             19        752.488         (-21.607, 28.352, 6.548)         (-17.9502, 26.8834, 25.1089)
                                                                                    (-3.464, 36.741, 18.294)

              8          A 130          A 157             28        1046.87         (-3.464, 36.741, 18.294)         (-1.62881, 14.7038, 19.1246)
                                                                                    (10.622, -1.552, 22.545)

              9          A 157          A 178             22        855.999         (10.622, -1.552, 22.545)         (15.4681, 41.623, 25.7957)
                                                                                    (17.948, 25.621, 4.309)

             10          A 178          A 198             21        837.971         (17.948, 25.621, 4.309)         (-6.97824, 33.2199, 11.8308)
                                                                                    (22.17, 2.513, 26.33)

             11          A 198          A 217             20        789.432         (22.17, 2.513, 26.33)         (5.11572, 14.07, 48.3311)
                                                                                    (-18.258, 15.388, 44.429)

