Using structure file: /home/pkas7/Research/SCOP/pdbstyle-1.75B/h9/d2h9fa1.ent
Number of residues: 182
Doing a BEZIER segmentation ...

Bounding box volume: 87676.7
Null Model Fit: 8383.42 bits.
Bits per residue: 46.3173

Bezier model fit: 7528.76 bits.
Bits per residue: 41.5954

# of segments: 13
Internal segmentation:
0-->1-->17-->36-->64-->81-->93-->105-->129-->139-->141-->152-->166-->181

CPU time used: 10.85 secs.
Wall clock time elapsed: 10 secs.

        SEGMENT          START            END   NUM_RESIDUES MESSAGE_LENGTH                    END_POINTS        INTERMEDIATE_CONTROL_POINTS
              1            A 1            A 2              2        49.3543         (64.17, 57.99, 1.011)
                                                                                    (67.97, 58.006, 0.754)

              2            A 2           A 18             17        643.674         (67.97, 58.006, 0.754)         (58.3086, 32.1232, 13.7548)
                                                                                    (83.367, 24.033, 17.466)

              3           A 18           A 37             20        796.929         (83.367, 24.033, 17.466)         (50.7783, 37.5179, 0.722075)
                                                                                    (73.948, 34.243, -6.957)

              4           A 37           A 65             29        1175.31         (73.948, 34.243, -6.957)         (82.1917, 52.3088, 14.1428)
                                                                                    (87.831, 33.889, 12.69)

              5           A 65           A 82             18        714.282         (87.831, 33.889, 12.69)         (63.7516, 27.0533, 0.0555796)
                                                                                    (66.446, 13.072, 2.658)

              6           A 82           A 94             13        478.133         (66.446, 13.072, 2.658)
                                                                                    (88.895, 40.611, 4.404)

              7           A 94          A 106             13        508.301         (88.895, 40.611, 4.404)         (79.1877, 25.1767, -10.874)
                                                                                    (81.07, 20.986, 12.787)

              8          A 106          A 130             25        1004.65         (81.07, 20.986, 12.787)         (51.6486, 24.9089, 4.72552)
                                                                                    (63.625, 9.877, 21.707)

              9          A 130          A 140             11        406.677         (63.625, 9.877, 21.707)         (67.5989, 12.0597, 4.30674)
                                                                                    (77.882, 21.604, -1.375)

             10          A 140          A 142              3        96.6716         (77.882, 21.604, -1.375)
                                                                                    (76.527, 15.824, -2.797)

             11          A 142          A 153             12        437.615         (76.527, 15.824, -2.797)         (75.5016, 8.38025, 16.5782)
                                                                                    (58.741, 17.128, 24.578)

             12          A 153          A 167             15        595.596         (58.741, 17.128, 24.578)
                                                                                    (83.332, 23.602, 23.499)

             13          A 167          A 182             16        621.574         (83.332, 23.602, 23.499)         (71.4136, 23.1926, 39.7146)
                                                                                    (85.558, 10.923, 0.51)         (72.5206, 0.606113, 0.494765)

