Using structure file: /home/pkas7/Research/SCOP/pdbstyle-1.75B/ha/d2ha9a1.ent
Number of residues: 413
Doing a BEZIER segmentation ...

Bounding box volume: 146788
Null Model Fit: 19389 bits.
Bits per residue: 47.0607

Bezier model fit: 16931 bits.
Bits per residue: 41.0946

# of segments: 28
Internal segmentation:
0-->1-->15-->37-->66-->87-->88-->106-->120-->122-->140-->165-->185-->194-->202-->204-->231-->259-->270-->290-->311-->313-->336-->348-->367-->379-->387-->405-->412

CPU time used: 25.24 secs.
Wall clock time elapsed: 25 secs.

        SEGMENT          START            END   NUM_RESIDUES MESSAGE_LENGTH                    END_POINTS        INTERMEDIATE_CONTROL_POINTS
              1            A 1            A 2              2        50.0978         (66.013, -12.316, 64.59)
                                                                                    (68.267, -10.759, 67.122)

              2            A 2           A 16             15        573.587         (68.267, -10.759, 67.122)
                                                                                    (47.444, -4.517, 71.536)

              3           A 16           A 38             23        907.844         (47.444, -4.517, 71.536)         (42.3456, -21.3814, 60.5637)
                                                                                    (49.163, -42.006, 39.202)         (73.2687, -35.0834, 29.5853)

              4           A 38           A 67             30         1149.8         (49.163, -42.006, 39.202)         (58.6954, -33.5126, 59.9191)
                                                                                    (49.346, -16.28, 73.442)

              5           A 67           A 88             22        870.727         (49.346, -16.28, 73.442)         (50.8695, -23.3816, 39.309)
                                                                                    (49.641, -37.921, 28.88)

              6           A 88           A 89              2        50.0978         (49.641, -37.921, 28.88)
                                                                                    (46.519, -37.28, 30.827)

              7           A 89          A 107             19            726         (46.519, -37.28, 30.827)
                                                                                    (45.041, -31.339, 58.9)

              8          A 107          A 121             15        573.332         (45.041, -31.339, 58.9)
                                                                                    (49.34, -17.959, 26.284)

              9          A 121          A 123              3        98.1585         (49.34, -17.959, 26.284)
                                                                                    (51.609, -23.873, 26.967)

             10          A 123          A 141             19        737.993         (51.609, -23.873, 26.967)         (34.251, -30.5915, 31.823)
                                                                                    (36.922, -30.156, 49.782)

             11          A 141          A 166             26        1024.88         (36.922, -30.156, 49.782)         (62.4229, 3.15726, 20.1636)
                                                                                    (33.048, -20.458, 30.706)

             12          A 166          A 186             21        816.599         (33.048, -20.458, 30.706)         (21.3518, -34.8645, 53.0081)
                                                                                    (46.648, -10.641, 36.971)

             13          A 186          A 195             10         387.51         (46.648, -10.641, 36.971)         (61.8775, -15.1584, 46.3881)
                                                                                    (45.883, -17.658, 49.695)

             14          A 195          A 204              9         341.78         (45.883, -17.658, 49.695)
                                                                                    (61.268, -20.493, 45.311)

             15          A 204          A 206              3        98.1585         (61.268, -20.493, 45.311)
                                                                                    (61.921, -26.55, 48.154)

             16          A 206          A 233             28        1101.77         (61.921, -26.55, 48.154)         (29.3765, 9.61217, 75.05)
                                                                                    (49.222, 12.354, 61.712)

             17          A 233          A 261             29        1072.34         (49.222, 12.354, 61.712)         (53.9377, -9.07132, 65.1457)
                                                                                    (63.729, -26.763, 60.01)

             18          A 261          A 272             12        444.715         (63.729, -26.763, 60.01)         (61.6171, -6.51767, 49.7689)
                                                                                    (38.961, -8.939, 57.282)

             19          A 272          A 296             21        858.787         (38.961, -8.939, 57.282)         (34.9777, 6.05559, 65.4694)
                                                                                    (33.525, 10.032, 48.108)

             20          A 296          A 317             22        842.057         (33.525, 10.032, 48.108)
                                                                                    (61.529, -5.772, 56.063)

             21          A 317          A 333              3        98.1585         (61.529, -5.772, 56.063)
                                                                                    (33.658, -8.242, 55.395)

             22          A 333          A 356             24        935.615         (33.658, -8.242, 55.395)         (15.1694, 2.06187, 43.7435)
                                                                                    (45.018, 1.865, 44.522)

             23          A 356          A 371             13        527.334         (45.018, 1.865, 44.522)         (23.9379, -18.4409, 51.3875)
                                                                                    (26.481, -14.848, 30.72)

             24          A 371          A 390             20        766.782         (26.481, -14.848, 30.72)
                                                                                    (51.64, -3.065, 38.023)

             25          A 390          A 402             13        489.927         (51.64, -3.065, 38.023)         (37.175, -19.7996, 44.1548)
                                                                                    (19.229, -13.607, 41.967)

             26          A 402          A 415              9        352.192         (19.229, -13.607, 41.967)
                                                                                    (29.871, -13.925, 53.228)

             27          A 415          A 433             19        731.757         (29.871, -13.925, 53.228)         (16.4692, 0.982523, 21.7855)
                                                                                    (40.229, -13.638, 21.533)

             28          A 433          A 440              8        302.976         (40.229, -13.638, 21.533)
                                                                                    (54.213, 0.923, 27.407)

