Using structure file: /home/pkas7/Research/SCOP/pdbstyle-1.75B/ha/d2hafa1.ent
Number of residues: 178
Doing a BEZIER segmentation ...

Bounding box volume: 50971.3
Null Model Fit: 8059.65 bits.
Bits per residue: 45.5348

Bezier model fit: 7396.56 bits.
Bits per residue: 41.7884

# of segments: 12
Internal segmentation:
0-->12-->21-->31-->54-->66-->91-->100-->122-->135-->153-->173-->177

CPU time used: 10.41 secs.
Wall clock time elapsed: 10 secs.

        SEGMENT          START            END   NUM_RESIDUES MESSAGE_LENGTH                    END_POINTS        INTERMEDIATE_CONTROL_POINTS
              1           A 15           A 27             13        499.984         (-9.95, -3.421, -23.111)         (-8.50856, -20.2571, -9.40235)
                                                                                    (13.472, -5.464, -12.913)

              2           A 27           A 36             10        392.027         (13.472, -5.464, -12.913)         (4.88714, 3.6348, 1.98451)
                                                                                    (10.309, -10.251, -8.028)

              3           A 36           A 46             11        408.621         (10.309, -10.251, -8.028)         (-9.22611, -19.066, -8.8225)
                                                                                    (-13.573, -0.163, -12.699)

              4           A 46           A 69             24         948.22         (-13.573, -0.163, -12.699)         (17.7355, -27.6967, 5.52085)
                                                                                    (-7.068, -20.063, 14.206)

              5           A 69           A 81             13        493.819         (-7.068, -20.063, 14.206)         (-18.1316, -42.6325, 11.237)
                                                                                    (3.307, -33.542, 4.787)

              6           A 81          A 106             26        1055.25         (3.307, -33.542, 4.787)         (1.75906, 9.37489, 4.93009)
                                                                                    (-15.884, -29.683, -3.155)

              7          A 106          A 115             10        380.813         (-15.884, -29.683, -3.155)         (-21.1115, -12.4933, 4.16784)
                                                                                    (-11.338, -21.565, -14.099)

              8          A 115          A 137             23        928.406         (-11.338, -21.565, -14.099)         (-14.7688, -24.1582, 20.0961)
                                                                                    (-5.268, -31.224, -4.795)

              9          A 137          A 150             14        532.572         (-5.268, -31.224, -4.795)         (2.18124, -10.7387, 9.38244)
                                                                                    (-9.666, 2.608, -9.65)

             10          A 150          A 168             19        752.083         (-9.666, 2.608, -9.65)         (13.6762, 7.72814, -20.1922)
                                                                                    (-2.23, -21.267, -15.383)

             11          A 168          A 188             21         821.57         (-2.23, -21.267, -15.383)         (14.0271, -25.8567, 2.10145)
                                                                                    (7.8, -13.313, -21.539)

             12          A 188          A 192              5        183.195         (7.8, -13.313, -21.539)
                                                                                    (16.604, -13.735, -15.025)

