Using structure file: /home/pkas7/Research/SCOP/pdbstyle-1.75B/hf/d2hfta2.ent
Number of residues: 103
Doing a BEZIER segmentation ...

Bounding box volume: 33879.9
Null Model Fit: 4584.44 bits.
Bits per residue: 44.9455

Bezier model fit: 4171.78 bits.
Bits per residue: 40.8998

# of segments: 12
Internal segmentation:
0-->13-->14-->26-->28-->42-->53-->54-->62-->73-->86-->88-->102

CPU time used: 5.6 secs.
Wall clock time elapsed: 5 secs.

        SEGMENT          START            END   NUM_RESIDUES MESSAGE_LENGTH                    END_POINTS        INTERMEDIATE_CONTROL_POINTS
              1          A 107          A 120             14        525.471         (21.719, 39.715, 33.185)         (15.3162, 56.5403, 21.1665)
                                                                                    (8.682, 50.994, 0.188)

              2          A 120          A 121              2        47.9826         (8.682, 50.994, 0.188)
                                                                                    (6.753, 47.967, 1.414)

              3          A 121          A 133             13        465.094         (6.753, 47.967, 1.414)         (17.7455, 48.7131, 18.3144)
                                                                                    (33.099, 48.161, 30.126)

              4          A 133          A 135              3        93.9281         (33.099, 48.161, 30.126)
                                                                                    (37.924, 46.033, 27.012)

              5          A 135          A 149             15        601.303         (37.924, 46.033, 27.012)
                                                                                    (26.494, 34.88, 17.495)

              6          A 149          A 160             12         431.62         (26.494, 34.88, 17.495)
                                                                                    (-4.163, 46.801, 16.054)

              7          A 160          A 163              2        47.9826         (-4.163, 46.801, 16.054)
                                                                                    (-5.401, 39.636, 17.814)

              8          A 163          A 171              9        326.057         (-5.401, 39.636, 17.814)         (7.42275, 36.7397, 13.2412)
                                                                                    (21.78, 37.372, 15.317)

              9          A 171          A 182             12        456.106         (21.78, 37.372, 15.317)
                                                                                    (-2.071, 50.915, 4.976)

             10          A 182          A 195             14        512.768         (-2.071, 50.915, 4.976)         (10.7251, 48.7478, 26.671)
                                                                                    (22.622, 28.491, 24.794)

             11          A 195          A 197              3        93.9281         (22.622, 28.491, 24.794)
                                                                                    (20.643, 27.39, 30.943)

             12          A 197          A 211             15        569.536         (20.643, 27.39, 30.943)         (13.1602, 45.9007, 31.6604)
                                                                                    (2.388, 56.5, 12.972)

