Using structure file: /home/pkas7/Research/SCOP/pdbstyle-1.75B/hh/d2hhva2.ent
Number of residues: 408
Doing a BEZIER segmentation ...

Bounding box volume: 198198
Null Model Fit: 19330 bits.
Bits per residue: 47.4939

Bezier model fit: 16704.3 bits.
Bits per residue: 41.0425

# of segments: 24
Internal segmentation:
0-->27-->54-->72-->83-->99-->127-->145-->150-->161-->175-->199-->220-->231-->258-->260-->289-->298-->320-->348-->360-->370-->390-->401-->407

CPU time used: 25.68 secs.
Wall clock time elapsed: 25 secs.

        SEGMENT          START            END   NUM_RESIDUES MESSAGE_LENGTH                    END_POINTS        INTERMEDIATE_CONTROL_POINTS
              1          A 469          A 496             28        1078.55         (-8.631, 30.385, 23.683)         (2.37488, 38.9816, 6.40936)
                                                                                    (30.957, 53.418, 19.265)

              2          A 496          A 523             28        1050.11         (30.957, 53.418, 19.265)         (45.5352, 50.7048, 34.9956)
                                                                                    (51.516, 36.707, 49.578)

              3          A 523          A 541             19        760.485         (51.516, 36.707, 49.578)         (30.9992, 26.2818, 33.0158)
                                                                                    (46.281, 30.218, 53.44)

              4          A 541          A 552             12        458.781         (46.281, 30.218, 53.44)         (24.4877, 33.8458, 61.2792)
                                                                                    (34.385, 20.433, 44.191)

              5          A 552          A 568             17        679.106         (34.385, 20.433, 44.191)         (22.9431, 43.8327, 50.5271)
                                                                                    (40.379, 40.601, 55.257)

              6          A 568          A 596             29        1096.11         (40.379, 40.601, 55.257)
                                                                                    (29.852, 44.015, 12.355)

              7          A 596          A 614             19        761.325         (29.852, 44.015, 12.355)
                                                                                    (6.238, 34.571, 27.722)

              8          A 614          A 619              6        224.772         (6.238, 34.571, 27.722)
                                                                                    (21.51, 36.526, 22.269)

              9          A 619          A 630             12        459.781         (21.51, 36.526, 22.269)
                                                                                    (26.98, 50.123, 39.178)

             10          A 630          A 644             15        572.621         (26.98, 50.123, 39.178)
                                                                                    (22.372, 58.276, 12.112)

             11          A 644          A 668             25         990.82         (22.372, 58.276, 12.112)
                                                                                    (-6.513, 43.834, 46.537)

             12          A 668          A 689             22        873.005         (-6.513, 43.834, 46.537)         (4.88155, 64.183, 39.7408)
                                                                                    (4.039, 45.907, 57.529)

             13          A 689          A 700             12        471.953         (4.039, 45.907, 57.529)         (2.83595, 66.5303, 61.4094)
                                                                                    (16.446, 50.195, 56.19)

             14          A 700          A 727             28        1117.48         (16.446, 50.195, 56.19)         (0.694496, 29.7142, 37.1126)
                                                                                    (17.694, 36.974, 58.609)

             15          A 727          A 729              3        99.0249         (17.694, 36.974, 58.609)
                                                                                    (13.304, 31.931, 58.696)

             16          A 729          A 758             30        1152.22         (13.304, 31.931, 58.696)         (-9.73502, 52.5534, 54.5197)
                                                                                    (-3.686, 21.934, 40.834)

             17          A 758          A 767             10        389.495         (-3.686, 21.934, 40.834)
                                                                                    (-3.909, 37.377, 27.22)

             18          A 767          A 789             23        915.088         (-3.909, 37.377, 27.22)         (10.4427, 2.11621, 51.0974)
                                                                                    (6.086, 29.645, 43.29)

             19          A 789          A 817             29        1089.63         (6.086, 29.645, 43.29)
                                                                                    (0.265, 56.193, 10.862)

             20          A 817          A 829             13         509.79         (0.265, 56.193, 10.862)         (19.8921, 57.9214, 10.5724)
                                                                                    (11.255, 43.139, 29.576)

             21          A 829          A 839             11        424.626         (11.255, 43.139, 29.576)
                                                                                    (13.266, 66.624, 15.628)

             22          A 839          A 859             21        821.105         (13.266, 66.624, 15.628)
                                                                                    (-8.145, 48.153, 37.49)

             23          A 859          A 870             12        435.758         (-8.145, 48.153, 37.49)         (6.10882, 58.2419, 34.1643)
                                                                                    (22.898, 61.164, 22.764)

             24          A 870          A 876              7        272.642         (22.898, 61.164, 22.764)
                                                                                    (18.375, 58.473, 31.824)

