Using structure file: /home/pkas7/Research/SCOP/pdbstyle-1.75B/hj/d2hjsa1.ent
Number of residues: 144
Doing a BEZIER segmentation ...

Bounding box volume: 29636.9
Null Model Fit: 6399.6 bits.
Bits per residue: 44.7525

Bezier model fit: 5930.36 bits.
Bits per residue: 41.471

# of segments: 10
Internal segmentation:
0-->11-->37-->48-->57-->72-->87-->100-->109-->127-->143

CPU time used: 8.05 secs.
Wall clock time elapsed: 8 secs.

        SEGMENT          START            END   NUM_RESIDUES MESSAGE_LENGTH                    END_POINTS        INTERMEDIATE_CONTROL_POINTS
              1            A 3           A 14             12        461.523         (-37.936, 71.875, -15.606)
                                                                                    (-13.023, 59.659, -5.387)

              2           A 14           A 40             27        1066.37         (-13.023, 59.659, -5.387)         (-48.8413, 70.7482, 5.29434)
                                                                                    (-11.495, 55.883, -17.995)

              3           A 40           A 51             12        461.696         (-11.495, 55.883, -17.995)
                                                                                    (-30.764, 51.877, -2.623)

              4           A 51           A 60             10        375.298         (-30.764, 51.877, -2.623)         (-21.0303, 51.2369, -15.2085)
                                                                                    (-14.419, 61.807, -21.775)

              5           A 60           A 75             16        624.183         (-14.419, 61.807, -21.775)         (-41.1469, 73.7937, -17.2396)
                                                                                    (-8.506, 65.992, -10.229)

              6           A 75           A 90             16        614.762         (-8.506, 65.992, -10.229)         (-10.3642, 73.6489, -22.6002)
                                                                                    (-25.644, 74.849, -20.73)

              7           A 90          A 103             14         550.43         (-25.644, 74.849, -20.73)         (-8.09127, 66.2733, -0.269685)
                                                                                    (-11.728, 84.779, -12.021)

              8          A 103          A 112             10        374.189         (-11.728, 84.779, -12.021)
                                                                                    (-19.976, 83.537, 3.517)

              9          A 112          A 320             19        747.599         (-19.976, 83.537, 3.517)         (-29.4621, 90.904, -27.7736)
                                                                                    (-15.526, 69.925, 0.514)

             10          A 320          A 336             17        654.307         (-15.526, 69.925, 0.514)
                                                                                    (-34.114, 78.425, -11.107)

