Using structure file: /home/pkas7/Research/SCOP/pdbstyle-1.75B/hl/d2hlya1.ent
Number of residues: 200
Doing a BEZIER segmentation ...

Bounding box volume: 69597.8
Null Model Fit: 9150.84 bits.
Bits per residue: 45.9841

Bezier model fit: 8165.23 bits.
Bits per residue: 41.0313

# of segments: 13
Internal segmentation:
0-->24-->45-->60-->70-->78-->88-->104-->117-->128-->138-->167-->182-->199

CPU time used: 11.67 secs.
Wall clock time elapsed: 11 secs.

        SEGMENT          START            END   NUM_RESIDUES MESSAGE_LENGTH                    END_POINTS        INTERMEDIATE_CONTROL_POINTS
              1            A 5           A 29             25        994.899         (47.538, 41.768, 20.275)         (52.9394, 21.0692, 1.97653)
                                                                                    (28.439, 28.624, 1.712)

              2           A 29           A 50             22        836.418         (28.439, 28.624, 1.712)
                                                                                    (46.069, 28.806, 26.153)

              3           A 50           A 65             16        604.784         (46.069, 28.806, 26.153)         (13.973, 32.7311, 17.5062)
                                                                                    (37.534, 50.749, 4.115)

              4           A 65           A 75             11        422.681         (37.534, 50.749, 4.115)
                                                                                    (12.897, 42.538, 6.952)

              5           A 75           A 85              9        352.703         (12.897, 42.538, 6.952)
                                                                                    (23.321, 32.107, 4.561)

              6           A 85           A 95             11        411.085         (23.321, 32.107, 4.561)
                                                                                    (38.606, 40.174, 25.236)

              7           A 95          A 111             17        662.006         (38.606, 40.174, 25.236)         (39.8487, 29.282, -0.356652)
                                                                                    (30.829, 45.877, -6.269)

              8          A 111          A 124             14        525.929         (30.829, 45.877, -6.269)         (50.24, 37.2855, 6.40754)
                                                                                    (35.654, 46.938, 24.057)

              9          A 124          A 135             12         469.87         (35.654, 46.938, 24.057)         (16.5383, 50.8301, 12.5783)
                                                                                    (35.1, 54.481, 10.473)

             10          A 135          A 145             11        410.913         (35.1, 54.481, 10.473)
                                                                                    (22.977, 32.102, 21.242)

             11          A 145          A 174             30        1153.79         (22.977, 32.102, 21.242)         (26.7002, 1.29234, 7.08344)
                                                                                    (53.659, 29.964, 15.395)

             12          A 174          A 189             16        629.476         (53.659, 29.964, 15.395)         (59.6697, 23.0075, 0.431681)
                                                                                    (37.275, 5.135, 5.321)

             13          A 189          A 206             18        690.668         (37.275, 5.135, 5.321)         (58.2029, 26.1058, -8.59602)
                                                                                    (41.375, 46.442, 9.557)

