Using structure file: /home/pkas7/Research/SCOP/pdbstyle-1.75B/hq/d2hqxa1.ent
Number of residues: 90
Doing a BEZIER segmentation ...

Bounding box volume: 18069.5
Null Model Fit: 3919.44 bits.
Bits per residue: 44.0386

Bezier model fit: 3671.22 bits.
Bits per residue: 41.2496

# of segments: 8
Internal segmentation:
0-->15-->28-->38-->49-->50-->61-->70-->89

CPU time used: 4.71 secs.
Wall clock time elapsed: 4 secs.

        SEGMENT          START            END   NUM_RESIDUES MESSAGE_LENGTH                    END_POINTS        INTERMEDIATE_CONTROL_POINTS
              1            A 8           A 23             16        599.314         (-10.763, 11.21, 11.256)
                                                                                    (-13.858, 2.002, -9.414)

              2           A 23           A 36             14        543.353         (-13.858, 2.002, -9.414)         (3.84384, -11.8834, -19.7637)
                                                                                    (11.342, 3.545, -1.787)

              3           A 36           A 46             11        418.992         (11.342, 3.545, -1.787)
                                                                                    (-8.714, -8.192, 1.679)

              4           A 46           A 57             12        454.674         (-8.714, -8.192, 1.679)         (5.56944, 12.4649, 2.81285)
                                                                                    (13.255, -10.147, -2.994)

              5           A 57           A 58              2        47.0757         (13.255, -10.147, -2.994)
                                                                                    (11.437, -11.723, -5.974)

              6           A 58           A 69             12        448.924         (11.437, -11.723, -5.974)
                                                                                    (-0.182, 1.571, 10.504)

              7           A 69           A 78             10        375.263         (-0.182, 1.571, 10.504)         (11.161, -12.0005, 6.14023)
                                                                                    (-0.198, -9.198, -7.541)

              8           A 78           A 97             20         783.62         (-0.198, -9.198, -7.541)         (-3.9151, 25.1324, -9.66584)
                                                                                    (1.593, 5.923, 15.268)

