Using structure file: /home/pkas7/Research/SCOP/pdbstyle-1.75B/hs/d2hs5a2.ent
Number of residues: 138
Doing a BEZIER segmentation ...

Bounding box volume: 29354.8
Null Model Fit: 6129.2 bits.
Bits per residue: 44.7387

Bezier model fit: 5481.88 bits.
Bits per residue: 40.0138

# of segments: 9
Internal segmentation:
0-->22-->45-->46-->65-->67-->90-->112-->113-->137

CPU time used: 7.69 secs.
Wall clock time elapsed: 7 secs.

        SEGMENT          START            END   NUM_RESIDUES MESSAGE_LENGTH                    END_POINTS        INTERMEDIATE_CONTROL_POINTS
              1           A 94          A 116             23        865.787         (19.358, 6.853, 30.117)         (33.8423, 12.7013, 26.9387)
                                                                                    (52.39, 16.673, 36.533)

              2          A 116          A 139             24        939.784         (52.39, 16.673, 36.533)         (40.6885, 21.6935, 52.0877)
                                                                                    (25.156, 10.252, 57.32)

              3          A 139          A 140              2        47.7757         (25.156, 10.252, 57.32)
                                                                                    (24.252, 13.072, 54.916)

              4          A 140          A 159             20        748.233         (24.252, 13.072, 54.916)
                                                                                    (43.52, 19.995, 32.951)

              5          A 159          A 161              3        93.5144         (43.52, 19.995, 32.951)
                                                                                    (41.723, 25.158, 31.438)

              6          A 161          A 184             24        914.988         (41.723, 25.158, 31.438)         (20.3102, 23.0629, 31.3981)
                                                                                    (19.669, 5.075, 46.44)

              7          A 184          A 206             23        876.387         (19.669, 5.075, 46.44)         (38.1383, 4.21817, 50.0749)
                                                                                    (52.667, 10.338, 41.488)

              8          A 206          A 207              2        47.7757         (52.667, 10.338, 41.488)
                                                                                    (51.21, 7.281, 39.77)

              9          A 207          A 231             25         947.64         (51.21, 7.281, 39.77)
                                                                                    (13.655, 3.915, 35.873)

