Using structure file: /home/pkas7/Research/SCOP/pdbstyle-1.75B/hv/d2hv2a1.ent
Number of residues: 107
Doing a BEZIER segmentation ...

Bounding box volume: 33393.9
Null Model Fit: 4762.01 bits.
Bits per residue: 44.9247

Bezier model fit: 4414.24 bits.
Bits per residue: 41.6438

# of segments: 8
Internal segmentation:
0-->15-->26-->41-->49-->58-->79-->105-->106

CPU time used: 5.73 secs.
Wall clock time elapsed: 5 secs.

        SEGMENT          START            END   NUM_RESIDUES MESSAGE_LENGTH                    END_POINTS        INTERMEDIATE_CONTROL_POINTS
              1          A 287          A 302             16        634.908         (60.972, 31.438, 46.993)         (43.8431, 32.8004, 49.5648)
                                                                                    (47.959, 39.577, 65.393)

              2          A 302          A 313             12        437.631         (47.959, 39.577, 65.393)         (65.972, 26.1234, 66.1725)
                                                                                    (69.309, 23.468, 47.162)

              3          A 313          A 328             16        620.865         (69.309, 23.468, 47.162)         (69.1548, 36.687, 65.0858)
                                                                                    (43.059, 39.722, 58.491)

              4          A 328          A 336              9        336.126         (43.059, 39.722, 58.491)         (54.89, 39.7642, 52.6032)
                                                                                    (66.657, 36.939, 60.366)

              5          A 336          A 349             10        397.672         (66.657, 36.939, 60.366)         (59.507, 32.6697, 77.2941)
                                                                                    (63.433, 21.297, 56.442)

              6          A 349          A 370             22         857.71         (63.433, 21.297, 56.442)         (38.4765, 22.7301, 51.9582)
                                                                                    (59.002, 15.108, 64.899)

              7          A 370          A 396             27        1081.37         (59.002, 15.108, 64.899)         (40.6516, 37.4811, 77.1783)
                                                                                    (49.953, 15.942, 34.593)

              8          A 396          A 397              2        47.9617         (49.953, 15.942, 34.593)
                                                                                    (53.402, 16.96, 33.276)

