Using structure file: /home/pkas7/Research/SCOP/pdbstyle-1.75B/hw/d2hw4a1.ent
Number of residues: 110
Doing a BEZIER segmentation ...

Bounding box volume: 26855.6
Null Model Fit: 4862.52 bits.
Bits per residue: 44.6103

Bezier model fit: 4466.53 bits.
Bits per residue: 40.9774

# of segments: 9
Internal segmentation:
0-->13-->25-->36-->38-->55-->71-->82-->88-->109

CPU time used: 6.1 secs.
Wall clock time elapsed: 6 secs.

        SEGMENT          START            END   NUM_RESIDUES MESSAGE_LENGTH                    END_POINTS        INTERMEDIATE_CONTROL_POINTS
              1            A 5           A 18             14        531.897         (-26.664, -24.044, -10.003)
                                                                                    (2.311, -14.739, -18.218)

              2           A 18           A 30             13        491.441         (2.311, -14.739, -18.218)         (-11.4124, -8.39347, -4.27855)
                                                                                    (-29.226, -15.578, -5.865)

              3           A 30           A 49             12        449.388         (-29.226, -15.578, -5.865)         (-9.33474, -22.7082, -1.61178)
                                                                                    (-6.673, -8.708, -22.064)

              4           A 49           A 51              3        93.2576         (-6.673, -8.708, -22.064)
                                                                                    (-6.291, -3.269, -18.713)

              5           A 51           A 68             18        691.452         (-6.291, -3.269, -18.713)
                                                                                    (-29.629, -14.373, -12.831)

              6           A 68           A 84             17        635.405         (-29.629, -14.373, -12.831)         (-4.45433, 0.601371, 2.11584)
                                                                                    (6.542, -24.717, -18.286)

              7           A 84           A 95             12        451.455         (6.542, -24.717, -18.286)         (1.90735, -20.5561, -2.22335)
                                                                                    (-6.863, -0.113, -6.364)

              8           A 95          A 101              7        258.781         (-6.863, -0.113, -6.364)
                                                                                    (-7.231, -12.7, 0.293)

              9          A 101          A 122             22        863.454         (-7.231, -12.7, 0.293)         (-5.54635, -41.8814, -18.2123)
                                                                                    (0.518, -11.801, 2)

