Using structure file: /home/pkas7/Research/SCOP/pdbstyle-1.75B/hx/d2hxva1.ent
Number of residues: 198
Doing a BEZIER segmentation ...

Bounding box volume: 63429.1
Null Model Fit: 9032.49 bits.
Bits per residue: 45.8502

Bezier model fit: 8162.04 bits.
Bits per residue: 41.4317

# of segments: 15
Internal segmentation:
0-->9-->18-->40-->62-->74-->89-->103-->104-->125-->135-->147-->166-->173-->187-->197

CPU time used: 11.74 secs.
Wall clock time elapsed: 11 secs.

        SEGMENT          START            END   NUM_RESIDUES MESSAGE_LENGTH                    END_POINTS        INTERMEDIATE_CONTROL_POINTS
              1          A 148          A 157             10        370.425         (41.736, 14.258, 18.529)
                                                                                    (29.155, 35.694, 3.965)

              2          A 157          A 166             10        390.813         (29.155, 35.694, 3.965)
                                                                                    (35.642, 47.112, 10.535)

              3          A 166          A 188             23        894.259         (35.642, 47.112, 10.535)         (10.0067, 23.4876, 13.3818)
                                                                                    (35.179, 17.678, 23.835)

              4          A 188          A 210             23        906.714         (35.179, 17.678, 23.835)         (48.5584, 55.1835, 13.8674)
                                                                                    (21.186, 21.989, 30.224)

              5          A 210          A 222             13         481.51         (21.186, 21.989, 30.224)         (40.7153, 21.3081, 23.8416)
                                                                                    (52.895, 35.41, 21.793)

              6          A 222          A 237             16        636.752         (52.895, 35.41, 21.793)         (37.231, 44.8438, 34.9857)
                                                                                    (34.803, 25.151, 31.872)

              7          A 237          A 251             15        584.424         (34.803, 25.151, 31.872)         (68.0819, 32.6435, 18.3353)
                                                                                    (44.17, 33.286, 35.792)

              8          A 251          A 252              2        48.8873         (44.17, 33.286, 35.792)
                                                                                    (44.941, 30.492, 38.272)

              9          A 252          A 273             22         871.58         (44.941, 30.492, 38.272)         (58.8345, 20.7413, 5.22567)
                                                                                    (44.835, 15.437, 28.069)

             10          A 273          A 283             11        412.149         (44.835, 15.437, 28.069)         (32.3153, 12.7019, 17.043)
                                                                                    (39.775, 33.194, 13.417)

             11          A 283          A 295             13        506.116         (39.775, 33.194, 13.417)         (50.8277, 28.3722, 6.68245)
                                                                                    (38.683, 15.716, 9.441)

             12          A 295          A 314             20         782.61         (38.683, 15.716, 9.441)         (15.2741, 51.1853, 0.00140851)
                                                                                    (43.446, 34.788, 4.756)

             13          A 314          A 321              8        297.375         (43.446, 34.788, 4.756)
                                                                                    (45.635, 24.493, -10.471)

             14          A 321          A 335             15        568.026         (45.635, 24.493, -10.471)         (32.0416, 6.398, 4.90847)
                                                                                    (15.92, 31.352, 5.377)

             15          A 335          A 345             11        410.404         (15.92, 31.352, 5.377)
                                                                                    (38.972, 13.457, -0.32)

