Using structure file: /home/pkas7/Research/SCOP/pdbstyle-1.75B/hy/d2hyec2.ent
Number of residues: 347
Doing a BEZIER segmentation ...

Bounding box volume: 161839
Null Model Fit: 16331.7 bits.
Bits per residue: 47.2016

Bezier model fit: 13975.3 bits.
Bits per residue: 40.391

# of segments: 17
Internal segmentation:
0-->21-->41-->69-->74-->97-->119-->148-->170-->199-->200-->223-->224-->245-->274-->300-->326-->346

CPU time used: 21.52 secs.
Wall clock time elapsed: 21 secs.

        SEGMENT          START            END   NUM_RESIDUES MESSAGE_LENGTH                    END_POINTS        INTERMEDIATE_CONTROL_POINTS
              1           C 55           C 76             22        846.142         (11.772, 27.744, -109.833)         (1.0398, 9.44391, -98.7363)
                                                                                    (0.387, -4.555, -100.213)

              2           C 76           C 96             21        833.222         (0.387, -4.555, -100.213)         (24.4086, 9.56055, -99.5408)
                                                                                    (4.018, 24.547, -89.213)

              3           C 96          C 124             29        1096.94         (4.018, 24.547, -89.213)         (-6.09269, 10.1651, -98.9021)
                                                                                    (-23.354, -12.842, -99.058)

              4          C 124          C 129              6        227.861         (-23.354, -12.842, -99.058)
                                                                                    (-16.003, -18.632, -90.329)

              5          C 129          C 152             24        899.012         (-16.003, -18.632, -90.329)
                                                                                    (7.452, 7.045, -92.109)

              6          C 152          C 174             23        905.605         (7.452, 7.045, -92.109)         (-1.58341, 26.9586, -72.2574)
                                                                                    (-6.681, 4.522, -88.113)

              7          C 174          C 203             30        1159.62         (-6.681, 4.522, -88.113)         (-31.3101, -2.42867, -92.2015)
                                                                                    (-16.9, -25.034, -77.977)

              8          C 203          C 225             23        911.254         (-16.9, -25.034, -77.977)         (-4.18258, -20.8492, -85.8761)
                                                                                    (-13.059, -0.043, -77.932)

              9          C 225          C 254             30        1149.43         (-13.059, -0.043, -77.932)         (-34.2411, -15.2811, -70.8129)
                                                                                    (-27.958, -37.033, -63.526)

             10          C 254          C 255              2        50.2386         (-27.958, -37.033, -63.526)
                                                                                    (-27.216, -37.736, -59.83)

             11          C 255          C 278             24        921.315         (-27.216, -37.736, -59.83)
                                                                                    (-11.385, -13.44, -73.224)

             12          C 278          C 279              2        50.2386         (-11.385, -13.44, -73.224)
                                                                                    (-10.733, -10.061, -71.658)

             13          C 279          C 300             22        845.095         (-10.733, -10.061, -71.658)
                                                                                    (-31.524, -26.137, -51.293)

             14          C 300          C 329             30        1184.38         (-31.524, -26.137, -51.293)         (-13.6729, -54.6322, -46.5178)
                                                                                    (-21.867, -18.997, -53.303)

             15          C 329          C 355             27        1020.77         (-21.867, -18.997, -53.303)
                                                                                    (-35.029, -48.609, -25.478)

             16          C 355          C 381             27        1061.22         (-35.029, -48.609, -25.478)         (-14.5385, -46.9513, -33.9545)
                                                                                    (-11.048, -28.492, -43.944)

             17          C 381          C 401             21        812.954         (-11.048, -28.492, -43.944)         (-23.4752, -23.357, -30.7818)
                                                                                    (-33.344, -39.323, -24.109)

