Using structure file: /home/pkas7/Research/SCOP/pdbstyle-1.75B/i3/d2i3ba1.ent
Number of residues: 189
Doing a BEZIER segmentation ...

Bounding box volume: 77124.3
Null Model Fit: 8672.86 bits.
Bits per residue: 46.1323

Bezier model fit: 7760.04 bits.
Bits per residue: 41.2768

# of segments: 13
Internal segmentation:
0-->9-->28-->42-->54-->70-->77-->102-->112-->134-->146-->152-->169-->188

CPU time used: 11.02 secs.
Wall clock time elapsed: 11 secs.

        SEGMENT          START            END   NUM_RESIDUES MESSAGE_LENGTH                    END_POINTS        INTERMEDIATE_CONTROL_POINTS
              1            A 1           A 10             10        382.777         (-19.065, -2.281, -4.763)
                                                                                    (3.887, 11.792, -4.743)

              2           A 10           A 29             20        767.927         (3.887, 11.792, -4.743)
                                                                                    (-17.704, -1.938, 12.918)

              3           A 29           A 43             15        569.016         (-17.704, -1.938, 12.918)         (5.12191, -5.4844, -2.30912)
                                                                                    (14.159, 11.403, 16.822)

              4           A 43           A 55             13        507.246         (14.159, 11.403, 16.822)         (16.8086, 2.39999, -1.11382)
                                                                                    (-2.735, -5.103, 14.351)

              5           A 55           A 71             17        664.019         (-2.735, -5.103, 14.351)         (24.0895, 6.15904, 7.63075)
                                                                                    (28.431, -9.206, -8.261)

              6           A 71           A 78              8        300.609         (28.431, -9.206, -8.261)         (15.5749, -8.35211, -0.91261)
                                                                                    (18.735, 5.455, -2.895)

              7           A 78          A 103             26        1027.03         (18.735, 5.455, -2.895)         (10.2242, -19.9674, 11.6633)
                                                                                    (-22.634, -12.806, 2.968)

              8          A 103          A 113             11        413.845         (-22.634, -12.806, 2.968)
                                                                                    (2.632, 2.399, -1.435)

              9          A 113          A 135             23        901.394         (2.632, 2.399, -1.435)         (16.4614, -13.8348, -10.2423)
                                                                                    (-14.671, -11.871, -2.966)

             10          A 135          A 147             13        488.068         (-14.671, -11.871, -2.966)         (-4.00959, 4.24131, 5.08251)
                                                                                    (3.069, 7.853, -17.25)

             11          A 147          A 153              7        261.388         (3.069, 7.853, -17.25)
                                                                                    (3.231, -4.751, -9.882)

             12          A 153          A 170             18        696.616         (3.231, -4.751, -9.882)         (-19.8185, -9.33501, -18.306)
                                                                                    (-2.333, 19.044, -3.008)

             13          A 170          A 189             20        780.098         (-2.333, 19.044, -3.008)
                                                                                    (-24.536, -1.68, 4.644)

