Using structure file: /home/pkas7/Research/SCOP/pdbstyle-1.75B/i4/d2i4ra1.ent
Number of residues: 76
Doing a BEZIER segmentation ...

Bounding box volume: 16532.1
Null Model Fit: 3293.27 bits.
Bits per residue: 43.9103

Bezier model fit: 3084.57 bits.
Bits per residue: 41.1275

# of segments: 6
Internal segmentation:
0-->7-->25-->40-->56-->67-->75

CPU time used: 3.69 secs.
Wall clock time elapsed: 3 secs.

        SEGMENT          START            END   NUM_RESIDUES MESSAGE_LENGTH                    END_POINTS        INTERMEDIATE_CONTROL_POINTS
              1            A 4           A 11              8        302.566         (-9.28, 69.693, 66.527)         (-10.3597, 71.7706, 82.4206)
                                                                                    (-2.498, 79.884, 79.615)

              2           A 11           A 29             19        739.671         (-2.498, 79.884, 79.615)         (-6.92922, 80.3046, 51.5922)
                                                                                    (-11.347, 73.157, 88.204)

              3           A 29           A 44             16         598.65         (-11.347, 73.157, 88.204)
                                                                                    (-19.831, 64.108, 66.387)

              4           A 44           A 60             17        659.212         (-19.831, 64.108, 66.387)         (9.33184, 71.2272, 78.4222)
                                                                                    (-13.735, 58.648, 86.416)

              5           A 60           A 71             12        456.653         (-13.735, 58.648, 86.416)
                                                                                    (-11.848, 55.401, 67.981)

              6           A 71           A 79              9        327.812         (-11.848, 55.401, 67.981)
                                                                                    (3.361, 65.607, 79.071)

