Using structure file: /home/pkas7/Research/SCOP/pdbstyle-1.75B/i6/d2i6ca1.ent
Number of residues: 160
Doing a BEZIER segmentation ...

Bounding box volume: 38453.6
Null Model Fit: 7175.38 bits.
Bits per residue: 45.1282

Bezier model fit: 6518.99 bits.
Bits per residue: 40.9999

# of segments: 12
Internal segmentation:
0-->9-->29-->49-->57-->73-->86-->108-->119-->130-->143-->145-->159

CPU time used: 9.31 secs.
Wall clock time elapsed: 9 secs.

        SEGMENT          START            END   NUM_RESIDUES MESSAGE_LENGTH                    END_POINTS        INTERMEDIATE_CONTROL_POINTS
              1         A 1001         A 1010             10        372.966         (25.99, 28.77, 5.492)         (11.385, 26.8387, 16.5122)
                                                                                    (2.886, 21.46, 1.669)

              2         A 1010         A 1030             21         825.65         (2.886, 21.46, 1.669)         (25.136, 8.4816, -11.3929)
                                                                                    (12.839, 5.951, 3.981)

              3         A 1030         A 1050             21        839.695         (12.839, 5.951, 3.981)         (0.505404, 8.88414, -12.9874)
                                                                                    (6.307, 14.034, 14.25)

              4         A 1050         A 1058              9        327.987         (6.307, 14.034, 14.25)
                                                                                    (19.462, 31.586, 0.749)

              5         A 1058         A 1074             17        667.453         (19.462, 31.586, 0.749)         (7.35969, 7.31958, 7.23588)
                                                                                    (12.355, 8.624, 27.289)

              6         A 1074         A 1087             14        534.852         (12.355, 8.624, 27.289)         (13.8692, 9.74293, -0.777482)
                                                                                    (24.123, 20.978, -0.359)

              7         A 1087         A 1109             23        889.649         (24.123, 20.978, -0.359)
                                                                                    (11.656, 15.61, 27.521)

              8         A 1109         A 1120             12         448.54         (11.656, 15.61, 27.521)
                                                                                    (26.373, 1.733, 3.125)

              9         A 1120         A 1131             12        461.955         (26.373, 1.733, 3.125)
                                                                                    (28.132, 14.503, 16.842)

             10         A 1131         A 1144             14        510.247         (28.132, 14.503, 16.842)         (24.9007, -11.266, 25.0678)
                                                                                    (14.775, -3.543, -2.379)

             11         A 1144         A 1146              3        94.2934         (14.775, -3.543, -2.379)
                                                                                    (16.342, -8.565, -1.316)

             12         A 1146         A 1160             15          545.7         (16.342, -8.565, -1.316)         (30.1074, -0.730737, 16.2866)
                                                                                    (17.623, 18.718, 30.274)

