Using structure file: /home/pkas7/Research/SCOP/pdbstyle-1.75B/i7/d2i7da_.ent
Number of residues: 193
Doing a BEZIER segmentation ...

Bounding box volume: 57706.4
Null Model Fit: 8777.05 bits.
Bits per residue: 45.7138

Bezier model fit: 7937.88 bits.
Bits per residue: 41.3431

# of segments: 11
Internal segmentation:
0-->28-->42-->65-->88-->101-->130-->142-->149-->163-->180-->192

CPU time used: 11.28 secs.
Wall clock time elapsed: 11 secs.

        SEGMENT          START            END   NUM_RESIDUES MESSAGE_LENGTH                    END_POINTS        INTERMEDIATE_CONTROL_POINTS
              1            A 3           A 31             29         1130.8         (65.404, -4.345, 12.459)
                                                                                    (36.979, -49.058, 4.997)

              2           A 31           A 45             15        605.827         (36.979, -49.058, 4.997)         (36.3453, -29.5833, -9.10438)
                                                                                    (36.874, -28.399, 10.363)

              3           A 45           A 68             24        940.917         (36.874, -28.399, 10.363)         (17.2269, -41.5917, 5.48828)
                                                                                    (47.493, -42.298, 20.163)

              4           A 68           A 91             24        940.436         (47.493, -42.298, 20.163)         (58.955, -31.8108, -4.70201)
                                                                                    (70.289, -12.361, 8.683)

              5           A 91          A 104             14          521.2         (70.289, -12.361, 8.683)
                                                                                    (40.844, -33.284, 23.555)

              6          A 104          A 133             30        1189.91         (40.844, -33.284, 23.555)         (82.976, -37.8394, 13.0007)
                                                                                    (44.799, -17.73, 20.916)

              7          A 133          A 145             13        505.442         (44.799, -17.73, 20.916)         (62.0517, -2.60699, 16.7241)
                                                                                    (46.057, -22.358, 6.397)

              8          A 145          A 152              8        303.746         (46.057, -22.358, 6.397)
                                                                                    (41.263, -11.343, 22.073)

              9          A 152          A 166             15        581.201         (41.263, -11.343, 22.073)         (56.7729, -1.6057, 7.74513)
                                                                                    (42.802, -28.434, -0.03)

             10          A 166          A 183             18        715.445         (42.802, -28.434, -0.03)         (34.8852, 1.82659, -4.1397)
                                                                                    (56.77, -23.265, -0.302)

             11          A 183          A 195             13        502.948         (56.77, -23.265, -0.302)
                                                                                    (62.605, -5.024, 6.139)

