Using structure file: /home/pkas7/Research/SCOP/pdbstyle-1.75B/ic/d2icya1.ent
Number of residues: 83
Doing a BEZIER segmentation ...

Bounding box volume: 20437.5
Null Model Fit: 3625.74 bits.
Bits per residue: 44.2163

Bezier model fit: 3359.82 bits.
Bits per residue: 40.9735

# of segments: 7
Internal segmentation:
0-->4-->28-->42-->54-->71-->81-->82

CPU time used: 4.19 secs.
Wall clock time elapsed: 4 secs.

        SEGMENT          START            END   NUM_RESIDUES MESSAGE_LENGTH                    END_POINTS        INTERMEDIATE_CONTROL_POINTS
              1          A 384          A 388              5         180.91         (4.66, 0.028, 9.923)
                                                                                    (11.537, 4.291, 14.002)

              2          A 388          A 412             25         994.67         (11.537, 4.291, 14.002)         (-0.926841, -7.45299, 55.8446)
                                                                                    (-9.047, 2.264, 26.303)

              3          A 412          A 426             15        569.767         (-9.047, 2.264, 26.303)         (15.7563, 10.0085, 10.0294)
                                                                                    (0.993, 7.325, 41.75)

              4          A 426          A 438             13         478.17         (0.993, 7.325, 41.75)         (-21.451, 5.47528, 22.878)
                                                                                    (7.096, 12.228, 22.588)

              5          A 438          A 455             18        678.651         (7.096, 12.228, 22.588)         (-2.23493, 10.8054, 63.8875)
                                                                                    (-9.714, 12.461, 24.248)

              6          A 455          A 465             11        410.403         (-9.714, 12.461, 24.248)         (13.4026, 17.1352, 22.4278)
                                                                                    (-0.984, 17.165, 39.269)

              7          A 465          A 466              2        47.2534         (-0.984, 17.165, 39.269)
                                                                                    (-4.414, 18.61, 38.305)

