Using structure file: /home/pkas7/Research/SCOP/pdbstyle-1.75B/ic/d2icua_.ent
Number of residues: 210
Doing a BEZIER segmentation ...

Bounding box volume: 58311.1
Null Model Fit: 9557.33 bits.
Bits per residue: 45.7288

Bezier model fit: 8734.07 bits.
Bits per residue: 41.7898

# of segments: 17
Internal segmentation:
0-->6-->24-->37-->49-->63-->64-->78-->101-->111-->122-->127-->141-->156-->184-->185-->198-->209

CPU time used: 12.76 secs.
Wall clock time elapsed: 13 secs.

        SEGMENT          START            END   NUM_RESIDUES MESSAGE_LENGTH                    END_POINTS        INTERMEDIATE_CONTROL_POINTS
              1           A 10           A 16              7        259.818         (55.232, 7.862, 43.128)
                                                                                    (52.161, -4.135, 28.13)

              2           A 16           A 34             19        761.402         (52.161, -4.135, 28.13)         (25.9107, -6.45922, 30.489)
                                                                                    (43.226, 3.304, 17.688)

              3           A 34           A 47             14        538.528         (43.226, 3.304, 17.688)         (63.0697, -10.6137, 25.6426)
                                                                                    (55.586, 12.017, 37.9)

              4           A 47           A 59             13        504.158         (55.586, 12.017, 37.9)
                                                                                    (30.031, 7.444, 25.197)

              5           A 59           A 73             15        584.614         (30.031, 7.444, 25.197)         (57.7422, 4.97752, 28.7301)
                                                                                    (48.555, 29.067, 40.86)

              6           A 73           A 78              2        48.7659         (48.555, 29.067, 40.86)
                                                                                    (56.63, 21.006, 42.811)

              7           A 78           A 92             15          587.1         (56.63, 21.006, 42.811)         (36.0267, 0.776091, 51.2451)
                                                                                    (38.371, 22.907, 47.998)

              8           A 92          A 121             24        942.813         (38.371, 22.907, 47.998)         (32.272, 2.97817, 23.6065)
                                                                                    (64.263, -0.903, 49.853)

              9          A 121          A 131             11        428.922         (64.263, -0.903, 49.853)
                                                                                    (45.544, -8.957, 35.837)

             10          A 131          A 142             12        446.764         (45.544, -8.957, 35.837)         (43.315, 11.2968, 46.4186)
                                                                                    (39.296, 17.996, 28.685)

             11          A 142          A 147              6        223.989         (39.296, 17.996, 28.685)
                                                                                    (47.884, 20.59, 29.339)

             12          A 147          A 161             15        571.075         (47.884, 20.59, 29.339)
                                                                                    (46.666, -5.546, 55.735)

             13          A 161          A 176             16        633.066         (46.666, -5.546, 55.735)         (60.6126, 9.66688, 56.9981)
                                                                                    (37.201, -3.743, 36.452)

             14          A 176          A 204             29        1138.79         (37.201, -3.743, 36.452)         (18.7626, 24.9523, 39.1939)
                                                                                    (44.883, -9.688, 50.086)

             15          A 204          A 205              2        48.7659         (44.883, -9.688, 50.086)
                                                                                    (44.465, -9.595, 46.286)

             16          A 205          A 218             14         535.96         (44.465, -9.595, 46.286)         (74.0473, -6.84307, 46.9846)
                                                                                    (64.349, 7.452, 36.428)

             17          A 218          A 229             12        479.542         (64.349, 7.452, 36.428)         (60.9294, -6.25645, 27.9303)
                                                                                    (65.988, -9.29, 43.377)

