Using structure file: /home/pkas7/Research/SCOP/pdbstyle-1.75B/if/d2if5a_.ent
Number of residues: 115
Doing a BEZIER segmentation ...

Bounding box volume: 43557.3
Null Model Fit: 5165.11 bits.
Bits per residue: 45.308

Bezier model fit: 4733.95 bits.
Bits per residue: 41.5259

# of segments: 8
Internal segmentation:
0-->23-->32-->40-->56-->59-->88-->112-->114

CPU time used: 6.25 secs.
Wall clock time elapsed: 6 secs.

        SEGMENT          START            END   NUM_RESIDUES MESSAGE_LENGTH                    END_POINTS        INTERMEDIATE_CONTROL_POINTS
              1            A 8           A 31             24        943.578         (18.529, -25.247, -17.607)         (-9.54461, -44.0381, -13.0819)
                                                                                    (-1.535, -43.154, 3.963)

              2           A 31           A 40             10        372.457         (-1.535, -43.154, 3.963)         (-5.14946, -29.7163, 8.88481)
                                                                                    (-23.693, -37.52, 5.449)

              3           A 40           A 48              9        342.404         (-23.693, -37.52, 5.449)         (-10.8553, -45.9108, 4.6977)
                                                                                    (-5.379, -30.665, 3.366)

              4           A 48           A 64             17        663.654         (-5.379, -30.665, 3.366)         (-12.4208, -24.7781, -10.2839)
                                                                                    (-7.727, -19.911, 8.787)

              5           A 64           A 72              4         141.21         (-7.727, -19.911, 8.787)
                                                                                    (-8.746, -33.286, 12.206)

              6           A 72          A 101             30        1194.35         (-8.746, -33.286, 12.206)         (-51.3327, -30.1654, -5.79125)
                                                                                    (-28.466, -35.887, -15.762)         (21.7373, -41.4636, -9.77966)

              7          A 101          A 125             25        981.646         (-28.466, -35.887, -15.762)         (-8.44371, -17.7648, 3.29824)
                                                                                    (-22.314, -27.814, -20.565)

              8          A 125          A 127              3         94.653         (-22.314, -27.814, -20.565)
                                                                                    (-25.59, -23.23, -21.395)

