Using structure file: /home/pkas7/Research/SCOP/pdbstyle-1.75B/ig/d2igsa1.ent
Number of residues: 212
Doing a BEZIER segmentation ...

Bounding box volume: 69930.9
Null Model Fit: 9704.1 bits.
Bits per residue: 45.991

Bezier model fit: 8661.47 bits.
Bits per residue: 41.0496

# of segments: 15
Internal segmentation:
0-->2-->26-->51-->57-->78-->80-->108-->118-->132-->138-->145-->164-->181-->182-->211

CPU time used: 12.36 secs.
Wall clock time elapsed: 12 secs.

        SEGMENT          START            END   NUM_RESIDUES MESSAGE_LENGTH                    END_POINTS        INTERMEDIATE_CONTROL_POINTS
              1            A 4            A 6              3        96.0191         (20.009, 65.225, -10.642)
                                                                                    (26.632, 63.608, -9.071)

              2            A 6           A 30             25        979.349         (26.632, 63.608, -9.071)         (19.3318, 67.7699, 3.6924)
                                                                                    (16.695, 43.332, -3.643)         (29.1885, 31.0383, -25.3236)

              3           A 30           A 55             26        1024.67         (16.695, 43.332, -3.643)         (30.8967, 67.7018, 12.2818)
                                                                                    (26.466, 76.474, -7.7)

              4           A 55           A 61              7        263.683         (26.466, 76.474, -7.7)
                                                                                    (37.564, 70.358, -6.066)

              5           A 61           A 82             22        816.071         (37.564, 70.358, -6.066)
                                                                                    (33.04, 40.062, -18.384)

              6           A 82           A 84              3        96.0191         (33.04, 40.062, -18.384)
                                                                                    (35.468, 38.519, -13.302)

              7           A 84          A 112             29        1100.07         (35.468, 38.519, -13.302)
                                                                                    (18.608, 57.681, 16.798)

              8          A 112          A 122             11        420.154         (18.608, 57.681, 16.798)
                                                                                    (36.525, 64.606, 13.623)

              9          A 122          A 136             15        596.742         (36.525, 64.606, 13.623)         (41.8331, 61.6778, -8.43641)
                                                                                    (43.456, 58.726, 26.264)

             10          A 136          A 142              7        267.942         (43.456, 58.726, 26.264)         (44.0711, 70.3386, 22.5398)
                                                                                    (53.062, 57.902, 19.87)

             11          A 142          A 149              8         299.11         (53.062, 57.902, 19.87)
                                                                                    (36.956, 59.1, 7.61)

             12          A 149          A 168             20        795.431         (36.956, 59.1, 7.61)         (40.3869, 41.8369, 32.6692)
                                                                                    (33.384, 43.394, 2.406)

             13          A 168          A 185             18        705.275         (33.384, 43.394, 2.406)
                                                                                    (55.284, 51.263, 14.8)

             14          A 185          A 186              2        49.0281         (55.284, 51.263, 14.8)
                                                                                    (57.962, 50.337, 12.195)

             15          A 186          A 215             30        1151.91         (57.962, 50.337, 12.195)         (30.7686, 59.303, -13.9678)
                                                                                    (31.608, 49.552, 18.175)

