Using structure file: /home/pkas7/Research/SCOP/pdbstyle-1.75B/ih/d2ihta2.ent
Number of residues: 183
Doing a BEZIER segmentation ...

Bounding box volume: 52592.7
Null Model Fit: 8295.55 bits.
Bits per residue: 45.5799

Bezier model fit: 7536.13 bits.
Bits per residue: 41.4073

# of segments: 13
Internal segmentation:
0-->1-->24-->44-->60-->70-->87-->100-->107-->119-->147-->158-->178-->182

CPU time used: 10.59 secs.
Wall clock time elapsed: 10 secs.

        SEGMENT          START            END   NUM_RESIDUES MESSAGE_LENGTH                    END_POINTS        INTERMEDIATE_CONTROL_POINTS
              1           A 12           A 13              2         48.617         (-5.052, 76.073, 38.589)
                                                                                    (-1.322, 76.241, 39.295)

              2           A 13           A 36             24        952.083         (-1.322, 76.241, 39.295)         (-0.459966, 78.2025, 4.6426)
                                                                                    (9.771, 64.015, 41.163)

              3           A 36           A 56             21        831.543         (9.771, 64.015, 41.163)         (-18.8261, 74.3786, 24.9675)
                                                                                    (16.475, 59.229, 27.792)

              4           A 56           A 72             17        648.802         (16.475, 59.229, 27.792)
                                                                                    (8.448, 75.592, 11.473)

              5           A 72           A 82             11        416.036         (8.448, 75.592, 11.473)         (5.28242, 68.2858, 28.8967)
                                                                                    (20.077, 68.03, 38.109)

              6           A 82           A 99             18          691.6         (20.077, 68.03, 38.109)         (22.4775, 65.7271, 23.0794)
                                                                                    (19.05, 75.954, 14.672)

              7           A 99          A 112             14        539.601         (19.05, 75.954, 14.672)         (8.01239, 68.0208, 32.101)
                                                                                    (14.045, 78.216, 49.221)

              8          A 112          A 119              8        313.945         (14.045, 78.216, 49.221)         (28.7139, 74.0357, 42.0408)
                                                                                    (21.272, 70.457, 47.846)

              9          A 119          A 131             13        498.036         (21.272, 70.457, 47.846)
                                                                                    (26.062, 79.585, 27.051)

             10          A 131          A 159             29           1139         (26.062, 79.585, 27.051)         (-9.4469, 84.5495, 46.639)
                                                                                    (17.688, 84.141, 13.85)

             11          A 159          A 170             12        446.797         (17.688, 84.141, 13.85)
                                                                                    (9.094, 72.292, 42.131)

             12          A 170          A 193             21        828.881         (9.094, 72.292, 42.131)         (-16.2043, 91.1276, 43.3685)
                                                                                    (8.573, 82.418, 10.463)

             13          A 193          A 197              5        181.195         (8.573, 82.418, 10.463)
                                                                                    (18.408, 90.753, 11.329)

