Using structure file: /home/pkas7/Research/SCOP/pdbstyle-1.75B/ij/d2ijqa1.ent
Number of residues: 145
Doing a BEZIER segmentation ...

Bounding box volume: 42647.9
Null Model Fit: 6519.97 bits.
Bits per residue: 45.2775

Bezier model fit: 5905.43 bits.
Bits per residue: 41.0099

# of segments: 8
Internal segmentation:
0-->29-->30-->50-->73-->95-->113-->125-->144

CPU time used: 8.54 secs.
Wall clock time elapsed: 8 secs.

        SEGMENT          START            END   NUM_RESIDUES MESSAGE_LENGTH                    END_POINTS        INTERMEDIATE_CONTROL_POINTS
              1           A 14           A 43             30        1198.12         (-8.447, 36.871, -2.942)         (8.13553, 45.4009, 18.728)
                                                                                    (16.056, 26.29, -9.018)

              2           A 43           A 44              2        48.3146         (16.056, 26.29, -9.018)
                                                                                    (17.048, 23.013, -7.343)

              3           A 44           A 64             21        824.942         (17.048, 23.013, -7.343)         (21.8481, 31.9484, 14.7917)
                                                                                    (0.857, 27.051, 15.933)

              4           A 64           A 87             24        904.195         (0.857, 27.051, 15.933)
                                                                                    (19.516, 9.396, -3.816)

              5           A 87          A 109             23         897.34         (19.516, 9.396, -3.816)         (2.18208, 9.01811, 18.1828)
                                                                                    (-2.749, 29.163, 0.351)

              6          A 109          A 127             19        737.856         (-2.749, 29.163, 0.351)
                                                                                    (4.733, 6.222, -3.617)

              7          A 127          A 139             13        504.256         (4.733, 6.222, -3.617)         (15.6682, 14.2716, -15.5807)
                                                                                    (3.975, 30.919, -5.146)

              8          A 139          A 158             20        790.403         (3.975, 30.919, -5.146)         (20.9522, 37.2013, -15.5285)
                                                                                    (24.23, 32.107, 10.424)

