Using structure file: /home/pkas7/Research/SCOP/pdbstyle-1.75B/ij/d2ij0c1.ent
Number of residues: 118
Doing a BEZIER segmentation ...

Bounding box volume: 29343.9
Null Model Fit: 5234.36 bits.
Bits per residue: 44.7381

Bezier model fit: 4813.44 bits.
Bits per residue: 41.1405

# of segments: 11
Internal segmentation:
0-->14-->26-->39-->40-->52-->64-->74-->89-->98-->102-->117

CPU time used: 6.81 secs.
Wall clock time elapsed: 6 secs.

        SEGMENT          START            END   NUM_RESIDUES MESSAGE_LENGTH                    END_POINTS        INTERMEDIATE_CONTROL_POINTS
              1            C 1           C 15             15        586.314         (79.721, -18.605, 0.646)         (84.5975, -0.929798, 16.1433)
                                                                                    (76.17, -1.815, 34.901)

              2           C 15           C 27             13        479.236         (76.17, -1.815, 34.901)
                                                                                    (73.516, -14.184, 1.089)

              3           C 27           C 39             14        531.394         (73.516, -14.184, 1.089)         (63.4394, -24.2182, 15.0183)
                                                                                    (87.255, -15.777, 30.468)

              4           C 39           C 40              2        47.7752         (87.255, -15.777, 30.468)
                                                                                    (89.14, -19.059, 30.951)

              5           C 40           C 52             13        496.854         (89.14, -19.059, 30.951)         (73.8523, -25.2233, 21.7838)
                                                                                    (60.332, -17.233, 12.278)

              6           C 52           C 63             13        501.755         (60.332, -17.233, 12.278)         (75.61, -29.3978, 33.4874)
                                                                                    (64.729, -11.857, 29.454)

              7           C 63           C 73             11        416.809         (64.729, -11.857, 29.454)
                                                                                    (70.233, -11.178, 7.41)

              8           C 73           C 88             16        619.131         (70.233, -11.178, 7.41)         (68.9449, -2.8209, 43.8408)
                                                                                    (82.829, -11.956, 27.814)

              9           C 88           C 97             10        354.443         (82.829, -11.956, 27.814)         (78.4762, -15.174, 13.5661)
                                                                                    (70.136, -25.697, 3.736)

             10           C 97          C 101              5        179.984         (70.136, -25.697, 3.736)
                                                                                    (73.694, -32.047, 12.296)

             11          C 101          C 117             16        599.743         (73.694, -32.047, 12.296)         (86.1656, -13.3775, 4.89806)
                                                                                    (81.898, -1.852, 34.261)

