Using structure file: /home/pkas7/Research/SCOP/pdbstyle-1.75B/im/d2imqx_.ent
Number of residues: 280
Doing a BEZIER segmentation ...

Bounding box volume: 84862.4
Null Model Fit: 12909.4 bits.
Bits per residue: 46.2702

Bezier model fit: 11516.4 bits.
Bits per residue: 41.2775

# of segments: 22
Internal segmentation:
0-->2-->12-->30-->42-->68-->79-->95-->107-->109-->122-->136-->157-->168-->176-->195-->216-->226-->232-->248-->265-->267-->279

CPU time used: 17.45 secs.
Wall clock time elapsed: 17 secs.

        SEGMENT          START            END   NUM_RESIDUES MESSAGE_LENGTH                    END_POINTS        INTERMEDIATE_CONTROL_POINTS
              1            X 3            X 5              3        96.5775         (-21.357, 17.571, 13.051)
                                                                                    (-19.969, 12.582, 17.092)

              2            X 5           X 15             11        385.641         (-19.969, 12.582, 17.092)         (-3.34957, 9.88025, 11.7685)
                                                                                    (13.63, 14.183, 14.889)

              3           X 15           X 33             19        775.055         (13.63, 14.183, 14.889)         (12.2062, 12.2024, -3.58353)
                                                                                    (-3.969, -0.5, 6.81)

              4           X 33           X 45             13        490.625         (-3.969, -0.5, 6.81)         (-16.4703, 17.9814, 9.41756)
                                                                                    (12.884, 18.573, 13.917)

              5           X 45           X 71             27        1066.83         (12.884, 18.573, 13.917)         (20.9539, 26.1252, -10.681)
                                                                                    (-7.463, 10.75, -0.304)

              6           X 71           X 82             12        443.318         (-7.463, 10.75, -0.304)         (-7.74285, 28.5569, 6.66229)
                                                                                    (15.427, 26.48, 10.429)

              7           X 82           X 98             17        668.527         (15.427, 26.48, 10.429)         (-13.0863, 6.76205, 5.20167)
                                                                                    (-16.481, 30.944, 7.452)

              8           X 98          X 110             13        482.038         (-16.481, 30.944, 7.452)
                                                                                    (16.871, 32.607, 21.015)

              9          X 110          X 112              3        96.5775         (16.871, 32.607, 21.015)
                                                                                    (19.255, 32.688, 16.047)

             10          X 112          X 125             14        523.108         (19.255, 32.688, 16.047)
                                                                                    (-17.858, 21.782, 13.821)

             11          X 125          X 139             15        557.824         (-17.858, 21.782, 13.821)
                                                                                    (22.569, 24.388, 26.386)

             12          X 139          X 160             22        890.842         (22.569, 24.388, 26.386)
                                                                                    (-8.337, 32.49, 28.543)

             13          X 160          X 171             12        456.642         (-8.337, 32.49, 28.543)         (-13.8477, 16.1497, 18.0909)
                                                                                    (11.109, 15.819, 20.429)

             14          X 171          X 179              9        341.278         (11.109, 15.819, 20.429)
                                                                                    (23.166, 5.403, 32.885)

             15          X 179          X 198             20        770.435         (23.166, 5.403, 32.885)         (8.89001, -14.2407, 24.9546)
                                                                                    (13.747, 7.528, 34.824)

             16          X 198          X 219             22        873.553         (13.747, 7.528, 34.824)         (-2.9043, 37.2543, 37.1882)
                                                                                    (4.884, 0.082, 25.126)

             17          X 219          X 229             11        423.505         (4.884, 0.082, 25.126)         (22.6425, 9.78672, 22.8947)
                                                                                    (19.923, 1.546, 9.268)

             18          X 229          X 235              7        267.634         (19.923, 1.546, 9.268)
                                                                                    (25.132, 3.489, 23.621)

             19          X 235          X 251             17        649.075         (25.132, 3.489, 23.621)
                                                                                    (-13.007, 21.961, 27.725)

             20          X 251          X 268             18        690.876         (-13.007, 21.961, 27.725)         (-3.95473, -6.05742, 20.287)
                                                                                    (17.333, 5.999, 8.168)

             21          X 268          X 270              3        96.5775         (17.333, 5.999, 8.168)
                                                                                    (19.302, 7.844, 14.864)

             22          X 270          X 282             13        469.888         (19.302, 7.844, 14.864)         (-2.17415, 3.72144, 16.3003)
                                                                                    (-16.962, 16.372, 19.966)

