Using structure file: /home/pkas7/Research/SCOP/pdbstyle-1.75B/ir/d2irfg_.ent
Number of residues: 109
Doing a BEZIER segmentation ...

Bounding box volume: 29886.3
Null Model Fit: 4834.57 bits.
Bits per residue: 44.7645

Bezier model fit: 4459.42 bits.
Bits per residue: 41.2909

# of segments: 8
Internal segmentation:
0-->2-->13-->25-->37-->57-->70-->97-->108

CPU time used: 5.85 secs.
Wall clock time elapsed: 5 secs.

        SEGMENT          START            END   NUM_RESIDUES MESSAGE_LENGTH                    END_POINTS        INTERMEDIATE_CONTROL_POINTS
              1            G 5            G 7              3        93.5662         (41.055, 102.552, 89.61)
                                                                                    (36.032, 105.77, 87.916)

              2            G 7           G 18             12        456.878         (36.032, 105.77, 87.916)
                                                                                    (35.863, 117.096, 100.14)

              3           G 18           G 30             13        509.956         (35.863, 117.096, 100.14)         (38.2253, 132.061, 89.7132)
                                                                                    (19.748, 116.523, 96.574)

              4           G 30           G 42             13        474.214         (19.748, 116.523, 96.574)
                                                                                    (44.3, 133.153, 78.945)

              5           G 42           G 62             21        833.182         (44.3, 133.153, 78.945)         (43.0348, 127.725, 97.6353)
                                                                                    (44.972, 108.559, 86.098)

              6           G 62           G 75             14        550.095         (44.972, 108.559, 86.098)         (67.0158, 116.704, 91.5443)
                                                                                    (45.821, 122.782, 78.94)

              7           G 75          G 102             28        1099.26         (45.821, 122.782, 78.94)         (16.6855, 98.261, 81.2431)
                                                                                    (34.172, 136.069, 81.844)

              8          G 102          G 113             12         442.27         (34.172, 136.069, 81.844)
                                                                                    (20.11, 109.101, 89.007)

