Using structure file: /home/pkas7/Research/SCOP/pdbstyle-1.75B/iu/d2iuha_.ent
Number of residues: 115
Doing a BEZIER segmentation ...

Bounding box volume: 46985.1
Null Model Fit: 5177.57 bits.
Bits per residue: 45.4173

Bezier model fit: 4769.76 bits.
Bits per residue: 41.84

# of segments: 9
Internal segmentation:
0-->27-->37-->39-->51-->62-->67-->69-->93-->114

CPU time used: 6.36 secs.
Wall clock time elapsed: 6 secs.

        SEGMENT          START            END   NUM_RESIDUES MESSAGE_LENGTH                    END_POINTS        INTERMEDIATE_CONTROL_POINTS
              1            A 4           A 31             28        1129.33         (0.116, 7.736, 7.113)         (9.31274, 24.4166, 41.3679)
                                                                                    (23.349, 4.215, 20.068)

              2           A 31           A 41             11        412.485         (23.349, 4.215, 20.068)         (5.52445, 11.0863, 19.3867)
                                                                                    (12.242, 27.994, 21.155)

              3           A 41           A 43              3        94.8716         (12.242, 27.994, 21.155)
                                                                                    (11.962, 30.79, 15.549)

              4           A 43           A 55             13        503.745         (11.962, 30.79, 15.549)         (11.5879, 11.1681, 14.2255)
                                                                                    (27.073, 7.835, 24.875)

              5           A 55           A 66             12        436.028         (27.073, 7.835, 24.875)         (17.7374, 21.2685, 16.836)
                                                                                    (5.718, 25.837, 2.737)

              6           A 66           A 71              6        219.811         (5.718, 25.837, 2.737)
                                                                                    (16.634, 18.777, 8.226)

              7           A 71           A 73              3        94.8716         (16.634, 18.777, 8.226)
                                                                                    (16.883, 22.986, 2.305)

              8           A 73           A 97             25        1010.79         (16.883, 22.986, 2.305)         (-0.891497, -2.02351, 10.0857)
                                                                                    (30.02, 12.986, 9.086)

              9           A 97          A 118             22        867.833         (30.02, 12.986, 9.086)         (3.79085, 4.02574, 14.8609)
                                                                                    (3.701, -5.807, 47.772)

