Using structure file: /home/pkas7/Research/SCOP/pdbstyle-1.75B/iw/d2iw5b1.ent
Number of residues: 65
Doing a BEZIER segmentation ...

Bounding box volume: 13369.3
Null Model Fit: 2790.65 bits.
Bits per residue: 43.604

Bezier model fit: 2601.99 bits.
Bits per residue: 40.6561

# of segments: 4
Internal segmentation:
0-->10-->35-->38-->64

CPU time used: 2.94 secs.
Wall clock time elapsed: 2 secs.

        SEGMENT          START            END   NUM_RESIDUES MESSAGE_LENGTH                    END_POINTS        INTERMEDIATE_CONTROL_POINTS
              1          B 376          B 386             11        408.391         (31.501, -24.376, 69.06)         (24.2477, -42.0475, 53.7656)
                                                                                    (14.972, -31.754, 68.685)

              2          B 386          B 411             26        1024.59         (14.972, -31.754, 68.685)         (8.11955, -6.61398, 51.9081)
                                                                                    (24.898, -28.426, 64.126)

              3          B 411          B 414              4        136.098         (24.898, -28.426, 64.126)
                                                                                    (23.479, -24.078, 55.278)

              4          B 414          B 440             27        1032.91         (23.479, -24.078, 55.278)         (0.516335, -41.0801, 50.5943)
                                                                                    (4.676, -10.245, 59.422)

