Using structure file: /home/pkas7/Research/SCOP/pdbstyle-1.75B/jb/d2jbha_.ent
Number of residues: 207
Doing a BEZIER segmentation ...

Bounding box volume: 94779.6
Null Model Fit: 9564.51 bits.
Bits per residue: 46.4296

Bezier model fit: 8557.93 bits.
Bits per residue: 41.5434

# of segments: 13
Internal segmentation:
0-->13-->31-->60-->69-->89-->102-->117-->128-->145-->160-->172-->193-->206

CPU time used: 12.57 secs.
Wall clock time elapsed: 12 secs.

        SEGMENT          START            END   NUM_RESIDUES MESSAGE_LENGTH                    END_POINTS        INTERMEDIATE_CONTROL_POINTS
              1            A 7           A 20             14        539.936         (41.976, 37.66, -6.662)         (24.3865, 38.8351, 9.12019)
                                                                                    (50.01, 30.901, 11.479)

              2           A 20           A 38             19        762.395         (50.01, 30.901, 11.479)         (40.5125, 49.232, 40.4639)
                                                                                    (44.23, 27.857, 31.954)

              3           A 38           A 67             30        1180.63         (44.23, 27.857, 31.954)         (35.77, 52.4723, 6.55429)
                                                                                    (10.245, 42.768, 6.782)

              4           A 67           A 76             10        371.138         (10.245, 42.768, 6.782)         (14.2984, 32.4572, 15.9152)
                                                                                    (23.829, 27.849, 24.832)

              5           A 76           A 97             21        813.636         (23.829, 27.849, 24.832)         (24.5443, 46.5655, 20.8576)
                                                                                    (16.234, 55.758, 9.115)

              6           A 97          A 110             14        521.981         (16.234, 55.758, 9.115)         (7.16435, 37.7827, 21.0303)
                                                                                    (20.252, 17.329, 20.757)

              7          A 110          A 135             16        635.788         (20.252, 17.329, 20.757)         (2.83356, 24.9457, 21.8216)
                                                                                    (8.287, 34.287, 8.187)

              8          A 135          A 146             12        456.847         (8.287, 34.287, 8.187)         (28.3444, 35.8833, 20.7185)
                                                                                    (31.903, 20.149, 9.986)

              9          A 146          A 163             18        705.183         (31.903, 20.149, 9.986)         (11.5152, 16.5055, 12.1939)
                                                                                    (9.541, 32.308, 3.847)

             10          A 163          A 179             16        621.111         (9.541, 32.308, 3.847)         (44.4638, 34.5144, 19.9184)
                                                                                    (31.262, 19.336, 2.122)

             11          A 179          A 191             13        494.414         (31.262, 19.336, 2.122)         (20.3425, 45.5533, 9.17938)
                                                                                    (41.852, 27.619, 11.907)

             12          A 191          A 212             22        897.212         (41.852, 27.619, 11.907)         (24.5433, 25.2092, 40.6279)
                                                                                    (37.588, 33.924, 22.159)

             13          A 212          A 225             14        557.661         (37.588, 33.924, 22.159)         (53.8953, 20.4483, 33.0607)
                                                                                    (34.945, 15.388, 32.64)

