Using structure file: /home/pkas7/Research/SCOP/pdbstyle-1.75B/jd/d2jdca1.ent
Number of residues: 145
Doing a BEZIER segmentation ...

Bounding box volume: 33711
Null Model Fit: 6471.11 bits.
Bits per residue: 44.9383

Bezier model fit: 5929.61 bits.
Bits per residue: 41.1779

# of segments: 11
Internal segmentation:
0-->25-->35-->45-->49-->61-->65-->78-->100-->119-->132-->144

CPU time used: 8.29 secs.
Wall clock time elapsed: 8 secs.

        SEGMENT          START            END   NUM_RESIDUES MESSAGE_LENGTH                    END_POINTS        INTERMEDIATE_CONTROL_POINTS
              1            A 2           A 27             26        1039.89         (20.408, -1.019, -6.145)         (54.4538, -12.889, 11.7592)
                                                                                    (36.064, 9.992, 15.328)         (7.55263, 29.7414, 6.66079)

              2           A 27           A 37             11        418.424         (36.064, 9.992, 15.328)
                                                                                    (34.242, -10.219, 16.684)

              3           A 37           A 47             11        401.992         (34.242, -10.219, 16.684)         (25.1985, -4.00874, 4.68749)
                                                                                    (24.493, 5.058, -10.279)

              4           A 47           A 51              5        181.191         (24.493, 5.058, -10.279)
                                                                                    (24.315, 5.658, -1.015)

              5           A 51           A 63             13        482.165         (24.315, 5.658, -1.015)         (32.768, -12.7564, 17.649)
                                                                                    (16.167, -7.851, 27.578)

              6           A 63           A 67              5        183.366         (16.167, -7.851, 27.578)
                                                                                    (20.778, -17.437, 22.194)

              7           A 67           A 80             14        526.299         (20.778, -17.437, 22.194)         (27.1234, 3.53564, 13.5935)
                                                                                    (18.338, 11.803, -3.005)

              8           A 80          A 102             23        898.126         (18.338, 11.803, -3.005)         (16.7159, -9.53333, 1.34463)
                                                                                    (22.721, -19.258, 13.163)

              9          A 102          A 121             20        783.828         (22.721, -19.258, 13.163)         (11.0517, 19.5589, 20.6137)
                                                                                    (10.718, -4.521, 7.835)

             10          A 121          A 134             14        525.195         (10.718, -4.521, 7.835)         (4.9009, -3.0869, 34.3336)
                                                                                    (23.86, 14.029, 21.284)

             11          A 134          A 146             13        489.133         (23.86, 14.029, 21.284)         (8.69901, 2.68519, 20.9001)
                                                                                    (14.22, -17.961, 13.098)

