Using structure file: /home/pkas7/Research/SCOP/pdbstyle-1.75B/je/d2je8a5.ent
Number of residues: 348
Doing a BEZIER segmentation ...

Bounding box volume: 130972
Null Model Fit: 16273 bits.
Bits per residue: 46.8962

Bezier model fit: 14306.4 bits.
Bits per residue: 41.2289

# of segments: 19
Internal segmentation:
0-->10-->21-->33-->57-->73-->89-->100-->119-->146-->174-->197-->216-->227-->246-->271-->278-->306-->320-->347

CPU time used: 21.63 secs.
Wall clock time elapsed: 21 secs.

        SEGMENT          START            END   NUM_RESIDUES MESSAGE_LENGTH                    END_POINTS        INTERMEDIATE_CONTROL_POINTS
              1          A 331          A 341             11        412.517         (14.333, 25.276, 16.337)         (28.4665, 24.808, 3.29076)
                                                                                    (21.616, 19.658, -11.44)

              2          A 341          A 352             12        468.601         (21.616, 19.658, -11.44)         (23.6421, 34.2275, 1.94214)
                                                                                    (12.841, 20.852, 8.518)

              3          A 352          A 364             13        479.096         (12.841, 20.852, 8.518)         (10.2826, 38.0197, -5.59657)
                                                                                    (25.17, 50.557, 10.977)

              4          A 364          A 388             25        992.809         (25.17, 50.557, 10.977)         (17.6464, 59.8824, 27.6218)
                                                                                    (7.064, 40.424, 5.928)

              5          A 388          A 404             17        674.366         (7.064, 40.424, 5.928)         (43.1975, 43.6021, 4.40413)
                                                                                    (19.585, 44.295, 21.766)

              6          A 404          A 420             17        667.913         (19.585, 44.295, 21.766)         (1.13963, 32.6232, 13.4797)
                                                                                    (32.523, 38.71, 10.246)

              7          A 420          A 431             12        461.911         (32.523, 38.71, 10.246)         (39.4381, 49.3635, -7.29894)
                                                                                    (50.507, 36.641, 13.367)

              8          A 431          A 450             20        756.522         (50.507, 36.641, 13.367)
                                                                                    (22.636, 31.464, 22.148)

              9          A 450          A 477             28        1111.96         (22.636, 31.464, 22.148)         (30.1965, 40.2375, -12.3536)
                                                                                    (53.887, 42.737, -7.724)

             10          A 477          A 505             29        1100.21         (53.887, 42.737, -7.724)
                                                                                    (29.802, 23.775, 15.629)

             11          A 505          A 528             24        970.172         (29.802, 23.775, 15.629)         (31.8818, 44.103, -22.3189)
                                                                                    (25.663, 29.54, -4.584)

             12          A 528          A 547             20        792.497         (25.663, 29.54, -4.584)         (22.9299, 63.6756, -16.1564)
                                                                                    (16.344, 36.536, -16.77)

             13          A 547          A 558             12        462.353         (16.344, 36.536, -16.77)         (24.8409, 26.2539, 3.4472)
                                                                                    (19.087, 50.554, -6.726)

             14          A 558          A 577             20        809.051         (19.087, 50.554, -6.726)         (12.981, 78.1902, 14.9916)
                                                                                    (20.201, 70.031, -8.465)

             15          A 577          A 602             26        1035.12         (20.201, 70.031, -8.465)         (37.5491, 58.2299, 2.04342)
                                                                                    (13.71, 54.667, -19.439)

             16          A 602          A 609              8        307.175         (13.71, 54.667, -19.439)
                                                                                    (11.269, 70.4, -10.707)

             17          A 609          A 637             29        1092.27         (11.269, 70.4, -10.707)
                                                                                    (12.813, 26.688, -6.084)

             18          A 637          A 651             15        566.188         (12.813, 26.688, -6.084)
                                                                                    (23.274, 59.438, 7.756)

             19          A 651          A 678             28        1145.71         (23.274, 59.438, 7.756)         (11.2527, 60.378, -1.19014)
                                                                                    (2.873, 35.535, 2.276)

