Using structure file: /home/pkas7/Research/SCOP/pdbstyle-1.75B/je/d2je6a1.ent
Number of residues: 188
Doing a BEZIER segmentation ...

Bounding box volume: 89231.6
Null Model Fit: 8666.07 bits.
Bits per residue: 46.3426

Bezier model fit: 7737.14 bits.
Bits per residue: 41.3751

# of segments: 13
Internal segmentation:
0-->24-->49-->58-->59-->76-->78-->92-->121-->132-->146-->153-->176-->187

CPU time used: 10.78 secs.
Wall clock time elapsed: 10 secs.

        SEGMENT          START            END   NUM_RESIDUES MESSAGE_LENGTH                    END_POINTS        INTERMEDIATE_CONTROL_POINTS
              1            A 1           A 25             25        984.759         (-1.156, 0.667, 52.035)         (1.2118, 37.7938, 69.032)
                                                                                    (10.536, 40.786, 42.528)

              2           A 25           A 50             26        1053.46         (10.536, 40.786, 42.528)
                                                                                    (33.248, 3.051, 50.589)

              3           A 50           A 59             10        369.503         (33.248, 3.051, 50.589)
                                                                                    (21.568, 24.479, 51.616)

              4           A 59           A 60              2        49.3797         (21.568, 24.479, 51.616)
                                                                                    (20.729, 22.704, 54.889)

              5           A 60           A 77             18        677.485         (20.729, 22.704, 54.889)         (39.6805, -10.5618, 48.3747)
                                                                                    (18.099, -13.059, 31.525)

              6           A 77           A 79              3        96.7223         (18.099, -13.059, 31.525)
                                                                                    (24.285, -12.669, 31.125)

              7           A 79           A 93             15        566.427         (24.285, -12.669, 31.125)
                                                                                    (18.729, 11.808, 62.397)

              8           A 93          A 122             30        1196.09         (18.729, 11.808, 62.397)         (1.36703, 2.27235, 53.8997)
                                                                                    (22.315, 5.427, 29.893)

              9          A 122          A 133             12        462.029         (22.315, 5.427, 29.893)
                                                                                    (30.417, -13.053, 30.132)

             10          A 133          A 147             15        564.718         (30.417, -13.053, 30.132)
                                                                                    (21.44, 12.929, 57.144)

             11          A 147          A 154              8        308.045         (21.44, 12.929, 57.144)         (11.9289, 25.9036, 54.3586)
                                                                                    (15.528, 14.257, 45.606)

             12          A 154          A 180             24        932.118         (15.528, 14.257, 45.606)         (39.1978, 13.0528, 40.3886)
                                                                                    (38.213, -15.419, 40.895)

             13          A 180          A 191             12        476.404         (38.213, -15.419, 40.895)         (52.15, 0.988886, 49.1181)
                                                                                    (33.59, 2.997, 37.44)

