Using structure file: /home/pkas7/Research/SCOP/pdbstyle-1.75B/k4/d2k4xa1.ent
Number of residues: 55
Doing a BEZIER segmentation ...

Bounding box volume: 32547.8
Null Model Fit: 2423.93 bits.
Bits per residue: 44.8876

Bezier model fit: 2211.26 bits.
Bits per residue: 40.9493

# of segments: 4
Internal segmentation:
0-->20-->34-->40-->54

CPU time used: 2.23 secs.
Wall clock time elapsed: 2 secs.

        SEGMENT          START            END   NUM_RESIDUES MESSAGE_LENGTH                    END_POINTS        INTERMEDIATE_CONTROL_POINTS
              1            A 1           A 21             21        794.683         (2.925, -0.11, -1.935)         (5.51822, 33.5931, -21.1671)
                                                                                    (-12.801, 48.155, 1.067)

              2           A 21           A 35             15        590.971         (-12.801, 48.155, 1.067)         (-14.769, 62.511, -3.53136)
                                                                                    (0.416, 40.383, 6.923)

              3           A 35           A 41              7        257.618         (0.416, 40.383, 6.923)
                                                                                    (-13.289, 54.031, 8.907)

              4           A 41           A 55             15        567.989         (-13.289, 54.031, 8.907)
                                                                                    (2.562, 23.488, -5.238)

