Using structure file: /home/pkas7/Research/SCOP/pdbstyle-1.75B/nl/d2nlra_.ent
Number of residues: 222
Doing a BEZIER segmentation ...

Bounding box volume: 46991.6
Null Model Fit: 10037.3 bits.
Bits per residue: 45.4175

Bezier model fit: 9157.2 bits.
Bits per residue: 41.4353

# of segments: 19
Internal segmentation:
0-->11-->26-->35-->36-->50-->61-->70-->82-->94-->108-->117-->128-->144-->156-->165-->174-->195-->204-->221

CPU time used: 13.37 secs.
Wall clock time elapsed: 13 secs.

        SEGMENT          START            END   NUM_RESIDUES MESSAGE_LENGTH                    END_POINTS        INTERMEDIATE_CONTROL_POINTS
              1            A 1           A 12             12        460.706         (15.034, -1.001, 12.418)         (26.7541, 23.2862, 21.9764)
                                                                                    (25.943, -1.962, 12.238)

              2           A 12           A 27             16        636.513         (25.943, -1.962, 12.238)
                                                                                    (23.602, 22.169, 15.672)

              3           A 27           A 36             10        365.043         (23.602, 22.169, 15.672)         (13.8326, 11.0763, 12.7588)
                                                                                    (18.868, -4.3, 7.389)

              4           A 36           A 37              2        48.4545         (18.868, -4.3, 7.389)
                                                                                    (20.095, -2.942, 4.04)

              5           A 37           A 51             15        568.476         (20.095, -2.942, 4.04)         (8.51397, 22.4021, 17.263)
                                                                                    (28.139, 27.979, -0.169)

              6           A 51           A 62             12        461.703         (28.139, 27.979, -0.169)         (20.9176, 15.4826, 11.688)
                                                                                    (32.567, -0.515, 4.483)

              7           A 62           A 71             10        390.357         (32.567, -0.515, 4.483)         (42.0828, 13.1348, 16.8902)
                                                                                    (32.676, -5.768, 11.013)

              8           A 71           A 83             13        507.859         (32.676, -5.768, 11.013)         (51.9938, 1.78129, 0.390182)
                                                                                    (41.568, -6.867, -8.147)

              9           A 83           A 95             13        471.649         (41.568, -6.867, -8.147)         (20.3737, -2.1776, -2.03167)
                                                                                    (11.602, 16.24, -4.37)

             10           A 95          A 109             15        563.222         (11.602, 16.24, -4.37)
                                                                                    (49.484, 6.631, 1.793)

             11          A 109          A 118             10        392.405         (49.484, 6.631, 1.793)         (37.802, 3.01711, 19.0643)
                                                                                    (44.786, 12.509, 2.423)

             12          A 118          A 129             12        452.922         (44.786, 12.509, 2.423)         (25.7823, 4.89777, -11.6357)
                                                                                    (19.511, 22.992, -5.134)

             13          A 129          A 145             17         669.91         (19.511, 22.992, -5.134)         (48.2848, 27.2081, -10.6476)
                                                                                    (30.597, 3.78, -18.893)

             14          A 145          A 157             13        495.458         (30.597, 3.78, -18.893)         (35.4292, 26.5411, -12.7591)
                                                                                    (42.333, 19.006, 5.497)

             15          A 157          A 166             10        370.721         (42.333, 19.006, 5.497)         (39.2815, 12.3649, -8.30645)
                                                                                    (24.797, 14.81, -15.408)

             16          A 166          A 175             10         374.62         (24.797, 14.81, -15.408)         (11.9026, 2.59579, -6.27605)
                                                                                    (33.751, -0.777, -9.552)

             17          A 175          A 196             22        874.302         (33.751, -0.777, -9.552)         (56.0685, 16.572, -16.5864)
                                                                                    (40.41, 2.901, 3.779)

             18          A 196          A 205             10         364.48         (40.41, 2.901, 3.779)         (22.5586, 3.50622, -1.0933)
                                                                                    (22.025, 21.565, 3.399)

             19          A 205          A 222             18        688.403         (22.025, 21.565, 3.399)         (4.67265, 1.7443, 2.84221)
                                                                                    (42.368, -8.891, -3.435)

