Using structure file: /home/pkas7/Research/SCOP/pdbstyle-1.75B/nn/d2nnua_.ent
Number of residues: 201
Doing a BEZIER segmentation ...

Bounding box volume: 94716.3
Null Model Fit: 9285.74 bits.
Bits per residue: 46.4287

Bezier model fit: 8190.78 bits.
Bits per residue: 40.9539

# of segments: 13
Internal segmentation:
0-->22-->25-->50-->62-->86-->107-->123-->125-->143-->154-->162-->180-->200

CPU time used: 12.04 secs.
Wall clock time elapsed: 12 secs.

        SEGMENT          START            END   NUM_RESIDUES MESSAGE_LENGTH                    END_POINTS        INTERMEDIATE_CONTROL_POINTS
              1            A 0           A 22             23        861.837         (43.597, -6.465, 26.911)
                                                                                    (17.97, 1.068, 6.539)

              2           A 22           A 25              4        144.573         (17.97, 1.068, 6.539)
                                                                                    (12.39, 3.891, 13.266)

              3           A 25           A 50             26         974.26         (12.39, 3.891, 13.266)         (31.0431, 5.13029, 22.6969)
                                                                                    (50.152, 1.702, 21.939)

              4           A 50           A 62             13        512.349         (50.152, 1.702, 21.939)         (40.1751, -10.8945, 2.70831)
                                                                                    (43.758, 10.05, 19.886)

              5           A 62           A 86             25        941.571         (43.758, 10.05, 19.886)
                                                                                    (6.077, 14.643, 19.837)

              6           A 86          A 107             22        883.266         (6.077, 14.643, 19.837)         (25.3149, 2.98908, 0.510306)
                                                                                    (25.122, 23.147, 11.979)

              7          A 107          A 123             17        665.671         (25.122, 23.147, 11.979)         (9.77898, 13.3933, 3.16484)
                                                                                    (24.292, 37.176, -14.281)

              8          A 123          A 125              3        96.8944         (24.292, 37.176, -14.281)
                                                                                    (25.89, 30.841, -15.127)

              9          A 125          A 143             19        742.991         (25.89, 30.841, -15.127)
                                                                                    (15.445, 18.151, 26.807)

             10          A 143          A 154             12        433.687         (15.445, 18.151, 26.807)         (6.46347, 22.3262, 8.59716)
                                                                                    (17.103, 37.759, -1.092)

             11          A 154          A 162              9        341.156         (17.103, 37.759, -1.092)
                                                                                    (11.226, 31.992, 19.532)

             12          A 162          A 180             19        748.355         (11.226, 31.992, 19.532)         (30.3519, 31.9448, 0.300579)
                                                                                    (32.507, 41.956, -8.421)

             13          A 180          A 200             21        844.171         (32.507, 41.956, -8.421)         (-2.52764, 19.0527, -3.68632)
                                                                                    (23.73, 51.989, -9.016)

