Using structure file: /home/pkas7/Research/SCOP/pdbstyle-1.75B/nn/d2nn6h2.ent
Number of residues: 48
Doing a BEZIER segmentation ...

Bounding box volume: 10114.1
Null Model Fit: 2030.47 bits.
Bits per residue: 43.2014

Bezier model fit: 1973.24 bits.
Bits per residue: 41.9839

# of segments: 5
Internal segmentation:
0-->3-->12-->25-->39-->47

CPU time used: 1.91 secs.
Wall clock time elapsed: 1 secs.

        SEGMENT          START            END   NUM_RESIDUES MESSAGE_LENGTH                    END_POINTS        INTERMEDIATE_CONTROL_POINTS
              1           H 25           H 28              4        134.891         (133.937, 37.104, 115.262)
                                                                                    (124.482, 32.978, 114.631)

              2           H 28           H 37             10         377.04         (124.482, 32.978, 114.631)
                                                                                    (137.525, 29.855, 133.58)

              3           H 37           H 50             14        544.894         (137.525, 29.855, 133.58)         (117.29, 47.228, 122.713)
                                                                                    (128.306, 23.624, 130.646)

              4           H 50           H 64             15        586.861         (128.306, 23.624, 130.646)         (116.167, 41.3411, 106.541)
                                                                                    (137.945, 42.338, 129.183)

              5           H 64           H 72              9        329.556         (137.945, 42.338, 129.183)
                                                                                    (121.513, 44.629, 114.734)

