Using structure file: /home/pkas7/Research/SCOP/pdbstyle-1.75B/nn/d2nn6e1.ent
Number of residues: 181
Doing a BEZIER segmentation ...

Bounding box volume: 87939.2
Null Model Fit: 8337.88 bits.
Bits per residue: 46.3216

Bezier model fit: 7449.89 bits.
Bits per residue: 41.3883

# of segments: 11
Internal segmentation:
0-->29-->40-->50-->62-->70-->83-->112-->126-->143-->169-->180

CPU time used: 10.37 secs.
Wall clock time elapsed: 10 secs.

        SEGMENT          START            END   NUM_RESIDUES MESSAGE_LENGTH                    END_POINTS        INTERMEDIATE_CONTROL_POINTS
              1            E 5           E 34             30        1210.91         (101.47, 59.686, 118.885)         (103.912, 92.1282, 109.973)
                                                                                    (109.32, 59.277, 95.045)

              2           E 34           E 45             12        471.685         (109.32, 59.277, 95.045)
                                                                                    (96.732, 36.177, 88.993)

              3           E 45           E 55             11        411.814         (96.732, 36.177, 88.993)
                                                                                    (106.535, 54.462, 104.303)

              4           E 55           E 67             13        465.425         (106.535, 54.462, 104.303)         (97.6984, 39.4773, 90.339)
                                                                                    (78.684, 33.037, 84.664)

              5           E 67           E 75              9        352.504         (78.684, 33.037, 84.664)         (67.2275, 44.7408, 94.0416)
                                                                                    (74.052, 41.227, 80.456)

              6           E 75           E 88             14        522.142         (74.052, 41.227, 80.456)         (87.6197, 45.3064, 99.2654)
                                                                                    (101.78, 43.793, 110.026)

              7           E 88          E 117             30        1193.49         (101.78, 43.793, 110.026)         (83.3211, 48.568, 116.726)
                                                                                    (81.41, 53.738, 84.535)

              8          E 117          E 131             15        598.918         (81.41, 53.738, 84.535)
                                                                                    (77.904, 34.215, 81.48)

              9          E 131          E 148             18        699.341         (77.904, 34.215, 81.48)         (104.668, 46.535, 107.457)
                                                                                    (98.117, 55.884, 102.748)

             10          E 148          E 180             27        1051.01         (98.117, 55.884, 102.748)         (98.3872, 50.5084, 78.8025)
                                                                                    (83.934, 23.871, 75.937)

             11          E 180          E 191             12        472.659         (83.934, 23.871, 75.937)         (106.552, 31.9907, 74.1792)
                                                                                    (92.838, 42.047, 77.838)

