Using structure file: /home/pkas7/Research/SCOP/pdbstyle-1.75B/nr/d2nrqa1.ent
Number of residues: 137
Doing a BEZIER segmentation ...

Bounding box volume: 47832.3
Null Model Fit: 6180.25 bits.
Bits per residue: 45.4431

Bezier model fit: 5578.94 bits.
Bits per residue: 41.0216

# of segments: 10
Internal segmentation:
0-->10-->31-->43-->56-->81-->87-->102-->111-->121-->136

CPU time used: 7.77 secs.
Wall clock time elapsed: 7 secs.

        SEGMENT          START            END   NUM_RESIDUES MESSAGE_LENGTH                    END_POINTS        INTERMEDIATE_CONTROL_POINTS
              1            A 4           A 14             11        400.879         (46.616, 14.036, 16.066)         (35.878, 13.297, 30.1376)
                                                                                    (26.802, 7.484, 42.539)

              2           A 14           A 35             22        869.114         (26.802, 7.484, 42.539)         (18.91, 15.7338, 19.8707)
                                                                                    (34.199, 4.666, 15.808)

              3           A 35           A 47             13        487.699         (34.199, 4.666, 15.808)         (39.6208, 1.72927, 36.1534)
                                                                                    (33.753, 2.349, 52.322)

              4           A 47           A 60             14        512.334         (33.753, 2.349, 52.322)         (30.2353, 6.7873, 32.6041)
                                                                                    (44.067, 10.777, 14.258)

              5           A 60           A 85             26        1005.42         (44.067, 10.777, 14.258)         (18.9454, 28.0279, 15.7437)
                                                                                    (41.998, 31.975, 26.83)

              6           A 85           A 93              7        265.504         (41.998, 31.975, 26.83)
                                                                                    (50.463, 20.778, 22.595)

              7           A 93          A 108             16        623.864         (50.463, 20.778, 22.595)         (21.2099, 20.3707, 38.7892)
                                                                                    (22.486, 19.446, 24.68)

              8          A 108          A 117             10        381.271         (22.486, 19.446, 24.68)         (38.9038, 32.0959, 31.7425)
                                                                                    (33.972, 17.523, 37.565)

              9          A 117          A 127             11        417.377         (33.972, 17.523, 37.565)         (38.4695, 13.512, 21.9854)
                                                                                    (51.493, 22.575, 15.475)

             10          A 127          A 144             16        615.475         (51.493, 22.575, 15.475)
                                                                                    (30.663, 36.471, 12.946)

