Using structure file: /home/pkas7/Research/SCOP/pdbstyle-1.75B/o6/d2o62a1.ent
Number of residues: 137
Doing a BEZIER segmentation ...

Bounding box volume: 43907.1
Null Model Fit: 6163.45 bits.
Bits per residue: 45.3195

Bezier model fit: 5545.29 bits.
Bits per residue: 40.7742

# of segments: 12
Internal segmentation:
0-->11-->22-->23-->41-->52-->63-->72-->82-->96-->110-->122-->136

CPU time used: 8.27 secs.
Wall clock time elapsed: 8 secs.

        SEGMENT          START            END   NUM_RESIDUES MESSAGE_LENGTH                    END_POINTS        INTERMEDIATE_CONTROL_POINTS
              1          A 133          A 144             12        470.988         (2.6, 25.881, 24.09)         (-12.5049, 16.611, 31.7038)
                                                                                    (-11.157, 8.264, 18.379)

              2          A 144          A 155             12        428.672         (-11.157, 8.264, 18.379)         (6.71739, 0.679287, 10.3415)
                                                                                    (19.976, -1.416, 28.154)

              3          A 155          A 156              2        48.3566         (19.976, -1.416, 28.154)
                                                                                    (22.297, -4.042, 26.782)

              4          A 156          A 174             19        727.128         (22.297, -4.042, 26.782)         (1.62688, 0.191779, 5.80621)
                                                                                    (-22.492, 5.242, 30.952)

              5          A 174          A 185             12        442.499         (-22.492, 5.242, 30.952)
                                                                                    (0.679, -9.087, 19.38)

              6          A 185          A 196             12        433.526         (0.679, -9.087, 19.38)         (-16.6189, -3.68337, 33.1405)
                                                                                    (-11.823, 15.752, 36.284)

              7          A 196          A 205             10        375.883         (-11.823, 15.752, 36.284)
                                                                                    (-5.086, -6.645, 36.832)

              8          A 205          A 215             11        412.219         (-5.086, -6.645, 36.832)
                                                                                    (-0.754, 21.236, 30.249)

              9          A 215          A 229             15        587.333         (-0.754, 21.236, 30.249)
                                                                                    (7.232, -8.598, 42.669)

             10          A 229          A 243             15        577.295         (7.232, -8.598, 42.669)         (5.92789, 16.4415, 27.8783)
                                                                                    (-3.47, 14.326, 15.005)

             11          A 243          A 255             13        474.798         (-3.47, 14.326, 15.005)         (10.7292, 4.74028, 28.8624)
                                                                                    (12.736, -7.987, 40.128)

             12          A 255          A 269             15        566.593         (12.736, -7.987, 40.128)         (18.3127, 6.54567, 23.0142)
                                                                                    (-7.369, 8.034, 12.133)

