Using structure file: /home/pkas7/Research/SCOP/pdbstyle-1.75B/od/d2od6a1.ent
Number of residues: 109
Doing a BEZIER segmentation ...

Bounding box volume: 29892
Null Model Fit: 4834.6 bits.
Bits per residue: 44.7648

Bezier model fit: 4349.45 bits.
Bits per residue: 40.2727

# of segments: 8
Internal segmentation:
0-->1-->15-->40-->54-->55-->67-->95-->108

CPU time used: 5.82 secs.
Wall clock time elapsed: 5 secs.

        SEGMENT          START            END   NUM_RESIDUES MESSAGE_LENGTH                    END_POINTS        INTERMEDIATE_CONTROL_POINTS
              1            A 1            A 2              2        47.8019         (33.581, 35.887, 32.425)
                                                                                    (32.876, 35.812, 36.165)

              2            A 2           A 16             15        547.689         (32.876, 35.812, 36.165)         (17.0426, 45.6326, 23.5378)
                                                                                    (5.524, 52.41, 7.168)

              3           A 16           A 41             26        989.296         (5.524, 52.41, 7.168)         (21.2639, 69.9648, 16.7006)
                                                                                    (26.325, 54.746, 33.62)

              4           A 41           A 55             15          577.5         (26.325, 54.746, 33.62)         (27.0394, 49.6776, 11.6722)
                                                                                    (10.691, 41.529, 3.025)

              5           A 55           A 56              2        47.8019         (10.691, 41.529, 3.025)
                                                                                    (8.204, 44.347, 3.362)

              6           A 56           A 68             13        477.271         (8.204, 44.347, 3.362)         (20.9135, 52.2421, 18.719)
                                                                                    (28.024, 44.39, 33.283)

              7           A 68           A 96             29        1130.93         (28.024, 44.39, 33.283)         (6.75756, 68.9434, 38.4688)
                                                                                    (5.847, 51.326, 16.878)

              8           A 96          A 109             14        531.159         (5.847, 51.326, 16.878)         (18.9314, 33.2831, 35.1688)
                                                                                    (36.045, 37.873, 19.655)

