Using structure file: /home/pkas7/Research/SCOP/pdbstyle-1.75B/od/d2od5a1.ent
Number of residues: 91
Doing a BEZIER segmentation ...

Bounding box volume: 32480.4
Null Model Fit: 4039.62 bits.
Bits per residue: 44.8846

Bezier model fit: 3705.16 bits.
Bits per residue: 41.1685

# of segments: 7
Internal segmentation:
0-->1-->19-->24-->42-->66-->77-->90

CPU time used: 4.87 secs.
Wall clock time elapsed: 4 secs.

        SEGMENT          START            END   NUM_RESIDUES MESSAGE_LENGTH                    END_POINTS        INTERMEDIATE_CONTROL_POINTS
              1            A 6            A 7              2        47.9217         (-3.439, 12.628, 10.323)
                                                                                    (-0.924, 15.504, 10.411)

              2            A 7           A 25             19        708.128         (-0.924, 15.504, 10.411)
                                                                                    (18.956, -4.826, 18.48)

              3           A 25           A 30              6        222.669         (18.956, -4.826, 18.48)
                                                                                    (18.901, 3.27, 5.472)

              4           A 30           A 48             19        743.113         (18.901, 3.27, 5.472)         (-6.08576, -7.61038, 8.70354)
                                                                                    (14.888, 11.026, 0.73)

              5           A 48           A 72             25        991.197         (14.888, 11.026, 0.73)         (21.8422, 12.7712, 33.8666)
                                                                                    (29.582, 2.33, -14.475)

              6           A 72           A 83             12        440.138         (29.582, 2.33, -14.475)
                                                                                    (19.986, 4.558, 18.563)

              7           A 83           A 96             14        551.994         (19.986, 4.558, 18.563)         (32.4431, -4.95482, 29.7162)
                                                                                    (29.396, 13.658, 19.78)

