Using structure file: /home/pkas7/Research/SCOP/pdbstyle-1.75B/ol/d2olua1.ent
Number of residues: 208
Doing a BEZIER segmentation ...

Bounding box volume: 123101
Null Model Fit: 9689.02 bits.
Bits per residue: 46.8068

Bezier model fit: 8596.11 bits.
Bits per residue: 41.5271

# of segments: 11
Internal segmentation:
0-->13-->32-->57-->60-->83-->111-->135-->157-->176-->201-->207

CPU time used: 12.52 secs.
Wall clock time elapsed: 12 secs.

        SEGMENT          START            END   NUM_RESIDUES MESSAGE_LENGTH                    END_POINTS        INTERMEDIATE_CONTROL_POINTS
              1           A 68           A 81             14        532.241         (23.943, 71.551, -23.728)         (9.62204, 63.8535, -7.70838)
                                                                                    (-2.989, 49.753, -14.21)

              2           A 81          A 100             20        789.035         (-2.989, 49.753, -14.21)         (20.9933, 65.9274, 7.09544)
                                                                                    (3.659, 81.155, -20.157)

              3          A 100          A 125             26        1054.11         (3.659, 81.155, -20.157)         (13.2717, 95.1076, -7.51382)
                                                                                    (27.235, 94.491, -28.313)

              4          A 125          A 141              4        145.707         (27.235, 94.491, -28.313)
                                                                                    (37.128, 87.038, -20.517)

              5          A 141          A 168             24        979.127         (37.128, 87.038, -20.517)         (4.00311, 96.8555, -27.1985)
                                                                                    (35.176, 80.397, -15.987)         (39.4308, 57.7782, -2.13984)

              6          A 168          A 196             29         1111.7         (35.176, 80.397, -15.987)         (10.9288, 79.8802, -42.1493)
                                                                                    (18.783, 78.281, -6.02)

              7          A 196          A 220             25        1026.18         (18.783, 78.281, -6.02)         (4.3452, 71.7477, -1.07546)
                                                                                    (2.53, 91.42, -4.501)

              8          A 220          A 242             23        912.891         (2.53, 91.42, -4.501)         (25.9995, 82.8534, -8.78623)
                                                                                    (18.999, 88.266, 7.55)

              9          A 242          A 261             20        753.932         (18.999, 88.266, 7.55)
                                                                                    (10.608, 101.613, -16.734)

             10          A 261          A 286             26        1024.88         (10.608, 101.613, -16.734)         (-4.94358, 107.215, 3.80226)
                                                                                    (14.446, 72.739, 12.427)

             11          A 286          A 292              7        266.302         (14.446, 72.739, 12.427)
                                                                                    (10.584, 64.845, 4.131)

