Using structure file: /home/pkas7/Research/SCOP/pdbstyle-1.75B/oo/d2ooja1.ent
Number of residues: 131
Doing a BEZIER segmentation ...

Bounding box volume: 52673.9
Null Model Fit: 5925.68 bits.
Bits per residue: 45.5822

Bezier model fit: 5230.12 bits.
Bits per residue: 40.2317

# of segments: 13
Internal segmentation:
0-->16-->17-->24-->38-->41-->55-->57-->69-->75-->87-->105-->117-->130

CPU time used: 7.46 secs.
Wall clock time elapsed: 7 secs.

        SEGMENT          START            END   NUM_RESIDUES MESSAGE_LENGTH                    END_POINTS        INTERMEDIATE_CONTROL_POINTS
              1            A 2           A 18             17        609.588         (61.499, 5.881, -2.414)         (34.1419, 16.8499, -19.8955)
                                                                                    (21.978, 7.289, 11.786)

              2           A 18           A 19              2        48.6192         (21.978, 7.289, 11.786)
                                                                                    (24.734, 7.749, 14.381)

              3           A 19           A 26              8        292.071         (24.734, 7.749, 14.381)
                                                                                    (26.84, 21.81, 21.146)

              4           A 26           A 40             15        533.125         (26.84, 21.81, 21.146)         (23.4973, -0.066827, 4.22015)
                                                                                    (43.791, 7.809, -13.558)

              5           A 40           A 43              4        142.033         (43.791, 7.809, -13.558)
                                                                                    (41.475, 3.527, -11.295)

              6           A 43           A 57             15        549.543         (41.475, 3.527, -11.295)         (26.5119, 0.0322269, 13.866)
                                                                                    (32.832, 26.667, 17.274)

              7           A 57           A 59              3        95.2014         (32.832, 26.667, 17.274)
                                                                                    (35.563, 25.545, 11.585)

              8           A 59           A 71             13        469.637         (35.563, 25.545, 11.585)         (35.8374, 1.8326, 15.8034)
                                                                                    (40.795, -1.554, -8.642)

              9           A 71           A 77              7        273.436         (40.795, -1.554, -8.642)         (54.6877, 4.33976, -14.4019)
                                                                                    (44.947, -5.156, -9.996)

             10           A 77           A 89             13        464.869         (44.947, -5.156, -9.996)         (41.0559, 1.38668, 10.9404)
                                                                                    (40.384, 23.774, 13.932)

             11           A 89          A 109             19        754.919         (40.384, 23.774, 13.932)
                                                                                    (50.137, -7.034, -1.879)

             12          A 109          A 121             13        481.553         (50.137, -7.034, -1.879)         (52.5566, 11.8664, 7.13266)
                                                                                    (36.62, 24.302, -8.846)

             13          A 121          A 134             14         515.53         (36.62, 24.302, -8.846)
                                                                                    (59.975, -6.186, -0.408)

