Using structure file: /home/pkas7/Research/SCOP/pdbstyle-1.75B/oo/d2ooka1.ent
Number of residues: 125
Doing a BEZIER segmentation ...

Bounding box volume: 39324
Null Model Fit: 5599.9 bits.
Bits per residue: 45.1605

Bezier model fit: 5094.81 bits.
Bits per residue: 41.0872

# of segments: 7
Internal segmentation:
0-->14-->29-->49-->67-->92-->107-->124

CPU time used: 6.77 secs.
Wall clock time elapsed: 6 secs.

        SEGMENT          START            END   NUM_RESIDUES MESSAGE_LENGTH                    END_POINTS        INTERMEDIATE_CONTROL_POINTS
              1            A 2           A 16             15        576.204         (25.583, 20.931, 40.865)         (16.3597, 31.9072, 20.8591)
                                                                                    (27.487, 14.849, 2.993)

              2           A 16           A 31             16        599.654         (27.487, 14.849, 2.993)         (16.0773, 33.6398, -0.816392)
                                                                                    (10.128, 30.065, 33.001)         (22.8834, 7.08008, 41.1379)

              3           A 31           A 51             21        803.797         (10.128, 30.065, 33.001)         (20.8575, 39.1983, 23.8289)
                                                                                    (16.347, 26.663, -0.541)

              4           A 51           A 69             19        732.162         (16.347, 26.663, -0.541)         (21.1666, 5.08754, 34.3091)
                                                                                    (5.081, 26.528, 31.054)

              5           A 69           A 94             26        1034.66         (5.081, 26.528, 31.054)         (14.0428, 37.0596, -12.8553)
                                                                                    (11.4, 5.236, 27.092)

              6           A 94          A 109             16         635.04         (11.4, 5.236, 27.092)         (3.21856, 27.0194, 27.6554)
                                                                                    (6.451, 18.648, 5.991)

              7          A 109          A 126             18        713.294         (6.451, 18.648, 5.991)         (24.3684, 1.44947, 26.5862)
                                                                                    (18.505, 10.971, 2.056)

