Using structure file: /home/pkas7/Research/SCOP/pdbstyle-1.75B/ot/d2ot9a1.ent
Number of residues: 179
Doing a BEZIER segmentation ...

Bounding box volume: 61046.6
Null Model Fit: 8151.51 bits.
Bits per residue: 45.795

Bezier model fit: 7333.22 bits.
Bits per residue: 41.1979

# of segments: 15
Internal segmentation:
0-->1-->16-->31-->50-->61-->62-->73-->89-->106-->123-->144-->154-->162-->173-->178

CPU time used: 10.67 secs.
Wall clock time elapsed: 10 secs.

        SEGMENT          START            END   NUM_RESIDUES MESSAGE_LENGTH                    END_POINTS        INTERMEDIATE_CONTROL_POINTS
              1            A 2            A 3              2         48.832         (17.304, 61.317, -13.407)
                                                                                    (14.531, 60.718, -14.176)

              2            A 3           A 18             16        587.716         (14.531, 60.718, -14.176)         (8.6815, 79.1917, 6.29069)
                                                                                    (21.743, 64.704, 24.075)

              3           A 18           A 33             16        605.798         (21.743, 64.704, 24.075)         (20.0018, 85.6694, 7.56757)
                                                                                    (13.572, 57.513, -9.231)

              4           A 33           A 52             20        780.951         (13.572, 57.513, -9.231)         (10.3539, 54.2474, 12.0782)
                                                                                    (26.954, 68.769, 11.565)

              5           A 52           A 63             12        464.001         (26.954, 68.769, 11.565)
                                                                                    (26.355, 56.434, -7.522)

              6           A 63           A 64              2         48.832         (26.355, 56.434, -7.522)
                                                                                    (28.25, 53.422, -6.14)

              7           A 64           A 75             12        465.584         (28.25, 53.422, -6.14)         (22.5903, 62.8365, 9.58248)
                                                                                    (40.7, 68.936, 3.106)

              8           A 75           A 91             17        678.343         (40.7, 68.936, 3.106)         (15.4097, 48.2778, 9.06099)
                                                                                    (30.69, 47.418, 0.791)

              9           A 91          A 108             18        703.816         (30.69, 47.418, 0.791)         (47.7277, 63.1917, 12.7599)
                                                                                    (13.303, 46.733, 5.964)

             10          A 108          A 125             18         698.65         (13.303, 46.733, 5.964)         (26.0375, 27.7784, 9.0061)
                                                                                    (36.942, 49.621, 12.663)

             11          A 125          A 146             22        849.468         (36.942, 49.621, 12.663)         (-5.37054, 46.303, 15.6862)
                                                                                    (7.745, 68.321, -1.766)

             12          A 146          A 156             11        396.791         (7.745, 68.321, -1.766)         (9.86428, 72.9455, 14.9067)
                                                                                    (17.993, 59.853, 25.685)

             13          A 156          A 164              9        331.638         (17.993, 59.853, 25.685)
                                                                                    (1.907, 67.458, 9.642)

             14          A 164          A 175             12        450.089         (1.907, 67.458, 9.642)         (6.72212, 58.278, 22.4114)
                                                                                    (22.89, 46.163, 16.129)

             15          A 175          A 180              6         222.71         (22.89, 46.163, 16.129)
                                                                                    (29.083, 58.388, 19.008)

