Using structure file: /home/pkas7/Research/SCOP/pdbstyle-1.75B/ot/d2otma1.ent
Number of residues: 152
Doing a BEZIER segmentation ...

Bounding box volume: 41324.8
Null Model Fit: 6830.04 bits.
Bits per residue: 45.2321

Bezier model fit: 6216.63 bits.
Bits per residue: 41.1698

# of segments: 11
Internal segmentation:
0-->10-->22-->32-->44-->58-->80-->91-->102-->121-->140-->151

CPU time used: 8.76 secs.
Wall clock time elapsed: 8 secs.

        SEGMENT          START            END   NUM_RESIDUES MESSAGE_LENGTH                    END_POINTS        INTERMEDIATE_CONTROL_POINTS
              1            A 2           A 12             11         431.34         (11.333, 10.754, 0.933)
                                                                                    (10.248, 11.672, 16.497)

              2           A 12           A 24             13        481.244         (10.248, 11.672, 16.497)         (5.69368, 30.4813, 16.2823)
                                                                                    (22.131, 41.702, 21.913)

              3           A 24           A 34             11        421.936         (22.131, 41.702, 21.913)
                                                                                    (28.706, 28.126, 1.724)

              4           A 34           A 46             13        493.764         (28.706, 28.126, 1.724)         (27.565, 30.9875, 26.5683)
                                                                                    (7.03, 27.517, 24.42)

              5           A 46           A 60             15        595.579         (7.03, 27.517, 24.42)         (27.799, 28.4481, 41.043)
                                                                                    (21.514, 15.644, 36.504)

              6           A 60           A 82             23        858.965         (21.514, 15.644, 36.504)
                                                                                    (17.438, 30.404, 7.043)

              7           A 82           A 93             12          473.6         (17.438, 30.404, 7.043)         (12.7495, 16.1883, -2.78876)
                                                                                    (29.728, 19.836, 9.983)

              8           A 93          A 104             12         444.48         (29.728, 19.836, 9.983)         (26.1168, 30.5976, 30.9559)
                                                                                    (31.926, 17.404, 41.07)

              9          A 104          A 123             20        770.853         (31.926, 17.404, 41.07)
                                                                                    (19.923, 14.697, 9.536)

             10          A 123          A 142             20        794.885         (19.923, 14.697, 9.536)         (43.5598, 20.5296, 22.3028)
                                                                                    (21.712, 31.488, 33.735)

             11          A 142          A 153             12        449.987         (21.712, 31.488, 33.735)
                                                                                    (24.828, 25.211, 2.156)

