Using structure file: /home/pkas7/Research/SCOP/pdbstyle-1.75B/ou/d2ouwa1.ent
Number of residues: 134
Doing a BEZIER segmentation ...

Bounding box volume: 75343.9
Null Model Fit: 6131.11 bits.
Bits per residue: 46.0986

Bezier model fit: 5447.22 bits.
Bits per residue: 40.9566

# of segments: 11
Internal segmentation:
0-->13-->14-->29-->43-->65-->81-->82-->97-->99-->122-->133

CPU time used: 7.51 secs.
Wall clock time elapsed: 7 secs.

        SEGMENT          START            END   NUM_RESIDUES MESSAGE_LENGTH                    END_POINTS        INTERMEDIATE_CONTROL_POINTS
              1            A 1           A 14             14        552.456         (3.713, 8.837, 48.508)
                                                                                    (-2.591, 32.392, 49.714)

              2           A 14           A 15              2        49.1356         (-2.591, 32.392, 49.714)
                                                                                    (-2.221, 31.284, 46.103)

              3           A 15           A 30             16        600.399         (-2.221, 31.284, 46.103)
                                                                                    (-21.395, 21.872, 44.362)

              4           A 30           A 44             15        588.594         (-21.395, 21.872, 44.362)         (-2.36286, 10.405, 48.1684)
                                                                                    (2.036, 24.218, 38.334)

              5           A 44           A 66             23        896.375         (2.036, 24.218, 38.334)         (-14.6232, 25.2708, 28.0589)
                                                                                    (-25.185, 12.684, 29.174)

              6           A 66           A 82             17        645.491         (-25.185, 12.684, 29.174)
                                                                                    (-3.953, 0.863, 33.732)

              7           A 82           A 83              2        49.1356         (-3.953, 0.863, 33.732)
                                                                                    (-4.172, 3.93, 36.06)

              8           A 83           A 98             16         607.45         (-4.172, 3.93, 36.06)
                                                                                    (-25.942, 7.793, 39.096)

              9           A 98          A 100              3        96.2342         (-25.942, 7.793, 39.096)
                                                                                    (-26.079, 1.711, 39.178)

             10          A 100          A 123             24        897.599         (-26.079, 1.711, 39.178)
                                                                                    (-1.834, -11.092, 17.535)

             11          A 123          A 134             12        464.353         (-1.834, -11.092, 17.535)
                                                                                    (-15.04, 3.698, 1.63)

