Using structure file: /home/pkas7/Research/SCOP/pdbstyle-1.75B/ou/d2ou3a1.ent
Number of residues: 160
Doing a BEZIER segmentation ...

Bounding box volume: 58170.6
Null Model Fit: 7270.33 bits.
Bits per residue: 45.7254

Bezier model fit: 6504.8 bits.
Bits per residue: 40.9107

# of segments: 13
Internal segmentation:
0-->1-->16-->24-->40-->45-->71-->85-->106-->110-->125-->127-->154-->159

CPU time used: 9.17 secs.
Wall clock time elapsed: 9 secs.

        SEGMENT          START            END   NUM_RESIDUES MESSAGE_LENGTH                    END_POINTS        INTERMEDIATE_CONTROL_POINTS
              1            A 1            A 2              2        48.7624         (26.821, 44.533, 37.624)
                                                                                    (28.565, 41.192, 38.019)

              2            A 2           A 17             16        604.282         (28.565, 41.192, 38.019)
                                                                                    (24.571, 49.7, 18.656)

              3           A 17           A 25              9        337.412         (24.571, 49.7, 18.656)         (37.5707, 50.053, 25.2748)
                                                                                    (20.885, 53.095, 33.195)

              4           A 25           A 41             17        644.387         (20.885, 53.095, 33.195)
                                                                                    (4.385, 60.503, 17.874)

              5           A 41           A 46              6        220.949         (4.385, 60.503, 17.874)
                                                                                    (-0.292, 49.784, 21.212)

              6           A 46           A 72             27        1052.12         (-0.292, 49.784, 21.212)         (30.4989, 39.5981, 31.6767)
                                                                                    (4.249, 53.67, 33.901)

              7           A 72           A 86             15        582.615         (4.249, 53.67, 33.901)         (6.62903, 73.1908, 16.8991)
                                                                                    (21.496, 63.547, 27.923)

              8           A 86          A 107             22        846.593         (21.496, 63.547, 27.923)         (21.9096, 57.7349, 9.43748)
                                                                                    (2.203, 45.045, 15.879)

              9          A 107          A 111              5        186.537         (2.203, 45.045, 15.879)
                                                                                    (0.847, 51.849, 7.657)

             10          A 111          A 126             16        605.267         (0.847, 51.849, 7.657)
                                                                                    (16.602, 67.122, 12.292)

             11          A 126          A 128              3        95.4878         (16.602, 67.122, 12.292)
                                                                                    (16.804, 64.558, 6.354)

             12          A 128          A 155             28        1055.18         (16.804, 64.558, 6.354)
                                                                                    (12.158, 25.041, 8.191)

             13          A 155          A 160              6        225.206         (12.158, 25.041, 8.191)
                                                                                    (11.373, 25.951, 21.515)

