Using structure file: /home/pkas7/Research/SCOP/pdbstyle-1.75B/oz/d2ozna1.ent
Number of residues: 133
Doing a BEZIER segmentation ...

Bounding box volume: 37046.2
Null Model Fit: 5949.82 bits.
Bits per residue: 45.0744

Bezier model fit: 5378.49 bits.
Bits per residue: 40.7461

# of segments: 12
Internal segmentation:
0-->11-->34-->45-->57-->66-->67-->79-->89-->100-->115-->117-->132

CPU time used: 7.59 secs.
Wall clock time elapsed: 7 secs.

        SEGMENT          START            END   NUM_RESIDUES MESSAGE_LENGTH                    END_POINTS        INTERMEDIATE_CONTROL_POINTS
              1          A 774          A 785             12        442.139         (47.817, -7.992, 55.504)         (37.1607, 8.86958, 63.129)
                                                                                    (31.163, 13.09, 77.255)

              2          A 785          A 808             24        938.584         (31.163, 13.09, 77.255)         (-5.74136, 38.0698, 72.6584)
                                                                                    (40.408, 7.161, 49.364)         (71.9479, -15.8295, 59.8172)

              3          A 808          A 819             12        450.259         (40.408, 7.161, 49.364)         (27.2136, 0.00763236, 63.1562)
                                                                                    (15.525, 6.831, 73.005)

              4          A 819          A 831             13        498.771         (15.525, 6.831, 73.005)         (20.9348, 18.422, 59.8836)
                                                                                    (38.625, 18.188, 51.465)

              5          A 831          A 840             10        369.284         (38.625, 18.188, 51.465)         (23.8437, 10.2658, 50.8861)
                                                                                    (16.716, 2.438, 61.098)

              6          A 840          A 841              2        48.1115         (16.716, 2.438, 61.098)
                                                                                    (16.277, 4.222, 64.401)

              7          A 841          A 853             13         480.11         (16.277, 4.222, 64.401)
                                                                                    (43.44, 13.623, 44.933)

              8          A 853          A 863             11        428.699         (43.44, 13.623, 44.933)         (49.3877, 8.33474, 66.1942)
                                                                                    (32.923, 13.279, 59.085)

              9          A 863          A 874             12        457.099         (32.923, 13.279, 59.085)         (10.4393, 19.3431, 71.0252)
                                                                                    (23.255, 7.519, 81.478)

             10          A 874          A 889             16        601.794         (23.255, 7.519, 81.478)
                                                                                    (42.688, 0.561, 42.91)

             11          A 889          A 891              3        94.1859         (42.688, 0.561, 42.91)
                                                                                    (40.221, -2.864, 46.729)

             12          A 891          A 906             16        569.452         (40.221, -2.864, 46.729)         (38.5598, -3.2878, 74.8709)
                                                                                    (18.402, 17.658, 81.953)

