Using structure file: /home/pkas7/Research/SCOP/pdbstyle-1.75B/oz/d2ozza1.ent
Number of residues: 227
Doing a BEZIER segmentation ...

Bounding box volume: 83241.9
Null Model Fit: 10450.8 bits.
Bits per residue: 46.2424

Bezier model fit: 9377.97 bits.
Bits per residue: 41.4954

# of segments: 17
Internal segmentation:
0-->23-->39-->49-->60-->78-->90-->91-->116-->117-->130-->139-->150-->166-->177-->193-->220-->226

CPU time used: 13.79 secs.
Wall clock time elapsed: 13 secs.

        SEGMENT          START            END   NUM_RESIDUES MESSAGE_LENGTH                    END_POINTS        INTERMEDIATE_CONTROL_POINTS
              1            A 1           A 24             24        956.269         (-20.624, 30.361, 85.792)         (0.660157, 21.3889, 70.6515)
                                                                                    (-1.534, 41.255, 108.247)

              2           A 24           A 40             17        644.414         (-1.534, 41.255, 108.247)
                                                                                    (-15.869, 29.476, 89.399)

              3           A 40           A 50             11        415.248         (-15.869, 29.476, 89.399)         (-0.998581, 25.9231, 97.804)
                                                                                    (10.355, 37.927, 99.137)

              4           A 50           A 61             12        456.972         (10.355, 37.927, 99.137)
                                                                                    (6.831, 29.992, 84.431)

              5           A 61           A 79             19        750.725         (6.831, 29.992, 84.431)         (-2.3814, 53.4094, 101.162)
                                                                                    (14.767, 44.944, 84.387)

              6           A 79           A 91             13        497.227         (14.767, 44.944, 84.387)         (-7.95284, 41.3451, 78.5475)
                                                                                    (-3.108, 51.573, 100.988)

              7           A 91           A 92              2        49.2794         (-3.108, 51.573, 100.988)
                                                                                    (-4.069, 48.146, 99.535)

              8           A 92          A 117             26        1046.61         (-4.069, 48.146, 99.535)         (32.7181, 77.7198, 126.366)
                                                                                    (15.018, 40.285, 101.76)

              9          A 117          A 118              2        49.2794         (15.018, 40.285, 101.76)
                                                                                    (12.945, 43.534, 101.471)

             10          A 118          A 131             14        538.888         (12.945, 43.534, 101.471)
                                                                                    (23.346, 61.24, 96.406)

             11          A 131          A 140             10        376.921         (23.346, 61.24, 96.406)         (31.5263, 52.3253, 106.732)
                                                                                    (16.67, 42.99, 109.88)

             12          A 140          A 151             12        453.804         (16.67, 42.99, 109.88)
                                                                                    (24.267, 53.623, 118.759)

             13          A 151          A 168             17        684.918         (24.267, 53.623, 118.759)         (0.134561, 52.4777, 100.76)
                                                                                    (10.422, 55.044, 125.351)

             14          A 168          A 179             12        444.602         (10.422, 55.044, 125.351)
                                                                                    (8.269, 61.518, 96.647)

             15          A 179          A 195             17        657.772         (8.269, 61.518, 96.647)         (-2.87718, 45.9508, 104.499)
                                                                                    (3.324, 37.645, 76.69)

             16          A 195          A 222             28        1094.78         (3.324, 37.645, 76.69)         (-20.2088, 45.714, 86.6367)
                                                                                    (-13.804, 42.811, 110.855)

             17          A 222          A 228              7        260.261         (-13.804, 42.811, 110.855)
                                                                                    (-7.968, 32.542, 100.853)

