Using structure file: /home/pkas7/Research/SCOP/pdbstyle-1.75B/p3/d2p3pa1.ent
Number of residues: 197
Doing a BEZIER segmentation ...

Bounding box volume: 69443.1
Null Model Fit: 9012.26 bits.
Bits per residue: 45.9809

Bezier model fit: 8100.53 bits.
Bits per residue: 41.3293

# of segments: 15
Internal segmentation:
0-->29-->35-->46-->47-->56-->64-->78-->92-->102-->131-->153-->161-->178-->190-->196

CPU time used: 11.84 secs.
Wall clock time elapsed: 11 secs.

        SEGMENT          START            END   NUM_RESIDUES MESSAGE_LENGTH                    END_POINTS        INTERMEDIATE_CONTROL_POINTS
              1           A 66           A 95             30         1197.9         (53.031, 16.104, 22.224)         (33.0754, -8.93367, 35.314)
                                                                                    (40.52, 22.063, 25.061)

              2           A 95          A 101              7        263.452         (40.52, 22.063, 25.061)
                                                                                    (55.618, 22.574, 31.689)

              3          A 101          A 112             12        445.381         (55.618, 22.574, 31.689)         (34.749, 25.6291, 37.1513)
                                                                                    (29.863, 8.069, 34.183)

              4          A 112          A 113              2         49.018         (29.863, 8.069, 34.183)
                                                                                    (29.024, 9.675, 37.528)

              5          A 113          A 122             10        362.144         (29.024, 9.675, 37.528)         (40.944, 20.9707, 41.6248)
                                                                                    (53.988, 17.269, 30.087)

              6          A 122          A 130              9        331.877         (53.988, 17.269, 30.087)
                                                                                    (35.247, 10.682, 44.128)

              7          A 130          A 144             15        576.323         (35.247, 10.682, 44.128)
                                                                                    (67.744, 5.741, 27.579)

              8          A 144          A 158             15        569.422         (67.744, 5.741, 27.579)
                                                                                    (39.009, 6.089, 55.403)

              9          A 158          A 168             11         408.12         (39.009, 6.089, 55.403)         (52.8188, 1.56682, 48.6004)
                                                                                    (54.218, -0.536, 28.991)

             10          A 168          A 197             30        1225.43         (54.218, -0.536, 28.991)
                                                                                    (58.699, -4.292, 74.899)

             11          A 197          A 219             23        881.738         (58.699, -4.292, 74.899)         (37.9778, -9.63829, 65.1023)
                                                                                    (60.145, 16.41, 38.821)

             12          A 219          A 227              9        333.689         (60.145, 16.41, 38.821)
                                                                                    (53.077, 4.678, 56.894)

             13          A 227          A 244             18        697.243         (53.077, 4.678, 56.894)         (36.5782, 8.41086, 78.1839)
                                                                                    (59.114, 2.712, 68.059)

             14          A 244          A 256             13        491.074         (59.114, 2.712, 68.059)         (57.2332, 14.7849, 53.1177)
                                                                                    (68.195, 1.165, 36.274)

             15          A 256          A 262              7        267.723         (68.195, 1.165, 36.274)         (59.2234, -2.09975, 41.9531)
                                                                                    (67.81, 5.796, 49.532)

