Using structure file: /home/pkas7/Research/SCOP/pdbstyle-1.75B/p5/d2p5ka1.ent
Number of residues: 63
Doing a BEZIER segmentation ...

Bounding box volume: 12442.7
Null Model Fit: 2697.02 bits.
Bits per residue: 43.5004

Bezier model fit: 2561.78 bits.
Bits per residue: 41.319

# of segments: 6
Internal segmentation:
0-->15-->19-->31-->36-->56-->62

CPU time used: 2.81 secs.
Wall clock time elapsed: 2 secs.

        SEGMENT          START            END   NUM_RESIDUES MESSAGE_LENGTH                    END_POINTS        INTERMEDIATE_CONTROL_POINTS
              1            A 2           A 17             16        602.394         (2.362, -4.712, 14.838)
                                                                                    (7.268, 16.747, 10.307)

              2           A 17           A 21              5        175.554         (7.268, 16.747, 10.307)
                                                                                    (16.556, 11.218, 6.114)

              3           A 21           A 33             13        488.827         (16.556, 11.218, 6.114)
                                                                                    (8.168, 4.204, 21.554)

              4           A 33           A 38              6        220.013         (8.168, 4.204, 21.554)
                                                                                    (17.433, 1.072, 10.771)

              5           A 38           A 58             21        819.302         (17.433, 1.072, 10.771)         (-1.04481, -3.7515, -3.77815)
                                                                                    (16.181, 23.691, -0.551)

              6           A 58           A 64              7        255.691         (16.181, 23.691, -0.551)         (13.1472, 13.1657, 3.96617)
                                                                                    (3.154, 9.232, 0.659)

