Using structure file: /home/pkas7/Research/SCOP/pdbstyle-1.75B/p6/d2p61a1.ent
Number of residues: 113
Doing a BEZIER segmentation ...

Bounding box volume: 38705
Null Model Fit: 5055.41 bits.
Bits per residue: 45.1376

Bezier model fit: 4421.53 bits.
Bits per residue: 39.478

# of segments: 7
Internal segmentation:
0-->29-->36-->61-->62-->89-->91-->112

CPU time used: 6.01 secs.
Wall clock time elapsed: 6 secs.

        SEGMENT          START            END   NUM_RESIDUES MESSAGE_LENGTH                    END_POINTS        INTERMEDIATE_CONTROL_POINTS
              1           A 34           A 63             30        1116.47         (-26.14, 80.544, 6.514)         (-8.78441, 65.3381, 3.482)
                                                                                    (0.887, 46.15, -0.304)

              2           A 63           A 70              8         308.18         (0.887, 46.15, -0.304)
                                                                                    (12.403, 48.178, -4.051)

              3           A 70           A 95             26        972.673         (12.403, 48.178, -4.051)
                                                                                    (-10.923, 69.847, 17.654)

              4           A 95          A 102              2        48.1747         (-10.923, 69.847, 17.654)
                                                                                    (-5.655, 65.475, 25.811)

              5          A 102          A 129             28        1045.49         (-5.655, 65.475, 25.811)
                                                                                    (19.627, 42.673, 3.15)

              6          A 129          A 131              3        94.3122         (19.627, 42.673, 3.15)
                                                                                    (15.431, 39.18, 3.546)

              7          A 131          A 152             22        836.238         (15.431, 39.18, 3.546)
                                                                                    (-10.286, 55.983, 14.155)

