Using structure file: /home/pkas7/Research/SCOP/pdbstyle-1.75B/pc/d2pcja_.ent
Number of residues: 223
Doing a BEZIER segmentation ...

Bounding box volume: 69254.5
Null Model Fit: 10206.9 bits.
Bits per residue: 45.977

Bezier model fit: 9189.5 bits.
Bits per residue: 41.3941

# of segments: 17
Internal segmentation:
0-->13-->27-->36-->50-->62-->80-->94-->96-->111-->127-->140-->155-->170-->188-->197-->212-->222

CPU time used: 13.61 secs.
Wall clock time elapsed: 13 secs.

        SEGMENT          START            END   NUM_RESIDUES MESSAGE_LENGTH                    END_POINTS        INTERMEDIATE_CONTROL_POINTS
              1            A 2           A 15             14        528.569         (25.908, 7.407, 22.563)
                                                                                    (1.665, 12.056, 50.602)

              2           A 15           A 29             15        582.008         (1.665, 12.056, 50.602)         (22.0135, 9.12774, 50.3747)
                                                                                    (22.103, 3.198, 22.864)

              3           A 29           A 38             10         371.36         (22.103, 3.198, 22.864)
                                                                                    (11.224, -6.274, 46.221)

              4           A 38           A 52             15        575.388         (11.224, -6.274, 46.221)
                                                                                    (7.844, 10.357, 30.779)

              5           A 52           A 64             13        501.314         (7.844, 10.357, 30.779)         (9.41422, 19.2375, 51.2861)
                                                                                    (18.995, 11.786, 23.461)

              6           A 64           A 82             19         746.55         (18.995, 11.786, 23.461)         (-3.07617, 27.4728, 35.0826)
                                                                                    (7.272, 9.306, 18.679)

              7           A 82           A 96             15        577.717         (7.272, 9.306, 18.679)         (6.6727, -10.8558, 38.9044)
                                                                                    (-13.501, -2.062, 19.983)

              8           A 96           A 98              3         95.991         (-13.501, -2.062, 19.983)
                                                                                    (-8.929, -4.975, 15.733)

              9           A 98          A 113             16         635.33         (-8.929, -4.975, 15.733)         (3.85513, 7.88446, 21.3701)
                                                                                    (-1.797, 8.384, 6.66)

             10          A 113          A 129             17        646.728         (-1.797, 8.384, 6.66)
                                                                                    (3.409, -14.189, 14.433)

             11          A 129          A 142             14        557.373         (3.409, -14.189, 14.433)         (-16.6502, -4.12588, 10.3527)
                                                                                    (-5.284, -15.353, 24.031)

             12          A 142          A 157             16        601.797         (-5.284, -15.353, 24.031)
                                                                                    (7.025, 4.372, 15.356)

             13          A 157          A 172             16        637.356         (7.025, 4.372, 15.356)         (13.4112, 1.8039, 36.6586)
                                                                                    (2.442, -18.819, 31.204)

             14          A 172          A 190             19        712.046         (2.442, -18.819, 31.204)
                                                                                    (19.374, -1.988, 17.968)

             15          A 190          A 199             10        372.058         (19.374, -1.988, 17.968)         (10.4959, 3.02989, 34.3591)
                                                                                    (12.066, -12.264, 38.301)

             16          A 199          A 214             16        621.948         (12.066, -12.264, 38.301)         (28.8925, -11.5187, 21.2438)
                                                                                    (13.667, 1.528, 49.514)

             17          A 214          A 224             11        425.967         (13.667, 1.528, 49.514)
                                                                                    (28.622, -7.222, 28.908)

