Using structure file: /home/pkas7/Research/SCOP/pdbstyle-1.75B/pg/d2pgca1.ent
Number of residues: 206
Doing a BEZIER segmentation ...

Bounding box volume: 72151.7
Null Model Fit: 9437.4 bits.
Bits per residue: 46.0361

Bezier model fit: 8382.7 bits.
Bits per residue: 40.8912

# of segments: 15
Internal segmentation:
0-->15-->37-->52-->62-->63-->88-->103-->113-->122-->144-->159-->169-->170-->193-->205

CPU time used: 12 secs.
Wall clock time elapsed: 12 secs.

        SEGMENT          START            END   NUM_RESIDUES MESSAGE_LENGTH                    END_POINTS        INTERMEDIATE_CONTROL_POINTS
              1            A 1           A 16             16        603.411         (105.488, 80.307, 39.023)
                                                                                    (100.904, 88.182, -1.76)

              2           A 16           A 38             23        883.289         (100.904, 88.182, -1.76)         (107.86, 68.428, 5.10203)
                                                                                    (109.658, 71.086, 22.586)

              3           A 38           A 53             16        633.647         (109.658, 71.086, 22.586)         (90.5063, 88.3298, 8.30046)
                                                                                    (95.733, 93.612, 7.626)

              4           A 53           A 63             11        406.364         (95.733, 93.612, 7.626)
                                                                                    (106.222, 75.847, 28.753)

              5           A 63           A 64              2        49.0732         (106.222, 75.847, 28.753)
                                                                                    (109.557, 77.519, 29.456)

              6           A 64           A 89             26           1013         (109.557, 77.519, 29.456)         (125.699, 71.507, 8.51666)
                                                                                    (109.723, 87.982, 0.028)

              7           A 89          A 104             16        602.184         (109.723, 87.982, 0.028)         (113.281, 94.5011, 27.8937)
                                                                                    (89.439, 78.189, 34.397)

              8          A 104          A 114             11        417.385         (89.439, 78.189, 34.397)         (91.6014, 63.3963, 16.8065)
                                                                                    (90.1, 81.914, 13.434)

              9          A 114          A 123             10        360.368         (90.1, 81.914, 13.434)         (93.7147, 95.3104, 21.6225)
                                                                                    (97.218, 98.537, 36.27)

             10          A 123          A 145             23        892.852         (97.218, 98.537, 36.27)         (84.4241, 83.1508, 41.9647)
                                                                                    (81.703, 77.739, 20.369)

             11          A 145          A 160             16        634.779         (81.703, 77.739, 20.369)         (108.085, 88.3345, 30.4186)
                                                                                    (105.072, 95.791, 27.388)

             12          A 160          A 170             11        408.325         (105.072, 95.791, 27.388)
                                                                                    (85.78, 77.369, 14.543)

             13          A 170          A 171              2        49.0732         (85.78, 77.369, 14.543)
                                                                                    (83.878, 80.044, 12.613)

             14          A 171          A 194             24        931.004         (83.878, 80.044, 12.613)         (69.5021, 89.814, 29.5899)
                                                                                    (89.411, 99.317, 34.97)

             15          A 194          A 206             13        497.946         (89.411, 99.317, 34.97)         (91.28, 98.1152, 15.153)
                                                                                    (96.289, 79.273, 7.008)

