Using structure file: /home/pkas7/Research/SCOP/pdbstyle-1.75B/pi/d2piea_.ent
Number of residues: 132
Doing a BEZIER segmentation ...

Bounding box volume: 41876.1
Null Model Fit: 5927.91 bits.
Bits per residue: 45.2512

Bezier model fit: 5485.75 bits.
Bits per residue: 41.8759

# of segments: 12
Internal segmentation:
0-->16-->26-->37-->38-->51-->63-->79-->86-->94-->104-->117-->131

CPU time used: 7.78 secs.
Wall clock time elapsed: 7 secs.

        SEGMENT          START            END   NUM_RESIDUES MESSAGE_LENGTH                    END_POINTS        INTERMEDIATE_CONTROL_POINTS
              1            A 9           A 25             17        679.947         (-37.508, -1.722, 27.088)         (-15.9503, 1.03971, 20.6368)
                                                                                    (-9.185, 15.52, 24.033)

              2           A 25           A 35             11        406.431         (-9.185, 15.52, 24.033)
                                                                                    (-22.225, -4.264, 12.934)

              3           A 35           A 46             12        472.488         (-22.225, -4.264, 12.934)         (-2.57081, 13.8382, 3.07981)
                                                                                    (-13.686, 7.073, 4.563)

              4           A 46           A 47              2        48.2883         (-13.686, 7.073, 4.563)
                                                                                    (-16.081, 6.89, 7.521)

              5           A 47           A 60             14        543.054         (-16.081, 6.89, 7.521)         (5.10046, 29.6097, 13.6146)
                                                                                    (-2.72, 8.128, 4.608)

              6           A 60           A 72             13        494.038         (-2.72, 8.128, 4.608)
                                                                                    (-18.061, -10.449, 17.002)

              7           A 72           A 88             17        665.046         (-18.061, -10.449, 17.002)         (6.338, 8.4082, -5.71896)
                                                                                    (0.277, -0.669, 22.201)

              8           A 88           A 95              8        299.148         (0.277, -0.669, 22.201)
                                                                                    (-3.316, -5.986, 6.085)

              9           A 95          A 103              9        328.369         (-3.316, -5.986, 6.085)         (-10.4635, -11.6263, 18.6578)
                                                                                    (-7.578, -0.346, 27.3)

             10          A 103          A 113             11        416.195         (-7.578, -0.346, 27.3)         (-2.21987, 4.47883, 8.88147)
                                                                                    (10.581, 15.641, 15.805)

             11          A 113          A 126             14        537.162         (10.581, 15.641, 15.805)
                                                                                    (-16.415, 0.685, 25.872)

             12          A 126          A 140             15        595.583         (-16.415, 0.685, 25.872)         (-24.0389, 18.0719, 31.4094)
                                                                                    (-17.616, 12.087, 6.664)

