Using structure file: /home/pkas7/Research/SCOP/pdbstyle-1.75B/pv/d2pv7a1.ent
Number of residues: 124
Doing a BEZIER segmentation ...

Bounding box volume: 61651.1
Null Model Fit: 5634.53 bits.
Bits per residue: 45.8092

Bezier model fit: 4946.81 bits.
Bits per residue: 40.218

# of segments: 7
Internal segmentation:
0-->28-->47-->68-->89-->90-->105-->123

CPU time used: 6.7 secs.
Wall clock time elapsed: 6 secs.

        SEGMENT          START            END   NUM_RESIDUES MESSAGE_LENGTH                    END_POINTS        INTERMEDIATE_CONTROL_POINTS
              1          A 244          A 272             29        1095.78         (14.262, 29.694, 42.919)         (25.4887, 45.9169, 47.8647)
                                                                                    (35.779, 58.576, 62.989)

              2          A 272          A 291             20        799.047         (35.779, 58.576, 62.989)         (16.1282, 81.4168, 58.4064)
                                                                                    (22.248, 61.064, 51.94)

              3          A 291          A 316             22        847.369         (22.248, 61.064, 51.94)         (16.7034, 42.9898, 75.5765)
                                                                                    (29.132, 37.907, 49.393)

              4          A 316          A 337             22        828.494         (29.132, 37.907, 49.393)
                                                                                    (44.746, 64.48, 39.239)

              5          A 337          A 338              2        48.8463         (44.746, 64.48, 39.239)
                                                                                    (43.175, 62.709, 36.212)

              6          A 338          A 353             16         608.09         (43.175, 62.709, 36.212)
                                                                                    (22.354, 52.636, 34.454)

              7          A 353          A 371             19        719.185         (22.354, 52.636, 34.454)
                                                                                    (7.429, 65.142, 52.162)

