Using structure file: /home/pkas7/Research/SCOP/pdbstyle-1.75B/pw/d2pwaa_.ent
Number of residues: 279
Doing a BEZIER segmentation ...

Bounding box volume: 70260.5
Null Model Fit: 12787.4 bits.
Bits per residue: 45.9978

Bezier model fit: 11606.1 bits.
Bits per residue: 41.7485

# of segments: 20
Internal segmentation:
0-->12-->31-->44-->60-->86-->98-->121-->123-->137-->151-->162-->185-->191-->203-->214-->222-->240-->257-->266-->278

CPU time used: 17.48 secs.
Wall clock time elapsed: 17 secs.

        SEGMENT          START            END   NUM_RESIDUES MESSAGE_LENGTH                    END_POINTS        INTERMEDIATE_CONTROL_POINTS
              1            A 1           A 13             13        515.235         (22.079, -24.619, 16.455)         (27.8513, -31.5149, -4.84916)
                                                                                    (26.74, -16.303, 6.284)

              2           A 13           A 32             20        813.551         (26.74, -16.303, 6.284)         (40.1238, -29.4264, 9.51511)
                                                                                    (7.591, -14.805, 14.71)

              3           A 32           A 45             14        528.137         (7.591, -14.805, 14.71)         (9.37493, -6.42446, -16.2677)
                                                                                    (3.097, -27.892, -0.316)

              4           A 45           A 61             17         688.36         (3.097, -27.892, -0.316)         (9.00442, -18.7686, 13.6446)
                                                                                    (-4.728, -17.12, -13.442)

              5           A 61           A 87             27         1086.4         (-4.728, -17.12, -13.442)         (25.5044, -24.2102, -3.03448)
                                                                                    (11.143, -20.933, 11.391)

              6           A 87           A 99             13        492.931         (11.143, -20.933, 11.391)         (-2.94064, -7.96081, -5.02644)
                                                                                    (8.33, -17.906, -17.409)

              7           A 99          A 122             24        941.275         (8.33, -17.906, -17.409)         (-0.466822, 9.13954, -8.07248)
                                                                                    (0.321, -11.589, 12.869)

              8          A 122          A 124              3        96.0326         (0.321, -11.589, 12.869)
                                                                                    (5.244, -9.925, 15.978)

              9          A 124          A 138             15        585.711         (5.244, -9.925, 15.978)         (17.4435, -14.7106, -9.88424)
                                                                                    (11.993, 2.94, -13.497)

             10          A 138          A 152             15        565.037         (11.993, 2.94, -13.497)
                                                                                    (7.528, -0.778, 7.812)

             11          A 152          A 163             12        457.306         (7.528, -0.778, 7.812)         (16.9922, -10.4032, -5.97367)
                                                                                    (27.763, -7.217, -14.624)

             12          A 163          A 186             24        966.114         (27.763, -7.217, -14.624)         (1.89521, 13.7058, -1.16888)
                                                                                    (35.48, -18.486, -3.202)

             13          A 186          A 192              7        264.705         (35.48, -18.486, -3.202)
                                                                                    (27.192, -11.632, -13.427)

             14          A 192          A 204             13         504.06         (27.192, -11.632, -13.427)         (24.8727, 13.7682, 0.291493)
                                                                                    (25.818, -15.899, -1.673)

             15          A 204          A 215             12        465.004         (25.818, -15.899, -1.673)
                                                                                    (8.8, -31.183, -4.498)

             16          A 215          A 223              9        329.312         (8.8, -31.183, -4.498)         (25.3573, -28.4483, -10.742)
                                                                                    (21.429, -11.943, -7.499)

             17          A 223          A 241             19        709.506         (21.429, -11.943, -7.499)
                                                                                    (15.598, -8.239, 18.531)

             18          A 241          A 258             18        719.088         (15.598, -8.239, 18.531)         (14.8664, 2.33804, 5.51032)
                                                                                    (34.308, -6.525, 5.395)

             19          A 258          A 267             10        382.125         (34.308, -6.525, 5.395)         (39.7875, -15.2076, -10.6835)
                                                                                    (32.817, 2.627, -5.43)

             20          A 267          A 279             13        496.188         (32.817, 2.627, -5.43)         (26.3114, -11.9456, 4.70498)
                                                                                    (26.872, -19.721, 20.659)

