Using structure file: /home/pkas7/Research/SCOP/pdbstyle-1.75B/pz/d2pzzb_.ent
Number of residues: 124
Doing a BEZIER segmentation ...

Bounding box volume: 33205.3
Null Model Fit: 5524.73 bits.
Bits per residue: 44.9165

Bezier model fit: 5020.88 bits.
Bits per residue: 40.8201

# of segments: 10
Internal segmentation:
0-->10-->26-->37-->47-->74-->76-->90-->99-->110-->123

CPU time used: 6.95 secs.
Wall clock time elapsed: 6 secs.

        SEGMENT          START            END   NUM_RESIDUES MESSAGE_LENGTH                    END_POINTS        INTERMEDIATE_CONTROL_POINTS
              1            B 2           B 12             11        396.559         (23.527, 59.606, -2.825)         (35.5059, 56.0115, 9.26988)
                                                                                    (42.497, 48.994, 21.908)

              2           B 12           B 28             17        666.919         (42.497, 48.994, 21.908)
                                                                                    (21.509, 58.131, 13.192)

              3           B 28           B 39             12        451.469         (21.509, 58.131, 13.192)         (27.8137, 42.3822, 5.84474)
                                                                                    (46.578, 43.762, 18.302)

              4           B 39           B 49             11        397.442         (46.578, 43.762, 18.302)
                                                                                    (21.5, 57.4, 2.441)

              5           B 49           B 76             28        1076.14         (21.5, 57.4, 2.441)         (25.8672, 90.0294, 23.7427)
                                                                                    (36.367, 65.707, -6.319)

              6           B 76           B 78              3          93.87         (36.367, 65.707, -6.319)
                                                                                    (31.637, 63.099, -7.872)

              7           B 78           B 92             15        578.982         (31.637, 63.099, -7.872)         (42.5845, 63.7141, 23.4299)
                                                                                    (26.697, 65.29, 19.549)

              8           B 92          B 101             10        377.643         (26.697, 65.29, 19.549)         (40.6424, 75.0804, 8.19945)
                                                                                    (42.146, 59.201, 18.133)

              9          B 101          B 112             12        439.008         (42.146, 59.201, 18.133)         (31.2752, 61.9538, 5.24493)
                                                                                    (25.541, 59.326, -11.437)

             10          B 112          B 125             14        542.847         (25.541, 59.326, -11.437)
                                                                                    (23.647, 76.435, 1.913)

