Using structure file: /home/pkas7/Research/SCOP/pdbstyle-1.75B/q4/d2q43a2.ent
Number of residues: 102
Doing a BEZIER segmentation ...

Bounding box volume: 23022.4
Null Model Fit: 4483.2 bits.
Bits per residue: 44.3881

Bezier model fit: 4062.17 bits.
Bits per residue: 40.2195

# of segments: 9
Internal segmentation:
0-->11-->14-->36-->49-->51-->63-->64-->84-->101

CPU time used: 5.39 secs.
Wall clock time elapsed: 5 secs.

        SEGMENT          START            END   NUM_RESIDUES MESSAGE_LENGTH                    END_POINTS        INTERMEDIATE_CONTROL_POINTS
              1          A 195          A 206             12        423.875         (50.672, 12.051, -8.249)         (64.2144, -0.39358, -0.668321)
                                                                                    (79.098, -9.24, -11.234)

              2          A 206          A 218              4        138.451         (79.098, -9.24, -11.234)
                                                                                    (84.381, -3.585, -14.268)

              3          A 218          A 240             23        870.488         (84.381, -3.585, -14.268)
                                                                                    (48.526, 16.031, -21.12)

              4          A 240          A 253             14        523.042         (48.526, 16.031, -21.12)
                                                                                    (77.507, 3.453, -4.545)

              5          A 253          A 263              3        92.8133         (77.507, 3.453, -4.545)
                                                                                    (82.046, -5.876, -6.612)

              6          A 263          A 275             13        467.473         (82.046, -5.876, -6.612)         (64.8986, 10.3921, -3.58399)
                                                                                    (48.238, 7.127, -14.037)

              7          A 275          A 276              2        47.4252         (48.238, 7.127, -14.037)
                                                                                    (49.733, 3.722, -14.942)

              8          A 276          A 296             21        790.937         (49.733, 3.722, -14.942)
                                                                                    (76.654, -10.184, -17.49)

              9          A 296          A 313             18         707.67         (76.654, -10.184, -17.49)         (60.6923, -4.21717, 11.2981)
                                                                                    (47.973, 8.696, -6.913)

