Using structure file: /home/pkas7/Research/SCOP/pdbstyle-1.75B/q4/d2q4ma1.ent
Number of residues: 162
Doing a BEZIER segmentation ...

Bounding box volume: 42191.6
Null Model Fit: 7287.19 bits.
Bits per residue: 45.262

Bezier model fit: 6761.03 bits.
Bits per residue: 41.994

# of segments: 17
Internal segmentation:
0-->12-->21-->22-->42-->43-->55-->65-->72-->76-->87-->96-->111-->120-->131-->132-->143-->161

CPU time used: 9.29 secs.
Wall clock time elapsed: 9 secs.

        SEGMENT          START            END   NUM_RESIDUES MESSAGE_LENGTH                    END_POINTS        INTERMEDIATE_CONTROL_POINTS
              1           A 24           A 36             13        512.111         (16.276, -8.871, 14.415)         (22.3488, -9.07815, -4.56916)
                                                                                    (23.143, 5.609, 13.799)

              2           A 36           A 45             10        360.398         (23.143, 5.609, 13.799)         (10.4963, 10.8124, 5.72899)
                                                                                    (10.297, 15.009, -10.343)

              3           A 45           A 51              2        48.2991         (10.297, 15.009, -10.343)
                                                                                    (3.13, 5.818, -12.464)

              4           A 51           A 71             21        829.531         (3.13, 5.818, -12.464)         (33.36, 19.5127, 15.3899)
                                                                                    (7.284, -2.086, -17.146)

              5           A 71           A 72              2        48.2991         (7.284, -2.086, -17.146)
                                                                                    (5.474, 0.577, -19.092)

              6           A 72           A 84             13        508.211         (5.474, 0.577, -19.092)         (0.436522, -4.88121, -1.89734)
                                                                                    (24.204, 2.295, -9.591)

              7           A 84          A 100             11        424.636         (24.204, 2.295, -9.591)         (14.3812, -9.84133, -7.40032)
                                                                                    (-4.386, -5.366, -0.32)

              8          A 100          A 107              8        294.328         (-4.386, -5.366, -0.32)         (7.83756, -12.0031, -0.496163)
                                                                                    (16.87, -7.792, -6.164)

              9          A 107          A 111              5         183.43         (16.87, -7.792, -6.164)
                                                                                    (10.481, -15.864, -7.877)

             10          A 111          A 129             12        463.722         (10.481, -15.864, -7.877)
                                                                                    (-3.244, -2.295, 13.094)

             11          A 129          A 138             10        376.726         (-3.244, -2.295, 13.094)
                                                                                    (6.765, -17.272, 8.643)

             12          A 138          A 154             16        632.979         (6.765, -17.272, 8.643)
                                                                                    (-1.232, 12.667, 9.157)

             13          A 154          A 163             10        375.882         (-1.232, 12.667, 9.157)         (9.16332, 3.53731, 10.855)
                                                                                    (7.345, -10.01, 19.287)

             14          A 163          A 174             12        460.594         (7.345, -10.01, 19.287)
                                                                                    (7.919, 18.588, 7.954)

             15          A 174          A 183              2        48.2991         (7.919, 18.588, 7.954)
                                                                                    (9.256, 18.503, -5.014)

             16          A 183          A 194             12        456.497         (9.256, 18.503, -5.014)         (5.77305, 13.286, 12.6466)
                                                                                    (20.654, -1.443, 13.107)

             17          A 194          A 212             19        737.091         (20.654, -1.443, 13.107)
                                                                                    (-2.334, 6.451, -4.659)

