Using structure file: /home/pkas7/Research/SCOP/pdbstyle-1.75B/q8/d2q8oa1.ent
Number of residues: 125
Doing a BEZIER segmentation ...

Bounding box volume: 44521.9
Null Model Fit: 5622.11 bits.
Bits per residue: 45.3396

Bezier model fit: 5123.98 bits.
Bits per residue: 41.3225

# of segments: 9
Internal segmentation:
0-->10-->29-->45-->57-->67-->78-->91-->110-->124

CPU time used: 7.19 secs.
Wall clock time elapsed: 7 secs.

        SEGMENT          START            END   NUM_RESIDUES MESSAGE_LENGTH                    END_POINTS        INTERMEDIATE_CONTROL_POINTS
              1           A 49           A 59             11        407.313         (7.09, 12.82, 64.425)         (4.02941, 28.5387, 60.9759)
                                                                                    (0.882, 40.176, 51.35)

              2           A 59           A 78             20        799.052         (0.882, 40.176, 51.35)         (-1.44693, 4.1272, 66.4977)
                                                                                    (-4.255, 38.793, 61.86)

              3           A 78           A 94             17        651.365         (-4.255, 38.793, 61.86)         (7.80607, 9.8895, 84.3503)
                                                                                    (11.641, 38.699, 57.404)

              4           A 94          A 106             13        510.487         (11.641, 38.699, 57.404)         (10.1363, 60.5644, 44.8647)
                                                                                    (12.56, 60.491, 62.797)

              5          A 106          A 116             11        400.765         (12.56, 60.491, 62.797)         (13.3153, 42.035, 63.3659)
                                                                                    (1.955, 36.591, 75.956)

              6          A 116          A 127             12        467.247         (1.955, 36.591, 75.956)         (18.3362, 42.1234, 75.2163)
                                                                                    (15.001, 50.602, 57.424)

              7          A 127          A 140             14        545.628         (15.001, 50.602, 57.424)         (21.6047, 29.4099, 65.2854)
                                                                                    (1.171, 25.287, 75.779)

              8          A 140          A 159             20        786.009         (1.171, 25.287, 75.779)         (4.58701, 63.5845, 59.2325)
                                                                                    (7.113, 40.225, 54.626)

              9          A 159          A 173             15        556.118         (7.113, 40.225, 54.626)         (4.06726, 13.8425, 73.5501)
                                                                                    (29.59, 16.481, 66.452)

