Using structure file: /home/pkas7/Research/SCOP/pdbstyle-1.75B/qa/d2qamx1.ent
Number of residues: 63
Doing a BEZIER segmentation ...

Bounding box volume: 20737.7
Null Model Fit: 2742.71 bits.
Bits per residue: 44.2373

Bezier model fit: 2500.81 bits.
Bits per residue: 40.3356

# of segments: 4
Internal segmentation:
0-->9-->33-->38-->62

CPU time used: 2.73 secs.
Wall clock time elapsed: 2 secs.

        SEGMENT          START            END   NUM_RESIDUES MESSAGE_LENGTH                    END_POINTS        INTERMEDIATE_CONTROL_POINTS
              1            X 1           X 10             10        387.114         (12.467, -44.973, -150.246)
                                                                                    (6.373, -31.68, -144.586)

              2           X 10           X 34             25        951.011         (6.373, -31.68, -144.586)
                                                                                    (12.298, -59.449, -124.274)

              3           X 34           X 39              6        221.505         (12.298, -59.449, -124.274)
                                                                                    (14.94, -59.493, -136.878)

              4           X 39           X 63             25        941.176         (14.94, -59.493, -136.878)         (19.2278, -42.0517, -140.539)
                                                                                    (10.467, -22.042, -148.865)

