Using structure file: /home/pkas7/Research/SCOP/pdbstyle-1.75B/qi/d2qima_.ent
Number of residues: 157
Doing a BEZIER segmentation ...

Bounding box volume: 52201.5
Null Model Fit: 7108.79 bits.
Bits per residue: 45.5692

Bezier model fit: 6347.16 bits.
Bits per residue: 40.6869

# of segments: 11
Internal segmentation:
0-->11-->34-->47-->60-->75-->89-->108-->121-->128-->151-->156

CPU time used: 9.17 secs.
Wall clock time elapsed: 9 secs.

        SEGMENT          START            END   NUM_RESIDUES MESSAGE_LENGTH                    END_POINTS        INTERMEDIATE_CONTROL_POINTS
              1            A 1           A 12             12        425.685         (82.113, 35.965, 0.112)         (67.9129, 41.1112, -11.3485)
                                                                                    (52.616, 52.477, -13.801)

              2           A 12           A 35             24        947.987         (52.616, 52.477, -13.801)         (66.5741, 70.3678, 4.22676)
                                                                                    (49.838, 46.421, 4.399)

              3           A 35           A 48             14        552.325         (49.838, 46.421, 4.399)         (64.2782, 58.2185, 20.1649)
                                                                                    (71.02, 62.494, 4.515)

              4           A 48           A 61             14        535.337         (71.02, 62.494, 4.515)
                                                                                    (52.065, 37.357, 13.05)

              5           A 61           A 76             16        605.687         (52.065, 37.357, 13.05)         (78.4246, 52.9502, 13.1354)
                                                                                    (68.462, 64.545, -8.981)

              6           A 76           A 90             15        573.291         (68.462, 64.545, -8.981)
                                                                                    (69.692, 35.714, 15.819)

              7           A 90          A 109             20        789.601         (69.692, 35.714, 15.819)         (80.1698, 49.0887, -6.53422)
                                                                                    (55.08, 56.809, -18.768)

              8          A 109          A 122             14         498.87         (55.08, 56.809, -18.768)         (69.3391, 46.6925, -6.95255)
                                                                                    (81.805, 35.006, 6.121)

              9          A 122          A 129              8        298.011         (81.805, 35.006, 6.121)
                                                                                    (68.062, 31.11, -1.156)

             10          A 129          A 152             24         897.19         (68.062, 31.11, -1.156)
                                                                                    (44.058, 55.737, -5.812)

             11          A 152          A 157              6        223.177         (44.058, 55.737, -5.812)
                                                                                    (49.728, 65.953, 1.68)

