Using structure file: /home/pkas7/Research/SCOP/pdbstyle-1.75B/qt/d2qtva5.ent
Number of residues: 75
Doing a BEZIER segmentation ...

Bounding box volume: 22552.4
Null Model Fit: 3282.52 bits.
Bits per residue: 44.3583

Bezier model fit: 3096.73 bits.
Bits per residue: 41.8477

# of segments: 6
Internal segmentation:
0-->13-->15-->23-->37-->61-->74

CPU time used: 3.59 secs.
Wall clock time elapsed: 3 secs.

        SEGMENT          START            END   NUM_RESIDUES MESSAGE_LENGTH                    END_POINTS        INTERMEDIATE_CONTROL_POINTS
              1           A 45           A 58             14        535.407         (56.913, 51.795, 21.054)         (53.2428, 40.9008, 41.2118)
                                                                                    (30.379, 48.601, 38.487)

              2           A 58           A 60              3        92.7538         (30.379, 48.601, 38.487)
                                                                                    (28.204, 43.913, 35.063)

              3           A 60           A 68              9        335.167         (28.204, 43.913, 35.063)         (45.3725, 48.317, 33.5928)
                                                                                    (39.19, 58.997, 30.424)

              4           A 68           A 82             15        585.521         (39.19, 58.997, 30.424)         (44.3168, 65.3427, 60.0613)
                                                                                    (31.486, 53.37, 30.944)

              5           A 82          A 106             25        1018.63         (31.486, 53.37, 30.944)         (56.2697, 57.9318, 58.1565)
                                                                                    (48.734, 58.082, 30.174)

              6          A 106          A 119             14        529.243         (48.734, 58.082, 30.174)
                                                                                    (50.67, 26.021, 32.271)

