Using structure file: /home/pkas7/Research/SCOP/pdbstyle-1.75B/qt/d2qtva3.ent
Number of residues: 254
Doing a BEZIER segmentation ...

Bounding box volume: 78179.2
Null Model Fit: 11676.4 bits.
Bits per residue: 46.1519

Bezier model fit: 10436.6 bits.
Bits per residue: 41.2516

# of segments: 17
Internal segmentation:
0-->13-->32-->33-->44-->55-->69-->88-->116-->141-->143-->159-->166-->183-->203-->213-->229-->253

CPU time used: 15.67 secs.
Wall clock time elapsed: 15 secs.

        SEGMENT          START            END   NUM_RESIDUES MESSAGE_LENGTH                    END_POINTS        INTERMEDIATE_CONTROL_POINTS
              1          A 120          A 133             14        538.489         (50.954, 24.258, 28.881)
                                                                                    (52.423, 12.646, -5.999)

              2          A 133          A 152             20        757.773         (52.423, 12.646, -5.999)
                                                                                    (59.843, 26.847, 20.458)

              3          A 152          A 153              2        49.1889         (59.843, 26.847, 20.458)
                                                                                    (61.921, 23.88, 21.805)

              4          A 153          A 164             12         444.31         (61.921, 23.88, 21.805)
                                                                                    (42.061, 5.846, 2.969)

              5          A 164          A 175             12        459.805         (42.061, 5.846, 2.969)         (51.4535, 13.1953, 23.4526)
                                                                                    (62.423, 1.887, 21.854)

              6          A 175          A 189             15        585.365         (62.423, 1.887, 21.854)         (36.7069, 3.26413, 0.98913)
                                                                                    (32.427, 9.367, 18.605)

              7          A 189          A 225             20        820.123         (32.427, 9.367, 18.605)         (50.2364, -3.48647, 32.9577)
                                                                                    (48.28, 13.109, 26.336)

              8          A 225          A 253             29         1135.3         (48.28, 13.109, 26.336)         (79.4764, 18.1041, 17.6982)
                                                                                    (41.286, 2.293, -10.475)

              9          A 253          A 278             26        1011.63         (41.286, 2.293, -10.475)
                                                                                    (40.037, 20.97, 26.251)

             10          A 278          A 280              3        96.3408         (40.037, 20.97, 26.251)
                                                                                    (44.105, 24.701, 25.914)

             11          A 280          A 296             17        654.995         (44.105, 24.701, 25.914)         (51.8286, 18.8818, -12.0497)
                                                                                    (32.623, 11.609, 6.815)

             12          A 296          A 303              8         302.88         (32.623, 11.609, 6.815)         (32.9945, 18.9316, -2.3929)
                                                                                    (34.383, 8.226, -9.47)

             13          A 303          A 320             18        714.777         (34.383, 8.226, -9.47)         (24.821, 37.833, -10.7367)
                                                                                    (24.894, 16.606, -4.319)

             14          A 320          A 340             21        802.219         (24.894, 16.606, -4.319)         (29.5089, 20.5933, 14.0275)
                                                                                    (39.603, 26.741, 21.838)

             15          A 340          A 350             11        407.318         (39.603, 26.741, 21.838)         (48.3407, 24.0181, 6.43388)
                                                                                    (45.572, 21.973, -8.986)

             16          A 350          A 366             17        664.708         (45.572, 21.973, -8.986)         (25.986, 23.1687, 8.20796)
                                                                                    (41.442, 32.429, 13.382)

             17          A 366          A 390             25        991.428         (41.442, 32.429, 13.382)         (56.914, 18.2371, -20.9138)
                                                                                    (59.038, 35.69, 15.308)

