Using structure file: /home/pkas7/Research/SCOP/pdbstyle-1.75B/qv/d2qvja_.ent
Number of residues: 421
Doing a BEZIER segmentation ...

Bounding box volume: 331193
Null Model Fit: 20258.6 bits.
Bits per residue: 48.2347

Bezier model fit: 17418.2 bits.
Bits per residue: 41.472

# of segments: 23
Internal segmentation:
0-->9-->27-->47-->76-->90-->104-->119-->129-->146-->147-->174-->203-->222-->250-->279-->306-->319-->348-->362-->372-->384-->409-->420

CPU time used: 26.58 secs.
Wall clock time elapsed: 26 secs.

        SEGMENT          START            END   NUM_RESIDUES MESSAGE_LENGTH                    END_POINTS        INTERMEDIATE_CONTROL_POINTS
              1            A 2           A 11             10        396.532         (23.233, 55.378, -11.762)
                                                                                    (8.887, 63.235, -12.111)

              2           A 11           A 29             19        710.884         (8.887, 63.235, -12.111)         (21.9221, 50.8918, 14.6171)
                                                                                    (51.035, 47.4, 11.972)

              3           A 29           A 49             21        846.959         (51.035, 47.4, 11.972)         (52.0389, 57.6725, 28.7976)
                                                                                    (55.133, 32.064, 48.494)

              4           A 49           A 78             30        1202.11         (55.133, 32.064, 48.494)         (24.9071, 32.3684, 44.738)
                                                                                    (59.731, 35.16, 35.746)

              5           A 78           A 92             15        589.792         (59.731, 35.16, 35.746)         (74.5238, 24.8547, 13.9885)
                                                                                    (60.381, 46.721, 14.021)

              6           A 92          A 106             15        594.922         (60.381, 46.721, 14.021)         (78.6011, 28.5512, 27.0146)
                                                                                    (59.523, 40.544, 26)

              7          A 106          A 121             16        613.096         (59.523, 40.544, 26)         (44.0345, 61.4357, 46.3267)
                                                                                    (41.579, 33.462, 51.725)

              8          A 121          A 131             11        426.034         (41.579, 33.462, 51.725)         (58.2799, 21.2114, 57.4294)
                                                                                    (56.458, 26.6, 38.587)

              9          A 131          A 148             18        690.589         (56.458, 26.6, 38.587)
                                                                                    (30.159, 26.841, 26.06)

             10          A 148          A 149              2        51.2717         (30.159, 26.841, 26.06)
                                                                                    (29.047, 23.316, 25.113)

             11          A 149          A 176             28        1108.97         (29.047, 23.316, 25.113)         (68.4725, 7.87639, 39.948)
                                                                                    (28.385, 23.912, 39.005)

             12          A 176          A 205             30        1173.38         (28.385, 23.912, 39.005)         (43.965, 50.6059, 28.4899)
                                                                                    (61.164, 27.458, 22.067)

             13          A 205          A 224             20        793.114         (61.164, 27.458, 22.067)         (52.7968, 17.7469, 34.8827)
                                                                                    (39.601, 35.773, 15.819)

             14          A 224          A 252             29        1160.77         (39.601, 35.773, 15.819)         (51.8542, 10.8854, -10.3288)
                                                                                    (32.758, 41.251, -5.686)

             15          A 252          A 281             30        1221.46         (32.758, 41.251, -5.686)         (61.0455, 35.9782, 6.30372)
                                                                                    (47.934, 41.614, 23.056)

             16          A 281          A 308             28        1107.77         (47.934, 41.614, 23.056)         (25.7764, 43.9615, 1.63186)
                                                                                    (33.819, 18.662, -1.139)

             17          A 308          A 321             14        545.957         (33.819, 18.662, -1.139)         (32.563, 17.6916, 19.2376)
                                                                                    (23.456, 40.184, 5.233)

             18          A 321          A 350             30         1163.3         (23.456, 40.184, 5.233)         (23.6692, 24.697, -13.806)
                                                                                    (59.159, 1.138, -13.919)

             19          A 350          A 364             15        586.166         (59.159, 1.138, -13.919)         (50.847, 18.4944, -28.0347)
                                                                                    (29.99, 14.868, -25.231)

             20          A 364          A 374             11        434.582         (29.99, 14.868, -25.231)
                                                                                    (40.759, 26.471, -15.241)

             21          A 374          A 386             13         500.05         (40.759, 26.471, -15.241)
                                                                                    (22.49, 29.639, -19.704)

             22          A 386          A 411             26        1037.05         (22.49, 29.639, -19.704)         (23.5743, 1.54644, 1.80585)
                                                                                    (24.544, 26.466, 10.16)

             23          A 411          A 422             12        463.478         (24.544, 26.466, 10.16)
                                                                                    (15.011, 18.398, -1.998)

