Using structure file: /home/pkas7/Research/SCOP/pdbstyle-1.75B/r2/d2r25a_.ent
Number of residues: 166
Doing a BEZIER segmentation ...

Bounding box volume: 63225
Null Model Fit: 7564.52 bits.
Bits per residue: 45.8456

Bezier model fit: 6720.91 bits.
Bits per residue: 40.7328

# of segments: 10
Internal segmentation:
0-->1-->21-->50-->71-->96-->114-->127-->132-->161-->165

CPU time used: 9.53 secs.
Wall clock time elapsed: 9 secs.

        SEGMENT          START            END   NUM_RESIDUES MESSAGE_LENGTH                    END_POINTS        INTERMEDIATE_CONTROL_POINTS
              1            A 2            A 3              2        48.8826         (37.418, 17.43, 19.321)
                                                                                    (38.512, 20.058, 16.831)

              2            A 3           A 23             21        834.554         (38.512, 20.058, 16.831)
                                                                                    (30.341, 4.423, -16.039)

              3           A 23           A 52             30        1133.52         (30.341, 4.423, -16.039)         (19.7677, 20.2492, 3.34416)
                                                                                    (7.944, 24.852, 18.624)

              4           A 52           A 73             22        861.768         (7.944, 24.852, 18.624)         (21.8481, 7.92444, 21.0038)
                                                                                    (30.004, 11.512, 1.619)

              5           A 73           A 98             26        1036.67         (30.004, 11.512, 1.619)         (34.239, 29.9764, 9.00736)
                                                                                    (31.548, 31.01, 17.963)         (13.8543, 0.819231, 39.5789)

              6           A 98          A 116             19        741.523         (31.548, 31.01, 17.963)         (50.2839, 23.7647, 0.237217)
                                                                                    (27.709, 36.742, 3.978)

              7          A 116          A 129             14        540.895         (27.709, 36.742, 3.978)         (16.1919, 27.9951, 9.75229)
                                                                                    (10.978, 35.05, 30.572)

              8          A 129          A 134              6        221.373         (10.978, 35.05, 30.572)
                                                                                    (16.936, 23.238, 29.261)

              9          A 134          A 163             30        1122.66         (16.936, 23.238, 29.261)         (28.5898, 31.2825, 8.98749)
                                                                                    (30.76, 19.411, -10.676)

             10          A 163          A 167              5         179.06         (30.76, 19.411, -10.676)
                                                                                    (23.848, 21.946, -6.674)

