Using structure file: /home/pkas7/Research/SCOP/pdbstyle-1.75B/rb/d2rb8a_.ent
Number of residues: 93
Doing a BEZIER segmentation ...

Bounding box volume: 20379.6
Null Model Fit: 4067.52 bits.
Bits per residue: 44.2122

Bezier model fit: 3763.11 bits.
Bits per residue: 40.9034

# of segments: 9
Internal segmentation:
0-->16-->27-->40-->53-->64-->65-->77-->78-->92

CPU time used: 4.87 secs.
Wall clock time elapsed: 5 secs.

        SEGMENT          START            END   NUM_RESIDUES MESSAGE_LENGTH                    END_POINTS        INTERMEDIATE_CONTROL_POINTS
              1          A 801          A 817             17        659.791         (10.606, -17.508, 23.223)         (35.7465, -2.04795, 14.0474)
                                                                                    (47.729, -8.059, 29.955)

              2          A 817          A 828             12        442.717         (47.729, -8.059, 29.955)         (28.7893, -3.1209, 20.8486)
                                                                                    (14.74, -11.04, 24.201)

              3          A 828          A 841             14        539.979         (14.74, -11.04, 24.201)         (30.3424, -13.7423, 38.5408)
                                                                                    (45.534, -22.912, 21.234)

              4          A 841          A 854             14        537.703         (45.534, -22.912, 21.234)         (37.3037, -25.0399, 38.6127)
                                                                                    (22.423, -5.521, 32.468)

              5          A 854          A 865             12         461.14         (22.423, -5.521, 32.468)
                                                                                    (51.518, -10.616, 26.579)

              6          A 865          A 866              2        47.2493         (51.518, -10.616, 26.579)
                                                                                    (51.686, -11.137, 22.808)

              7          A 866          A 878             13        478.651         (51.686, -11.137, 22.808)         (31.5845, -16.2139, 19.503)
                                                                                    (17.009, -20.568, 33.254)

              8          A 878          A 879              2        47.2493         (17.009, -20.568, 33.254)
                                                                                    (19.237, -23.597, 32.673)

              9          A 879          A 893             15        548.635         (19.237, -23.597, 32.673)         (29.341, -16.1228, 10.2781)
                                                                                    (53.818, -6.654, 23.931)

