Using structure file: /home/pkas7/Research/SCOP/pdbstyle-1.75B/rh/d2rh3a1.ent
Number of residues: 121
Doing a BEZIER segmentation ...

Bounding box volume: 35611.2
Null Model Fit: 5402.09 bits.
Bits per residue: 45.0174

Bezier model fit: 4864.59 bits.
Bits per residue: 40.5383

# of segments: 9
Internal segmentation:
0-->12-->24-->25-->47-->64-->77-->95-->119-->120

CPU time used: 6.66 secs.
Wall clock time elapsed: 6 secs.

        SEGMENT          START            END   NUM_RESIDUES MESSAGE_LENGTH                    END_POINTS        INTERMEDIATE_CONTROL_POINTS
              1           A 82           A 94             13        475.641         (6.388, 34.759, 17.405)         (20.7253, 34.9629, -1.70648)
                                                                                    (38.116, 27.685, 6.308)

              2           A 94          A 106             13        510.301         (38.116, 27.685, 6.308)
                                                                                    (25.096, 17.244, 3.135)

              3          A 106          A 107              2        48.0545         (25.096, 17.244, 3.135)
                                                                                    (24.075, 20.112, 0.81)

              4          A 107          A 129             23        869.533         (24.075, 20.112, 0.81)         (20.2342, 25.4235, 16.2818)
                                                                                    (20.938, 39.033, 29.021)

              5          A 129          A 146             18        696.455         (20.938, 39.033, 29.021)         (33.6117, 45.2433, 12.1936)
                                                                                    (34.117, 27.506, -7.456)

              6          A 146          A 159             14        524.807         (34.117, 27.506, -7.456)         (12.5652, 29.8976, -0.504469)
                                                                                    (9.801, 34.652, 22.688)

              7          A 159          A 177             19        753.421         (9.801, 34.652, 22.688)         (22.5717, 53.5865, 22.37)
                                                                                    (11.997, 45.273, 6.914)

              8          A 177          A 201             25        938.323         (11.997, 45.273, 6.914)
                                                                                    (40.143, 25.381, 18.205)

              9          A 201          A 202              2        48.0545         (40.143, 25.381, 18.205)
                                                                                    (37.016, 23.805, 16.773)

