Using structure file: /home/pkas7/Research/SCOP/pdbstyle-1.75B/rl/d2rlda1.ent
Number of residues: 113
Doing a BEZIER segmentation ...

Bounding box volume: 28107.5
Null Model Fit: 5003.71 bits.
Bits per residue: 44.676

Bezier model fit: 4434.54 bits.
Bits per residue: 39.5941

# of segments: 8
Internal segmentation:
0-->3-->32-->33-->56-->57-->86-->89-->112

CPU time used: 6.04 secs.
Wall clock time elapsed: 6 secs.

        SEGMENT          START            END   NUM_RESIDUES MESSAGE_LENGTH                    END_POINTS        INTERMEDIATE_CONTROL_POINTS
              1            A 1            A 4              4        139.315         (70.066, 41.484, 54.608)
                                                                                    (69.721, 45.3, 47.136)

              2            A 4           A 33             30        1131.48         (69.721, 45.3, 47.136)         (46.9059, 30.8327, 49.1335)
                                                                                    (30.813, 32.191, 59.366)

              3           A 33           A 34              2        47.7131         (30.813, 32.191, 59.366)
                                                                                    (32.331, 35.669, 59.495)

              4           A 34           A 57             24        914.784         (32.331, 35.669, 59.495)
                                                                                    (57.696, 49.362, 36.579)

              5           A 57           A 60              2        47.7131         (57.696, 49.362, 36.579)
                                                                                    (60.511, 57.645, 38.581)

              6           A 60           A 89             30         1112.3         (60.511, 57.645, 38.581)
                                                                                    (37.869, 36.233, 68.966)

              7           A 89           A 92              4        139.315         (37.869, 36.233, 68.966)
                                                                                    (43.35, 32.525, 67.979)

              8           A 92          A 115             24        901.918         (43.35, 32.525, 67.979)         (56.9555, 38.1286, 56.4804)
                                                                                    (63.993, 55.383, 53.258)

