Using structure file: /home/pkas7/Research/SCOP/pdbstyle-1.75B/v1/d2v1ma_.ent
Number of residues: 162
Doing a BEZIER segmentation ...

Bounding box volume: 40050
Null Model Fit: 7275.09 bits.
Bits per residue: 45.1869

Bezier model fit: 6700.82 bits.
Bits per residue: 41.62

# of segments: 13
Internal segmentation:
0-->1-->14-->35-->36-->54-->66-->87-->102-->120-->125-->134-->144-->161

CPU time used: 9.53 secs.
Wall clock time elapsed: 9 secs.

        SEGMENT          START            END   NUM_RESIDUES MESSAGE_LENGTH                    END_POINTS        INTERMEDIATE_CONTROL_POINTS
              1            A 7            A 8              2        48.2239         (-5.394, -15.123, -0.435)
                                                                                    (-6.172, -13.973, 3.113)

              2            A 8           A 21             14        547.236         (-6.172, -13.973, 3.113)
                                                                                    (3.321, -15.129, 25.432)

              3           A 21           A 42             22        867.754         (3.321, -15.129, 25.432)         (-32.0429, -15.5531, 4.88229)
                                                                                    (6.866, 6.54, 25.434)

              4           A 42           A 44              2        48.2239         (6.866, 6.54, 25.434)
                                                                                    (3.328, 12.233, 23.896)

              5           A 44           A 62             19        724.004         (3.328, 12.233, 23.896)         (-11.2947, 5.51549, 28.3601)
                                                                                    (-20.706, -5.591, 26.296)

              6           A 62           A 74             13        481.531         (-20.706, -5.591, 26.296)
                                                                                    (9.433, 1.073, 14.887)

              7           A 74           A 95             22         879.33         (9.433, 1.073, 14.887)         (11.7038, -5.88802, 34.7312)
                                                                                    (-6.284, -0.186, 34.185)

              8           A 95          A 110             16        631.071         (-6.284, -0.186, 34.185)
                                                                                    (9.074, -8.471, 8.684)

              9          A 110          A 128             19        755.773         (9.074, -8.471, 8.684)         (-14.2321, -3.20661, 4.7087)
                                                                                    (0.508, 3.292, 2.818)

             10          A 128          A 133              6        220.877         (0.508, 3.292, 2.818)
                                                                                    (2.325, 4.98, 16.954)

             11          A 133          A 142             10        375.757         (2.325, 4.98, 16.954)         (-13.1467, 2.06452, 12.2092)
                                                                                    (-17.112, -10.424, 9.514)

             12          A 142          A 152             11         420.95         (-17.112, -10.424, 9.514)         (-8.93721, 1.11917, 3.58093)
                                                                                    (-3.666, 11.845, 15.676)

             13          A 152          A 169             18        700.093         (-3.666, 11.845, 15.676)         (-22.1794, 8.08588, 19.4267)
                                                                                    (-25.47, -8.351, 12.175)

