Using structure file: /home/pkas7/Research/SCOP/pdbstyle-1.75B/v3/d2v3za2.ent
Number of residues: 263
Doing a BEZIER segmentation ...

Bounding box volume: 81013.8
Null Model Fit: 12105.2 bits.
Bits per residue: 46.2032

Bezier model fit: 10769.4 bits.
Bits per residue: 41.1044

# of segments: 21
Internal segmentation:
0-->26-->45-->58-->65-->76-->88-->89-->99-->105-->127-->133-->151-->168-->182-->191-->200-->213-->221-->235-->249-->262

CPU time used: 16.89 secs.
Wall clock time elapsed: 16 secs.

        SEGMENT          START            END   NUM_RESIDUES MESSAGE_LENGTH                    END_POINTS        INTERMEDIATE_CONTROL_POINTS
              1          A 177          A 203             27        1010.65         (70.408, 63.857, 35.377)         (81.7098, 54.8144, 47.4082)
                                                                                    (80.337, 38.725, 66.14)

              2          A 203          A 222             20        787.913         (80.337, 38.725, 66.14)         (70.6957, 51.996, 69.9423)
                                                                                    (83.247, 59.349, 53.304)

              3          A 222          A 235             14        541.384         (83.247, 59.349, 53.304)         (62.9686, 66.0547, 57.4323)
                                                                                    (68.661, 39.933, 64.454)

              4          A 235          A 242              8        304.404         (68.661, 39.933, 64.454)
                                                                                    (60.202, 45.431, 58.598)

              5          A 242          A 254             12        466.083         (60.202, 45.431, 58.598)         (71.9656, 54.4479, 77.521)
                                                                                    (72.882, 30.854, 65.317)

              6          A 254          A 266             13        469.625         (72.882, 30.854, 65.317)         (66.7818, 48.0114, 56.4544)
                                                                                    (74.739, 65.478, 48.979)

              7          A 266          A 267              2        49.2403         (74.739, 65.478, 48.979)
                                                                                    (71.039, 65.088, 49.736)

              8          A 267          A 277             11        387.868         (71.039, 65.088, 49.736)         (67.7063, 47.4906, 47.3542)
                                                                                    (74.593, 34.883, 59.809)

              9          A 277          A 283              7         271.41         (74.593, 34.883, 59.809)
                                                                                    (72.339, 26.956, 58.799)

             10          A 283          A 305             23         871.98         (72.339, 26.956, 58.799)         (64.318, 31.4442, 46.4052)
                                                                                    (64.869, 47.595, 31.924)

             11          A 305          A 311              7        263.494         (64.869, 47.595, 31.924)
                                                                                    (54.287, 45.209, 38.667)

             12          A 311          A 329             19        716.222         (54.287, 45.209, 38.667)
                                                                                    (56.689, 22.648, 52.663)

             13          A 329          A 346             18         711.64         (56.689, 22.648, 52.663)         (41.5729, 29.7077, 32.1481)
                                                                                    (51.955, 36.158, 54.849)

             14          A 346          A 360             15        597.805         (51.955, 36.158, 54.849)         (62.945, 54.5451, 39.2022)
                                                                                    (64.549, 57.254, 50.299)

             15          A 360          A 369             10        379.321         (64.549, 57.254, 50.299)         (53.6138, 64.3763, 36.7576)
                                                                                    (49.657, 48.788, 41.325)

             16          A 369          A 378             10         383.27         (49.657, 48.788, 41.325)         (60.9949, 53.2803, 26.0965)
                                                                                    (64.493, 56.271, 36.897)

             17          A 378          A 391             14        519.818         (64.493, 56.271, 36.897)         (66.0031, 37.7285, 50.4298)
                                                                                    (54.503, 31.368, 65.448)

             18          A 391          A 399              9        360.592         (54.503, 31.368, 65.448)         (58.2328, 18.7944, 56.0183)
                                                                                    (60.232, 29.93, 62.314)

             19          A 399          A 413             15        554.081         (60.232, 29.93, 62.314)         (71.9032, 49.2652, 52.5635)
                                                                                    (68.898, 52.512, 27.731)

             20          A 413          A 427             15        591.916         (68.898, 52.512, 27.731)         (79.3192, 51.9097, 46.8723)
                                                                                    (75.843, 33.084, 50.411)

             21          A 427          A 440             14        530.641         (75.843, 33.084, 50.411)
                                                                                    (91.929, 38.278, 62.056)

