Using structure file: /home/pkas7/Research/SCOP/pdbstyle-1.75B/v3/d2v3ka1.ent
Number of residues: 218
Doing a BEZIER segmentation ...

Bounding box volume: 76656.8
Null Model Fit: 10008.8 bits.
Bits per residue: 46.1235

Bezier model fit: 8995.97 bits.
Bits per residue: 41.4561

# of segments: 15
Internal segmentation:
0-->13-->29-->47-->73-->84-->99-->121-->139-->164-->176-->177-->194-->199-->216-->217

CPU time used: 12.97 secs.
Wall clock time elapsed: 12 secs.

        SEGMENT          START            END   NUM_RESIDUES MESSAGE_LENGTH                    END_POINTS        INTERMEDIATE_CONTROL_POINTS
              1           A 25           A 38             14        558.255         (21.259, 45.096, 26.692)         (22.8669, 22.2272, 14.13)
                                                                                    (31.343, 33.671, 24.863)

              2           A 38           A 54             17        653.571         (31.343, 33.671, 24.863)         (24.646, 11.1566, 40.0147)
                                                                                    (4.347, 3.088, 18.508)

              3           A 54           A 81             19        770.912         (4.347, 3.088, 18.508)         (0.960058, 8.63659, 37.5991)
                                                                                    (12.395, -7.072, 29.686)

              4           A 81          A 107             27        1050.49         (12.395, -7.072, 29.686)         (9.34137, 22.9698, 37.7817)
                                                                                    (19.999, 36.76, 30.996)

              5          A 107          A 118             12        442.388         (19.999, 36.76, 30.996)
                                                                                    (20.477, 5.661, 23.584)

              6          A 118          A 133             16        610.075         (20.477, 5.661, 23.584)         (22.9102, 39.3898, 18.1924)
                                                                                    (2.103, 19.352, 30.583)

              7          A 133          A 155             23        911.307         (2.103, 19.352, 30.583)         (14.7416, 2.75453, 13.9416)
                                                                                    (10.703, 32.765, 11.814)

              8          A 155          A 173             19        754.659         (10.703, 32.765, 11.814)         (25.3113, 3.65137, 20.2825)
                                                                                    (36.997, 26.195, 23.255)

              9          A 173          A 198             26        1042.94         (36.997, 26.195, 23.255)         (22.595, 8.02627, 64.2107)
                                                                                    (37.384, 35.556, 32.404)

             10          A 198          A 210             13        490.615         (37.384, 35.556, 32.404)
                                                                                    (16.443, 7.951, 38.758)

             11          A 210          A 211              2        49.1605         (16.443, 7.951, 38.758)
                                                                                    (19.523, 5.841, 39.633)

             12          A 211          A 228             18         705.97         (19.523, 5.841, 39.633)         (47.848, 13.323, 20.9797)
                                                                                    (24.714, 18.993, 49.102)

             13          A 228          A 233              6        222.464         (24.714, 18.993, 49.102)
                                                                                    (16.774, 15.122, 42.366)

             14          A 233          A 250             18        684.001         (16.774, 15.122, 42.366)
                                                                                    (25.309, 39.283, 39.305)

             15          A 250          A 251              2        49.1605         (25.309, 39.283, 39.305)
                                                                                    (22.2, 38.168, 37.39)

