Using structure file: /home/pkas7/Research/SCOP/pdbstyle-1.75B/vg/d2vgla_.ent
Number of residues: 600
Doing a BEZIER segmentation ...

Bounding box volume: 537906
Null Model Fit: 29311.7 bits.
Bits per residue: 48.9343

Bezier model fit: 24631.5 bits.
Bits per residue: 41.1211

# of segments: 32
Internal segmentation:
0-->16-->38-->42-->60-->77-->96-->114-->115-->140-->169-->192-->208-->231-->242-->265-->289-->313-->332-->351-->373-->389-->408-->428-->429-->452-->481-->504-->525-->545-->566-->582-->599

CPU time used: 41.01 secs.
Wall clock time elapsed: 41 secs.

        SEGMENT          START            END   NUM_RESIDUES MESSAGE_LENGTH                    END_POINTS        INTERMEDIATE_CONTROL_POINTS
              1            A 9           A 25             17        668.019         (102.939, 49.657, -11.22)
                                                                                    (75.313, 55.304, -8.671)

              2           A 25           A 47             23        870.317         (75.313, 55.304, -8.671)
                                                                                    (94.946, 39.5, -32.701)

              3           A 47           A 51              5        186.234         (94.946, 39.5, -32.701)
                                                                                    (102.754, 41.83, -23.62)

              4           A 51           A 69             19        721.914         (102.754, 41.83, -23.62)
                                                                                    (80.655, 40.732, -6.465)

              5           A 69           A 86             18        707.956         (80.655, 40.732, -6.465)         (91.0573, 26.596, -25.5237)
                                                                                    (109.674, 34.264, -15.296)

              6           A 86          A 105             20        800.011         (109.674, 34.264, -15.296)         (94.0629, 42.3071, -0.399013)
                                                                                    (87.964, 22.762, -15.817)

              7          A 105          A 123             19        720.046         (87.964, 22.762, -15.817)
                                                                                    (115.101, 26.155, -6.806)

              8          A 123          A 124              2        51.9714         (115.101, 26.155, -6.806)
                                                                                    (114.08, 29.774, -6.522)

              9          A 124          A 149             26        1031.05         (114.08, 29.774, -6.522)         (83.9482, 28.0825, -2.74709)
                                                                                    (104.414, 13.099, -1.616)

             10          A 149          A 178             30        1185.13         (104.414, 13.099, -1.616)         (125.65, 35.2368, 8.51986)
                                                                                    (92.113, 18.051, 3.397)

             11          A 178          A 201             24        949.602         (92.113, 18.051, 3.397)         (118.749, 0.412027, 11.4522)
                                                                                    (111.649, 30.953, 15.255)

             12          A 201          A 217             17        650.528         (111.649, 30.953, 15.255)
                                                                                    (95.838, 10.976, 15.741)

             13          A 217          A 240             24        945.876         (95.838, 10.976, 15.741)         (114.768, 13.9421, 26.2176)
                                                                                    (116.571, 38.576, 28.583)

             14          A 240          A 251             12        481.038         (116.571, 38.576, 28.583)         (114.075, 38.0691, 10.6617)
                                                                                    (108.55, 43.305, 25.482)

             15          A 251          A 274             24        952.971         (108.55, 43.305, 25.482)         (91.4934, 17.5532, 14.0742)
                                                                                    (111.064, 13.436, 35.497)

             16          A 274          A 298             25        985.109         (111.064, 13.436, 35.497)
                                                                                    (101.355, 50.991, 29.469)

             17          A 298          A 322             25        971.572         (101.355, 50.991, 29.469)         (96.0567, 30.8182, 21.3203)
                                                                                    (98.326, 17.036, 38.198)

             18          A 322          A 341             20         781.95         (98.326, 17.036, 38.198)         (95.9046, 31.9358, 46.4645)
                                                                                    (89.727, 47.844, 33.249)

             19          A 341          A 360             20        775.908         (89.727, 47.844, 33.249)         (83.7115, 31.8178, 26.7238)
                                                                                    (89.298, 18.731, 42.983)

             20          A 360          A 382             23        902.614         (89.298, 18.731, 42.983)         (84.5339, 41.7541, 54.4837)
                                                                                    (79.078, 44.187, 29.979)

             21          A 382          A 398             17        650.414         (79.078, 44.187, 29.979)
                                                                                    (77.462, 24.524, 47.931)

             22          A 398          A 417             20        780.618         (77.462, 24.524, 47.931)         (70.569, 38.6163, 55.0644)
                                                                                    (68.736, 45.033, 33.998)

             23          A 417          A 437             21        810.582         (68.736, 45.033, 33.998)         (65.5987, 25.7105, 33.2565)
                                                                                    (68.827, 23.366, 55.199)

             24          A 437          A 438              2        51.9714         (68.827, 23.366, 55.199)
                                                                                    (65.308, 24.265, 56.525)

             25          A 438          A 461             24        953.073         (65.308, 24.265, 56.525)         (57.881, 48.3353, 38.5173)
                                                                                    (57.574, 27.177, 42.003)

             26          A 461          A 490             30        1171.33         (57.574, 27.177, 42.003)         (51.8923, 21.5964, 71.7292)
                                                                                    (52.438, 51.256, 44.31)

             27          A 490          A 513             24        958.827         (52.438, 51.256, 44.31)         (46.7865, 21.7123, 41.8393)
                                                                                    (44.869, 42.871, 64.266)

             28          A 513          A 534             22        873.567         (44.869, 42.871, 64.266)         (40.8219, 54.0208, 51.4866)
                                                                                    (43.921, 38.478, 34.609)

             29          A 534          A 554             21        820.646         (43.921, 38.478, 34.609)         (37.0928, 28.4035, 49.4234)
                                                                                    (33.24, 43.698, 60.082)

             30          A 554          A 575             22        864.067         (33.24, 43.698, 60.082)         (23.3319, 49.1971, 33.3361)
                                                                                    (34.452, 31.946, 36.317)

             31          A 575          A 591             17         649.81         (34.452, 31.946, 36.317)
                                                                                    (23.38, 30.338, 57.833)

             32          A 591          A 608             18        706.826         (23.38, 30.338, 57.833)
                                                                                    (54.653, 12.988, 46.905)

