Using structure file: /home/pkas7/Research/SCOP/pdbstyle-1.75B/vg/d2vgha_.ent
Number of residues: 55
Doing a BEZIER segmentation ...

Bounding box volume: 17414.7
Null Model Fit: 2375.21 bits.
Bits per residue: 43.9854

Bezier model fit: 2280.29 bits.
Bits per residue: 42.2276

# of segments: 6
Internal segmentation:
0-->1-->16-->26-->45-->46-->54

CPU time used: 2.24 secs.
Wall clock time elapsed: 2 secs.

        SEGMENT          START            END   NUM_RESIDUES MESSAGE_LENGTH                    END_POINTS        INTERMEDIATE_CONTROL_POINTS
              1            A 1            A 2              2        47.0224         (5.341, -21.961, 8.635)
                                                                                    (4.405, -24.179, 5.634)

              2            A 2           A 17             16        633.152         (4.405, -24.179, 5.634)         (-17.0394, -8.78093, 18.7697)
                                                                                    (-3.421, -0.09, 6.647)

              3           A 17           A 27             11        424.627         (-3.421, -0.09, 6.647)         (7.27626, -25.3231, 11.6962)
                                                                                    (0.315, -7.477, 13.728)

              4           A 27           A 46             20        785.325         (0.315, -7.477, 13.728)         (16.7867, 24.5272, 3.84851)
                                                                                    (-6.011, 3.705, 16.212)

              5           A 46           A 47              2        47.0224         (-6.011, 3.705, 16.212)
                                                                                    (-6.571, 4.313, 12.463)

              6           A 47           A 55              9        343.141         (-6.571, 4.313, 12.463)
                                                                                    (0.725, 21.795, 17.154)

