Using structure file: /home/pkas7/Research/SCOP/pdbstyle-1.75B/vh/d2vhla2.ent
Number of residues: 301
Doing a BEZIER segmentation ...

Bounding box volume: 77710.1
Null Model Fit: 13843 bits.
Bits per residue: 46.1432

Bezier model fit: 12534.4 bits.
Bits per residue: 41.7813

# of segments: 18
Internal segmentation:
0-->10-->20-->45-->67-->83-->99-->120-->137-->157-->174-->189-->202-->226-->239-->246-->262-->282-->300

CPU time used: 18.9 secs.
Wall clock time elapsed: 19 secs.

        SEGMENT          START            END   NUM_RESIDUES MESSAGE_LENGTH                    END_POINTS        INTERMEDIATE_CONTROL_POINTS
              1           A 58           A 68             11        413.563         (17.57, 24.836, 126.903)         (31.8394, 20.3679, 108.233)
                                                                                    (11.113, 30.863, 109.541)

              2           A 68           A 78             11        432.293         (11.113, 30.863, 109.541)         (30.713, 34.2217, 100.814)
                                                                                    (17.122, 40.702, 110.131)

              3           A 78          A 103             26         1038.4         (17.122, 40.702, 110.131)         (7.70596, 19.8787, 137.049)
                                                                                    (31.551, 31.669, 96.572)

              4          A 103          A 125             23        899.446         (31.551, 31.669, 96.572)         (30.7123, 44.8452, 113.133)
                                                                                    (20.734, 40.068, 124.046)

              5          A 125          A 141             17        660.294         (20.734, 40.068, 124.046)
                                                                                    (34.106, 16.171, 98.797)

              6          A 141          A 157             17        683.439         (34.106, 16.171, 98.797)         (16.3945, 20.1872, 90.7182)
                                                                                    (42.746, 26.469, 102.262)

              7          A 157          A 178             22         867.93         (42.746, 26.469, 102.262)         (33.1127, 49.394, 122.934)
                                                                                    (36.219, 16.34, 104.219)

              8          A 178          A 195             18        707.898         (36.219, 16.34, 104.219)         (53.1467, 19.4187, 103.825)
                                                                                    (40.247, 24.897, 119.756)

              9          A 195          A 215             21        828.751         (40.247, 24.897, 119.756)         (28.6956, 0.407073, 91.7771)
                                                                                    (44.862, 11.657, 115.636)

             10          A 215          A 232             18        718.596         (44.862, 11.657, 115.636)         (17.8455, 23.6122, 109)
                                                                                    (30.377, -1.823, 104.002)

             11          A 232          A 247             16        630.869         (30.377, -1.823, 104.002)
                                                                                    (36.91, 9.503, 119.434)

             12          A 247          A 260             14        553.994         (36.91, 9.503, 119.434)         (10.4872, 20.4282, 110.356)
                                                                                    (15.175, 5.369, 109.329)

             13          A 260          A 284             25        976.959         (15.175, 5.369, 109.329)         (35.4821, -2.44436, 135.727)
                                                                                    (14.625, 28.626, 105.729)

             14          A 284          A 297             14        559.591         (14.625, 28.626, 105.729)         (-2.33951, 23.4621, 104.201)
                                                                                    (21.688, 29.342, 95.606)

             15          A 297          A 304              8        295.685         (21.688, 29.342, 95.606)         (11.5827, 22.6582, 94.068)
                                                                                    (5.228, 17.957, 103.877)

             16          A 304          A 320             17        679.961         (5.228, 17.957, 103.877)         (25.9926, 14.8649, 83.4149)
                                                                                    (12.111, 21.649, 114.961)

             17          A 320          A 340             21        831.484         (12.111, 21.649, 114.961)         (10.3901, -3.09906, 123.571)
                                                                                    (19.048, 16.559, 128.148)

             18          A 340          A 358             19        755.242         (19.048, 16.559, 128.148)         (38.0411, 24.6004, 122.08)
                                                                                    (23.687, 22.76, 129.081)

