Using structure file: /home/pkas7/Research/SCOP/pdbstyle-1.75B/vn/d2vn6b_.ent
Number of residues: 64
Doing a BEZIER segmentation ...

Bounding box volume: 13856.3
Null Model Fit: 2750.3 bits.
Bits per residue: 43.6556

Bezier model fit: 2642.74 bits.
Bits per residue: 41.9483

# of segments: 5
Internal segmentation:
0-->14-->27-->37-->57-->63

CPU time used: 2.99 secs.
Wall clock time elapsed: 2 secs.

        SEGMENT          START            END   NUM_RESIDUES MESSAGE_LENGTH                    END_POINTS        INTERMEDIATE_CONTROL_POINTS
              1            B 2           B 16             15        602.751         (46.743, 58.781, -3.06)
                                                                                    (47.909, 41.601, 9.446)

              2           B 16           B 29             14        524.464         (47.909, 41.601, 9.446)
                                                                                    (37.877, 55.804, 23.456)

              3           B 29           B 39             11        425.344         (37.877, 55.804, 23.456)         (44.7569, 63.8833, 6.93411)
                                                                                    (36.561, 51.968, 4.55)

              4           B 39           B 59             21        827.252         (36.561, 51.968, 4.55)         (31.8197, 53.3554, 19.1894)
                                                                                    (40.185, 36.849, 0.772)

              5           B 59           B 65              7        262.932         (40.185, 36.849, 0.772)
                                                                                    (34.451, 49.158, 0.532)

