Using structure file: /home/pkas7/Research/SCOP/pdbstyle-1.75B/vn/d2vnud2.ent
Number of residues: 80
Doing a BEZIER segmentation ...

Bounding box volume: 18672
Null Model Fit: 3482.79 bits.
Bits per residue: 44.0859

Bezier model fit: 3293.6 bits.
Bits per residue: 41.6912

# of segments: 8
Internal segmentation:
0-->12-->21-->25-->45-->56-->65-->74-->79

CPU time used: 4.02 secs.
Wall clock time elapsed: 4 secs.

        SEGMENT          START            END   NUM_RESIDUES MESSAGE_LENGTH                    END_POINTS        INTERMEDIATE_CONTROL_POINTS
              1          D 911          D 923             13        497.705         (38.85, 49.177, 50.329)         (62.6387, 55.7258, 39.9936)
                                                                                    (44.612, 73.994, 39.797)

              2          D 923          D 932             10        368.318         (44.612, 73.994, 39.797)
                                                                                    (50.409, 48.284, 42.067)

              3          D 932          D 936              5        180.718         (50.409, 48.284, 42.067)
                                                                                    (46.348, 56.634, 36.62)

              4          D 936          D 956             21        819.939         (46.348, 56.634, 36.62)         (24.7138, 79.7604, 60.181)
                                                                                    (56.596, 76.988, 37.825)

              5          D 956          D 967             12        451.614         (56.596, 76.988, 37.825)
                                                                                    (42.249, 71.326, 58.791)

              6          D 967          D 976             10        372.515         (42.249, 71.326, 58.791)
                                                                                    (56.614, 63.318, 41.498)

              7          D 976          D 993             10        381.244         (56.614, 63.318, 41.498)         (48.069, 54.353, 55.6722)
                                                                                    (33.488, 55.154, 44.41)

              8          D 993          D 998              6        221.549         (33.488, 55.154, 44.41)
                                                                                    (45.335, 59.834, 52.522)

