Using structure file: /home/pkas7/Research/SCOP/pdbstyle-1.75B/vp/d2vpaa_.ent
Number of residues: 204
Doing a BEZIER segmentation ...

Bounding box volume: 145067
Null Model Fit: 9549.87 bits.
Bits per residue: 47.0437

Bezier model fit: 8422.73 bits.
Bits per residue: 41.4913

# of segments: 15
Internal segmentation:
0-->9-->10-->26-->42-->56-->57-->72-->90-->112-->120-->133-->149-->167-->187-->203

CPU time used: 12.64 secs.
Wall clock time elapsed: 12 secs.

        SEGMENT          START            END   NUM_RESIDUES MESSAGE_LENGTH                    END_POINTS        INTERMEDIATE_CONTROL_POINTS
              1          A -19          A -10             10         384.89         (35.025, 28.19, -15.61)
                                                                                    (40.73, 32.025, -28.237)

              2          A -10            A 2              2        50.0808         (40.73, 32.025, -28.237)
                                                                                    (35.929, 20.126, -10.395)

              3            A 2           A 18             17        675.104         (35.929, 20.126, -10.395)         (32.6794, 36.1644, 14.0176)
                                                                                    (23.24, 13.696, 3.926)

              4           A 18           A 34             17        671.505         (23.24, 13.696, 3.926)         (11.7491, 18.531, 20.888)
                                                                                    (1.654, 23.04, 10.436)

              5           A 34           A 48             15        576.465         (1.654, 23.04, 10.436)
                                                                                    (-7.112, -7.52, -4.706)

              6           A 48           A 49              2        50.0808         (-7.112, -7.52, -4.706)
                                                                                    (-3.93, -5.461, -4.37)

              7           A 49           A 64             16        596.646         (-3.93, -5.461, -4.37)         (-9.93429, 27.2834, 0.482246)
                                                                                    (3.117, 14.002, 24.905)

              8           A 64           A 82             19        752.655         (3.117, 14.002, 24.905)         (-21.5826, 13.8044, -5.77423)
                                                                                    (-5.817, -6.867, 9.878)

              9           A 82          A 104             23        901.803         (-5.817, -6.867, 9.878)         (3.92036, 32.1488, 9.31547)
                                                                                    (17.859, 22.666, -16.231)

             10          A 104          A 112              9        343.629         (17.859, 22.666, -16.231)
                                                                                    (10.363, 21.241, 3.925)

             11          A 112          A 125             14        522.411         (10.363, 21.241, 3.925)         (3.0395, -4.64016, 9.84757)
                                                                                    (-16.447, 9.077, 23.345)

             12          A 125          A 141             17         649.46         (-16.447, 9.077, 23.345)
                                                                                    (-6.311, 29.967, 17.528)

             13          A 141          A 159             19        759.884         (-6.311, 29.967, 17.528)         (-26.9027, 24.8159, 29.8699)
                                                                                    (-21.373, 11.118, 12.68)

             14          A 159          A 179             21        803.225         (-21.373, 11.118, 12.68)         (16.0055, -0.751485, 20.4881)
                                                                                    (18.849, 30.591, -5.102)

             15          A 179          A 195             17        684.889         (18.849, 30.591, -5.102)         (30.2764, 28.2641, -28.5894)
                                                                                    (14.9, 40.395, -9.489)

