Using structure file: /home/pkas7/Research/SCOP/pdbstyle-1.75B/wk/d2wkxa1.ent
Number of residues: 82
Doing a BEZIER segmentation ...

Bounding box volume: 16017.4
Null Model Fit: 3553.04 bits.
Bits per residue: 43.8647

Bezier model fit: 3345.91 bits.
Bits per residue: 41.3075

# of segments: 4
Internal segmentation:
0-->2-->31-->60-->81

CPU time used: 4.18 secs.
Wall clock time elapsed: 4 secs.

        SEGMENT          START            END   NUM_RESIDUES MESSAGE_LENGTH                    END_POINTS        INTERMEDIATE_CONTROL_POINTS
              1          A 180          A 182              3        91.7665         (34.75, 62.888, 76.483)
                                                                                    (37.093, 68.634, 76.831)

              2          A 182          A 211             30        1196.96         (37.093, 68.634, 76.831)         (9.94908, 83.5076, 81.9836)
                                                                                    (23.681, 52.453, 77.185)

              3          A 211          A 240             30        1185.06         (23.681, 52.453, 77.185)         (-19.6232, 58.7773, 96.3108)
                                                                                    (22.221, 64.864, 92.572)         (54.7603, 58.5951, 80.4717)

              4          A 240          A 261             22         872.12         (22.221, 64.864, 92.572)         (30.3767, 75.1965, 71.0824)
                                                                                    (27.147, 49.91, 69.384)

