Using structure file: /home/pkas7/Research/SCOP/pdbstyle-1.75B/wu/d2wura_.ent
Number of residues: 226
Doing a BEZIER segmentation ...

Bounding box volume: 67915.1
Null Model Fit: 10338.5 bits.
Bits per residue: 45.9488

Bezier model fit: 9160.82 bits.
Bits per residue: 40.7148

# of segments: 17
Internal segmentation:
0-->8-->20-->21-->35-->46-->62-->84-->96-->111-->137-->150-->168-->183-->185-->206-->208-->225

CPU time used: 13.11 secs.
Wall clock time elapsed: 13 secs.

        SEGMENT          START            END   NUM_RESIDUES MESSAGE_LENGTH                    END_POINTS        INTERMEDIATE_CONTROL_POINTS
              1            A 3           A 11              9        342.706         (27.02, 8.242, 15.493)
                                                                                    (28.861, 9.284, -1.231)

              2           A 11           A 23             13        466.605         (28.861, 9.284, -1.231)         (11.0328, 21.9642, -1.96901)
                                                                                    (14.774, 43.806, -3.012)

              3           A 23           A 24              2        48.9859         (14.774, 43.806, -3.012)
                                                                                    (11.4, 42.298, -4.045)

              4           A 24           A 38             15        546.857         (11.4, 42.298, -4.045)         (15.7734, 16.7009, -12.9237)
                                                                                    (35.71, 11.444, 3.5)

              5           A 38           A 49             12        451.081         (35.71, 11.444, 3.5)
                                                                                    (13.598, 27.46, -11.476)

              6           A 49           A 68             17        670.154         (13.598, 27.46, -11.476)         (28.5628, 46.95, -10.2117)
                                                                                    (25.95, 21.793, 3.819)

              7           A 68           A 90             23        921.563         (25.95, 21.793, 3.819)         (52.8045, 13.9132, 19.1994)
                                                                                    (17.847, 14.871, 12.797)

              8           A 90          A 102             13         482.58         (17.847, 14.871, 12.797)         (22.6782, 34.8675, 9.99217)
                                                                                    (28.742, 49.084, 1.27)

              9          A 102          A 117             16          616.4         (28.742, 49.084, 1.27)         (11.6071, 27.5933, 11.726)
                                                                                    (19.113, 8.731, 2.107)

             10          A 117          A 143             27        1065.46         (19.113, 8.731, 2.107)         (14.2738, 68.9423, 0.23511)
                                                                                    (31.8, 34.211, -11.992)

             11          A 143          A 156             14        515.942         (31.8, 34.211, -11.992)         (45.2345, 29.7265, 8.2365)
                                                                                    (26.916, 26.483, 24.832)

             12          A 156          A 174             19        738.251         (26.916, 26.483, 24.832)
                                                                                    (39.672, 44.312, -9.928)

             13          A 174          A 189             16        583.836         (39.672, 44.312, -9.928)         (27.6561, 40.6803, 13.9105)
                                                                                    (16.881, 16.87, 17.57)

             14          A 189          A 191              3        95.9347         (16.881, 16.87, 17.57)
                                                                                    (19.723, 14.532, 21.922)

             15          A 191          A 212             22        833.932         (19.723, 14.532, 21.922)         (54.1914, 34.8113, 13.8658)
                                                                                    (24.394, 22.162, -22.665)

             16          A 212          A 214              3        95.9347         (24.394, 22.162, -22.665)
                                                                                    (19.863, 26.684, -21.302)

             17          A 214          A 231             18        684.596         (19.863, 26.684, -21.302)
                                                                                    (50.396, 22.156, 18.175)

