Using structure file: /home/pkas7/Research/SCOP/pdbstyle-1.75B/x4/d2x4ka_.ent
Number of residues: 62
Doing a BEZIER segmentation ...

Bounding box volume: 22145.4
Null Model Fit: 2704.26 bits.
Bits per residue: 44.3321

Bezier model fit: 2513.6 bits.
Bits per residue: 41.2066

# of segments: 5
Internal segmentation:
0-->14-->34-->49-->60-->61

CPU time used: 2.75 secs.
Wall clock time elapsed: 2 secs.

        SEGMENT          START            END   NUM_RESIDUES MESSAGE_LENGTH                    END_POINTS        INTERMEDIATE_CONTROL_POINTS
              1            A 0           A 14             15        580.069         (20.211, 31.527, 30.344)         (19.2886, 6.19664, 12.1313)
                                                                                    (9.56, 19.152, 1.444)

              2           A 14           A 34             21        793.368         (9.56, 19.152, 1.444)
                                                                                    (10.126, 29.624, 28.974)

              3           A 34           A 49             16        617.701         (10.126, 29.624, 28.974)         (23.0609, 35.0293, 14.427)
                                                                                    (16.608, 4.653, 5.092)

              4           A 49           A 60             12        475.094         (16.608, 4.653, 5.092)         (19.1206, -4.57759, 22.9792)
                                                                                    (15.497, 0.065, 3.844)

              5           A 60           A 61              2        47.3691         (15.497, 0.065, 3.844)
                                                                                    (15.224, -3.673, 4.611)

