Using structure file: /home/pkas7/Research/SCOP/pdbstyle-1.75B/x7/d2x7ka_.ent
Number of residues: 164
Doing a BEZIER segmentation ...

Bounding box volume: 42403
Null Model Fit: 7378.88 bits.
Bits per residue: 45.2692

Bezier model fit: 6765.41 bits.
Bits per residue: 41.5056

# of segments: 12
Internal segmentation:
0-->16-->28-->56-->66-->76-->92-->100-->102-->114-->131-->145-->163

CPU time used: 9.48 secs.
Wall clock time elapsed: 9 secs.

        SEGMENT          START            END   NUM_RESIDUES MESSAGE_LENGTH                    END_POINTS        INTERMEDIATE_CONTROL_POINTS
              1            A 3           A 19             17        647.277         (-0.278, 5.121, -6.058)         (22.8712, 15.481, -13.1231)
                                                                                    (11.758, 18.151, 20.851)

              2           A 19           A 31             13        502.396         (11.758, 18.151, 20.851)
                                                                                    (21.26, 2.364, -3.259)

              3           A 31           A 59             29        1155.05         (21.26, 2.364, -3.259)         (-15.7117, 18.3772, 7.85222)
                                                                                    (26.071, 3.804, 22.216)

              4           A 59           A 69             11        426.494         (26.071, 3.804, 22.216)         (6.38893, 5.33184, 9.64702)
                                                                                    (4.488, 4.124, 20.001)

              5           A 69           A 79             11         420.51         (4.488, 4.124, 20.001)
                                                                                    (0.325, -1.831, 1.316)

              6           A 79           A 95             17        659.297         (0.325, -1.831, 1.316)         (33.0213, -11.159, -4.88459)
                                                                                    (27.152, 6.915, 14.289)

              7           A 95          A 103              9        336.184         (27.152, 6.915, 14.289)         (16.764, 7.05232, 4.8713)
                                                                                    (11.171, -8.308, 12.095)

              8          A 103          A 105              3        94.5755         (11.171, -8.308, 12.095)
                                                                                    (14.043, -10.455, 6.131)

              9          A 105          A 117             13         493.25         (14.043, -10.455, 6.131)         (1.124, 7.87481, 8.78454)
                                                                                    (28.222, 4.163, 17.149)

             10          A 117          A 134             18        704.645         (28.222, 4.163, 17.149)         (17.3928, -19.3363, -0.214237)
                                                                                    (23.551, 17.963, 10.213)

             11          A 134          A 148             15        576.685         (23.551, 17.963, 10.213)         (26.5834, 15.0888, 23.3279)
                                                                                    (13.5, 2.582, 31.791)

             12          A 148          A 166             19        749.045         (13.5, 2.582, 31.791)
                                                                                    (10.264, 20.991, -0.659)

