Using structure file: /home/pkas7/Research/SCOP/pdbstyle-1.75B/x9/d2x9aa_.ent
Number of residues: 61
Doing a BEZIER segmentation ...

Bounding box volume: 12185.1
Null Model Fit: 2608.21 bits.
Bits per residue: 43.4702

Bezier model fit: 2495.07 bits.
Bits per residue: 41.5845

# of segments: 7
Internal segmentation:
0-->12-->22-->31-->33-->44-->45-->60

CPU time used: 2.71 secs.
Wall clock time elapsed: 2 secs.

        SEGMENT          START            END   NUM_RESIDUES MESSAGE_LENGTH                    END_POINTS        INTERMEDIATE_CONTROL_POINTS
              1            A 2           A 14             13        509.866         (10.81, 6.868, 1.152)         (3.1219, -4.17065, -0.0854968)
                                                                                    (25.179, -7.401, -7.715)

              2           A 14           A 24             11        412.167         (25.179, -7.401, -7.715)         (34.1141, 10.0057, 2.26667)
                                                                                    (26.186, -8.534, 14.298)

              3           A 24           A 33             10        372.599         (26.186, -8.534, 14.298)
                                                                                    (17.284, 6.374, 0.506)

              4           A 33           A 35              3        90.9774         (17.284, 6.374, 0.506)
                                                                                    (19.277, 0.268, 3.477)

              5           A 35           A 46             12        445.534         (19.277, 0.268, 3.477)         (27.6184, -25.1084, -3.04866)
                                                                                    (38.636, 0.021, 1.432)

              6           A 46           A 47              2        46.5073         (38.636, 0.021, 1.432)
                                                                                    (39.224, -1.083, 4.988)

              7           A 47           A 62             16        617.419         (39.224, -1.083, 4.988)         (16.7669, -14.7755, -10.923)
                                                                                    (18.092, 5.524, 9.567)

