Using structure file: /home/pkas7/Research/SCOP/pdbstyle-1.75B/xh/d2xhsa_.ent
Number of residues: 243
Doing a BEZIER segmentation ...

Bounding box volume: 85321.6
Null Model Fit: 11199.3 bits.
Bits per residue: 46.278

Bezier model fit: 9813.31 bits.
Bits per residue: 40.5509

# of segments: 15
Internal segmentation:
0-->11-->40-->45-->69-->75-->100-->113-->126-->146-->166-->167-->193-->197-->226-->242

CPU time used: 14.45 secs.
Wall clock time elapsed: 14 secs.

        SEGMENT          START            END   NUM_RESIDUES MESSAGE_LENGTH                    END_POINTS        INTERMEDIATE_CONTROL_POINTS
              1          A 783          A 794             12        471.232         (42.033, 2.516, 34.7)
                                                                                    (52.341, 11.546, 25.626)

              2          A 794          A 823             30        1138.06         (52.341, 11.546, 25.626)
                                                                                    (54.7, -3.125, 71.932)

              3          A 823          A 828              6        227.215         (54.7, -3.125, 71.932)
                                                                                    (49.725, 10.114, 71.211)

              4          A 828          A 852             25        939.633         (49.725, 10.114, 71.211)         (57.7835, 12.9758, 56.4865)
                                                                                    (62.786, 16.89, 35.508)

              5          A 852          A 858              7        265.055         (62.786, 16.89, 35.508)
                                                                                    (68.692, 26.116, 42.113)

              6          A 858          A 883             26        993.293         (68.692, 26.116, 42.113)         (50.7375, 26.5191, 55.6726)
                                                                                    (40.151, 7.292, 45.485)

              7          A 883          A 896             14         531.36         (40.151, 7.292, 45.485)
                                                                                    (43.658, -1.848, 69.944)

              8          A 896          A 909             14        551.988         (43.658, -1.848, 69.944)         (45.6377, 13.9847, 50.2735)
                                                                                    (40.989, 19.234, 60.976)

              9          A 909          A 929             21        820.532         (40.989, 19.234, 60.976)         (25.1938, 17.5585, 44.364)
                                                                                    (42.898, 9.286, 36.921)

             10          A 929          A 949             21        811.002         (42.898, 9.286, 36.921)
                                                                                    (61.738, 32.976, 42.928)

             11          A 949          A 950              2         49.315         (61.738, 32.976, 42.928)
                                                                                    (64.669, 34.038, 40.823)

             12          A 950          A 976             27         1034.2         (64.669, 34.038, 40.823)         (52.7937, 18.6025, 25.0849)
                                                                                    (33.344, 12.127, 26.749)

             13          A 976          A 980              5        182.775         (33.344, 12.127, 26.749)
                                                                                    (37.303, 18.051, 32.2)

             14          A 980         A 1009             30        1125.18         (37.303, 18.051, 32.2)         (42.5722, 30.3288, 52.3164)
                                                                                    (53.697, 22.141, 72.408)

             15         A 1009         A 1025             17         672.47         (53.697, 22.141, 72.408)         (64.0348, 12.5933, 55.3482)
                                                                                    (56.49, 33.249, 59.459)

