Using structure file: /home/pkas7/Research/SCOP/pdbstyle-1.75B/xr/d2xrwa_.ent
Number of residues: 349
Doing a BEZIER segmentation ...

Bounding box volume: 172183
Null Model Fit: 16457.2 bits.
Bits per residue: 47.2909

Bezier model fit: 14431.6 bits.
Bits per residue: 41.47

# of segments: 22
Internal segmentation:
0-->15-->22-->35-->48-->77-->83-->98-->108-->123-->144-->161-->171-->173-->189-->213-->236-->247-->267-->289-->306-->331-->348

CPU time used: 21.79 secs.
Wall clock time elapsed: 21 secs.

        SEGMENT          START            END   NUM_RESIDUES MESSAGE_LENGTH                    END_POINTS        INTERMEDIATE_CONTROL_POINTS
              1            A 1           A 16             16        622.865         (38.745, 30.45, 24.066)         (22.8182, 33.6881, 31.7413)
                                                                                    (24.858, 3.971, 29.328)

              2           A 16           A 23              8        295.827         (24.858, 3.971, 29.328)
                                                                                    (20.923, 22.633, 28.138)

              3           A 23           A 36             14        550.388         (20.923, 22.633, 28.138)         (10.4856, 9.1894, 42.0093)
                                                                                    (20.098, 3.26, 14.64)

              4           A 36           A 49             14        548.386         (20.098, 3.26, 14.64)         (15.4056, 17.0294, 33.4942)
                                                                                    (7.432, 22.65, 33.278)

              5           A 49           A 78             30        1193.08         (7.432, 22.65, 33.278)         (39.7314, 0.608057, -7.65742)
                                                                                    (10.024, 22.464, 12.234)

              6           A 78           A 84              7        270.491         (10.024, 22.464, 12.234)
                                                                                    (-0.223, 12.803, 13.999)

              7           A 84           A 99             16        626.595         (-0.223, 12.803, 13.999)         (21.0243, 27.2597, 27.2875)
                                                                                    (34.972, 22.573, 13.651)

              8           A 99          A 109             11        417.304         (34.972, 22.573, 13.651)         (25.1535, 15.0496, 18.6016)
                                                                                    (6.918, 16.035, 22.898)

              9          A 109          A 124             16         628.78         (6.918, 16.035, 22.898)         (9.36356, -10.7967, 21.8026)
                                                                                    (-10.516, -4.416, 19.504)

             10          A 124          A 145             22        824.981         (-10.516, -4.416, 19.504)
                                                                                    (3.761, 18.243, 1.442)

             11          A 145          A 162             18        719.753         (3.761, 18.243, 1.442)         (18.1574, -7.06761, 8.26223)
                                                                                    (-5.279, 7.699, 25.345)

             12          A 162          A 172             11        422.569         (-5.279, 7.699, 25.345)
                                                                                    (14.263, 7.673, 3.518)

             13          A 172          A 190              3        98.6189         (14.263, 7.673, 3.518)
                                                                                    (10.081, -6.168, 7.205)

             14          A 190          A 206             17        687.291         (10.081, -6.168, 7.205)         (13.7093, 2.00099, -15.0383)
                                                                                    (4.305, 2.845, -1.198)

             15          A 206          A 230             25        984.148         (4.305, 2.845, -1.198)         (-10.5493, -13.6515, 25.2925)
                                                                                    (16.565, -8.975, 0.993)

             16          A 230          A 253             24        946.756         (16.565, -8.975, 0.993)         (-10.748, -20.542, -4.6765)
                                                                                    (15.628, -4.192, -13.728)

             17          A 253          A 264             12        460.184         (15.628, -4.192, -13.728)
                                                                                    (9.069, -21.505, -7.022)

             18          A 264          A 284             21        830.932         (9.069, -21.505, -7.022)
                                                                                    (-21.669, -10.245, 17.664)

             19          A 284          A 306             23        879.687         (-21.669, -10.245, 17.664)
                                                                                    (1.366, -0.826, -6.497)

             20          A 306          A 323             18         710.88         (1.366, -0.826, -6.497)
                                                                                    (-15.915, 5.867, 11.118)

             21          A 323          A 348             26        1032.15         (-15.915, 5.867, 11.118)         (-0.910239, 34.5661, 1.11453)
                                                                                    (29.985, 18.023, -0.536)

             22          A 348          A 365             18          679.9         (29.985, 18.023, -0.536)
                                                                                    (14.732, 28.514, 20.693)

