Using structure file: /home/pkas7/Research/SCOP/pdbstyle-1.75B/yv/d2yvla_.ent
Number of residues: 247
Doing a BEZIER segmentation ...

Bounding box volume: 103904
Null Model Fit: 11454.3 bits.
Bits per residue: 46.5622

Bezier model fit: 10248 bits.
Bits per residue: 41.6585

# of segments: 17
Internal segmentation:
0-->14-->23-->30-->44-->57-->69-->90-->100-->120-->149-->165-->179-->180-->203-->223-->245-->246

CPU time used: 15.12 secs.
Wall clock time elapsed: 15 secs.

        SEGMENT          START            END   NUM_RESIDUES MESSAGE_LENGTH                    END_POINTS        INTERMEDIATE_CONTROL_POINTS
              1            A 2           A 16             15        607.786         (10.814, 50.262, 68.123)         (27.4662, 56.2912, 65.0501)
                                                                                    (14.909, 47.078, 42.781)

              2           A 16           A 25             10        372.255         (14.909, 47.078, 42.781)         (26.3755, 46.0369, 58.5002)
                                                                                    (23.191, 61.935, 61.878)

              3           A 25           A 32              8        294.048         (23.191, 61.935, 61.878)
                                                                                    (20.081, 58.254, 40.874)

              4           A 32           A 46             15        588.366         (20.081, 58.254, 40.874)         (17.6913, 68.6464, 66.2666)
                                                                                    (10.033, 50.463, 60.871)

              5           A 46           A 59             14        556.858         (10.033, 50.463, 60.871)         (8.90497, 66.3169, 43.5107)
                                                                                    (17.115, 40.352, 58.588)

              6           A 59           A 71             13        507.267         (17.115, 40.352, 58.588)
                                                                                    (37.999, 38.587, 54.341)

              7           A 71           A 92             22        871.047         (37.999, 38.587, 54.341)         (13.0693, 20.9975, 44.5936)
                                                                                    (19.775, 21.065, 72.149)

              8           A 92          A 102             11        412.908         (19.775, 21.065, 72.149)         (39.4164, 18.8348, 60.6884)
                                                                                    (34.32, 35.618, 57.829)

              9          A 102          A 122             21        832.072         (34.32, 35.618, 57.829)         (7.90362, 19.99, 73.7857)
                                                                                    (44.266, 32.723, 60.406)

             10          A 122          A 151             30        1193.13         (44.266, 32.723, 60.406)         (12.707, 49.7329, 70.9842)
                                                                                    (46.013, 20.771, 66.374)

             11          A 151          A 167             17         671.04         (46.013, 20.771, 66.374)         (16.1101, 10.8074, 78.3979)
                                                                                    (40.022, 23.521, 50.351)

             12          A 167          A 181             15        586.615         (40.022, 23.521, 50.351)         (43.9417, 8.77561, 61.4263)
                                                                                    (28.276, 11.362, 68.109)

             13          A 181          A 182              2        49.5993         (28.276, 11.362, 68.109)
                                                                                    (27.211, 8.092, 66.452)

             14          A 182          A 205             24        941.539         (27.211, 8.092, 66.452)         (37.6702, 33.2223, 28.7049)
                                                                                    (34.891, 4.37, 55.427)

             15          A 205          A 225             21        823.101         (34.891, 4.37, 55.427)
                                                                                    (1.97, 43.707, 34.961)

             16          A 225          A 247             23        890.772         (1.97, 43.707, 34.961)         (34.1411, 34.1878, 34.9965)
                                                                                    (30.165, 3.113, 62.962)

             17          A 247          A 248              2        49.5993         (30.165, 3.113, 62.962)
                                                                                    (33.785, 1.934, 62.783)

