Using structure file: /home/pkas7/Research/SCOP/pdbstyle-1.75B/yy/d2yyba_.ent
Number of residues: 242
Doing a BEZIER segmentation ...

Bounding box volume: 80868.3
Null Model Fit: 11134.4 bits.
Bits per residue: 46.2006

Bezier model fit: 10021.6 bits.
Bits per residue: 41.5836

# of segments: 19
Internal segmentation:
0-->1-->29-->40-->55-->62-->76-->88-->98-->115-->125-->135-->159-->160-->170-->182-->191-->210-->229-->241

CPU time used: 13.96 secs.
Wall clock time elapsed: 13 secs.

        SEGMENT          START            END   NUM_RESIDUES MESSAGE_LENGTH                    END_POINTS        INTERMEDIATE_CONTROL_POINTS
              1            A 1            A 2              2        49.2377         (10.95, 36.45, 42.883)
                                                                                    (7.537, 35.609, 44.303)

              2            A 2           A 30             29        1149.44         (7.537, 35.609, 44.303)         (9.348, -3.33121, 44.6376)
                                                                                    (8.51, 29.114, 58.272)

              3           A 30           A 41             12        466.437         (8.51, 29.114, 58.272)         (8.31929, 48.6584, 41.772)
                                                                                    (21.895, 27.578, 51.784)

              4           A 41           A 56             16        631.785         (21.895, 27.578, 51.784)         (19.4878, 26.382, 73.2213)
                                                                                    (23.848, 38.284, 54.868)

              5           A 56           A 63              8        299.309         (23.848, 38.284, 54.868)         (10.9541, 37.2789, 49.4437)
                                                                                    (18.341, 23.746, 54.898)

              6           A 63           A 77             15        590.478         (18.341, 23.746, 54.898)         (0.127182, 10.6265, 66.0222)
                                                                                    (13.512, 28.913, 75.029)

              7           A 77           A 89             13        494.046         (13.512, 28.913, 75.029)
                                                                                    (14.607, 39.259, 59.08)

              8           A 89           A 99             11        416.767         (14.607, 39.259, 59.08)
                                                                                    (14.197, 14.376, 48.87)

              9           A 99          A 116             18        705.992         (14.197, 14.376, 48.87)
                                                                                    (34.357, 11.829, 43.274)

             10          A 116          A 126             11        428.963         (34.357, 11.829, 43.274)         (25.1819, -0.389807, 30.7363)
                                                                                    (16.452, 6.659, 49.501)

             11          A 126          A 136             11        418.029         (16.452, 6.659, 49.501)
                                                                                    (39.867, -0.289, 40.074)

             12          A 136          A 160             25        1002.19         (39.867, -0.289, 40.074)         (38.1024, 31.8615, 63.5961)
                                                                                    (39.789, -5.214, 49.72)

             13          A 160          A 161              2        49.2377         (39.789, -5.214, 49.72)
                                                                                    (42.603, -2.697, 49.416)

             14          A 161          A 171             11        413.996         (42.603, -2.697, 49.416)         (27.041, -0.302868, 36.6503)
                                                                                    (24.593, 11.506, 56.856)

             15          A 171          A 183             13        508.382         (24.593, 11.506, 56.856)         (16.47, -8.27418, 59.6677)
                                                                                    (33.463, -2.984, 47.475)

             16          A 183          A 192             10        371.667         (33.463, -2.984, 47.475)         (26.6029, 17.0526, 54.666)
                                                                                    (29.93, 2.006, 67.526)

             17          A 192          A 211             20        784.918         (29.93, 2.006, 67.526)         (38.4283, -19.7615, 50.9115)
                                                                                    (28.065, 17.723, 58.16)

             18          A 211          A 230             20        757.791         (28.065, 17.723, 58.16)
                                                                                    (19.01, 34.493, 38.556)

             19          A 230          A 242             13        482.984         (19.01, 34.493, 38.556)         (29.6376, 33.8679, 59.6197)
                                                                                    (30.554, 15.357, 63.288)

