Using structure file: /home/pkas7/Research/SCOP/pdbstyle-1.75B/z1/d2z1ea2.ent
Number of residues: 179
Doing a BEZIER segmentation ...

Bounding box volume: 48099.3
Null Model Fit: 8090.29 bits.
Bits per residue: 45.4511

Bezier model fit: 7398.44 bits.
Bits per residue: 41.5642

# of segments: 13
Internal segmentation:
0-->1-->13-->28-->41-->69-->83-->96-->116-->139-->155-->164-->172-->178

CPU time used: 10.66 secs.
Wall clock time elapsed: 10 secs.

        SEGMENT          START            END   NUM_RESIDUES MESSAGE_LENGTH                    END_POINTS        INTERMEDIATE_CONTROL_POINTS
              1          A 156          A 157              2        48.4882         (12.937, 11.121, 32.595)
                                                                                    (11.712, 13.52, 29.918)

              2          A 157          A 169             13         504.85         (11.712, 13.52, 29.918)         (24.6911, 31.602, 39.0802)
                                                                                    (25.484, 10.87, 22.616)

              3          A 169          A 184             16         610.75         (25.484, 10.87, 22.616)
                                                                                    (19.399, 3.305, -2.307)

              4          A 184          A 197             14        543.404         (19.399, 3.305, -2.307)         (43.6444, -0.137046, -2.04284)
                                                                                    (19.658, -0.4, 14.516)

              5          A 197          A 225             29        1144.46         (19.658, -0.4, 14.516)         (25.453, 6.10071, 60.7987)
                                                                                    (14.974, 14.548, 11.978)

              6          A 225          A 239             15        579.502         (14.974, 14.548, 11.978)
                                                                                    (13.762, 26.022, 28.254)

              7          A 239          A 252             14        545.824         (13.762, 26.022, 28.254)         (37.509, 24.723, 20.1382)
                                                                                    (32.27, 7.689, 11.011)

              8          A 252          A 272             21        835.392         (32.27, 7.689, 11.011)         (25.8401, 24.0651, -7.84064)
                                                                                    (18.22, 3.737, 15.303)

              9          A 272          A 295             24        939.588         (18.22, 3.737, 15.303)         (33.4589, 25.8533, 49.8884)
                                                                                    (29.248, -2.725, 23.307)

             10          A 295          A 311             17        672.984         (29.248, -2.725, 23.307)         (34.1729, 20.8424, 26.0162)
                                                                                    (17.109, 29.306, 25.804)

             11          A 311          A 320             10          371.1         (17.109, 29.306, 25.804)
                                                                                    (38.008, 27.799, 15.176)

             12          A 320          A 328              9        337.298         (38.008, 27.799, 15.176)         (25.3407, 33.0303, 16.486)
                                                                                    (16.322, 20.9, 12.543)

             13          A 328          A 334              7         264.79         (16.322, 20.9, 12.543)
                                                                                    (19.658, 33.633, 5.853)

