Using structure file: /home/pkas7/Research/SCOP/pdbstyle-1.75B/z1/d2z1aa2.ent
Number of residues: 302
Doing a BEZIER segmentation ...

Bounding box volume: 110544
Null Model Fit: 14042.1 bits.
Bits per residue: 46.6516

Bezier model fit: 12461.7 bits.
Bits per residue: 41.401

# of segments: 20
Internal segmentation:
0-->9-->22-->44-->60-->78-->87-->105-->118-->135-->151-->162-->178-->201-->210-->222-->237-->251-->263-->279-->301

CPU time used: 19.07 secs.
Wall clock time elapsed: 19 secs.

        SEGMENT          START            END   NUM_RESIDUES MESSAGE_LENGTH                    END_POINTS        INTERMEDIATE_CONTROL_POINTS
              1           A 28           A 37             10        361.448         (-3.397, 23.555, 32.741)         (10.7411, 24.3841, 38.3381)
                                                                                    (15.579, 28.464, 54.267)

              2           A 37           A 50             14        549.433         (15.579, 28.464, 54.267)         (32.8783, 37.8901, 50.4254)
                                                                                    (29.508, 9.442, 46.092)

              3           A 50           A 72             23        914.692         (29.508, 9.442, 46.092)         (26.1226, 40.5123, 45.1743)
                                                                                    (12.424, 25.334, 28.739)

              4           A 72           A 88             17        666.678         (12.424, 25.334, 28.739)         (-1.74498, 32.2517, 52.1301)
                                                                                    (26.337, 34.172, 56.932)

              5           A 88          A 106             19         748.18         (26.337, 34.172, 56.932)         (20.6794, 49.5877, 53.9326)
                                                                                    (16.265, 34.448, 39.777)

              6          A 106          A 115             10         370.51         (16.265, 34.448, 39.777)         (0.672792, 36.01, 43.4026)
                                                                                    (10.51, 33.585, 61.389)

              7          A 115          A 133             19        742.482         (10.51, 33.585, 61.389)         (16.5039, 53.5852, 66.1226)
                                                                                    (10.127, 43.042, 43.093)

              8          A 133          A 146             14        543.071         (10.127, 43.042, 43.093)         (-7.06113, 28.6681, 61.5049)
                                                                                    (3.226, 48.494, 62.637)

              9          A 146          A 163             18        705.129         (3.226, 48.494, 62.637)
                                                                                    (-2.707, 33.052, 30.856)

             10          A 163          A 179             17        658.215         (-2.707, 33.052, 30.856)         (-1.9176, 30.8952, 63.4191)
                                                                                    (11.902, 32.309, 68.378)

             11          A 179          A 190             12        464.263         (11.902, 32.309, 68.378)         (7.3991, 55.6039, 68.2828)
                                                                                    (-3.912, 30.906, 63.545)

             12          A 190          A 206             17        648.947         (-3.912, 30.906, 63.545)
                                                                                    (-12.388, 33.334, 40.311)

             13          A 206          A 229             24        950.799         (-12.388, 33.334, 40.311)         (20.4121, 16.7469, 68.3488)
                                                                                    (-10.185, 22.567, 51.598)

             14          A 229          A 238             10        379.798         (-10.185, 22.567, 51.598)         (0.894865, 22.2628, 40.4741)
                                                                                    (11.033, 25.969, 58.454)

             15          A 238          A 250             13        514.316         (11.033, 25.969, 58.454)         (13.663, 7.86728, 41.387)
                                                                                    (25.529, 10.025, 52.018)

             16          A 250          A 265             16        613.336         (25.529, 10.025, 52.018)
                                                                                    (-13.021, 16.11, 50.782)

             17          A 265          A 279             15        582.969         (-13.021, 16.11, 50.782)
                                                                                    (21.424, 22.94, 48.457)

             18          A 279          A 291             13        479.485         (21.424, 22.94, 48.457)         (3.07848, 17.235, 33.7486)
                                                                                    (-12.359, 23.525, 38.309)

             19          A 291          A 307             17        667.602         (-12.359, 23.525, 38.309)         (10.271, 12.1849, 45.4885)
                                                                                    (25.985, 17.847, 37.522)

             20          A 307          A 329             23         900.36         (25.985, 17.847, 37.522)         (27.3437, 50.8566, 35.6458)
                                                                                    (37.03, 37.644, 57.364)

