Using structure file: /home/pkas7/Research/SCOP/pdbstyle-1.75B/z1/d2z1ea1.ent
Number of residues: 113
Doing a BEZIER segmentation ...

Bounding box volume: 36090.4
Null Model Fit: 5044.11 bits.
Bits per residue: 45.0367

Bezier model fit: 4568.33 bits.
Bits per residue: 40.7887

# of segments: 11
Internal segmentation:
0-->8-->22-->24-->45-->55-->65-->81-->96-->98-->111-->112

CPU time used: 6.2 secs.
Wall clock time elapsed: 6 secs.

        SEGMENT          START            END   NUM_RESIDUES MESSAGE_LENGTH                    END_POINTS        INTERMEDIATE_CONTROL_POINTS
              1           A 43           A 51              9        342.991         (7.638, 10.405, 21.284)         (-3.88589, 7.19058, 33.7169)
                                                                                    (2.483, 5.092, 42.728)

              2           A 51           A 65             15        547.964         (2.483, 5.092, 42.728)         (1.0804, 6.43531, 17.0308)
                                                                                    (13.482, -2.124, 1.054)

              3           A 65           A 67              3        94.1104         (13.482, -2.124, 1.054)
                                                                                    (16.127, -5.437, 4.57)

              4           A 67           A 88             22        852.424         (16.127, -5.437, 4.57)
                                                                                    (11.589, 8.108, 29.104)

              5           A 88           A 98             11         412.37         (11.589, 8.108, 29.104)         (10.2206, -8.95924, 35.3263)
                                                                                    (0.523, -5.042, 13.934)

              6           A 98          A 108             11        419.988         (0.523, -5.042, 13.934)         (-2.65152, -7.92971, -9.23262)
                                                                                    (9.977, -16.581, 3.293)

              7          A 108          A 124             17        638.171         (9.977, -16.581, 3.293)
                                                                                    (16.144, -6.813, 25.615)

              8          A 124          A 139             16        605.399         (16.144, -6.813, 25.615)         (-12.1645, -13.6864, 20.2101)
                                                                                    (0.704, -3.479, -4.05)

              9          A 139          A 141              3        94.1104         (0.704, -3.479, -4.05)
                                                                                    (5.163, -5.541, 0.649)

             10          A 141          A 154             14        512.729         (5.163, -5.541, 0.649)         (0.521831, -2.46625, 25.5067)
                                                                                    (12.138, 7.398, 37.954)

             11          A 154          A 155              2        48.0738         (12.138, 7.398, 37.954)
                                                                                    (10.648, 9.185, 34.921)

