Using structure file: /home/pkas7/Research/SCOP/pdbstyle-1.75B/zk/d2zkmx3.ent
Number of residues: 131
Doing a BEZIER segmentation ...

Bounding box volume: 41687.6
Null Model Fit: 5881.81 bits.
Bits per residue: 45.2447

Bezier model fit: 5354.32 bits.
Bits per residue: 41.187

# of segments: 8
Internal segmentation:
0-->18-->32-->42-->59-->80-->97-->108-->130

CPU time used: 7.4 secs.
Wall clock time elapsed: 7 secs.

        SEGMENT          START            END   NUM_RESIDUES MESSAGE_LENGTH                    END_POINTS        INTERMEDIATE_CONTROL_POINTS
              1           X 11           X 29             19        734.396         (31.198, -9.506, 53.376)         (9.06493, -27.433, 52.5509)
                                                                                    (4.785, 2.372, 74.23)

              2           X 29           X 43             15        571.955         (4.785, 2.372, 74.23)         (0.1049, -18.0564, 62.4143)
                                                                                    (23.292, -6.904, 48.952)

              3           X 43           X 53             11        427.019         (23.292, -6.904, 48.952)         (16.2406, -3.84095, 62.146)
                                                                                    (-0.854, -7.212, 55.709)

              4           X 53           X 70             18        692.041         (-0.854, -7.212, 55.709)         (33.3698, 11.9698, 53.528)
                                                                                    (18.737, -13.53, 75.143)

              5           X 70           X 91             22        885.506         (18.737, -13.53, 75.143)         (-7.22899, 3.4119, 78.2666)
                                                                                    (10.86, -22.924, 82.849)

              6           X 91          X 108             18        704.399         (10.86, -22.924, 82.849)         (18.1377, -7.72796, 59.5571)
                                                                                    (22.491, 8.867, 72.674)

              7          X 108          X 119             12        447.396         (22.491, 8.867, 72.674)         (8.68586, -2.69355, 67.5144)
                                                                                    (11.816, -20.898, 66.926)

              8          X 119          X 141             23        891.604         (11.816, -20.898, 66.926)         (30.8552, -10.1638, 66.3417)
                                                                                    (33.444, 2.706, 53.001)

