Using structure file: /home/pkas7/Research/SCOP/pdbstyle-1.75B/zo/d2zosa_.ent
Number of residues: 238
Doing a BEZIER segmentation ...

Bounding box volume: 85248
Null Model Fit: 10967.6 bits.
Bits per residue: 46.2767

Bezier model fit: 9878.3 bits.
Bits per residue: 41.6806

# of segments: 17
Internal segmentation:
0-->7-->32-->52-->62-->75-->76-->101-->123-->134-->155-->163-->174-->188-->197-->209-->220-->237

CPU time used: 14.17 secs.
Wall clock time elapsed: 14 secs.

        SEGMENT          START            END   NUM_RESIDUES MESSAGE_LENGTH                    END_POINTS        INTERMEDIATE_CONTROL_POINTS
              1            A 1            A 8              8        290.543         (13.931, 26.321, 36.895)
                                                                                    (36.422, 31.066, 40.8)

              2            A 8           A 33             26        1031.29         (36.422, 31.066, 40.8)         (49.4174, 15.1869, 54.8396)
                                                                                    (20.551, 21.249, 41.499)

              3           A 33           A 53             21        827.373         (20.551, 21.249, 41.499)         (53, 38.2775, 25.9407)
                                                                                    (39.26, 15.592, 39.05)

              4           A 53           A 63             11        414.261         (39.26, 15.592, 39.05)         (21.4743, 19.4117, 30.4755)
                                                                                    (41.458, 33.858, 31.339)

              5           A 63           A 76             14        554.693         (41.458, 33.858, 31.339)
                                                                                    (20.111, 20.06, 23.307)

              6           A 76           A 83              2        49.3138         (20.111, 20.06, 23.307)
                                                                                    (20.626, 25.491, 13.189)

              7           A 83          A 108             26        1023.98         (20.626, 25.491, 13.189)
                                                                                    (62.839, 46.927, 30.95)

              8          A 108          A 130             23        930.742         (62.839, 46.927, 30.95)
                                                                                    (53.119, 23.28, 43.259)

              9          A 130          A 141             12        457.653         (53.119, 23.28, 43.259)
                                                                                    (46.275, 31.559, 25.381)

             10          A 141          A 162             22        864.692         (46.275, 31.559, 25.381)         (63.7386, 57.4937, 50.0587)
                                                                                    (43.769, 49.195, 24.467)

             11          A 162          A 170              9        341.769         (43.769, 49.195, 24.467)
                                                                                    (46.815, 38.449, 44.341)

             12          A 170          A 181             12        456.695         (46.815, 38.449, 44.341)         (46.7368, 44.2733, 18.2652)
                                                                                    (30.974, 39.553, 32.917)

             13          A 181          A 195             15        571.734         (30.974, 39.553, 32.917)
                                                                                    (13.76, 28.191, 29.889)

             14          A 195          A 204             10        364.477         (13.76, 28.191, 29.889)         (20.8321, 33.1508, 41.8858)
                                                                                    (36.67, 37.386, 45.743)

             15          A 204          A 216             13        512.322         (36.67, 37.386, 45.743)         (35.6535, 46.3996, 31.2841)
                                                                                    (20.63, 37.628, 39.843)

             16          A 216          A 227             12        466.166         (20.63, 37.628, 39.843)         (45.233, 35.235, 57.3426)
                                                                                    (26.718, 47.263, 46.219)

             17          A 227          A 244             18        720.602         (26.718, 47.263, 46.219)         (38.2299, 22.6176, 55.2334)
                                                                                    (17.75, 30.261, 53.388)

