Using structure file: /home/pkas7/Research/SCOP/pdbstyle-1.75B/zp/d2zp1a_.ent
Number of residues: 308
Doing a BEZIER segmentation ...

Bounding box volume: 116952
Null Model Fit: 14347 bits.
Bits per residue: 46.7329

Bezier model fit: 12667.1 bits.
Bits per residue: 41.2609

# of segments: 18
Internal segmentation:
0-->10-->26-->38-->58-->74-->95-->110-->136-->145-->163-->184-->197-->198-->217-->238-->259-->279-->307

CPU time used: 18.74 secs.
Wall clock time elapsed: 18 secs.

        SEGMENT          START            END   NUM_RESIDUES MESSAGE_LENGTH                    END_POINTS        INTERMEDIATE_CONTROL_POINTS
              1            A 1           A 11             11        429.143         (-7.78, 41.943, 27.135)
                                                                                    (5.437, 37.926, 21.849)

              2           A 11           A 27             17        667.514         (5.437, 37.926, 21.849)         (-2.52934, 45.2899, 3.62396)
                                                                                    (-14.771, 28.683, 14.262)

              3           A 27           A 39             13        485.412         (-14.771, 28.683, 14.262)         (8.48896, 24.3543, 10.9662)
                                                                                    (17.181, 16.107, 26.781)

              4           A 39           A 59             21        824.125         (17.181, 16.107, 26.781)         (5.24215, 36.4262, 29.1766)
                                                                                    (-10.161, 28.323, 20.353)

              5           A 59           A 75             17        660.703         (-10.161, 28.323, 20.353)         (12.5931, 11.2466, 12.2754)
                                                                                    (23.038, 16.195, 13.814)

              6           A 75           A 96             22        861.108         (23.038, 16.195, 13.814)         (9.25335, 1.6271, 22.8755)
                                                                                    (2.682, 21.79, 31.568)

              7           A 96          A 111             16        624.586         (2.682, 21.79, 31.568)
                                                                                    (6.239, 10.28, 2.161)

              8          A 111          A 137             27         1043.4         (6.239, 10.28, 2.161)         (18.251, 35.0748, -14.3271)
                                                                                    (19.496, 26.97, 14.38)

              9          A 137          A 146             10        389.759         (19.496, 26.97, 14.38)         (39.6692, 22.4322, 14.5477)
                                                                                    (24.125, 19.392, 2.767)

             10          A 146          A 164             19        733.556         (24.125, 19.392, 2.767)
                                                                                    (-2.273, 25.228, 9.857)

             11          A 164          A 185             22        871.927         (-2.273, 25.228, 9.857)         (25.6846, 38.7894, 19.1612)
                                                                                    (0.358, 29.114, -1.78)

             12          A 185          A 198             14        506.825         (0.358, 29.114, -1.78)         (0.275303, 38.6576, 19.3557)
                                                                                    (21.315, 32.515, 29.266)

             13          A 198          A 199              2          49.77         (21.315, 32.515, 29.266)
                                                                                    (21.743, 32.643, 33.045)

             14          A 199          A 218             20        816.806         (21.743, 32.643, 33.045)         (24.2057, 27.9893, 15.7508)
                                                                                    (14.772, 20.958, 42.099)

             15          A 218          A 239             22        881.458         (14.772, 20.958, 42.099)         (26.9951, 43.6533, 41.4171)
                                                                                    (19.181, 40.421, 32.37)

             16          A 239          A 260             22        863.773         (19.181, 40.421, 32.37)         (-7.42489, 30.8782, 31.3735)
                                                                                    (16.18, 47.677, 57.281)

             17          A 260          A 280             21        819.986         (16.18, 47.677, 57.281)         (-5.91239, 43.2062, 28.016)
                                                                                    (18.18, 50.972, 41.665)

             18          A 280          A 308             29        1137.23         (18.18, 50.972, 41.665)
                                                                                    (4.904, 11.115, 40.378)

