Using structure file: /home/pkas7/Research/SCOP/pdbstyle-1.75B/a3/d3a3da_.ent
Number of residues: 453
Doing a BEZIER segmentation ...

Bounding box volume: 182252
Null Model Fit: 21412.6 bits.
Bits per residue: 47.3729

Bezier model fit: 18777.6 bits.
Bits per residue: 41.5433

# of segments: 30
Internal segmentation:
0-->13-->24-->41-->59-->69-->93-->107-->121-->138-->146-->164-->175-->189-->204-->219-->228-->245-->257-->272-->301-->305-->320-->331-->358-->384-->398-->412-->427-->428-->452

CPU time used: 29.02 secs.
Wall clock time elapsed: 29 secs.

        SEGMENT          START            END   NUM_RESIDUES MESSAGE_LENGTH                    END_POINTS        INTERMEDIATE_CONTROL_POINTS
              1           A 27           A 40             14        556.641         (37.71, 45.486, 67.387)         (33.5966, 27.9039, 74.7226)
                                                                                    (21.581, 28.166, 66.721)

              2           A 40           A 51             12        447.798         (21.581, 28.166, 66.721)         (25.7719, 46.8833, 69.4675)
                                                                                    (36.14, 58.584, 76.704)

              3           A 51           A 68             18        718.085         (36.14, 58.584, 76.704)         (30.1273, 40.2589, 52.8615)
                                                                                    (12.992, 42.191, 76.033)

              4           A 68           A 86             19        744.575         (12.992, 42.191, 76.033)         (14.2624, 61.908, 74.9494)
                                                                                    (7.935, 65.37, 90.542)

              5           A 86           A 96             11        406.296         (7.935, 65.37, 90.542)         (-4.89636, 52.537, 93.567)
                                                                                    (-21.149, 65.499, 93.013)

              6           A 96          A 120             25        1022.82         (-21.149, 65.499, 93.013)         (-46.003, 63.7449, 127.926)
                                                                                    (-4.846, 47.288, 98.949)         (11.8439, 56.4887, 61.9809)

              7          A 120          A 134             15         569.91         (-4.846, 47.288, 98.949)
                                                                                    (-17.96, 62.17, 108.489)

              8          A 134          A 148             15        583.728         (-17.96, 62.17, 108.489)         (-32.2152, 49.1654, 93.5164)
                                                                                    (-6.838, 58.203, 81.157)

              9          A 148          A 165             18         722.14         (-6.838, 58.203, 81.157)         (1.18855, 34.5134, 63.4138)
                                                                                    (0.933, 34.86, 85.022)

             10          A 165          A 173              9        341.075         (0.933, 34.86, 85.022)
                                                                                    (-5.694, 52.094, 85.029)

             11          A 173          A 191             19        750.255         (-5.694, 52.094, 85.029)         (0.310539, 35.8635, 102.247)
                                                                                    (-3.017, 9.408, 92.546)

             12          A 191          A 202             12        447.172         (-3.017, 9.408, 92.546)
                                                                                    (-9.369, 38.581, 100.783)

             13          A 202          A 216             15        577.532         (-9.369, 38.581, 100.783)         (-19.4528, 24.5544, 84.8591)
                                                                                    (4.326, 8.4, 88.074)

             14          A 216          A 231             16        626.066         (4.326, 8.4, 88.074)         (1.82434, 17.1805, 76.2615)
                                                                                    (-15.381, 38.278, 85.951)

             15          A 231          A 246             16        612.675         (-15.381, 38.278, 85.951)         (0.644602, 6.39356, 83.1391)
                                                                                    (2.011, 23.121, 98.762)

             16          A 246          A 255             10        374.129         (2.011, 23.121, 98.762)         (2.2937, 34.8288, 87.6354)
                                                                                    (-10.826, 42.059, 84.674)

             17          A 255          A 272             18        685.462         (-10.826, 42.059, 84.674)
                                                                                    (-18.722, 50.958, 108.234)

             18          A 272          A 284             13        504.293         (-18.722, 50.958, 108.234)         (-30.2948, 46.2823, 90.0727)
                                                                                    (-15.538, 58.601, 80.073)

             19          A 284          A 299             16        630.053         (-15.538, 58.601, 80.073)         (-16.6031, 68.967, 108.393)
                                                                                    (9.057, 59.104, 89.354)

             20          A 299          A 328             30        1178.56         (9.057, 59.104, 89.354)         (13.8032, 35.5819, 85.9577)
                                                                                    (-3.361, 65.45, 76.433)

             21          A 328          A 332              5        187.999         (-3.361, 65.45, 76.433)
                                                                                    (-3.419, 53.515, 74.101)

             22          A 332          A 347             16         605.67         (-3.419, 53.515, 74.101)
                                                                                    (16.79, 64.486, 71.673)

             23          A 347          A 358             12        459.233         (16.79, 64.486, 71.673)         (16.3705, 48.3715, 53.9739)
                                                                                    (5.204, 48.546, 74.411)

             24          A 358          A 385             28        1120.85         (5.204, 48.546, 74.411)         (23.1879, 40.9494, 60.3367)
                                                                                    (23.877, 65.41, 85.649)

             25          A 385          A 411             27        1099.88         (23.877, 65.41, 85.649)         (12.7585, 32.9881, 91.5685)
                                                                                    (36.652, 40.529, 89.484)

             26          A 411          A 425             15        584.024         (36.652, 40.529, 89.484)         (26.1215, 56.5794, 87.4178)
                                                                                    (12.164, 32.569, 76.546)

             27          A 425          A 439             15        582.876         (12.164, 32.569, 76.546)
                                                                                    (39.357, 53.874, 84.062)

             28          A 439          A 454             16        602.808         (39.357, 53.874, 84.062)         (17.7318, 47.1527, 65.853)
                                                                                    (16.394, 21.724, 75.456)

             29          A 454          A 455              2          50.41         (16.394, 21.724, 75.456)
                                                                                    (12.754, 21.278, 75.142)

             30          A 455          A 479             25        984.534         (12.754, 21.278, 75.142)         (29.6781, 32.6541, 85.8846)
                                                                                    (40.586, 46.148, 75.314)

