Using structure file: /home/pkas7/Research/SCOP/pdbstyle-1.75B/a4/d3a4ra_.ent
Number of residues: 79
Doing a BEZIER segmentation ...

Bounding box volume: 17445.5
Null Model Fit: 3431.06 bits.
Bits per residue: 43.9879

Bezier model fit: 3231.33 bits.
Bits per residue: 41.4273

# of segments: 9
Internal segmentation:
0-->1-->14-->15-->23-->45-->54-->64-->71-->78

CPU time used: 3.75 secs.
Wall clock time elapsed: 3 secs.

        SEGMENT          START            END   NUM_RESIDUES MESSAGE_LENGTH                    END_POINTS        INTERMEDIATE_CONTROL_POINTS
              1           A -4           A -3              2         47.025         (6.364, -0.898, 28.055)
                                                                                    (2.765, -0.288, 27.077)

              2           A -3          A 348             14        520.791         (2.765, -0.288, 27.077)         (9.09035, -11.2165, 10.9768)
                                                                                    (3.035, 9.99, -6.364)

              3          A 348          A 349              2         47.025         (3.035, 9.99, -6.364)
                                                                                    (5.379, 8.141, -8.723)

              4          A 349          A 357              9        332.099         (5.379, 8.141, -8.723)
                                                                                    (9.78, -2.166, 9.561)

              5          A 357          A 379             23        906.995         (9.78, -2.166, 9.561)         (1.93174, 18.7786, 33.937)
                                                                                    (13.963, 18.845, 1.878)         (19.165, -3.20374, -14.6607)

              6          A 379          A 388             10        378.467         (13.963, 18.845, 1.878)
                                                                                    (-6.616, 10.293, 5.382)

              7          A 388          A 398             11        415.249         (-6.616, 10.293, 5.382)         (11.2742, 19.6732, 15.0802)
                                                                                    (-0.474, 3.405, 18.516)

              8          A 398          A 405              8        297.165         (-0.474, 3.405, 18.516)
                                                                                    (0.28, -4.464, 6.263)

              9          A 405          A 412              8        286.512         (0.28, -4.464, 6.263)         (-0.806148, 7.13929, 3.85808)
                                                                                    (3.989, 16.234, -3.146)

