Using structure file: /home/pkas7/Research/SCOP/pdbstyle-1.75B/aa/d3aaab_.ent
Number of residues: 250
Doing a BEZIER segmentation ...

Bounding box volume: 161785
Null Model Fit: 11753.1 bits.
Bits per residue: 47.2011

Bezier model fit: 10124.2 bits.
Bits per residue: 40.6594

# of segments: 19
Internal segmentation:
0-->15-->17-->42-->52-->62-->73-->90-->111-->123-->139-->141-->159-->161-->181-->189-->203-->212-->241-->249

CPU time used: 15.51 secs.
Wall clock time elapsed: 15 secs.

        SEGMENT          START            END   NUM_RESIDUES MESSAGE_LENGTH                    END_POINTS        INTERMEDIATE_CONTROL_POINTS
              1            B 2           B 17             16        601.449         (-1.71, 20.46, 52.307)
                                                                                    (6.46, 30.902, 32.478)

              2           B 17           B 19              3        98.4392         (6.46, 30.902, 32.478)
                                                                                    (9.42, 35.408, 33.442)

              3           B 19           B 44             26        1018.41         (9.42, 35.408, 33.442)         (-13.0315, 29.6221, 61.3236)
                                                                                    (13.336, 29.768, 43.059)

              4           B 44           B 54             11        413.149         (13.336, 29.768, 43.059)         (16.913, 46.7395, 43.0934)
                                                                                    (24.837, 53.818, 56.361)

              5           B 54           B 64             11        429.525         (24.837, 53.818, 56.361)         (22.3823, 45.5248, 40.4682)
                                                                                    (19.866, 33.741, 55.591)

              6           B 64           B 75             12        475.653         (19.866, 33.741, 55.591)         (5.26854, 42.4403, 62.4196)
                                                                                    (28.561, 46.189, 54.798)

              7           B 75           B 92             18        714.432         (28.561, 46.189, 54.798)         (2.39168, 47.4046, 69.4574)
                                                                                    (35.167, 35.808, 64.651)

              8           B 92          B 113             22        844.039         (35.167, 35.808, 64.651)
                                                                                    (32.096, 42.928, 35.133)

              9          B 113          B 125             13        490.946         (32.096, 42.928, 35.133)         (22.4372, 42.8312, 52.769)
                                                                                    (28.294, 22.839, 65.54)

             10          B 125          B 141             17        618.957         (28.294, 22.839, 65.54)
                                                                                    (19.007, 47.804, 24.851)

             11          B 141          B 143              3        98.4392         (19.007, 47.804, 24.851)
                                                                                    (16.584, 44.559, 21.351)

             12          B 143          B 161             19        690.132         (16.584, 44.559, 21.351)         (20.5883, 26.5058, 51.6713)
                                                                                    (42.429, 18.792, 63.72)

             13          B 161          B 163              3        98.4392         (42.429, 18.792, 63.72)
                                                                                    (44.191, 20.58, 58.635)

             14          B 163          B 183             21        781.123         (44.191, 20.58, 58.635)         (11.6791, 30.1238, 42.9325)
                                                                                    (14.513, 38.133, 11.549)

             15          B 183          B 191              9        331.921         (14.513, 38.133, 11.549)
                                                                                    (14.757, 28.864, 33.569)

             16          B 191          B 205             15        550.634         (14.757, 28.864, 33.569)         (32.2084, 7.63193, 49.9569)
                                                                                    (47.933, 29.308, 55.823)

             17          B 205          B 214             10        390.603         (47.933, 29.308, 55.823)
                                                                                    (36.204, 30.531, 46.185)

             18          B 214          B 243             30        1130.55         (36.204, 30.531, 46.185)         (26.8717, 24.1651, 27.6006)
                                                                                    (9.23, 20.803, 14.9)

             19          B 243          B 251              9        347.348         (9.23, 20.803, 14.9)         (16.8772, 26.2423, 0.842654)
                                                                                    (10.325, 9.213, 2.161)

