Using structure file: /home/pkas7/Research/SCOP/pdbstyle-1.75B/aa/d3aa0a_.ent
Number of residues: 270
Doing a BEZIER segmentation ...

Bounding box volume: 166376
Null Model Fit: 12707.9 bits.
Bits per residue: 47.2414

Bezier model fit: 10947.3 bits.
Bits per residue: 40.6964

# of segments: 18
Internal segmentation:
0-->5-->34-->54-->62-->77-->84-->96-->107-->130-->143-->159-->160-->176-->194-->213-->241-->260-->269

CPU time used: 16.46 secs.
Wall clock time elapsed: 16 secs.

        SEGMENT          START            END   NUM_RESIDUES MESSAGE_LENGTH                    END_POINTS        INTERMEDIATE_CONTROL_POINTS
              1            A 7           A 12              6        229.747         (15.211, 3.943, 40.878)
                                                                                    (18.251, -5.104, 36.973)

              2           A 12           A 41             30           1168         (18.251, -5.104, 36.973)         (14.6006, -18.0108, 3.24518)
                                                                                    (24.944, 3.738, 27.858)

              3           A 41           A 61             21        819.033         (24.944, 3.738, 27.858)         (32.3483, -15.7804, 34.6346)
                                                                                    (18.036, -20.076, 17.547)

              4           A 61           A 69              9        337.443         (18.036, -20.076, 17.547)
                                                                                    (37.116, -28.22, 5.697)

              5           A 69           A 84             16        645.483         (37.116, -28.22, 5.697)         (11.3259, -30.0635, 17.8909)
                                                                                    (34.214, -22.966, 27.802)

              6           A 84           A 91              8        298.064         (34.214, -22.966, 27.802)
                                                                                    (28.764, -35.79, 12.562)

              7           A 91          A 103             13        519.396         (28.764, -35.79, 12.562)         (39.5078, -20.5269, 24.4369)
                                                                                    (29.334, -16.258, 14.655)

              8          A 103          A 114             12        447.466         (29.334, -16.258, 14.655)         (48.7866, -29.7998, 14.0655)
                                                                                    (29.658, -41.599, 24.011)

              9          A 114          A 137             24        932.992         (29.658, -41.599, 24.011)         (18.0912, -48.3677, 5.75361)
                                                                                    (15.165, -24.769, 0.671)

             10          A 137          A 150             14        537.009         (15.165, -24.769, 0.671)         (27.4986, -34.9693, 19.2711)
                                                                                    (20.082, -44.139, 31.822)

             11          A 150          A 166             17          616.8         (20.082, -44.139, 31.822)         (15.6207, -32.6538, 7.45953)
                                                                                    (16.075, -4.988, 2.854)

             12          A 166          A 167              2        50.2785         (16.075, -4.988, 2.854)
                                                                                    (12.435, -6.064, 2.297)

             13          A 167          A 183             17        628.985         (12.435, -6.064, 2.297)         (12.9715, -26.6629, 20.1063)
                                                                                    (13.916, -51.347, 22.139)

             14          A 183          A 201             19        698.956         (13.916, -51.347, 22.139)
                                                                                    (6.115, 0.656, 8.719)

             15          A 201          A 220             20        750.406         (6.115, 0.656, 8.719)         (-4.75121, -33.0498, 27.2451)
                                                                                    (17.63, -52.384, 13.395)

             16          A 220          A 248             29        1082.56         (17.63, -52.384, 13.395)
                                                                                    (-7.625, -19.149, 5.797)

             17          A 248          A 267             20        793.477         (-7.625, -19.149, 5.797)         (-16.0111, -8.25411, 17.3597)
                                                                                    (-20.389, 2.909, -0.09)

             18          A 267          A 276             10        391.233         (-20.389, 2.909, -0.09)
                                                                                    (-27.102, 15.623, 11.436)

