Using structure file: /home/pkas7/Research/SCOP/pdbstyle-1.75B/ag/d3ag3a_.ent
Number of residues: 513
Doing a BEZIER segmentation ...

Bounding box volume: 226922
Null Model Fit: 24416.9 bits.
Bits per residue: 47.6892

Bezier model fit: 20710.9 bits.
Bits per residue: 40.4509

# of segments: 26
Internal segmentation:
0-->10-->39-->50-->79-->94-->117-->137-->165-->182-->211-->212-->233-->261-->290-->298-->327-->333-->359-->368-->396-->404-->433-->444-->471-->488-->512

CPU time used: 31.39 secs.
Wall clock time elapsed: 31 secs.

        SEGMENT          START            END   NUM_RESIDUES MESSAGE_LENGTH                    END_POINTS        INTERMEDIATE_CONTROL_POINTS
              1            A 2           A 12             11        434.698         (51.095, 333.402, 221.736)
                                                                                    (61.262, 320.829, 218.855)

              2           A 12           A 41             30        1124.98         (61.262, 320.829, 218.855)         (43.7909, 323.666, 203.872)
                                                                                    (40.835, 313.31, 182.18)

              3           A 41           A 52             12        487.599         (40.835, 313.31, 182.18)         (30.0307, 318.335, 175.18)
                                                                                    (48.458, 325.571, 179.559)

              4           A 52           A 81             30         1134.7         (48.458, 325.571, 179.559)         (56.5323, 315.413, 198.405)
                                                                                    (58.673, 315.589, 217.397)

              5           A 81           A 96             16        637.136         (58.673, 315.589, 217.397)         (71.7873, 305.051, 228.083)
                                                                                    (66.517, 328.516, 216.855)

              6           A 96          A 119             24        906.578         (66.517, 328.516, 216.855)         (54.1937, 326.135, 202.418)
                                                                                    (51.04, 335.448, 183.582)

              7          A 119          A 139             21        848.633         (51.04, 335.448, 183.582)         (67.608, 309.614, 182.133)
                                                                                    (58.448, 334.313, 179.132)

              8          A 139          A 167             29        1108.14         (58.448, 334.313, 179.132)         (64.4213, 326.462, 201.733)
                                                                                    (71.524, 316.332, 216.787)

              9          A 167          A 184             18        722.727         (71.524, 316.332, 216.787)         (83.1067, 300.75, 230.555)
                                                                                    (63.342, 305.87, 212.812)

             10          A 184          A 213             30        1122.32         (63.342, 305.87, 212.812)         (79.2825, 317.968, 197.742)
                                                                                    (66.401, 333.284, 181.732)

             11          A 213          A 214              2        50.7263         (66.401, 333.284, 181.732)
                                                                                    (67.547, 336.722, 183.122)

             12          A 214          A 235             22         885.23         (67.547, 336.722, 183.122)         (80.1119, 321.306, 164.425)
                                                                                    (68.155, 317.94, 188.082)

             13          A 235          A 263             29        1098.64         (68.155, 317.94, 188.082)
                                                                                    (53.835, 293.234, 220.273)

             14          A 263          A 292             30         1173.8         (53.835, 293.234, 220.273)         (84.7262, 299.912, 206.776)
                                                                                    (67.039, 309.84, 180.763)

             15          A 292          A 300              9        360.069         (67.039, 309.84, 180.763)         (67.6051, 311.524, 169.44)
                                                                                    (77.227, 301.023, 177.608)

             16          A 300          A 329             30        1128.26         (77.227, 301.023, 177.608)         (66.775, 299.531, 197.827)
                                                                                    (55.208, 285.117, 215.846)

             17          A 329          A 335              7        267.897         (55.208, 285.117, 215.846)
                                                                                    (44.837, 298.77, 215.1)

             18          A 335          A 361             27         1007.4         (44.837, 298.77, 215.1)         (52.9614, 296.239, 198.123)
                                                                                    (66.279, 300.593, 179.552)

             19          A 361          A 370             10        389.734         (66.279, 300.593, 179.552)
                                                                                    (53.739, 307.061, 179.638)

             20          A 370          A 398             29        1090.62         (53.739, 307.061, 179.638)         (54.9045, 302.856, 200.222)
                                                                                    (47.589, 310.426, 221.119)

             21          A 398          A 406              9        357.211         (47.589, 310.426, 221.119)
                                                                                    (37.948, 306.695, 217.339)

             22          A 406          A 435             30        1132.56         (37.948, 306.695, 217.339)         (39.803, 299.316, 195.565)
                                                                                    (51.034, 303.7, 175.091)

             23          A 435          A 446             12        473.607         (51.034, 303.7, 175.091)         (48.5247, 325.766, 182.565)
                                                                                    (40.702, 303.841, 172.888)

             24          A 446          A 473             28        1058.07         (40.702, 303.841, 172.888)         (37.1928, 307.917, 197.109)
                                                                                    (37.784, 317.036, 214.644)

             25          A 473          A 490             18        713.634         (37.784, 317.036, 214.644)         (36.4538, 309.82, 234.641)
                                                                                    (61.039, 299.863, 223.963)

             26          A 490          A 514             25        995.905         (61.039, 299.863, 223.963)         (46.4164, 335.15, 229.649)
                                                                                    (79.122, 298.145, 232.079)

