Using structure file: /home/pkas7/Research/SCOP/pdbstyle-1.75B/ak/d3akea_.ent
Number of residues: 206
Doing a BEZIER segmentation ...

Bounding box volume: 57994.9
Null Model Fit: 9372.8 bits.
Bits per residue: 45.721

Bezier model fit: 8465.92 bits.
Bits per residue: 41.2972

# of segments: 14
Internal segmentation:
0-->1-->10-->26-->45-->62-->71-->79-->80-->102-->125-->146-->161-->181-->205

CPU time used: 12.37 secs.
Wall clock time elapsed: 12 secs.

        SEGMENT          START            END   NUM_RESIDUES MESSAGE_LENGTH                    END_POINTS        INTERMEDIATE_CONTROL_POINTS
              1            A 1            A 2              2        48.7581         (47.718, 5.789, -16.73)
                                                                                    (49.86, 3.246, -14.871)

              2            A 2           A 11             10        375.298         (49.86, 3.246, -14.871)         (46.09, 15.9925, -5.12753)
                                                                                    (32.873, 17.158, 1.733)

              3           A 11           A 27             17        652.669         (32.873, 17.158, 1.733)
                                                                                    (39.968, 1.655, -17.049)

              4           A 27           A 46             20        773.618         (39.968, 1.655, -17.049)         (37.7617, 10.1072, 12.9275)
                                                                                    (26.926, -0.4, 16.159)

              5           A 46           A 63             18        707.732         (26.926, -0.4, 16.159)         (45.7503, 9.38215, 27.0351)
                                                                                    (39.127, -8.288, 13.797)

              6           A 63           A 72             10        366.796         (39.127, -8.288, 13.797)
                                                                                    (33.641, 0.48, -11.22)

              7           A 72           A 80              9        336.276         (33.641, 0.48, -11.22)
                                                                                    (33.002, -10.045, 8.35)

              8           A 80           A 81              2        48.7581         (33.002, -10.045, 8.35)
                                                                                    (31.683, -10.652, 4.851)

              9           A 81          A 103             23        892.817         (31.683, -10.652, 4.851)         (15.0168, 20.2853, 6.25372)
                                                                                    (42.142, 9.416, 15.765)

             10          A 103          A 126             24        945.515         (42.142, 9.416, 15.765)         (51.8199, -11.8984, -10.9164)
                                                                                    (40.949, 14.818, 1.852)

             11          A 126          A 147             22        878.599         (40.949, 14.818, 1.852)         (66.101, 5.56259, -12.6172)
                                                                                    (26.677, 26.606, -0.214)

             12          A 147          A 162             16        622.172         (26.677, 26.606, -0.214)         (20.0825, 5.05377, -2.73295)
                                                                                    (19.154, 25.016, 5.184)

             13          A 162          A 184             21        825.917         (19.154, 25.016, 5.184)         (33.337, 21.5012, 21.865)
                                                                                    (51.591, 20.16, -7.15)

             14          A 184          A 208             25        990.999         (51.591, 20.16, -7.15)         (15.4906, 23.3587, -13.7117)
                                                                                    (48.698, 14.463, -21.864)

