Using structure file: /home/pkas7/Research/SCOP/pdbstyle-1.75B/ak/d3ak8i_.ent
Number of residues: 155
Doing a BEZIER segmentation ...

Bounding box volume: 44093.7
Null Model Fit: 6980.15 bits.
Bits per residue: 45.3256

Bezier model fit: 6128.38 bits.
Bits per residue: 39.7946

# of segments: 10
Internal segmentation:
0-->11-->39-->45-->74-->82-->99-->100-->127-->128-->154

CPU time used: 8.68 secs.
Wall clock time elapsed: 8 secs.

        SEGMENT          START            END   NUM_RESIDUES MESSAGE_LENGTH                    END_POINTS        INTERMEDIATE_CONTROL_POINTS
              1           I 13           I 24             12        463.258         (23.587, -28.422, -10.067)         (22.0428, -34.3796, 14.8035)
                                                                                    (12.847, -30.076, -7.202)

              2           I 24           I 52             29        1084.22         (12.847, -30.076, -7.202)         (16.2009, -8.6658, -6.84854)
                                                                                    (23.552, 11.282, -2.62)

              3           I 52           I 58              7        263.548         (23.552, 11.282, -2.62)         (16.9399, 22.2778, -7.24616)
                                                                                    (12.945, 18.204, 3.053)

              4           I 58           I 87             30        1118.35         (12.945, 18.204, 3.053)         (22.3016, -2.714, 6.40165)
                                                                                    (19.28, -25.283, -0.123)

              5           I 87           I 95              9        333.454         (19.28, -25.283, -0.123)
                                                                                    (27.392, -6.606, -11.167)

              6           I 95          I 112             18        707.821         (27.392, -6.606, -11.167)         (12.0797, -11.038, -20.3781)
                                                                                    (18.332, 16.706, -8.488)

              7          I 112          I 113              2        48.3627         (18.332, 16.706, -8.488)
                                                                                    (15.118, 17.84, -6.81)

              8          I 113          I 140             28        1054.65         (15.118, 17.84, -6.81)         (5.00223, 0.398245, -8.53739)
                                                                                    (5.94, -23.387, -1.229)

              9          I 140          I 141              2        48.3627         (5.94, -23.387, -1.229)
                                                                                    (8.946, -23.634, 1.081)

             10          I 141          I 167             27        1006.34         (8.946, -23.634, 1.081)         (10.3671, -5.61602, 8.04021)
                                                                                    (3.627, 16.724, -2.3)

