Using structure file: /home/pkas7/Research/SCOP/pdbstyle-1.75B/al/d3alua_.ent
Number of residues: 157
Doing a BEZIER segmentation ...

Bounding box volume: 68832.3
Null Model Fit: 7171.03 bits.
Bits per residue: 45.9681

Bezier model fit: 6497.87 bits.
Bits per residue: 41.653

# of segments: 14
Internal segmentation:
0-->7-->13-->24-->41-->56-->71-->77-->91-->100-->117-->127-->132-->142-->156

CPU time used: 9.14 secs.
Wall clock time elapsed: 9 secs.

        SEGMENT          START            END   NUM_RESIDUES MESSAGE_LENGTH                    END_POINTS        INTERMEDIATE_CONTROL_POINTS
              1            A 1            A 8              8        306.476         (-17.871, 18.526, -23.087)
                                                                                    (-28.191, 8.005, -35.309)

              2            A 8           A 14              7        259.852         (-28.191, 8.005, -35.309)
                                                                                    (-16.214, 17.787, -31.918)

              3           A 14           A 25             12        458.055         (-16.214, 17.787, -31.918)         (-29.4519, -2.42705, -41.9046)
                                                                                    (-19.026, 4.624, -55.769)

              4           A 25           A 42             18        693.952         (-19.026, 4.624, -55.769)
                                                                                    (-32.868, 32.474, -41.232)

              5           A 42           A 57             16        621.258         (-32.868, 32.474, -41.232)         (-19.6985, 15.1492, -54.1926)
                                                                                    (-4.118, 8.641, -34.747)

              6           A 57           A 72             16        606.738         (-4.118, 8.641, -34.747)
                                                                                    (-18.33, -7.484, -36.95)

              7           A 72           A 78              7        263.086         (-18.33, -7.484, -36.95)
                                                                                    (-8.194, -9.518, -46.194)

              8           A 78           A 92             15        576.289         (-8.194, -9.518, -46.194)         (-22.7783, 13.1153, -45.0664)
                                                                                    (0.86, 12.12, -58.079)

              9           A 92          A 101             10        381.385         (0.86, 12.12, -58.079)
                                                                                    (-11, 20.901, -47.865)

             10          A 101          A 118             18        709.785         (-11, 20.901, -47.865)         (6.98777, -5.07372, -34.6401)
                                                                                    (-3.244, 8.713, -60.417)

             11          A 118          A 128             11        411.153         (-3.244, 8.713, -60.417)         (-16.1389, 7.54857, -45.7439)
                                                                                    (-7.529, -8.08, -40.588)

             12          A 128          A 133              6        224.354         (-7.529, -8.08, -40.588)
                                                                                    (-5.563, 1.641, -42.032)

             13          A 133          A 143             11        425.525         (-5.563, 1.641, -42.032)         (-9.89342, 5.20833, -67.6407)
                                                                                    (-18.426, 0.537, -50.904)

             14          A 143          A 157             15        559.966         (-18.426, 0.537, -50.904)         (-23.6422, 18.6697, -36.8388)
                                                                                    (-11.93, 36.813, -31.493)

