Using structure file: /home/pkas7/Research/SCOP/pdbstyle-1.75B/b4/d3b4ua_.ent
Number of residues: 287
Doing a BEZIER segmentation ...

Bounding box volume: 81416.4
Null Model Fit: 13216.2 bits.
Bits per residue: 46.2104

Bezier model fit: 11835.9 bits.
Bits per residue: 41.3843

# of segments: 18
Internal segmentation:
0-->14-->42-->50-->65-->79-->107-->111-->126-->138-->148-->169-->184-->201-->223-->241-->265-->271-->286

CPU time used: 17.83 secs.
Wall clock time elapsed: 17 secs.

        SEGMENT          START            END   NUM_RESIDUES MESSAGE_LENGTH                    END_POINTS        INTERMEDIATE_CONTROL_POINTS
              1            A 4           A 18             15        569.567         (24.065, 47.111, 50.99)
                                                                                    (27.724, 82.792, 68.259)

              2           A 18           A 46             29        1168.57         (27.724, 82.792, 68.259)         (5.57586, 56.3282, 39.6412)
                                                                                    (35.006, 63.361, 61.831)

              3           A 46           A 54              9        339.064         (35.006, 63.361, 61.831)
                                                                                    (28.892, 68.213, 73.223)

              4           A 54           A 69             16        601.973         (28.892, 68.213, 73.223)
                                                                                    (10.824, 63.587, 60.094)

              5           A 69           A 83             15        593.858         (10.824, 63.587, 60.094)         (25.5805, 54.9195, 55.3052)
                                                                                    (35.393, 55.566, 78.086)

              6           A 83          A 111             29        1136.84         (35.393, 55.566, 78.086)         (0.71028, 52.4318, 60.5621)
                                                                                    (48.507, 55.918, 72.476)

              7          A 111          A 115              5         182.31         (48.507, 55.918, 72.476)
                                                                                    (44.88, 44.698, 69.855)

              8          A 115          A 130             16        603.122         (44.88, 44.698, 69.855)
                                                                                    (23.452, 44.805, 76.49)

              9          A 130          A 142             13        494.675         (23.452, 44.805, 76.49)         (21.4077, 46.5094, 59.5607)
                                                                                    (44.459, 56.139, 62.311)

             10          A 142          A 152             11        430.941         (44.459, 56.139, 62.311)
                                                                                    (43.135, 40.431, 62.955)

             11          A 152          A 173             22        860.149         (43.135, 40.431, 62.955)         (15.4609, 35.3042, 72.5814)
                                                                                    (43.927, 55.071, 52.757)

             12          A 173          A 188             16        631.252         (43.927, 55.071, 52.757)         (45.7048, 36.1662, 50.2479)
                                                                                    (30.688, 42.589, 56.795)

             13          A 188          A 205             18        713.333         (30.688, 42.589, 56.795)         (45.1085, 66.9823, 41.8931)
                                                                                    (32.78, 43.662, 47.501)

             14          A 205          A 227             23        913.881         (32.78, 43.662, 47.501)         (28.5797, 80.8346, 52.876)
                                                                                    (28.1, 51.737, 41.105)

             15          A 227          A 245             19        740.951         (28.1, 51.737, 41.105)         (47.8382, 67.6646, 36.3188)
                                                                                    (42.853, 70.71, 57.196)

             16          A 245          A 269             25        979.279         (42.853, 70.71, 57.196)         (14.4132, 81.1812, 37.8438)
                                                                                    (40.243, 73.88, 67.819)

             17          A 269          A 275              7        261.696         (40.243, 73.88, 67.819)
                                                                                    (40.14, 83.909, 52.107)

             18          A 275          A 290             16        614.453         (40.14, 83.909, 52.107)
                                                                                    (32.517, 73.312, 36.603)

