Using structure file: /home/pkas7/Research/SCOP/pdbstyle-1.75B/b5/d3b5ha1.ent
Number of residues: 101
Doing a BEZIER segmentation ...

Bounding box volume: 23234.9
Null Model Fit: 4440.14 bits.
Bits per residue: 44.4014

Bezier model fit: 4073.34 bits.
Bits per residue: 40.7334

# of segments: 9
Internal segmentation:
0-->15-->28-->41-->51-->52-->62-->78-->88-->100

CPU time used: 5.35 secs.
Wall clock time elapsed: 5 secs.

        SEGMENT          START            END   NUM_RESIDUES MESSAGE_LENGTH                    END_POINTS        INTERMEDIATE_CONTROL_POINTS
              1          A 103          A 118             16        626.476         (5.86, -36.886, -30.275)         (-16.18, -40.4575, -41.4791)
                                                                                    (-32.799, -27.713, -37.186)

              2          A 118          A 131             14        519.552         (-32.799, -27.713, -37.186)
                                                                                    (1.93, -38.795, -25.754)

              3          A 131          A 144             14        534.732         (1.93, -38.795, -25.754)         (-14.1662, -23.5263, -20.9363)
                                                                                    (-12.757, -18.172, -44.455)

              4          A 144          A 154             11        416.128         (-12.757, -18.172, -44.455)
                                                                                    (-21.798, -18.179, -25.945)

              5          A 154          A 155              2        47.4384         (-21.798, -18.179, -25.945)
                                                                                    (-25.294, -16.989, -26.889)

              6          A 155          A 165             11        407.257         (-25.294, -16.989, -26.889)
                                                                                    (-7.486, -36.38, -25.705)

              7          A 165          A 181             17        660.446         (-7.486, -36.38, -25.705)         (-42.0971, -18.0841, -32.1054)
                                                                                    (-20.373, -24.491, -42.083)

              8          A 181          A 191             11        401.091         (-20.373, -24.491, -42.083)         (-7.33852, -28.4898, -27.469)
                                                                                    (5.363, -31.035, -28.155)

              9          A 191          A 203             13        460.218         (5.363, -31.035, -28.155)         (-10.9436, -29.5266, -42.0584)
                                                                                    (-32.113, -29.727, -42.516)

