Using structure file: /home/pkas7/Research/SCOP/pdbstyle-1.75B/be/d3beca1.ent
Number of residues: 93
Doing a BEZIER segmentation ...

Bounding box volume: 18756.6
Null Model Fit: 4056.51 bits.
Bits per residue: 44.0925

Bezier model fit: 3809.68 bits.
Bits per residue: 41.4095

# of segments: 10
Internal segmentation:
0-->9-->19-->21-->23-->41-->54-->63-->75-->85-->92

CPU time used: 4.85 secs.
Wall clock time elapsed: 4 secs.

        SEGMENT          START            END   NUM_RESIDUES MESSAGE_LENGTH                    END_POINTS        INTERMEDIATE_CONTROL_POINTS
              1          A 263          A 272             10        377.197         (44.5, -17.065, 6.356)
                                                                                    (46.419, -1.411, -15.423)

              2          A 272          A 282             11        409.887         (46.419, -1.411, -15.423)         (40.2269, -18.5577, -22.2447)
                                                                                    (33.575, 1.38, -34.145)

              3          A 282          A 284              3         92.222         (33.575, 1.38, -34.145)
                                                                                    (40.342, 3.461, -33.253)

              4          A 284          A 286              3         92.222         (40.342, 3.461, -33.253)
                                                                                    (40.091, -3.486, -32.738)

              5          A 286          A 304             19        740.106         (40.091, -3.486, -32.738)         (41.5944, 0.474607, 5.2978)
                                                                                    (45.262, -22.37, -1.174)

              6          A 304          A 317             14        521.981         (45.262, -22.37, -1.174)
                                                                                    (26.937, -8.767, -25.885)

              7          A 317          A 326             10         376.57         (26.937, -8.767, -25.885)         (35.3137, 8.834, -33.4949)
                                                                                    (37.778, 2.596, -16.269)

              8          A 326          A 338             13        491.571         (37.778, 2.596, -16.269)
                                                                                    (34.189, -24.277, -7.84)

              9          A 338          A 348             11        413.302         (34.189, -24.277, -7.84)         (32.3132, -8.23484, 0.031528)
                                                                                    (38.369, -0.843, -19.777)

             10          A 348          A 355              8        294.617         (38.369, -0.843, -19.777)
                                                                                    (37.718, 5.402, -35.143)

