Using structure file: /home/pkas7/Research/SCOP/pdbstyle-1.75B/bo/d3bora_.ent
Number of residues: 194
Doing a BEZIER segmentation ...

Bounding box volume: 50898.9
Null Model Fit: 8787.81 bits.
Bits per residue: 45.5327

Bezier model fit: 7994.09 bits.
Bits per residue: 41.4201

# of segments: 15
Internal segmentation:
0-->4-->20-->40-->50-->70-->80-->97-->107-->108-->126-->142-->162-->163-->175-->193

CPU time used: 11.56 secs.
Wall clock time elapsed: 11 secs.

        SEGMENT          START            END   NUM_RESIDUES MESSAGE_LENGTH                    END_POINTS        INTERMEDIATE_CONTROL_POINTS
              1           A 30           A 34              5        180.844         (43.974, 27.174, 16.878)
                                                                                    (48.287, 34.346, 25.815)

              2           A 34           A 50             17        670.114         (48.287, 34.346, 25.815)         (30.4976, 31.4933, 35.2241)
                                                                                    (50.208, 34.07, 41.258)

              3           A 50           A 70             21        827.377         (50.208, 34.07, 41.258)         (57.0035, 25.8876, 15.4296)
                                                                                    (35.084, 19.396, 26.773)

              4           A 70           A 80             11        413.026         (35.084, 19.396, 26.773)         (51.3025, 8.56303, 17.5598)
                                                                                    (56.977, 19.103, 33.512)

              5           A 80          A 100             21        820.743         (56.977, 19.103, 33.512)         (38.585, 27.6801, 28.058)
                                                                                    (30.874, 19.487, 46.753)

              6          A 100          A 110             11        419.405         (30.874, 19.487, 46.753)         (38.35, 11.4068, 31.2414)
                                                                                    (53.296, 6.818, 41.112)

              7          A 110          A 127             18        677.341         (53.296, 6.818, 41.112)
                                                                                    (41.894, 31.7, 44.69)

              8          A 127          A 137             11        415.085         (41.894, 31.7, 44.69)
                                                                                    (47.415, 4.872, 50.379)

              9          A 137          A 151              2        48.5698         (47.415, 4.872, 50.379)
                                                                                    (33.071, 16.524, 52.243)

             10          A 151          A 169             19          752.8         (33.071, 16.524, 52.243)         (54.3657, 4.33453, 31.7206)
                                                                                    (35.019, 0.533, 48.81)

             11          A 169          A 185             17        664.198         (35.019, 0.533, 48.81)         (25.338, 21.5917, 35.3008)
                                                                                    (49.891, 6.821, 30.192)

             12          A 185          A 205             21          804.8         (49.891, 6.821, 30.192)         (52.4781, -10.7203, 36.8519)
                                                                                    (29.649, 7.473, 33.197)

             13          A 205          A 206              2        48.5698         (29.649, 7.473, 33.197)
                                                                                    (29.389, 7.053, 29.408)

             14          A 206          A 218             13        506.046         (29.389, 7.053, 29.408)         (50.3973, 21.4018, 30.5324)
                                                                                    (53.321, 3.103, 21.936)

             15          A 218          A 236             19        745.168         (53.321, 3.103, 21.936)         (25.3709, 2.9141, 24.3473)
                                                                                    (51.578, 15.309, 19.04)

