Using structure file: /home/pkas7/Research/SCOP/pdbstyle-1.75B/bs/d3bs5b_.ent
Number of residues: 75
Doing a BEZIER segmentation ...

Bounding box volume: 13045.4
Null Model Fit: 3224.08 bits.
Bits per residue: 43.5686

Bezier model fit: 3032.81 bits.
Bits per residue: 40.9839

# of segments: 7
Internal segmentation:
0-->1-->6-->30-->43-->53-->73-->74

CPU time used: 3.6 secs.
Wall clock time elapsed: 3 secs.

        SEGMENT          START            END   NUM_RESIDUES MESSAGE_LENGTH                    END_POINTS        INTERMEDIATE_CONTROL_POINTS
              1          B 111          B 112              2        46.6057         (-22.523, -8.995, 19.42)
                                                                                    (-18.801, -9.837, 19.858)

              2          B 112          B 117              6         218.44         (-18.801, -9.837, 19.858)
                                                                                    (-20.687, -13.076, 9.784)

              3          B 117          B 141             25        968.288         (-20.687, -13.076, 9.784)         (-9.82076, 16.1573, 2.04233)
                                                                                    (-15.138, -13.458, -2.224)

              4          B 141          B 154             14        537.271         (-15.138, -13.458, -2.224)         (-17.5515, -14.9093, 22.4786)
                                                                                    (-0.094, -8.418, 6.884)

              5          B 154          B 164             11        427.661         (-0.094, -8.418, 6.884)         (-8.69785, -16.4259, -2.43993)
                                                                                    (0.142, -1.167, -0.825)

              6          B 164          B 184             21        787.939         (0.142, -1.167, -0.825)
                                                                                    (-13.595, -3.152, 26.144)

              7          B 184          B 185              2        46.6057         (-13.595, -3.152, 26.144)
                                                                                    (-9.959, -2.235, 26.756)

