Using structure file: /home/pkas7/Research/SCOP/pdbstyle-1.75B/bu/d3buxb2.ent
Number of residues: 130
Doing a BEZIER segmentation ...

Bounding box volume: 49783.7
Null Model Fit: 5869.6 bits.
Bits per residue: 45.5007

Bezier model fit: 5220.41 bits.
Bits per residue: 40.4683

# of segments: 9
Internal segmentation:
0-->4-->25-->30-->55-->64-->89-->98-->122-->129

CPU time used: 7.11 secs.
Wall clock time elapsed: 7 secs.

        SEGMENT          START            END   NUM_RESIDUES MESSAGE_LENGTH                    END_POINTS        INTERMEDIATE_CONTROL_POINTS
              1           B 48           B 52              5        182.745         (6.417, -14.74, -1.043)
                                                                                    (-1.705, -23.858, -0.178)

              2           B 52           B 73             22        821.655         (-1.705, -23.858, -0.178)
                                                                                    (0.166, -19.428, 34.669)

              3           B 73           B 78              6         222.36         (0.166, -19.428, 34.669)
                                                                                    (-3.982, -9.995, 31.667)

              4           B 78          B 103             26        992.435         (-3.982, -9.995, 31.667)
                                                                                    (-13.738, -23.669, -1.356)

              5          B 103          B 112             10        385.705         (-13.738, -23.669, -1.356)
                                                                                    (-3.118, -13.644, -4.113)

              6          B 112          B 137             26         972.88         (-3.118, -13.644, -4.113)
                                                                                    (13.4, -19.301, 29.458)

              7          B 137          B 146             10        391.382         (13.4, -19.301, 29.458)         (4.98843, -9.76789, 39.4079)
                                                                                    (13.452, -7.665, 27.632)

              8          B 146          B 170             25        940.774         (13.452, -7.665, 27.632)
                                                                                    (-14.013, -8.6, 5.019)

              9          B 170          B 177              8        310.471         (-14.013, -8.6, 5.019)
                                                                                    (-8.52, -4.027, -4.931)

