Using structure file: /home/pkas7/Research/SCOP/pdbstyle-1.75B/c8/d3c8ya2.ent
Number of residues: 126
Doing a BEZIER segmentation ...

Bounding box volume: 42460.3
Null Model Fit: 5658.9 bits.
Bits per residue: 45.2712

Bezier model fit: 5222.5 bits.
Bits per residue: 41.78

# of segments: 11
Internal segmentation:
0-->6-->17-->26-->36-->42-->54-->67-->75-->92-->106-->125

CPU time used: 7.07 secs.
Wall clock time elapsed: 7 secs.

        SEGMENT          START            END   NUM_RESIDUES MESSAGE_LENGTH                    END_POINTS        INTERMEDIATE_CONTROL_POINTS
              1            A 1            A 7              7         259.61         (38.94, 43.977, -11.724)
                                                                                    (27.363, 55.379, -2.482)

              2            A 7           A 18             12        459.347         (27.363, 55.379, -2.482)         (47.3948, 43.2685, -11.4008)
                                                                                    (25.851, 39.443, -4.502)

              3           A 18           A 27             10        381.668         (25.851, 39.443, -4.502)
                                                                                    (31.229, 47.634, 5.898)

              4           A 27           A 37             11        418.944         (31.229, 47.634, 5.898)         (8.75621, 47.1734, 4.2476)
                                                                                    (20.808, 29.984, 4.971)

              5           A 37           A 43              7        261.386         (20.808, 29.984, 4.971)
                                                                                    (7.928, 33.447, -3.599)

              6           A 43           A 55             13        492.014         (7.928, 33.447, -3.599)         (17.6705, 49.3265, 9.126)
                                                                                    (20.403, 52.251, -15.263)

              7           A 55           A 68             14        550.679         (20.403, 52.251, -15.263)         (11.7241, 34.1188, 6.0333)
                                                                                    (31.298, 45.706, -13.891)

              8           A 68           A 76              9        338.813         (31.298, 45.706, -13.891)
                                                                                    (18.375, 56.958, -1.575)

              9           A 76           A 93             18        673.876         (18.375, 56.958, -1.575)
                                                                                    (-0.159, 41.915, 10.006)

             10           A 93          A 107             15        601.966         (-0.159, 41.915, 10.006)         (8.4928, 42.0645, 35.858)
                                                                                    (14.083, 40.792, 17.639)

             11          A 107          A 126             20        784.201         (14.083, 40.792, 17.639)         (14.3848, 63.8916, 3.46637)
                                                                                    (-6.328, 40.938, 17.193)

