Using structure file: /home/pkas7/Research/SCOP/pdbstyle-1.75B/c9/d3c9fa2.ent
Number of residues: 322
Doing a BEZIER segmentation ...

Bounding box volume: 108361
Null Model Fit: 14965.9 bits.
Bits per residue: 46.6228

Bezier model fit: 13328.1 bits.
Bits per residue: 41.5207

# of segments: 24
Internal segmentation:
0-->10-->20-->28-->53-->69-->90-->103-->119-->132-->150-->159-->169-->177-->194-->205-->224-->233-->243-->255-->265-->285-->302-->320-->321

CPU time used: 20.28 secs.
Wall clock time elapsed: 20 secs.

        SEGMENT          START            END   NUM_RESIDUES MESSAGE_LENGTH                    END_POINTS        INTERMEDIATE_CONTROL_POINTS
              1           A 16           A 26             11        405.419         (53.105, -27.623, 14.698)         (59.7946, -28.9022, -0.347358)
                                                                                    (78.484, -20.954, 0.272)

              2           A 26           A 36             11        412.576         (78.484, -20.954, 0.272)
                                                                                    (57.796, -1.178, 11.698)

              3           A 36           A 44              9        348.461         (57.796, -1.178, 11.698)         (61.6731, -10.1669, 23.1557)
                                                                                    (46.141, -11.653, 16.917)

              4           A 44           A 69             26        1012.63         (46.141, -11.653, 16.917)         (71.9567, -13.2875, 22.1557)
                                                                                    (79.52, -26.226, 7.762)

              5           A 69           A 85             17         659.04         (79.52, -26.226, 7.762)         (71.1885, 3.37118, 1.39063)
                                                                                    (53.426, -0.33, 16.592)

              6           A 85          A 106             22        874.711         (53.426, -0.33, 16.592)         (59.1629, 14.4967, 26.6564)
                                                                                    (73.791, -8.633, 15.21)

              7          A 106          A 119             14        559.683         (73.791, -8.633, 15.21)         (66.033, 2.21015, -2.2333)
                                                                                    (60.503, 14.19, 10.487)

              8          A 119          A 135             17        653.141         (60.503, 14.19, 10.487)
                                                                                    (78.958, 2.415, 12.555)

              9          A 135          A 148             14        543.107         (78.958, 2.415, 12.555)         (69.2598, 1.17872, -9.75222)
                                                                                    (74.305, 21.035, 13.2)

             10          A 148          A 166             19        756.093         (74.305, 21.035, 13.2)         (78.0079, 11.2373, -4.61941)
                                                                                    (84.809, -17.993, 7.084)

             11          A 166          A 175             10        373.646         (84.809, -17.993, 7.084)         (88.9053, -10.2406, -5.85151)
                                                                                    (72.574, 1.08, -0.051)

             12          A 175          A 185             11        424.631         (72.574, 1.08, -0.051)         (53.1524, 8.23172, -6.52291)
                                                                                    (64.583, 19.262, 4.666)

             13          A 185          A 193              9        328.393         (64.583, 19.262, 4.666)
                                                                                    (69.533, 6.588, -11.158)

             14          A 193          A 210             18        700.977         (69.533, 6.588, -11.158)         (90.1062, 16.1669, -8.61952)
                                                                                    (83.643, -11.868, -5.506)

             15          A 210          A 221             12        458.855         (83.643, -11.868, -5.506)         (65.807, 4.57042, 5.27657)
                                                                                    (59.675, -5.788, -8.467)

             16          A 221          A 240             20        791.008         (59.675, -5.788, -8.467)         (72.1228, 8.36214, -15.6575)
                                                                                    (80.253, -11.801, -14.457)

             17          A 240          A 249             10        366.984         (80.253, -11.801, -14.457)         (73.1801, -11.304, -1.37406)
                                                                                    (59.103, -0.847, 1.065)

             18          A 249          A 259             11        426.164         (59.103, -0.847, 1.065)         (53.1632, -15.3748, 0.404006)
                                                                                    (69.947, -12.538, -14.783)

             19          A 259          A 271             13        499.446         (69.947, -12.538, -14.783)
                                                                                    (58.149, -9.236, 11.621)

             20          A 271          A 281             11        405.635         (58.149, -9.236, 11.621)
                                                                                    (79.908, -18.901, -5.371)

             21          A 281          A 301             21        836.105         (79.908, -18.901, -5.371)         (75.1002, -26.4149, -26.5636)
                                                                                    (58.235, -15.528, 12.305)

             22          A 301          A 318             18        726.714         (58.235, -15.528, 12.305)         (64.2955, -36.9035, 13.2471)
                                                                                    (69.77, -18.9, 24.264)

             23          A 318          A 336             19        715.065         (69.77, -18.9, 24.264)
                                                                                    (51.573, 0.518, 29.465)

             24          A 336          A 337              2        49.6599         (51.573, 0.518, 29.465)
                                                                                    (51.002, -0.947, 25.969)

