Using structure file: /home/pkas7/Research/SCOP/pdbstyle-1.75B/ct/d3ct6a1.ent
Number of residues: 123
Doing a BEZIER segmentation ...

Bounding box volume: 22242.8
Null Model Fit: 5409.28 bits.
Bits per residue: 44.3384

Bezier model fit: 5019.42 bits.
Bits per residue: 41.1428

# of segments: 11
Internal segmentation:
0-->9-->10-->25-->28-->36-->57-->67-->89-->90-->105-->122

CPU time used: 6.77 secs.
Wall clock time elapsed: 6 secs.

        SEGMENT          START            END   NUM_RESIDUES MESSAGE_LENGTH                    END_POINTS        INTERMEDIATE_CONTROL_POINTS
              1            A 1           A 10             10          355.5         (0.743, 1.464, 50.119)         (7.72925, 14.9783, 53.2777)
                                                                                    (13.398, 27.125, 43.228)

              2           A 10           A 11              2        47.3755         (13.398, 27.125, 43.228)
                                                                                    (15.743, 27.772, 46.164)

              3           A 11           A 26             16        606.984         (15.743, 27.772, 46.164)
                                                                                    (7.393, 14.836, 61.646)

              4           A 26           A 29              4        138.302         (7.393, 14.836, 61.646)
                                                                                    (7.917, 10.248, 57.691)

              5           A 29           A 37              9        323.096         (7.917, 10.248, 57.691)
                                                                                    (19.692, 23.761, 39.566)

              6           A 37           A 58             22         876.05         (19.692, 23.761, 39.566)
                                                                                    (7.877, 5.725, 49.603)

              7           A 58           A 68             11        409.178         (7.877, 5.725, 49.603)
                                                                                    (4.083, 27.933, 39.054)

              8           A 68           A 90             23        898.212         (4.083, 27.933, 39.054)         (12.6419, -5.74707, 29.5135)
                                                                                    (-1.333, 24.437, 47.529)

              9           A 90           A 91              2        47.3755         (-1.333, 24.437, 47.529)
                                                                                    (1.167, 26.726, 49.233)

             10           A 91          A 106             16        600.016         (1.167, 26.726, 49.233)
                                                                                    (-1.077, 8.236, 60.701)

             11          A 106          A 123             18        717.334         (-1.077, 8.236, 60.701)         (-16.0208, 17.25, 53.4684)
                                                                                    (0.019, 28.776, 41.258)

