Using structure file: /home/pkas7/Research/SCOP/pdbstyle-1.75B/d3/d3d37a1.ent
Number of residues: 166
Doing a BEZIER segmentation ...

Bounding box volume: 51349.4
Null Model Fit: 7514.99 bits.
Bits per residue: 45.5454

Bezier model fit: 6819.44 bits.
Bits per residue: 41.3299

# of segments: 13
Internal segmentation:
0-->10-->25-->27-->38-->39-->51-->69-->80-->99-->122-->133-->157-->165

CPU time used: 9.79 secs.
Wall clock time elapsed: 9 secs.

        SEGMENT          START            END   NUM_RESIDUES MESSAGE_LENGTH                    END_POINTS        INTERMEDIATE_CONTROL_POINTS
              1            A 6           A 16             11         419.83         (-9.099, 54.469, 109.185)         (-25.0867, 55.6328, 123.408)
                                                                                    (-13.922, 58.162, 131.979)

              2           A 16           A 31             16        604.219         (-13.922, 58.162, 131.979)         (-19.5532, 35.9677, 109.365)
                                                                                    (-35.7, 69.153, 116.805)

              3           A 31           A 33              3        95.1279         (-35.7, 69.153, 116.805)
                                                                                    (-38.834, 64.622, 118.991)

              4           A 33           A 44             12        444.524         (-38.834, 64.622, 118.991)
                                                                                    (-18.54, 38.938, 119.812)

              5           A 44           A 52              2        48.5825         (-18.54, 38.938, 119.812)
                                                                                    (-20.621, 45.41, 133.743)

              6           A 52           A 64             13         503.78         (-20.621, 45.41, 133.743)         (-33.4384, 61.6975, 136.692)
                                                                                    (-13.612, 61.033, 116.682)

              7           A 64           A 82             19        730.785         (-13.612, 61.033, 116.682)         (-38.2818, 67.2895, 138.162)
                                                                                    (-24.273, 28.843, 121.342)

              8           A 82           A 93             12        444.531         (-24.273, 28.843, 121.342)
                                                                                    (-30.323, 62.712, 126.117)

              9           A 93          A 112             20        788.726         (-30.323, 62.712, 126.117)         (-52.6781, 66.6483, 143.631)
                                                                                    (-37.744, 86.516, 129.741)

             10          A 112          A 135             24        945.524         (-37.744, 86.516, 129.741)         (-26.8358, 56.9062, 146.844)
                                                                                    (-32.065, 87.403, 118.3)

             11          A 135          A 146             12        452.838         (-32.065, 87.403, 118.3)         (-47.8138, 92.8353, 131.284)
                                                                                    (-51.909, 72.166, 133.51)

             12          A 146          A 170             25        995.677         (-51.909, 72.166, 133.51)         (-30.2808, 60.1829, 132.082)
                                                                                    (-24.605, 67.724, 122.055)         (-59.0706, 97.0796, 115.265)

             13          A 170          A 178              9        345.297         (-24.605, 67.724, 122.055)         (-29.3294, 74.3477, 134.257)
                                                                                    (-35.001, 78.539, 116.416)

