Using structure file: /home/pkas7/Research/SCOP/pdbstyle-1.75B/dv/d3dv3a_.ent
Number of residues: 288
Doing a BEZIER segmentation ...

Bounding box volume: 110335
Null Model Fit: 13388.2 bits.
Bits per residue: 46.6489

Bezier model fit: 11942.5 bits.
Bits per residue: 41.6116

# of segments: 22
Internal segmentation:
0-->5-->18-->28-->41-->63-->64-->76-->86-->101-->124-->140-->141-->161-->176-->195-->211-->212-->231-->255-->256-->285-->287

CPU time used: 17.85 secs.
Wall clock time elapsed: 17 secs.

        SEGMENT          START            END   NUM_RESIDUES MESSAGE_LENGTH                    END_POINTS        INTERMEDIATE_CONTROL_POINTS
              1           A 61           A 66              6        227.796         (36.58, -24.319, 19.73)
                                                                                    (37.65, -11.117, 23.043)

              2           A 66           A 79             14        542.989         (37.65, -11.117, 23.043)         (62.9237, -7.34519, 12.841)
                                                                                    (39.474, -3.786, 1.678)

              3           A 79           A 89             11        408.476         (39.474, -3.786, 1.678)         (54.3878, -10.037, 15.1088)
                                                                                    (42.636, -19.635, 24.867)

              4           A 89          A 102             14        529.416         (42.636, -19.635, 24.867)         (55.6804, -16.7998, 8.37946)
                                                                                    (28.921, -1.754, 5.17)

              5          A 102          A 124             23        899.142         (28.921, -1.754, 5.17)         (17.439, -22.35, 8.41289)
                                                                                    (49.598, -28.595, 1.746)

              6          A 124          A 125              2         49.686         (49.598, -28.595, 1.746)
                                                                                    (49.084, -25.968, -1.01)

              7          A 125          A 137             13        500.017         (49.084, -25.968, -1.01)         (35.3981, -22.0158, 17.7991)
                                                                                    (31.698, -3.747, 11.512)

              8          A 137          A 147             11        408.507         (31.698, -3.747, 11.512)         (39.799, -22.7966, 9.17109)
                                                                                    (56.231, -16.53, 8.679)

              9          A 147          A 162             16        650.848         (56.231, -16.53, 8.679)         (58.1814, -0.994974, -5.31592)
                                                                                    (65.677, -17.913, -9.313)

             10          A 162          A 185             24        904.048         (65.677, -17.913, -9.313)
                                                                                    (34.541, -26.915, -7.637)

             11          A 185          A 201             17        668.386         (34.541, -26.915, -7.637)         (49.9635, -0.535046, -9.83086)
                                                                                    (59.353, -24.941, 6.592)

             12          A 201          A 202              2         49.686         (59.353, -24.941, 6.592)
                                                                                    (59.519, -24.406, 2.812)

             13          A 202          A 225             21        835.866         (59.519, -24.406, 2.812)         (12.068, -16.3368, -1.46451)
                                                                                    (45, -0.351, -9.561)

             14          A 225          A 240             16        648.595         (45, -0.351, -9.561)
                                                                                    (35.783, -16.112, -17.997)

             15          A 240          A 259             20        768.979         (35.783, -16.112, -17.997)
                                                                                    (61.833, -8.533, -10.955)

             16          A 259          A 275             17        683.476         (61.833, -8.533, -10.955)         (57.3056, 2.54521, -29.9993)
                                                                                    (70.46, -9.144, -16.876)

             17          A 275          A 307              2         49.686         (70.46, -9.144, -16.876)
                                                                                    (54.211, 4.296, -14.648)

             18          A 307          A 326             20        796.343         (54.211, 4.296, -14.648)         (30.5029, -4.02751, -29.1292)
                                                                                    (63.843, -12.961, -21.845)

             19          A 326          A 350             25        992.009         (63.843, -12.961, -21.845)         (77.031, -36.2926, -14.8482)
                                                                                    (46.969, -24.605, -21.382)         (31.2114, -5.42906, -29.246)

             20          A 350          A 351              2         49.686         (46.969, -24.605, -21.382)
                                                                                    (44.791, -25.812, -18.464)

             21          A 351          A 380             30        1181.57         (44.791, -25.812, -18.464)         (68.9084, -40.209, -12.8441)
                                                                                    (66.638, -12.885, 6.971)

             22          A 380          A 382              3        97.3348         (66.638, -12.885, 6.971)
                                                                                    (67.494, -17.344, 10.832)

