Using structure file: /home/pkas7/Research/SCOP/pdbstyle-1.75B/ez/d3ezsa_.ent
Number of residues: 374
Doing a BEZIER segmentation ...

Bounding box volume: 140815
Null Model Fit: 17531.3 bits.
Bits per residue: 47.0008

Bezier model fit: 15439.9 bits.
Bits per residue: 41.3939

# of segments: 21
Internal segmentation:
0-->17-->28-->53-->76-->89-->105-->116-->138-->164-->171-->186-->201-->229-->248-->277-->300-->307-->317-->340-->356-->373

CPU time used: 23.53 secs.
Wall clock time elapsed: 23 secs.

        SEGMENT          START            END   NUM_RESIDUES MESSAGE_LENGTH                    END_POINTS        INTERMEDIATE_CONTROL_POINTS
              1            A 0           A 17             18        703.212         (51.472, 20.634, 48.504)         (33.3863, 37.3997, 33.6841)
                                                                                    (45.964, 49.63, 34.38)

              2           A 17           A 28             12        462.087         (45.964, 49.63, 34.38)         (23.9942, 62.8571, 30.3848)
                                                                                    (31.557, 39.435, 34.372)

              3           A 28           A 53             26        1018.97         (31.557, 39.435, 34.372)         (-3.09179, 39.6027, 57.2585)
                                                                                    (19.854, 22.387, 67.965)

              4           A 53           A 76             24        946.009         (19.854, 22.387, 67.965)
                                                                                    (8.597, 13.444, 36.431)

              5           A 76           A 89             14        551.283         (8.597, 13.444, 36.431)         (18.31, -0.634218, 55.3707)
                                                                                    (25.036, 23.939, 47.919)

              6           A 89          A 105             17        659.234         (25.036, 23.939, 47.919)
                                                                                    (42.074, 4.392, 43.075)

              7          A 105          A 116             12        464.746         (42.074, 4.392, 43.075)
                                                                                    (34.83, 24.849, 32.699)

              8          A 116          A 138             23        901.845         (34.83, 24.849, 32.699)         (51.9631, 5.91446, 56.5192)
                                                                                    (32.206, 25.758, 17.316)

              9          A 138          A 164             27        1097.02         (32.206, 25.758, 17.316)         (42.0146, -12.0069, 32.2432)
                                                                                    (28.739, 27.401, 32.083)

             10          A 164          A 171              8        300.885         (28.739, 27.401, 32.083)
                                                                                    (19.601, 16.458, 24.43)

             11          A 171          A 186             16        606.075         (19.601, 16.458, 24.43)
                                                                                    (32.047, 1.003, 33.925)

             12          A 186          A 201             16        613.723         (32.047, 1.003, 33.925)         (24.6784, 28.8559, 43.9991)
                                                                                    (11.533, 27.915, 26.198)

             13          A 201          A 229             29        1165.67         (11.533, 27.915, 26.198)         (23.6403, -21.858, 33.7366)
                                                                                    (21.145, 29.434, 44.454)

             14          A 229          A 248             20        808.965         (21.145, 29.434, 44.454)
                                                                                    (27.214, 5.102, 45.964)

             15          A 248          A 277             30        1186.33         (27.214, 5.102, 45.964)         (31.4047, 26.0768, 71.871)
                                                                                    (7.312, 26.469, 45.606)

             16          A 277          A 300             24        907.771         (7.312, 26.469, 45.606)         (13.4437, 39.7109, 31.3991)
                                                                                    (23.439, 39.415, 14.915)

             17          A 300          A 307              8        305.088         (23.439, 39.415, 14.915)
                                                                                    (19.536, 27.735, 28.393)

             18          A 307          A 317             11        420.372         (19.536, 27.735, 28.393)
                                                                                    (40.505, 38.281, 20.988)

             19          A 317          A 340             24        953.797         (40.505, 38.281, 20.988)         (30.097, 63.0489, 33.0529)
                                                                                    (39.789, 27.199, 30.071)

             20          A 340          A 356             17        668.249         (39.789, 27.199, 30.071)         (43.9084, 32.1763, 18.1696)
                                                                                    (16.509, 42.841, 35.052)

             21          A 356          A 373             18        698.603         (16.509, 42.841, 35.052)         (25.1425, 51.0628, 25.7722)
                                                                                    (31.96, 44.929, 11.084)

