Using structure file: /home/pkas7/Research/SCOP/pdbstyle-1.75B/ez/d3ezqa_.ent
Number of residues: 115
Doing a BEZIER segmentation ...

Bounding box volume: 55326.7
Null Model Fit: 5204.45 bits.
Bits per residue: 45.653

Bezier model fit: 4592.89 bits.
Bits per residue: 40.2885

# of segments: 5
Internal segmentation:
0-->18-->45-->63-->92-->114

CPU time used: 6.33 secs.
Wall clock time elapsed: 6 secs.

        SEGMENT          START            END   NUM_RESIDUES MESSAGE_LENGTH                    END_POINTS        INTERMEDIATE_CONTROL_POINTS
              1          A 223          A 241             19        732.579         (-91.411, 36.442, -26.812)         (-83.9711, 22.9693, -34.0944)
                                                                                    (-69.667, 16.049, -31.566)

              2          A 241          A 268             28        1092.87         (-69.667, 16.049, -31.566)         (-56.5308, 44.8621, -37.7432)
                                                                                    (-69.997, 18.574, -16.464)

              3          A 268          A 286             19        734.193         (-69.997, 18.574, -16.464)
                                                                                    (-75.063, 37.057, -41.864)

              4          A 286          A 315             30        1119.22         (-75.063, 37.057, -41.864)
                                                                                    (-65.661, -5.285, -46.107)

              5          A 315          A 337             23         914.03         (-65.661, -5.285, -46.107)         (-76.7232, -20.1044, -47.9562)
                                                                                    (-85.344, 10.501, -45.639)

