Using structure file: /home/pkas7/Research/SCOP/pdbstyle-1.75B/f1/d3f1pa_.ent
Number of residues: 114
Doing a BEZIER segmentation ...

Bounding box volume: 35054.8
Null Model Fit: 5084.4 bits.
Bits per residue: 44.9947

Bezier model fit: 4662.04 bits.
Bits per residue: 41.257

# of segments: 10
Internal segmentation:
0-->15-->29-->48-->49-->64-->76-->78-->92-->100-->113

CPU time used: 6.18 secs.
Wall clock time elapsed: 6 secs.

        SEGMENT          START            END   NUM_RESIDUES MESSAGE_LENGTH                    END_POINTS        INTERMEDIATE_CONTROL_POINTS
              1          A 236          A 251             16         630.42         (28.061, -55.953, -2.192)         (16.645, -58.9617, 14.1662)
                                                                                    (9.066, -35.706, 17.942)

              2          A 251          A 265             15        587.338         (9.066, -35.706, 17.942)         (24.5218, -58.0219, 20.0892)
                                                                                    (27.106, -44.592, 8.483)

              3          A 265          A 284             20        787.676         (27.106, -44.592, 8.483)         (18.2015, -39.8031, 33.8494)
                                                                                    (16.618, -30.843, 0.324)

              4          A 284          A 285              2        48.0317         (16.618, -30.843, 0.324)
                                                                                    (14.598, -33.581, 1.995)

              5          A 285          A 300             16        605.246         (14.598, -33.581, 1.995)
                                                                                    (-0.329, -44.524, 12.1)

              6          A 300          A 312             13        490.185         (-0.329, -44.524, 12.1)         (12.7049, -40.0086, -8.64772)
                                                                                    (29.125, -39.476, 10.68)

              7          A 312          A 314              3        94.0264         (29.125, -39.476, 10.68)
                                                                                    (30.661, -36.698, 5.909)

              8          A 314          A 328             15        545.007         (30.661, -36.698, 5.909)         (10.0874, -49.2136, -4.25828)
                                                                                    (-1.952, -47.37, 23.83)

              9          A 328          A 336              9        348.969         (-1.952, -47.37, 23.83)
                                                                                    (6.645, -44.096, 20.204)

             10          A 336          A 349             14        525.138         (6.645, -44.096, 20.204)         (17.9726, -57.2831, -2.12363)
                                                                                    (29.929, -36.934, -0.903)

