Using structure file: /home/pkas7/Research/SCOP/pdbstyle-1.75B/fa/d3fava_.ent
Number of residues: 74
Doing a BEZIER segmentation ...

Bounding box volume: 33485.4
Null Model Fit: 3279.79 bits.
Bits per residue: 44.9286

Bezier model fit: 2863.27 bits.
Bits per residue: 39.2229

# of segments: 5
Internal segmentation:
0-->1-->30-->34-->61-->73

CPU time used: 3.59 secs.
Wall clock time elapsed: 3 secs.

        SEGMENT          START            END   NUM_RESIDUES MESSAGE_LENGTH                    END_POINTS        INTERMEDIATE_CONTROL_POINTS
              1           A 11           A 12              2        47.9657         (96.883, 19.013, 8.085)
                                                                                    (97.875, 22.357, 6.819)

              2           A 12           A 41             30        1107.26         (97.875, 22.357, 6.819)         (75.1436, 24.7213, 4.08825)
                                                                                    (53.876, 32.524, 15.958)

              3           A 41           A 45              5        178.626         (53.876, 32.524, 15.958)
                                                                                    (47.138, 22.248, 19.122)

              4           A 45           A 72             28        1034.93         (47.138, 22.248, 19.122)         (68.3222, 22.3725, 20.2376)
                                                                                    (87.976, 21.87, 16.748)

              5           A 72           A 84             13         494.49         (87.976, 21.87, 16.748)
                                                                                    (104.982, 25.783, 11.934)

