Using structure file: /home/pkas7/Research/SCOP/pdbstyle-1.75B/fl/d3flga_.ent
Number of residues: 135
Doing a BEZIER segmentation ...

Bounding box volume: 34669.8
Null Model Fit: 6027.15 bits.
Bits per residue: 44.9787

Bezier model fit: 5555.85 bits.
Bits per residue: 41.4616

# of segments: 10
Internal segmentation:
0-->10-->20-->29-->40-->49-->67-->96-->106-->108-->134

CPU time used: 7.59 secs.
Wall clock time elapsed: 7 secs.

        SEGMENT          START            END   NUM_RESIDUES MESSAGE_LENGTH                    END_POINTS        INTERMEDIATE_CONTROL_POINTS
              1           A 12           A 22             11        424.319         (7.316, 29.048, 3.71)         (26.7234, 29.5071, 2.82569)
                                                                                    (6.632, 16.652, 5.164)

              2           A 22           A 32             11         428.68         (6.632, 16.652, 5.164)
                                                                                    (21.644, 13.985, 24.291)

              3           A 32           A 41             10        361.944         (21.644, 13.985, 24.291)         (9.92763, 7.2958, 12.2118)
                                                                                    (3.611, 24.142, 8.192)

              4           A 41           A 52             12         467.89         (3.611, 24.142, 8.192)         (-7.03971, 27.5713, 20.4406)
                                                                                    (14.162, 32.757, 9.984)

              5           A 52           A 61             10        370.262         (14.162, 32.757, 9.984)
                                                                                    (4.623, 9.628, 19.424)

              6           A 61           A 79             19        755.219         (4.623, 9.628, 19.424)         (18.5246, 37.5746, 10.8166)
                                                                                    (19.236, 6.359, 10.535)

              7           A 79          A 108             30        1172.96         (19.236, 6.359, 10.535)         (9.75267, 1.22958, 39.2605)
                                                                                    (6.001, 6.345, 1.75)

              8          A 108          A 118             11        414.954         (6.001, 6.345, 1.75)         (8.39045, -11.1014, -0.0449761)
                                                                                    (-0.853, -11.548, 17.891)

              9          A 118          A 120              3        93.9946         (-0.853, -11.548, 17.891)
                                                                                    (3.335, -6.817, 19.615)

             10          A 120          A 146             27        1065.63         (3.335, -6.817, 19.615)         (28.5881, -5.78101, 1.77132)
                                                                                    (6.892, 13.347, 0.718)

