Using structure file: /home/pkas7/Research/SCOP/pdbstyle-1.75B/fs/d3fsoa_.ent
Number of residues: 109
Doing a BEZIER segmentation ...

Bounding box volume: 23205.8
Null Model Fit: 4795.15 bits.
Bits per residue: 44.3996

Bezier model fit: 4389.87 bits.
Bits per residue: 40.6469

# of segments: 11
Internal segmentation:
0-->14-->32-->44-->48-->50-->63-->76-->77-->91-->99-->108

CPU time used: 5.9 secs.
Wall clock time elapsed: 6 secs.

        SEGMENT          START            END   NUM_RESIDUES MESSAGE_LENGTH                    END_POINTS        INTERMEDIATE_CONTROL_POINTS
              1          A 988         A 1002             15         579.97         (22.335, 36.251, 1.087)
                                                                                    (18.458, 17.907, 31.539)

              2         A 1002         A 1020             19        735.447         (18.458, 17.907, 31.539)         (35.9488, 10.0207, 40.9729)
                                                                                    (32.807, 27.098, -0.858)         (9.14167, 35.0425, -8.08282)

              3         A 1020         A 1032             13        469.354         (32.807, 27.098, -0.858)         (35.3756, 34.1516, 20.1712)
                                                                                    (21.563, 32.361, 35.368)

              4         A 1032         A 1036              5        176.568         (21.563, 32.361, 35.368)
                                                                                    (32.32, 26.249, 35.831)

              5         A 1036         A 1038              3        92.8362         (32.32, 26.249, 35.831)
                                                                                    (26.477, 24.732, 35.634)

              6         A 1038         A 1051             14        519.929         (26.477, 24.732, 35.634)         (42.3045, 32.9249, 16.1882)
                                                                                    (28.871, 20.89, 1.084)

              7         A 1051         A 1064             14        513.803         (28.871, 20.89, 1.084)
                                                                                    (25.486, 20.369, 41.323)

              8         A 1064         A 1074              2        47.4366         (25.486, 20.369, 41.323)
                                                                                    (12.581, 22.415, 40.455)

              9         A 1074         A 1088             15        550.605         (12.581, 22.415, 40.455)         (26.874, 37.5577, 24.6715)
                                                                                    (34.705, 33.777, 3.686)

             10         A 1088         A 1096              9        341.541         (34.705, 33.777, 3.686)
                                                                                    (22.11, 33.911, 15.568)

             11         A 1096         A 1105             10         362.38         (22.11, 33.911, 15.568)         (18.8328, 28.9997, 31.119)
                                                                                    (15.53, 15.412, 36.191)

