Using structure file: /home/pkas7/Research/SCOP/pdbstyle-1.75B/g0/d3g02a_.ent
Number of residues: 387
Doing a BEZIER segmentation ...

Bounding box volume: 152824
Null Model Fit: 18187.9 bits.
Bits per residue: 47.1189

Bezier model fit: 15950.4 bits.
Bits per residue: 41.3223

# of segments: 21
Internal segmentation:
0-->9-->38-->66-->90-->103-->114-->136-->157-->182-->189-->211-->228-->247-->266-->287-->316-->318-->337-->354-->365-->386

CPU time used: 24.39 secs.
Wall clock time elapsed: 24 secs.

        SEGMENT          START            END   NUM_RESIDUES MESSAGE_LENGTH                    END_POINTS        INTERMEDIATE_CONTROL_POINTS
              1            A 3           A 12             10        387.552         (21.939, -22.964, 44.247)
                                                                                    (10.378, -10.173, 44.232)

              2           A 12           A 41             30         1163.4         (10.378, -10.173, 44.232)         (14.5839, -52.7337, 24.0191)
                                                                                    (20.847, -28.112, -3.802)

              3           A 41           A 69             29        1170.43         (20.847, -28.112, -3.802)         (36.9609, -8.01913, -6.34692)
                                                                                    (25.112, -36.102, 11.799)

              4           A 69           A 93             25        981.814         (25.112, -36.102, 11.799)         (33.9798, -24.8275, 43.3608)
                                                                                    (-0.562, -15.909, 29.692)

              5           A 93          A 106             14        525.501         (-0.562, -15.909, 29.692)         (27.3507, -21.4178, 31.2016)
                                                                                    (20.393, -5.351, 48.713)

              6          A 106          A 117             12         449.27         (20.393, -5.351, 48.713)
                                                                                    (17.375, -12.54, 16.096)

              7          A 117          A 139             23        904.618         (17.375, -12.54, 16.096)         (35.0916, -20.6066, 34.2659)
                                                                                    (29.88, -9.509, 46.193)

              8          A 139          A 160             22        889.952         (29.88, -9.509, 46.193)
                                                                                    (-2.365, -16.969, 18.354)

              9          A 160          A 185             26        1032.06         (-2.365, -16.969, 18.354)         (10.8522, 11.602, 12.73)
                                                                                    (14.529, 0.906, 38.942)         (6.0338, -22.2854, 48.3132)

             10          A 185          A 192              8        293.611         (14.529, 0.906, 38.942)         (23.3248, -3.28013, 29.8538)
                                                                                    (19.691, -6.082, 17.684)

             11          A 192          A 214             23        915.526         (19.691, -6.082, 17.684)         (-0.50706, 10.7491, 40.6423)
                                                                                    (25.476, -1.999, 21.184)

             12          A 214          A 231             18        714.931         (25.476, -1.999, 21.184)         (9.73424, 22.0472, 1.98062)
                                                                                    (35.411, 10.999, 9.357)

             13          A 231          A 250             20        757.821         (35.411, 10.999, 9.357)
                                                                                    (16.34, -9.516, 1.936)

             14          A 250          A 269             20        776.212         (16.34, -9.516, 1.936)         (-1.85906, -10.7112, 9.12648)
                                                                                    (13.798, -29.148, 7.431)

             15          A 269          A 290             22        869.108         (13.798, -29.148, 7.431)         (27.0965, -5.7938, 5.95072)
                                                                                    (33.335, -22.394, 15.821)

             16          A 290          A 319             30        1154.66         (33.335, -22.394, 15.821)         (3.64032, -33.0611, 21.8178)
                                                                                    (9.993, 0.125, 9.022)

             17          A 319          A 328              3        98.2748         (9.993, 0.125, 9.022)
                                                                                    (12.426, 11.694, 12.56)

             18          A 328          A 347             20        797.706         (12.426, 11.694, 12.56)         (14.3552, 13.2749, 40.4933)
                                                                                    (31.846, -5.017, 11.882)

             19          A 347          A 364             18        731.657         (31.846, -5.017, 11.882)         (18.0235, 15.1303, 11.4133)
                                                                                    (26.506, 10.272, 28.168)

             20          A 364          A 375             12        462.694         (26.506, 10.272, 28.168)         (45.2866, -3.07033, 13.7021)
                                                                                    (27.174, -10.806, 17.971)

             21          A 375          A 396             22        873.604         (27.174, -10.806, 17.971)         (39.5982, -6.45509, 30.1947)
                                                                                    (23.457, 4.674, 38.626)

