Using structure file: /home/pkas7/Research/SCOP/pdbstyle-1.75B/ga/d3gada_.ent
Number of residues: 115
Doing a BEZIER segmentation ...

Bounding box volume: 33596.6
Null Model Fit: 5122.41 bits.
Bits per residue: 44.9334

Bezier model fit: 4693.78 bits.
Bits per residue: 41.1735

# of segments: 9
Internal segmentation:
0-->13-->31-->51-->53-->64-->68-->88-->111-->114

CPU time used: 6.33 secs.
Wall clock time elapsed: 6 secs.

        SEGMENT          START            END   NUM_RESIDUES MESSAGE_LENGTH                    END_POINTS        INTERMEDIATE_CONTROL_POINTS
              1            A 2           A 15             14        531.475         (-14.214, -61.381, 2.879)         (16.7763, -53.012, -4.34668)
                                                                                    (-3.472, -63.884, -16.282)

              2           A 15           A 33             19        718.083         (-3.472, -63.884, -16.282)
                                                                                    (-17.515, -71.378, 4.548)

              3           A 33           A 53             21         831.27         (-17.515, -71.378, 4.548)         (-8.51101, -50.4527, -16.3225)
                                                                                    (15.49, -54.406, 5.439)

              4           A 53           A 55              3        93.9038         (15.49, -54.406, 5.439)
                                                                                    (13.656, -55.242, -1.471)

              5           A 55           A 66             12        439.109         (13.656, -55.242, -1.471)
                                                                                    (-16.905, -60.287, 9.137)

              6           A 66           A 70              5        182.264         (-16.905, -60.287, 9.137)
                                                                                    (-10.005, -67.224, 14.909)

              7           A 70           A 90             21        798.836         (-10.005, -67.224, 14.909)
                                                                                    (8.137, -68.082, -6.324)

              8           A 90          A 113             24        958.753         (8.137, -68.082, -6.324)         (-8.19578, -57.4151, 21.335)
                                                                                    (-26.867, -50.749, 2.493)

              9          A 113          A 116              4        140.087         (-26.867, -50.749, 2.493)
                                                                                    (-26.38, -57.961, 6.253)

