Using structure file: /home/pkas7/Research/SCOP/pdbstyle-1.75B/ga/d3gaxa_.ent
Number of residues: 107
Doing a BEZIER segmentation ...

Bounding box volume: 23730.8
Null Model Fit: 4709.77 bits.
Bits per residue: 44.4318

Bezier model fit: 4346.2 bits.
Bits per residue: 41.0019

# of segments: 11
Internal segmentation:
0-->8-->27-->31-->46-->47-->61-->65-->66-->77-->92-->106

CPU time used: 5.7 secs.
Wall clock time elapsed: 5 secs.

        SEGMENT          START            END   NUM_RESIDUES MESSAGE_LENGTH                    END_POINTS        INTERMEDIATE_CONTROL_POINTS
              1           A 12           A 20              9        347.622         (-18.831, 20.088, 56.731)
                                                                                    (-22.187, 36.35, 48.678)

              2           A 20           A 39             20        752.772         (-22.187, 36.35, 48.678)
                                                                                    (-13.929, 49.257, 75.424)

              3           A 39           A 43              5        182.794         (-13.929, 49.257, 75.424)
                                                                                    (-14.411, 51.896, 65.691)

              4           A 43           A 58             16        604.084         (-14.411, 51.896, 65.691)         (-1.45161, 31.9755, 45.7213)
                                                                                    (-31.354, 24.325, 60.413)

              5           A 58           A 59              2        47.4689         (-31.354, 24.325, 60.413)
                                                                                    (-30.275, 27.722, 59.113)

              6           A 59           A 73             15        536.589         (-30.275, 27.722, 59.113)         (0.206253, 34.5872, 58.8423)
                                                                                    (-13.051, 57.631, 64.19)

              7           A 73           A 77              5        182.938         (-13.051, 57.631, 64.19)
                                                                                    (-20.562, 59.829, 64.547)

              8           A 77           A 80              2        47.4689         (-20.562, 59.829, 64.547)
                                                                                    (-19.96, 55.948, 57.829)

              9           A 80           A 91             12        465.578         (-19.96, 55.948, 57.829)
                                                                                    (-2.469, 52.554, 66.763)

             10           A 91          A 106             16         595.36         (-2.469, 52.554, 66.763)         (-9.80003, 27.0697, 65.9036)
                                                                                    (-36.155, 32.859, 56.831)

             11          A 106          A 120             15        583.524         (-36.155, 32.859, 56.831)         (-23.6673, 33.7765, 75.468)
                                                                                    (-2.04, 39.486, 64.666)

