Using structure file: /home/pkas7/Research/SCOP/pdbstyle-1.75B/gr/d3grsa3.ent
Number of residues: 115
Doing a BEZIER segmentation ...

Bounding box volume: 33181.8
Null Model Fit: 5120.36 bits.
Bits per residue: 44.9155

Bezier model fit: 4717.11 bits.
Bits per residue: 41.3782

# of segments: 9
Internal segmentation:
0-->11-->31-->46-->48-->61-->75-->90-->105-->114

CPU time used: 6.31 secs.
Wall clock time elapsed: 6 secs.

        SEGMENT          START            END   NUM_RESIDUES MESSAGE_LENGTH                    END_POINTS        INTERMEDIATE_CONTROL_POINTS
              1          A 364          A 375             12        459.304         (71.002, 50.54, 34.22)
                                                                                    (84.17, 46.199, 11.745)

              2          A 375          A 395             21        837.349         (84.17, 46.199, 11.745)         (80.1857, 61.4699, 41.2668)
                                                                                    (92.927, 54.535, 40.854)

              3          A 395          A 410             16        608.129         (92.927, 54.535, 40.854)
                                                                                    (96.491, 36.916, 3.295)

              4          A 410          A 412              3         93.868         (96.491, 36.916, 3.295)
                                                                                    (95.402, 43.294, 0.54)

              5          A 412          A 425             14        500.208         (95.402, 43.294, 0.54)         (87.4277, 47.7744, 20.0772)
                                                                                    (91.316, 50.007, 42.422)

              6          A 425          A 439             15        590.987         (91.316, 50.007, 42.422)
                                                                                    (83.821, 39.148, 15.384)

              7          A 439          A 454             16        610.112         (83.821, 39.148, 15.384)
                                                                                    (82.341, 41.93, 39.192)

              8          A 454          A 469             16        636.912         (82.341, 41.93, 39.192)         (99.2308, 30.0341, 37.1422)
                                                                                    (90.724, 33.676, 17.843)

              9          A 469          A 478             10        380.243         (90.724, 33.676, 17.843)
                                                                                    (99.604, 42.816, 29.758)

