Using structure file: /home/pkas7/Research/SCOP/pdbstyle-1.75B/gr/d3grsa2.ent
Number of residues: 125
Doing a BEZIER segmentation ...

Bounding box volume: 35073
Null Model Fit: 5579.43 bits.
Bits per residue: 44.9954

Bezier model fit: 5110.19 bits.
Bits per residue: 41.2112

# of segments: 9
Internal segmentation:
0-->15-->30-->44-->61-->76-->92-->104-->108-->124

CPU time used: 6.82 secs.
Wall clock time elapsed: 6 secs.

        SEGMENT          START            END   NUM_RESIDUES MESSAGE_LENGTH                    END_POINTS        INTERMEDIATE_CONTROL_POINTS
              1          A 166          A 181             16        625.927         (62.346, 77.421, 9.969)
                                                                                    (63.635, 51.2, 5.002)

              2          A 181          A 196             16        634.267         (63.635, 51.2, 5.002)         (74.5901, 61.357, -16.4378)
                                                                                    (75.612, 58.717, 16.596)

              3          A 196          A 210             15        569.273         (75.612, 58.717, 16.596)
                                                                                    (78.177, 51.164, -3.462)

              4          A 210          A 227             18         717.45         (78.177, 51.164, -3.462)         (79.7386, 76.8214, 13.9437)
                                                                                    (85.457, 55.61, 24.856)

              5          A 227          A 242             16        604.264         (85.457, 55.61, 24.856)
                                                                                    (85.605, 55.002, 1.521)

              6          A 242          A 258             17        657.165         (85.605, 55.002, 1.521)         (76.7585, 81.3777, 21.628)
                                                                                    (67.087, 69.545, -11.667)

              7          A 258          A 270             13        485.703         (67.087, 69.545, -11.667)
                                                                                    (88.394, 75.786, 14.819)

              8          A 270          A 274              5        178.512         (88.394, 75.786, 14.819)
                                                                                    (84.161, 79.292, 8.053)

              9          A 274          A 290             17        637.632         (84.161, 79.292, 8.053)         (69.0028, 59.6006, -19.2744)
                                                                                    (68.328, 62.099, 17.168)

