Using structure file: /home/pkas7/Research/SCOP/pdbstyle-1.75B/h4/d3h4ta_.ent
Number of residues: 390
Doing a BEZIER segmentation ...

Bounding box volume: 142209
Null Model Fit: 18288.8 bits.
Bits per residue: 47.015

Bezier model fit: 16087.1 bits.
Bits per residue: 41.355

# of segments: 24
Internal segmentation:
0-->8-->26-->44-->57-->58-->86-->99-->114-->133-->159-->165-->183-->196-->219-->235-->247-->256-->264-->284-->301-->311-->336-->364-->389

CPU time used: 24.94 secs.
Wall clock time elapsed: 24 secs.

        SEGMENT          START            END   NUM_RESIDUES MESSAGE_LENGTH                    END_POINTS        INTERMEDIATE_CONTROL_POINTS
              1            A 2           A 10              9        338.648         (17.492, 54.322, -0.587)         (23.978, 50.3369, 13.002)
                                                                                    (26.525, 37.264, 15.379)

              2           A 10           A 28             19        722.186         (26.525, 37.264, 15.379)
                                                                                    (11.907, 48.253, -5.545)

              3           A 28           A 46             19         749.47         (11.907, 48.253, -5.545)         (42.9002, 41.7728, 16.6116)
                                                                                    (21.054, 37.17, -2.082)

              4           A 46           A 59             14        539.178         (21.054, 37.17, -2.082)         (33.777, 57.1952, 6.02532)
                                                                                    (36.919, 34.634, 16.378)

              5           A 59           A 60              2        50.0521         (36.919, 34.634, 16.378)
                                                                                    (38.202, 32.276, 13.659)

              6           A 60           A 88             29        1154.99         (38.202, 32.276, 13.659)         (40.6282, 53.2171, 33.126)
                                                                                    (29.401, 56.878, 2.006)

              7           A 88          A 101             14        551.745         (29.401, 56.878, 2.006)         (7.18974, 58.8265, -0.0364191)
                                                                                    (26.184, 46.452, 19.082)

              8          A 101          A 116             16        610.476         (26.184, 46.452, 19.082)
                                                                                    (17.556, 64.371, 9.266)

              9          A 116          A 135             20        796.569         (17.556, 64.371, 9.266)         (11.1802, 27.221, 20.772)
                                                                                    (14.081, 51.871, 35.43)

             10          A 135          A 161             27        1032.95         (14.081, 51.871, 35.43)         (39.8882, 51.6446, 28.7477)
                                                                                    (28.614, 69.559, 13.675)

             11          A 161          A 167              7        263.774         (28.614, 69.559, 13.675)
                                                                                    (21.918, 58.48, 27.674)

             12          A 167          A 185             19        757.304         (21.918, 58.48, 27.674)         (11.8045, 54.4751, 14.2265)
                                                                                    (7.104, 31.894, 19.706)

             13          A 185          A 198             14        547.564         (7.104, 31.894, 19.706)         (-3.10792, 56.1829, 35.0153)
                                                                                    (6.364, 42.76, 13.158)

             14          A 198          A 221             24        937.964         (6.364, 42.76, 13.158)         (32.4386, 19.1183, -13.3964)
                                                                                    (16.106, 7.611, 6.918)

             15          A 221          A 237             17        667.962         (16.106, 7.611, 6.918)         (29.4228, 38.9791, 22.4532)
                                                                                    (29.397, 18.234, 22.029)

             16          A 237          A 249             13        498.197         (29.397, 18.234, 22.029)
                                                                                    (18.669, 4.662, 15.636)

             17          A 249          A 258             10        372.005         (18.669, 4.662, 15.636)         (25.1559, 16.9009, 7.11063)
                                                                                    (31.346, 28.805, 14.683)

             18          A 258          A 266              9        339.898         (31.346, 28.805, 14.683)
                                                                                    (34.599, 7.72, 9.893)

             19          A 266          A 286             21        838.701         (34.599, 7.72, 9.893)         (18.9085, 35.7149, 0.134986)
                                                                                    (13.433, 13.952, 12.029)

             20          A 286          A 303             18        710.568         (13.433, 13.952, 12.029)         (23.0209, 41.1388, 25.393)
                                                                                    (9.801, 24.083, 9.408)

             21          A 303          A 313             11        413.771         (9.801, 24.083, 9.408)         (13.6077, 12.746, 23.5346)
                                                                                    (23.658, 31.68, 27.137)

             22          A 313          A 338             26        1046.84         (23.658, 31.68, 27.137)         (-6.58046, 27.1794, 21.884)
                                                                                    (25.297, 13.619, 28.492)

             23          A 338          A 366             29        1102.55         (25.297, 13.619, 28.492)         (-0.784446, 2.77268, 18.4535)
                                                                                    (4.203, 34.042, 10.015)

             24          A 366          A 540             26        1043.73         (4.203, 34.042, 10.015)         (14.3065, 68.9809, 4.08292)
                                                                                    (-0.312, 48.307, -2.763)

