Using structure file: /home/pkas7/Research/SCOP/pdbstyle-1.75B/ho/d3hoaa_.ent
Number of residues: 509
Doing a BEZIER segmentation ...

Bounding box volume: 199230
Null Model Fit: 24130.7 bits.
Bits per residue: 47.5014

Bezier model fit: 20726.6 bits.
Bits per residue: 40.8004

# of segments: 28
Internal segmentation:
0-->2-->31-->37-->60-->80-->100-->124-->151-->162-->178-->202-->230-->243-->251-->264-->289-->318-->334-->355-->356-->361-->382-->399-->423-->446-->464-->489-->508

CPU time used: 32.14 secs.
Wall clock time elapsed: 32 secs.

        SEGMENT          START            END   NUM_RESIDUES MESSAGE_LENGTH                    END_POINTS        INTERMEDIATE_CONTROL_POINTS
              1            A 1            A 3              3        99.0399         (-2.914, 22.024, -51.83)
                                                                                    (-6.82, 25.479, -47.811)

              2            A 3           A 32             30        1117.33         (-6.82, 25.479, -47.811)         (-12.1778, 4.87971, -39.2397)
                                                                                    (-19.007, -1.655, -16.362)

              3           A 32           A 38              7        269.777         (-19.007, -1.655, -16.362)
                                                                                    (-12.716, -12.999, -16.071)

              4           A 38           A 61             24        910.772         (-12.716, -12.999, -16.071)
                                                                                    (2.503, 15.293, -38.279)

              5           A 61           A 81             21        827.539         (2.503, 15.293, -38.279)         (-4.54902, 35.2704, -46.9228)
                                                                                    (-18.036, 29.112, -38.404)

              6           A 81          A 101             21        792.913         (-18.036, 29.112, -38.404)
                                                                                    (5.427, 12.303, -23.816)

              7          A 101          A 125             25        944.979         (5.427, 12.303, -23.816)         (-6.05413, -0.861765, -14.6624)
                                                                                    (-11.189, -2.54, 3.84)

              8          A 125          A 152             28        1084.87         (-11.189, -2.54, 3.84)         (7.47069, 8.61161, -7.1315)
                                                                                    (2.937, 25.894, -22.495)

              9          A 152          A 163             12        468.148         (2.937, 25.894, -22.495)         (-14.8032, 37.8188, -30.6413)
                                                                                    (-0.641, 28.359, -11.203)

             10          A 163          A 179             17        670.242         (-0.641, 28.359, -11.203)         (-14.4363, 13.4975, -25.7957)
                                                                                    (-8.726, 32.625, -9.964)

             11          A 179          A 203             25        944.189         (-8.726, 32.625, -9.964)         (-22.0382, 31.2667, 3.53551)
                                                                                    (-38.932, 22.838, 13.726)

             12          A 203          A 231             29        1121.66         (-38.932, 22.838, 13.726)         (-37.9004, -20.4553, -9.80748)
                                                                                    (-38.975, 13.409, -19.757)

             13          A 231          A 244             14        553.203         (-38.975, 13.409, -19.757)         (-34.1291, 0.737381, -36.6028)
                                                                                    (-21.988, -0.7, -9.608)

             14          A 244          A 252              9        343.907         (-21.988, -0.7, -9.608)         (-23.2243, 11.0745, -16.6546)
                                                                                    (-22.484, 7.868, -31.059)

             15          A 252          A 265             14        529.858         (-22.484, 7.868, -31.059)
                                                                                    (-34.254, -0.871, 0.703)

             16          A 265          A 290             26        998.171         (-34.254, -0.871, 0.703)         (-30.2502, 16.9944, -13.7249)
                                                                                    (-24.449, 16.081, -38.432)

             17          A 290          A 319             30        1202.05         (-24.449, 16.081, -38.432)         (-11.6591, 20.7314, -14.7572)
                                                                                    (-39.35, 19.719, -7.603)

             18          A 319          A 335             17        659.395         (-39.35, 19.719, -7.603)         (-51.3502, 11.59, -14.3914)
                                                                                    (-46.873, -0.509, -1.523)

             19          A 335          A 356             22        870.365         (-46.873, -0.509, -1.523)         (-52.4955, 24.5819, 0.874165)
                                                                                    (-19.77, 12.1, 5.114)

             20          A 356          A 357              2        50.5385         (-19.77, 12.1, 5.114)
                                                                                    (-20.405, 10.704, 1.617)

             21          A 357          A 362              6        228.189         (-20.405, 10.704, 1.617)
                                                                                    (-28.179, 16.58, -0.305)

             22          A 362          A 383             22        830.625         (-28.179, 16.58, -0.305)
                                                                                    (3.205, 22.055, -2.477)

             23          A 383          A 400             18        705.429         (3.205, 22.055, -2.477)         (-5.17825, 5.19286, 8.00641)
                                                                                    (-14.959, 23.022, 9.573)

             24          A 400          A 424             25        1020.23         (-14.959, 23.022, 9.573)         (-15.3615, -6.06953, 5.00796)
                                                                                    (-7.419, 15.935, -10.282)

             25          A 424          A 447             24        904.398         (-7.419, 15.935, -10.282)         (-28.2653, 26.6332, -8.26846)
                                                                                    (-38.616, 33.119, -21.275)

             26          A 447          A 465             19         751.99         (-38.616, 33.119, -21.275)         (-54.1158, 12.7743, -6.86553)
                                                                                    (-36.453, 21.912, -26.47)

             27          A 465          A 490             26        1046.98         (-36.453, 21.912, -26.47)         (-11.3226, 24.2326, -31.265)
                                                                                    (-24.784, 36.68, -16.73)

             28          A 490          A 509             20        779.835         (-24.784, 36.68, -16.73)
                                                                                    (-38.165, 23.859, 6.455)

