Using structure file: /home/pkas7/Research/SCOP/pdbstyle-1.75B/ij/d3ijwa_.ent
Number of residues: 265
Doing a BEZIER segmentation ...

Bounding box volume: 113120
Null Model Fit: 12324.8 bits.
Bits per residue: 46.6848

Bezier model fit: 11002.5 bits.
Bits per residue: 41.6761

# of segments: 17
Internal segmentation:
0-->9-->28-->37-->48-->73-->82-->101-->121-->129-->138-->166-->192-->206-->233-->241-->249-->264

CPU time used: 15.36 secs.
Wall clock time elapsed: 15 secs.

        SEGMENT          START            END   NUM_RESIDUES MESSAGE_LENGTH                    END_POINTS        INTERMEDIATE_CONTROL_POINTS
              1            A 0            A 9             10        380.589         (27.881, 1.438, 14.884)
                                                                                    (29.63, 16.91, 19.429)

              2            A 9           A 28             20        801.095         (29.63, 16.91, 19.429)         (-2.16522, 15.7697, 20.6604)
                                                                                    (6.979, 25.891, 3.919)         (35.7588, 28.818, 0.0611338)

              3           A 28           A 37             10        369.737         (6.979, 25.891, 3.919)         (7.26207, 16.4379, -9.66152)
                                                                                    (21.377, 8.236, 4.822)

              4           A 37           A 48             12        478.405         (21.377, 8.236, 4.822)         (27.7526, 14.5658, 21.6821)
                                                                                    (14.485, 8.293, 11.798)

              5           A 48           A 73             26        1021.15         (14.485, 8.293, 11.798)         (-1.38724, 39.8621, 5.23406)
                                                                                    (12.92, -7.65, -4.032)

              6           A 73           A 82             10        392.105         (12.92, -7.65, -4.032)         (11.6222, -15.2151, -20.5374)
                                                                                    (23.403, -7.763, -6.184)

              7           A 82          A 101             20        783.261         (23.403, -7.763, -6.184)         (11.2722, -35.1618, -14.5694)
                                                                                    (0.491, -4.409, -1.267)

              8          A 101          A 121             21         826.71         (0.491, -4.409, -1.267)         (28.2984, 2.74803, 3.98035)
                                                                                    (-0.774, 7.959, 8.877)

              9          A 121          A 129              9        346.612         (-0.774, 7.959, 8.877)         (-0.340651, 10.528, -5.49002)
                                                                                    (5.093, -3.213, -7.468)

             10          A 129          A 138             10        382.774         (5.093, -3.213, -7.468)
                                                                                    (-0.739, 19.068, -0.397)

             11          A 138          A 166             29        1151.98         (-0.739, 19.068, -0.397)         (4.93687, -10.4039, -24.0882)
                                                                                    (8.646, 22.596, -10.37)

             12          A 166          A 192             27        1084.53         (8.646, 22.596, -10.37)         (41.5865, -0.388447, 19.4878)
                                                                                    (18.623, 2.555, -21.993)         (1.90918, 20.0028, -28.9252)

             13          A 192          A 206             15        593.523         (18.623, 2.555, -21.993)
                                                                                    (-5.672, -12.599, -6.51)

             14          A 206          A 233             28        1110.77         (-5.672, -12.599, -6.51)         (33.1341, 2.51509, -23.8687)
                                                                                    (26.753, 26.087, -9.669)

             15          A 233          A 241              9        335.482         (26.753, 26.087, -9.669)
                                                                                    (24.598, 17.552, 11.422)

             16          A 241          A 249              9        335.016         (24.598, 17.552, 11.422)
                                                                                    (15.439, 22.12, -8.551)

             17          A 249          A 264             16        608.752         (15.439, 22.12, -8.551)
                                                                                    (26.008, 10.412, -25.784)

