Using structure file: /home/pkas7/Research/SCOP/pdbstyle-1.75B/im/d3imab_.ent
Number of residues: 84
Doing a BEZIER segmentation ...

Bounding box volume: 19732
Null Model Fit: 3665.75 bits.
Bits per residue: 44.1656

Bezier model fit: 3398.99 bits.
Bits per residue: 40.9517

# of segments: 9
Internal segmentation:
0-->1-->8-->27-->43-->44-->57-->58-->72-->83

CPU time used: 4 secs.
Wall clock time elapsed: 4 secs.

        SEGMENT          START            END   NUM_RESIDUES MESSAGE_LENGTH                    END_POINTS        INTERMEDIATE_CONTROL_POINTS
              1            B 2            B 3              2        47.2027         (23.217, 38.493, 4.524)
                                                                                    (22.132, 40.326, 7.645)

              2            B 3           B 16              8        305.301         (22.132, 40.326, 7.645)
                                                                                    (5.838, 47.887, -6.81)

              3           B 16           B 35             20         754.23         (5.838, 47.887, -6.81)
                                                                                    (1.024, 71.156, 7.903)

              4           B 35           B 51             17        650.042         (1.024, 71.156, 7.903)         (14.454, 58.2385, -22.047)
                                                                                    (11.467, 44.003, 11.826)

              5           B 51           B 52              2        47.2027         (11.467, 44.003, 11.826)
                                                                                    (8.314, 43.222, 13.83)

              6           B 52           B 65             14        522.662         (8.314, 43.222, 13.83)         (15.0632, 52.5446, -6.0158)
                                                                                    (7.825, 75.163, -3.082)

              7           B 65           B 66              2        47.2027         (7.825, 75.163, -3.082)
                                                                                    (8.124, 74.48, -6.781)

              8           B 66           B 80             15        562.862         (8.124, 74.48, -6.781)         (20.5599, 57.0133, 6.00364)
                                                                                    (-1.713, 41.618, 10.593)

              9           B 80           B 91             12        462.284         (-1.713, 41.618, 10.593)
                                                                                    (16.104, 64.947, 3.416)

