Using structure file: /home/pkas7/Research/SCOP/pdbstyle-1.75B/iv/d3ivra_.ent
Number of residues: 394
Doing a BEZIER segmentation ...

Bounding box volume: 134702
Null Model Fit: 18446.1 bits.
Bits per residue: 46.9368

Bezier model fit: 16444.7 bits.
Bits per residue: 41.8441

# of segments: 30
Internal segmentation:
0-->18-->31-->49-->53-->64-->78-->101-->102-->109-->124-->136-->159-->169-->178-->197-->208-->222-->242-->252-->271-->280-->291-->302-->318-->332-->340-->350-->372-->383-->393

CPU time used: 25.08 secs.
Wall clock time elapsed: 25 secs.

        SEGMENT          START            END   NUM_RESIDUES MESSAGE_LENGTH                    END_POINTS        INTERMEDIATE_CONTROL_POINTS
              1            A 3           A 21             19        757.047         (9.368, 109.849, 4.473)
                                                                                    (30.608, 106.471, 17.02)

              2           A 21           A 34             14        559.482         (30.608, 106.471, 17.02)
                                                                                    (31.857, 100.106, 16.727)

              3           A 34           A 52             19        713.588         (31.857, 100.106, 16.727)
                                                                                    (22.277, 92.962, -7.286)

              4           A 52           A 56              5         182.56         (22.277, 92.962, -7.286)
                                                                                    (12.116, 97.794, -1.42)

              5           A 56           A 67             12        468.455         (12.116, 97.794, -1.42)         (15.7925, 76.2036, 2.9998)
                                                                                    (28.068, 85.712, 13.041)

              6           A 67           A 81             15        573.804         (28.068, 85.712, 13.041)
                                                                                    (13.624, 98.681, 3.121)

              7           A 81          A 104             24        942.463         (13.624, 98.681, 3.121)         (16.3118, 54.7368, 14.8149)
                                                                                    (10.677, 83.909, -2.338)

              8          A 104          A 105              2        49.9738         (10.677, 83.909, -2.338)
                                                                                    (13.993, 85.766, -1.911)

              9          A 105          A 112              8        291.622         (13.993, 85.766, -1.911)
                                                                                    (29.465, 78.075, 6.537)

             10          A 112          A 127             16        622.848         (29.465, 78.075, 6.537)         (17.8338, 64.6268, -3.2317)
                                                                                    (13.798, 85.083, -9.205)

             11          A 127          A 139             13        519.783         (13.798, 85.083, -9.205)         (36.9477, 86.7523, 7.53734)
                                                                                    (29.326, 75.749, -5.291)

             12          A 139          A 162             24        950.962         (29.326, 75.749, -5.291)         (35.3567, 114.118, -3.32999)
                                                                                    (6.83, 98.5, 5.449)

             13          A 162          A 174             11        423.344         (6.83, 98.5, 5.449)         (14.658, 83.6215, 13.4481)
                                                                                    (1.131, 71.819, 10.564)

             14          A 174          A 183             10        377.972         (1.131, 71.819, 10.564)         (4.26501, 84.6626, 6.86396)
                                                                                    (10.556, 98.053, 11.257)

             15          A 183          A 202             20        786.473         (10.556, 98.053, 11.257)         (2.69945, 99.3524, 32.3031)
                                                                                    (26.55, 101.808, 28.514)

             16          A 202          A 213             12        466.549         (26.55, 101.808, 28.514)         (24.4321, 79.4572, 22.3546)
                                                                                    (14.194, 83.99, 16.478)

             17          A 213          A 227             15        573.349         (14.194, 83.99, 16.478)
                                                                                    (23.194, 102.747, 21.522)

             18          A 227          A 247             21        839.993         (23.194, 102.747, 21.522)         (27.7465, 63.1107, 24.8735)
                                                                                    (34.656, 89.864, 30.669)

             19          A 247          A 257             11        421.294         (34.656, 89.864, 30.669)         (18.6934, 99.3734, 28.5329)
                                                                                    (15.187, 77.206, 30.145)

             20          A 257          A 276             20        778.759         (15.187, 77.206, 30.145)         (39.3956, 75.9723, 42.8715)
                                                                                    (20.911, 93.868, 36.16)

             21          A 276          A 285             10        379.238         (20.911, 93.868, 36.16)         (7.02875, 81.0952, 23.2263)
                                                                                    (12.542, 77.468, 40.943)

             22          A 285          A 296             12         467.94         (12.542, 77.468, 40.943)
                                                                                    (21.072, 93.303, 42.458)

             23          A 296          A 307             12        444.319         (21.072, 93.303, 42.458)         (4.4557, 84.9129, 32.4585)
                                                                                    (2.933, 88.404, 15.884)

             24          A 307          A 323             17        685.095         (2.933, 88.404, 15.884)         (11.886, 96.4997, 43.2602)
                                                                                    (2.372, 85.879, 36.174)

             25          A 323          A 337             15         581.38         (2.372, 85.879, 36.174)         (6.62534, 110.721, 22.2555)
                                                                                    (-14.596, 84.559, 25.06)

             26          A 337          A 345              9        357.553         (-14.596, 84.559, 25.06)         (-18.672, 90.1959, 17.2306)
                                                                                    (-10.875, 89.528, 36.027)

             27          A 345          A 355             11        420.577         (-10.875, 89.528, 36.027)         (-9.85982, 74.9383, 25.2756)
                                                                                    (-1.95, 98.682, 18.85)

             28          A 355          A 377             23          915.5         (-1.95, 98.682, 18.85)         (-0.406296, 74.9968, -5.4633)
                                                                                    (-8.341, 92.306, 17.694)

             29          A 377          A 388             12        459.352         (-8.341, 92.306, 17.694)         (0.175942, 72.6381, 21.356)
                                                                                    (-7.632, 92.376, 39.753)

             30          A 388          A 398             11        433.472         (-7.632, 92.376, 39.753)         (5.06818, 85.7462, 34.2419)
                                                                                    (-6.169, 77.514, 22.663)

