Using structure file: /home/pkas7/Research/SCOP/pdbstyle-1.75B/iv/d3ivza_.ent
Number of residues: 260
Doing a BEZIER segmentation ...

Bounding box volume: 100807
Null Model Fit: 12048.3 bits.
Bits per residue: 46.5186

Bezier model fit: 10725.3 bits.
Bits per residue: 41.4106

# of segments: 15
Internal segmentation:
0-->13-->32-->50-->78-->90-->91-->103-->121-->135-->159-->186-->200-->213-->233-->259

CPU time used: 16.11 secs.
Wall clock time elapsed: 16 secs.

        SEGMENT          START            END   NUM_RESIDUES MESSAGE_LENGTH                    END_POINTS        INTERMEDIATE_CONTROL_POINTS
              1            A 2           A 15             14        536.065         (0.463, 33.461, 17.845)         (15.8824, 9.44106, 21.7173)
                                                                                    (6.726, 1.117, 12.05)

              2           A 15           A 34             20        760.497         (6.726, 1.117, 12.05)         (-2.1926, 11.2063, 20.4972)
                                                                                    (-2.783, 26.817, 21.965)

              3           A 34           A 52             19        752.939         (-2.783, 26.817, 21.965)
                                                                                    (19.257, -0.631, 2.374)

              4           A 52           A 80             29         1151.4         (19.257, -0.631, 2.374)         (-5.93855, 7.79168, -2.70533)
                                                                                    (-7.469, 22.992, 13.486)

              5           A 80           A 92             13        493.455         (-7.469, 22.992, 13.486)         (15.5624, 15.8138, 11.6632)
                                                                                    (7.565, 7.252, -8.817)

              6           A 92           A 93              2        49.5557         (7.565, 7.252, -8.817)
                                                                                    (10.77, 5.259, -8.695)

              7           A 93          A 105             13        488.652         (10.77, 5.259, -8.695)         (14.9983, 20.8562, 10.8411)
                                                                                    (-8.087, 22.568, 4.151)

              8          A 105          A 123             19        761.931         (-8.087, 22.568, 4.151)         (30.7972, 20.6087, 1.36512)
                                                                                    (18.662, 6.34, -0.471)

              9          A 123          A 137             15        580.634         (18.662, 6.34, -0.471)         (17.8752, 28.5261, -8.43679)
                                                                                    (-2.685, 33.789, 5.518)

             10          A 137          A 162             25        992.821         (-2.685, 33.789, 5.518)         (38.3048, 15.87, 7.90956)
                                                                                    (9.309, 36.473, 3.603)

             11          A 162          A 189             28        1128.72         (9.309, 36.473, 3.603)         (30.5261, 3.71679, 25.373)
                                                                                    (15.245, 38.501, 12.27)

             12          A 189          A 203             15        574.551         (15.245, 38.501, 12.27)         (7.05095, 12.6349, 19.7062)
                                                                                    (22.73, 2.071, 17.863)

             13          A 203          A 216             14        539.341         (22.73, 2.071, 17.863)         (11.4023, 21.2414, 21.8142)
                                                                                    (16.661, 38.543, 19.27)

             14          A 216          A 236             21        831.806         (16.661, 38.543, 19.27)         (12.403, -4.98177, 33.1355)
                                                                                    (5.365, 38.331, 17.747)

             15          A 236          A 262             27        1082.96         (5.365, 38.331, 17.747)         (16.8872, 58.3697, 9.49433)
                                                                                    (32.974, 36.53, -5.042)

