Using structure file: /home/pkas7/Research/SCOP/pdbstyle-1.75B/jq/d3jqwa_.ent
Number of residues: 117
Doing a BEZIER segmentation ...

Bounding box volume: 23745.7
Null Model Fit: 5154.2 bits.
Bits per residue: 44.4327

Bezier model fit: 4775.93 bits.
Bits per residue: 41.1718

# of segments: 11
Internal segmentation:
0-->13-->22-->33-->44-->57-->68-->80-->90-->104-->114-->116

CPU time used: 6.82 secs.
Wall clock time elapsed: 6 secs.

        SEGMENT          START            END   NUM_RESIDUES MESSAGE_LENGTH                    END_POINTS        INTERMEDIATE_CONTROL_POINTS
              1          A 863          A 876             14        555.673         (-20.365, -2.55, 14.185)         (0.325492, 9.07364, 6.8847)
                                                                                    (-4.622, -3.785, 22.991)

              2          A 876          A 885             10        376.735         (-4.622, -3.785, 22.991)
                                                                                    (-17.396, -7.911, 2.12)

              3          A 885          A 896             12        456.066         (-17.396, -7.911, 2.12)         (-2.15946, 8.56697, 3.86505)
                                                                                    (7.383, 3.611, 12.958)

              4          A 896          A 907             12        435.404         (7.383, 3.611, 12.958)         (-10.4445, -4.31822, 14.8751)
                                                                                    (-17.324, -20.808, 13.9)

              5          A 907          A 920             14        534.158         (-17.324, -20.808, 13.9)
                                                                                    (5.77, 2.046, -2.39)

              6          A 920          A 931             12        447.916         (5.77, 2.046, -2.39)         (1.2397, -13.2019, 8.83018)
                                                                                    (-2.801, -16.365, 22.953)

              7          A 931          A 943             13         500.55         (-2.801, -16.365, 22.953)         (5.11685, -19.7994, 4.33901)
                                                                                    (1.355, -5.586, -5.062)

              8          A 943          A 953             11        407.736         (1.355, -5.586, -5.062)         (-4.01352, -21.5552, 4.54705)
                                                                                    (-11.159, -22.454, 17.421)

              9          A 953          A 967             15        577.471         (-11.159, -22.454, 17.421)
                                                                                    (8.21, 6.173, 3.486)

             10          A 967          A 977             11        391.319         (8.21, 6.173, 3.486)         (-9.12907, 1.60118, 0.423767)
                                                                                    (-14.217, -16.939, 4.877)

             11          A 977          A 979              3        92.9025         (-14.217, -16.939, 4.877)
                                                                                    (-15.48, -14.51, 9.919)

