Using structure file: /home/pkas7/Research/SCOP/pdbstyle-1.75B/k3/d3k34a_.ent
Number of residues: 258
Doing a BEZIER segmentation ...

Bounding box volume: 73392.4
Null Model Fit: 11837.6 bits.
Bits per residue: 46.0607

Bezier model fit: 10666.5 bits.
Bits per residue: 41.5037

# of segments: 18
Internal segmentation:
0-->6-->32-->49-->61-->80-->96-->108-->123-->134-->148-->166-->182-->197-->202-->215-->232-->248-->257

CPU time used: 15.65 secs.
Wall clock time elapsed: 15 secs.

        SEGMENT          START            END   NUM_RESIDUES MESSAGE_LENGTH                    END_POINTS        INTERMEDIATE_CONTROL_POINTS
              1            A 3            A 9              7        266.699         (13.258, -0.779, 7.363)         (-0.751115, -2.47333, 11.5396)
                                                                                    (10.21, -11.463, 12.311)

              2            A 9           A 35             27         1076.1         (10.21, -11.463, 12.311)         (16.0214, 15.2947, 23.1598)
                                                                                    (-13.271, -11.687, 32.906)

              3           A 35           A 52             18          695.3         (-13.271, -11.687, 32.906)         (-21.2683, 6.74068, 46.495)
                                                                                    (-27.271, 6.653, 11.346)

              4           A 52           A 64             13        494.946         (-27.271, 6.653, 11.346)         (-11.2007, 8.81872, -5.75621)
                                                                                    (-0.757, -2.852, 7.605)

              5           A 64           A 83             20        791.019         (-0.757, -2.852, 7.605)         (-29.7582, 23.1347, 1.13764)
                                                                                    (-16.869, 5.731, 30.232)

              6           A 83           A 99             17        655.605         (-16.869, 5.731, 30.232)         (-18.2162, 20.2746, 8.64782)
                                                                                    (-3.563, -16.599, 9.113)

              7           A 99          A 111             13        520.887         (-3.563, -16.599, 9.113)
                                                                                    (-6.481, -15.71, 26.966)

              8          A 111          A 127             16        608.856         (-6.481, -15.71, 26.966)         (-14.2538, -8.89249, 4.34783)
                                                                                    (-13.19, 18.774, 22.279)

              9          A 127          A 138             12        474.099         (-13.19, 18.774, 22.279)         (-1.77844, 16.1959, 8.06069)
                                                                                    (-4.726, 11.221, 27.257)

             10          A 138          A 152             15        569.223         (-4.726, 11.221, 27.257)
                                                                                    (-22.405, -17.64, 9.841)

             11          A 152          A 170             19        755.441         (-22.405, -17.64, 9.841)         (-21.8615, -1.96679, -5.73766)
                                                                                    (-0.31, -1.241, -0.273)

             12          A 170          A 186             17        653.924         (-0.31, -1.241, -0.273)         (-27.4371, 11.3685, -4.7666)
                                                                                    (-23.596, -7.361, 17.441)

             13          A 186          A 201             16        626.117         (-23.596, -7.361, 17.441)         (-15.1531, 0.92168, 39.5679)
                                                                                    (3.052, 2.547, 15.886)

             14          A 201          A 206              6        219.462         (3.052, 2.547, 15.886)
                                                                                    (-4.559, 8.261, 24.032)

             15          A 206          A 219             14        523.399         (-4.559, 8.261, 24.032)         (-24.0645, -8.54683, 30.6699)
                                                                                    (-18.062, -16.698, 7.389)

             16          A 219          A 236             18        696.096         (-18.062, -16.698, 7.389)
                                                                                    (6.552, -6.366, -5.365)

             17          A 236          A 252             17        658.294         (6.552, -6.366, -5.365)         (-6.12558, -16.4727, 11.1898)
                                                                                    (0.441, -2.611, 34.633)

             18          A 252          A 261             10        380.997         (0.441, -2.611, 34.633)
                                                                                    (-23.351, -7.253, 36.125)

