Using structure file: /home/pkas7/Research/SCOP/pdbstyle-1.75B/ka/d3kana_.ent
Number of residues: 117
Doing a BEZIER segmentation ...

Bounding box volume: 35933.8
Null Model Fit: 5223.53 bits.
Bits per residue: 45.0304

Bezier model fit: 4809.06 bits.
Bits per residue: 41.4574

# of segments: 10
Internal segmentation:
0-->16-->30-->50-->52-->63-->69-->93-->103-->115-->116

CPU time used: 6.72 secs.
Wall clock time elapsed: 6 secs.

        SEGMENT          START            END   NUM_RESIDUES MESSAGE_LENGTH                    END_POINTS        INTERMEDIATE_CONTROL_POINTS
              1            A 1           A 17             17         663.81         (33.316, -13.214, 3.721)         (34.0298, -40.3963, -23.4345)
                                                                                    (27.065, -13.49, -13.693)

              2           A 17           A 31             15        570.945         (27.065, -13.49, -13.693)
                                                                                    (24.266, -10.483, 7.239)

              3           A 31           A 51             21        832.173         (24.266, -10.483, 7.239)         (42.8341, -11.5625, -18.0656)
                                                                                    (32.116, -41.123, -4.874)

              4           A 51           A 53              3        94.0979         (32.116, -41.123, -4.874)
                                                                                    (31.816, -37.862, -10.973)

              5           A 53           A 64             12        441.381         (31.816, -37.862, -10.973)
                                                                                    (34.327, -13.489, 10.864)

              6           A 64           A 70              7        261.412         (34.327, -13.489, 10.864)
                                                                                    (25.844, -25.401, 14.199)

              7           A 70           A 94             25        987.734         (25.844, -25.401, 14.199)         (15.1688, -15.8596, -10.5678)
                                                                                    (25.515, -32.892, -5.577)

              8           A 94          A 104             11        391.629         (25.515, -32.892, -5.577)         (33.1172, -25.5531, 10.3305)
                                                                                    (40.659, -10.428, 12.166)

              9          A 104          A 116             13        517.814         (40.659, -10.428, 12.166)         (49.214, -7.30807, -2.74615)
                                                                                    (44.134, -2.669, 12.982)

             10          A 116          A 117              2        48.0675         (44.134, -2.669, 12.982)
                                                                                    (41.25, -1.376, 10.865)

