Using structure file: /home/pkas7/Research/SCOP/pdbstyle-1.75B/kf/d3kfaa_.ent
Number of residues: 284
Doing a BEZIER segmentation ...

Bounding box volume: 119403
Null Model Fit: 13233.9 bits.
Bits per residue: 46.7628

Bezier model fit: 11729 bits.
Bits per residue: 41.4453

# of segments: 20
Internal segmentation:
0-->5-->24-->35-->47-->68-->80-->88-->108-->129-->145-->146-->162-->170-->185-->189-->207-->225-->251-->258-->283

CPU time used: 18.14 secs.
Wall clock time elapsed: 18 secs.

        SEGMENT          START            END   NUM_RESIDUES MESSAGE_LENGTH                    END_POINTS        INTERMEDIATE_CONTROL_POINTS
              1          A 228          A 233              6        234.778         (7.389, -34.708, 24.763)         (16.4336, -36.7958, 31.7777)
                                                                                    (12.072, -27.001, 24.996)

              2          A 233          A 252             20        792.457         (12.072, -27.001, 24.996)         (26.6747, -29.475, 0.385015)
                                                                                    (28.35, -2.571, 11.813)

              3          A 252          A 263             12        454.318         (28.35, -2.571, 11.813)
                                                                                    (14.541, -28.98, 6.762)

              4          A 263          A 275             13        497.938         (14.541, -28.98, 6.762)         (14.2262, -9.01924, 3.99306)
                                                                                    (31.966, -17.325, 23.94)

              5          A 275          A 296             22        874.122         (31.966, -17.325, 23.94)         (17.0638, -12.3587, 37.1479)
                                                                                    (3.131, -8.617, 12.135)

              6          A 296          A 308             13        500.874         (3.131, -8.617, 12.135)
                                                                                    (25.549, -24.136, 25.349)

              7          A 308          A 316              9        339.292         (25.549, -24.136, 25.349)
                                                                                    (12.863, -14.615, 9.862)

              8          A 316          A 336             21        843.821         (12.863, -14.615, 9.862)         (25.1828, 8.57403, -1.98519)
                                                                                    (6.275, 7.359, -3.098)

              9          A 336          A 357             22        827.752         (6.275, 7.359, -3.098)
                                                                                    (3.44, -5.057, 26.429)

             10          A 357          A 373             17        668.255         (3.44, -5.057, 26.429)         (26.8711, 11.1332, 20.669)
                                                                                    (8.751, -7.483, -0.003)

             11          A 373          A 374              2        49.7999         (8.751, -7.483, -0.003)
                                                                                    (6.138, -4.914, -0.984)

             12          A 374          A 390             17        666.697         (6.138, -4.914, -0.984)         (19.3867, -8.06466, 29.4094)
                                                                                    (31.179, 6.839, 13.558)

             13          A 390          A 398              9        345.837         (31.179, 6.839, 13.558)
                                                                                    (29.319, 6.184, 30.818)

             14          A 398          A 413             16        638.545         (29.319, 6.184, 30.818)         (12.0775, 13.9004, 10.6101)
                                                                                    (18.338, 11.995, 33.812)

             15          A 413          A 417              5        181.748         (18.338, 11.995, 33.812)
                                                                                    (10.101, 5.076, 28.94)

             16          A 417          A 435             19        718.972         (10.101, 5.076, 28.94)
                                                                                    (14.612, 9.459, 2.593)

             17          A 435          A 453             19        758.703         (14.612, 9.459, 2.593)         (34.3705, 22.194, 19.358)
                                                                                    (15.773, 23.17, 25.829)

             18          A 453          A 479             27        1066.21         (15.773, 23.17, 25.829)         (-0.948593, 14.6811, -13.3743)
                                                                                    (7.288, 17.012, 28.818)

             19          A 479          A 486              8        308.655         (7.288, 17.012, 28.818)
                                                                                    (1.488, 5.043, 20.202)

             20          A 486          A 511             26        960.257         (1.488, 5.043, 20.202)         (-9.13747, 9.13848, 5.18694)
                                                                                    (-3.487, 4.871, -17.287)

