Using structure file: /home/pkas7/Research/SCOP/pdbstyle-1.75B/km/d3kmaa_.ent
Number of residues: 105
Doing a BEZIER segmentation ...

Bounding box volume: 30642.4
Null Model Fit: 4659.26 bits.
Bits per residue: 44.8006

Bezier model fit: 4353.17 bits.
Bits per residue: 41.8574

# of segments: 9
Internal segmentation:
0-->2-->16-->25-->40-->54-->71-->81-->96-->104

CPU time used: 5.75 secs.
Wall clock time elapsed: 5 secs.

        SEGMENT          START            END   NUM_RESIDUES MESSAGE_LENGTH                    END_POINTS        INTERMEDIATE_CONTROL_POINTS
              1            A 1            A 3              3        93.6383         (-28.762, 34.069, 59.802)
                                                                                    (-27.653, 41.096, 58.189)

              2            A 3           A 17             15        597.731         (-27.653, 41.096, 58.189)
                                                                                    (-27.16, 29.719, 50.018)

              3           A 17           A 26             10        380.305         (-27.16, 29.719, 50.018)         (-36.6233, 47.964, 52.0698)
                                                                                    (-21.774, 46.034, 40.063)

              4           A 26           A 41             16         612.24         (-21.774, 46.034, 40.063)         (-13.8354, 41.6446, 64.7283)
                                                                                    (-2.748, 18.415, 56.345)

              5           A 41           A 55             15        593.044         (-2.748, 18.415, 56.345)         (-29.0226, 20.5389, 55.2118)
                                                                                    (0.093, 26.226, 48.077)

              6           A 55           A 72             18         699.96         (0.093, 26.226, 48.077)         (-24.675, 36.1121, 70.5622)
                                                                                    (-21.365, 28.202, 36.19)

              7           A 72           A 82             11        418.264         (-21.365, 28.202, 36.19)         (-23.2877, 41.8934, 44.3711)
                                                                                    (-2.039, 36.921, 50.372)

              8           A 82           A 97             16        623.805         (-2.039, 36.921, 50.372)         (-11.5972, 31.6797, 70.049)
                                                                                    (-33.462, 41.464, 45.944)         (-20.3374, 48.3161, 21.9171)

              9           A 97          A 105              9        334.188         (-33.462, 41.464, 45.944)
                                                                                    (-15.674, 27.476, 40.586)

