Using structure file: /home/pkas7/Research/SCOP/pdbstyle-1.75B/ks/d3ks9a_.ent
Number of residues: 445
Doing a BEZIER segmentation ...

Bounding box volume: 206397
Null Model Fit: 21113.3 bits.
Bits per residue: 47.5524

Bezier model fit: 18467 bits.
Bits per residue: 41.5924

# of segments: 33
Internal segmentation:
0-->9-->23-->37-->58-->63-->76-->102-->103-->118-->129-->142-->163-->173-->189-->207-->231-->246-->250-->268-->281-->298-->315-->321-->322-->342-->367-->368-->390-->404-->405-->421-->434-->444

CPU time used: 28.7 secs.
Wall clock time elapsed: 28 secs.

        SEGMENT          START            END   NUM_RESIDUES MESSAGE_LENGTH                    END_POINTS        INTERMEDIATE_CONTROL_POINTS
              1           A 35           A 44             10        374.523         (-34.253, 9.427, 8.296)         (-26.965, 0.272006, 20.1637)
                                                                                    (-37.544, -14.454, 14.459)

              2           A 44           A 58             15        590.461         (-37.544, -14.454, 14.459)         (-38.0847, 6.47321, 27.7365)
                                                                                    (-36.69, 23.154, 21.672)

              3           A 58           A 72             15        596.553         (-36.69, 23.154, 21.672)         (-42.5167, 24.8323, 5.92157)
                                                                                    (-28.788, 8.857, 29.392)

              4           A 72           A 93             22         828.03         (-28.788, 8.857, 29.392)
                                                                                    (-33.108, -22.336, 27.348)

              5           A 93           A 98              6         233.23         (-33.108, -22.336, 27.348)
                                                                                    (-36.425, -22.107, 19.852)

              6           A 98          A 111             14        527.732         (-36.425, -22.107, 19.852)         (-32.4985, 3.28512, 15.7182)
                                                                                    (-42.769, 14.338, 22.243)

              7          A 111          A 163             27        1073.25         (-42.769, 14.338, 22.243)         (-47.3561, -13.9176, -7.15227)
                                                                                    (-42.466, 6.889, 28.659)

              8          A 163          A 164              2        50.5895         (-42.466, 6.889, 28.659)
                                                                                    (-45.046, 9.59, 29.356)

              9          A 164          A 179             16         625.88         (-45.046, 9.59, 29.356)         (-54.3598, 10.1424, 17.5267)
                                                                                    (-53.78, -4.53, 16.472)

             10          A 179          A 190             12        465.052         (-53.78, -4.53, 16.472)         (-35.2182, 1.42905, 33.8708)
                                                                                    (-55.698, 6.633, 35.091)

             11          A 190          A 203             14        561.207         (-55.698, 6.633, 35.091)         (-67.0257, -0.546747, 16.8222)
                                                                                    (-48.412, -1.789, 31.571)

             12          A 203          A 224             22        858.812         (-48.412, -1.789, 31.571)
                                                                                    (-59.207, 10.072, 60.732)

             13          A 224          A 234             11        413.376         (-59.207, 10.072, 60.732)
                                                                                    (-53.911, 18.941, 35.189)

             14          A 234          A 250             17        646.313         (-53.911, 18.941, 35.189)
                                                                                    (-67.691, 5.282, 49.801)

             15          A 250          A 268             19         762.61         (-67.691, 5.282, 49.801)         (-70.1727, 20.7335, 72.1849)
                                                                                    (-50.91, 35.372, 47.242)         (-42.8855, 25.0489, 19.5856)

             16          A 268          A 292             25        982.058         (-50.91, 35.372, 47.242)         (-67.0709, 18.944, 74.7121)
                                                                                    (-46.809, 18.074, 41.804)

             17          A 292          A 307             16        612.261         (-46.809, 18.074, 41.804)
                                                                                    (-44.403, 32.152, 60.422)

             18          A 307          A 311              5        179.842         (-44.403, 32.152, 60.422)
                                                                                    (-49.782, 22.447, 62.41)

             19          A 311          A 329             19        756.422         (-49.782, 22.447, 62.41)         (-43.8177, 1.10029, 34.0472)
                                                                                    (-34.656, 25.772, 52.403)

             20          A 329          A 342             14        541.308         (-34.656, 25.772, 52.403)         (-47.7075, 19.9878, 67.4416)
                                                                                    (-42.895, 3.837, 43.445)

             21          A 342          A 359             18         696.61         (-42.895, 3.837, 43.445)         (-20.877, -12.7658, 39.7134)
                                                                                    (-17.23, 3.437, 22.333)

             22          A 359          A 376             18        711.714         (-17.23, 3.437, 22.333)         (-31.3544, 2.04586, 12.8311)
                                                                                    (-17.562, 12.855, 28.702)

             23          A 376          A 382              7        263.381         (-17.562, 12.855, 28.702)
                                                                                    (-13.714, 13.549, 11.831)

             24          A 382          A 388              2        50.5895         (-13.714, 13.549, 11.831)
                                                                                    (-18.597, 19.522, 18.034)

             25          A 388          A 408             21        840.567         (-18.597, 19.522, 18.034)         (-0.0301155, 4.42244, 32.7547)
                                                                                    (-34.918, 4.683, 38.397)

             26          A 408          A 433             26        996.592         (-34.918, 4.683, 38.397)         (-45.6339, -12.0151, 24.6313)
                                                                                    (-48.377, -27.137, 20.182)

             27          A 433          A 434              2        50.5895         (-48.377, -27.137, 20.182)
                                                                                    (-45.669, -29.702, 19.373)

             28          A 434          A 456             23         913.39         (-45.669, -29.702, 19.373)         (-49.9716, -5.23677, 3.85873)
                                                                                    (-53.176, -13.68, 30.966)

             29          A 456          A 470             15        593.748         (-53.176, -13.68, 30.966)         (-23.5268, -10.6275, 46.8342)
                                                                                    (-55.801, -7.54, 35.285)

             30          A 470          A 471              2        50.5895         (-55.801, -7.54, 35.285)
                                                                                    (-58.468, -7.553, 32.637)

             31          A 471          A 487             17        645.678         (-58.468, -7.553, 32.637)
                                                                                    (-31.977, 13.27, 61.948)

             32          A 487          A 502             14        541.748         (-31.977, 13.27, 61.948)
                                                                                    (-50.566, -4.852, 46.326)

             33          A 502          A 512             11         432.31         (-50.566, -4.852, 46.326)
                                                                                    (-43.91, 7.576, 62.207)

