Using structure file: /home/pkas7/Research/SCOP/pdbstyle-1.75B/kw/d3kwoa_.ent
Number of residues: 149
Doing a BEZIER segmentation ...

Bounding box volume: 46363
Null Model Fit: 6718.91 bits.
Bits per residue: 45.398

Bezier model fit: 5899.32 bits.
Bits per residue: 39.8602

# of segments: 11
Internal segmentation:
0-->3-->30-->33-->62-->78-->79-->89-->118-->119-->146-->148

CPU time used: 8.33 secs.
Wall clock time elapsed: 8 secs.

        SEGMENT          START            END   NUM_RESIDUES MESSAGE_LENGTH                    END_POINTS        INTERMEDIATE_CONTROL_POINTS
              1           A -1            A 2              4        141.481         (14.484, 12.737, 97.554)
                                                                                    (15.901, 9.056, 105.135)

              2            A 2           A 29             28        1053.44         (15.901, 9.056, 105.135)         (20.2866, 17.6932, 124.482)
                                                                                    (3.405, 35.126, 135.129)

              3           A 29           A 32              4        141.481         (3.405, 35.126, 135.129)
                                                                                    (-2.6, 30.381, 136.166)

              4           A 32           A 61             30        1120.84         (-2.6, 30.381, 136.166)         (13.1041, 14.0639, 131.072)
                                                                                    (19.476, 1.753, 112.661)

              5           A 61           A 77             17        662.538         (19.476, 1.753, 112.661)         (35.6643, 23.8416, 125.493)
                                                                                    (14.621, 23.993, 113.417)

              6           A 77           A 78              2        48.4351         (14.621, 23.993, 113.417)
                                                                                    (11.735, 24.253, 115.88)

              7           A 78           A 88             11        419.305         (11.735, 24.253, 115.88)         (16.9839, 43.5484, 127.397)
                                                                                    (-0.576, 32.064, 130.504)

              8           A 88          A 117             30        1116.89         (-0.576, 32.064, 130.504)         (5.59494, 22.2718, 109.259)
                                                                                    (9.174, -0.394, 105.33)

              9          A 117          A 118              2        48.4351         (9.174, -0.394, 105.33)
                                                                                    (10.448, 0.52, 108.805)

             10          A 118          A 145             28        1051.64         (10.448, 0.52, 108.805)         (-0.282291, 10.4048, 123.429)
                                                                                    (-13.963, 31.89, 122.008)

             11          A 145          A 147              3        94.8332         (-13.963, 31.89, 122.008)
                                                                                    (-20.041, 31.041, 119.833)

