Using structure file: /home/pkas7/Research/SCOP/pdbstyle-1.75B/kz/d3kzga_.ent
Number of residues: 228
Doing a BEZIER segmentation ...

Bounding box volume: 85317.4
Null Model Fit: 10505.1 bits.
Bits per residue: 46.2779

Bezier model fit: 9458.29 bits.
Bits per residue: 41.6665

# of segments: 15
Internal segmentation:
0-->21-->40-->49-->60-->78-->90-->102-->117-->136-->138-->156-->182-->199-->226-->227

CPU time used: 13.84 secs.
Wall clock time elapsed: 13 secs.

        SEGMENT          START            END   NUM_RESIDUES MESSAGE_LENGTH                    END_POINTS        INTERMEDIATE_CONTROL_POINTS
              1           A 18           A 39             22        889.491         (30.335, 99.509, 74.613)         (62.6168, 122.591, 50.4267)
                                                                                    (32.786, 122.297, 67.133)

              2           A 39           A 58             20        792.327         (32.786, 122.297, 67.133)         (48.9867, 105.243, 48.4058)
                                                                                    (31.425, 98.282, 64.364)

              3           A 58           A 67             10        361.476         (31.425, 98.282, 64.364)         (33.462, 113.459, 69.2293)
                                                                                    (49.787, 119.286, 68.797)

              4           A 67           A 78             12        464.504         (49.787, 119.286, 68.797)
                                                                                    (45.165, 106.54, 77.76)

              5           A 78           A 96             19        764.432         (45.165, 106.54, 77.76)         (55.9012, 108.704, 49.6178)
                                                                                    (57.137, 102.247, 73.865)

              6           A 96          A 108             13        490.195         (57.137, 102.247, 73.865)         (41.7694, 92.5163, 51.7009)
                                                                                    (60.288, 112.692, 53.556)

              7          A 108          A 120             13        507.884         (60.288, 112.692, 53.556)         (61.2849, 142.276, 46.1319)
                                                                                    (69.632, 120.947, 44.235)

              8          A 120          A 135             16        640.876         (69.632, 120.947, 44.235)         (74.3746, 129.904, 60.143)
                                                                                    (59.246, 113.298, 63.987)

              9          A 135          A 154             20        780.968         (59.246, 113.298, 63.987)         (90.4495, 115.565, 51.0106)
                                                                                    (56.16, 122.302, 67.435)

             10          A 154          A 156              3        96.5929         (56.16, 122.302, 67.435)
                                                                                    (53.676, 123.025, 61.079)

             11          A 156          A 174             19          754.2         (53.676, 123.025, 61.079)         (69.9485, 144.305, 56.4472)
                                                                                    (56.246, 114.451, 54.877)

             12          A 174          A 200             27        1074.36         (56.246, 114.451, 54.877)         (36.6368, 142.586, 37.5138)
                                                                                    (65.715, 116.659, 45.408)

             13          A 200          A 217             18        712.627         (65.715, 116.659, 45.408)
                                                                                    (46.377, 96.881, 72.937)

             14          A 217          A 244             28        1079.04         (46.377, 96.881, 72.937)         (36.5907, 85.9245, 46.0937)
                                                                                    (44.136, 111.906, 47.765)

             15          A 244          A 245              2         49.315         (44.136, 111.906, 47.765)
                                                                                    (47.397, 110.841, 46.158)

