Using structure file: /home/pkas7/Research/SCOP/pdbstyle-1.75B/l2/d3l21a_.ent
Number of residues: 295
Doing a BEZIER segmentation ...

Bounding box volume: 81638.2
Null Model Fit: 13587 bits.
Bits per residue: 46.2143

Bezier model fit: 12156.2 bits.
Bits per residue: 41.3476

# of segments: 19
Internal segmentation:
0-->22-->41-->49-->75-->87-->102-->113-->117-->133-->143-->144-->162-->182-->201-->227-->249-->262-->278-->294

CPU time used: 18.23 secs.
Wall clock time elapsed: 18 secs.

        SEGMENT          START            END   NUM_RESIDUES MESSAGE_LENGTH                    END_POINTS        INTERMEDIATE_CONTROL_POINTS
              1            A 4           A 26             23        907.395         (121.628, 154.851, 101.988)         (124.358, 175.808, 110.726)
                                                                                    (128.109, 203.072, 90.983)

              2           A 26           A 45             20        784.243         (128.109, 203.072, 90.983)         (136.844, 182.908, 93.6827)
                                                                                    (133.309, 177.798, 108.451)

              3           A 45           A 53              9        346.707         (133.309, 177.798, 108.451)
                                                                                    (118.066, 185.001, 98.782)

              4           A 53           A 79             27        1074.65         (118.066, 185.001, 98.782)         (119.661, 198.328, 81.4658)
                                                                                    (134.356, 172.736, 94.548)

              5           A 79           A 91             13        482.538         (134.356, 172.736, 94.548)
                                                                                    (105.424, 184.742, 89.51)

              6           A 91          A 106             16        603.309         (105.424, 184.742, 89.51)
                                                                                    (125.597, 174.714, 87.782)

              7          A 106          A 117             12        457.733         (125.597, 174.714, 87.782)         (113.829, 172.743, 101.844)
                                                                                    (102.242, 190.23, 98.179)

              8          A 117          A 121              5        181.347         (102.242, 190.23, 98.179)
                                                                                    (95.49, 180.318, 98.352)

              9          A 121          A 137             17        653.063         (95.49, 180.318, 98.352)
                                                                                    (116.742, 168.152, 88.783)

             10          A 137          A 147             11        412.398         (116.742, 168.152, 88.783)         (112.673, 173.929, 103.502)
                                                                                    (106.377, 187.822, 108.07)

             11          A 147          A 148              2        49.2514         (106.377, 187.822, 108.07)
                                                                                    (107.435, 188.929, 104.578)

             12          A 148          A 166             19         741.51         (107.435, 188.929, 104.578)         (91.8287, 163.803, 107.665)
                                                                                    (112.95, 167.083, 94.476)

             13          A 166          A 187             21         835.75         (112.95, 167.083, 94.476)         (106.123, 185.204, 128.153)
                                                                                    (108.12, 163.317, 106.156)

             14          A 187          A 206             20        795.782         (108.12, 163.317, 106.156)         (123.563, 194.75, 117.74)
                                                                                    (115.837, 168.355, 114.684)

             15          A 206          A 232             27        1065.65         (115.837, 168.355, 114.684)         (137.398, 198.589, 103.972)
                                                                                    (125.844, 166.646, 122.437)

             16          A 232          A 255             23        885.438         (125.844, 166.646, 122.437)         (127.618, 191.915, 128.354)
                                                                                    (117.193, 194.194, 109.127)

             17          A 255          A 268             14        535.608         (117.193, 194.194, 109.127)
                                                                                    (137.181, 195.297, 106.626)

             18          A 268          A 284             17        667.255         (137.181, 195.297, 106.626)         (109.281, 198.593, 87.013)
                                                                                    (125.054, 206.631, 114.058)

             19          A 284          A 300             17        676.568         (125.054, 206.631, 114.058)         (126.035, 188.659, 120.891)
                                                                                    (137.893, 194.673, 118.095)

