Using structure file: /home/pkas7/Research/SCOP/pdbstyle-1.75B/lf/d3lf6a_.ent
Number of residues: 154
Doing a BEZIER segmentation ...

Bounding box volume: 40305.2
Null Model Fit: 6914.99 bits.
Bits per residue: 45.196

Bezier model fit: 6274.19 bits.
Bits per residue: 41.0077

# of segments: 10
Internal segmentation:
0-->18-->20-->35-->60-->73-->77-->95-->112-->129-->153

CPU time used: 8.89 secs.
Wall clock time elapsed: 8 secs.

        SEGMENT          START            END   NUM_RESIDUES MESSAGE_LENGTH                    END_POINTS        INTERMEDIATE_CONTROL_POINTS
              1            A 7           A 25             19        746.689         (-4.552, 6.221, 7.504)         (-18.9842, 3.88534, 23.9939)
                                                                                    (-7.186, -22.801, 30.061)

              2           A 25           A 27              3        94.4291         (-7.186, -22.801, 30.061)
                                                                                    (-6.004, -22.968, 23.526)

              3           A 27           A 42             16        606.169         (-6.004, -22.968, 23.526)
                                                                                    (-20.713, -6.228, 15.342)

              4           A 42           A 67             26        1028.07         (-20.713, -6.228, 15.342)         (-9.31822, -32.7726, -2.4526)
                                                                                    (10.817, -9.574, 24.546)

              5           A 67           A 80             14        528.702         (10.817, -9.574, 24.546)
                                                                                    (-13.767, -11.936, 4.99)

              6           A 80           A 84              5        178.727         (-13.767, -11.936, 4.99)
                                                                                    (-11.611, -2.562, 9.585)

              7           A 84          A 102             19        744.477         (-11.611, -2.562, 9.585)         (-1.86228, -21.0719, 43.0302)
                                                                                    (9.948, -19.407, 10.395)

              8          A 102          A 119             18        699.607         (9.948, -19.407, 10.395)         (-0.532904, -15.8744, 38.1724)
                                                                                    (-8.059, -3.886, 2.276)

              9          A 119          A 136             18        687.267         (-8.059, -3.886, 2.276)
                                                                                    (7.573, -0.313, 23.711)

             10          A 136          A 160             25        960.051         (7.573, -0.313, 23.711)         (-12.9016, -9.04989, 41.7559)
                                                                                    (-3.741, 8.13, 17.674)

