Using structure file: /home/pkas7/Research/SCOP/pdbstyle-1.75B/lo/d3loga_.ent
Number of residues: 435
Doing a BEZIER segmentation ...

Bounding box volume: 142685
Null Model Fit: 20406.6 bits.
Bits per residue: 47.0198

Bezier model fit: 17867.7 bits.
Bits per residue: 41.1699

# of segments: 29
Internal segmentation:
0-->12-->27-->36-->45-->54-->61-->72-->87-->103-->122-->130-->153-->168-->185-->204-->227-->237-->245-->261-->262-->277-->297-->316-->331-->351-->380-->397-->409-->434

CPU time used: 27.5 secs.
Wall clock time elapsed: 27 secs.

        SEGMENT          START            END   NUM_RESIDUES MESSAGE_LENGTH                    END_POINTS        INTERMEDIATE_CONTROL_POINTS
              1           A 15           A 27             13        498.209         (-7.196, 25.436, 12.636)         (-36.0146, 15.819, 12.7383)
                                                                                    (-15.451, 6.764, 17.038)

              2           A 27           A 42             16        613.388         (-15.451, 6.764, 17.038)
                                                                                    (-2.983, 6.527, 0.061)

              3           A 42           A 51             10        379.313         (-2.983, 6.527, 0.061)         (-0.531866, 5.51906, 14.978)
                                                                                    (-10.318, 11.482, 26.772)

              4           A 51           A 60             10        371.993         (-10.318, 11.482, 26.772)
                                                                                    (3.812, 11.451, 7.586)

              5           A 60           A 69             10        376.106         (3.812, 11.451, 7.586)
                                                                                    (21.596, -0.328, 16.212)

              6           A 69           A 76              8        293.662         (21.596, -0.328, 16.212)         (15.5341, 10.7613, 13.2416)
                                                                                    (10.656, 14.45, 2.08)

              7           A 76           A 87             12         454.71         (10.656, 14.45, 2.08)         (29.477, 6.12979, 8.48822)
                                                                                    (19.676, 5.059, 26.992)

              8           A 87          A 102             16        607.014         (19.676, 5.059, 26.992)
                                                                                    (7.878, 21.957, 13.876)

              9          A 102          A 118             17        671.822         (7.878, 21.957, 13.876)         (-0.766361, -5.98418, 18.4508)
                                                                                    (17.277, -0.604, 31.634)

             10          A 118          A 137             20        793.381         (17.277, -0.604, 31.634)         (25.9026, -18.1068, 15.705)
                                                                                    (1.661, 14.236, 10.996)

             11          A 137          A 145              9         324.47         (1.661, 14.236, 10.996)
                                                                                    (-19, 14.395, 20.534)

             12          A 145          A 168             24        950.122         (-19, 14.395, 20.534)         (3.26806, 27.0798, -7.61767)
                                                                                    (-22.633, 9.136, 5.96)

             13          A 168          A 183             16         598.91         (-22.633, 9.136, 5.96)         (-22.3302, -17.047, 10.5164)
                                                                                    (-2.317, -23.971, 20.963)

             14          A 183          A 200             18        671.966         (-2.317, -23.971, 20.963)
                                                                                    (12.767, -22.869, 42.104)

             15          A 200          A 219             20        778.613         (12.767, -22.869, 42.104)         (8.39624, 1.46056, 47.5821)
                                                                                    (-10.834, -4.536, 7.362)         (-6.49624, -32.6517, 0.175388)

             16          A 219          A 242             24        949.321         (-10.834, -4.536, 7.362)         (-26.6133, 2.42992, 38.1607)
                                                                                    (5.296, 1.741, 7.655)

             17          A 242          A 252             11        418.532         (5.296, 1.741, 7.655)         (-10.8328, -6.09577, 13.5199)
                                                                                    (-4.444, 0.82, 30.975)

             18          A 252          A 260              9        344.077         (-4.444, 0.82, 30.975)
                                                                                    (2.655, 20.367, 34.643)

             19          A 260          A 276             17        638.967         (2.655, 20.367, 34.643)         (2.55418, -11.0313, 41.2857)
                                                                                    (-21.426, -12.943, 30.11)

             20          A 276          A 277              2        50.0569         (-21.426, -12.943, 30.11)
                                                                                    (-24.656, -11.464, 31.593)

             21          A 277          A 292             16        611.971         (-24.656, -11.464, 31.593)
                                                                                    (-7.039, -13.503, 48.383)

             22          A 292          A 312             21        794.322         (-7.039, -13.503, 48.383)
                                                                                    (11.772, 9.587, 38.437)

             23          A 312          A 331             20        799.867         (11.772, 9.587, 38.437)         (-6.08707, 10.9825, 57.0089)
                                                                                    (-14.626, -9.217, 27.747)

             24          A 331          A 346             16        607.657         (-14.626, -9.217, 27.747)         (-4.45411, 6.55241, 49.2348)
                                                                                    (16.315, 16.258, 36.974)

             25          A 346          A 366             21        847.801         (16.315, 16.258, 36.974)         (0.250155, -0.738369, 22.9838)
                                                                                    (11.337, -8.817, 39.661)

             26          A 366          A 395             30        1198.54         (11.337, -8.817, 39.661)         (7.79007, -28.8862, 12.1442)
                                                                                    (4.244, 21.401, 25.893)

             27          A 395          A 412             18        703.972         (4.244, 21.401, 25.893)         (-6.54824, -8.54196, 31.9043)
                                                                                    (0.561, -11.389, 4.594)

             28          A 412          A 424             13        476.642         (0.561, -11.389, 4.594)         (-7.0927, -8.74533, 25.7804)
                                                                                    (3.766, -20.076, 41.595)

             29          A 424          A 449             26        1042.33         (3.766, -20.076, 41.595)         (-16.6039, -17.4432, 30.7033)
                                                                                    (-11.486, -7.585, 4.003)

