Using structure file: /home/pkas7/Research/SCOP/pdbstyle-1.75B/lx/d3lx3a_.ent
Number of residues: 163
Doing a BEZIER segmentation ...

Bounding box volume: 51843.2
Null Model Fit: 7380.59 bits.
Bits per residue: 45.5592

Bezier model fit: 6638.14 bits.
Bits per residue: 40.9762

# of segments: 15
Internal segmentation:
0-->11-->12-->23-->24-->37-->47-->70-->86-->95-->111-->115-->140-->151-->153-->162

CPU time used: 9.38 secs.
Wall clock time elapsed: 9 secs.

        SEGMENT          START            END   NUM_RESIDUES MESSAGE_LENGTH                    END_POINTS        INTERMEDIATE_CONTROL_POINTS
              1           A 10           A 21             12        442.768         (18.93, 1.953, 7.699)         (4.85401, 3.02531, 22.7219)
                                                                                    (4.347, 13.685, 34.649)

              2           A 21           A 22              2        48.5963         (4.347, 13.685, 34.649)
                                                                                    (3.086, 14.603, 31.141)

              3           A 22           A 33             12         444.18         (3.086, 14.603, 31.141)         (-13.235, 24.1443, 39.3094)
                                                                                    (-25.572, 20.997, 19.425)

              4           A 33           A 34              2        48.5963         (-25.572, 20.997, 19.425)
                                                                                    (-28.212, 19.675, 21.782)

              5           A 34           A 47             14        515.057         (-28.212, 19.675, 21.782)         (-14.8953, 21.5207, 46.9593)
                                                                                    (2.07, 10.384, 25.444)

              6           A 47           A 57             11        409.505         (2.07, 10.384, 25.444)         (12.4364, 4.16267, 4.79384)
                                                                                    (24.815, 8.665, 17.531)

              7           A 57           A 80             24        917.972         (24.815, 8.665, 17.531)
                                                                                    (-6.666, 25.999, 34.135)

              8           A 80           A 96             17        668.622         (-6.666, 25.999, 34.135)         (-26.8128, 22.252, 7.30016)
                                                                                    (-13.933, 43.09, 33.097)

              9           A 96          A 105             10        373.085         (-13.933, 43.09, 33.097)
                                                                                    (-29.711, 26.189, 27.57)

             10          A 105          A 121             17        660.753         (-29.711, 26.189, 27.57)         (-1.10126, 41.2266, 45.0352)
                                                                                    (-10.655, 24.211, 19.206)

             11          A 121          A 125              5        185.099         (-10.655, 24.211, 19.206)
                                                                                    (-13.017, 16.758, 23.565)

             12          A 125          A 150             26        1015.91         (-13.017, 16.758, 23.565)         (9.04208, 28.0522, 17.9495)
                                                                                    (14.936, 11.48, 10.068)

             13          A 150          A 161             12        448.292         (14.936, 11.48, 10.068)
                                                                                    (-8.885, 9.379, 32.356)

             14          A 161          A 163              3        95.1555         (-8.885, 9.379, 32.356)
                                                                                    (-9.853, 4.341, 30.556)

             15          A 163          A 172             10        364.552         (-9.853, 4.341, 30.556)         (-7.04768, 11.4686, 16.0173)
                                                                                    (5.97, 14.57, 8.267)

