Using structure file: /home/pkas7/Research/SCOP/pdbstyle-1.75B/mm/d3mmca3.ent
Number of residues: 185
Doing a BEZIER segmentation ...

Bounding box volume: 68616.7
Null Model Fit: 8457.31 bits.
Bits per residue: 45.9636

Bezier model fit: 7664.82 bits.
Bits per residue: 41.6567

# of segments: 13
Internal segmentation:
0-->16-->43-->52-->72-->85-->101-->121-->128-->144-->151-->166-->182-->184

CPU time used: 11.07 secs.
Wall clock time elapsed: 11 secs.

        SEGMENT          START            END   NUM_RESIDUES MESSAGE_LENGTH                    END_POINTS        INTERMEDIATE_CONTROL_POINTS
              1          A 167          A 183             17        674.583         (60.971, 0.731, 65.354)         (29.4386, 1.55334, 64.3929)
                                                                                    (30.504, 4.459, 50.766)

              2          A 183          A 210             28        1104.54         (30.504, 4.459, 50.766)         (48.3151, -19.9327, 74.1033)
                                                                                    (62.497, 2.074, 61.685)

              3          A 210          A 219             10        369.845         (62.497, 2.074, 61.685)         (44.9709, 0.38694, 60.7519)
                                                                                    (37.073, 4.528, 49.913)

              4          A 219          A 305             21        840.487         (37.073, 4.528, 49.913)         (60.9757, 14.7168, 62.5581)
                                                                                    (35.213, -4.125, 45.524)

              5          A 305          A 318             14         545.73         (35.213, -4.125, 45.524)
                                                                                    (65.411, 12.197, 55.808)

              6          A 318          A 334             17        675.028         (65.411, 12.197, 55.808)         (48.9358, 7.67219, 36.0297)
                                                                                    (38.352, -10.799, 52.209)

              7          A 334          A 354             21        793.067         (38.352, -10.799, 52.209)
                                                                                    (68.34, -4.282, 53.249)

              8          A 354          A 361              8        306.049         (68.34, -4.282, 53.249)         (70.8286, 8.60585, 65.1689)
                                                                                    (60.202, 1.85, 53.368)

              9          A 361          A 377             17        658.207         (60.202, 1.85, 53.368)         (70.1068, 4.19229, 37.6072)
                                                                                    (56.085, -8.422, 46.349)

             10          A 377          A 384              8        307.729         (56.085, -8.422, 46.349)         (55.8816, -7.73326, 32.5372)
                                                                                    (49.07, 3.077, 36.857)

             11          A 384          A 399             16        624.331         (49.07, 3.077, 36.857)         (65.3939, 20.993, 29.5881)
                                                                                    (71.476, -9.59, 31.929)

             12          A 399          A 415             17         669.26         (71.476, -9.59, 31.929)         (79.9123, -11.2045, 14.4412)
                                                                                    (83.647, -12.051, 35.95)

             13          A 415          A 417              3        95.9643         (83.647, -12.051, 35.95)
                                                                                    (78.131, -8.633, 33.31)

