Using structure file: /home/pkas7/Research/SCOP/pdbstyle-1.75B/n3/d3n3ma_.ent
Number of residues: 328
Doing a BEZIER segmentation ...

Bounding box volume: 87913.3
Null Model Fit: 15147 bits.
Bits per residue: 46.3211

Bezier model fit: 13451.5 bits.
Bits per residue: 41.1362

# of segments: 20
Internal segmentation:
0-->8-->21-->32-->57-->72-->73-->102-->117-->136-->148-->164-->188-->203-->213-->239-->250-->274-->290-->307-->327

CPU time used: 20.31 secs.
Wall clock time elapsed: 20 secs.

        SEGMENT          START            END   NUM_RESIDUES MESSAGE_LENGTH                    END_POINTS        INTERMEDIATE_CONTROL_POINTS
              1           A -6            A 2              9        353.915         (6.687, 34.243, -10.53)         (20.8522, 22.8303, -5.29779)
                                                                                    (10.361, 32.316, 3.343)

              2            A 2           A 15             14        540.013         (10.361, 32.316, 3.343)
                                                                                    (-2.801, 18.356, 0.841)

              3           A 15           A 26             12        444.434         (-2.801, 18.356, 0.841)         (7.26584, 16.4572, 14.0631)
                                                                                    (20.103, 3.267, 19.274)

              4           A 26           A 51             26        1007.18         (20.103, 3.267, 19.274)         (19.6764, -18.9289, 3.59533)
                                                                                    (20.382, 11.541, -7.019)

              5           A 51           A 66             16        622.885         (20.382, 11.541, -7.019)         (34.2836, 21.9367, 8.69685)
                                                                                    (29.247, -0.531, -0.871)

              6           A 66           A 67              2        49.3582         (29.247, -0.531, -0.871)
                                                                                    (27.853, -1.737, 2.456)

              7           A 67           A 96             30        1173.71         (27.853, -1.737, 2.456)         (37.4204, 2.23531, 18.0621)
                                                                                    (5.853, 11.917, -0.335)

              8           A 96          A 111             16        621.845         (5.853, 11.917, -0.335)         (10.3676, 23.2124, 19.8843)
                                                                                    (27.304, 9.351, 20.572)

              9          A 111          A 130             20        768.339         (27.304, 9.351, 20.572)
                                                                                    (12.935, 20.77, -0.767)

             10          A 130          A 142             13        493.784         (12.935, 20.77, -0.767)         (10.0915, 15.4919, 21.3633)
                                                                                    (20.834, 34.662, 26.945)

             11          A 142          A 158             17        646.735         (20.834, 34.662, 26.945)
                                                                                    (19.889, 25.442, 6.85)

             12          A 158          A 182             25        997.858         (19.889, 25.442, 6.85)         (3.06985, 34.9265, 41.9218)
                                                                                    (22.841, 39.633, 7.566)

             13          A 182          A 197             16        622.183         (22.841, 39.633, 7.566)         (2.27935, 29.6913, 16.6035)
                                                                                    (2.012, 14.1, 32.067)

             14          A 197          A 207             11        423.792         (2.012, 14.1, 32.067)
                                                                                    (-0.943, 32.711, 36.138)

             15          A 207          A 233             27        1065.25         (-0.943, 32.711, 36.138)
                                                                                    (9.074, 38.725, 5.709)

             16          A 233          A 244             12        455.153         (9.074, 38.725, 5.709)
                                                                                    (-3.318, 15.411, 24.245)

             17          A 244          A 268             25        993.305         (-3.318, 15.411, 24.245)         (-10.6385, 50.0638, 12.9321)
                                                                                    (3.457, 6.516, 20.617)

             18          A 268          A 284             17        670.841         (3.457, 6.516, 20.617)         (-17.4217, 17.688, 22.3639)
                                                                                    (-4.803, 26.502, 5.849)

             19          A 284          A 301             18         702.74         (-4.803, 26.502, 5.849)         (8.91194, 10.5795, 23.2758)
                                                                                    (6.98, -0.709, 6.855)

             20          A 301          A 321             21        798.225         (6.98, -0.709, 6.855)
                                                                                    (-13.922, 21.02, 5.281)

