Using structure file: /home/pkas7/Research/SCOP/pdbstyle-1.75B/nz/d3nzea_.ent
Number of residues: 256
Doing a BEZIER segmentation ...

Bounding box volume: 69067.2
Null Model Fit: 11723.1 bits.
Bits per residue: 45.9731

Bezier model fit: 10585.6 bits.
Bits per residue: 41.5123

# of segments: 17
Internal segmentation:
0-->22-->33-->54-->73-->84-->91-->110-->119-->136-->149-->158-->171-->185-->192-->216-->238-->255

CPU time used: 15.5 secs.
Wall clock time elapsed: 15 secs.

        SEGMENT          START            END   NUM_RESIDUES MESSAGE_LENGTH                    END_POINTS        INTERMEDIATE_CONTROL_POINTS
              1           A 55           A 77             23        925.518         (-6.029, 21.573, 56.597)         (-27.5514, 23.6789, 40.1322)
                                                                                    (-7.188, 34.708, 45.199)         (21.8119, 38.59, 65.0898)

              2           A 77           A 88             12        466.912         (-7.188, 34.708, 45.199)         (-17.1313, 11.9252, 38.7566)
                                                                                    (-7.522, 26.427, 28.258)

              3           A 88          A 109             22        844.601         (-7.522, 26.427, 28.258)         (-15.047, 34.6834, 43.9663)
                                                                                    (-1.517, 58.982, 35.981)

              4          A 109          A 128             20         774.45         (-1.517, 58.982, 35.981)         (7.61581, 20.7169, 22.6913)
                                                                                    (-13.603, 45.355, 32.469)

              5          A 128          A 139             12         451.79         (-13.603, 45.355, 32.469)         (-6.88788, 69.5771, 34.3027)
                                                                                    (5.246, 46.183, 27.2)

              6          A 139          A 146              8        296.693         (5.246, 46.183, 27.2)
                                                                                    (12.434, 32.255, 15.372)

              7          A 146          A 165             20            769         (12.434, 32.255, 15.372)         (-5.47637, 42.8327, 18.9299)
                                                                                    (-8.375, 51.759, 30.453)

              8          A 165          A 174             10        371.185         (-8.375, 51.759, 30.453)
                                                                                    (12.814, 44.228, 20.213)

              9          A 174          A 191             18        700.525         (12.814, 44.228, 20.213)         (30.5386, 28.9463, 23.8711)
                                                                                    (17.803, 55.196, 22.025)

             10          A 191          A 204             14        531.365         (17.803, 55.196, 22.025)
                                                                                    (3.531, 51.571, 39.158)

             11          A 204          A 213             10        360.643         (3.531, 51.571, 39.158)         (-1.29717, 36.2238, 33.4387)
                                                                                    (10.57, 24.152, 33.467)

             12          A 213          A 231             14        574.849         (10.57, 24.152, 33.467)         (5.54696, 28.7524, 17.1631)
                                                                                    (19.497, 26.437, 25.395)

             13          A 231          A 245             15        592.197         (19.497, 26.437, 25.395)         (22.9067, 16.1115, 43.1588)
                                                                                    (9.005, 38.109, 31.557)

             14          A 245          A 252              8         303.31         (9.005, 38.109, 31.557)
                                                                                    (15.555, 29.394, 45.626)

             15          A 252          A 276             25        999.575         (15.555, 29.394, 45.626)         (27.9536, 38.5893, 17.8536)
                                                                                    (4.55, 48.754, 44.129)

             16          A 276          A 298             23        907.066         (4.55, 48.754, 44.129)         (-1.59931, 7.46032, 30.8787)
                                                                                    (9.604, 37.552, 46.098)

             17          A 298          A 315             18        715.952         (9.604, 37.552, 46.098)         (-15.4208, 29.9221, 36.4837)
                                                                                    (2.107, 20.688, 49.527)

