Using structure file: /home/pkas7/Research/SCOP/pdbstyle-1.75B/o4/d3o46a_.ent
Number of residues: 84
Doing a BEZIER segmentation ...

Bounding box volume: 18179.6
Null Model Fit: 3655.93 bits.
Bits per residue: 44.0474

Bezier model fit: 3427.82 bits.
Bits per residue: 41.2991

# of segments: 7
Internal segmentation:
0-->10-->23-->40-->53-->73-->74-->83

CPU time used: 4.43 secs.
Wall clock time elapsed: 4 secs.

        SEGMENT          START            END   NUM_RESIDUES MESSAGE_LENGTH                    END_POINTS        INTERMEDIATE_CONTROL_POINTS
              1          A 136          A 146             11        395.361         (26.951, 28.655, 15.802)         (18.5535, 27.1385, 31.5716)
                                                                                    (2.528, 36.617, 34.226)

              2          A 146          A 159             14        539.413         (2.528, 36.617, 34.226)         (11.141, 44.7956, 14.5922)
                                                                                    (16.998, 35.366, 3.945)

              3          A 159          A 176             18         716.32         (16.998, 35.366, 3.945)         (8.04366, 50.4321, 30.5411)
                                                                                    (18.059, 37.593, 31.249)

              4          A 176          A 189             14        542.365         (18.059, 37.593, 31.249)         (23.5885, 43.1104, 6.38741)
                                                                                    (10.753, 24.959, 23.275)

              5          A 189          A 209             21        817.679         (10.753, 24.959, 23.275)         (3.35431, 35.1453, -2.4236)
                                                                                    (4.388, 30.294, 30.043)

              6          A 209          A 210              2        47.0845         (4.388, 30.294, 30.043)
                                                                                    (7.143, 29.609, 32.564)

              7          A 210          A 219             10        369.599         (7.143, 29.609, 32.564)         (18.4669, 23.3411, 19.195)
                                                                                    (24.036, 38.219, 16.121)

