Using structure file: /home/pkas7/Research/SCOP/pdbstyle-1.75B/oc/d3oc7a_.ent
Number of residues: 251
Doing a BEZIER segmentation ...

Bounding box volume: 101189
Null Model Fit: 11631 bits.
Bits per residue: 46.5241

Bezier model fit: 10307.5 bits.
Bits per residue: 41.2299

# of segments: 17
Internal segmentation:
0-->1-->14-->25-->31-->49-->69-->92-->105-->121-->133-->148-->165-->179-->195-->219-->244-->250

CPU time used: 14.83 secs.
Wall clock time elapsed: 14 secs.

        SEGMENT          START            END   NUM_RESIDUES MESSAGE_LENGTH                    END_POINTS        INTERMEDIATE_CONTROL_POINTS
              1            A 1            A 2              2        49.5611         (-11.183, 37.935, 7.523)
                                                                                    (-12.685, 37.668, 4.002)

              2            A 2           A 15             14        558.237         (-12.685, 37.668, 4.002)
                                                                                    (7.005, 33, 7.874)

              3           A 15           A 26             12        448.943         (7.005, 33, 7.874)
                                                                                    (-24.071, 29.588, 6.238)

              4           A 26           A 32              7        269.593         (-24.071, 29.588, 6.238)
                                                                                    (-20.272, 26.123, -4.024)

              5           A 32           A 50             19         714.68         (-20.272, 26.123, -4.024)
                                                                                    (8.631, 33.877, -4.38)

              6           A 50           A 81             21        846.309         (8.631, 33.877, -4.38)         (-15.1964, 19.3695, 27.847)
                                                                                    (-30.99, 18.943, -17.063)

              7           A 81          A 104             24        904.643         (-30.99, 18.943, -17.063)         (-16.1717, 14.9449, -8.63093)
                                                                                    (5.003, 23.528, -6.923)

              8          A 104          A 117             14        539.487         (5.003, 23.528, -6.923)         (-8.13112, 22.0516, 22.9778)
                                                                                    (-18.704, 13.522, 1.048)

              9          A 117          A 133             17        665.561         (-18.704, 13.522, 1.048)         (5.73252, 17.7074, -8.77917)
                                                                                    (-9.889, 16.086, 18.896)

             10          A 133          A 145             13        498.196         (-9.889, 16.086, 18.896)
                                                                                    (-28.182, 5.141, -3.034)

             11          A 145          A 160             16         621.23         (-28.182, 5.141, -3.034)         (-3.62336, 16.2532, -11.0797)
                                                                                    (-4.949, 0.715, 2.941)

             12          A 160          A 177             18        710.614         (-4.949, 0.715, 2.941)         (-30.5664, -1.92167, 0.759073)
                                                                                    (-6.655, 8.126, 15.598)

             13          A 177          A 191             15        595.143         (-6.655, 8.126, 15.598)         (-3.38506, 1.95453, -1.84119)
                                                                                    (-2.793, 20.446, 20.028)

             14          A 191          A 207             17        647.584         (-2.793, 20.446, 20.028)
                                                                                    (14.709, 25.102, -1.189)

             15          A 207          A 231             25        961.549         (14.709, 25.102, -1.189)         (7.27222, 5.64574, -8.33791)
                                                                                    (-14.047, 11.392, -17.109)

             16          A 231          A 256             26        1007.99         (-14.047, 11.392, -17.109)         (-35.952, 5.89102, -11.6222)
                                                                                    (-36.052, 11.167, 8.951)

             17          A 256          A 262              7        268.151         (-36.052, 11.167, 8.951)
                                                                                    (-35.005, -1.762, 4.453)

