Using structure file: /home/pkas7/Research/SCOP/pdbstyle-1.75B/oe/d3oe2a_.ent
Number of residues: 133
Doing a BEZIER segmentation ...

Bounding box volume: 38869.4
Null Model Fit: 5958.97 bits.
Bits per residue: 45.1437

Bezier model fit: 5453.52 bits.
Bits per residue: 41.3146

# of segments: 11
Internal segmentation:
0-->4-->23-->31-->48-->59-->70-->93-->103-->112-->118-->132

CPU time used: 7.3 secs.
Wall clock time elapsed: 7 secs.

        SEGMENT          START            END   NUM_RESIDUES MESSAGE_LENGTH                    END_POINTS        INTERMEDIATE_CONTROL_POINTS
              1           A 92           A 96              5        180.523         (10.529, -16.057, -38.047)
                                                                                    (21.286, -12.54, -31.509)

              2           A 96          A 115             20        744.342         (21.286, -12.54, -31.509)
                                                                                    (6.464, 4.991, -9.683)

              3          A 115          A 123              9         342.81         (6.464, 4.991, -9.683)
                                                                                    (13.329, -9.668, -10.593)

              4          A 123          A 140             18         709.93         (13.329, -9.668, -10.593)         (-18.9128, 5.59344, 1.02918)
                                                                                    (2.153, -25.567, -3.228)

              5          A 140          A 151             12        424.664         (2.153, -25.567, -3.228)         (-17.8313, -13.4782, -11.5482)
                                                                                    (4.194, -9.241, -24.936)

              6          A 151          A 162             12        473.066         (4.194, -9.241, -24.936)
                                                                                    (-13.66, -17.068, -16.935)

              7          A 162          A 185             24        967.911         (-13.66, -17.068, -16.935)         (23.5498, -27.462, -7.6285)
                                                                                    (-9.217, -9.509, -4.068)

              8          A 185          A 195             11        405.637         (-9.217, -9.509, -4.068)         (4.25417, -1.85531, -17.0909)
                                                                                    (14.254, -16.215, -17.114)

              9          A 195          A 204             10         381.71         (14.254, -16.215, -17.114)
                                                                                    (7.811, -21.847, -30.595)

             10          A 204          A 210              7        266.038         (7.811, -21.847, -30.595)
                                                                                    (14.213, -13.712, -24.232)

             11          A 210          A 224             15        556.888         (14.213, -13.712, -24.232)         (-13.6876, -0.343735, -12.8462)
                                                                                    (-4.756, -25.799, -0.957)

