Using structure file: /home/pkas7/Research/SCOP/pdbstyle-1.75B/og/d3og7a_.ent
Number of residues: 247
Doing a BEZIER segmentation ...

Bounding box volume: 82909
Null Model Fit: 11374.2 bits.
Bits per residue: 46.2366

Bezier model fit: 10191.4 bits.
Bits per residue: 41.4286

# of segments: 19
Internal segmentation:
0-->7-->19-->28-->40-->62-->73-->95-->97-->118-->134-->135-->144-->145-->156-->157-->177-->198-->226-->246

CPU time used: 15.02 secs.
Wall clock time elapsed: 15 secs.

        SEGMENT          START            END   NUM_RESIDUES MESSAGE_LENGTH                    END_POINTS        INTERMEDIATE_CONTROL_POINTS
              1          A 449          A 456              8        306.917         (-14.538, 9.164, -13.021)
                                                                                    (-1.517, 16.112, -17.588)

              2          A 456          A 468             13        493.157         (-1.517, 16.112, -17.588)         (19.139, 0.788775, -28.6395)
                                                                                    (-4.162, -3.015, -29.733)

              3          A 468          A 477             10        373.616         (-4.162, -3.015, -29.733)         (10.8224, 6.73396, -25.4132)
                                                                                    (2.384, 11.937, -10.277)

              4          A 477          A 489             13        501.931         (2.384, 11.937, -10.277)         (3.48592, -4.86548, -26.1054)
                                                                                    (-9.99, 10.035, -34.3)

              5          A 489          A 511             23        900.608         (-9.99, 10.035, -34.3)         (-28.068, 0.382199, -23.6007)
                                                                                    (-1.574, -6.832, -6.27)

              6          A 511          A 522             12          453.2         (-1.574, -6.832, -6.27)
                                                                                    (-7.611, 13.571, -25.564)

              7          A 522          A 544             23        925.814         (-7.611, 13.571, -25.564)         (6.27461, -10.0233, -10.5346)
                                                                                    (17.797, -13.398, -20.912)

              8          A 544          A 549              3        96.5103         (17.797, -13.398, -20.912)
                                                                                    (15.386, -20.935, -8.486)

              9          A 549          A 570             22        821.066         (15.386, -20.935, -8.486)
                                                                                    (-14.761, -10.972, -11.005)

             10          A 570          A 586             17        665.431         (-14.761, -10.972, -11.005)         (-1.06947, -19.5935, -34.2708)
                                                                                    (10.874, -5.189, -9.474)

             11          A 586          A 587              2        49.2737         (10.874, -5.189, -9.474)
                                                                                    (11.488, -8.782, -10.598)

             12          A 587          A 596             10        376.504         (11.488, -8.782, -10.598)
                                                                                    (-8.44, -5.059, -21.282)

             13          A 596          A 615              2        49.2737         (-8.44, -5.059, -21.282)
                                                                                    (-1.047, -13.702, -33.124)

             14          A 615          A 626             12        476.897         (-1.047, -13.702, -33.124)         (-3.89512, -27.401, -19.8219)
                                                                                    (-11.009, -24.671, -34.049)

             15          A 626          A 631              2        49.2737         (-11.009, -24.671, -34.049)
                                                                                    (-18.563, -20.28, -26.081)

             16          A 631          A 651             21        811.837         (-18.563, -20.28, -26.081)         (-2.98446, -20.0502, -14.8033)
                                                                                    (10.836, -26.27, -18.797)

             17          A 651          A 672             22        871.979         (10.836, -26.27, -18.797)         (5.22397, -20.1938, -47.7323)
                                                                                    (-5.766, -33.198, -30.666)

             18          A 672          A 700             29        1147.35         (-5.766, -33.198, -30.666)         (25.1435, -29.3597, 2.5833)
                                                                                    (-10.886, -31.618, -23.143)

             19          A 700          A 720             21        820.799         (-10.886, -31.618, -23.143)         (-11.9394, -18.816, -3.6922)
                                                                                    (7.333, -26.651, 1.776)

