Using structure file: /home/pkas7/Research/SCOP/pdbstyle-1.75B/pd/d3pdxa_.ent
Number of residues: 378
Doing a BEZIER segmentation ...

Bounding box volume: 139591
Null Model Fit: 17714.6 bits.
Bits per residue: 46.9882

Bezier model fit: 15616.3 bits.
Bits per residue: 41.4226

# of segments: 23
Internal segmentation:
0-->14-->40-->66-->79-->103-->105-->128-->143-->157-->176-->193-->218-->232-->251-->271-->296-->306-->325-->346-->347-->358-->376-->377

CPU time used: 23.74 secs.
Wall clock time elapsed: 24 secs.

        SEGMENT          START            END   NUM_RESIDUES MESSAGE_LENGTH                    END_POINTS        INTERMEDIATE_CONTROL_POINTS
              1           A 64           A 78             15         586.79         (-19.19, 21.11, -20.601)         (-40.1087, 29.4387, -37.7812)
                                                                                    (-26.904, 8.117, -20.334)

              2           A 78          A 104             27        1073.64         (-26.904, 8.117, -20.334)         (-51.9929, -4.90123, -16.8599)
                                                                                    (-41.928, -5.334, 8.748)

              3          A 104          A 130             27        1086.24         (-41.928, -5.334, 8.748)         (-7.99693, -10.7049, 11.927)
                                                                                    (-24.063, -27.765, -15.638)         (-48.6475, -16.0228, -4.97003)

              4          A 130          A 143             14        552.463         (-24.063, -27.765, -15.638)         (-25.2761, -21.8771, 7.91701)
                                                                                    (-24.908, -3.742, -6.783)

              5          A 143          A 167             25        998.404         (-24.908, -3.742, -6.783)         (6.20636, -14.9766, 4.41178)
                                                                                    (-13.662, -1.403, -25.227)

              6          A 167          A 169              3        98.0135         (-13.662, -1.403, -25.227)
                                                                                    (-16.922, -0.549, -18.733)

              7          A 169          A 192             24        950.262         (-16.922, -0.549, -18.733)         (5.60231, 2.26469, 2.95862)
                                                                                    (-16.744, -9.779, -36.026)

              8          A 192          A 207             16        618.743         (-16.744, -9.779, -36.026)
                                                                                    (3.176, -14.092, -13.206)

              9          A 207          A 221             15        588.337         (3.176, -14.092, -13.206)         (-22.1783, -11.785, -14.6815)
                                                                                    (-20.545, -2.945, -27.388)

             10          A 221          A 240             20        789.838         (-20.545, -2.945, -27.388)         (-22.283, -29.7673, -28.8954)
                                                                                    (-3.104, -20.367, -18.324)

             11          A 240          A 257             18         698.26         (-3.104, -20.367, -18.324)         (-29.2952, -3.12428, -5.673)
                                                                                    (-32.165, -14.69, -32.697)

             12          A 257          A 283             26        1046.04         (-32.165, -14.69, -32.697)         (-2.15338, -32.4633, -2.50704)
                                                                                    (-34.836, -1.523, -14.358)

             13          A 283          A 297             15        584.584         (-34.836, -1.523, -14.358)         (-27.5444, 0.578274, 1.15312)
                                                                                    (-15.52, -26.268, -10.568)

             14          A 297          A 316             20        780.801         (-15.52, -26.268, -10.568)         (-7.49954, -20.9158, 6.23503)
                                                                                    (-19.831, -2.207, 4.144)

             15          A 316          A 336             21        824.904         (-19.831, -2.207, 4.144)         (-44.1897, -11.1884, 4.2996)
                                                                                    (-42.564, -12.969, -18.577)

             16          A 336          A 361             26        970.755         (-42.564, -12.969, -18.577)         (-37.9341, -1.08757, -30.6984)
                                                                                    (-22.354, 8.122, -44.729)

             17          A 361          A 371             11        428.566         (-22.354, 8.122, -44.729)
                                                                                    (-28.05, -5.213, -23.46)

             18          A 371          A 390             20        791.368         (-28.05, -5.213, -23.46)         (-6.72076, 16.818, -55.0992)
                                                                                    (-13.981, 13.463, -28.414)

             19          A 390          A 411             22        867.183         (-13.981, 13.463, -28.414)         (-36.3964, 26.0408, -33.2235)
                                                                                    (-10.521, 3.054, -23.768)

             20          A 411          A 412              2        50.0253         (-10.521, 3.054, -23.768)
                                                                                    (-11.383, 2.819, -27.479)

             21          A 412          A 423             12        459.778         (-11.383, 2.819, -27.479)
                                                                                    (-38.096, 6.565, -27.036)

             22          A 423          A 441             19          721.3         (-38.096, 6.565, -27.036)
                                                                                    (-18.59, 17.168, -42.108)

             23          A 441          A 442              2        50.0253         (-18.59, 17.168, -42.108)
                                                                                    (-17.709, 13.866, -43.712)

