Using structure file: /home/pkas7/Research/SCOP/pdbstyle-1.75B/q8/d3q80a_.ent
Number of residues: 218
Doing a BEZIER segmentation ...

Bounding box volume: 73168.1
Null Model Fit: 9994.21 bits.
Bits per residue: 46.0563

Bezier model fit: 9010.94 bits.
Bits per residue: 41.5251

# of segments: 18
Internal segmentation:
0-->13-->25-->44-->54-->67-->76-->89-->91-->98-->119-->131-->139-->155-->179-->187-->203-->204-->217

CPU time used: 13.19 secs.
Wall clock time elapsed: 13 secs.

        SEGMENT          START            END   NUM_RESIDUES MESSAGE_LENGTH                    END_POINTS        INTERMEDIATE_CONTROL_POINTS
              1            A 6           A 19             14        529.586         (2.974, -50.886, 17.238)         (16.4572, -32.7243, 22.1952)
                                                                                    (17.665, -16.174, 22.734)

              2           A 19           A 31             13        515.022         (17.665, -16.174, 22.734)
                                                                                    (14.051, -24.604, 35.711)

              3           A 31           A 50             20        774.946         (14.051, -24.604, 35.711)
                                                                                    (1.096, -44.312, 24.878)

              4           A 50           A 60             11         408.61         (1.096, -44.312, 24.878)
                                                                                    (25.676, -30.277, 21.623)

              5           A 60           A 73             14        551.979         (25.676, -30.277, 21.623)         (24.9943, -34.2224, 37.5123)
                                                                                    (13.592, -41.662, 30.654)

              6           A 73           A 82             10        374.338         (13.592, -41.662, 30.654)         (27.5822, -36.6754, 18.3986)
                                                                                    (17.373, -24.968, 13.394)

              7           A 82           A 95             14         532.18         (17.373, -24.968, 13.394)
                                                                                    (17.949, -46.375, 12.02)

              8           A 95          A 100              3        96.1496         (17.949, -46.375, 12.02)
                                                                                    (8.519, -47.942, 15.352)

              9          A 100          A 107              8        291.982         (8.519, -47.942, 15.352)
                                                                                    (8.453, -29.271, 21.649)

             10          A 107          A 128             22        862.957         (8.453, -29.271, 21.649)         (-5.58888, -34.8723, 35.1449)
                                                                                    (-5.851, -44.576, 10.488)

             11          A 128          A 140             13        497.929         (-5.851, -44.576, 10.488)
                                                                                    (-6.219, -12.605, 17.853)

             12          A 140          A 148              9        334.181         (-6.219, -12.605, 17.853)         (-1.0594, -12.4198, 2.54461)
                                                                                    (7.815, -2.479, 5.797)

             13          A 148          A 164             17         655.35         (7.815, -2.479, 5.797)         (-22.2591, -13.3318, 2.49678)
                                                                                    (0.529, -27.257, 18.747)

             14          A 164          A 193             25        1007.16         (0.529, -27.257, 18.747)         (3.55941, -66.8892, 7.69885)
                                                                                    (6.965, -31.097, 10.944)         (25.1006, -12.9637, -6.58015)

             15          A 193          A 201              9         343.91         (6.965, -31.097, 10.944)
                                                                                    (1.688, -34.104, -0.859)

             16          A 201          A 217             17        653.437         (1.688, -34.104, -0.859)         (-16.6547, -33.8134, 30.6935)
                                                                                    (7.904, -18.573, 24.259)

             17          A 217          A 218              2        49.0933         (7.904, -18.573, 24.259)
                                                                                    (8.069, -15.235, 26.085)

             18          A 218          A 231             14        532.135         (8.069, -15.235, 26.085)
                                                                                    (-1.877, -23.825, 41.5)

