Using structure file: /home/pkas7/Research/SCOP/pdbstyle-1.75B/qj/d3qjga_.ent
Number of residues: 171
Doing a BEZIER segmentation ...

Bounding box volume: 41551.5
Null Model Fit: 7690.79 bits.
Bits per residue: 45.24

Bezier model fit: 7019.93 bits.
Bits per residue: 41.2937

# of segments: 13
Internal segmentation:
0-->9-->27-->36-->50-->73-->91-->106-->115-->135-->151-->152-->162-->170

CPU time used: 9.7 secs.
Wall clock time elapsed: 9 secs.

        SEGMENT          START            END   NUM_RESIDUES MESSAGE_LENGTH                    END_POINTS        INTERMEDIATE_CONTROL_POINTS
              1            A 2           A 11             10        353.446         (42.898, 115.675, 84.291)         (32.3132, 115.239, 74.1076)
                                                                                    (24.621, 120.863, 61.604)

              2           A 11           A 29             19        742.979         (24.621, 120.863, 61.604)         (38.8575, 136.556, 70.4675)
                                                                                    (39.9, 120.145, 81.039)

              3           A 29           A 38             10        366.108         (39.9, 120.145, 81.039)
                                                                                    (27.559, 113.706, 59.388)

              4           A 38           A 52             15        584.177         (27.559, 113.706, 59.388)         (37.0121, 125.43, 54.5854)
                                                                                    (42.706, 124.118, 68.961)

              5           A 52           A 75             24        954.654         (42.706, 124.118, 68.961)         (32.9019, 90.7753, 52.8474)
                                                                                    (34.387, 112.45, 81.788)

              6           A 75           A 93             19        743.509         (34.387, 112.45, 81.788)         (13.3289, 128.617, 59.4435)
                                                                                    (18.18, 105.6, 70.71)

              7           A 93          A 108             16        636.074         (18.18, 105.6, 70.71)         (33.0861, 107.979, 58.7586)
                                                                                    (25.171, 109.724, 82.516)

              8          A 108          A 117             10        369.768         (25.171, 109.724, 82.516)         (27.2904, 122.146, 75.8804)
                                                                                    (14.683, 127.919, 65.382)

              9          A 117          A 137             21        813.332         (14.683, 127.919, 65.382)         (1.46167, 114.695, 71.8829)
                                                                                    (19.367, 111.677, 83.354)

             10          A 137          A 153             17        650.268         (19.367, 111.677, 83.354)         (18.0045, 142.271, 76.18)
                                                                                    (17.677, 135.724, 55.219)

             11          A 153          A 154              2         48.277         (17.677, 135.724, 55.219)
                                                                                    (17.548, 139.495, 55.981)

             12          A 154          A 164             11        414.743         (17.548, 139.495, 55.981)         (8.7086, 126.964, 71.01)
                                                                                    (28.529, 131.759, 75.92)

             13          A 164          A 172              9        342.592         (28.529, 131.759, 75.92)
                                                                                    (29.314, 120.881, 83.141)

