Using structure file: /home/pkas7/Research/SCOP/pdbstyle-1.75B/qn/d3qnma_.ent
Number of residues: 231
Doing a BEZIER segmentation ...

Bounding box volume: 82617
Null Model Fit: 10633.2 bits.
Bits per residue: 46.2315

Bezier model fit: 9526.65 bits.
Bits per residue: 41.4202

# of segments: 13
Internal segmentation:
0-->12-->32-->61-->81-->108-->129-->155-->177-->185-->197-->206-->221-->230

CPU time used: 13.56 secs.
Wall clock time elapsed: 13 secs.

        SEGMENT          START            END   NUM_RESIDUES MESSAGE_LENGTH                    END_POINTS        INTERMEDIATE_CONTROL_POINTS
              1            A 1           A 13             13        511.734         (55.545, 40.76, 91.164)         (42.364, 25.4586, 82.408)
                                                                                    (37.439, 36.548, 77.92)

              2           A 13           A 33             21         800.61         (37.439, 36.548, 77.92)
                                                                                    (17.507, 27.349, 54.293)

              3           A 33           A 62             30        1185.61         (17.507, 27.349, 54.293)         (12.3644, 39.6317, 73.2605)
                                                                                    (26.365, 15.796, 85.66)

              4           A 62           A 82             21        830.625         (26.365, 15.796, 85.66)         (26.1885, 19.3429, 66.8583)
                                                                                    (7.472, 21.343, 64.681)

              5           A 82          A 109             28        1093.11         (7.472, 21.343, 64.681)         (33.955, 9.23731, 55.1396)
                                                                                    (42.959, 44.251, 72.607)

              6          A 109          A 130             22        879.214         (42.959, 44.251, 72.607)         (65.8287, 40.1894, 87.8807)
                                                                                    (35.568, 21.128, 74.22)

              7          A 130          A 156             27        1075.37         (35.568, 21.128, 74.22)         (56.4409, 42.47, 61.321)
                                                                                    (39.48, 15.979, 85.188)

              8          A 156          A 178             23        924.756         (39.48, 15.979, 85.188)         (19.5154, 35.7256, 98.4995)
                                                                                    (48.823, 32.874, 96.503)         (63.4239, 8.97476, 79.7762)

              9          A 178          A 186              9        337.339         (48.823, 32.874, 96.503)
                                                                                    (31.687, 34.513, 84.02)

             10          A 186          A 198             13         493.88         (31.687, 34.513, 84.02)
                                                                                    (40.794, 31.457, 97.865)

             11          A 198          A 207             10         373.53         (40.794, 31.457, 97.865)         (43.0363, 42.908, 84.6518)
                                                                                    (27.55, 41.797, 80.953)

             12          A 207          A 222             16        638.085         (27.55, 41.797, 80.953)         (30.8842, 39.6443, 109.668)
                                                                                    (38.735, 46.139, 79.328)

             13          A 222          A 231             10        382.796         (38.735, 46.139, 79.328)
                                                                                    (52.584, 46.127, 84.946)

