Using structure file: /home/pkas7/Research/SCOP/pdbstyle-1.75B/qr/d3qraa_.ent
Number of residues: 152
Doing a BEZIER segmentation ...

Bounding box volume: 46331.3
Null Model Fit: 6854.96 bits.
Bits per residue: 45.3971

Bezier model fit: 6020.87 bits.
Bits per residue: 39.8733

# of segments: 16
Internal segmentation:
0-->2-->18-->19-->38-->40-->58-->59-->72-->80-->89-->99-->100-->120-->121-->137-->151

CPU time used: 8.94 secs.
Wall clock time elapsed: 8 secs.

        SEGMENT          START            END   NUM_RESIDUES MESSAGE_LENGTH                    END_POINTS        INTERMEDIATE_CONTROL_POINTS
              1           A 26           A 28              3        94.8312         (3.756, -2.99, 18.223)
                                                                                    (6.014, -4.459, 24.023)

              2           A 28           A 44             17        614.689         (6.014, -4.459, 24.023)         (24.6842, 20.6971, 16.6008)
                                                                                    (0.46, 40.693, 27.647)

              3           A 44           A 45              2        48.4341         (0.46, 40.693, 27.647)
                                                                                    (2.021, 44.141, 27.443)

              4           A 45           A 64             20         758.91         (2.021, 44.141, 27.443)         (28.5164, 23.0758, 22.3987)
                                                                                    (-0.541, -3.453, 22.805)

              5           A 64           A 66              3        94.8312         (-0.541, -3.453, 22.805)
                                                                                    (-2.776, 0.167, 19.267)

              6           A 66           A 84             19        711.693         (-2.776, 0.167, 19.267)         (14.905, 21.6112, 38.7815)
                                                                                    (27.98, 44.027, 21.194)

              7           A 84           A 89              2        48.4341         (27.98, 44.027, 21.194)
                                                                                    (21.913, 48.005, 32.156)

              8           A 89          A 102             14        496.083         (21.913, 48.005, 32.156)         (15.6924, 25.6669, 34.1618)
                                                                                    (-0.158, 10.636, 28.278)

              9          A 102          A 110              9        346.911         (-0.158, 10.636, 28.278)         (-5.90677, 0.681753, 14.0243)
                                                                                    (3.771, 4.696, 10.186)

             10          A 110          A 119             10        351.618         (3.771, 4.696, 10.186)         (-5.98276, 12.3376, 23.1251)
                                                                                    (3.751, 20.242, 34.83)

             11          A 119          A 130             11        383.935         (3.751, 20.242, 34.83)         (12.7767, 34.3063, 34.4418)
                                                                                    (24.412, 47.245, 38.56)

             12          A 130          A 131              2        48.4341         (24.412, 47.245, 38.56)
                                                                                    (24.565, 44.957, 41.557)

             13          A 131          A 151             21        774.295         (24.565, 44.957, 41.557)         (-13.0443, 22.356, 40.1159)
                                                                                    (9.693, 5.645, 8.397)

             14          A 151          A 152              2        48.4341         (9.693, 5.645, 8.397)
                                                                                    (11.238, 2.269, 9.241)

             15          A 152          A 168             17        646.536         (11.238, 2.269, 9.241)
                                                                                    (0.512, 35.993, 33.246)

             16          A 168          A 182             15          552.8         (0.512, 35.993, 33.246)         (13.8068, 23.1076, 12.1701)
                                                                                    (12.998, -1.671, 19.728)

