Using structure file: /home/pkas7/Research/SCOP/pdbstyle-1.75B/r0/d3r0sa_.ent
Number of residues: 252
Doing a BEZIER segmentation ...

Bounding box volume: 103672
Null Model Fit: 11686.3 bits.
Bits per residue: 46.559

Bezier model fit: 10453.3 bits.
Bits per residue: 41.6467

# of segments: 22
Internal segmentation:
0-->10-->21-->34-->46-->56-->70-->72-->85-->93-->104-->116-->127-->140-->152-->164-->174-->180-->197-->215-->216-->244-->251

CPU time used: 16.06 secs.
Wall clock time elapsed: 16 secs.

        SEGMENT          START            END   NUM_RESIDUES MESSAGE_LENGTH                    END_POINTS        INTERMEDIATE_CONTROL_POINTS
              1            A 3           A 13             11        430.627         (-2.275, 16.209, 62.133)         (1.2971, -1.77639, 62.7296)
                                                                                    (15.893, 13.566, 61.287)

              2           A 13           A 24             12        460.735         (15.893, 13.566, 61.287)         (-0.113458, 32.3304, 55.6779)
                                                                                    (-1.796, 6.627, 58.941)

              3           A 24           A 37             14        542.412         (-1.796, 6.627, 58.941)         (27.2822, 9.73479, 53.866)
                                                                                    (1.002, 22.704, 54.095)

              4           A 37           A 49             13        496.924         (1.002, 22.704, 54.095)         (-5.52246, -3.49864, 52.0611)
                                                                                    (17.259, 12.635, 50.589)

              5           A 49           A 59             11        421.614         (17.259, 12.635, 50.589)         (1.98182, 31.1917, 48.3613)
                                                                                    (-1.773, 10.396, 47.564)

              6           A 59           A 73             15        586.289         (-1.773, 10.396, 47.564)
                                                                                    (23.852, -0.147, 41.931)

              7           A 73           A 79              3        97.1551         (23.852, -0.147, 41.931)
                                                                                    (20.779, 10.528, 46.597)

              8           A 79           A 92             14        531.907         (20.779, 10.528, 46.597)         (-2.24817, 32.9076, 42.4806)
                                                                                    (0.954, 4.203, 43.36)

              9           A 92          A 100              9        330.613         (0.954, 4.203, 43.36)         (11.8771, 9.47893, 41.5247)
                                                                                    (26.148, 9.226, 40.247)

             10          A 100          A 111             12         457.62         (26.148, 9.226, 40.247)
                                                                                    (2.765, 22.542, 39.678)

             11          A 111          A 123             13        496.858         (2.765, 22.542, 39.678)         (-6.68501, -2.83939, 36.959)
                                                                                    (17.861, 11.287, 37.028)

             12          A 123          A 134             12        458.735         (17.861, 11.287, 37.028)         (4.10053, 32.3269, 32.8387)
                                                                                    (-2.199, 7.341, 34.153)

             13          A 134          A 147             14        538.108         (-2.199, 7.341, 34.153)         (27.679, 5.06111, 30.3419)
                                                                                    (3.861, 22.604, 30.32)

             14          A 147          A 159             13        497.978         (3.861, 22.604, 30.32)         (-6.74219, -3.00913, 26.7376)
                                                                                    (17.714, 10.263, 27.57)

             15          A 159          A 171             13        497.261         (17.714, 10.263, 27.57)         (3.36131, 32.8348, 23.5793)
                                                                                    (-1.117, 4.91, 23.94)

             16          A 171          A 181             11        410.181         (-1.117, 4.91, 23.94)         (22.6675, 8.46131, 18.9374)
                                                                                    (5.076, 23.104, 21.246)

             17          A 181          A 187              7        259.929         (5.076, 23.104, 21.246)         (0.0964004, 13.8269, 17.4924)
                                                                                    (4.856, 3.954, 18.117)

             18          A 187          A 204             18        713.882         (4.856, 3.954, 18.117)
                                                                                    (-2.626, 34.963, 21.757)

             19          A 204          A 222             19        724.288         (-2.626, 34.963, 21.757)
                                                                                    (13.88, 20.127, 3.833)

             20          A 222          A 223              2        49.5961         (13.88, 20.127, 3.833)
                                                                                    (16.713, 19.868, 6.312)

             21          A 223          A 251             29        1153.08         (16.713, 19.868, 6.312)         (7.21606, 49.2334, 19.4494)
                                                                                    (21.11, 14.829, 20.702)

             22          A 251          A 258              8        297.523         (21.11, 14.829, 20.702)
                                                                                    (5.056, 11.133, 6.609)

