Using structure file: /home/pkas7/Research/SCOP/pdbstyle-1.75B/r0/d3r04a_.ent
Number of residues: 271
Doing a BEZIER segmentation ...

Bounding box volume: 86912.5
Null Model Fit: 12502.2 bits.
Bits per residue: 46.3046

Bezier model fit: 11218.9 bits.
Bits per residue: 41.5515

# of segments: 18
Internal segmentation:
0-->2-->13-->26-->47-->67-->79-->90-->105-->127-->143-->156-->164-->174-->185-->203-->223-->241-->270

CPU time used: 16.79 secs.
Wall clock time elapsed: 16 secs.

        SEGMENT          START            END   NUM_RESIDUES MESSAGE_LENGTH                    END_POINTS        INTERMEDIATE_CONTROL_POINTS
              1           A 35           A 37              3        96.6463         (7.682, -42.211, -9.429)
                                                                                    (11.212, -44.994, -11.916)

              2           A 37           A 48             12         450.88         (11.212, -44.994, -11.916)         (16.4109, -48.2503, 11.6317)
                                                                                    (16.977, -24.571, 4.005)

              3           A 48           A 61             14        546.766         (16.977, -24.571, 4.005)
                                                                                    (19.299, -50.648, -8.866)

              4           A 61           A 82             22         874.61         (19.299, -50.648, -8.866)         (9.70526, -10.0439, 9.46423)
                                                                                    (14.756, -24.609, -24.784)

              5           A 82          A 102             21        837.661         (14.756, -24.609, -24.784)         (10.3921, -16.0255, 6.0821)
                                                                                    (34.472, -34.403, -7.158)         (32.5303, -36.5418, -29.7308)

              6          A 102          A 114             13        493.115         (34.472, -34.403, -7.158)         (14.016, -39.2405, -18.7449)
                                                                                    (4.472, -27.071, -6.026)

              7          A 114          A 125             12        436.621         (4.472, -27.071, -6.026)         (22.5702, -37.0341, -14.3667)
                                                                                    (28.776, -45.843, 2.121)

              8          A 125          A 140             16        648.091         (28.776, -45.843, 2.121)         (27.3753, -28.2362, 18.2119)
                                                                                    (45.629, -35.336, 11.304)

              9          A 140          A 162             23        862.924         (45.629, -35.336, 11.304)
                                                                                    (31.16, -21.107, -14.969)

             10          A 162          A 178             17        669.945         (31.16, -21.107, -14.969)         (25.7327, -20.5131, 13.1665)
                                                                                    (35.474, -46.895, 0.62)

             11          A 178          A 191             14        545.201         (35.474, -46.895, 0.62)
                                                                                    (25.247, -18.555, -8.96)

             12          A 191          A 199              9        340.432         (25.247, -18.555, -8.96)         (38.9986, -10.0168, -18.1224)
                                                                                    (25.487, -7.9, -3.812)

             13          A 199          A 209             11        432.477         (25.487, -7.9, -3.812)         (21.9771, -27.2245, 9.96289)
                                                                                    (33.907, -12.954, 4.153)

             14          A 209          A 220             12        472.751         (33.907, -12.954, 4.153)         (25.4978, 2.35538, 7.48619)
                                                                                    (33.177, -14.727, -6.203)

             15          A 220          A 238             19        722.552         (33.177, -14.727, -6.203)
                                                                                    (37.759, -29.549, 14.705)

             16          A 238          A 258             21         834.92         (37.759, -29.549, 14.705)         (27.3203, 7.50718, 10.5452)
                                                                                    (48.505, -27.983, 17.48)

             17          A 258          A 276             19          754.2         (48.505, -27.983, 17.48)
                                                                                    (43.151, -9.136, -3.247)

             18          A 276          A 305             30        1199.12         (43.151, -9.136, -3.247)         (57.5619, -36.1252, -6.06172)
                                                                                    (39.266, -48.271, 6.64)

