Using structure file: /home/pkas7/Research/SCOP/pdbstyle-1.75B/r0/d3r03a_.ent
Number of residues: 131
Doing a BEZIER segmentation ...

Bounding box volume: 31639.6
Null Model Fit: 5830.08 bits.
Bits per residue: 44.8468

Bezier model fit: 5354.29 bits.
Bits per residue: 41.1868

# of segments: 9
Internal segmentation:
0-->13-->23-->28-->45-->63-->77-->92-->106-->130

CPU time used: 7.42 secs.
Wall clock time elapsed: 7 secs.

        SEGMENT          START            END   NUM_RESIDUES MESSAGE_LENGTH                    END_POINTS        INTERMEDIATE_CONTROL_POINTS
              1           A 21           A 34             14        510.643         (28.437, 24.185, 33.8)         (48.7549, 18.4091, 22.6877)
                                                                                    (54.495, 4.766, 11.36)

              2           A 34           A 44             11        405.002         (54.495, 4.766, 11.36)         (45.4965, 9.2982, 22.9396)
                                                                                    (44.64, 4.631, 40.195)

              3           A 44           A 49              6         225.21         (44.64, 4.631, 40.195)
                                                                                    (40.834, 4.945, 36.842)

              4           A 49           A 66             18        705.579         (40.834, 4.945, 36.842)         (48.1895, -2.32275, 12.6076)
                                                                                    (46.464, 25.111, 21.901)         (39.5436, 47.7126, 45.5437)

              5           A 66           A 84             19        751.264         (46.464, 25.111, 21.901)         (60.8037, 9.50663, 39.5966)
                                                                                    (51.074, 25.591, 14.938)

              6           A 84           A 98             15        568.635         (51.074, 25.591, 14.938)         (31.1981, 10.7963, 12.8134)
                                                                                    (28.378, 17.189, 37.631)

              7           A 98          A 113             16        604.453         (28.378, 17.189, 37.631)         (40.3674, 20.0047, 6.56213)
                                                                                    (61.725, 14.771, 22.539)

              8          A 113          A 127             15        588.198         (61.725, 14.771, 22.539)         (51.2794, 7.17257, 47.4184)
                                                                                    (47.945, 1.202, 15.568)

              9          A 127          A 151             25        995.303         (47.945, 1.202, 15.568)         (24.1896, 6.52834, 33.8454)
                                                                                    (44.689, 9.048, 9.586)

