Using structure file: /home/pkas7/Research/SCOP/pdbstyle-1.75B/r5/d3r5ga_.ent
Number of residues: 195
Doing a BEZIER segmentation ...

Bounding box volume: 67883.5
Null Model Fit: 8913.94 bits.
Bits per residue: 45.9481

Bezier model fit: 7936.96 bits.
Bits per residue: 40.9121

# of segments: 15
Internal segmentation:
0-->9-->24-->46-->55-->64-->69-->97-->102-->124-->133-->147-->163-->176-->178-->194

CPU time used: 12.12 secs.
Wall clock time elapsed: 12 secs.

        SEGMENT          START            END   NUM_RESIDUES MESSAGE_LENGTH                    END_POINTS        INTERMEDIATE_CONTROL_POINTS
              1          A 222          A 231             10        380.473         (8.196, -22.153, -6.443)         (-1.06488, -7.35983, 1.6914)
                                                                                    (16.674, -7.537, 9.03)

              2          A 231          A 246             16        624.813         (16.674, -7.537, 9.03)         (41.4504, 4.42698, 11.7246)
                                                                                    (46.242, -11.983, 12.318)

              3          A 246          A 268             23        861.295         (46.242, -11.983, 12.318)
                                                                                    (13.61, -15.989, 17.573)

              4          A 268          A 277             10        371.014         (13.61, -15.989, 17.573)         (15.066, -19.3167, 1.02216)
                                                                                    (31.476, -11.041, 5.681)

              5          A 277          A 286             10        367.875         (31.476, -11.041, 5.681)
                                                                                    (8.667, -17.249, 5.225)

              6          A 286          A 291              6        224.457         (8.667, -17.249, 5.225)
                                                                                    (1.226, -13.146, 11.042)

              7          A 291          A 319             29        1086.81         (1.226, -13.146, 11.042)         (18.2939, -4.03698, 21.3012)
                                                                                    (39.85, -10.125, 27.388)

              8          A 319          A 324              6        223.684         (39.85, -10.125, 27.388)
                                                                                    (39.188, -1.27, 19.351)

              9          A 324          A 346             23        886.962         (39.188, -1.27, 19.351)         (-10.592, -1.50753, 1.84581)
                                                                                    (25.351, -25.173, -9.83)

             10          A 346          A 355             10        376.825         (25.351, -25.173, -9.83)         (14.935, -20.2162, 2.15961)
                                                                                    (12.427, -2.83, -3.053)

             11          A 355          A 369             15        576.419         (12.427, -2.83, -3.053)
                                                                                    (26.722, 2.253, 15.715)

             12          A 369          A 385             17        667.443         (26.722, 2.253, 15.715)         (-0.770843, 1.32866, 3.07475)
                                                                                    (4.819, -3.674, 22.509)

             13          A 385          A 398             14        521.554         (4.819, -3.674, 22.509)         (17.4571, 19.5687, 16.1167)
                                                                                    (16.583, 4.461, -4.792)

             14          A 398          A 400              3        95.9333         (16.583, 4.461, -4.792)
                                                                                    (12.565, 9.589, -4.105)

             15          A 400          A 416             17        671.394         (12.565, 9.589, -4.105)         (11.7103, 7.06388, 29.532)
                                                                                    (13.828, -12.673, 25.409)

