Using structure file: /home/pkas7/Research/SCOP/pdbstyle-1.75B/ri/d3riya_.ent
Number of residues: 272
Doing a BEZIER segmentation ...

Bounding box volume: 99831.7
Null Model Fit: 12602.7 bits.
Bits per residue: 46.5046

Bezier model fit: 11332.5 bits.
Bits per residue: 41.8173

# of segments: 20
Internal segmentation:
0-->8-->20-->33-->55-->84-->101-->117-->127-->137-->152-->160-->179-->188-->197-->212-->224-->237-->249-->261-->271

CPU time used: 16.55 secs.
Wall clock time elapsed: 16 secs.

        SEGMENT          START            END   NUM_RESIDUES MESSAGE_LENGTH                    END_POINTS        INTERMEDIATE_CONTROL_POINTS
              1           A 31           A 39              9        349.518         (-41.003, -7.926, -25.399)         (-30.3833, -3.63478, -18.4833)
                                                                                    (-28.447, -1.018, -34.829)

              2           A 39           A 51             13        497.328         (-28.447, -1.018, -34.829)
                                                                                    (-25.25, 18.635, -29.315)

              3           A 51           A 64             14        539.342         (-25.25, 18.635, -29.315)         (-9.99683, 0.391322, -14.0333)
                                                                                    (-5.041, -1.672, -30.573)

              4           A 64           A 86             23        934.138         (-5.041, -1.672, -30.573)         (1.23569, -18.0702, -10.9105)
                                                                                    (-1.654, 0.625, -8.01)

              5           A 86          A 115             30           1192         (-1.654, 0.625, -8.01)         (7.61046, -1.91668, 14.2414)
                                                                                    (-4.911, 4, -33.017)         (18.0379, 4.03933, -26.747)

              6          A 115          A 132             18        684.837         (-4.911, 4, -33.017)
                                                                                    (-20.798, 24.39, -32.233)

              7          A 132          A 148             17        661.319         (-20.798, 24.39, -32.233)         (-6.57793, -1.63499, -9.30093)
                                                                                    (-1.464, 12.393, -28.634)

              8          A 148          A 158             11        423.246         (-1.464, 12.393, -28.634)         (-16.0865, 22.6975, -28.3413)
                                                                                    (-7.064, 8.76, -12.819)

              9          A 158          A 168             11        430.588         (-7.064, 8.76, -12.819)         (7.52237, 11.9779, -20.7801)
                                                                                    (6.196, 15.937, 0.92)

             10          A 168          A 183             16        627.635         (6.196, 15.937, 0.92)         (3.34192, 18.8211, -28.1952)
                                                                                    (18.534, 4.083, -10.228)

             11          A 183          A 191              9        344.429         (18.534, 4.083, -10.228)
                                                                                    (8.696, -11.32, -16.611)

             12          A 191          A 210             20        793.199         (8.696, -11.32, -16.611)         (20.1758, -3.4371, 1.24985)
                                                                                    (12.578, 24.842, -4.116)

             13          A 210          A 219             10         377.43         (12.578, 24.842, -4.116)         (15.0144, 8.1337, 2.00898)
                                                                                    (0.387, 11.313, -10.121)

             14          A 219          A 228             10        391.718         (0.387, 11.313, -10.121)         (-10.7603, -5.06433, -0.799874)
                                                                                    (-9.93, 14.661, -7.359)

             15          A 228          A 243             16        610.167         (-9.93, 14.661, -7.359)
                                                                                    (-27.494, 14.231, -24.887)

             16          A 243          A 255             13        503.096         (-27.494, 14.231, -24.887)         (-10.0346, -8.07525, -26.7979)
                                                                                    (-15.658, 2.599, -9.558)

             17          A 255          A 268             14        531.751         (-15.658, 2.599, -9.558)
                                                                                    (-33.19, 8.377, -20.501)

             18          A 268          A 280             13        508.778         (-33.19, 8.377, -20.501)         (-10.6395, -4.07406, -36.0965)
                                                                                    (-22.063, -5.935, -15.994)

             19          A 280          A 292             13        510.037         (-22.063, -5.935, -15.994)         (-37.5315, 3.16971, -26.0425)
                                                                                    (-12.652, -3.949, -31.482)

             20          A 292          A 302             11        421.949         (-12.652, -3.949, -31.482)
                                                                                    (-18.097, 8.968, -39.406)

