Using structure file: /home/pkas7/Research/SCOP/pdbstyle-1.75B/t6/d3t6ka_.ent
Number of residues: 122
Doing a BEZIER segmentation ...

Bounding box volume: 29458.1
Null Model Fit: 5413.99 bits.
Bits per residue: 44.7437

Bezier model fit: 5002.16 bits.
Bits per residue: 41.3401

# of segments: 10
Internal segmentation:
0-->9-->10-->25-->33-->44-->58-->59-->84-->107-->121

CPU time used: 6.6 secs.
Wall clock time elapsed: 6 secs.

        SEGMENT          START            END   NUM_RESIDUES MESSAGE_LENGTH                    END_POINTS        INTERMEDIATE_CONTROL_POINTS
              1            A 2           A 11             10        371.754         (18.826, 22.027, 74.077)
                                                                                    (33.791, 45.875, 73.505)

              2           A 11           A 12              2        47.7808         (33.791, 45.875, 73.505)
                                                                                    (34.853, 45.793, 77.213)

              3           A 12           A 27             16        601.434         (34.853, 45.793, 77.213)
                                                                                    (27.947, 24.686, 80.09)

              4           A 27           A 35              9        335.216         (27.947, 24.686, 80.09)         (33.0256, 32.7246, 69.4571)
                                                                                    (30.666, 45.687, 68.061)

              5           A 35           A 46             12        452.697         (30.666, 45.687, 68.061)
                                                                                    (26.094, 31.258, 62.315)

              6           A 46           A 60             15        590.967         (26.094, 31.258, 62.315)         (22.9133, 43.3056, 85.4034)
                                                                                    (25.725, 51.49, 66.625)

              7           A 60           A 61              2        47.7808         (25.725, 51.49, 66.625)
                                                                                    (24.544, 51.219, 70.254)

              8           A 61           A 86             26        1022.63         (24.544, 51.219, 70.254)         (4.85854, 26.0888, 50.1241)
                                                                                    (24.455, 49.992, 87.738)

              9           A 86          A 109             24        961.843         (24.455, 49.992, 87.738)         (2.94463, 50.6103, 63.5927)
                                                                                    (25.797, 38.884, 89.857)

             10          A 109          A 123             15         570.05         (25.797, 38.884, 89.857)
                                                                                    (10.383, 30.979, 77.081)

