Using structure file: /home/pkas7/Research/SCOP/pdbstyle-1.75B/u5/d3u5wa_.ent
Number of residues: 126
Doing a BEZIER segmentation ...

Bounding box volume: 45380.4
Null Model Fit: 5670.89 bits.
Bits per residue: 45.3671

Bezier model fit: 5118.68 bits.
Bits per residue: 40.9494

# of segments: 8
Internal segmentation:
0-->16-->27-->40-->59-->74-->90-->108-->125

CPU time used: 7.02 secs.
Wall clock time elapsed: 7 secs.

        SEGMENT          START            END   NUM_RESIDUES MESSAGE_LENGTH                    END_POINTS        INTERMEDIATE_CONTROL_POINTS
              1            A 2           A 18             17        671.448         (43.704, -0.855, -10.464)         (41.7029, -26.3642, 1.13278)
                                                                                    (45.99, -10.512, 10.757)

              2           A 18           A 29             12        448.164         (45.99, -10.512, 10.757)
                                                                                    (20.508, 2.686, 12.805)

              3           A 29           A 42             14        509.512         (20.508, 2.686, 12.805)         (49.1637, 1.24237, 20.8858)
                                                                                    (36.473, -23.567, 12.033)

              4           A 42           A 61             20        790.896         (36.473, -23.567, 12.033)         (33.4898, 2.93897, 36.0431)
                                                                                    (21.305, -6.174, 16.283)

              5           A 61           A 76             16        623.199         (21.305, -6.174, 16.283)         (48.5224, -4.64659, 5.59144)
                                                                                    (48.91, -0.352, -2.683)

              6           A 76           A 92             17        647.355         (48.91, -0.352, -2.683)         (20.5321, -10.8014, 9.01528)
                                                                                    (29.366, -23.749, 29.108)

              7           A 92          A 127             19        748.791         (29.366, -23.749, 29.108)         (61.6736, -22.0921, 7.58118)
                                                                                    (34.385, -10.724, 33.076)

              8          A 127          A 144             18        679.314         (34.385, -10.724, 33.076)         (20.507, -22.2417, 2.61148)
                                                                                    (48.483, -2.324, -7.106)

