Using structure file: /home/pkas7/Research/SCOP/pdbstyle-1.75B/u7/d3u7qb_.ent
Number of residues: 522
Doing a BEZIER segmentation ...

Bounding box volume: 269002
Null Model Fit: 24973.9 bits.
Bits per residue: 47.9346

Bezier model fit: 21567.6 bits.
Bits per residue: 41.3965

# of segments: 30
Internal segmentation:
0-->9-->29-->57-->81-->90-->106-->118-->139-->151-->171-->187-->209-->230-->252-->280-->295-->319-->335-->362-->370-->385-->397-->412-->436-->445-->467-->468-->484-->509-->521

CPU time used: 33.57 secs.
Wall clock time elapsed: 33 secs.

        SEGMENT          START            END   NUM_RESIDUES MESSAGE_LENGTH                    END_POINTS        INTERMEDIATE_CONTROL_POINTS
              1            B 2           B 11             10        389.769         (4.214, -20.767, 35.093)         (19.9599, -30.7747, 27.8873)
                                                                                    (10.875, -10.852, 36.32)

              2           B 11           B 31             21        826.172         (10.875, -10.852, 36.32)         (-4.55372, -14.7162, 25.4367)
                                                                                    (-8.341, -1.195, 42.925)

              3           B 31           B 59             29        1135.35         (-8.341, -1.195, 42.925)         (4.66984, 22.5864, 13.0813)
                                                                                    (11.638, 25.996, 41.977)

              4           B 59           B 83             25         985.59         (11.638, 25.996, 41.977)
                                                                                    (47.212, 3.096, 55.876)

              5           B 83           B 92             10         380.74         (47.212, 3.096, 55.876)
                                                                                    (23.739, 8, 63.672)

              6           B 92          B 108             17        658.645         (23.739, 8, 63.672)
                                                                                    (31.949, -3.86, 43.941)

              7          B 108          B 120             13        483.707         (31.949, -3.86, 43.941)         (39.1842, 1.33798, 65.3908)
                                                                                    (17.745, 9.737, 70.905)

              8          B 120          B 141             22        869.729         (17.745, 9.737, 70.905)         (35.0382, 15.6582, 78.6101)
                                                                                    (37.901, -5.178, 67.382)

              9          B 141          B 153             13        501.124         (37.901, -5.178, 67.382)         (52.3773, 7.71609, 60.3847)
                                                                                    (23.856, 15.66, 60.996)

             10          B 153          B 173             21         835.23         (23.856, 15.66, 60.996)         (34.6998, 23.4571, 73.1481)
                                                                                    (42.038, 5.846, 78.996)

             11          B 173          B 189             17        671.848         (42.038, 5.846, 78.996)         (53.4312, 9.41225, 64.3523)
                                                                                    (23.472, 20.549, 55.444)

             12          B 189          B 211             23        906.597         (23.472, 20.549, 55.444)         (41.5591, 12.0026, 47.1755)
                                                                                    (52.348, 21.175, 66.282)

             13          B 211          B 232             22        882.876         (52.348, 21.175, 66.282)         (74.8421, 24.2106, 45.6876)
                                                                                    (36.191, 7.166, 42.358)

             14          B 232          B 254             23        916.075         (36.191, 7.166, 42.358)         (68.5629, 7.34228, 27.1802)
                                                                                    (48.124, 11.941, 50.236)

             15          B 254          B 282             29        1163.78         (48.124, 11.941, 50.236)         (32.3799, -29.3501, 44.3641)
                                                                                    (54.22, 13.812, 59.123)

             16          B 282          B 297             16        642.459         (54.22, 13.812, 59.123)         (60.731, 23.1136, 39.7375)
                                                                                    (36.863, 21.17, 46.274)

             17          B 297          B 321             25         990.59         (36.863, 21.17, 46.274)         (61.8174, 35.228, 66.8283)
                                                                                    (42.455, 16.673, 28.434)

             18          B 321          B 337             17        654.971         (42.455, 16.673, 28.434)
                                                                                    (63.775, 19.815, 38.072)

             19          B 337          B 364             28        1092.23         (63.775, 19.815, 38.072)         (50.8431, -0.345319, 11.3331)
                                                                                    (29.896, 19.509, 16.405)

             20          B 364          B 372              9        332.663         (29.896, 19.509, 16.405)         (20.6511, 14.888, 27.6478)
                                                                                    (31.425, 17.351, 40.527)

             21          B 372          B 387             16        611.564         (31.425, 17.351, 40.527)
                                                                                    (35.567, 20.102, 18.555)

             22          B 387          B 399             13        516.855         (35.567, 20.102, 18.555)         (18.0447, 17.7454, 34.5109)
                                                                                    (29.436, 27.7, 43.091)

             23          B 399          B 414             16         610.01         (29.436, 27.7, 43.091)
                                                                                    (34.12, 28.832, 19.341)

             24          B 414          B 438             25        997.717         (34.12, 28.832, 19.341)         (12.13, 19.3297, 51.3687)
                                                                                    (17.973, 18.284, 22.639)

             25          B 438          B 447             10        394.916         (17.973, 18.284, 22.639)         (33.3673, 9.98468, 27.0191)
                                                                                    (20.899, 8.365, 37.402)

             26          B 447          B 469             23        899.821         (20.899, 8.365, 37.402)         (-2.45403, 9.7795, 10.2787)
                                                                                    (31.277, 8.725, 33.087)

             27          B 469          B 470              2        50.9717         (31.277, 8.725, 33.087)
                                                                                    (31.201, 9.936, 36.707)

             28          B 470          B 486             17        673.266         (31.201, 9.936, 36.707)         (23.8811, -12.6495, 39.2729)
                                                                                    (46.108, 12.464, 31.955)

             29          B 486          B 511             26        970.445         (46.108, 12.464, 31.955)         (32.9322, 7.24582, 21.1123)
                                                                                    (16.874, -0.815, 9.007)

             30          B 511          B 523             13        521.868         (16.874, -0.815, 9.007)
                                                                                    (33.843, 4.326, 9.46)

