Using structure file: /home/pkas7/Research/SCOP/pdbstyle-1.75B/u9/d3u9qa_.ent
Number of residues: 257
Doing a BEZIER segmentation ...

Bounding box volume: 89996.7
Null Model Fit: 11866.9 bits.
Bits per residue: 46.3549

Bezier model fit: 10419.6 bits.
Bits per residue: 40.7017

# of segments: 16
Internal segmentation:
0-->1-->30-->43-->54-->56-->84-->90-->112-->122-->138-->156-->181-->205-->210-->239-->256

CPU time used: 16.02 secs.
Wall clock time elapsed: 16 secs.

        SEGMENT          START            END   NUM_RESIDUES MESSAGE_LENGTH                    END_POINTS        INTERMEDIATE_CONTROL_POINTS
              1          A 208          A 209              2         49.392         (22.029, -3.064, -12.326)
                                                                                    (25.493, -2.87, -10.781)

              2          A 209          A 238             30        1170.52         (25.493, -2.87, -10.781)         (23.5137, 7.28019, 16.567)
                                                                                    (15.207, -20.83, 17.523)

              3          A 238          A 251             14        544.149         (15.207, -20.83, 17.523)         (31.7699, -16.0347, 26.119)
                                                                                    (1.955, -14.752, 33.442)

              4          A 251          A 262             12        466.784         (1.955, -14.752, 33.442)         (9.54573, -12.6966, 42.2387)
                                                                                    (14.536, -4.245, 31.661)

              5          A 262          A 276              3        96.7469         (14.536, -4.245, 31.661)
                                                                                    (-1.331, -1.475, 37.282)

              6          A 276          A 304             29        1073.03         (-1.331, -1.475, 37.282)         (13.3212, 3.72864, 23.4417)
                                                                                    (21.327, 8.546, -0.38)

              7          A 304          A 310              7        266.071         (21.327, 8.546, -0.38)
                                                                                    (14.075, 19.995, 2.611)

              8          A 310          A 332             23        875.822         (14.075, 19.995, 2.611)         (0.572531, 8.90534, 13.0041)
                                                                                    (11.662, -9.861, 13.052)

              9          A 332          A 342             11        425.467         (11.662, -9.861, 13.052)         (-2.21224, -22.7904, 19.2309)
                                                                                    (14.828, -5.79, 25.9)

             10          A 342          A 358             17        676.197         (14.828, -5.79, 25.9)         (5.46245, -22.556, 25.0227)
                                                                                    (-9.078, -3.733, 27.414)

             11          A 358          A 376             19        719.954         (-9.078, -3.733, 27.414)
                                                                                    (6.206, -16.462, 5.956)

             12          A 376          A 401             26        1036.82         (6.206, -16.462, 5.956)         (36.5159, -3.43389, 1.86563)
                                                                                    (6.545, 20.468, 0.159)         (-6.7707, 3.86593, 2.99306)

             13          A 401          A 425             25        958.292         (6.545, 20.468, 0.159)         (18.2492, 1.14932, -12.0789)
                                                                                    (14.414, -15.167, -3.863)

             14          A 425          A 430              6        226.223         (14.414, -15.167, -3.863)
                                                                                    (5.559, -12.389, -7.231)

             15          A 430          A 459             30        1124.48         (5.559, -12.389, -7.231)         (-0.947508, 4.35486, 7.77128)
                                                                                    (-10.622, 6.875, 29.024)

             16          A 459          A 476             18        709.699         (-10.622, 6.875, 29.024)         (16.1346, 14.1681, 27.81)
                                                                                    (-1.465, 12.728, 12.333)

