Using structure file: /home/pkas7/Research/SCOP/pdbstyle-1.75B/f1/d4f1va_.ent
Number of residues: 372
Doing a BEZIER segmentation ...

Bounding box volume: 130743
Null Model Fit: 17397.6 bits.
Bits per residue: 46.8937

Bezier model fit: 15489.5 bits.
Bits per residue: 41.7507

# of segments: 24
Internal segmentation:
0-->17-->23-->31-->49-->62-->80-->100-->118-->143-->161-->170-->189-->201-->214-->233-->242-->262-->277-->286-->304-->320-->339-->364-->371

CPU time used: 23.14 secs.
Wall clock time elapsed: 23 secs.

        SEGMENT          START            END   NUM_RESIDUES MESSAGE_LENGTH                    END_POINTS        INTERMEDIATE_CONTROL_POINTS
              1         A 1000         A 1017             18        699.069         (-17.512, -24.713, 18.506)         (-2.46947, 9.17449, 23.9988)
                                                                                    (-24.387, -7.101, 12.673)

              2         A 1017         A 1023              7        268.276         (-24.387, -7.101, 12.673)
                                                                                    (-19.627, -19.305, 13.037)

              3         A 1023         A 1031              9        339.302         (-19.627, -19.305, 13.037)         (-20.2347, -9.07455, 23.1337)
                                                                                    (-7.91, -4.236, 25.396)

              4         A 1031         A 1049             19        752.865         (-7.91, -4.236, 25.396)         (2.2103, -22.7908, 18.6676)
                                                                                    (-12.423, -13.946, 33.371)

              5         A 1049         A 1062             14        542.614         (-12.423, -13.946, 33.371)         (-14.0974, -33.1223, 19.3739)
                                                                                    (-3.984, -1.847, 17.79)

              6         A 1062         A 1080             19        746.873         (-3.984, -1.847, 17.79)         (18.0287, -15.9053, 22.7453)
                                                                                    (1.812, -27.704, 15.907)

              7         A 1080         A 1100             21         802.11         (1.812, -27.704, 15.907)         (-4.74477, 2.39739, -0.4306)
                                                                                    (-14.778, 21.691, 29.384)

              8         A 1100         A 1118             19        759.302         (-14.778, 21.691, 29.384)         (-3.5359, 28.2516, 10.0307)
                                                                                    (3.62, 15.935, 29.564)

              9         A 1118         A 1143             26        1048.72         (3.62, 15.935, 29.564)         (-15.8521, 49.6369, 28.6993)
                                                                                    (-3.989, -1.195, 31.048)

             10         A 1143         A 1161             19        741.468         (-3.989, -1.195, 31.048)         (-0.309896, 4.24585, 10.4015)
                                                                                    (10.732, 20.202, 23.474)

             11         A 1161         A 1170             10        385.871         (10.732, 20.202, 23.474)
                                                                                    (1.006, 0.3, 25.521)

             12         A 1170         A 1189             20        802.481         (1.006, 0.3, 25.521)         (12.0996, 25.0135, 44.1601)
                                                                                    (-11.16, 0.431, 28.36)

             13         A 1189         A 1201             13        500.272         (-11.16, 0.431, 28.36)
                                                                                    (-14.645, 19.095, 35.011)

             14         A 1201         A 1214             14        554.624         (-14.645, 19.095, 35.011)         (-1.44625, 3.16933, 15.4799)
                                                                                    (-21.706, 9.779, 20.325)

             15         A 1214         A 1233             20        800.581         (-21.706, 9.779, 20.325)
                                                                                    (2.169, 32.399, 13.603)

             16         A 1233         A 1242             10        374.584         (2.169, 32.399, 13.603)
                                                                                    (-13.074, 12.897, 11.347)

             17         A 1242         A 1262             21        818.464         (-13.074, 12.897, 11.347)         (2.7236, 8.72035, -5.48862)
                                                                                    (6.336, -14.23, 5.616)

             18         A 1262         A 1277             16        643.554         (6.336, -14.23, 5.616)         (-0.958734, 9.71197, 16.3379)
                                                                                    (12.988, 4.324, 6.957)

             19         A 1277         A 1286             10        380.859         (12.988, 4.324, 6.957)
                                                                                    (-5.276, 16.894, 7.177)

             20         A 1286         A 1304             19        746.069         (-5.276, 16.894, 7.177)         (1.34157, -11.3336, 19.7205)
                                                                                    (-12.053, -28.127, 8.832)

             21         A 1304         A 1320             17        651.183         (-12.053, -28.127, 8.832)
                                                                                    (-13.684, -6.272, -3.553)

             22         A 1320         A 1339             20         793.03         (-13.684, -6.272, -3.553)         (-25.7434, 9.58533, 22.7966)
                                                                                    (-4.877, -2.665, -3.749)

             23         A 1339         A 1364             26        1028.29         (-4.877, -2.665, -3.749)
                                                                                    (-1.576, -30.729, 6.484)

             24         A 1364         A 1371              8        309.045         (-1.576, -30.729, 6.484)
                                                                                    (-11.255, -29.086, 21.947)

