Using structure file: /home/pkas7/Research/SCOP/pdbstyle-1.75B/ru/d5ruba2.ent
Number of residues: 125
Doing a BEZIER segmentation ...

Bounding box volume: 41711.1
Null Model Fit: 5610.44 bits.
Bits per residue: 45.2455

Bezier model fit: 5150.04 bits.
Bits per residue: 41.5326

# of segments: 9
Internal segmentation:
0-->20-->33-->50-->53-->64-->74-->82-->111-->124

CPU time used: 6.62 secs.
Wall clock time elapsed: 6 secs.

        SEGMENT          START            END   NUM_RESIDUES MESSAGE_LENGTH                    END_POINTS        INTERMEDIATE_CONTROL_POINTS
              1            A 2           A 22             21        829.771         (41.236, -15.134, 2.529)         (22.374, -29.8587, 23.2333)
                                                                                    (42.706, -20.839, 26.024)

              2           A 22           A 35             14        524.213         (42.706, -20.839, 26.024)         (26.3394, -0.577275, 19.7613)
                                                                                    (27.751, -6.707, -1.629)

              3           A 35           A 52             18        716.448         (27.751, -6.707, -1.629)         (35.0186, -16.2808, 15.4394)
                                                                                    (48.735, -12.14, 7.968)

              4           A 52           A 66              4        141.023         (48.735, -12.14, 7.968)
                                                                                    (45.748, -22.843, 16.974)

              5           A 66           A 77             12        455.549         (45.748, -22.843, 16.974)
                                                                                    (20.276, -10.826, 10.612)

              6           A 77           A 87             11        402.024         (20.276, -10.826, 10.612)
                                                                                    (45.573, -16.382, 24.196)

              7           A 87           A 95              9         342.63         (45.573, -16.382, 24.196)
                                                                                    (60.123, -7.332, 32.31)

              8           A 95          A 124             30        1194.63         (60.123, -7.332, 32.31)         (36.862, -8.17142, 36.0399)
                                                                                    (30.012, -5.12, 22.599)         (42.5488, 3.66525, -18.2215)

              9          A 124          A 137             14         543.76         (30.012, -5.12, 22.599)         (46.2648, -26.7891, 33.648)
                                                                                    (47.483, -5.678, 37.066)

