Using structure file: /home/pkas7/Research/SCOP/pdbstyle-1.75B/ah/d7ahla_.ent
Number of residues: 293
Doing a BEZIER segmentation ...

Bounding box volume: 260544
Null Model Fit: 13983.4 bits.
Bits per residue: 47.8885

Bezier model fit: 11887.9 bits.
Bits per residue: 40.7122

# of segments: 23
Internal segmentation:
0-->1-->16-->30-->32-->45-->71-->92-->109-->127-->129-->150-->161-->177-->189-->200-->221-->236-->241-->261-->271-->272-->286-->292

CPU time used: 17.62 secs.
Wall clock time elapsed: 17 secs.

        SEGMENT          START            END   NUM_RESIDUES MESSAGE_LENGTH                    END_POINTS        INTERMEDIATE_CONTROL_POINTS
              1            A 1            A 2              2        50.9256         (51.168, 20.935, 60.26)
                                                                                    (52.778, 21.541, 63.644)

              2            A 2           A 17             16        643.776         (52.778, 21.541, 63.644)
                                                                                    (71.578, 16.713, 67.026)

              3           A 17           A 31             15        547.758         (71.578, 16.713, 67.026)         (81.111, 6.26449, 47.139)
                                                                                    (72.05, -3.867, 28.3)

              4           A 31           A 33              3        99.8141         (72.05, -3.867, 28.3)
                                                                                    (70.241, 1.316, 29.368)

              5           A 33           A 46             14        509.972         (70.241, 1.316, 29.368)         (73.3801, 9.00451, 49.6759)
                                                                                    (68.932, 8.857, 70.049)

              6           A 46           A 72             27        1050.26         (68.932, 8.857, 70.049)
                                                                                    (59.509, -3.181, 3.425)

              7           A 72           A 93             22        860.107         (59.509, -3.181, 3.425)         (54.3687, 11.6544, 29.7319)
                                                                                    (63.447, -12.81, 56.94)

              8           A 93          A 110             18        706.277         (63.447, -12.81, 56.94)         (61.6226, 10.2207, 56.2357)
                                                                                    (38.075, 18.585, 38.281)

              9          A 110          A 128             19        657.389         (38.075, 18.585, 38.281)         (9.15872, 36.0124, 32.8523)
                                                                                    (7.889, 49.123, -0.199)

             10          A 128          A 130              3        99.8141         (7.889, 49.123, -0.199)
                                                                                    (3.487, 48.737, 2.499)

             11          A 130          A 151             22        786.749         (3.487, 48.737, 2.499)         (10.1581, 24.857, 35.9906)
                                                                                    (49.634, 14.636, 32.564)

             12          A 151          A 162             12        453.939         (49.634, 14.636, 32.564)
                                                                                    (56.463, -3.618, 55.316)

             13          A 162          A 178             17        658.458         (56.463, -3.618, 55.316)
                                                                                    (47.849, 19.459, 17.943)

             14          A 178          A 190             13        513.818         (47.849, 19.459, 17.943)         (43.825, -0.71185, 32.5509)
                                                                                    (39.662, 3.898, 9.264)

             15          A 190          A 201             12         471.46         (39.662, 3.898, 9.264)         (56.3943, 9.18633, 25.7437)
                                                                                    (47.917, 8.962, 3.803)

             16          A 201          A 222             22        907.123         (47.917, 8.962, 3.803)         (70.8466, -3.48449, -0.722713)
                                                                                    (65.518, 10.451, 26.396)         (46.8441, 23.4954, 30.3246)

             17          A 222          A 237             16        590.444         (65.518, 10.451, 26.396)         (58.1977, 9.84809, 51.9009)
                                                                                    (68.047, -4.374, 69.873)

             18          A 237          A 242              6        232.149         (68.047, -4.374, 69.873)
                                                                                    (72.744, -6.382, 58.628)

             19          A 242          A 262             21        766.667         (72.744, -6.382, 58.628)         (58.0969, -0.398461, 28.7888)
                                                                                    (46.554, 0.956, 0.165)

             20          A 262          A 272             11        416.221         (46.554, 0.956, 0.165)
                                                                                    (53.222, -4.553, 27.498)

             21          A 272          A 273              2        50.9256         (53.222, -4.553, 27.498)
                                                                                    (54.96, -6.33, 24.639)

             22          A 273          A 287             15        549.848         (54.96, -6.33, 24.639)         (74.202, -6.39874, 41.2637)
                                                                                    (76.442, -0.837, 62.925)

             23          A 287          A 293              7        264.056         (76.442, -0.837, 62.925)
                                                                                    (76.74, -3.389, 46.515)

